<?xml version="1.0" encoding="UTF-8" ?>
<testsuite failures="1917" time="49.708" errors="0" skipped="0" tests="2004" name="net.bigpoint.assessment.gasstation.implementation.StationImplTest">
  <properties>
    <property name="java.runtime.name" value="Java(TM) SE Runtime Environment"/>
    <property name="sun.boot.library.path" value="C:\Program Files\Java\jdk1.7.0\jre\bin"/>
    <property name="java.vm.version" value="21.0-b17"/>
    <property name="java.vm.vendor" value="Oracle Corporation"/>
    <property name="java.vendor.url" value="http://java.oracle.com/"/>
    <property name="path.separator" value=";"/>
    <property name="guice.disable.misplaced.annotation.check" value="true"/>
    <property name="java.vm.name" value="Java HotSpot(TM) 64-Bit Server VM"/>
    <property name="file.encoding.pkg" value="sun.io"/>
    <property name="user.script" value=""/>
    <property name="user.country" value="US"/>
    <property name="sun.java.launcher" value="SUN_STANDARD"/>
    <property name="sun.os.patch.level" value="Service Pack 1"/>
    <property name="java.vm.specification.name" value="Java Virtual Machine Specification"/>
    <property name="user.dir" value="C:\Users\UdaySharma\workspace\gastation_implementation"/>
    <property name="java.runtime.version" value="1.7.0-b147"/>
    <property name="java.awt.graphicsenv" value="sun.awt.Win32GraphicsEnvironment"/>
    <property name="java.endorsed.dirs" value="C:\Program Files\Java\jdk1.7.0\jre\lib\endorsed"/>
    <property name="os.arch" value="amd64"/>
    <property name="java.io.tmpdir" value="C:\Users\UDAYSH~1\AppData\Local\Temp\"/>
    <property name="line.separator" value="
"/>
    <property name="java.vm.specification.vendor" value="Oracle Corporation"/>
    <property name="user.variant" value=""/>
    <property name="os.name" value="Windows 7"/>
    <property name="classworlds.conf" value="C:\Users\UdaySharma\workspace\.metadata\.plugins\org.eclipse.m2e.launching\launches\m2conf1414860946026019934.tmp"/>
    <property name="sun.jnu.encoding" value="Cp1252"/>
    <property name="java.library.path" value="C:\Program Files\Java\jdk1.7.0\jre\bin;C:\Windows\Sun\Java\bin;C:\Windows\system32;C:\Windows;C:\Program Files (x86)\iis express\PHP\v5.3;C:\Windows\system32;C:\Windows;C:\Windows\System32\Wbem;C:\Windows\System32\WindowsPowerShell\v1.0\;C:\Program Files\Java\jdk1.7.0\bin;C:\apache-tomcat-6.0.36\bin;C:\Program Files\TortoiseSVN\bin;C:\Program Files\Lenovo\Bluetooth Software\;C:\Program Files\Lenovo\Bluetooth Software\syswow64;C:\Program Files (x86)\Microsoft ASP.NET\ASP.NET Web Pages\v1.0\;C:\Program Files (x86)\Windows Kits\8.0\Windows Performance Toolkit\;C:\Program Files\Microsoft SQL Server\110\Tools\Binn\;c:\Program Files (x86)\Microsoft SQL Server\100\Tools\Binn\;c:\Program Files\Microsoft SQL Server\100\Tools\Binn\;c:\Program Files\Microsoft SQL Server\100\DTS\Binn\;C:\Program Files\Microsoft\Web Platform Installer\;C:\Windows\System32\WindowsPowerShell\v1.0\;C:\Program Files\nodejs\;C:\Program Files (x86)\QuickTime\QTSystem\;C:\Program Files (x86)\ATI Technologies\ATI.ACE\Core-Static;C:\Program Files (x86)\Common Files\Adobe\AGL;C:\Users\UdaySharma\AppData\Roaming\npm;."/>
    <property name="java.specification.name" value="Java Platform API Specification"/>
    <property name="java.class.version" value="51.0"/>
    <property name="sun.management.compiler" value="HotSpot 64-Bit Tiered Compilers"/>
    <property name="os.version" value="6.1"/>
    <property name="user.home" value="C:\Users\UdaySharma"/>
    <property name="user.timezone" value="Europe/Berlin"/>
    <property name="java.awt.printerjob" value="sun.awt.windows.WPrinterJob"/>
    <property name="java.specification.version" value="1.7"/>
    <property name="file.encoding" value="Cp1252"/>
    <property name="user.name" value="UdaySharma"/>
    <property name="java.class.path" value="/E:/eclipse-jee-juno-win32-x86_64/eclipse/configuration/org.eclipse.osgi/bundles/535/1/.cp/jars/plexus-classworlds-2.4.jar"/>
    <property name="java.vm.specification.version" value="1.7"/>
    <property name="sun.arch.data.model" value="64"/>
    <property name="java.home" value="C:\Program Files\Java\jdk1.7.0\jre"/>
    <property name="sun.java.command" value="org.codehaus.plexus.classworlds.launcher.Launcher -B test"/>
    <property name="java.specification.vendor" value="Oracle Corporation"/>
    <property name="user.language" value="en"/>
    <property name="awt.toolkit" value="sun.awt.windows.WToolkit"/>
    <property name="java.vm.info" value="mixed mode"/>
    <property name="java.version" value="1.7.0"/>
    <property name="java.ext.dirs" value="C:\Program Files\Java\jdk1.7.0\jre\lib\ext;C:\Windows\Sun\Java\lib\ext"/>
    <property name="sun.boot.class.path" value="C:\Program Files\Java\jdk1.7.0\jre\lib\resources.jar;C:\Program Files\Java\jdk1.7.0\jre\lib\rt.jar;C:\Program Files\Java\jdk1.7.0\jre\lib\sunrsasign.jar;C:\Program Files\Java\jdk1.7.0\jre\lib\jsse.jar;C:\Program Files\Java\jdk1.7.0\jre\lib\jce.jar;C:\Program Files\Java\jdk1.7.0\jre\lib\charsets.jar;C:\Program Files\Java\jdk1.7.0\jre\classes"/>
    <property name="java.vendor" value="Oracle Corporation"/>
    <property name="maven.home" value="C:\Users\UdaySharma\workspace\gastation_implementation\EMBEDDED"/>
    <property name="file.separator" value="\"/>
    <property name="java.vendor.url.bug" value="http://bugreport.sun.com/bugreport/"/>
    <property name="maven.bootclasspath" value="/E:/eclipse-jee-juno-win32-x86_64/eclipse/configuration/org.eclipse.osgi/bundles/535/1/.cp/jars/plexus-classworlds-2.4.jar"/>
    <property name="sun.cpu.endian" value="little"/>
    <property name="sun.io.unicode.encoding" value="UnicodeLittle"/>
    <property name="sun.desktop" value="windows"/>
    <property name="sun.cpu.isalist" value="amd64"/>
  </properties>
  <testcase time="0.009" classname="net.bigpoint.assessment.gasstation.implementation.StationImplTest" name="testGasPumps"/>
  <testcase time="0.001" classname="net.bigpoint.assessment.gasstation.implementation.StationImplTest" name="testPrice"/>
  <testcase time="0" classname="net.bigpoint.assessment.gasstation.implementation.StationImplTest" name="testBuyGas"/>
  <testcase time="1.214" classname="net.bigpoint.assessment.gasstation.implementation.StationImplTest" name="testBuyGas"/>
  <testcase time="1.215" classname="net.bigpoint.assessment.gasstation.implementation.StationImplTest" name="testBuyGas"/>
  <testcase time="1.628" classname="net.bigpoint.assessment.gasstation.implementation.StationImplTest" name="testBuyGas"/>
  <testcase time="2.396" classname="net.bigpoint.assessment.gasstation.implementation.StationImplTest" name="testBuyGas"/>
  <testcase time="2.995" classname="net.bigpoint.assessment.gasstation.implementation.StationImplTest" name="testBuyGas"/>
  <testcase time="3.181" classname="net.bigpoint.assessment.gasstation.implementation.StationImplTest" name="testBuyGas"/>
  <testcase time="3.272" classname="net.bigpoint.assessment.gasstation.implementation.StationImplTest" name="testBuyGas"/>
  <testcase time="3.289" classname="net.bigpoint.assessment.gasstation.implementation.StationImplTest" name="testBuyGas"/>
  <testcase time="3.726" classname="net.bigpoint.assessment.gasstation.implementation.StationImplTest" name="testBuyGas"/>
  <testcase time="3.829" classname="net.bigpoint.assessment.gasstation.implementation.StationImplTest" name="testBuyGas"/>
  <testcase time="3.939" classname="net.bigpoint.assessment.gasstation.implementation.StationImplTest" name="testBuyGas"/>
  <testcase time="4.698" classname="net.bigpoint.assessment.gasstation.implementation.StationImplTest" name="testBuyGas"/>
  <testcase time="4.707" classname="net.bigpoint.assessment.gasstation.implementation.StationImplTest" name="testBuyGas">
    <failure message="expected [true] but found [false]" type="java.lang.AssertionError">java.lang.AssertionError: expected [true] but found [false]
	at org.testng.Assert.fail(Assert.java:94)
	at org.testng.Assert.failNotEquals(Assert.java:494)
	at org.testng.Assert.assertTrue(Assert.java:42)
	at org.testng.Assert.assertTrue(Assert.java:52)
	at net.bigpoint.assessment.gasstation.implementation.StationImplTest.testBuyGas(StationImplTest.java:126)
</failure>
    <system-err>Jul 06, 2014 12:56:51 PM net.bigpoint.assessment.gasstation.implementation.StationImplTest testBuyGas
SEVERE: Not enough gas
</system-err>
  </testcase>
  <testcase time="4.707" classname="net.bigpoint.assessment.gasstation.implementation.StationImplTest" name="testBuyGas">
    <failure message="expected [true] but found [false]" type="java.lang.AssertionError">java.lang.AssertionError: expected [true] but found [false]
	at org.testng.Assert.fail(Assert.java:94)
	at org.testng.Assert.failNotEquals(Assert.java:494)
	at org.testng.Assert.assertTrue(Assert.java:42)
	at org.testng.Assert.assertTrue(Assert.java:52)
	at net.bigpoint.assessment.gasstation.implementation.StationImplTest.testBuyGas(StationImplTest.java:126)
</failure>
  </testcase>
  <testcase time="4.707" classname="net.bigpoint.assessment.gasstation.implementation.StationImplTest" name="testBuyGas">
    <failure message="expected [true] but found [false]" type="java.lang.AssertionError">java.lang.AssertionError: expected [true] but found [false]
	at org.testng.Assert.fail(Assert.java:94)
	at org.testng.Assert.failNotEquals(Assert.java:494)
	at org.testng.Assert.assertTrue(Assert.java:42)
	at org.testng.Assert.assertTrue(Assert.java:52)
	at net.bigpoint.assessment.gasstation.implementation.StationImplTest.testBuyGas(StationImplTest.java:126)
</failure>
  </testcase>
  <testcase time="4.708" classname="net.bigpoint.assessment.gasstation.implementation.StationImplTest" name="testBuyGas">
    <failure message="expected [true] but found [false]" type="java.lang.AssertionError">java.lang.AssertionError: expected [true] but found [false]
	at org.testng.Assert.fail(Assert.java:94)
	at org.testng.Assert.failNotEquals(Assert.java:494)
	at org.testng.Assert.assertTrue(Assert.java:42)
	at org.testng.Assert.assertTrue(Assert.java:52)
	at net.bigpoint.assessment.gasstation.implementation.StationImplTest.testBuyGas(StationImplTest.java:126)
</failure>
  </testcase>
  <testcase time="4.708" classname="net.bigpoint.assessment.gasstation.implementation.StationImplTest" name="testBuyGas">
    <failure message="expected [true] but found [false]" type="java.lang.AssertionError">java.lang.AssertionError: expected [true] but found [false]
	at org.testng.Assert.fail(Assert.java:94)
	at org.testng.Assert.failNotEquals(Assert.java:494)
	at org.testng.Assert.assertTrue(Assert.java:42)
	at org.testng.Assert.assertTrue(Assert.java:52)
	at net.bigpoint.assessment.gasstation.implementation.StationImplTest.testBuyGas(StationImplTest.java:126)
</failure>
  </testcase>
  <testcase time="4.741" classname="net.bigpoint.assessment.gasstation.implementation.StationImplTest" name="testBuyGas"/>
  <testcase time="4.742" classname="net.bigpoint.assessment.gasstation.implementation.StationImplTest" name="testBuyGas">
    <failure message="expected [true] but found [false]" type="java.lang.AssertionError">java.lang.AssertionError: expected [true] but found [false]
	at org.testng.Assert.fail(Assert.java:94)
	at org.testng.Assert.failNotEquals(Assert.java:494)
	at org.testng.Assert.assertTrue(Assert.java:42)
	at org.testng.Assert.assertTrue(Assert.java:52)
	at net.bigpoint.assessment.gasstation.implementation.StationImplTest.testBuyGas(StationImplTest.java:126)
</failure>
    <system-err>Jul 06, 2014 12:56:51 PM net.bigpoint.assessment.gasstation.implementation.StationImplTest testBuyGas
SEVERE: Not enough gas
Jul 06, 2014 12:56:51 PM net.bigpoint.assessment.gasstation.implementation.StationImplTest testBuyGas
SEVERE: Not enough gas
</system-err>
  </testcase>
  <testcase time="4.742" classname="net.bigpoint.assessment.gasstation.implementation.StationImplTest" name="testBuyGas">
    <failure message="expected [true] but found [false]" type="java.lang.AssertionError">java.lang.AssertionError: expected [true] but found [false]
	at org.testng.Assert.fail(Assert.java:94)
	at org.testng.Assert.failNotEquals(Assert.java:494)
	at org.testng.Assert.assertTrue(Assert.java:42)
	at org.testng.Assert.assertTrue(Assert.java:52)
	at net.bigpoint.assessment.gasstation.implementation.StationImplTest.testBuyGas(StationImplTest.java:126)
</failure>
  </testcase>
  <testcase time="4.743" classname="net.bigpoint.assessment.gasstation.implementation.StationImplTest" name="testBuyGas">
    <failure message="expected [true] but found [false]" type="java.lang.AssertionError">java.lang.AssertionError: expected [true] but found [false]
	at org.testng.Assert.fail(Assert.java:94)
	at org.testng.Assert.failNotEquals(Assert.java:494)
	at org.testng.Assert.assertTrue(Assert.java:42)
	at org.testng.Assert.assertTrue(Assert.java:52)
	at net.bigpoint.assessment.gasstation.implementation.StationImplTest.testBuyGas(StationImplTest.java:126)
</failure>
    <system-err>Jul 06, 2014 12:56:51 PM net.bigpoint.assessment.gasstation.implementation.StationImplTest testBuyGas
SEVERE: Not enough gas
Jul 06, 2014 12:56:51 PM net.bigpoint.assessment.gasstation.implementation.StationImplTest testBuyGas
SEVERE: Not enough gas
</system-err>
  </testcase>
  <testcase time="4.744" classname="net.bigpoint.assessment.gasstation.implementation.StationImplTest" name="testBuyGas">
    <failure message="expected [true] but found [false]" type="java.lang.AssertionError">java.lang.AssertionError: expected [true] but found [false]
	at org.testng.Assert.fail(Assert.java:94)
	at org.testng.Assert.failNotEquals(Assert.java:494)
	at org.testng.Assert.assertTrue(Assert.java:42)
	at org.testng.Assert.assertTrue(Assert.java:52)
	at net.bigpoint.assessment.gasstation.implementation.StationImplTest.testBuyGas(StationImplTest.java:126)
</failure>
  </testcase>
  <testcase time="4.745" classname="net.bigpoint.assessment.gasstation.implementation.StationImplTest" name="testBuyGas">
    <failure message="expected [true] but found [false]" type="java.lang.AssertionError">java.lang.AssertionError: expected [true] but found [false]
	at org.testng.Assert.fail(Assert.java:94)
	at org.testng.Assert.failNotEquals(Assert.java:494)
	at org.testng.Assert.assertTrue(Assert.java:42)
	at org.testng.Assert.assertTrue(Assert.java:52)
	at net.bigpoint.assessment.gasstation.implementation.StationImplTest.testBuyGas(StationImplTest.java:126)
</failure>
    <system-err>Jul 06, 2014 12:56:51 PM net.bigpoint.assessment.gasstation.implementation.StationImplTest testBuyGas
SEVERE: Not enough gas
Jul 06, 2014 12:56:51 PM net.bigpoint.assessment.gasstation.implementation.StationImplTest testBuyGas
SEVERE: Not enough gas
</system-err>
  </testcase>
  <testcase time="4.746" classname="net.bigpoint.assessment.gasstation.implementation.StationImplTest" name="testBuyGas">
    <failure message="expected [true] but found [false]" type="java.lang.AssertionError">java.lang.AssertionError: expected [true] but found [false]
	at org.testng.Assert.fail(Assert.java:94)
	at org.testng.Assert.failNotEquals(Assert.java:494)
	at org.testng.Assert.assertTrue(Assert.java:42)
	at org.testng.Assert.assertTrue(Assert.java:52)
	at net.bigpoint.assessment.gasstation.implementation.StationImplTest.testBuyGas(StationImplTest.java:126)
</failure>
  </testcase>
  <testcase time="4.861" classname="net.bigpoint.assessment.gasstation.implementation.StationImplTest" name="testBuyGas"/>
  <testcase time="4.863" classname="net.bigpoint.assessment.gasstation.implementation.StationImplTest" name="testBuyGas">
    <failure message="expected [true] but found [false]" type="java.lang.AssertionError">java.lang.AssertionError: expected [true] but found [false]
	at org.testng.Assert.fail(Assert.java:94)
	at org.testng.Assert.failNotEquals(Assert.java:494)
	at org.testng.Assert.assertTrue(Assert.java:42)
	at org.testng.Assert.assertTrue(Assert.java:52)
	at net.bigpoint.assessment.gasstation.implementation.StationImplTest.testBuyGas(StationImplTest.java:126)
</failure>
    <system-err>Jul 06, 2014 12:56:51 PM net.bigpoint.assessment.gasstation.implementation.StationImplTest testBuyGas
SEVERE: Not enough gas
Jul 06, 2014 12:56:51 PM net.bigpoint.assessment.gasstation.implementation.StationImplTest testBuyGas
SEVERE: Not enough gas
Jul 06, 2014 12:56:51 PM net.bigpoint.assessment.gasstation.implementation.StationImplTest testBuyGas
SEVERE: Not enough gas
</system-err>
  </testcase>
  <testcase time="4.863" classname="net.bigpoint.assessment.gasstation.implementation.StationImplTest" name="testBuyGas">
    <failure message="expected [true] but found [false]" type="java.lang.AssertionError">java.lang.AssertionError: expected [true] but found [false]
	at org.testng.Assert.fail(Assert.java:94)
	at org.testng.Assert.failNotEquals(Assert.java:494)
	at org.testng.Assert.assertTrue(Assert.java:42)
	at org.testng.Assert.assertTrue(Assert.java:52)
	at net.bigpoint.assessment.gasstation.implementation.StationImplTest.testBuyGas(StationImplTest.java:126)
</failure>
    <system-err>Jul 06, 2014 12:56:51 PM net.bigpoint.assessment.gasstation.implementation.StationImplTest testBuyGas
SEVERE: Not enough gas
</system-err>
  </testcase>
  <testcase time="4.864" classname="net.bigpoint.assessment.gasstation.implementation.StationImplTest" name="testBuyGas">
    <failure message="expected [true] but found [false]" type="java.lang.AssertionError">java.lang.AssertionError: expected [true] but found [false]
	at org.testng.Assert.fail(Assert.java:94)
	at org.testng.Assert.failNotEquals(Assert.java:494)
	at org.testng.Assert.assertTrue(Assert.java:42)
	at org.testng.Assert.assertTrue(Assert.java:52)
	at net.bigpoint.assessment.gasstation.implementation.StationImplTest.testBuyGas(StationImplTest.java:126)
</failure>
    <system-err>Jul 06, 2014 12:56:51 PM net.bigpoint.assessment.gasstation.implementation.StationImplTest testBuyGas
SEVERE: Not enough gas
</system-err>
  </testcase>
  <testcase time="4.864" classname="net.bigpoint.assessment.gasstation.implementation.StationImplTest" name="testBuyGas">
    <failure message="expected [true] but found [false]" type="java.lang.AssertionError">java.lang.AssertionError: expected [true] but found [false]
	at org.testng.Assert.fail(Assert.java:94)
	at org.testng.Assert.failNotEquals(Assert.java:494)
	at org.testng.Assert.assertTrue(Assert.java:42)
	at org.testng.Assert.assertTrue(Assert.java:52)
	at net.bigpoint.assessment.gasstation.implementation.StationImplTest.testBuyGas(StationImplTest.java:126)
</failure>
  </testcase>
  <testcase time="4.865" classname="net.bigpoint.assessment.gasstation.implementation.StationImplTest" name="testBuyGas">
    <failure message="expected [true] but found [false]" type="java.lang.AssertionError">java.lang.AssertionError: expected [true] but found [false]
	at org.testng.Assert.fail(Assert.java:94)
	at org.testng.Assert.failNotEquals(Assert.java:494)
	at org.testng.Assert.assertTrue(Assert.java:42)
	at org.testng.Assert.assertTrue(Assert.java:52)
	at net.bigpoint.assessment.gasstation.implementation.StationImplTest.testBuyGas(StationImplTest.java:126)
</failure>
  </testcase>
  <testcase time="4.91" classname="net.bigpoint.assessment.gasstation.implementation.StationImplTest" name="testBuyGas"/>
  <testcase time="4.912" classname="net.bigpoint.assessment.gasstation.implementation.StationImplTest" name="testBuyGas">
    <failure message="expected [true] but found [false]" type="java.lang.AssertionError">java.lang.AssertionError: expected [true] but found [false]
	at org.testng.Assert.fail(Assert.java:94)
	at org.testng.Assert.failNotEquals(Assert.java:494)
	at org.testng.Assert.assertTrue(Assert.java:42)
	at org.testng.Assert.assertTrue(Assert.java:52)
	at net.bigpoint.assessment.gasstation.implementation.StationImplTest.testBuyGas(StationImplTest.java:126)
</failure>
    <system-err>Jul 06, 2014 12:56:51 PM net.bigpoint.assessment.gasstation.implementation.StationImplTest testBuyGas
SEVERE: Not enough gas
Jul 06, 2014 12:56:51 PM net.bigpoint.assessment.gasstation.implementation.StationImplTest testBuyGas
SEVERE: Not enough gas
</system-err>
  </testcase>
  <testcase time="4.912" classname="net.bigpoint.assessment.gasstation.implementation.StationImplTest" name="testBuyGas">
    <failure message="expected [true] but found [false]" type="java.lang.AssertionError">java.lang.AssertionError: expected [true] but found [false]
	at org.testng.Assert.fail(Assert.java:94)
	at org.testng.Assert.failNotEquals(Assert.java:494)
	at org.testng.Assert.assertTrue(Assert.java:42)
	at org.testng.Assert.assertTrue(Assert.java:52)
	at net.bigpoint.assessment.gasstation.implementation.StationImplTest.testBuyGas(StationImplTest.java:126)
</failure>
    <system-err>Jul 06, 2014 12:56:51 PM net.bigpoint.assessment.gasstation.implementation.StationImplTest testBuyGas
SEVERE: Not enough gas
</system-err>
  </testcase>
  <testcase time="4.913" classname="net.bigpoint.assessment.gasstation.implementation.StationImplTest" name="testBuyGas">
    <failure message="expected [true] but found [false]" type="java.lang.AssertionError">java.lang.AssertionError: expected [true] but found [false]
	at org.testng.Assert.fail(Assert.java:94)
	at org.testng.Assert.failNotEquals(Assert.java:494)
	at org.testng.Assert.assertTrue(Assert.java:42)
	at org.testng.Assert.assertTrue(Assert.java:52)
	at net.bigpoint.assessment.gasstation.implementation.StationImplTest.testBuyGas(StationImplTest.java:126)
</failure>
    <system-err>Jul 06, 2014 12:56:51 PM net.bigpoint.assessment.gasstation.implementation.StationImplTest testBuyGas
SEVERE: Not enough gas
</system-err>
  </testcase>
  <testcase time="4.938" classname="net.bigpoint.assessment.gasstation.implementation.StationImplTest" name="testBuyGas">
    <failure message="expected [true] but found [false]" type="java.lang.AssertionError">java.lang.AssertionError: expected [true] but found [false]
	at org.testng.Assert.fail(Assert.java:94)
	at org.testng.Assert.failNotEquals(Assert.java:494)
	at org.testng.Assert.assertTrue(Assert.java:42)
	at org.testng.Assert.assertTrue(Assert.java:52)
	at net.bigpoint.assessment.gasstation.implementation.StationImplTest.testBuyGas(StationImplTest.java:126)
</failure>
    <system-err>Jul 06, 2014 12:56:51 PM net.bigpoint.assessment.gasstation.implementation.StationImplTest testBuyGas
SEVERE: Not enough gas
</system-err>
  </testcase>
  <testcase time="4.938" classname="net.bigpoint.assessment.gasstation.implementation.StationImplTest" name="testBuyGas">
    <failure message="expected [true] but found [false]" type="java.lang.AssertionError">java.lang.AssertionError: expected [true] but found [false]
	at org.testng.Assert.fail(Assert.java:94)
	at org.testng.Assert.failNotEquals(Assert.java:494)
	at org.testng.Assert.assertTrue(Assert.java:42)
	at org.testng.Assert.assertTrue(Assert.java:52)
	at net.bigpoint.assessment.gasstation.implementation.StationImplTest.testBuyGas(StationImplTest.java:126)
</failure>
    <system-err>Jul 06, 2014 12:56:51 PM net.bigpoint.assessment.gasstation.implementation.StationImplTest testBuyGas
SEVERE: Not enough gas
</system-err>
  </testcase>
  <testcase time="4.939" classname="net.bigpoint.assessment.gasstation.implementation.StationImplTest" name="testBuyGas">
    <failure message="expected [true] but found [false]" type="java.lang.AssertionError">java.lang.AssertionError: expected [true] but found [false]
	at org.testng.Assert.fail(Assert.java:94)
	at org.testng.Assert.failNotEquals(Assert.java:494)
	at org.testng.Assert.assertTrue(Assert.java:42)
	at org.testng.Assert.assertTrue(Assert.java:52)
	at net.bigpoint.assessment.gasstation.implementation.StationImplTest.testBuyGas(StationImplTest.java:126)
</failure>
    <system-err>Jul 06, 2014 12:56:51 PM net.bigpoint.assessment.gasstation.implementation.StationImplTest testBuyGas
SEVERE: Not enough gas
</system-err>
  </testcase>
  <testcase time="4.94" classname="net.bigpoint.assessment.gasstation.implementation.StationImplTest" name="testBuyGas">
    <failure message="expected [true] but found [false]" type="java.lang.AssertionError">java.lang.AssertionError: expected [true] but found [false]
	at org.testng.Assert.fail(Assert.java:94)
	at org.testng.Assert.failNotEquals(Assert.java:494)
	at org.testng.Assert.assertTrue(Assert.java:42)
	at org.testng.Assert.assertTrue(Assert.java:52)
	at net.bigpoint.assessment.gasstation.implementation.StationImplTest.testBuyGas(StationImplTest.java:126)
</failure>
    <system-err>Jul 06, 2014 12:56:51 PM net.bigpoint.assessment.gasstation.implementation.StationImplTest testBuyGas
SEVERE: Not enough gas
</system-err>
  </testcase>
  <testcase time="4.94" classname="net.bigpoint.assessment.gasstation.implementation.StationImplTest" name="testBuyGas">
    <failure message="expected [true] but found [false]" type="java.lang.AssertionError">java.lang.AssertionError: expected [true] but found [false]
	at org.testng.Assert.fail(Assert.java:94)
	at org.testng.Assert.failNotEquals(Assert.java:494)
	at org.testng.Assert.assertTrue(Assert.java:42)
	at org.testng.Assert.assertTrue(Assert.java:52)
	at net.bigpoint.assessment.gasstation.implementation.StationImplTest.testBuyGas(StationImplTest.java:126)
</failure>
    <system-err>Jul 06, 2014 12:56:51 PM net.bigpoint.assessment.gasstation.implementation.StationImplTest testBuyGas
SEVERE: Not enough gas
</system-err>
  </testcase>
  <testcase time="4.941" classname="net.bigpoint.assessment.gasstation.implementation.StationImplTest" name="testBuyGas">
    <failure message="expected [true] but found [false]" type="java.lang.AssertionError">java.lang.AssertionError: expected [true] but found [false]
	at org.testng.Assert.fail(Assert.java:94)
	at org.testng.Assert.failNotEquals(Assert.java:494)
	at org.testng.Assert.assertTrue(Assert.java:42)
	at org.testng.Assert.assertTrue(Assert.java:52)
	at net.bigpoint.assessment.gasstation.implementation.StationImplTest.testBuyGas(StationImplTest.java:126)
</failure>
  </testcase>
  <testcase time="4.942" classname="net.bigpoint.assessment.gasstation.implementation.StationImplTest" name="testBuyGas">
    <failure message="expected [true] but found [false]" type="java.lang.AssertionError">java.lang.AssertionError: expected [true] but found [false]
	at org.testng.Assert.fail(Assert.java:94)
	at org.testng.Assert.failNotEquals(Assert.java:494)
	at org.testng.Assert.assertTrue(Assert.java:42)
	at org.testng.Assert.assertTrue(Assert.java:52)
	at net.bigpoint.assessment.gasstation.implementation.StationImplTest.testBuyGas(StationImplTest.java:126)
</failure>
    <system-err>Jul 06, 2014 12:56:51 PM net.bigpoint.assessment.gasstation.implementation.StationImplTest testBuyGas
SEVERE: Not enough gas
Jul 06, 2014 12:56:51 PM net.bigpoint.assessment.gasstation.implementation.StationImplTest testBuyGas
SEVERE: Not enough gas
</system-err>
  </testcase>
  <testcase time="4.942" classname="net.bigpoint.assessment.gasstation.implementation.StationImplTest" name="testBuyGas">
    <failure message="expected [true] but found [false]" type="java.lang.AssertionError">java.lang.AssertionError: expected [true] but found [false]
	at org.testng.Assert.fail(Assert.java:94)
	at org.testng.Assert.failNotEquals(Assert.java:494)
	at org.testng.Assert.assertTrue(Assert.java:42)
	at org.testng.Assert.assertTrue(Assert.java:52)
	at net.bigpoint.assessment.gasstation.implementation.StationImplTest.testBuyGas(StationImplTest.java:126)
</failure>
    <system-err>Jul 06, 2014 12:56:51 PM net.bigpoint.assessment.gasstation.implementation.StationImplTest testBuyGas
SEVERE: Not enough gas
</system-err>
  </testcase>
  <testcase time="4.943" classname="net.bigpoint.assessment.gasstation.implementation.StationImplTest" name="testBuyGas">
    <failure message="expected [true] but found [false]" type="java.lang.AssertionError">java.lang.AssertionError: expected [true] but found [false]
	at org.testng.Assert.fail(Assert.java:94)
	at org.testng.Assert.failNotEquals(Assert.java:494)
	at org.testng.Assert.assertTrue(Assert.java:42)
	at org.testng.Assert.assertTrue(Assert.java:52)
	at net.bigpoint.assessment.gasstation.implementation.StationImplTest.testBuyGas(StationImplTest.java:126)
</failure>
    <system-err>Jul 06, 2014 12:56:51 PM net.bigpoint.assessment.gasstation.implementation.StationImplTest testBuyGas
SEVERE: Not enough gas
</system-err>
  </testcase>
  <testcase time="4.943" classname="net.bigpoint.assessment.gasstation.implementation.StationImplTest" name="testBuyGas">
    <failure message="expected [true] but found [false]" type="java.lang.AssertionError">java.lang.AssertionError: expected [true] but found [false]
	at org.testng.Assert.fail(Assert.java:94)
	at org.testng.Assert.failNotEquals(Assert.java:494)
	at org.testng.Assert.assertTrue(Assert.java:42)
	at org.testng.Assert.assertTrue(Assert.java:52)
	at net.bigpoint.assessment.gasstation.implementation.StationImplTest.testBuyGas(StationImplTest.java:126)
</failure>
    <system-err>Jul 06, 2014 12:56:51 PM net.bigpoint.assessment.gasstation.implementation.StationImplTest testBuyGas
SEVERE: Not enough gas
</system-err>
  </testcase>
  <testcase time="4.944" classname="net.bigpoint.assessment.gasstation.implementation.StationImplTest" name="testBuyGas">
    <failure message="expected [true] but found [false]" type="java.lang.AssertionError">java.lang.AssertionError: expected [true] but found [false]
	at org.testng.Assert.fail(Assert.java:94)
	at org.testng.Assert.failNotEquals(Assert.java:494)
	at org.testng.Assert.assertTrue(Assert.java:42)
	at org.testng.Assert.assertTrue(Assert.java:52)
	at net.bigpoint.assessment.gasstation.implementation.StationImplTest.testBuyGas(StationImplTest.java:126)
</failure>
  </testcase>
  <testcase time="4.945" classname="net.bigpoint.assessment.gasstation.implementation.StationImplTest" name="testBuyGas">
    <failure message="expected [true] but found [false]" type="java.lang.AssertionError">java.lang.AssertionError: expected [true] but found [false]
	at org.testng.Assert.fail(Assert.java:94)
	at org.testng.Assert.failNotEquals(Assert.java:494)
	at org.testng.Assert.assertTrue(Assert.java:42)
	at org.testng.Assert.assertTrue(Assert.java:52)
	at net.bigpoint.assessment.gasstation.implementation.StationImplTest.testBuyGas(StationImplTest.java:126)
</failure>
    <system-err>Jul 06, 2014 12:56:51 PM net.bigpoint.assessment.gasstation.implementation.StationImplTest testBuyGas
SEVERE: Not enough gas
Jul 06, 2014 12:56:51 PM net.bigpoint.assessment.gasstation.implementation.StationImplTest testBuyGas
SEVERE: Not enough gas
</system-err>
  </testcase>
  <testcase time="4.946" classname="net.bigpoint.assessment.gasstation.implementation.StationImplTest" name="testBuyGas">
    <failure message="expected [true] but found [false]" type="java.lang.AssertionError">java.lang.AssertionError: expected [true] but found [false]
	at org.testng.Assert.fail(Assert.java:94)
	at org.testng.Assert.failNotEquals(Assert.java:494)
	at org.testng.Assert.assertTrue(Assert.java:42)
	at org.testng.Assert.assertTrue(Assert.java:52)
	at net.bigpoint.assessment.gasstation.implementation.StationImplTest.testBuyGas(StationImplTest.java:126)
</failure>
    <system-err>Jul 06, 2014 12:56:51 PM net.bigpoint.assessment.gasstation.implementation.StationImplTest testBuyGas
SEVERE: Not enough gas
</system-err>
  </testcase>
  <testcase time="4.946" classname="net.bigpoint.assessment.gasstation.implementation.StationImplTest" name="testBuyGas">
    <failure message="expected [true] but found [false]" type="java.lang.AssertionError">java.lang.AssertionError: expected [true] but found [false]
	at org.testng.Assert.fail(Assert.java:94)
	at org.testng.Assert.failNotEquals(Assert.java:494)
	at org.testng.Assert.assertTrue(Assert.java:42)
	at org.testng.Assert.assertTrue(Assert.java:52)
	at net.bigpoint.assessment.gasstation.implementation.StationImplTest.testBuyGas(StationImplTest.java:126)
</failure>
    <system-err>Jul 06, 2014 12:56:51 PM net.bigpoint.assessment.gasstation.implementation.StationImplTest testBuyGas
SEVERE: Not enough gas
</system-err>
  </testcase>
  <testcase time="4.947" classname="net.bigpoint.assessment.gasstation.implementation.StationImplTest" name="testBuyGas">
    <failure message="expected [true] but found [false]" type="java.lang.AssertionError">java.lang.AssertionError: expected [true] but found [false]
	at org.testng.Assert.fail(Assert.java:94)
	at org.testng.Assert.failNotEquals(Assert.java:494)
	at org.testng.Assert.assertTrue(Assert.java:42)
	at org.testng.Assert.assertTrue(Assert.java:52)
	at net.bigpoint.assessment.gasstation.implementation.StationImplTest.testBuyGas(StationImplTest.java:126)
</failure>
  </testcase>
  <testcase time="4.948" classname="net.bigpoint.assessment.gasstation.implementation.StationImplTest" name="testBuyGas">
    <failure message="expected [true] but found [false]" type="java.lang.AssertionError">java.lang.AssertionError: expected [true] but found [false]
	at org.testng.Assert.fail(Assert.java:94)
	at org.testng.Assert.failNotEquals(Assert.java:494)
	at org.testng.Assert.assertTrue(Assert.java:42)
	at org.testng.Assert.assertTrue(Assert.java:52)
	at net.bigpoint.assessment.gasstation.implementation.StationImplTest.testBuyGas(StationImplTest.java:126)
</failure>
    <system-err>Jul 06, 2014 12:56:51 PM net.bigpoint.assessment.gasstation.implementation.StationImplTest testBuyGas
SEVERE: Not enough gas
Jul 06, 2014 12:56:51 PM net.bigpoint.assessment.gasstation.implementation.StationImplTest testBuyGas
SEVERE: Not enough gas
</system-err>
  </testcase>
  <testcase time="4.949" classname="net.bigpoint.assessment.gasstation.implementation.StationImplTest" name="testBuyGas">
    <failure message="expected [true] but found [false]" type="java.lang.AssertionError">java.lang.AssertionError: expected [true] but found [false]
	at org.testng.Assert.fail(Assert.java:94)
	at org.testng.Assert.failNotEquals(Assert.java:494)
	at org.testng.Assert.assertTrue(Assert.java:42)
	at org.testng.Assert.assertTrue(Assert.java:52)
	at net.bigpoint.assessment.gasstation.implementation.StationImplTest.testBuyGas(StationImplTest.java:126)
</failure>
    <system-err>Jul 06, 2014 12:56:51 PM net.bigpoint.assessment.gasstation.implementation.StationImplTest testBuyGas
SEVERE: Not enough gas
</system-err>
  </testcase>
  <testcase time="4.95" classname="net.bigpoint.assessment.gasstation.implementation.StationImplTest" name="testBuyGas">
    <failure message="expected [true] but found [false]" type="java.lang.AssertionError">java.lang.AssertionError: expected [true] but found [false]
	at org.testng.Assert.fail(Assert.java:94)
	at org.testng.Assert.failNotEquals(Assert.java:494)
	at org.testng.Assert.assertTrue(Assert.java:42)
	at org.testng.Assert.assertTrue(Assert.java:52)
	at net.bigpoint.assessment.gasstation.implementation.StationImplTest.testBuyGas(StationImplTest.java:126)
</failure>
    <system-err>Jul 06, 2014 12:56:51 PM net.bigpoint.assessment.gasstation.implementation.StationImplTest testBuyGas
SEVERE: Not enough gas
</system-err>
  </testcase>
  <testcase time="4.95" classname="net.bigpoint.assessment.gasstation.implementation.StationImplTest" name="testBuyGas">
    <failure message="expected [true] but found [false]" type="java.lang.AssertionError">java.lang.AssertionError: expected [true] but found [false]
	at org.testng.Assert.fail(Assert.java:94)
	at org.testng.Assert.failNotEquals(Assert.java:494)
	at org.testng.Assert.assertTrue(Assert.java:42)
	at org.testng.Assert.assertTrue(Assert.java:52)
	at net.bigpoint.assessment.gasstation.implementation.StationImplTest.testBuyGas(StationImplTest.java:126)
</failure>
  </testcase>
  <testcase time="4.951" classname="net.bigpoint.assessment.gasstation.implementation.StationImplTest" name="testBuyGas">
    <failure message="expected [true] but found [false]" type="java.lang.AssertionError">java.lang.AssertionError: expected [true] but found [false]
	at org.testng.Assert.fail(Assert.java:94)
	at org.testng.Assert.failNotEquals(Assert.java:494)
	at org.testng.Assert.assertTrue(Assert.java:42)
	at org.testng.Assert.assertTrue(Assert.java:52)
	at net.bigpoint.assessment.gasstation.implementation.StationImplTest.testBuyGas(StationImplTest.java:126)
</failure>
    <system-err>Jul 06, 2014 12:56:51 PM net.bigpoint.assessment.gasstation.implementation.StationImplTest testBuyGas
SEVERE: Not enough gas
</system-err>
  </testcase>
  <testcase time="4.966" classname="net.bigpoint.assessment.gasstation.implementation.StationImplTest" name="testBuyGas">
    <failure message="expected [true] but found [false]" type="java.lang.AssertionError">java.lang.AssertionError: expected [true] but found [false]
	at org.testng.Assert.fail(Assert.java:94)
	at org.testng.Assert.failNotEquals(Assert.java:494)
	at org.testng.Assert.assertTrue(Assert.java:42)
	at org.testng.Assert.assertTrue(Assert.java:52)
	at net.bigpoint.assessment.gasstation.implementation.StationImplTest.testBuyGas(StationImplTest.java:126)
</failure>
    <system-err>Jul 06, 2014 12:56:51 PM net.bigpoint.assessment.gasstation.implementation.StationImplTest testBuyGas
SEVERE: Not enough gas
Jul 06, 2014 12:56:51 PM net.bigpoint.assessment.gasstation.implementation.StationImplTest testBuyGas
SEVERE: Not enough gas
</system-err>
  </testcase>
  <testcase time="4.966" classname="net.bigpoint.assessment.gasstation.implementation.StationImplTest" name="testBuyGas">
    <failure message="expected [true] but found [false]" type="java.lang.AssertionError">java.lang.AssertionError: expected [true] but found [false]
	at org.testng.Assert.fail(Assert.java:94)
	at org.testng.Assert.failNotEquals(Assert.java:494)
	at org.testng.Assert.assertTrue(Assert.java:42)
	at org.testng.Assert.assertTrue(Assert.java:52)
	at net.bigpoint.assessment.gasstation.implementation.StationImplTest.testBuyGas(StationImplTest.java:126)
</failure>
  </testcase>
  <testcase time="4.968" classname="net.bigpoint.assessment.gasstation.implementation.StationImplTest" name="testBuyGas">
    <failure message="expected [true] but found [false]" type="java.lang.AssertionError">java.lang.AssertionError: expected [true] but found [false]
	at org.testng.Assert.fail(Assert.java:94)
	at org.testng.Assert.failNotEquals(Assert.java:494)
	at org.testng.Assert.assertTrue(Assert.java:42)
	at org.testng.Assert.assertTrue(Assert.java:52)
	at net.bigpoint.assessment.gasstation.implementation.StationImplTest.testBuyGas(StationImplTest.java:126)
</failure>
    <system-err>Jul 06, 2014 12:56:51 PM net.bigpoint.assessment.gasstation.implementation.StationImplTest testBuyGas
SEVERE: Not enough gas
</system-err>
  </testcase>
  <testcase time="4.969" classname="net.bigpoint.assessment.gasstation.implementation.StationImplTest" name="testBuyGas">
    <failure message="expected [true] but found [false]" type="java.lang.AssertionError">java.lang.AssertionError: expected [true] but found [false]
	at org.testng.Assert.fail(Assert.java:94)
	at org.testng.Assert.failNotEquals(Assert.java:494)
	at org.testng.Assert.assertTrue(Assert.java:42)
	at org.testng.Assert.assertTrue(Assert.java:52)
	at net.bigpoint.assessment.gasstation.implementation.StationImplTest.testBuyGas(StationImplTest.java:126)
</failure>
    <system-err>Jul 06, 2014 12:56:51 PM net.bigpoint.assessment.gasstation.implementation.StationImplTest testBuyGas
SEVERE: Not enough gas
Jul 06, 2014 12:56:51 PM net.bigpoint.assessment.gasstation.implementation.StationImplTest testBuyGas
SEVERE: Not enough gas
</system-err>
  </testcase>
  <testcase time="4.97" classname="net.bigpoint.assessment.gasstation.implementation.StationImplTest" name="testBuyGas">
    <failure message="expected [true] but found [false]" type="java.lang.AssertionError">java.lang.AssertionError: expected [true] but found [false]
	at org.testng.Assert.fail(Assert.java:94)
	at org.testng.Assert.failNotEquals(Assert.java:494)
	at org.testng.Assert.assertTrue(Assert.java:42)
	at org.testng.Assert.assertTrue(Assert.java:52)
	at net.bigpoint.assessment.gasstation.implementation.StationImplTest.testBuyGas(StationImplTest.java:126)
</failure>
  </testcase>
  <testcase time="4.971" classname="net.bigpoint.assessment.gasstation.implementation.StationImplTest" name="testBuyGas"/>
  <testcase time="4.972" classname="net.bigpoint.assessment.gasstation.implementation.StationImplTest" name="testBuyGas">
    <failure message="expected [true] but found [false]" type="java.lang.AssertionError">java.lang.AssertionError: expected [true] but found [false]
	at org.testng.Assert.fail(Assert.java:94)
	at org.testng.Assert.failNotEquals(Assert.java:494)
	at org.testng.Assert.assertTrue(Assert.java:42)
	at org.testng.Assert.assertTrue(Assert.java:52)
	at net.bigpoint.assessment.gasstation.implementation.StationImplTest.testBuyGas(StationImplTest.java:126)
</failure>
    <system-err>Jul 06, 2014 12:56:51 PM net.bigpoint.assessment.gasstation.implementation.StationImplTest testBuyGas
SEVERE: Not enough gas
Jul 06, 2014 12:56:51 PM net.bigpoint.assessment.gasstation.implementation.StationImplTest testBuyGas
SEVERE: Not enough gas
</system-err>
  </testcase>
  <testcase time="4.973" classname="net.bigpoint.assessment.gasstation.implementation.StationImplTest" name="testBuyGas">
    <failure message="expected [true] but found [false]" type="java.lang.AssertionError">java.lang.AssertionError: expected [true] but found [false]
	at org.testng.Assert.fail(Assert.java:94)
	at org.testng.Assert.failNotEquals(Assert.java:494)
	at org.testng.Assert.assertTrue(Assert.java:42)
	at org.testng.Assert.assertTrue(Assert.java:52)
	at net.bigpoint.assessment.gasstation.implementation.StationImplTest.testBuyGas(StationImplTest.java:126)
</failure>
    <system-err>Jul 06, 2014 12:56:51 PM net.bigpoint.assessment.gasstation.implementation.StationImplTest testBuyGas
SEVERE: Not enough gas
</system-err>
  </testcase>
  <testcase time="4.974" classname="net.bigpoint.assessment.gasstation.implementation.StationImplTest" name="testBuyGas">
    <failure message="expected [true] but found [false]" type="java.lang.AssertionError">java.lang.AssertionError: expected [true] but found [false]
	at org.testng.Assert.fail(Assert.java:94)
	at org.testng.Assert.failNotEquals(Assert.java:494)
	at org.testng.Assert.assertTrue(Assert.java:42)
	at org.testng.Assert.assertTrue(Assert.java:52)
	at net.bigpoint.assessment.gasstation.implementation.StationImplTest.testBuyGas(StationImplTest.java:126)
</failure>
    <system-err>Jul 06, 2014 12:56:51 PM net.bigpoint.assessment.gasstation.implementation.StationImplTest testBuyGas
SEVERE: Not enough gas
</system-err>
  </testcase>
  <testcase time="4.974" classname="net.bigpoint.assessment.gasstation.implementation.StationImplTest" name="testBuyGas">
    <failure message="expected [true] but found [false]" type="java.lang.AssertionError">java.lang.AssertionError: expected [true] but found [false]
	at org.testng.Assert.fail(Assert.java:94)
	at org.testng.Assert.failNotEquals(Assert.java:494)
	at org.testng.Assert.assertTrue(Assert.java:42)
	at org.testng.Assert.assertTrue(Assert.java:52)
	at net.bigpoint.assessment.gasstation.implementation.StationImplTest.testBuyGas(StationImplTest.java:126)
</failure>
  </testcase>
  <testcase time="5.01" classname="net.bigpoint.assessment.gasstation.implementation.StationImplTest" name="testBuyGas">
    <failure message="expected [true] but found [false]" type="java.lang.AssertionError">java.lang.AssertionError: expected [true] but found [false]
	at org.testng.Assert.fail(Assert.java:94)
	at org.testng.Assert.failNotEquals(Assert.java:494)
	at org.testng.Assert.assertTrue(Assert.java:42)
	at org.testng.Assert.assertTrue(Assert.java:52)
	at net.bigpoint.assessment.gasstation.implementation.StationImplTest.testBuyGas(StationImplTest.java:126)
</failure>
    <system-err>Jul 06, 2014 12:56:51 PM net.bigpoint.assessment.gasstation.stationimpl.StationImpl buyGas
INFO: [PUMP STATISTICS] amount remaining: 0.23973363303122008
Jul 06, 2014 12:56:51 PM net.bigpoint.assessment.gasstation.implementation.StationImplTest testBuyGas
INFO: [testBuyGas] Price paid:0.0915985115185534. Current Thread: 173
Jul 06, 2014 12:56:51 PM net.bigpoint.assessment.gasstation.implementation.StationImplTest testBuyGas
SEVERE: Not enough gas
Jul 06, 2014 12:56:51 PM net.bigpoint.assessment.gasstation.implementation.StationImplTest testBuyGas
SEVERE: Not enough gas
</system-err>
  </testcase>
  <testcase time="5.01" classname="net.bigpoint.assessment.gasstation.implementation.StationImplTest" name="testBuyGas">
    <failure message="expected [true] but found [false]" type="java.lang.AssertionError">java.lang.AssertionError: expected [true] but found [false]
	at org.testng.Assert.fail(Assert.java:94)
	at org.testng.Assert.failNotEquals(Assert.java:494)
	at org.testng.Assert.assertTrue(Assert.java:42)
	at org.testng.Assert.assertTrue(Assert.java:52)
	at net.bigpoint.assessment.gasstation.implementation.StationImplTest.testBuyGas(StationImplTest.java:126)
</failure>
    <system-err>Jul 06, 2014 12:56:51 PM net.bigpoint.assessment.gasstation.implementation.StationImplTest testBuyGas
SEVERE: Not enough gas
</system-err>
  </testcase>
  <testcase time="5.011" classname="net.bigpoint.assessment.gasstation.implementation.StationImplTest" name="testBuyGas">
    <failure message="expected [true] but found [false]" type="java.lang.AssertionError">java.lang.AssertionError: expected [true] but found [false]
	at org.testng.Assert.fail(Assert.java:94)
	at org.testng.Assert.failNotEquals(Assert.java:494)
	at org.testng.Assert.assertTrue(Assert.java:42)
	at org.testng.Assert.assertTrue(Assert.java:52)
	at net.bigpoint.assessment.gasstation.implementation.StationImplTest.testBuyGas(StationImplTest.java:126)
</failure>
    <system-err>Jul 06, 2014 12:56:51 PM net.bigpoint.assessment.gasstation.implementation.StationImplTest testBuyGas
SEVERE: Not enough gas
</system-err>
  </testcase>
  <testcase time="5.011" classname="net.bigpoint.assessment.gasstation.implementation.StationImplTest" name="testBuyGas">
    <failure message="expected [true] but found [false]" type="java.lang.AssertionError">java.lang.AssertionError: expected [true] but found [false]
	at org.testng.Assert.fail(Assert.java:94)
	at org.testng.Assert.failNotEquals(Assert.java:494)
	at org.testng.Assert.assertTrue(Assert.java:42)
	at org.testng.Assert.assertTrue(Assert.java:52)
	at net.bigpoint.assessment.gasstation.implementation.StationImplTest.testBuyGas(StationImplTest.java:126)
</failure>
    <system-err>Jul 06, 2014 12:56:51 PM net.bigpoint.assessment.gasstation.implementation.StationImplTest testBuyGas
SEVERE: Not enough gas
</system-err>
  </testcase>
  <testcase time="5.012" classname="net.bigpoint.assessment.gasstation.implementation.StationImplTest" name="testBuyGas">
    <failure message="expected [true] but found [false]" type="java.lang.AssertionError">java.lang.AssertionError: expected [true] but found [false]
	at org.testng.Assert.fail(Assert.java:94)
	at org.testng.Assert.failNotEquals(Assert.java:494)
	at org.testng.Assert.assertTrue(Assert.java:42)
	at org.testng.Assert.assertTrue(Assert.java:52)
	at net.bigpoint.assessment.gasstation.implementation.StationImplTest.testBuyGas(StationImplTest.java:126)
</failure>
    <system-err>Jul 06, 2014 12:56:51 PM net.bigpoint.assessment.gasstation.implementation.StationImplTest testBuyGas
SEVERE: Not enough gas
</system-err>
  </testcase>
  <testcase time="5.013" classname="net.bigpoint.assessment.gasstation.implementation.StationImplTest" name="testBuyGas">
    <failure message="expected [true] but found [false]" type="java.lang.AssertionError">java.lang.AssertionError: expected [true] but found [false]
	at org.testng.Assert.fail(Assert.java:94)
	at org.testng.Assert.failNotEquals(Assert.java:494)
	at org.testng.Assert.assertTrue(Assert.java:42)
	at org.testng.Assert.assertTrue(Assert.java:52)
	at net.bigpoint.assessment.gasstation.implementation.StationImplTest.testBuyGas(StationImplTest.java:126)
</failure>
    <system-err>Jul 06, 2014 12:56:51 PM net.bigpoint.assessment.gasstation.implementation.StationImplTest testBuyGas
SEVERE: Not enough gas
</system-err>
  </testcase>
  <testcase time="5.013" classname="net.bigpoint.assessment.gasstation.implementation.StationImplTest" name="testBuyGas">
    <failure message="expected [true] but found [false]" type="java.lang.AssertionError">java.lang.AssertionError: expected [true] but found [false]
	at org.testng.Assert.fail(Assert.java:94)
	at org.testng.Assert.failNotEquals(Assert.java:494)
	at org.testng.Assert.assertTrue(Assert.java:42)
	at org.testng.Assert.assertTrue(Assert.java:52)
	at net.bigpoint.assessment.gasstation.implementation.StationImplTest.testBuyGas(StationImplTest.java:126)
</failure>
  </testcase>
  <testcase time="5.014" classname="net.bigpoint.assessment.gasstation.implementation.StationImplTest" name="testBuyGas">
    <failure message="expected [true] but found [false]" type="java.lang.AssertionError">java.lang.AssertionError: expected [true] but found [false]
	at org.testng.Assert.fail(Assert.java:94)
	at org.testng.Assert.failNotEquals(Assert.java:494)
	at org.testng.Assert.assertTrue(Assert.java:42)
	at org.testng.Assert.assertTrue(Assert.java:52)
	at net.bigpoint.assessment.gasstation.implementation.StationImplTest.testBuyGas(StationImplTest.java:126)
</failure>
    <system-err>Jul 06, 2014 12:56:51 PM net.bigpoint.assessment.gasstation.implementation.StationImplTest testBuyGas
SEVERE: Not enough gas
Jul 06, 2014 12:56:51 PM net.bigpoint.assessment.gasstation.implementation.StationImplTest testBuyGas
SEVERE: Not enough gas
</system-err>
  </testcase>
  <testcase time="5.014" classname="net.bigpoint.assessment.gasstation.implementation.StationImplTest" name="testBuyGas">
    <failure message="expected [true] but found [false]" type="java.lang.AssertionError">java.lang.AssertionError: expected [true] but found [false]
	at org.testng.Assert.fail(Assert.java:94)
	at org.testng.Assert.failNotEquals(Assert.java:494)
	at org.testng.Assert.assertTrue(Assert.java:42)
	at org.testng.Assert.assertTrue(Assert.java:52)
	at net.bigpoint.assessment.gasstation.implementation.StationImplTest.testBuyGas(StationImplTest.java:126)
</failure>
    <system-err>Jul 06, 2014 12:56:51 PM net.bigpoint.assessment.gasstation.implementation.StationImplTest testBuyGas
SEVERE: Not enough gas
</system-err>
  </testcase>
  <testcase time="5.015" classname="net.bigpoint.assessment.gasstation.implementation.StationImplTest" name="testBuyGas">
    <failure message="expected [true] but found [false]" type="java.lang.AssertionError">java.lang.AssertionError: expected [true] but found [false]
	at org.testng.Assert.fail(Assert.java:94)
	at org.testng.Assert.failNotEquals(Assert.java:494)
	at org.testng.Assert.assertTrue(Assert.java:42)
	at org.testng.Assert.assertTrue(Assert.java:52)
	at net.bigpoint.assessment.gasstation.implementation.StationImplTest.testBuyGas(StationImplTest.java:126)
</failure>
  </testcase>
  <testcase time="5.016" classname="net.bigpoint.assessment.gasstation.implementation.StationImplTest" name="testBuyGas">
    <failure message="expected [true] but found [false]" type="java.lang.AssertionError">java.lang.AssertionError: expected [true] but found [false]
	at org.testng.Assert.fail(Assert.java:94)
	at org.testng.Assert.failNotEquals(Assert.java:494)
	at org.testng.Assert.assertTrue(Assert.java:42)
	at org.testng.Assert.assertTrue(Assert.java:52)
	at net.bigpoint.assessment.gasstation.implementation.StationImplTest.testBuyGas(StationImplTest.java:126)
</failure>
    <system-err>Jul 06, 2014 12:56:51 PM net.bigpoint.assessment.gasstation.implementation.StationImplTest testBuyGas
SEVERE: Not enough gas
Jul 06, 2014 12:56:51 PM net.bigpoint.assessment.gasstation.implementation.StationImplTest testBuyGas
SEVERE: Not enough gas
</system-err>
  </testcase>
  <testcase time="5.017" classname="net.bigpoint.assessment.gasstation.implementation.StationImplTest" name="testBuyGas">
    <failure message="expected [true] but found [false]" type="java.lang.AssertionError">java.lang.AssertionError: expected [true] but found [false]
	at org.testng.Assert.fail(Assert.java:94)
	at org.testng.Assert.failNotEquals(Assert.java:494)
	at org.testng.Assert.assertTrue(Assert.java:42)
	at org.testng.Assert.assertTrue(Assert.java:52)
	at net.bigpoint.assessment.gasstation.implementation.StationImplTest.testBuyGas(StationImplTest.java:126)
</failure>
    <system-err>Jul 06, 2014 12:56:51 PM net.bigpoint.assessment.gasstation.implementation.StationImplTest testBuyGas
SEVERE: Not enough gas
</system-err>
  </testcase>
  <testcase time="5.017" classname="net.bigpoint.assessment.gasstation.implementation.StationImplTest" name="testBuyGas">
    <failure message="expected [true] but found [false]" type="java.lang.AssertionError">java.lang.AssertionError: expected [true] but found [false]
	at org.testng.Assert.fail(Assert.java:94)
	at org.testng.Assert.failNotEquals(Assert.java:494)
	at org.testng.Assert.assertTrue(Assert.java:42)
	at org.testng.Assert.assertTrue(Assert.java:52)
	at net.bigpoint.assessment.gasstation.implementation.StationImplTest.testBuyGas(StationImplTest.java:126)
</failure>
    <system-err>Jul 06, 2014 12:56:51 PM net.bigpoint.assessment.gasstation.implementation.StationImplTest testBuyGas
SEVERE: Not enough gas
</system-err>
  </testcase>
  <testcase time="5.018" classname="net.bigpoint.assessment.gasstation.implementation.StationImplTest" name="testBuyGas">
    <failure message="expected [true] but found [false]" type="java.lang.AssertionError">java.lang.AssertionError: expected [true] but found [false]
	at org.testng.Assert.fail(Assert.java:94)
	at org.testng.Assert.failNotEquals(Assert.java:494)
	at org.testng.Assert.assertTrue(Assert.java:42)
	at org.testng.Assert.assertTrue(Assert.java:52)
	at net.bigpoint.assessment.gasstation.implementation.StationImplTest.testBuyGas(StationImplTest.java:126)
</failure>
  </testcase>
  <testcase time="5.019" classname="net.bigpoint.assessment.gasstation.implementation.StationImplTest" name="testBuyGas">
    <failure message="expected [true] but found [false]" type="java.lang.AssertionError">java.lang.AssertionError: expected [true] but found [false]
	at org.testng.Assert.fail(Assert.java:94)
	at org.testng.Assert.failNotEquals(Assert.java:494)
	at org.testng.Assert.assertTrue(Assert.java:42)
	at org.testng.Assert.assertTrue(Assert.java:52)
	at net.bigpoint.assessment.gasstation.implementation.StationImplTest.testBuyGas(StationImplTest.java:126)
</failure>
    <system-err>Jul 06, 2014 12:56:51 PM net.bigpoint.assessment.gasstation.implementation.StationImplTest testBuyGas
SEVERE: Not enough gas
Jul 06, 2014 12:56:51 PM net.bigpoint.assessment.gasstation.implementation.StationImplTest testBuyGas
SEVERE: Not enough gas
</system-err>
  </testcase>
  <testcase time="5.019" classname="net.bigpoint.assessment.gasstation.implementation.StationImplTest" name="testBuyGas">
    <failure message="expected [true] but found [false]" type="java.lang.AssertionError">java.lang.AssertionError: expected [true] but found [false]
	at org.testng.Assert.fail(Assert.java:94)
	at org.testng.Assert.failNotEquals(Assert.java:494)
	at org.testng.Assert.assertTrue(Assert.java:42)
	at org.testng.Assert.assertTrue(Assert.java:52)
	at net.bigpoint.assessment.gasstation.implementation.StationImplTest.testBuyGas(StationImplTest.java:126)
</failure>
    <system-err>Jul 06, 2014 12:56:51 PM net.bigpoint.assessment.gasstation.stationimpl.StationImpl buyGas
INFO: [PUMP STATISTICS] amount remaining: 0.2262011241968871
</system-err>
  </testcase>
  <testcase time="5.02" classname="net.bigpoint.assessment.gasstation.implementation.StationImplTest" name="testBuyGas"/>
  <testcase time="5.022" classname="net.bigpoint.assessment.gasstation.implementation.StationImplTest" name="testBuyGas">
    <failure message="expected [true] but found [false]" type="java.lang.AssertionError">java.lang.AssertionError: expected [true] but found [false]
	at org.testng.Assert.fail(Assert.java:94)
	at org.testng.Assert.failNotEquals(Assert.java:494)
	at org.testng.Assert.assertTrue(Assert.java:42)
	at org.testng.Assert.assertTrue(Assert.java:52)
	at net.bigpoint.assessment.gasstation.implementation.StationImplTest.testBuyGas(StationImplTest.java:126)
</failure>
    <system-err>Jul 06, 2014 12:56:51 PM net.bigpoint.assessment.gasstation.implementation.StationImplTest testBuyGas
SEVERE: Not enough gas
Jul 06, 2014 12:56:51 PM net.bigpoint.assessment.gasstation.implementation.StationImplTest testBuyGas
SEVERE: Not enough gas
Jul 06, 2014 12:56:51 PM net.bigpoint.assessment.gasstation.implementation.StationImplTest testBuyGas
SEVERE: Not enough gas
</system-err>
  </testcase>
  <testcase time="5.022" classname="net.bigpoint.assessment.gasstation.implementation.StationImplTest" name="testBuyGas">
    <failure message="expected [true] but found [false]" type="java.lang.AssertionError">java.lang.AssertionError: expected [true] but found [false]
	at org.testng.Assert.fail(Assert.java:94)
	at org.testng.Assert.failNotEquals(Assert.java:494)
	at org.testng.Assert.assertTrue(Assert.java:42)
	at org.testng.Assert.assertTrue(Assert.java:52)
	at net.bigpoint.assessment.gasstation.implementation.StationImplTest.testBuyGas(StationImplTest.java:126)
</failure>
    <system-err>Jul 06, 2014 12:56:51 PM net.bigpoint.assessment.gasstation.implementation.StationImplTest testBuyGas
SEVERE: Not enough gas
</system-err>
  </testcase>
  <testcase time="5.023" classname="net.bigpoint.assessment.gasstation.implementation.StationImplTest" name="testBuyGas">
    <failure message="expected [true] but found [false]" type="java.lang.AssertionError">java.lang.AssertionError: expected [true] but found [false]
	at org.testng.Assert.fail(Assert.java:94)
	at org.testng.Assert.failNotEquals(Assert.java:494)
	at org.testng.Assert.assertTrue(Assert.java:42)
	at org.testng.Assert.assertTrue(Assert.java:52)
	at net.bigpoint.assessment.gasstation.implementation.StationImplTest.testBuyGas(StationImplTest.java:126)
</failure>
    <system-err>Jul 06, 2014 12:56:51 PM net.bigpoint.assessment.gasstation.implementation.StationImplTest testBuyGas
SEVERE: Not enough gas
</system-err>
  </testcase>
  <testcase time="5.023" classname="net.bigpoint.assessment.gasstation.implementation.StationImplTest" name="testBuyGas">
    <failure message="expected [true] but found [false]" type="java.lang.AssertionError">java.lang.AssertionError: expected [true] but found [false]
	at org.testng.Assert.fail(Assert.java:94)
	at org.testng.Assert.failNotEquals(Assert.java:494)
	at org.testng.Assert.assertTrue(Assert.java:42)
	at org.testng.Assert.assertTrue(Assert.java:52)
	at net.bigpoint.assessment.gasstation.implementation.StationImplTest.testBuyGas(StationImplTest.java:126)
</failure>
    <system-err>Jul 06, 2014 12:56:51 PM net.bigpoint.assessment.gasstation.implementation.StationImplTest testBuyGas
SEVERE: Not enough gas
</system-err>
  </testcase>
  <testcase time="5.024" classname="net.bigpoint.assessment.gasstation.implementation.StationImplTest" name="testBuyGas">
    <failure message="expected [true] but found [false]" type="java.lang.AssertionError">java.lang.AssertionError: expected [true] but found [false]
	at org.testng.Assert.fail(Assert.java:94)
	at org.testng.Assert.failNotEquals(Assert.java:494)
	at org.testng.Assert.assertTrue(Assert.java:42)
	at org.testng.Assert.assertTrue(Assert.java:52)
	at net.bigpoint.assessment.gasstation.implementation.StationImplTest.testBuyGas(StationImplTest.java:126)
</failure>
    <system-err>Jul 06, 2014 12:56:51 PM net.bigpoint.assessment.gasstation.implementation.StationImplTest testBuyGas
SEVERE: Not enough gas
</system-err>
  </testcase>
  <testcase time="5.025" classname="net.bigpoint.assessment.gasstation.implementation.StationImplTest" name="testBuyGas">
    <failure message="expected [true] but found [false]" type="java.lang.AssertionError">java.lang.AssertionError: expected [true] but found [false]
	at org.testng.Assert.fail(Assert.java:94)
	at org.testng.Assert.failNotEquals(Assert.java:494)
	at org.testng.Assert.assertTrue(Assert.java:42)
	at org.testng.Assert.assertTrue(Assert.java:52)
	at net.bigpoint.assessment.gasstation.implementation.StationImplTest.testBuyGas(StationImplTest.java:126)
</failure>
  </testcase>
  <testcase time="5.025" classname="net.bigpoint.assessment.gasstation.implementation.StationImplTest" name="testBuyGas">
    <failure message="expected [true] but found [false]" type="java.lang.AssertionError">java.lang.AssertionError: expected [true] but found [false]
	at org.testng.Assert.fail(Assert.java:94)
	at org.testng.Assert.failNotEquals(Assert.java:494)
	at org.testng.Assert.assertTrue(Assert.java:42)
	at org.testng.Assert.assertTrue(Assert.java:52)
	at net.bigpoint.assessment.gasstation.implementation.StationImplTest.testBuyGas(StationImplTest.java:126)
</failure>
    <system-err>Jul 06, 2014 12:56:51 PM net.bigpoint.assessment.gasstation.implementation.StationImplTest testBuyGas
SEVERE: Not enough gas
Jul 06, 2014 12:56:51 PM net.bigpoint.assessment.gasstation.implementation.StationImplTest testBuyGas
SEVERE: Not enough gas
Jul 06, 2014 12:56:51 PM net.bigpoint.assessment.gasstation.implementation.StationImplTest testBuyGas
SEVERE: Not enough gas
</system-err>
  </testcase>
  <testcase time="5.026" classname="net.bigpoint.assessment.gasstation.implementation.StationImplTest" name="testBuyGas">
    <failure message="expected [true] but found [false]" type="java.lang.AssertionError">java.lang.AssertionError: expected [true] but found [false]
	at org.testng.Assert.fail(Assert.java:94)
	at org.testng.Assert.failNotEquals(Assert.java:494)
	at org.testng.Assert.assertTrue(Assert.java:42)
	at org.testng.Assert.assertTrue(Assert.java:52)
	at net.bigpoint.assessment.gasstation.implementation.StationImplTest.testBuyGas(StationImplTest.java:126)
</failure>
    <system-err>Jul 06, 2014 12:56:51 PM net.bigpoint.assessment.gasstation.implementation.StationImplTest testBuyGas
SEVERE: Not enough gas
</system-err>
  </testcase>
  <testcase time="5.027" classname="net.bigpoint.assessment.gasstation.implementation.StationImplTest" name="testBuyGas">
    <failure message="expected [true] but found [false]" type="java.lang.AssertionError">java.lang.AssertionError: expected [true] but found [false]
	at org.testng.Assert.fail(Assert.java:94)
	at org.testng.Assert.failNotEquals(Assert.java:494)
	at org.testng.Assert.assertTrue(Assert.java:42)
	at org.testng.Assert.assertTrue(Assert.java:52)
	at net.bigpoint.assessment.gasstation.implementation.StationImplTest.testBuyGas(StationImplTest.java:126)
</failure>
    <system-err>Jul 06, 2014 12:56:51 PM net.bigpoint.assessment.gasstation.implementation.StationImplTest testBuyGas
SEVERE: Not enough gas
</system-err>
  </testcase>
  <testcase time="5.027" classname="net.bigpoint.assessment.gasstation.implementation.StationImplTest" name="testBuyGas">
    <failure message="expected [true] but found [false]" type="java.lang.AssertionError">java.lang.AssertionError: expected [true] but found [false]
	at org.testng.Assert.fail(Assert.java:94)
	at org.testng.Assert.failNotEquals(Assert.java:494)
	at org.testng.Assert.assertTrue(Assert.java:42)
	at org.testng.Assert.assertTrue(Assert.java:52)
	at net.bigpoint.assessment.gasstation.implementation.StationImplTest.testBuyGas(StationImplTest.java:126)
</failure>
    <system-err>Jul 06, 2014 12:56:51 PM net.bigpoint.assessment.gasstation.implementation.StationImplTest testBuyGas
SEVERE: Not enough gas
</system-err>
  </testcase>
  <testcase time="5.028" classname="net.bigpoint.assessment.gasstation.implementation.StationImplTest" name="testBuyGas">
    <failure message="expected [true] but found [false]" type="java.lang.AssertionError">java.lang.AssertionError: expected [true] but found [false]
	at org.testng.Assert.fail(Assert.java:94)
	at org.testng.Assert.failNotEquals(Assert.java:494)
	at org.testng.Assert.assertTrue(Assert.java:42)
	at org.testng.Assert.assertTrue(Assert.java:52)
	at net.bigpoint.assessment.gasstation.implementation.StationImplTest.testBuyGas(StationImplTest.java:126)
</failure>
    <system-err>Jul 06, 2014 12:56:51 PM net.bigpoint.assessment.gasstation.implementation.StationImplTest testBuyGas
SEVERE: Not enough gas
</system-err>
  </testcase>
  <testcase time="5.029" classname="net.bigpoint.assessment.gasstation.implementation.StationImplTest" name="testBuyGas">
    <failure message="expected [true] but found [false]" type="java.lang.AssertionError">java.lang.AssertionError: expected [true] but found [false]
	at org.testng.Assert.fail(Assert.java:94)
	at org.testng.Assert.failNotEquals(Assert.java:494)
	at org.testng.Assert.assertTrue(Assert.java:42)
	at org.testng.Assert.assertTrue(Assert.java:52)
	at net.bigpoint.assessment.gasstation.implementation.StationImplTest.testBuyGas(StationImplTest.java:126)
</failure>
    <system-err>Jul 06, 2014 12:56:51 PM net.bigpoint.assessment.gasstation.implementation.StationImplTest testBuyGas
SEVERE: Not enough gas
</system-err>
  </testcase>
  <testcase time="5.029" classname="net.bigpoint.assessment.gasstation.implementation.StationImplTest" name="testBuyGas">
    <failure message="expected [true] but found [false]" type="java.lang.AssertionError">java.lang.AssertionError: expected [true] but found [false]
	at org.testng.Assert.fail(Assert.java:94)
	at org.testng.Assert.failNotEquals(Assert.java:494)
	at org.testng.Assert.assertTrue(Assert.java:42)
	at org.testng.Assert.assertTrue(Assert.java:52)
	at net.bigpoint.assessment.gasstation.implementation.StationImplTest.testBuyGas(StationImplTest.java:126)
</failure>
  </testcase>
  <testcase time="5.03" classname="net.bigpoint.assessment.gasstation.implementation.StationImplTest" name="testBuyGas">
    <failure message="expected [true] but found [false]" type="java.lang.AssertionError">java.lang.AssertionError: expected [true] but found [false]
	at org.testng.Assert.fail(Assert.java:94)
	at org.testng.Assert.failNotEquals(Assert.java:494)
	at org.testng.Assert.assertTrue(Assert.java:42)
	at org.testng.Assert.assertTrue(Assert.java:52)
	at net.bigpoint.assessment.gasstation.implementation.StationImplTest.testBuyGas(StationImplTest.java:126)
</failure>
    <system-err>Jul 06, 2014 12:56:51 PM net.bigpoint.assessment.gasstation.implementation.StationImplTest testBuyGas
SEVERE: Not enough gas
</system-err>
  </testcase>
  <testcase time="5.032" classname="net.bigpoint.assessment.gasstation.implementation.StationImplTest" name="testBuyGas">
    <failure message="expected [true] but found [false]" type="java.lang.AssertionError">java.lang.AssertionError: expected [true] but found [false]
	at org.testng.Assert.fail(Assert.java:94)
	at org.testng.Assert.failNotEquals(Assert.java:494)
	at org.testng.Assert.assertTrue(Assert.java:42)
	at org.testng.Assert.assertTrue(Assert.java:52)
	at net.bigpoint.assessment.gasstation.implementation.StationImplTest.testBuyGas(StationImplTest.java:126)
</failure>
    <system-err>Jul 06, 2014 12:56:51 PM net.bigpoint.assessment.gasstation.implementation.StationImplTest testBuyGas
SEVERE: Not enough gas
</system-err>
  </testcase>
  <testcase time="5.033" classname="net.bigpoint.assessment.gasstation.implementation.StationImplTest" name="testBuyGas">
    <failure message="expected [true] but found [false]" type="java.lang.AssertionError">java.lang.AssertionError: expected [true] but found [false]
	at org.testng.Assert.fail(Assert.java:94)
	at org.testng.Assert.failNotEquals(Assert.java:494)
	at org.testng.Assert.assertTrue(Assert.java:42)
	at org.testng.Assert.assertTrue(Assert.java:52)
	at net.bigpoint.assessment.gasstation.implementation.StationImplTest.testBuyGas(StationImplTest.java:126)
</failure>
    <system-err>Jul 06, 2014 12:56:51 PM net.bigpoint.assessment.gasstation.implementation.StationImplTest testBuyGas
SEVERE: Not enough gas
</system-err>
  </testcase>
  <testcase time="5.035" classname="net.bigpoint.assessment.gasstation.implementation.StationImplTest" name="testBuyGas">
    <failure message="expected [true] but found [false]" type="java.lang.AssertionError">java.lang.AssertionError: expected [true] but found [false]
	at org.testng.Assert.fail(Assert.java:94)
	at org.testng.Assert.failNotEquals(Assert.java:494)
	at org.testng.Assert.assertTrue(Assert.java:42)
	at org.testng.Assert.assertTrue(Assert.java:52)
	at net.bigpoint.assessment.gasstation.implementation.StationImplTest.testBuyGas(StationImplTest.java:126)
</failure>
    <system-err>Jul 06, 2014 12:56:51 PM net.bigpoint.assessment.gasstation.implementation.StationImplTest testBuyGas
SEVERE: Not enough gas
Jul 06, 2014 12:56:51 PM net.bigpoint.assessment.gasstation.implementation.StationImplTest testBuyGas
SEVERE: Not enough gas
</system-err>
  </testcase>
  <testcase time="5.035" classname="net.bigpoint.assessment.gasstation.implementation.StationImplTest" name="testBuyGas">
    <failure message="expected [true] but found [false]" type="java.lang.AssertionError">java.lang.AssertionError: expected [true] but found [false]
	at org.testng.Assert.fail(Assert.java:94)
	at org.testng.Assert.failNotEquals(Assert.java:494)
	at org.testng.Assert.assertTrue(Assert.java:42)
	at org.testng.Assert.assertTrue(Assert.java:52)
	at net.bigpoint.assessment.gasstation.implementation.StationImplTest.testBuyGas(StationImplTest.java:126)
</failure>
  </testcase>
  <testcase time="5.037" classname="net.bigpoint.assessment.gasstation.implementation.StationImplTest" name="testBuyGas">
    <failure message="expected [true] but found [false]" type="java.lang.AssertionError">java.lang.AssertionError: expected [true] but found [false]
	at org.testng.Assert.fail(Assert.java:94)
	at org.testng.Assert.failNotEquals(Assert.java:494)
	at org.testng.Assert.assertTrue(Assert.java:42)
	at org.testng.Assert.assertTrue(Assert.java:52)
	at net.bigpoint.assessment.gasstation.implementation.StationImplTest.testBuyGas(StationImplTest.java:126)
</failure>
    <system-err>Jul 06, 2014 12:56:51 PM net.bigpoint.assessment.gasstation.implementation.StationImplTest testBuyGas
SEVERE: Not enough gas
</system-err>
  </testcase>
  <testcase time="5.037" classname="net.bigpoint.assessment.gasstation.implementation.StationImplTest" name="testBuyGas">
    <failure message="expected [true] but found [false]" type="java.lang.AssertionError">java.lang.AssertionError: expected [true] but found [false]
	at org.testng.Assert.fail(Assert.java:94)
	at org.testng.Assert.failNotEquals(Assert.java:494)
	at org.testng.Assert.assertTrue(Assert.java:42)
	at org.testng.Assert.assertTrue(Assert.java:52)
	at net.bigpoint.assessment.gasstation.implementation.StationImplTest.testBuyGas(StationImplTest.java:126)
</failure>
    <system-err>Jul 06, 2014 12:56:51 PM net.bigpoint.assessment.gasstation.implementation.StationImplTest testBuyGas
SEVERE: Not enough gas
</system-err>
  </testcase>
  <testcase time="5.038" classname="net.bigpoint.assessment.gasstation.implementation.StationImplTest" name="testBuyGas"/>
  <testcase time="5.039" classname="net.bigpoint.assessment.gasstation.implementation.StationImplTest" name="testBuyGas">
    <failure message="expected [true] but found [false]" type="java.lang.AssertionError">java.lang.AssertionError: expected [true] but found [false]
	at org.testng.Assert.fail(Assert.java:94)
	at org.testng.Assert.failNotEquals(Assert.java:494)
	at org.testng.Assert.assertTrue(Assert.java:42)
	at org.testng.Assert.assertTrue(Assert.java:52)
	at net.bigpoint.assessment.gasstation.implementation.StationImplTest.testBuyGas(StationImplTest.java:126)
</failure>
    <system-err>Jul 06, 2014 12:56:51 PM net.bigpoint.assessment.gasstation.implementation.StationImplTest testBuyGas
SEVERE: Not enough gas
Jul 06, 2014 12:56:51 PM net.bigpoint.assessment.gasstation.implementation.StationImplTest testBuyGas
SEVERE: Not enough gas
</system-err>
  </testcase>
  <testcase time="5.04" classname="net.bigpoint.assessment.gasstation.implementation.StationImplTest" name="testBuyGas">
    <failure message="expected [true] but found [false]" type="java.lang.AssertionError">java.lang.AssertionError: expected [true] but found [false]
	at org.testng.Assert.fail(Assert.java:94)
	at org.testng.Assert.failNotEquals(Assert.java:494)
	at org.testng.Assert.assertTrue(Assert.java:42)
	at org.testng.Assert.assertTrue(Assert.java:52)
	at net.bigpoint.assessment.gasstation.implementation.StationImplTest.testBuyGas(StationImplTest.java:126)
</failure>
    <system-err>Jul 06, 2014 12:56:51 PM net.bigpoint.assessment.gasstation.stationimpl.StationImpl buyGas
INFO: [PUMP STATISTICS] amount remaining: 0.08334157938544373
</system-err>
  </testcase>
  <testcase time="5.04" classname="net.bigpoint.assessment.gasstation.implementation.StationImplTest" name="testBuyGas"/>
  <testcase time="5.043" classname="net.bigpoint.assessment.gasstation.implementation.StationImplTest" name="testBuyGas">
    <failure message="expected [true] but found [false]" type="java.lang.AssertionError">java.lang.AssertionError: expected [true] but found [false]
	at org.testng.Assert.fail(Assert.java:94)
	at org.testng.Assert.failNotEquals(Assert.java:494)
	at org.testng.Assert.assertTrue(Assert.java:42)
	at org.testng.Assert.assertTrue(Assert.java:52)
	at net.bigpoint.assessment.gasstation.implementation.StationImplTest.testBuyGas(StationImplTest.java:126)
</failure>
    <system-err>Jul 06, 2014 12:56:51 PM net.bigpoint.assessment.gasstation.implementation.StationImplTest testBuyGas
SEVERE: Not enough gas
Jul 06, 2014 12:56:51 PM net.bigpoint.assessment.gasstation.implementation.StationImplTest testBuyGas
SEVERE: Not enough gas
Jul 06, 2014 12:56:51 PM net.bigpoint.assessment.gasstation.implementation.StationImplTest testBuyGas
SEVERE: Not enough gas
Jul 06, 2014 12:56:51 PM net.bigpoint.assessment.gasstation.implementation.StationImplTest testBuyGas
SEVERE: Not enough gas
</system-err>
  </testcase>
  <testcase time="5.043" classname="net.bigpoint.assessment.gasstation.implementation.StationImplTest" name="testBuyGas">
    <failure message="expected [true] but found [false]" type="java.lang.AssertionError">java.lang.AssertionError: expected [true] but found [false]
	at org.testng.Assert.fail(Assert.java:94)
	at org.testng.Assert.failNotEquals(Assert.java:494)
	at org.testng.Assert.assertTrue(Assert.java:42)
	at org.testng.Assert.assertTrue(Assert.java:52)
	at net.bigpoint.assessment.gasstation.implementation.StationImplTest.testBuyGas(StationImplTest.java:126)
</failure>
  </testcase>
  <testcase time="5.043" classname="net.bigpoint.assessment.gasstation.implementation.StationImplTest" name="testBuyGas">
    <failure message="expected [true] but found [false]" type="java.lang.AssertionError">java.lang.AssertionError: expected [true] but found [false]
	at org.testng.Assert.fail(Assert.java:94)
	at org.testng.Assert.failNotEquals(Assert.java:494)
	at org.testng.Assert.assertTrue(Assert.java:42)
	at org.testng.Assert.assertTrue(Assert.java:52)
	at net.bigpoint.assessment.gasstation.implementation.StationImplTest.testBuyGas(StationImplTest.java:126)
</failure>
    <system-err>Jul 06, 2014 12:56:51 PM net.bigpoint.assessment.gasstation.implementation.StationImplTest testBuyGas
SEVERE: Not enough gas
</system-err>
  </testcase>
  <testcase time="5.044" classname="net.bigpoint.assessment.gasstation.implementation.StationImplTest" name="testBuyGas">
    <failure message="expected [true] but found [false]" type="java.lang.AssertionError">java.lang.AssertionError: expected [true] but found [false]
	at org.testng.Assert.fail(Assert.java:94)
	at org.testng.Assert.failNotEquals(Assert.java:494)
	at org.testng.Assert.assertTrue(Assert.java:42)
	at org.testng.Assert.assertTrue(Assert.java:52)
	at net.bigpoint.assessment.gasstation.implementation.StationImplTest.testBuyGas(StationImplTest.java:126)
</failure>
  </testcase>
  <testcase time="5.045" classname="net.bigpoint.assessment.gasstation.implementation.StationImplTest" name="testBuyGas">
    <failure message="expected [true] but found [false]" type="java.lang.AssertionError">java.lang.AssertionError: expected [true] but found [false]
	at org.testng.Assert.fail(Assert.java:94)
	at org.testng.Assert.failNotEquals(Assert.java:494)
	at org.testng.Assert.assertTrue(Assert.java:42)
	at org.testng.Assert.assertTrue(Assert.java:52)
	at net.bigpoint.assessment.gasstation.implementation.StationImplTest.testBuyGas(StationImplTest.java:126)
</failure>
    <system-err>Jul 06, 2014 12:56:51 PM net.bigpoint.assessment.gasstation.implementation.StationImplTest testBuyGas
SEVERE: Not enough gas
</system-err>
  </testcase>
  <testcase time="5.047" classname="net.bigpoint.assessment.gasstation.implementation.StationImplTest" name="testBuyGas">
    <failure message="expected [true] but found [false]" type="java.lang.AssertionError">java.lang.AssertionError: expected [true] but found [false]
	at org.testng.Assert.fail(Assert.java:94)
	at org.testng.Assert.failNotEquals(Assert.java:494)
	at org.testng.Assert.assertTrue(Assert.java:42)
	at org.testng.Assert.assertTrue(Assert.java:52)
	at net.bigpoint.assessment.gasstation.implementation.StationImplTest.testBuyGas(StationImplTest.java:126)
</failure>
    <system-err>Jul 06, 2014 12:56:51 PM net.bigpoint.assessment.gasstation.implementation.StationImplTest testBuyGas
SEVERE: Not enough gas
</system-err>
  </testcase>
  <testcase time="5.047" classname="net.bigpoint.assessment.gasstation.implementation.StationImplTest" name="testBuyGas">
    <failure message="expected [true] but found [false]" type="java.lang.AssertionError">java.lang.AssertionError: expected [true] but found [false]
	at org.testng.Assert.fail(Assert.java:94)
	at org.testng.Assert.failNotEquals(Assert.java:494)
	at org.testng.Assert.assertTrue(Assert.java:42)
	at org.testng.Assert.assertTrue(Assert.java:52)
	at net.bigpoint.assessment.gasstation.implementation.StationImplTest.testBuyGas(StationImplTest.java:126)
</failure>
  </testcase>
  <testcase time="5.049" classname="net.bigpoint.assessment.gasstation.implementation.StationImplTest" name="testBuyGas">
    <failure message="expected [true] but found [false]" type="java.lang.AssertionError">java.lang.AssertionError: expected [true] but found [false]
	at org.testng.Assert.fail(Assert.java:94)
	at org.testng.Assert.failNotEquals(Assert.java:494)
	at org.testng.Assert.assertTrue(Assert.java:42)
	at org.testng.Assert.assertTrue(Assert.java:52)
	at net.bigpoint.assessment.gasstation.implementation.StationImplTest.testBuyGas(StationImplTest.java:126)
</failure>
    <system-err>Jul 06, 2014 12:56:51 PM net.bigpoint.assessment.gasstation.implementation.StationImplTest testBuyGas
SEVERE: Not enough gas
</system-err>
  </testcase>
  <testcase time="5.049" classname="net.bigpoint.assessment.gasstation.implementation.StationImplTest" name="testBuyGas">
    <failure message="expected [true] but found [false]" type="java.lang.AssertionError">java.lang.AssertionError: expected [true] but found [false]
	at org.testng.Assert.fail(Assert.java:94)
	at org.testng.Assert.failNotEquals(Assert.java:494)
	at org.testng.Assert.assertTrue(Assert.java:42)
	at org.testng.Assert.assertTrue(Assert.java:52)
	at net.bigpoint.assessment.gasstation.implementation.StationImplTest.testBuyGas(StationImplTest.java:126)
</failure>
    <system-err>Jul 06, 2014 12:56:51 PM net.bigpoint.assessment.gasstation.implementation.StationImplTest testBuyGas
SEVERE: Not enough gas
</system-err>
  </testcase>
  <testcase time="5.05" classname="net.bigpoint.assessment.gasstation.implementation.StationImplTest" name="testBuyGas">
    <failure message="expected [true] but found [false]" type="java.lang.AssertionError">java.lang.AssertionError: expected [true] but found [false]
	at org.testng.Assert.fail(Assert.java:94)
	at org.testng.Assert.failNotEquals(Assert.java:494)
	at org.testng.Assert.assertTrue(Assert.java:42)
	at org.testng.Assert.assertTrue(Assert.java:52)
	at net.bigpoint.assessment.gasstation.implementation.StationImplTest.testBuyGas(StationImplTest.java:126)
</failure>
    <system-err>Jul 06, 2014 12:56:51 PM net.bigpoint.assessment.gasstation.implementation.StationImplTest testBuyGas
SEVERE: Not enough gas
Jul 06, 2014 12:56:51 PM net.bigpoint.assessment.gasstation.implementation.StationImplTest testBuyGas
SEVERE: Not enough gas
</system-err>
  </testcase>
  <testcase time="5.051" classname="net.bigpoint.assessment.gasstation.implementation.StationImplTest" name="testBuyGas">
    <failure message="expected [true] but found [false]" type="java.lang.AssertionError">java.lang.AssertionError: expected [true] but found [false]
	at org.testng.Assert.fail(Assert.java:94)
	at org.testng.Assert.failNotEquals(Assert.java:494)
	at org.testng.Assert.assertTrue(Assert.java:42)
	at org.testng.Assert.assertTrue(Assert.java:52)
	at net.bigpoint.assessment.gasstation.implementation.StationImplTest.testBuyGas(StationImplTest.java:126)
</failure>
  </testcase>
  <testcase time="5.052" classname="net.bigpoint.assessment.gasstation.implementation.StationImplTest" name="testBuyGas">
    <failure message="expected [true] but found [false]" type="java.lang.AssertionError">java.lang.AssertionError: expected [true] but found [false]
	at org.testng.Assert.fail(Assert.java:94)
	at org.testng.Assert.failNotEquals(Assert.java:494)
	at org.testng.Assert.assertTrue(Assert.java:42)
	at org.testng.Assert.assertTrue(Assert.java:52)
	at net.bigpoint.assessment.gasstation.implementation.StationImplTest.testBuyGas(StationImplTest.java:126)
</failure>
    <system-err>Jul 06, 2014 12:56:51 PM net.bigpoint.assessment.gasstation.implementation.StationImplTest testBuyGas
SEVERE: Not enough gas
Jul 06, 2014 12:56:51 PM net.bigpoint.assessment.gasstation.implementation.StationImplTest testBuyGas
SEVERE: Not enough gas
</system-err>
  </testcase>
  <testcase time="5.053" classname="net.bigpoint.assessment.gasstation.implementation.StationImplTest" name="testBuyGas">
    <failure message="expected [true] but found [false]" type="java.lang.AssertionError">java.lang.AssertionError: expected [true] but found [false]
	at org.testng.Assert.fail(Assert.java:94)
	at org.testng.Assert.failNotEquals(Assert.java:494)
	at org.testng.Assert.assertTrue(Assert.java:42)
	at org.testng.Assert.assertTrue(Assert.java:52)
	at net.bigpoint.assessment.gasstation.implementation.StationImplTest.testBuyGas(StationImplTest.java:126)
</failure>
  </testcase>
  <testcase time="5.054" classname="net.bigpoint.assessment.gasstation.implementation.StationImplTest" name="testBuyGas">
    <failure message="expected [true] but found [false]" type="java.lang.AssertionError">java.lang.AssertionError: expected [true] but found [false]
	at org.testng.Assert.fail(Assert.java:94)
	at org.testng.Assert.failNotEquals(Assert.java:494)
	at org.testng.Assert.assertTrue(Assert.java:42)
	at org.testng.Assert.assertTrue(Assert.java:52)
	at net.bigpoint.assessment.gasstation.implementation.StationImplTest.testBuyGas(StationImplTest.java:126)
</failure>
    <system-err>Jul 06, 2014 12:56:51 PM net.bigpoint.assessment.gasstation.implementation.StationImplTest testBuyGas
SEVERE: Not enough gas
</system-err>
  </testcase>
  <testcase time="5.056" classname="net.bigpoint.assessment.gasstation.implementation.StationImplTest" name="testBuyGas">
    <failure message="expected [true] but found [false]" type="java.lang.AssertionError">java.lang.AssertionError: expected [true] but found [false]
	at org.testng.Assert.fail(Assert.java:94)
	at org.testng.Assert.failNotEquals(Assert.java:494)
	at org.testng.Assert.assertTrue(Assert.java:42)
	at org.testng.Assert.assertTrue(Assert.java:52)
	at net.bigpoint.assessment.gasstation.implementation.StationImplTest.testBuyGas(StationImplTest.java:126)
</failure>
    <system-err>Jul 06, 2014 12:56:51 PM net.bigpoint.assessment.gasstation.implementation.StationImplTest testBuyGas
SEVERE: Not enough gas
Jul 06, 2014 12:56:51 PM net.bigpoint.assessment.gasstation.implementation.StationImplTest testBuyGas
SEVERE: Not enough gas
</system-err>
  </testcase>
  <testcase time="5.056" classname="net.bigpoint.assessment.gasstation.implementation.StationImplTest" name="testBuyGas">
    <failure message="expected [true] but found [false]" type="java.lang.AssertionError">java.lang.AssertionError: expected [true] but found [false]
	at org.testng.Assert.fail(Assert.java:94)
	at org.testng.Assert.failNotEquals(Assert.java:494)
	at org.testng.Assert.assertTrue(Assert.java:42)
	at org.testng.Assert.assertTrue(Assert.java:52)
	at net.bigpoint.assessment.gasstation.implementation.StationImplTest.testBuyGas(StationImplTest.java:126)
</failure>
    <system-err>Jul 06, 2014 12:56:51 PM net.bigpoint.assessment.gasstation.implementation.StationImplTest testBuyGas
SEVERE: Not enough gas
</system-err>
  </testcase>
  <testcase time="5.056" classname="net.bigpoint.assessment.gasstation.implementation.StationImplTest" name="testBuyGas">
    <failure message="expected [true] but found [false]" type="java.lang.AssertionError">java.lang.AssertionError: expected [true] but found [false]
	at org.testng.Assert.fail(Assert.java:94)
	at org.testng.Assert.failNotEquals(Assert.java:494)
	at org.testng.Assert.assertTrue(Assert.java:42)
	at org.testng.Assert.assertTrue(Assert.java:52)
	at net.bigpoint.assessment.gasstation.implementation.StationImplTest.testBuyGas(StationImplTest.java:126)
</failure>
    <system-err>Jul 06, 2014 12:56:51 PM net.bigpoint.assessment.gasstation.implementation.StationImplTest testBuyGas
SEVERE: Not enough gas
</system-err>
  </testcase>
  <testcase time="5.057" classname="net.bigpoint.assessment.gasstation.implementation.StationImplTest" name="testBuyGas">
    <failure message="expected [true] but found [false]" type="java.lang.AssertionError">java.lang.AssertionError: expected [true] but found [false]
	at org.testng.Assert.fail(Assert.java:94)
	at org.testng.Assert.failNotEquals(Assert.java:494)
	at org.testng.Assert.assertTrue(Assert.java:42)
	at org.testng.Assert.assertTrue(Assert.java:52)
	at net.bigpoint.assessment.gasstation.implementation.StationImplTest.testBuyGas(StationImplTest.java:126)
</failure>
  </testcase>
  <testcase time="5.058" classname="net.bigpoint.assessment.gasstation.implementation.StationImplTest" name="testBuyGas">
    <failure message="expected [true] but found [false]" type="java.lang.AssertionError">java.lang.AssertionError: expected [true] but found [false]
	at org.testng.Assert.fail(Assert.java:94)
	at org.testng.Assert.failNotEquals(Assert.java:494)
	at org.testng.Assert.assertTrue(Assert.java:42)
	at org.testng.Assert.assertTrue(Assert.java:52)
	at net.bigpoint.assessment.gasstation.implementation.StationImplTest.testBuyGas(StationImplTest.java:126)
</failure>
    <system-err>Jul 06, 2014 12:56:51 PM net.bigpoint.assessment.gasstation.implementation.StationImplTest testBuyGas
SEVERE: Not enough gas
Jul 06, 2014 12:56:51 PM net.bigpoint.assessment.gasstation.implementation.StationImplTest testBuyGas
SEVERE: Not enough gas
</system-err>
  </testcase>
  <testcase time="5.059" classname="net.bigpoint.assessment.gasstation.implementation.StationImplTest" name="testBuyGas">
    <failure message="expected [true] but found [false]" type="java.lang.AssertionError">java.lang.AssertionError: expected [true] but found [false]
	at org.testng.Assert.fail(Assert.java:94)
	at org.testng.Assert.failNotEquals(Assert.java:494)
	at org.testng.Assert.assertTrue(Assert.java:42)
	at org.testng.Assert.assertTrue(Assert.java:52)
	at net.bigpoint.assessment.gasstation.implementation.StationImplTest.testBuyGas(StationImplTest.java:126)
</failure>
    <system-err>Jul 06, 2014 12:56:51 PM net.bigpoint.assessment.gasstation.implementation.StationImplTest testBuyGas
SEVERE: Not enough gas
</system-err>
  </testcase>
  <testcase time="5.059" classname="net.bigpoint.assessment.gasstation.implementation.StationImplTest" name="testBuyGas">
    <failure message="expected [true] but found [false]" type="java.lang.AssertionError">java.lang.AssertionError: expected [true] but found [false]
	at org.testng.Assert.fail(Assert.java:94)
	at org.testng.Assert.failNotEquals(Assert.java:494)
	at org.testng.Assert.assertTrue(Assert.java:42)
	at org.testng.Assert.assertTrue(Assert.java:52)
	at net.bigpoint.assessment.gasstation.implementation.StationImplTest.testBuyGas(StationImplTest.java:126)
</failure>
    <system-err>Jul 06, 2014 12:56:51 PM net.bigpoint.assessment.gasstation.implementation.StationImplTest testBuyGas
SEVERE: Not enough gas
</system-err>
  </testcase>
  <testcase time="5.06" classname="net.bigpoint.assessment.gasstation.implementation.StationImplTest" name="testBuyGas">
    <failure message="expected [true] but found [false]" type="java.lang.AssertionError">java.lang.AssertionError: expected [true] but found [false]
	at org.testng.Assert.fail(Assert.java:94)
	at org.testng.Assert.failNotEquals(Assert.java:494)
	at org.testng.Assert.assertTrue(Assert.java:42)
	at org.testng.Assert.assertTrue(Assert.java:52)
	at net.bigpoint.assessment.gasstation.implementation.StationImplTest.testBuyGas(StationImplTest.java:126)
</failure>
    <system-err>Jul 06, 2014 12:56:51 PM net.bigpoint.assessment.gasstation.implementation.StationImplTest testBuyGas
SEVERE: Not enough gas
</system-err>
  </testcase>
  <testcase time="5.06" classname="net.bigpoint.assessment.gasstation.implementation.StationImplTest" name="testBuyGas">
    <failure message="expected [true] but found [false]" type="java.lang.AssertionError">java.lang.AssertionError: expected [true] but found [false]
	at org.testng.Assert.fail(Assert.java:94)
	at org.testng.Assert.failNotEquals(Assert.java:494)
	at org.testng.Assert.assertTrue(Assert.java:42)
	at org.testng.Assert.assertTrue(Assert.java:52)
	at net.bigpoint.assessment.gasstation.implementation.StationImplTest.testBuyGas(StationImplTest.java:126)
</failure>
    <system-err>Jul 06, 2014 12:56:51 PM net.bigpoint.assessment.gasstation.implementation.StationImplTest testBuyGas
SEVERE: Not enough gas
</system-err>
  </testcase>
  <testcase time="5.061" classname="net.bigpoint.assessment.gasstation.implementation.StationImplTest" name="testBuyGas">
    <failure message="expected [true] but found [false]" type="java.lang.AssertionError">java.lang.AssertionError: expected [true] but found [false]
	at org.testng.Assert.fail(Assert.java:94)
	at org.testng.Assert.failNotEquals(Assert.java:494)
	at org.testng.Assert.assertTrue(Assert.java:42)
	at org.testng.Assert.assertTrue(Assert.java:52)
	at net.bigpoint.assessment.gasstation.implementation.StationImplTest.testBuyGas(StationImplTest.java:126)
</failure>
    <system-err>Jul 06, 2014 12:56:51 PM net.bigpoint.assessment.gasstation.implementation.StationImplTest testBuyGas
SEVERE: Not enough gas
</system-err>
  </testcase>
  <testcase time="5.061" classname="net.bigpoint.assessment.gasstation.implementation.StationImplTest" name="testBuyGas">
    <failure message="expected [true] but found [false]" type="java.lang.AssertionError">java.lang.AssertionError: expected [true] but found [false]
	at org.testng.Assert.fail(Assert.java:94)
	at org.testng.Assert.failNotEquals(Assert.java:494)
	at org.testng.Assert.assertTrue(Assert.java:42)
	at org.testng.Assert.assertTrue(Assert.java:52)
	at net.bigpoint.assessment.gasstation.implementation.StationImplTest.testBuyGas(StationImplTest.java:126)
</failure>
    <system-err>Jul 06, 2014 12:56:51 PM net.bigpoint.assessment.gasstation.implementation.StationImplTest testBuyGas
SEVERE: Not enough gas
</system-err>
  </testcase>
  <testcase time="5.062" classname="net.bigpoint.assessment.gasstation.implementation.StationImplTest" name="testBuyGas">
    <failure message="expected [true] but found [false]" type="java.lang.AssertionError">java.lang.AssertionError: expected [true] but found [false]
	at org.testng.Assert.fail(Assert.java:94)
	at org.testng.Assert.failNotEquals(Assert.java:494)
	at org.testng.Assert.assertTrue(Assert.java:42)
	at org.testng.Assert.assertTrue(Assert.java:52)
	at net.bigpoint.assessment.gasstation.implementation.StationImplTest.testBuyGas(StationImplTest.java:126)
</failure>
  </testcase>
  <testcase time="5.064" classname="net.bigpoint.assessment.gasstation.implementation.StationImplTest" name="testBuyGas">
    <failure message="expected [true] but found [false]" type="java.lang.AssertionError">java.lang.AssertionError: expected [true] but found [false]
	at org.testng.Assert.fail(Assert.java:94)
	at org.testng.Assert.failNotEquals(Assert.java:494)
	at org.testng.Assert.assertTrue(Assert.java:42)
	at org.testng.Assert.assertTrue(Assert.java:52)
	at net.bigpoint.assessment.gasstation.implementation.StationImplTest.testBuyGas(StationImplTest.java:126)
</failure>
    <system-err>Jul 06, 2014 12:56:51 PM net.bigpoint.assessment.gasstation.implementation.StationImplTest testBuyGas
SEVERE: Not enough gas
Jul 06, 2014 12:56:51 PM net.bigpoint.assessment.gasstation.implementation.StationImplTest testBuyGas
SEVERE: Not enough gas
Jul 06, 2014 12:56:51 PM net.bigpoint.assessment.gasstation.implementation.StationImplTest testBuyGas
SEVERE: Not enough gas
</system-err>
  </testcase>
  <testcase time="5.072" classname="net.bigpoint.assessment.gasstation.implementation.StationImplTest" name="testBuyGas">
    <failure message="expected [true] but found [false]" type="java.lang.AssertionError">java.lang.AssertionError: expected [true] but found [false]
	at org.testng.Assert.fail(Assert.java:94)
	at org.testng.Assert.failNotEquals(Assert.java:494)
	at org.testng.Assert.assertTrue(Assert.java:42)
	at org.testng.Assert.assertTrue(Assert.java:52)
	at net.bigpoint.assessment.gasstation.implementation.StationImplTest.testBuyGas(StationImplTest.java:126)
</failure>
    <system-err>Jul 06, 2014 12:56:51 PM net.bigpoint.assessment.gasstation.implementation.StationImplTest testBuyGas
SEVERE: Not enough gas
</system-err>
  </testcase>
  <testcase time="5.072" classname="net.bigpoint.assessment.gasstation.implementation.StationImplTest" name="testBuyGas">
    <failure message="expected [true] but found [false]" type="java.lang.AssertionError">java.lang.AssertionError: expected [true] but found [false]
	at org.testng.Assert.fail(Assert.java:94)
	at org.testng.Assert.failNotEquals(Assert.java:494)
	at org.testng.Assert.assertTrue(Assert.java:42)
	at org.testng.Assert.assertTrue(Assert.java:52)
	at net.bigpoint.assessment.gasstation.implementation.StationImplTest.testBuyGas(StationImplTest.java:126)
</failure>
    <system-err>Jul 06, 2014 12:56:51 PM net.bigpoint.assessment.gasstation.implementation.StationImplTest testBuyGas
SEVERE: Not enough gas
</system-err>
  </testcase>
  <testcase time="5.072" classname="net.bigpoint.assessment.gasstation.implementation.StationImplTest" name="testBuyGas">
    <failure message="expected [true] but found [false]" type="java.lang.AssertionError">java.lang.AssertionError: expected [true] but found [false]
	at org.testng.Assert.fail(Assert.java:94)
	at org.testng.Assert.failNotEquals(Assert.java:494)
	at org.testng.Assert.assertTrue(Assert.java:42)
	at org.testng.Assert.assertTrue(Assert.java:52)
	at net.bigpoint.assessment.gasstation.implementation.StationImplTest.testBuyGas(StationImplTest.java:126)
</failure>
    <system-err>Jul 06, 2014 12:56:51 PM net.bigpoint.assessment.gasstation.implementation.StationImplTest testBuyGas
SEVERE: Not enough gas
</system-err>
  </testcase>
  <testcase time="5.073" classname="net.bigpoint.assessment.gasstation.implementation.StationImplTest" name="testBuyGas">
    <failure message="expected [true] but found [false]" type="java.lang.AssertionError">java.lang.AssertionError: expected [true] but found [false]
	at org.testng.Assert.fail(Assert.java:94)
	at org.testng.Assert.failNotEquals(Assert.java:494)
	at org.testng.Assert.assertTrue(Assert.java:42)
	at org.testng.Assert.assertTrue(Assert.java:52)
	at net.bigpoint.assessment.gasstation.implementation.StationImplTest.testBuyGas(StationImplTest.java:126)
</failure>
    <system-err>Jul 06, 2014 12:56:51 PM net.bigpoint.assessment.gasstation.implementation.StationImplTest testBuyGas
SEVERE: Not enough gas
</system-err>
  </testcase>
  <testcase time="5.073" classname="net.bigpoint.assessment.gasstation.implementation.StationImplTest" name="testBuyGas">
    <failure message="expected [true] but found [false]" type="java.lang.AssertionError">java.lang.AssertionError: expected [true] but found [false]
	at org.testng.Assert.fail(Assert.java:94)
	at org.testng.Assert.failNotEquals(Assert.java:494)
	at org.testng.Assert.assertTrue(Assert.java:42)
	at org.testng.Assert.assertTrue(Assert.java:52)
	at net.bigpoint.assessment.gasstation.implementation.StationImplTest.testBuyGas(StationImplTest.java:126)
</failure>
    <system-err>Jul 06, 2014 12:56:51 PM net.bigpoint.assessment.gasstation.implementation.StationImplTest testBuyGas
SEVERE: Not enough gas
</system-err>
  </testcase>
  <testcase time="5.074" classname="net.bigpoint.assessment.gasstation.implementation.StationImplTest" name="testBuyGas">
    <failure message="expected [true] but found [false]" type="java.lang.AssertionError">java.lang.AssertionError: expected [true] but found [false]
	at org.testng.Assert.fail(Assert.java:94)
	at org.testng.Assert.failNotEquals(Assert.java:494)
	at org.testng.Assert.assertTrue(Assert.java:42)
	at org.testng.Assert.assertTrue(Assert.java:52)
	at net.bigpoint.assessment.gasstation.implementation.StationImplTest.testBuyGas(StationImplTest.java:126)
</failure>
    <system-err>Jul 06, 2014 12:56:51 PM net.bigpoint.assessment.gasstation.implementation.StationImplTest testBuyGas
SEVERE: Not enough gas
</system-err>
  </testcase>
  <testcase time="5.075" classname="net.bigpoint.assessment.gasstation.implementation.StationImplTest" name="testBuyGas">
    <failure message="expected [true] but found [false]" type="java.lang.AssertionError">java.lang.AssertionError: expected [true] but found [false]
	at org.testng.Assert.fail(Assert.java:94)
	at org.testng.Assert.failNotEquals(Assert.java:494)
	at org.testng.Assert.assertTrue(Assert.java:42)
	at org.testng.Assert.assertTrue(Assert.java:52)
	at net.bigpoint.assessment.gasstation.implementation.StationImplTest.testBuyGas(StationImplTest.java:126)
</failure>
    <system-err>Jul 06, 2014 12:56:51 PM net.bigpoint.assessment.gasstation.implementation.StationImplTest testBuyGas
SEVERE: Not enough gas
</system-err>
  </testcase>
  <testcase time="5.077" classname="net.bigpoint.assessment.gasstation.implementation.StationImplTest" name="testBuyGas">
    <failure message="expected [true] but found [false]" type="java.lang.AssertionError">java.lang.AssertionError: expected [true] but found [false]
	at org.testng.Assert.fail(Assert.java:94)
	at org.testng.Assert.failNotEquals(Assert.java:494)
	at org.testng.Assert.assertTrue(Assert.java:42)
	at org.testng.Assert.assertTrue(Assert.java:52)
	at net.bigpoint.assessment.gasstation.implementation.StationImplTest.testBuyGas(StationImplTest.java:126)
</failure>
    <system-err>Jul 06, 2014 12:56:51 PM net.bigpoint.assessment.gasstation.implementation.StationImplTest testBuyGas
SEVERE: Not enough gas
</system-err>
  </testcase>
  <testcase time="5.077" classname="net.bigpoint.assessment.gasstation.implementation.StationImplTest" name="testBuyGas">
    <failure message="expected [true] but found [false]" type="java.lang.AssertionError">java.lang.AssertionError: expected [true] but found [false]
	at org.testng.Assert.fail(Assert.java:94)
	at org.testng.Assert.failNotEquals(Assert.java:494)
	at org.testng.Assert.assertTrue(Assert.java:42)
	at org.testng.Assert.assertTrue(Assert.java:52)
	at net.bigpoint.assessment.gasstation.implementation.StationImplTest.testBuyGas(StationImplTest.java:126)
</failure>
    <system-err>Jul 06, 2014 12:56:51 PM net.bigpoint.assessment.gasstation.implementation.StationImplTest testBuyGas
SEVERE: Not enough gas
</system-err>
  </testcase>
  <testcase time="5.078" classname="net.bigpoint.assessment.gasstation.implementation.StationImplTest" name="testBuyGas">
    <failure message="expected [true] but found [false]" type="java.lang.AssertionError">java.lang.AssertionError: expected [true] but found [false]
	at org.testng.Assert.fail(Assert.java:94)
	at org.testng.Assert.failNotEquals(Assert.java:494)
	at org.testng.Assert.assertTrue(Assert.java:42)
	at org.testng.Assert.assertTrue(Assert.java:52)
	at net.bigpoint.assessment.gasstation.implementation.StationImplTest.testBuyGas(StationImplTest.java:126)
</failure>
    <system-err>Jul 06, 2014 12:56:51 PM net.bigpoint.assessment.gasstation.implementation.StationImplTest testBuyGas
SEVERE: Not enough gas
</system-err>
  </testcase>
  <testcase time="5.08" classname="net.bigpoint.assessment.gasstation.implementation.StationImplTest" name="testBuyGas">
    <failure message="expected [true] but found [false]" type="java.lang.AssertionError">java.lang.AssertionError: expected [true] but found [false]
	at org.testng.Assert.fail(Assert.java:94)
	at org.testng.Assert.failNotEquals(Assert.java:494)
	at org.testng.Assert.assertTrue(Assert.java:42)
	at org.testng.Assert.assertTrue(Assert.java:52)
	at net.bigpoint.assessment.gasstation.implementation.StationImplTest.testBuyGas(StationImplTest.java:126)
</failure>
  </testcase>
  <testcase time="5.08" classname="net.bigpoint.assessment.gasstation.implementation.StationImplTest" name="testBuyGas">
    <failure message="expected [true] but found [false]" type="java.lang.AssertionError">java.lang.AssertionError: expected [true] but found [false]
	at org.testng.Assert.fail(Assert.java:94)
	at org.testng.Assert.failNotEquals(Assert.java:494)
	at org.testng.Assert.assertTrue(Assert.java:42)
	at org.testng.Assert.assertTrue(Assert.java:52)
	at net.bigpoint.assessment.gasstation.implementation.StationImplTest.testBuyGas(StationImplTest.java:126)
</failure>
    <system-err>Jul 06, 2014 12:56:51 PM net.bigpoint.assessment.gasstation.implementation.StationImplTest testBuyGas
SEVERE: Not enough gas
</system-err>
  </testcase>
  <testcase time="5.081" classname="net.bigpoint.assessment.gasstation.implementation.StationImplTest" name="testBuyGas">
    <failure message="expected [true] but found [false]" type="java.lang.AssertionError">java.lang.AssertionError: expected [true] but found [false]
	at org.testng.Assert.fail(Assert.java:94)
	at org.testng.Assert.failNotEquals(Assert.java:494)
	at org.testng.Assert.assertTrue(Assert.java:42)
	at org.testng.Assert.assertTrue(Assert.java:52)
	at net.bigpoint.assessment.gasstation.implementation.StationImplTest.testBuyGas(StationImplTest.java:126)
</failure>
    <system-err>Jul 06, 2014 12:56:51 PM net.bigpoint.assessment.gasstation.implementation.StationImplTest testBuyGas
SEVERE: Not enough gas
</system-err>
  </testcase>
  <testcase time="5.083" classname="net.bigpoint.assessment.gasstation.implementation.StationImplTest" name="testBuyGas">
    <failure message="expected [true] but found [false]" type="java.lang.AssertionError">java.lang.AssertionError: expected [true] but found [false]
	at org.testng.Assert.fail(Assert.java:94)
	at org.testng.Assert.failNotEquals(Assert.java:494)
	at org.testng.Assert.assertTrue(Assert.java:42)
	at org.testng.Assert.assertTrue(Assert.java:52)
	at net.bigpoint.assessment.gasstation.implementation.StationImplTest.testBuyGas(StationImplTest.java:126)
</failure>
    <system-err>Jul 06, 2014 12:56:51 PM net.bigpoint.assessment.gasstation.implementation.StationImplTest testBuyGas
SEVERE: Not enough gas
</system-err>
  </testcase>
  <testcase time="5.083" classname="net.bigpoint.assessment.gasstation.implementation.StationImplTest" name="testBuyGas">
    <failure message="expected [true] but found [false]" type="java.lang.AssertionError">java.lang.AssertionError: expected [true] but found [false]
	at org.testng.Assert.fail(Assert.java:94)
	at org.testng.Assert.failNotEquals(Assert.java:494)
	at org.testng.Assert.assertTrue(Assert.java:42)
	at org.testng.Assert.assertTrue(Assert.java:52)
	at net.bigpoint.assessment.gasstation.implementation.StationImplTest.testBuyGas(StationImplTest.java:126)
</failure>
    <system-err>Jul 06, 2014 12:56:51 PM net.bigpoint.assessment.gasstation.implementation.StationImplTest testBuyGas
SEVERE: Not enough gas
</system-err>
  </testcase>
  <testcase time="5.084" classname="net.bigpoint.assessment.gasstation.implementation.StationImplTest" name="testBuyGas">
    <failure message="expected [true] but found [false]" type="java.lang.AssertionError">java.lang.AssertionError: expected [true] but found [false]
	at org.testng.Assert.fail(Assert.java:94)
	at org.testng.Assert.failNotEquals(Assert.java:494)
	at org.testng.Assert.assertTrue(Assert.java:42)
	at org.testng.Assert.assertTrue(Assert.java:52)
	at net.bigpoint.assessment.gasstation.implementation.StationImplTest.testBuyGas(StationImplTest.java:126)
</failure>
    <system-err>Jul 06, 2014 12:56:51 PM net.bigpoint.assessment.gasstation.implementation.StationImplTest testBuyGas
SEVERE: Not enough gas
</system-err>
  </testcase>
  <testcase time="5.085" classname="net.bigpoint.assessment.gasstation.implementation.StationImplTest" name="testBuyGas">
    <failure message="expected [true] but found [false]" type="java.lang.AssertionError">java.lang.AssertionError: expected [true] but found [false]
	at org.testng.Assert.fail(Assert.java:94)
	at org.testng.Assert.failNotEquals(Assert.java:494)
	at org.testng.Assert.assertTrue(Assert.java:42)
	at org.testng.Assert.assertTrue(Assert.java:52)
	at net.bigpoint.assessment.gasstation.implementation.StationImplTest.testBuyGas(StationImplTest.java:126)
</failure>
    <system-err>Jul 06, 2014 12:56:51 PM net.bigpoint.assessment.gasstation.implementation.StationImplTest testBuyGas
SEVERE: Not enough gas
</system-err>
  </testcase>
  <testcase time="5.087" classname="net.bigpoint.assessment.gasstation.implementation.StationImplTest" name="testBuyGas">
    <failure message="expected [true] but found [false]" type="java.lang.AssertionError">java.lang.AssertionError: expected [true] but found [false]
	at org.testng.Assert.fail(Assert.java:94)
	at org.testng.Assert.failNotEquals(Assert.java:494)
	at org.testng.Assert.assertTrue(Assert.java:42)
	at org.testng.Assert.assertTrue(Assert.java:52)
	at net.bigpoint.assessment.gasstation.implementation.StationImplTest.testBuyGas(StationImplTest.java:126)
</failure>
    <system-err>Jul 06, 2014 12:56:51 PM net.bigpoint.assessment.gasstation.implementation.StationImplTest testBuyGas
SEVERE: Not enough gas
</system-err>
  </testcase>
  <testcase time="5.088" classname="net.bigpoint.assessment.gasstation.implementation.StationImplTest" name="testBuyGas">
    <failure message="expected [true] but found [false]" type="java.lang.AssertionError">java.lang.AssertionError: expected [true] but found [false]
	at org.testng.Assert.fail(Assert.java:94)
	at org.testng.Assert.failNotEquals(Assert.java:494)
	at org.testng.Assert.assertTrue(Assert.java:42)
	at org.testng.Assert.assertTrue(Assert.java:52)
	at net.bigpoint.assessment.gasstation.implementation.StationImplTest.testBuyGas(StationImplTest.java:126)
</failure>
    <system-err>Jul 06, 2014 12:56:51 PM net.bigpoint.assessment.gasstation.implementation.StationImplTest testBuyGas
SEVERE: Not enough gas
Jul 06, 2014 12:56:51 PM net.bigpoint.assessment.gasstation.implementation.StationImplTest testBuyGas
SEVERE: Not enough gas
</system-err>
  </testcase>
  <testcase time="5.088" classname="net.bigpoint.assessment.gasstation.implementation.StationImplTest" name="testBuyGas">
    <failure message="expected [true] but found [false]" type="java.lang.AssertionError">java.lang.AssertionError: expected [true] but found [false]
	at org.testng.Assert.fail(Assert.java:94)
	at org.testng.Assert.failNotEquals(Assert.java:494)
	at org.testng.Assert.assertTrue(Assert.java:42)
	at org.testng.Assert.assertTrue(Assert.java:52)
	at net.bigpoint.assessment.gasstation.implementation.StationImplTest.testBuyGas(StationImplTest.java:126)
</failure>
  </testcase>
  <testcase time="5.091" classname="net.bigpoint.assessment.gasstation.implementation.StationImplTest" name="testBuyGas">
    <failure message="expected [true] but found [false]" type="java.lang.AssertionError">java.lang.AssertionError: expected [true] but found [false]
	at org.testng.Assert.fail(Assert.java:94)
	at org.testng.Assert.failNotEquals(Assert.java:494)
	at org.testng.Assert.assertTrue(Assert.java:42)
	at org.testng.Assert.assertTrue(Assert.java:52)
	at net.bigpoint.assessment.gasstation.implementation.StationImplTest.testBuyGas(StationImplTest.java:126)
</failure>
    <system-err>Jul 06, 2014 12:56:51 PM net.bigpoint.assessment.gasstation.implementation.StationImplTest testBuyGas
SEVERE: Not enough gas
</system-err>
  </testcase>
  <testcase time="5.091" classname="net.bigpoint.assessment.gasstation.implementation.StationImplTest" name="testBuyGas">
    <failure message="expected [true] but found [false]" type="java.lang.AssertionError">java.lang.AssertionError: expected [true] but found [false]
	at org.testng.Assert.fail(Assert.java:94)
	at org.testng.Assert.failNotEquals(Assert.java:494)
	at org.testng.Assert.assertTrue(Assert.java:42)
	at org.testng.Assert.assertTrue(Assert.java:52)
	at net.bigpoint.assessment.gasstation.implementation.StationImplTest.testBuyGas(StationImplTest.java:126)
</failure>
    <system-err>Jul 06, 2014 12:56:51 PM net.bigpoint.assessment.gasstation.implementation.StationImplTest testBuyGas
SEVERE: Not enough gas
</system-err>
  </testcase>
  <testcase time="5.093" classname="net.bigpoint.assessment.gasstation.implementation.StationImplTest" name="testBuyGas">
    <failure message="expected [true] but found [false]" type="java.lang.AssertionError">java.lang.AssertionError: expected [true] but found [false]
	at org.testng.Assert.fail(Assert.java:94)
	at org.testng.Assert.failNotEquals(Assert.java:494)
	at org.testng.Assert.assertTrue(Assert.java:42)
	at org.testng.Assert.assertTrue(Assert.java:52)
	at net.bigpoint.assessment.gasstation.implementation.StationImplTest.testBuyGas(StationImplTest.java:126)
</failure>
    <system-err>Jul 06, 2014 12:56:51 PM net.bigpoint.assessment.gasstation.implementation.StationImplTest testBuyGas
SEVERE: Not enough gas
Jul 06, 2014 12:56:51 PM net.bigpoint.assessment.gasstation.implementation.StationImplTest testBuyGas
SEVERE: Not enough gas
</system-err>
  </testcase>
  <testcase time="5.093" classname="net.bigpoint.assessment.gasstation.implementation.StationImplTest" name="testBuyGas">
    <failure message="expected [true] but found [false]" type="java.lang.AssertionError">java.lang.AssertionError: expected [true] but found [false]
	at org.testng.Assert.fail(Assert.java:94)
	at org.testng.Assert.failNotEquals(Assert.java:494)
	at org.testng.Assert.assertTrue(Assert.java:42)
	at org.testng.Assert.assertTrue(Assert.java:52)
	at net.bigpoint.assessment.gasstation.implementation.StationImplTest.testBuyGas(StationImplTest.java:126)
</failure>
    <system-err>Jul 06, 2014 12:56:51 PM net.bigpoint.assessment.gasstation.implementation.StationImplTest testBuyGas
SEVERE: Not enough gas
</system-err>
  </testcase>
  <testcase time="5.093" classname="net.bigpoint.assessment.gasstation.implementation.StationImplTest" name="testBuyGas">
    <failure message="expected [true] but found [false]" type="java.lang.AssertionError">java.lang.AssertionError: expected [true] but found [false]
	at org.testng.Assert.fail(Assert.java:94)
	at org.testng.Assert.failNotEquals(Assert.java:494)
	at org.testng.Assert.assertTrue(Assert.java:42)
	at org.testng.Assert.assertTrue(Assert.java:52)
	at net.bigpoint.assessment.gasstation.implementation.StationImplTest.testBuyGas(StationImplTest.java:126)
</failure>
  </testcase>
  <testcase time="5.094" classname="net.bigpoint.assessment.gasstation.implementation.StationImplTest" name="testBuyGas">
    <failure message="expected [true] but found [false]" type="java.lang.AssertionError">java.lang.AssertionError: expected [true] but found [false]
	at org.testng.Assert.fail(Assert.java:94)
	at org.testng.Assert.failNotEquals(Assert.java:494)
	at org.testng.Assert.assertTrue(Assert.java:42)
	at org.testng.Assert.assertTrue(Assert.java:52)
	at net.bigpoint.assessment.gasstation.implementation.StationImplTest.testBuyGas(StationImplTest.java:126)
</failure>
    <system-err>Jul 06, 2014 12:56:51 PM net.bigpoint.assessment.gasstation.implementation.StationImplTest testBuyGas
SEVERE: Not enough gas
Jul 06, 2014 12:56:51 PM net.bigpoint.assessment.gasstation.implementation.StationImplTest testBuyGas
SEVERE: Not enough gas
</system-err>
  </testcase>
  <testcase time="5.095" classname="net.bigpoint.assessment.gasstation.implementation.StationImplTest" name="testBuyGas">
    <failure message="expected [true] but found [false]" type="java.lang.AssertionError">java.lang.AssertionError: expected [true] but found [false]
	at org.testng.Assert.fail(Assert.java:94)
	at org.testng.Assert.failNotEquals(Assert.java:494)
	at org.testng.Assert.assertTrue(Assert.java:42)
	at org.testng.Assert.assertTrue(Assert.java:52)
	at net.bigpoint.assessment.gasstation.implementation.StationImplTest.testBuyGas(StationImplTest.java:126)
</failure>
    <system-err>Jul 06, 2014 12:56:51 PM net.bigpoint.assessment.gasstation.implementation.StationImplTest testBuyGas
SEVERE: Not enough gas
</system-err>
  </testcase>
  <testcase time="5.096" classname="net.bigpoint.assessment.gasstation.implementation.StationImplTest" name="testBuyGas">
    <failure message="expected [true] but found [false]" type="java.lang.AssertionError">java.lang.AssertionError: expected [true] but found [false]
	at org.testng.Assert.fail(Assert.java:94)
	at org.testng.Assert.failNotEquals(Assert.java:494)
	at org.testng.Assert.assertTrue(Assert.java:42)
	at org.testng.Assert.assertTrue(Assert.java:52)
	at net.bigpoint.assessment.gasstation.implementation.StationImplTest.testBuyGas(StationImplTest.java:126)
</failure>
  </testcase>
  <testcase time="5.096" classname="net.bigpoint.assessment.gasstation.implementation.StationImplTest" name="testBuyGas">
    <failure message="expected [true] but found [false]" type="java.lang.AssertionError">java.lang.AssertionError: expected [true] but found [false]
	at org.testng.Assert.fail(Assert.java:94)
	at org.testng.Assert.failNotEquals(Assert.java:494)
	at org.testng.Assert.assertTrue(Assert.java:42)
	at org.testng.Assert.assertTrue(Assert.java:52)
	at net.bigpoint.assessment.gasstation.implementation.StationImplTest.testBuyGas(StationImplTest.java:126)
</failure>
  </testcase>
  <testcase time="5.097" classname="net.bigpoint.assessment.gasstation.implementation.StationImplTest" name="testBuyGas">
    <failure message="expected [true] but found [false]" type="java.lang.AssertionError">java.lang.AssertionError: expected [true] but found [false]
	at org.testng.Assert.fail(Assert.java:94)
	at org.testng.Assert.failNotEquals(Assert.java:494)
	at org.testng.Assert.assertTrue(Assert.java:42)
	at org.testng.Assert.assertTrue(Assert.java:52)
	at net.bigpoint.assessment.gasstation.implementation.StationImplTest.testBuyGas(StationImplTest.java:126)
</failure>
    <system-err>Jul 06, 2014 12:56:51 PM net.bigpoint.assessment.gasstation.implementation.StationImplTest testBuyGas
SEVERE: Not enough gas
Jul 06, 2014 12:56:51 PM net.bigpoint.assessment.gasstation.implementation.StationImplTest testBuyGas
SEVERE: Not enough gas
</system-err>
  </testcase>
  <testcase time="5.098" classname="net.bigpoint.assessment.gasstation.implementation.StationImplTest" name="testBuyGas">
    <failure message="expected [true] but found [false]" type="java.lang.AssertionError">java.lang.AssertionError: expected [true] but found [false]
	at org.testng.Assert.fail(Assert.java:94)
	at org.testng.Assert.failNotEquals(Assert.java:494)
	at org.testng.Assert.assertTrue(Assert.java:42)
	at org.testng.Assert.assertTrue(Assert.java:52)
	at net.bigpoint.assessment.gasstation.implementation.StationImplTest.testBuyGas(StationImplTest.java:126)
</failure>
    <system-err>Jul 06, 2014 12:56:51 PM net.bigpoint.assessment.gasstation.implementation.StationImplTest testBuyGas
SEVERE: Not enough gas
</system-err>
  </testcase>
  <testcase time="5.098" classname="net.bigpoint.assessment.gasstation.implementation.StationImplTest" name="testBuyGas">
    <failure message="expected [true] but found [false]" type="java.lang.AssertionError">java.lang.AssertionError: expected [true] but found [false]
	at org.testng.Assert.fail(Assert.java:94)
	at org.testng.Assert.failNotEquals(Assert.java:494)
	at org.testng.Assert.assertTrue(Assert.java:42)
	at org.testng.Assert.assertTrue(Assert.java:52)
	at net.bigpoint.assessment.gasstation.implementation.StationImplTest.testBuyGas(StationImplTest.java:126)
</failure>
    <system-err>Jul 06, 2014 12:56:51 PM net.bigpoint.assessment.gasstation.implementation.StationImplTest testBuyGas
SEVERE: Not enough gas
</system-err>
  </testcase>
  <testcase time="5.098" classname="net.bigpoint.assessment.gasstation.implementation.StationImplTest" name="testBuyGas">
    <failure message="expected [true] but found [false]" type="java.lang.AssertionError">java.lang.AssertionError: expected [true] but found [false]
	at org.testng.Assert.fail(Assert.java:94)
	at org.testng.Assert.failNotEquals(Assert.java:494)
	at org.testng.Assert.assertTrue(Assert.java:42)
	at org.testng.Assert.assertTrue(Assert.java:52)
	at net.bigpoint.assessment.gasstation.implementation.StationImplTest.testBuyGas(StationImplTest.java:126)
</failure>
    <system-err>Jul 06, 2014 12:56:51 PM net.bigpoint.assessment.gasstation.implementation.StationImplTest testBuyGas
SEVERE: Not enough gas
</system-err>
  </testcase>
  <testcase time="5.099" classname="net.bigpoint.assessment.gasstation.implementation.StationImplTest" name="testBuyGas">
    <failure message="expected [true] but found [false]" type="java.lang.AssertionError">java.lang.AssertionError: expected [true] but found [false]
	at org.testng.Assert.fail(Assert.java:94)
	at org.testng.Assert.failNotEquals(Assert.java:494)
	at org.testng.Assert.assertTrue(Assert.java:42)
	at org.testng.Assert.assertTrue(Assert.java:52)
	at net.bigpoint.assessment.gasstation.implementation.StationImplTest.testBuyGas(StationImplTest.java:126)
</failure>
    <system-err>Jul 06, 2014 12:56:51 PM net.bigpoint.assessment.gasstation.implementation.StationImplTest testBuyGas
SEVERE: Not enough gas
</system-err>
  </testcase>
  <testcase time="5.099" classname="net.bigpoint.assessment.gasstation.implementation.StationImplTest" name="testBuyGas">
    <failure message="expected [true] but found [false]" type="java.lang.AssertionError">java.lang.AssertionError: expected [true] but found [false]
	at org.testng.Assert.fail(Assert.java:94)
	at org.testng.Assert.failNotEquals(Assert.java:494)
	at org.testng.Assert.assertTrue(Assert.java:42)
	at org.testng.Assert.assertTrue(Assert.java:52)
	at net.bigpoint.assessment.gasstation.implementation.StationImplTest.testBuyGas(StationImplTest.java:126)
</failure>
    <system-err>Jul 06, 2014 12:56:51 PM net.bigpoint.assessment.gasstation.implementation.StationImplTest testBuyGas
SEVERE: Not enough gas
</system-err>
  </testcase>
  <testcase time="5.1" classname="net.bigpoint.assessment.gasstation.implementation.StationImplTest" name="testBuyGas">
    <failure message="expected [true] but found [false]" type="java.lang.AssertionError">java.lang.AssertionError: expected [true] but found [false]
	at org.testng.Assert.fail(Assert.java:94)
	at org.testng.Assert.failNotEquals(Assert.java:494)
	at org.testng.Assert.assertTrue(Assert.java:42)
	at org.testng.Assert.assertTrue(Assert.java:52)
	at net.bigpoint.assessment.gasstation.implementation.StationImplTest.testBuyGas(StationImplTest.java:126)
</failure>
    <system-err>Jul 06, 2014 12:56:51 PM net.bigpoint.assessment.gasstation.implementation.StationImplTest testBuyGas
SEVERE: Not enough gas
</system-err>
  </testcase>
  <testcase time="5.1" classname="net.bigpoint.assessment.gasstation.implementation.StationImplTest" name="testBuyGas">
    <failure message="expected [true] but found [false]" type="java.lang.AssertionError">java.lang.AssertionError: expected [true] but found [false]
	at org.testng.Assert.fail(Assert.java:94)
	at org.testng.Assert.failNotEquals(Assert.java:494)
	at org.testng.Assert.assertTrue(Assert.java:42)
	at org.testng.Assert.assertTrue(Assert.java:52)
	at net.bigpoint.assessment.gasstation.implementation.StationImplTest.testBuyGas(StationImplTest.java:126)
</failure>
  </testcase>
  <testcase time="5.102" classname="net.bigpoint.assessment.gasstation.implementation.StationImplTest" name="testBuyGas">
    <failure message="expected [true] but found [false]" type="java.lang.AssertionError">java.lang.AssertionError: expected [true] but found [false]
	at org.testng.Assert.fail(Assert.java:94)
	at org.testng.Assert.failNotEquals(Assert.java:494)
	at org.testng.Assert.assertTrue(Assert.java:42)
	at org.testng.Assert.assertTrue(Assert.java:52)
	at net.bigpoint.assessment.gasstation.implementation.StationImplTest.testBuyGas(StationImplTest.java:126)
</failure>
    <system-err>Jul 06, 2014 12:56:51 PM net.bigpoint.assessment.gasstation.stationimpl.StationImpl buyGas
INFO: [PUMP STATISTICS] amount remaining: 0.0662266262772222
Jul 06, 2014 12:56:51 PM net.bigpoint.assessment.gasstation.implementation.StationImplTest testBuyGas
SEVERE: Not enough gas
Jul 06, 2014 12:56:51 PM net.bigpoint.assessment.gasstation.implementation.StationImplTest testBuyGas
SEVERE: Not enough gas
</system-err>
  </testcase>
  <testcase time="5.102" classname="net.bigpoint.assessment.gasstation.implementation.StationImplTest" name="testBuyGas">
    <failure message="expected [true] but found [false]" type="java.lang.AssertionError">java.lang.AssertionError: expected [true] but found [false]
	at org.testng.Assert.fail(Assert.java:94)
	at org.testng.Assert.failNotEquals(Assert.java:494)
	at org.testng.Assert.assertTrue(Assert.java:42)
	at org.testng.Assert.assertTrue(Assert.java:52)
	at net.bigpoint.assessment.gasstation.implementation.StationImplTest.testBuyGas(StationImplTest.java:126)
</failure>
  </testcase>
  <testcase time="5.103" classname="net.bigpoint.assessment.gasstation.implementation.StationImplTest" name="testBuyGas">
    <failure message="expected [true] but found [false]" type="java.lang.AssertionError">java.lang.AssertionError: expected [true] but found [false]
	at org.testng.Assert.fail(Assert.java:94)
	at org.testng.Assert.failNotEquals(Assert.java:494)
	at org.testng.Assert.assertTrue(Assert.java:42)
	at org.testng.Assert.assertTrue(Assert.java:52)
	at net.bigpoint.assessment.gasstation.implementation.StationImplTest.testBuyGas(StationImplTest.java:126)
</failure>
    <system-err>Jul 06, 2014 12:56:51 PM net.bigpoint.assessment.gasstation.implementation.StationImplTest testBuyGas
SEVERE: Not enough gas
Jul 06, 2014 12:56:51 PM net.bigpoint.assessment.gasstation.implementation.StationImplTest testBuyGas
SEVERE: Not enough gas
</system-err>
  </testcase>
  <testcase time="5.105" classname="net.bigpoint.assessment.gasstation.implementation.StationImplTest" name="testBuyGas">
    <failure message="expected [true] but found [false]" type="java.lang.AssertionError">java.lang.AssertionError: expected [true] but found [false]
	at org.testng.Assert.fail(Assert.java:94)
	at org.testng.Assert.failNotEquals(Assert.java:494)
	at org.testng.Assert.assertTrue(Assert.java:42)
	at org.testng.Assert.assertTrue(Assert.java:52)
	at net.bigpoint.assessment.gasstation.implementation.StationImplTest.testBuyGas(StationImplTest.java:126)
</failure>
    <system-err>Jul 06, 2014 12:56:51 PM net.bigpoint.assessment.gasstation.implementation.StationImplTest testBuyGas
SEVERE: Not enough gas
</system-err>
  </testcase>
  <testcase time="5.105" classname="net.bigpoint.assessment.gasstation.implementation.StationImplTest" name="testBuyGas">
    <failure message="expected [true] but found [false]" type="java.lang.AssertionError">java.lang.AssertionError: expected [true] but found [false]
	at org.testng.Assert.fail(Assert.java:94)
	at org.testng.Assert.failNotEquals(Assert.java:494)
	at org.testng.Assert.assertTrue(Assert.java:42)
	at org.testng.Assert.assertTrue(Assert.java:52)
	at net.bigpoint.assessment.gasstation.implementation.StationImplTest.testBuyGas(StationImplTest.java:126)
</failure>
    <system-err>Jul 06, 2014 12:56:51 PM net.bigpoint.assessment.gasstation.implementation.StationImplTest testBuyGas
SEVERE: Not enough gas
</system-err>
  </testcase>
  <testcase time="5.105" classname="net.bigpoint.assessment.gasstation.implementation.StationImplTest" name="testBuyGas">
    <failure message="expected [true] but found [false]" type="java.lang.AssertionError">java.lang.AssertionError: expected [true] but found [false]
	at org.testng.Assert.fail(Assert.java:94)
	at org.testng.Assert.failNotEquals(Assert.java:494)
	at org.testng.Assert.assertTrue(Assert.java:42)
	at org.testng.Assert.assertTrue(Assert.java:52)
	at net.bigpoint.assessment.gasstation.implementation.StationImplTest.testBuyGas(StationImplTest.java:126)
</failure>
  </testcase>
  <testcase time="5.106" classname="net.bigpoint.assessment.gasstation.implementation.StationImplTest" name="testBuyGas">
    <failure message="expected [true] but found [false]" type="java.lang.AssertionError">java.lang.AssertionError: expected [true] but found [false]
	at org.testng.Assert.fail(Assert.java:94)
	at org.testng.Assert.failNotEquals(Assert.java:494)
	at org.testng.Assert.assertTrue(Assert.java:42)
	at org.testng.Assert.assertTrue(Assert.java:52)
	at net.bigpoint.assessment.gasstation.implementation.StationImplTest.testBuyGas(StationImplTest.java:126)
</failure>
    <system-err>Jul 06, 2014 12:56:51 PM net.bigpoint.assessment.gasstation.implementation.StationImplTest testBuyGas
SEVERE: Not enough gas
</system-err>
  </testcase>
  <testcase time="5.107" classname="net.bigpoint.assessment.gasstation.implementation.StationImplTest" name="testBuyGas">
    <failure message="expected [true] but found [false]" type="java.lang.AssertionError">java.lang.AssertionError: expected [true] but found [false]
	at org.testng.Assert.fail(Assert.java:94)
	at org.testng.Assert.failNotEquals(Assert.java:494)
	at org.testng.Assert.assertTrue(Assert.java:42)
	at org.testng.Assert.assertTrue(Assert.java:52)
	at net.bigpoint.assessment.gasstation.implementation.StationImplTest.testBuyGas(StationImplTest.java:126)
</failure>
    <system-err>Jul 06, 2014 12:56:51 PM net.bigpoint.assessment.gasstation.implementation.StationImplTest testBuyGas
SEVERE: Not enough gas
Jul 06, 2014 12:56:51 PM net.bigpoint.assessment.gasstation.implementation.StationImplTest testBuyGas
SEVERE: Not enough gas
</system-err>
  </testcase>
  <testcase time="5.108" classname="net.bigpoint.assessment.gasstation.implementation.StationImplTest" name="testBuyGas">
    <failure message="expected [true] but found [false]" type="java.lang.AssertionError">java.lang.AssertionError: expected [true] but found [false]
	at org.testng.Assert.fail(Assert.java:94)
	at org.testng.Assert.failNotEquals(Assert.java:494)
	at org.testng.Assert.assertTrue(Assert.java:42)
	at org.testng.Assert.assertTrue(Assert.java:52)
	at net.bigpoint.assessment.gasstation.implementation.StationImplTest.testBuyGas(StationImplTest.java:126)
</failure>
  </testcase>
  <testcase time="5.11" classname="net.bigpoint.assessment.gasstation.implementation.StationImplTest" name="testBuyGas">
    <failure message="expected [true] but found [false]" type="java.lang.AssertionError">java.lang.AssertionError: expected [true] but found [false]
	at org.testng.Assert.fail(Assert.java:94)
	at org.testng.Assert.failNotEquals(Assert.java:494)
	at org.testng.Assert.assertTrue(Assert.java:42)
	at org.testng.Assert.assertTrue(Assert.java:52)
	at net.bigpoint.assessment.gasstation.implementation.StationImplTest.testBuyGas(StationImplTest.java:126)
</failure>
    <system-err>Jul 06, 2014 12:56:51 PM net.bigpoint.assessment.gasstation.implementation.StationImplTest testBuyGas
SEVERE: Not enough gas
</system-err>
  </testcase>
  <testcase time="5.112" classname="net.bigpoint.assessment.gasstation.implementation.StationImplTest" name="testBuyGas">
    <failure message="expected [true] but found [false]" type="java.lang.AssertionError">java.lang.AssertionError: expected [true] but found [false]
	at org.testng.Assert.fail(Assert.java:94)
	at org.testng.Assert.failNotEquals(Assert.java:494)
	at org.testng.Assert.assertTrue(Assert.java:42)
	at org.testng.Assert.assertTrue(Assert.java:52)
	at net.bigpoint.assessment.gasstation.implementation.StationImplTest.testBuyGas(StationImplTest.java:126)
</failure>
    <system-err>Jul 06, 2014 12:56:51 PM net.bigpoint.assessment.gasstation.implementation.StationImplTest testBuyGas
SEVERE: Not enough gas
Jul 06, 2014 12:56:51 PM net.bigpoint.assessment.gasstation.implementation.StationImplTest testBuyGas
SEVERE: Not enough gas
</system-err>
  </testcase>
  <testcase time="5.113" classname="net.bigpoint.assessment.gasstation.implementation.StationImplTest" name="testBuyGas">
    <failure message="expected [true] but found [false]" type="java.lang.AssertionError">java.lang.AssertionError: expected [true] but found [false]
	at org.testng.Assert.fail(Assert.java:94)
	at org.testng.Assert.failNotEquals(Assert.java:494)
	at org.testng.Assert.assertTrue(Assert.java:42)
	at org.testng.Assert.assertTrue(Assert.java:52)
	at net.bigpoint.assessment.gasstation.implementation.StationImplTest.testBuyGas(StationImplTest.java:126)
</failure>
    <system-err>Jul 06, 2014 12:56:51 PM net.bigpoint.assessment.gasstation.implementation.StationImplTest testBuyGas
SEVERE: Not enough gas
</system-err>
  </testcase>
  <testcase time="5.113" classname="net.bigpoint.assessment.gasstation.implementation.StationImplTest" name="testBuyGas">
    <failure message="expected [true] but found [false]" type="java.lang.AssertionError">java.lang.AssertionError: expected [true] but found [false]
	at org.testng.Assert.fail(Assert.java:94)
	at org.testng.Assert.failNotEquals(Assert.java:494)
	at org.testng.Assert.assertTrue(Assert.java:42)
	at org.testng.Assert.assertTrue(Assert.java:52)
	at net.bigpoint.assessment.gasstation.implementation.StationImplTest.testBuyGas(StationImplTest.java:126)
</failure>
  </testcase>
  <testcase time="5.113" classname="net.bigpoint.assessment.gasstation.implementation.StationImplTest" name="testBuyGas">
    <failure message="expected [true] but found [false]" type="java.lang.AssertionError">java.lang.AssertionError: expected [true] but found [false]
	at org.testng.Assert.fail(Assert.java:94)
	at org.testng.Assert.failNotEquals(Assert.java:494)
	at org.testng.Assert.assertTrue(Assert.java:42)
	at org.testng.Assert.assertTrue(Assert.java:52)
	at net.bigpoint.assessment.gasstation.implementation.StationImplTest.testBuyGas(StationImplTest.java:126)
</failure>
    <system-err>Jul 06, 2014 12:56:51 PM net.bigpoint.assessment.gasstation.implementation.StationImplTest testBuyGas
SEVERE: Not enough gas
</system-err>
  </testcase>
  <testcase time="5.115" classname="net.bigpoint.assessment.gasstation.implementation.StationImplTest" name="testBuyGas">
    <failure message="expected [true] but found [false]" type="java.lang.AssertionError">java.lang.AssertionError: expected [true] but found [false]
	at org.testng.Assert.fail(Assert.java:94)
	at org.testng.Assert.failNotEquals(Assert.java:494)
	at org.testng.Assert.assertTrue(Assert.java:42)
	at org.testng.Assert.assertTrue(Assert.java:52)
	at net.bigpoint.assessment.gasstation.implementation.StationImplTest.testBuyGas(StationImplTest.java:126)
</failure>
    <system-err>Jul 06, 2014 12:56:51 PM net.bigpoint.assessment.gasstation.implementation.StationImplTest testBuyGas
SEVERE: Not enough gas
</system-err>
  </testcase>
  <testcase time="5.117" classname="net.bigpoint.assessment.gasstation.implementation.StationImplTest" name="testBuyGas">
    <failure message="expected [true] but found [false]" type="java.lang.AssertionError">java.lang.AssertionError: expected [true] but found [false]
	at org.testng.Assert.fail(Assert.java:94)
	at org.testng.Assert.failNotEquals(Assert.java:494)
	at org.testng.Assert.assertTrue(Assert.java:42)
	at org.testng.Assert.assertTrue(Assert.java:52)
	at net.bigpoint.assessment.gasstation.implementation.StationImplTest.testBuyGas(StationImplTest.java:126)
</failure>
    <system-err>Jul 06, 2014 12:56:51 PM net.bigpoint.assessment.gasstation.implementation.StationImplTest testBuyGas
SEVERE: Not enough gas
</system-err>
  </testcase>
  <testcase time="5.119" classname="net.bigpoint.assessment.gasstation.implementation.StationImplTest" name="testBuyGas">
    <failure message="expected [true] but found [false]" type="java.lang.AssertionError">java.lang.AssertionError: expected [true] but found [false]
	at org.testng.Assert.fail(Assert.java:94)
	at org.testng.Assert.failNotEquals(Assert.java:494)
	at org.testng.Assert.assertTrue(Assert.java:42)
	at org.testng.Assert.assertTrue(Assert.java:52)
	at net.bigpoint.assessment.gasstation.implementation.StationImplTest.testBuyGas(StationImplTest.java:126)
</failure>
    <system-err>Jul 06, 2014 12:56:51 PM net.bigpoint.assessment.gasstation.implementation.StationImplTest testBuyGas
SEVERE: Not enough gas
</system-err>
  </testcase>
  <testcase time="5.123" classname="net.bigpoint.assessment.gasstation.implementation.StationImplTest" name="testBuyGas">
    <failure message="expected [true] but found [false]" type="java.lang.AssertionError">java.lang.AssertionError: expected [true] but found [false]
	at org.testng.Assert.fail(Assert.java:94)
	at org.testng.Assert.failNotEquals(Assert.java:494)
	at org.testng.Assert.assertTrue(Assert.java:42)
	at org.testng.Assert.assertTrue(Assert.java:52)
	at net.bigpoint.assessment.gasstation.implementation.StationImplTest.testBuyGas(StationImplTest.java:126)
</failure>
    <system-err>Jul 06, 2014 12:56:51 PM net.bigpoint.assessment.gasstation.implementation.StationImplTest testBuyGas
SEVERE: Not enough gas
</system-err>
  </testcase>
  <testcase time="5.124" classname="net.bigpoint.assessment.gasstation.implementation.StationImplTest" name="testBuyGas">
    <failure message="expected [true] but found [false]" type="java.lang.AssertionError">java.lang.AssertionError: expected [true] but found [false]
	at org.testng.Assert.fail(Assert.java:94)
	at org.testng.Assert.failNotEquals(Assert.java:494)
	at org.testng.Assert.assertTrue(Assert.java:42)
	at org.testng.Assert.assertTrue(Assert.java:52)
	at net.bigpoint.assessment.gasstation.implementation.StationImplTest.testBuyGas(StationImplTest.java:126)
</failure>
    <system-err>Jul 06, 2014 12:56:51 PM net.bigpoint.assessment.gasstation.implementation.StationImplTest testBuyGas
SEVERE: Not enough gas
</system-err>
  </testcase>
  <testcase time="5.126" classname="net.bigpoint.assessment.gasstation.implementation.StationImplTest" name="testBuyGas">
    <failure message="expected [true] but found [false]" type="java.lang.AssertionError">java.lang.AssertionError: expected [true] but found [false]
	at org.testng.Assert.fail(Assert.java:94)
	at org.testng.Assert.failNotEquals(Assert.java:494)
	at org.testng.Assert.assertTrue(Assert.java:42)
	at org.testng.Assert.assertTrue(Assert.java:52)
	at net.bigpoint.assessment.gasstation.implementation.StationImplTest.testBuyGas(StationImplTest.java:126)
</failure>
    <system-err>Jul 06, 2014 12:56:51 PM net.bigpoint.assessment.gasstation.implementation.StationImplTest testBuyGas
SEVERE: Not enough gas
</system-err>
  </testcase>
  <testcase time="5.127" classname="net.bigpoint.assessment.gasstation.implementation.StationImplTest" name="testBuyGas">
    <failure message="expected [true] but found [false]" type="java.lang.AssertionError">java.lang.AssertionError: expected [true] but found [false]
	at org.testng.Assert.fail(Assert.java:94)
	at org.testng.Assert.failNotEquals(Assert.java:494)
	at org.testng.Assert.assertTrue(Assert.java:42)
	at org.testng.Assert.assertTrue(Assert.java:52)
	at net.bigpoint.assessment.gasstation.implementation.StationImplTest.testBuyGas(StationImplTest.java:126)
</failure>
    <system-err>Jul 06, 2014 12:56:51 PM net.bigpoint.assessment.gasstation.implementation.StationImplTest testBuyGas
SEVERE: Not enough gas
</system-err>
  </testcase>
  <testcase time="5.128" classname="net.bigpoint.assessment.gasstation.implementation.StationImplTest" name="testBuyGas">
    <failure message="expected [true] but found [false]" type="java.lang.AssertionError">java.lang.AssertionError: expected [true] but found [false]
	at org.testng.Assert.fail(Assert.java:94)
	at org.testng.Assert.failNotEquals(Assert.java:494)
	at org.testng.Assert.assertTrue(Assert.java:42)
	at org.testng.Assert.assertTrue(Assert.java:52)
	at net.bigpoint.assessment.gasstation.implementation.StationImplTest.testBuyGas(StationImplTest.java:126)
</failure>
    <system-err>Jul 06, 2014 12:56:51 PM net.bigpoint.assessment.gasstation.implementation.StationImplTest testBuyGas
SEVERE: Not enough gas
Jul 06, 2014 12:56:51 PM net.bigpoint.assessment.gasstation.implementation.StationImplTest testBuyGas
SEVERE: Not enough gas
</system-err>
  </testcase>
  <testcase time="5.129" classname="net.bigpoint.assessment.gasstation.implementation.StationImplTest" name="testBuyGas">
    <failure message="expected [true] but found [false]" type="java.lang.AssertionError">java.lang.AssertionError: expected [true] but found [false]
	at org.testng.Assert.fail(Assert.java:94)
	at org.testng.Assert.failNotEquals(Assert.java:494)
	at org.testng.Assert.assertTrue(Assert.java:42)
	at org.testng.Assert.assertTrue(Assert.java:52)
	at net.bigpoint.assessment.gasstation.implementation.StationImplTest.testBuyGas(StationImplTest.java:126)
</failure>
  </testcase>
  <testcase time="5.13" classname="net.bigpoint.assessment.gasstation.implementation.StationImplTest" name="testBuyGas">
    <failure message="expected [true] but found [false]" type="java.lang.AssertionError">java.lang.AssertionError: expected [true] but found [false]
	at org.testng.Assert.fail(Assert.java:94)
	at org.testng.Assert.failNotEquals(Assert.java:494)
	at org.testng.Assert.assertTrue(Assert.java:42)
	at org.testng.Assert.assertTrue(Assert.java:52)
	at net.bigpoint.assessment.gasstation.implementation.StationImplTest.testBuyGas(StationImplTest.java:126)
</failure>
    <system-err>Jul 06, 2014 12:56:51 PM net.bigpoint.assessment.gasstation.implementation.StationImplTest testBuyGas
SEVERE: Not enough gas
</system-err>
  </testcase>
  <testcase time="5.131" classname="net.bigpoint.assessment.gasstation.implementation.StationImplTest" name="testBuyGas">
    <failure message="expected [true] but found [false]" type="java.lang.AssertionError">java.lang.AssertionError: expected [true] but found [false]
	at org.testng.Assert.fail(Assert.java:94)
	at org.testng.Assert.failNotEquals(Assert.java:494)
	at org.testng.Assert.assertTrue(Assert.java:42)
	at org.testng.Assert.assertTrue(Assert.java:52)
	at net.bigpoint.assessment.gasstation.implementation.StationImplTest.testBuyGas(StationImplTest.java:126)
</failure>
    <system-err>Jul 06, 2014 12:56:51 PM net.bigpoint.assessment.gasstation.implementation.StationImplTest testBuyGas
SEVERE: Not enough gas
Jul 06, 2014 12:56:51 PM net.bigpoint.assessment.gasstation.implementation.StationImplTest testBuyGas
SEVERE: Not enough gas
</system-err>
  </testcase>
  <testcase time="5.131" classname="net.bigpoint.assessment.gasstation.implementation.StationImplTest" name="testBuyGas">
    <failure message="expected [true] but found [false]" type="java.lang.AssertionError">java.lang.AssertionError: expected [true] but found [false]
	at org.testng.Assert.fail(Assert.java:94)
	at org.testng.Assert.failNotEquals(Assert.java:494)
	at org.testng.Assert.assertTrue(Assert.java:42)
	at org.testng.Assert.assertTrue(Assert.java:52)
	at net.bigpoint.assessment.gasstation.implementation.StationImplTest.testBuyGas(StationImplTest.java:126)
</failure>
  </testcase>
  <testcase time="5.132" classname="net.bigpoint.assessment.gasstation.implementation.StationImplTest" name="testBuyGas">
    <failure message="expected [true] but found [false]" type="java.lang.AssertionError">java.lang.AssertionError: expected [true] but found [false]
	at org.testng.Assert.fail(Assert.java:94)
	at org.testng.Assert.failNotEquals(Assert.java:494)
	at org.testng.Assert.assertTrue(Assert.java:42)
	at org.testng.Assert.assertTrue(Assert.java:52)
	at net.bigpoint.assessment.gasstation.implementation.StationImplTest.testBuyGas(StationImplTest.java:126)
</failure>
  </testcase>
  <testcase time="5.135" classname="net.bigpoint.assessment.gasstation.implementation.StationImplTest" name="testBuyGas">
    <failure message="expected [true] but found [false]" type="java.lang.AssertionError">java.lang.AssertionError: expected [true] but found [false]
	at org.testng.Assert.fail(Assert.java:94)
	at org.testng.Assert.failNotEquals(Assert.java:494)
	at org.testng.Assert.assertTrue(Assert.java:42)
	at org.testng.Assert.assertTrue(Assert.java:52)
	at net.bigpoint.assessment.gasstation.implementation.StationImplTest.testBuyGas(StationImplTest.java:126)
</failure>
    <system-err>Jul 06, 2014 12:56:51 PM net.bigpoint.assessment.gasstation.stationimpl.StationImpl buyGas
INFO: [PUMP STATISTICS] amount remaining: 0.05391782021440372
Jul 06, 2014 12:56:51 PM net.bigpoint.assessment.gasstation.implementation.StationImplTest testBuyGas
SEVERE: Not enough gas
Jul 06, 2014 12:56:51 PM net.bigpoint.assessment.gasstation.implementation.StationImplTest testBuyGas
SEVERE: Not enough gas
</system-err>
  </testcase>
  <testcase time="5.135" classname="net.bigpoint.assessment.gasstation.implementation.StationImplTest" name="testBuyGas">
    <failure message="expected [true] but found [false]" type="java.lang.AssertionError">java.lang.AssertionError: expected [true] but found [false]
	at org.testng.Assert.fail(Assert.java:94)
	at org.testng.Assert.failNotEquals(Assert.java:494)
	at org.testng.Assert.assertTrue(Assert.java:42)
	at org.testng.Assert.assertTrue(Assert.java:52)
	at net.bigpoint.assessment.gasstation.implementation.StationImplTest.testBuyGas(StationImplTest.java:126)
</failure>
    <system-err>Jul 06, 2014 12:56:51 PM net.bigpoint.assessment.gasstation.implementation.StationImplTest testBuyGas
SEVERE: Not enough gas
</system-err>
  </testcase>
  <testcase time="5.135" classname="net.bigpoint.assessment.gasstation.implementation.StationImplTest" name="testBuyGas">
    <failure message="expected [true] but found [false]" type="java.lang.AssertionError">java.lang.AssertionError: expected [true] but found [false]
	at org.testng.Assert.fail(Assert.java:94)
	at org.testng.Assert.failNotEquals(Assert.java:494)
	at org.testng.Assert.assertTrue(Assert.java:42)
	at org.testng.Assert.assertTrue(Assert.java:52)
	at net.bigpoint.assessment.gasstation.implementation.StationImplTest.testBuyGas(StationImplTest.java:126)
</failure>
  </testcase>
  <testcase time="5.137" classname="net.bigpoint.assessment.gasstation.implementation.StationImplTest" name="testBuyGas">
    <failure message="expected [true] but found [false]" type="java.lang.AssertionError">java.lang.AssertionError: expected [true] but found [false]
	at org.testng.Assert.fail(Assert.java:94)
	at org.testng.Assert.failNotEquals(Assert.java:494)
	at org.testng.Assert.assertTrue(Assert.java:42)
	at org.testng.Assert.assertTrue(Assert.java:52)
	at net.bigpoint.assessment.gasstation.implementation.StationImplTest.testBuyGas(StationImplTest.java:126)
</failure>
    <system-err>Jul 06, 2014 12:56:51 PM net.bigpoint.assessment.gasstation.implementation.StationImplTest testBuyGas
SEVERE: Not enough gas
</system-err>
  </testcase>
  <testcase time="5.14" classname="net.bigpoint.assessment.gasstation.implementation.StationImplTest" name="testBuyGas">
    <failure message="expected [true] but found [false]" type="java.lang.AssertionError">java.lang.AssertionError: expected [true] but found [false]
	at org.testng.Assert.fail(Assert.java:94)
	at org.testng.Assert.failNotEquals(Assert.java:494)
	at org.testng.Assert.assertTrue(Assert.java:42)
	at org.testng.Assert.assertTrue(Assert.java:52)
	at net.bigpoint.assessment.gasstation.implementation.StationImplTest.testBuyGas(StationImplTest.java:126)
</failure>
    <system-err>Jul 06, 2014 12:56:51 PM net.bigpoint.assessment.gasstation.implementation.StationImplTest testBuyGas
SEVERE: Not enough gas
</system-err>
  </testcase>
  <testcase time="5.153" classname="net.bigpoint.assessment.gasstation.implementation.StationImplTest" name="testBuyGas">
    <failure message="expected [true] but found [false]" type="java.lang.AssertionError">java.lang.AssertionError: expected [true] but found [false]
	at org.testng.Assert.fail(Assert.java:94)
	at org.testng.Assert.failNotEquals(Assert.java:494)
	at org.testng.Assert.assertTrue(Assert.java:42)
	at org.testng.Assert.assertTrue(Assert.java:52)
	at net.bigpoint.assessment.gasstation.implementation.StationImplTest.testBuyGas(StationImplTest.java:126)
</failure>
    <system-err>Jul 06, 2014 12:56:51 PM net.bigpoint.assessment.gasstation.implementation.StationImplTest testBuyGas
SEVERE: Not enough gas
</system-err>
  </testcase>
  <testcase time="5.153" classname="net.bigpoint.assessment.gasstation.implementation.StationImplTest" name="testBuyGas">
    <failure message="expected [true] but found [false]" type="java.lang.AssertionError">java.lang.AssertionError: expected [true] but found [false]
	at org.testng.Assert.fail(Assert.java:94)
	at org.testng.Assert.failNotEquals(Assert.java:494)
	at org.testng.Assert.assertTrue(Assert.java:42)
	at org.testng.Assert.assertTrue(Assert.java:52)
	at net.bigpoint.assessment.gasstation.implementation.StationImplTest.testBuyGas(StationImplTest.java:126)
</failure>
    <system-err>Jul 06, 2014 12:56:51 PM net.bigpoint.assessment.gasstation.implementation.StationImplTest testBuyGas
SEVERE: Not enough gas
</system-err>
  </testcase>
  <testcase time="5.154" classname="net.bigpoint.assessment.gasstation.implementation.StationImplTest" name="testBuyGas">
    <failure message="expected [true] but found [false]" type="java.lang.AssertionError">java.lang.AssertionError: expected [true] but found [false]
	at org.testng.Assert.fail(Assert.java:94)
	at org.testng.Assert.failNotEquals(Assert.java:494)
	at org.testng.Assert.assertTrue(Assert.java:42)
	at org.testng.Assert.assertTrue(Assert.java:52)
	at net.bigpoint.assessment.gasstation.implementation.StationImplTest.testBuyGas(StationImplTest.java:126)
</failure>
    <system-err>Jul 06, 2014 12:56:51 PM net.bigpoint.assessment.gasstation.implementation.StationImplTest testBuyGas
SEVERE: Not enough gas
</system-err>
  </testcase>
  <testcase time="5.154" classname="net.bigpoint.assessment.gasstation.implementation.StationImplTest" name="testBuyGas">
    <failure message="expected [true] but found [false]" type="java.lang.AssertionError">java.lang.AssertionError: expected [true] but found [false]
	at org.testng.Assert.fail(Assert.java:94)
	at org.testng.Assert.failNotEquals(Assert.java:494)
	at org.testng.Assert.assertTrue(Assert.java:42)
	at org.testng.Assert.assertTrue(Assert.java:52)
	at net.bigpoint.assessment.gasstation.implementation.StationImplTest.testBuyGas(StationImplTest.java:126)
</failure>
    <system-err>Jul 06, 2014 12:56:51 PM net.bigpoint.assessment.gasstation.implementation.StationImplTest testBuyGas
SEVERE: Not enough gas
</system-err>
  </testcase>
  <testcase time="5.154" classname="net.bigpoint.assessment.gasstation.implementation.StationImplTest" name="testBuyGas">
    <failure message="expected [true] but found [false]" type="java.lang.AssertionError">java.lang.AssertionError: expected [true] but found [false]
	at org.testng.Assert.fail(Assert.java:94)
	at org.testng.Assert.failNotEquals(Assert.java:494)
	at org.testng.Assert.assertTrue(Assert.java:42)
	at org.testng.Assert.assertTrue(Assert.java:52)
	at net.bigpoint.assessment.gasstation.implementation.StationImplTest.testBuyGas(StationImplTest.java:126)
</failure>
    <system-err>Jul 06, 2014 12:56:51 PM net.bigpoint.assessment.gasstation.implementation.StationImplTest testBuyGas
SEVERE: Not enough gas
Jul 06, 2014 12:56:51 PM net.bigpoint.assessment.gasstation.implementation.StationImplTest testBuyGas
SEVERE: Not enough gas
</system-err>
  </testcase>
  <testcase time="5.155" classname="net.bigpoint.assessment.gasstation.implementation.StationImplTest" name="testBuyGas">
    <failure message="expected [true] but found [false]" type="java.lang.AssertionError">java.lang.AssertionError: expected [true] but found [false]
	at org.testng.Assert.fail(Assert.java:94)
	at org.testng.Assert.failNotEquals(Assert.java:494)
	at org.testng.Assert.assertTrue(Assert.java:42)
	at org.testng.Assert.assertTrue(Assert.java:52)
	at net.bigpoint.assessment.gasstation.implementation.StationImplTest.testBuyGas(StationImplTest.java:126)
</failure>
  </testcase>
  <testcase time="5.156" classname="net.bigpoint.assessment.gasstation.implementation.StationImplTest" name="testBuyGas">
    <failure message="expected [true] but found [false]" type="java.lang.AssertionError">java.lang.AssertionError: expected [true] but found [false]
	at org.testng.Assert.fail(Assert.java:94)
	at org.testng.Assert.failNotEquals(Assert.java:494)
	at org.testng.Assert.assertTrue(Assert.java:42)
	at org.testng.Assert.assertTrue(Assert.java:52)
	at net.bigpoint.assessment.gasstation.implementation.StationImplTest.testBuyGas(StationImplTest.java:126)
</failure>
    <system-err>Jul 06, 2014 12:56:51 PM net.bigpoint.assessment.gasstation.implementation.StationImplTest testBuyGas
SEVERE: Not enough gas
</system-err>
  </testcase>
  <testcase time="5.156" classname="net.bigpoint.assessment.gasstation.implementation.StationImplTest" name="testBuyGas">
    <failure message="expected [true] but found [false]" type="java.lang.AssertionError">java.lang.AssertionError: expected [true] but found [false]
	at org.testng.Assert.fail(Assert.java:94)
	at org.testng.Assert.failNotEquals(Assert.java:494)
	at org.testng.Assert.assertTrue(Assert.java:42)
	at org.testng.Assert.assertTrue(Assert.java:52)
	at net.bigpoint.assessment.gasstation.implementation.StationImplTest.testBuyGas(StationImplTest.java:126)
</failure>
    <system-err>Jul 06, 2014 12:56:51 PM net.bigpoint.assessment.gasstation.implementation.StationImplTest testBuyGas
SEVERE: Not enough gas
</system-err>
  </testcase>
  <testcase time="5.156" classname="net.bigpoint.assessment.gasstation.implementation.StationImplTest" name="testBuyGas">
    <failure message="expected [true] but found [false]" type="java.lang.AssertionError">java.lang.AssertionError: expected [true] but found [false]
	at org.testng.Assert.fail(Assert.java:94)
	at org.testng.Assert.failNotEquals(Assert.java:494)
	at org.testng.Assert.assertTrue(Assert.java:42)
	at org.testng.Assert.assertTrue(Assert.java:52)
	at net.bigpoint.assessment.gasstation.implementation.StationImplTest.testBuyGas(StationImplTest.java:126)
</failure>
    <system-err>Jul 06, 2014 12:56:51 PM net.bigpoint.assessment.gasstation.implementation.StationImplTest testBuyGas
SEVERE: Not enough gas
</system-err>
  </testcase>
  <testcase time="5.165" classname="net.bigpoint.assessment.gasstation.implementation.StationImplTest" name="testBuyGas">
    <failure message="expected [true] but found [false]" type="java.lang.AssertionError">java.lang.AssertionError: expected [true] but found [false]
	at org.testng.Assert.fail(Assert.java:94)
	at org.testng.Assert.failNotEquals(Assert.java:494)
	at org.testng.Assert.assertTrue(Assert.java:42)
	at org.testng.Assert.assertTrue(Assert.java:52)
	at net.bigpoint.assessment.gasstation.implementation.StationImplTest.testBuyGas(StationImplTest.java:126)
</failure>
    <system-err>Jul 06, 2014 12:56:51 PM net.bigpoint.assessment.gasstation.implementation.StationImplTest testBuyGas
SEVERE: Not enough gas
Jul 06, 2014 12:56:51 PM net.bigpoint.assessment.gasstation.implementation.StationImplTest testBuyGas
SEVERE: Not enough gas
</system-err>
  </testcase>
  <testcase time="5.165" classname="net.bigpoint.assessment.gasstation.implementation.StationImplTest" name="testBuyGas">
    <failure message="expected [true] but found [false]" type="java.lang.AssertionError">java.lang.AssertionError: expected [true] but found [false]
	at org.testng.Assert.fail(Assert.java:94)
	at org.testng.Assert.failNotEquals(Assert.java:494)
	at org.testng.Assert.assertTrue(Assert.java:42)
	at org.testng.Assert.assertTrue(Assert.java:52)
	at net.bigpoint.assessment.gasstation.implementation.StationImplTest.testBuyGas(StationImplTest.java:126)
</failure>
  </testcase>
  <testcase time="5.166" classname="net.bigpoint.assessment.gasstation.implementation.StationImplTest" name="testBuyGas">
    <failure message="expected [true] but found [false]" type="java.lang.AssertionError">java.lang.AssertionError: expected [true] but found [false]
	at org.testng.Assert.fail(Assert.java:94)
	at org.testng.Assert.failNotEquals(Assert.java:494)
	at org.testng.Assert.assertTrue(Assert.java:42)
	at org.testng.Assert.assertTrue(Assert.java:52)
	at net.bigpoint.assessment.gasstation.implementation.StationImplTest.testBuyGas(StationImplTest.java:126)
</failure>
    <system-err>Jul 06, 2014 12:56:51 PM net.bigpoint.assessment.gasstation.implementation.StationImplTest testBuyGas
SEVERE: Not enough gas
</system-err>
  </testcase>
  <testcase time="5.166" classname="net.bigpoint.assessment.gasstation.implementation.StationImplTest" name="testBuyGas">
    <failure message="expected [true] but found [false]" type="java.lang.AssertionError">java.lang.AssertionError: expected [true] but found [false]
	at org.testng.Assert.fail(Assert.java:94)
	at org.testng.Assert.failNotEquals(Assert.java:494)
	at org.testng.Assert.assertTrue(Assert.java:42)
	at org.testng.Assert.assertTrue(Assert.java:52)
	at net.bigpoint.assessment.gasstation.implementation.StationImplTest.testBuyGas(StationImplTest.java:126)
</failure>
    <system-err>Jul 06, 2014 12:56:51 PM net.bigpoint.assessment.gasstation.implementation.StationImplTest testBuyGas
SEVERE: Not enough gas
</system-err>
  </testcase>
  <testcase time="5.167" classname="net.bigpoint.assessment.gasstation.implementation.StationImplTest" name="testBuyGas">
    <failure message="expected [true] but found [false]" type="java.lang.AssertionError">java.lang.AssertionError: expected [true] but found [false]
	at org.testng.Assert.fail(Assert.java:94)
	at org.testng.Assert.failNotEquals(Assert.java:494)
	at org.testng.Assert.assertTrue(Assert.java:42)
	at org.testng.Assert.assertTrue(Assert.java:52)
	at net.bigpoint.assessment.gasstation.implementation.StationImplTest.testBuyGas(StationImplTest.java:126)
</failure>
    <system-err>Jul 06, 2014 12:56:51 PM net.bigpoint.assessment.gasstation.implementation.StationImplTest testBuyGas
SEVERE: Not enough gas
</system-err>
  </testcase>
  <testcase time="5.167" classname="net.bigpoint.assessment.gasstation.implementation.StationImplTest" name="testBuyGas">
    <failure message="expected [true] but found [false]" type="java.lang.AssertionError">java.lang.AssertionError: expected [true] but found [false]
	at org.testng.Assert.fail(Assert.java:94)
	at org.testng.Assert.failNotEquals(Assert.java:494)
	at org.testng.Assert.assertTrue(Assert.java:42)
	at org.testng.Assert.assertTrue(Assert.java:52)
	at net.bigpoint.assessment.gasstation.implementation.StationImplTest.testBuyGas(StationImplTest.java:126)
</failure>
    <system-err>Jul 06, 2014 12:56:51 PM net.bigpoint.assessment.gasstation.implementation.StationImplTest testBuyGas
SEVERE: Not enough gas
</system-err>
  </testcase>
  <testcase time="5.167" classname="net.bigpoint.assessment.gasstation.implementation.StationImplTest" name="testBuyGas">
    <failure message="expected [true] but found [false]" type="java.lang.AssertionError">java.lang.AssertionError: expected [true] but found [false]
	at org.testng.Assert.fail(Assert.java:94)
	at org.testng.Assert.failNotEquals(Assert.java:494)
	at org.testng.Assert.assertTrue(Assert.java:42)
	at org.testng.Assert.assertTrue(Assert.java:52)
	at net.bigpoint.assessment.gasstation.implementation.StationImplTest.testBuyGas(StationImplTest.java:126)
</failure>
    <system-err>Jul 06, 2014 12:56:51 PM net.bigpoint.assessment.gasstation.implementation.StationImplTest testBuyGas
SEVERE: Not enough gas
Jul 06, 2014 12:56:51 PM net.bigpoint.assessment.gasstation.implementation.StationImplTest testBuyGas
SEVERE: Not enough gas
</system-err>
  </testcase>
  <testcase time="5.168" classname="net.bigpoint.assessment.gasstation.implementation.StationImplTest" name="testBuyGas">
    <failure message="expected [true] but found [false]" type="java.lang.AssertionError">java.lang.AssertionError: expected [true] but found [false]
	at org.testng.Assert.fail(Assert.java:94)
	at org.testng.Assert.failNotEquals(Assert.java:494)
	at org.testng.Assert.assertTrue(Assert.java:42)
	at org.testng.Assert.assertTrue(Assert.java:52)
	at net.bigpoint.assessment.gasstation.implementation.StationImplTest.testBuyGas(StationImplTest.java:126)
</failure>
  </testcase>
  <testcase time="5.168" classname="net.bigpoint.assessment.gasstation.implementation.StationImplTest" name="testBuyGas">
    <failure message="expected [true] but found [false]" type="java.lang.AssertionError">java.lang.AssertionError: expected [true] but found [false]
	at org.testng.Assert.fail(Assert.java:94)
	at org.testng.Assert.failNotEquals(Assert.java:494)
	at org.testng.Assert.assertTrue(Assert.java:42)
	at org.testng.Assert.assertTrue(Assert.java:52)
	at net.bigpoint.assessment.gasstation.implementation.StationImplTest.testBuyGas(StationImplTest.java:126)
</failure>
    <system-err>Jul 06, 2014 12:56:51 PM net.bigpoint.assessment.gasstation.implementation.StationImplTest testBuyGas
SEVERE: Not enough gas
</system-err>
  </testcase>
  <testcase time="5.168" classname="net.bigpoint.assessment.gasstation.implementation.StationImplTest" name="testBuyGas">
    <failure message="expected [true] but found [false]" type="java.lang.AssertionError">java.lang.AssertionError: expected [true] but found [false]
	at org.testng.Assert.fail(Assert.java:94)
	at org.testng.Assert.failNotEquals(Assert.java:494)
	at org.testng.Assert.assertTrue(Assert.java:42)
	at org.testng.Assert.assertTrue(Assert.java:52)
	at net.bigpoint.assessment.gasstation.implementation.StationImplTest.testBuyGas(StationImplTest.java:126)
</failure>
    <system-err>Jul 06, 2014 12:56:51 PM net.bigpoint.assessment.gasstation.implementation.StationImplTest testBuyGas
SEVERE: Not enough gas
</system-err>
  </testcase>
  <testcase time="5.169" classname="net.bigpoint.assessment.gasstation.implementation.StationImplTest" name="testBuyGas">
    <failure message="expected [true] but found [false]" type="java.lang.AssertionError">java.lang.AssertionError: expected [true] but found [false]
	at org.testng.Assert.fail(Assert.java:94)
	at org.testng.Assert.failNotEquals(Assert.java:494)
	at org.testng.Assert.assertTrue(Assert.java:42)
	at org.testng.Assert.assertTrue(Assert.java:52)
	at net.bigpoint.assessment.gasstation.implementation.StationImplTest.testBuyGas(StationImplTest.java:126)
</failure>
    <system-err>Jul 06, 2014 12:56:51 PM net.bigpoint.assessment.gasstation.implementation.StationImplTest testBuyGas
SEVERE: Not enough gas
</system-err>
  </testcase>
  <testcase time="5.17" classname="net.bigpoint.assessment.gasstation.implementation.StationImplTest" name="testBuyGas">
    <failure message="expected [true] but found [false]" type="java.lang.AssertionError">java.lang.AssertionError: expected [true] but found [false]
	at org.testng.Assert.fail(Assert.java:94)
	at org.testng.Assert.failNotEquals(Assert.java:494)
	at org.testng.Assert.assertTrue(Assert.java:42)
	at org.testng.Assert.assertTrue(Assert.java:52)
	at net.bigpoint.assessment.gasstation.implementation.StationImplTest.testBuyGas(StationImplTest.java:126)
</failure>
    <system-err>Jul 06, 2014 12:56:51 PM net.bigpoint.assessment.gasstation.implementation.StationImplTest testBuyGas
SEVERE: Not enough gas
</system-err>
  </testcase>
  <testcase time="5.171" classname="net.bigpoint.assessment.gasstation.implementation.StationImplTest" name="testBuyGas">
    <failure message="expected [true] but found [false]" type="java.lang.AssertionError">java.lang.AssertionError: expected [true] but found [false]
	at org.testng.Assert.fail(Assert.java:94)
	at org.testng.Assert.failNotEquals(Assert.java:494)
	at org.testng.Assert.assertTrue(Assert.java:42)
	at org.testng.Assert.assertTrue(Assert.java:52)
	at net.bigpoint.assessment.gasstation.implementation.StationImplTest.testBuyGas(StationImplTest.java:126)
</failure>
    <system-err>Jul 06, 2014 12:56:51 PM net.bigpoint.assessment.gasstation.implementation.StationImplTest testBuyGas
SEVERE: Not enough gas
</system-err>
  </testcase>
  <testcase time="5.172" classname="net.bigpoint.assessment.gasstation.implementation.StationImplTest" name="testBuyGas">
    <failure message="expected [true] but found [false]" type="java.lang.AssertionError">java.lang.AssertionError: expected [true] but found [false]
	at org.testng.Assert.fail(Assert.java:94)
	at org.testng.Assert.failNotEquals(Assert.java:494)
	at org.testng.Assert.assertTrue(Assert.java:42)
	at org.testng.Assert.assertTrue(Assert.java:52)
	at net.bigpoint.assessment.gasstation.implementation.StationImplTest.testBuyGas(StationImplTest.java:126)
</failure>
    <system-err>Jul 06, 2014 12:56:51 PM net.bigpoint.assessment.gasstation.implementation.StationImplTest testBuyGas
SEVERE: Not enough gas
</system-err>
  </testcase>
  <testcase time="5.173" classname="net.bigpoint.assessment.gasstation.implementation.StationImplTest" name="testBuyGas">
    <failure message="expected [true] but found [false]" type="java.lang.AssertionError">java.lang.AssertionError: expected [true] but found [false]
	at org.testng.Assert.fail(Assert.java:94)
	at org.testng.Assert.failNotEquals(Assert.java:494)
	at org.testng.Assert.assertTrue(Assert.java:42)
	at org.testng.Assert.assertTrue(Assert.java:52)
	at net.bigpoint.assessment.gasstation.implementation.StationImplTest.testBuyGas(StationImplTest.java:126)
</failure>
    <system-err>Jul 06, 2014 12:56:51 PM net.bigpoint.assessment.gasstation.implementation.StationImplTest testBuyGas
SEVERE: Not enough gas
</system-err>
  </testcase>
  <testcase time="5.175" classname="net.bigpoint.assessment.gasstation.implementation.StationImplTest" name="testBuyGas">
    <failure message="expected [true] but found [false]" type="java.lang.AssertionError">java.lang.AssertionError: expected [true] but found [false]
	at org.testng.Assert.fail(Assert.java:94)
	at org.testng.Assert.failNotEquals(Assert.java:494)
	at org.testng.Assert.assertTrue(Assert.java:42)
	at org.testng.Assert.assertTrue(Assert.java:52)
	at net.bigpoint.assessment.gasstation.implementation.StationImplTest.testBuyGas(StationImplTest.java:126)
</failure>
    <system-err>Jul 06, 2014 12:56:51 PM net.bigpoint.assessment.gasstation.implementation.StationImplTest testBuyGas
SEVERE: Not enough gas
Jul 06, 2014 12:56:51 PM net.bigpoint.assessment.gasstation.implementation.StationImplTest testBuyGas
SEVERE: Not enough gas
Jul 06, 2014 12:56:51 PM net.bigpoint.assessment.gasstation.implementation.StationImplTest testBuyGas
SEVERE: Not enough gas
</system-err>
  </testcase>
  <testcase time="5.175" classname="net.bigpoint.assessment.gasstation.implementation.StationImplTest" name="testBuyGas">
    <failure message="expected [true] but found [false]" type="java.lang.AssertionError">java.lang.AssertionError: expected [true] but found [false]
	at org.testng.Assert.fail(Assert.java:94)
	at org.testng.Assert.failNotEquals(Assert.java:494)
	at org.testng.Assert.assertTrue(Assert.java:42)
	at org.testng.Assert.assertTrue(Assert.java:52)
	at net.bigpoint.assessment.gasstation.implementation.StationImplTest.testBuyGas(StationImplTest.java:126)
</failure>
    <system-err>Jul 06, 2014 12:56:51 PM net.bigpoint.assessment.gasstation.implementation.StationImplTest testBuyGas
SEVERE: Not enough gas
</system-err>
  </testcase>
  <testcase time="5.176" classname="net.bigpoint.assessment.gasstation.implementation.StationImplTest" name="testBuyGas">
    <failure message="expected [true] but found [false]" type="java.lang.AssertionError">java.lang.AssertionError: expected [true] but found [false]
	at org.testng.Assert.fail(Assert.java:94)
	at org.testng.Assert.failNotEquals(Assert.java:494)
	at org.testng.Assert.assertTrue(Assert.java:42)
	at org.testng.Assert.assertTrue(Assert.java:52)
	at net.bigpoint.assessment.gasstation.implementation.StationImplTest.testBuyGas(StationImplTest.java:126)
</failure>
  </testcase>
  <testcase time="5.177" classname="net.bigpoint.assessment.gasstation.implementation.StationImplTest" name="testBuyGas">
    <failure message="expected [true] but found [false]" type="java.lang.AssertionError">java.lang.AssertionError: expected [true] but found [false]
	at org.testng.Assert.fail(Assert.java:94)
	at org.testng.Assert.failNotEquals(Assert.java:494)
	at org.testng.Assert.assertTrue(Assert.java:42)
	at org.testng.Assert.assertTrue(Assert.java:52)
	at net.bigpoint.assessment.gasstation.implementation.StationImplTest.testBuyGas(StationImplTest.java:126)
</failure>
    <system-err>Jul 06, 2014 12:56:51 PM net.bigpoint.assessment.gasstation.implementation.StationImplTest testBuyGas
SEVERE: Not enough gas
Jul 06, 2014 12:56:51 PM net.bigpoint.assessment.gasstation.implementation.StationImplTest testBuyGas
SEVERE: Not enough gas
</system-err>
  </testcase>
  <testcase time="5.177" classname="net.bigpoint.assessment.gasstation.implementation.StationImplTest" name="testBuyGas">
    <failure message="expected [true] but found [false]" type="java.lang.AssertionError">java.lang.AssertionError: expected [true] but found [false]
	at org.testng.Assert.fail(Assert.java:94)
	at org.testng.Assert.failNotEquals(Assert.java:494)
	at org.testng.Assert.assertTrue(Assert.java:42)
	at org.testng.Assert.assertTrue(Assert.java:52)
	at net.bigpoint.assessment.gasstation.implementation.StationImplTest.testBuyGas(StationImplTest.java:126)
</failure>
  </testcase>
  <testcase time="5.179" classname="net.bigpoint.assessment.gasstation.implementation.StationImplTest" name="testBuyGas"/>
  <testcase time="5.181" classname="net.bigpoint.assessment.gasstation.implementation.StationImplTest" name="testBuyGas">
    <failure message="expected [true] but found [false]" type="java.lang.AssertionError">java.lang.AssertionError: expected [true] but found [false]
	at org.testng.Assert.fail(Assert.java:94)
	at org.testng.Assert.failNotEquals(Assert.java:494)
	at org.testng.Assert.assertTrue(Assert.java:42)
	at org.testng.Assert.assertTrue(Assert.java:52)
	at net.bigpoint.assessment.gasstation.implementation.StationImplTest.testBuyGas(StationImplTest.java:126)
</failure>
    <system-err>Jul 06, 2014 12:56:51 PM net.bigpoint.assessment.gasstation.implementation.StationImplTest testBuyGas
SEVERE: Not enough gas
Jul 06, 2014 12:56:51 PM net.bigpoint.assessment.gasstation.implementation.StationImplTest testBuyGas
SEVERE: Not enough gas
</system-err>
  </testcase>
  <testcase time="5.185" classname="net.bigpoint.assessment.gasstation.implementation.StationImplTest" name="testBuyGas">
    <failure message="expected [true] but found [false]" type="java.lang.AssertionError">java.lang.AssertionError: expected [true] but found [false]
	at org.testng.Assert.fail(Assert.java:94)
	at org.testng.Assert.failNotEquals(Assert.java:494)
	at org.testng.Assert.assertTrue(Assert.java:42)
	at org.testng.Assert.assertTrue(Assert.java:52)
	at net.bigpoint.assessment.gasstation.implementation.StationImplTest.testBuyGas(StationImplTest.java:126)
</failure>
  </testcase>
  <testcase time="5.185" classname="net.bigpoint.assessment.gasstation.implementation.StationImplTest" name="testBuyGas">
    <failure message="expected [true] but found [false]" type="java.lang.AssertionError">java.lang.AssertionError: expected [true] but found [false]
	at org.testng.Assert.fail(Assert.java:94)
	at org.testng.Assert.failNotEquals(Assert.java:494)
	at org.testng.Assert.assertTrue(Assert.java:42)
	at org.testng.Assert.assertTrue(Assert.java:52)
	at net.bigpoint.assessment.gasstation.implementation.StationImplTest.testBuyGas(StationImplTest.java:126)
</failure>
    <system-err>Jul 06, 2014 12:56:51 PM net.bigpoint.assessment.gasstation.implementation.StationImplTest testBuyGas
SEVERE: Not enough gas
</system-err>
  </testcase>
  <testcase time="5.185" classname="net.bigpoint.assessment.gasstation.implementation.StationImplTest" name="testBuyGas">
    <failure message="expected [true] but found [false]" type="java.lang.AssertionError">java.lang.AssertionError: expected [true] but found [false]
	at org.testng.Assert.fail(Assert.java:94)
	at org.testng.Assert.failNotEquals(Assert.java:494)
	at org.testng.Assert.assertTrue(Assert.java:42)
	at org.testng.Assert.assertTrue(Assert.java:52)
	at net.bigpoint.assessment.gasstation.implementation.StationImplTest.testBuyGas(StationImplTest.java:126)
</failure>
    <system-err>Jul 06, 2014 12:56:51 PM net.bigpoint.assessment.gasstation.implementation.StationImplTest testBuyGas
SEVERE: Not enough gas
</system-err>
  </testcase>
  <testcase time="5.186" classname="net.bigpoint.assessment.gasstation.implementation.StationImplTest" name="testBuyGas">
    <failure message="expected [true] but found [false]" type="java.lang.AssertionError">java.lang.AssertionError: expected [true] but found [false]
	at org.testng.Assert.fail(Assert.java:94)
	at org.testng.Assert.failNotEquals(Assert.java:494)
	at org.testng.Assert.assertTrue(Assert.java:42)
	at org.testng.Assert.assertTrue(Assert.java:52)
	at net.bigpoint.assessment.gasstation.implementation.StationImplTest.testBuyGas(StationImplTest.java:126)
</failure>
    <system-err>Jul 06, 2014 12:56:51 PM net.bigpoint.assessment.gasstation.implementation.StationImplTest testBuyGas
SEVERE: Not enough gas
Jul 06, 2014 12:56:51 PM net.bigpoint.assessment.gasstation.implementation.StationImplTest testBuyGas
SEVERE: Not enough gas
</system-err>
  </testcase>
  <testcase time="5.188" classname="net.bigpoint.assessment.gasstation.implementation.StationImplTest" name="testBuyGas">
    <failure message="expected [true] but found [false]" type="java.lang.AssertionError">java.lang.AssertionError: expected [true] but found [false]
	at org.testng.Assert.fail(Assert.java:94)
	at org.testng.Assert.failNotEquals(Assert.java:494)
	at org.testng.Assert.assertTrue(Assert.java:42)
	at org.testng.Assert.assertTrue(Assert.java:52)
	at net.bigpoint.assessment.gasstation.implementation.StationImplTest.testBuyGas(StationImplTest.java:126)
</failure>
  </testcase>
  <testcase time="5.189" classname="net.bigpoint.assessment.gasstation.implementation.StationImplTest" name="testBuyGas">
    <failure message="expected [true] but found [false]" type="java.lang.AssertionError">java.lang.AssertionError: expected [true] but found [false]
	at org.testng.Assert.fail(Assert.java:94)
	at org.testng.Assert.failNotEquals(Assert.java:494)
	at org.testng.Assert.assertTrue(Assert.java:42)
	at org.testng.Assert.assertTrue(Assert.java:52)
	at net.bigpoint.assessment.gasstation.implementation.StationImplTest.testBuyGas(StationImplTest.java:126)
</failure>
    <system-err>Jul 06, 2014 12:56:51 PM net.bigpoint.assessment.gasstation.implementation.StationImplTest testBuyGas
SEVERE: Not enough gas
Jul 06, 2014 12:56:51 PM net.bigpoint.assessment.gasstation.implementation.StationImplTest testBuyGas
SEVERE: Not enough gas
</system-err>
  </testcase>
  <testcase time="5.19" classname="net.bigpoint.assessment.gasstation.implementation.StationImplTest" name="testBuyGas">
    <failure message="expected [true] but found [false]" type="java.lang.AssertionError">java.lang.AssertionError: expected [true] but found [false]
	at org.testng.Assert.fail(Assert.java:94)
	at org.testng.Assert.failNotEquals(Assert.java:494)
	at org.testng.Assert.assertTrue(Assert.java:42)
	at org.testng.Assert.assertTrue(Assert.java:52)
	at net.bigpoint.assessment.gasstation.implementation.StationImplTest.testBuyGas(StationImplTest.java:126)
</failure>
    <system-err>Jul 06, 2014 12:56:51 PM net.bigpoint.assessment.gasstation.implementation.StationImplTest testBuyGas
SEVERE: Not enough gas
</system-err>
  </testcase>
  <testcase time="5.19" classname="net.bigpoint.assessment.gasstation.implementation.StationImplTest" name="testBuyGas">
    <failure message="expected [true] but found [false]" type="java.lang.AssertionError">java.lang.AssertionError: expected [true] but found [false]
	at org.testng.Assert.fail(Assert.java:94)
	at org.testng.Assert.failNotEquals(Assert.java:494)
	at org.testng.Assert.assertTrue(Assert.java:42)
	at org.testng.Assert.assertTrue(Assert.java:52)
	at net.bigpoint.assessment.gasstation.implementation.StationImplTest.testBuyGas(StationImplTest.java:126)
</failure>
    <system-err>Jul 06, 2014 12:56:51 PM net.bigpoint.assessment.gasstation.implementation.StationImplTest testBuyGas
SEVERE: Not enough gas
</system-err>
  </testcase>
  <testcase time="5.19" classname="net.bigpoint.assessment.gasstation.implementation.StationImplTest" name="testBuyGas">
    <failure message="expected [true] but found [false]" type="java.lang.AssertionError">java.lang.AssertionError: expected [true] but found [false]
	at org.testng.Assert.fail(Assert.java:94)
	at org.testng.Assert.failNotEquals(Assert.java:494)
	at org.testng.Assert.assertTrue(Assert.java:42)
	at org.testng.Assert.assertTrue(Assert.java:52)
	at net.bigpoint.assessment.gasstation.implementation.StationImplTest.testBuyGas(StationImplTest.java:126)
</failure>
    <system-err>Jul 06, 2014 12:56:51 PM net.bigpoint.assessment.gasstation.implementation.StationImplTest testBuyGas
SEVERE: Not enough gas
</system-err>
  </testcase>
  <testcase time="5.191" classname="net.bigpoint.assessment.gasstation.implementation.StationImplTest" name="testBuyGas">
    <failure message="expected [true] but found [false]" type="java.lang.AssertionError">java.lang.AssertionError: expected [true] but found [false]
	at org.testng.Assert.fail(Assert.java:94)
	at org.testng.Assert.failNotEquals(Assert.java:494)
	at org.testng.Assert.assertTrue(Assert.java:42)
	at org.testng.Assert.assertTrue(Assert.java:52)
	at net.bigpoint.assessment.gasstation.implementation.StationImplTest.testBuyGas(StationImplTest.java:126)
</failure>
  </testcase>
  <testcase time="5.191" classname="net.bigpoint.assessment.gasstation.implementation.StationImplTest" name="testBuyGas">
    <failure message="expected [true] but found [false]" type="java.lang.AssertionError">java.lang.AssertionError: expected [true] but found [false]
	at org.testng.Assert.fail(Assert.java:94)
	at org.testng.Assert.failNotEquals(Assert.java:494)
	at org.testng.Assert.assertTrue(Assert.java:42)
	at org.testng.Assert.assertTrue(Assert.java:52)
	at net.bigpoint.assessment.gasstation.implementation.StationImplTest.testBuyGas(StationImplTest.java:126)
</failure>
    <system-err>Jul 06, 2014 12:56:51 PM net.bigpoint.assessment.gasstation.implementation.StationImplTest testBuyGas
SEVERE: Not enough gas
Jul 06, 2014 12:56:51 PM net.bigpoint.assessment.gasstation.implementation.StationImplTest testBuyGas
SEVERE: Not enough gas
</system-err>
  </testcase>
  <testcase time="5.193" classname="net.bigpoint.assessment.gasstation.implementation.StationImplTest" name="testBuyGas">
    <failure message="expected [true] but found [false]" type="java.lang.AssertionError">java.lang.AssertionError: expected [true] but found [false]
	at org.testng.Assert.fail(Assert.java:94)
	at org.testng.Assert.failNotEquals(Assert.java:494)
	at org.testng.Assert.assertTrue(Assert.java:42)
	at org.testng.Assert.assertTrue(Assert.java:52)
	at net.bigpoint.assessment.gasstation.implementation.StationImplTest.testBuyGas(StationImplTest.java:126)
</failure>
    <system-err>Jul 06, 2014 12:56:51 PM net.bigpoint.assessment.gasstation.implementation.StationImplTest testBuyGas
SEVERE: Not enough gas
Jul 06, 2014 12:56:51 PM net.bigpoint.assessment.gasstation.implementation.StationImplTest testBuyGas
SEVERE: Not enough gas
</system-err>
  </testcase>
  <testcase time="5.193" classname="net.bigpoint.assessment.gasstation.implementation.StationImplTest" name="testBuyGas">
    <failure message="expected [true] but found [false]" type="java.lang.AssertionError">java.lang.AssertionError: expected [true] but found [false]
	at org.testng.Assert.fail(Assert.java:94)
	at org.testng.Assert.failNotEquals(Assert.java:494)
	at org.testng.Assert.assertTrue(Assert.java:42)
	at org.testng.Assert.assertTrue(Assert.java:52)
	at net.bigpoint.assessment.gasstation.implementation.StationImplTest.testBuyGas(StationImplTest.java:126)
</failure>
    <system-err>Jul 06, 2014 12:56:51 PM net.bigpoint.assessment.gasstation.implementation.StationImplTest testBuyGas
SEVERE: Not enough gas
</system-err>
  </testcase>
  <testcase time="5.194" classname="net.bigpoint.assessment.gasstation.implementation.StationImplTest" name="testBuyGas">
    <failure message="expected [true] but found [false]" type="java.lang.AssertionError">java.lang.AssertionError: expected [true] but found [false]
	at org.testng.Assert.fail(Assert.java:94)
	at org.testng.Assert.failNotEquals(Assert.java:494)
	at org.testng.Assert.assertTrue(Assert.java:42)
	at org.testng.Assert.assertTrue(Assert.java:52)
	at net.bigpoint.assessment.gasstation.implementation.StationImplTest.testBuyGas(StationImplTest.java:126)
</failure>
  </testcase>
  <testcase time="5.194" classname="net.bigpoint.assessment.gasstation.implementation.StationImplTest" name="testBuyGas">
    <failure message="expected [true] but found [false]" type="java.lang.AssertionError">java.lang.AssertionError: expected [true] but found [false]
	at org.testng.Assert.fail(Assert.java:94)
	at org.testng.Assert.failNotEquals(Assert.java:494)
	at org.testng.Assert.assertTrue(Assert.java:42)
	at org.testng.Assert.assertTrue(Assert.java:52)
	at net.bigpoint.assessment.gasstation.implementation.StationImplTest.testBuyGas(StationImplTest.java:126)
</failure>
  </testcase>
  <testcase time="5.195" classname="net.bigpoint.assessment.gasstation.implementation.StationImplTest" name="testBuyGas">
    <failure message="expected [true] but found [false]" type="java.lang.AssertionError">java.lang.AssertionError: expected [true] but found [false]
	at org.testng.Assert.fail(Assert.java:94)
	at org.testng.Assert.failNotEquals(Assert.java:494)
	at org.testng.Assert.assertTrue(Assert.java:42)
	at org.testng.Assert.assertTrue(Assert.java:52)
	at net.bigpoint.assessment.gasstation.implementation.StationImplTest.testBuyGas(StationImplTest.java:126)
</failure>
    <system-err>Jul 06, 2014 12:56:51 PM net.bigpoint.assessment.gasstation.implementation.StationImplTest testBuyGas
SEVERE: Not enough gas
</system-err>
  </testcase>
  <testcase time="5.196" classname="net.bigpoint.assessment.gasstation.implementation.StationImplTest" name="testBuyGas">
    <failure message="expected [true] but found [false]" type="java.lang.AssertionError">java.lang.AssertionError: expected [true] but found [false]
	at org.testng.Assert.fail(Assert.java:94)
	at org.testng.Assert.failNotEquals(Assert.java:494)
	at org.testng.Assert.assertTrue(Assert.java:42)
	at org.testng.Assert.assertTrue(Assert.java:52)
	at net.bigpoint.assessment.gasstation.implementation.StationImplTest.testBuyGas(StationImplTest.java:126)
</failure>
    <system-err>Jul 06, 2014 12:56:51 PM net.bigpoint.assessment.gasstation.implementation.StationImplTest testBuyGas
SEVERE: Not enough gas
Jul 06, 2014 12:56:51 PM net.bigpoint.assessment.gasstation.implementation.StationImplTest testBuyGas
SEVERE: Not enough gas
</system-err>
  </testcase>
  <testcase time="5.196" classname="net.bigpoint.assessment.gasstation.implementation.StationImplTest" name="testBuyGas">
    <failure message="expected [true] but found [false]" type="java.lang.AssertionError">java.lang.AssertionError: expected [true] but found [false]
	at org.testng.Assert.fail(Assert.java:94)
	at org.testng.Assert.failNotEquals(Assert.java:494)
	at org.testng.Assert.assertTrue(Assert.java:42)
	at org.testng.Assert.assertTrue(Assert.java:52)
	at net.bigpoint.assessment.gasstation.implementation.StationImplTest.testBuyGas(StationImplTest.java:126)
</failure>
    <system-err>Jul 06, 2014 12:56:51 PM net.bigpoint.assessment.gasstation.implementation.StationImplTest testBuyGas
SEVERE: Not enough gas
</system-err>
  </testcase>
  <testcase time="5.197" classname="net.bigpoint.assessment.gasstation.implementation.StationImplTest" name="testBuyGas">
    <failure message="expected [true] but found [false]" type="java.lang.AssertionError">java.lang.AssertionError: expected [true] but found [false]
	at org.testng.Assert.fail(Assert.java:94)
	at org.testng.Assert.failNotEquals(Assert.java:494)
	at org.testng.Assert.assertTrue(Assert.java:42)
	at org.testng.Assert.assertTrue(Assert.java:52)
	at net.bigpoint.assessment.gasstation.implementation.StationImplTest.testBuyGas(StationImplTest.java:126)
</failure>
    <system-err>Jul 06, 2014 12:56:51 PM net.bigpoint.assessment.gasstation.implementation.StationImplTest testBuyGas
SEVERE: Not enough gas
</system-err>
  </testcase>
  <testcase time="5.197" classname="net.bigpoint.assessment.gasstation.implementation.StationImplTest" name="testBuyGas">
    <failure message="expected [true] but found [false]" type="java.lang.AssertionError">java.lang.AssertionError: expected [true] but found [false]
	at org.testng.Assert.fail(Assert.java:94)
	at org.testng.Assert.failNotEquals(Assert.java:494)
	at org.testng.Assert.assertTrue(Assert.java:42)
	at org.testng.Assert.assertTrue(Assert.java:52)
	at net.bigpoint.assessment.gasstation.implementation.StationImplTest.testBuyGas(StationImplTest.java:126)
</failure>
    <system-err>Jul 06, 2014 12:56:51 PM net.bigpoint.assessment.gasstation.implementation.StationImplTest testBuyGas
SEVERE: Not enough gas
</system-err>
  </testcase>
  <testcase time="5.198" classname="net.bigpoint.assessment.gasstation.implementation.StationImplTest" name="testBuyGas">
    <failure message="expected [true] but found [false]" type="java.lang.AssertionError">java.lang.AssertionError: expected [true] but found [false]
	at org.testng.Assert.fail(Assert.java:94)
	at org.testng.Assert.failNotEquals(Assert.java:494)
	at org.testng.Assert.assertTrue(Assert.java:42)
	at org.testng.Assert.assertTrue(Assert.java:52)
	at net.bigpoint.assessment.gasstation.implementation.StationImplTest.testBuyGas(StationImplTest.java:126)
</failure>
    <system-err>Jul 06, 2014 12:56:51 PM net.bigpoint.assessment.gasstation.implementation.StationImplTest testBuyGas
SEVERE: Not enough gas
</system-err>
  </testcase>
  <testcase time="5.198" classname="net.bigpoint.assessment.gasstation.implementation.StationImplTest" name="testBuyGas">
    <failure message="expected [true] but found [false]" type="java.lang.AssertionError">java.lang.AssertionError: expected [true] but found [false]
	at org.testng.Assert.fail(Assert.java:94)
	at org.testng.Assert.failNotEquals(Assert.java:494)
	at org.testng.Assert.assertTrue(Assert.java:42)
	at org.testng.Assert.assertTrue(Assert.java:52)
	at net.bigpoint.assessment.gasstation.implementation.StationImplTest.testBuyGas(StationImplTest.java:126)
</failure>
    <system-err>Jul 06, 2014 12:56:51 PM net.bigpoint.assessment.gasstation.implementation.StationImplTest testBuyGas
SEVERE: Not enough gas
</system-err>
  </testcase>
  <testcase time="5.199" classname="net.bigpoint.assessment.gasstation.implementation.StationImplTest" name="testBuyGas">
    <failure message="expected [true] but found [false]" type="java.lang.AssertionError">java.lang.AssertionError: expected [true] but found [false]
	at org.testng.Assert.fail(Assert.java:94)
	at org.testng.Assert.failNotEquals(Assert.java:494)
	at org.testng.Assert.assertTrue(Assert.java:42)
	at org.testng.Assert.assertTrue(Assert.java:52)
	at net.bigpoint.assessment.gasstation.implementation.StationImplTest.testBuyGas(StationImplTest.java:126)
</failure>
    <system-err>Jul 06, 2014 12:56:51 PM net.bigpoint.assessment.gasstation.implementation.StationImplTest testBuyGas
SEVERE: Not enough gas
</system-err>
  </testcase>
  <testcase time="5.199" classname="net.bigpoint.assessment.gasstation.implementation.StationImplTest" name="testBuyGas">
    <failure message="expected [true] but found [false]" type="java.lang.AssertionError">java.lang.AssertionError: expected [true] but found [false]
	at org.testng.Assert.fail(Assert.java:94)
	at org.testng.Assert.failNotEquals(Assert.java:494)
	at org.testng.Assert.assertTrue(Assert.java:42)
	at org.testng.Assert.assertTrue(Assert.java:52)
	at net.bigpoint.assessment.gasstation.implementation.StationImplTest.testBuyGas(StationImplTest.java:126)
</failure>
    <system-err>Jul 06, 2014 12:56:51 PM net.bigpoint.assessment.gasstation.implementation.StationImplTest testBuyGas
SEVERE: Not enough gas
</system-err>
  </testcase>
  <testcase time="5.2" classname="net.bigpoint.assessment.gasstation.implementation.StationImplTest" name="testBuyGas">
    <failure message="expected [true] but found [false]" type="java.lang.AssertionError">java.lang.AssertionError: expected [true] but found [false]
	at org.testng.Assert.fail(Assert.java:94)
	at org.testng.Assert.failNotEquals(Assert.java:494)
	at org.testng.Assert.assertTrue(Assert.java:42)
	at org.testng.Assert.assertTrue(Assert.java:52)
	at net.bigpoint.assessment.gasstation.implementation.StationImplTest.testBuyGas(StationImplTest.java:126)
</failure>
    <system-err>Jul 06, 2014 12:56:51 PM net.bigpoint.assessment.gasstation.implementation.StationImplTest testBuyGas
SEVERE: Not enough gas
</system-err>
  </testcase>
  <testcase time="5.2" classname="net.bigpoint.assessment.gasstation.implementation.StationImplTest" name="testBuyGas">
    <failure message="expected [true] but found [false]" type="java.lang.AssertionError">java.lang.AssertionError: expected [true] but found [false]
	at org.testng.Assert.fail(Assert.java:94)
	at org.testng.Assert.failNotEquals(Assert.java:494)
	at org.testng.Assert.assertTrue(Assert.java:42)
	at org.testng.Assert.assertTrue(Assert.java:52)
	at net.bigpoint.assessment.gasstation.implementation.StationImplTest.testBuyGas(StationImplTest.java:126)
</failure>
    <system-err>Jul 06, 2014 12:56:51 PM net.bigpoint.assessment.gasstation.implementation.StationImplTest testBuyGas
SEVERE: Not enough gas
</system-err>
  </testcase>
  <testcase time="5.201" classname="net.bigpoint.assessment.gasstation.implementation.StationImplTest" name="testBuyGas">
    <failure message="expected [true] but found [false]" type="java.lang.AssertionError">java.lang.AssertionError: expected [true] but found [false]
	at org.testng.Assert.fail(Assert.java:94)
	at org.testng.Assert.failNotEquals(Assert.java:494)
	at org.testng.Assert.assertTrue(Assert.java:42)
	at org.testng.Assert.assertTrue(Assert.java:52)
	at net.bigpoint.assessment.gasstation.implementation.StationImplTest.testBuyGas(StationImplTest.java:126)
</failure>
    <system-err>Jul 06, 2014 12:56:51 PM net.bigpoint.assessment.gasstation.implementation.StationImplTest testBuyGas
SEVERE: Not enough gas
</system-err>
  </testcase>
  <testcase time="5.201" classname="net.bigpoint.assessment.gasstation.implementation.StationImplTest" name="testBuyGas">
    <failure message="expected [true] but found [false]" type="java.lang.AssertionError">java.lang.AssertionError: expected [true] but found [false]
	at org.testng.Assert.fail(Assert.java:94)
	at org.testng.Assert.failNotEquals(Assert.java:494)
	at org.testng.Assert.assertTrue(Assert.java:42)
	at org.testng.Assert.assertTrue(Assert.java:52)
	at net.bigpoint.assessment.gasstation.implementation.StationImplTest.testBuyGas(StationImplTest.java:126)
</failure>
  </testcase>
  <testcase time="5.203" classname="net.bigpoint.assessment.gasstation.implementation.StationImplTest" name="testBuyGas">
    <failure message="expected [true] but found [false]" type="java.lang.AssertionError">java.lang.AssertionError: expected [true] but found [false]
	at org.testng.Assert.fail(Assert.java:94)
	at org.testng.Assert.failNotEquals(Assert.java:494)
	at org.testng.Assert.assertTrue(Assert.java:42)
	at org.testng.Assert.assertTrue(Assert.java:52)
	at net.bigpoint.assessment.gasstation.implementation.StationImplTest.testBuyGas(StationImplTest.java:126)
</failure>
    <system-err>Jul 06, 2014 12:56:51 PM net.bigpoint.assessment.gasstation.implementation.StationImplTest testBuyGas
SEVERE: Not enough gas
Jul 06, 2014 12:56:51 PM net.bigpoint.assessment.gasstation.implementation.StationImplTest testBuyGas
SEVERE: Not enough gas
</system-err>
  </testcase>
  <testcase time="5.203" classname="net.bigpoint.assessment.gasstation.implementation.StationImplTest" name="testBuyGas">
    <failure message="expected [true] but found [false]" type="java.lang.AssertionError">java.lang.AssertionError: expected [true] but found [false]
	at org.testng.Assert.fail(Assert.java:94)
	at org.testng.Assert.failNotEquals(Assert.java:494)
	at org.testng.Assert.assertTrue(Assert.java:42)
	at org.testng.Assert.assertTrue(Assert.java:52)
	at net.bigpoint.assessment.gasstation.implementation.StationImplTest.testBuyGas(StationImplTest.java:126)
</failure>
    <system-err>Jul 06, 2014 12:56:51 PM net.bigpoint.assessment.gasstation.implementation.StationImplTest testBuyGas
SEVERE: Not enough gas
</system-err>
  </testcase>
  <testcase time="5.203" classname="net.bigpoint.assessment.gasstation.implementation.StationImplTest" name="testBuyGas">
    <failure message="expected [true] but found [false]" type="java.lang.AssertionError">java.lang.AssertionError: expected [true] but found [false]
	at org.testng.Assert.fail(Assert.java:94)
	at org.testng.Assert.failNotEquals(Assert.java:494)
	at org.testng.Assert.assertTrue(Assert.java:42)
	at org.testng.Assert.assertTrue(Assert.java:52)
	at net.bigpoint.assessment.gasstation.implementation.StationImplTest.testBuyGas(StationImplTest.java:126)
</failure>
  </testcase>
  <testcase time="5.205" classname="net.bigpoint.assessment.gasstation.implementation.StationImplTest" name="testBuyGas">
    <failure message="expected [true] but found [false]" type="java.lang.AssertionError">java.lang.AssertionError: expected [true] but found [false]
	at org.testng.Assert.fail(Assert.java:94)
	at org.testng.Assert.failNotEquals(Assert.java:494)
	at org.testng.Assert.assertTrue(Assert.java:42)
	at org.testng.Assert.assertTrue(Assert.java:52)
	at net.bigpoint.assessment.gasstation.implementation.StationImplTest.testBuyGas(StationImplTest.java:126)
</failure>
    <system-err>Jul 06, 2014 12:56:51 PM net.bigpoint.assessment.gasstation.implementation.StationImplTest testBuyGas
SEVERE: Not enough gas
Jul 06, 2014 12:56:51 PM net.bigpoint.assessment.gasstation.implementation.StationImplTest testBuyGas
SEVERE: Not enough gas
</system-err>
  </testcase>
  <testcase time="5.205" classname="net.bigpoint.assessment.gasstation.implementation.StationImplTest" name="testBuyGas">
    <failure message="expected [true] but found [false]" type="java.lang.AssertionError">java.lang.AssertionError: expected [true] but found [false]
	at org.testng.Assert.fail(Assert.java:94)
	at org.testng.Assert.failNotEquals(Assert.java:494)
	at org.testng.Assert.assertTrue(Assert.java:42)
	at org.testng.Assert.assertTrue(Assert.java:52)
	at net.bigpoint.assessment.gasstation.implementation.StationImplTest.testBuyGas(StationImplTest.java:126)
</failure>
    <system-err>Jul 06, 2014 12:56:51 PM net.bigpoint.assessment.gasstation.implementation.StationImplTest testBuyGas
SEVERE: Not enough gas
</system-err>
  </testcase>
  <testcase time="5.205" classname="net.bigpoint.assessment.gasstation.implementation.StationImplTest" name="testBuyGas">
    <failure message="expected [true] but found [false]" type="java.lang.AssertionError">java.lang.AssertionError: expected [true] but found [false]
	at org.testng.Assert.fail(Assert.java:94)
	at org.testng.Assert.failNotEquals(Assert.java:494)
	at org.testng.Assert.assertTrue(Assert.java:42)
	at org.testng.Assert.assertTrue(Assert.java:52)
	at net.bigpoint.assessment.gasstation.implementation.StationImplTest.testBuyGas(StationImplTest.java:126)
</failure>
  </testcase>
  <testcase time="5.206" classname="net.bigpoint.assessment.gasstation.implementation.StationImplTest" name="testBuyGas">
    <failure message="expected [true] but found [false]" type="java.lang.AssertionError">java.lang.AssertionError: expected [true] but found [false]
	at org.testng.Assert.fail(Assert.java:94)
	at org.testng.Assert.failNotEquals(Assert.java:494)
	at org.testng.Assert.assertTrue(Assert.java:42)
	at org.testng.Assert.assertTrue(Assert.java:52)
	at net.bigpoint.assessment.gasstation.implementation.StationImplTest.testBuyGas(StationImplTest.java:126)
</failure>
    <system-err>Jul 06, 2014 12:56:51 PM net.bigpoint.assessment.gasstation.implementation.StationImplTest testBuyGas
SEVERE: Not enough gas
Jul 06, 2014 12:56:51 PM net.bigpoint.assessment.gasstation.implementation.StationImplTest testBuyGas
SEVERE: Not enough gas
</system-err>
  </testcase>
  <testcase time="5.207" classname="net.bigpoint.assessment.gasstation.implementation.StationImplTest" name="testBuyGas">
    <failure message="expected [true] but found [false]" type="java.lang.AssertionError">java.lang.AssertionError: expected [true] but found [false]
	at org.testng.Assert.fail(Assert.java:94)
	at org.testng.Assert.failNotEquals(Assert.java:494)
	at org.testng.Assert.assertTrue(Assert.java:42)
	at org.testng.Assert.assertTrue(Assert.java:52)
	at net.bigpoint.assessment.gasstation.implementation.StationImplTest.testBuyGas(StationImplTest.java:126)
</failure>
  </testcase>
  <testcase time="5.208" classname="net.bigpoint.assessment.gasstation.implementation.StationImplTest" name="testBuyGas">
    <failure message="expected [true] but found [false]" type="java.lang.AssertionError">java.lang.AssertionError: expected [true] but found [false]
	at org.testng.Assert.fail(Assert.java:94)
	at org.testng.Assert.failNotEquals(Assert.java:494)
	at org.testng.Assert.assertTrue(Assert.java:42)
	at org.testng.Assert.assertTrue(Assert.java:52)
	at net.bigpoint.assessment.gasstation.implementation.StationImplTest.testBuyGas(StationImplTest.java:126)
</failure>
    <system-err>Jul 06, 2014 12:56:51 PM net.bigpoint.assessment.gasstation.implementation.StationImplTest testBuyGas
SEVERE: Not enough gas
Jul 06, 2014 12:56:51 PM net.bigpoint.assessment.gasstation.implementation.StationImplTest testBuyGas
SEVERE: Not enough gas
</system-err>
  </testcase>
  <testcase time="5.208" classname="net.bigpoint.assessment.gasstation.implementation.StationImplTest" name="testBuyGas">
    <failure message="expected [true] but found [false]" type="java.lang.AssertionError">java.lang.AssertionError: expected [true] but found [false]
	at org.testng.Assert.fail(Assert.java:94)
	at org.testng.Assert.failNotEquals(Assert.java:494)
	at org.testng.Assert.assertTrue(Assert.java:42)
	at org.testng.Assert.assertTrue(Assert.java:52)
	at net.bigpoint.assessment.gasstation.implementation.StationImplTest.testBuyGas(StationImplTest.java:126)
</failure>
  </testcase>
  <testcase time="5.209" classname="net.bigpoint.assessment.gasstation.implementation.StationImplTest" name="testBuyGas">
    <failure message="expected [true] but found [false]" type="java.lang.AssertionError">java.lang.AssertionError: expected [true] but found [false]
	at org.testng.Assert.fail(Assert.java:94)
	at org.testng.Assert.failNotEquals(Assert.java:494)
	at org.testng.Assert.assertTrue(Assert.java:42)
	at org.testng.Assert.assertTrue(Assert.java:52)
	at net.bigpoint.assessment.gasstation.implementation.StationImplTest.testBuyGas(StationImplTest.java:126)
</failure>
    <system-err>Jul 06, 2014 12:56:51 PM net.bigpoint.assessment.gasstation.implementation.StationImplTest testBuyGas
SEVERE: Not enough gas
</system-err>
  </testcase>
  <testcase time="5.21" classname="net.bigpoint.assessment.gasstation.implementation.StationImplTest" name="testBuyGas">
    <failure message="expected [true] but found [false]" type="java.lang.AssertionError">java.lang.AssertionError: expected [true] but found [false]
	at org.testng.Assert.fail(Assert.java:94)
	at org.testng.Assert.failNotEquals(Assert.java:494)
	at org.testng.Assert.assertTrue(Assert.java:42)
	at org.testng.Assert.assertTrue(Assert.java:52)
	at net.bigpoint.assessment.gasstation.implementation.StationImplTest.testBuyGas(StationImplTest.java:126)
</failure>
    <system-err>Jul 06, 2014 12:56:51 PM net.bigpoint.assessment.gasstation.implementation.StationImplTest testBuyGas
SEVERE: Not enough gas
Jul 06, 2014 12:56:51 PM net.bigpoint.assessment.gasstation.implementation.StationImplTest testBuyGas
SEVERE: Not enough gas
</system-err>
  </testcase>
  <testcase time="5.211" classname="net.bigpoint.assessment.gasstation.implementation.StationImplTest" name="testBuyGas">
    <failure message="expected [true] but found [false]" type="java.lang.AssertionError">java.lang.AssertionError: expected [true] but found [false]
	at org.testng.Assert.fail(Assert.java:94)
	at org.testng.Assert.failNotEquals(Assert.java:494)
	at org.testng.Assert.assertTrue(Assert.java:42)
	at org.testng.Assert.assertTrue(Assert.java:52)
	at net.bigpoint.assessment.gasstation.implementation.StationImplTest.testBuyGas(StationImplTest.java:126)
</failure>
    <system-err>Jul 06, 2014 12:56:51 PM net.bigpoint.assessment.gasstation.implementation.StationImplTest testBuyGas
SEVERE: Not enough gas
Jul 06, 2014 12:56:51 PM net.bigpoint.assessment.gasstation.implementation.StationImplTest testBuyGas
SEVERE: Not enough gas
Jul 06, 2014 12:56:51 PM net.bigpoint.assessment.gasstation.implementation.StationImplTest testBuyGas
SEVERE: Not enough gas
</system-err>
  </testcase>
  <testcase time="5.211" classname="net.bigpoint.assessment.gasstation.implementation.StationImplTest" name="testBuyGas">
    <failure message="expected [true] but found [false]" type="java.lang.AssertionError">java.lang.AssertionError: expected [true] but found [false]
	at org.testng.Assert.fail(Assert.java:94)
	at org.testng.Assert.failNotEquals(Assert.java:494)
	at org.testng.Assert.assertTrue(Assert.java:42)
	at org.testng.Assert.assertTrue(Assert.java:52)
	at net.bigpoint.assessment.gasstation.implementation.StationImplTest.testBuyGas(StationImplTest.java:126)
</failure>
    <system-err>Jul 06, 2014 12:56:51 PM net.bigpoint.assessment.gasstation.implementation.StationImplTest testBuyGas
SEVERE: Not enough gas
</system-err>
  </testcase>
  <testcase time="5.212" classname="net.bigpoint.assessment.gasstation.implementation.StationImplTest" name="testBuyGas">
    <failure message="expected [true] but found [false]" type="java.lang.AssertionError">java.lang.AssertionError: expected [true] but found [false]
	at org.testng.Assert.fail(Assert.java:94)
	at org.testng.Assert.failNotEquals(Assert.java:494)
	at org.testng.Assert.assertTrue(Assert.java:42)
	at org.testng.Assert.assertTrue(Assert.java:52)
	at net.bigpoint.assessment.gasstation.implementation.StationImplTest.testBuyGas(StationImplTest.java:126)
</failure>
    <system-err>Jul 06, 2014 12:56:51 PM net.bigpoint.assessment.gasstation.implementation.StationImplTest testBuyGas
SEVERE: Not enough gas
</system-err>
  </testcase>
  <testcase time="5.212" classname="net.bigpoint.assessment.gasstation.implementation.StationImplTest" name="testBuyGas">
    <failure message="expected [true] but found [false]" type="java.lang.AssertionError">java.lang.AssertionError: expected [true] but found [false]
	at org.testng.Assert.fail(Assert.java:94)
	at org.testng.Assert.failNotEquals(Assert.java:494)
	at org.testng.Assert.assertTrue(Assert.java:42)
	at org.testng.Assert.assertTrue(Assert.java:52)
	at net.bigpoint.assessment.gasstation.implementation.StationImplTest.testBuyGas(StationImplTest.java:126)
</failure>
    <system-err>Jul 06, 2014 12:56:51 PM net.bigpoint.assessment.gasstation.implementation.StationImplTest testBuyGas
SEVERE: Not enough gas
</system-err>
  </testcase>
  <testcase time="5.213" classname="net.bigpoint.assessment.gasstation.implementation.StationImplTest" name="testBuyGas">
    <failure message="expected [true] but found [false]" type="java.lang.AssertionError">java.lang.AssertionError: expected [true] but found [false]
	at org.testng.Assert.fail(Assert.java:94)
	at org.testng.Assert.failNotEquals(Assert.java:494)
	at org.testng.Assert.assertTrue(Assert.java:42)
	at org.testng.Assert.assertTrue(Assert.java:52)
	at net.bigpoint.assessment.gasstation.implementation.StationImplTest.testBuyGas(StationImplTest.java:126)
</failure>
  </testcase>
  <testcase time="5.215" classname="net.bigpoint.assessment.gasstation.implementation.StationImplTest" name="testBuyGas">
    <failure message="expected [true] but found [false]" type="java.lang.AssertionError">java.lang.AssertionError: expected [true] but found [false]
	at org.testng.Assert.fail(Assert.java:94)
	at org.testng.Assert.failNotEquals(Assert.java:494)
	at org.testng.Assert.assertTrue(Assert.java:42)
	at org.testng.Assert.assertTrue(Assert.java:52)
	at net.bigpoint.assessment.gasstation.implementation.StationImplTest.testBuyGas(StationImplTest.java:126)
</failure>
    <system-err>Jul 06, 2014 12:56:51 PM net.bigpoint.assessment.gasstation.implementation.StationImplTest testBuyGas
SEVERE: Not enough gas
Jul 06, 2014 12:56:51 PM net.bigpoint.assessment.gasstation.implementation.StationImplTest testBuyGas
SEVERE: Not enough gas
Jul 06, 2014 12:56:51 PM net.bigpoint.assessment.gasstation.implementation.StationImplTest testBuyGas
SEVERE: Not enough gas
</system-err>
  </testcase>
  <testcase time="5.215" classname="net.bigpoint.assessment.gasstation.implementation.StationImplTest" name="testBuyGas">
    <failure message="expected [true] but found [false]" type="java.lang.AssertionError">java.lang.AssertionError: expected [true] but found [false]
	at org.testng.Assert.fail(Assert.java:94)
	at org.testng.Assert.failNotEquals(Assert.java:494)
	at org.testng.Assert.assertTrue(Assert.java:42)
	at org.testng.Assert.assertTrue(Assert.java:52)
	at net.bigpoint.assessment.gasstation.implementation.StationImplTest.testBuyGas(StationImplTest.java:126)
</failure>
    <system-err>Jul 06, 2014 12:56:51 PM net.bigpoint.assessment.gasstation.implementation.StationImplTest testBuyGas
SEVERE: Not enough gas
</system-err>
  </testcase>
  <testcase time="5.215" classname="net.bigpoint.assessment.gasstation.implementation.StationImplTest" name="testBuyGas">
    <failure message="expected [true] but found [false]" type="java.lang.AssertionError">java.lang.AssertionError: expected [true] but found [false]
	at org.testng.Assert.fail(Assert.java:94)
	at org.testng.Assert.failNotEquals(Assert.java:494)
	at org.testng.Assert.assertTrue(Assert.java:42)
	at org.testng.Assert.assertTrue(Assert.java:52)
	at net.bigpoint.assessment.gasstation.implementation.StationImplTest.testBuyGas(StationImplTest.java:126)
</failure>
  </testcase>
  <testcase time="5.216" classname="net.bigpoint.assessment.gasstation.implementation.StationImplTest" name="testBuyGas">
    <failure message="expected [true] but found [false]" type="java.lang.AssertionError">java.lang.AssertionError: expected [true] but found [false]
	at org.testng.Assert.fail(Assert.java:94)
	at org.testng.Assert.failNotEquals(Assert.java:494)
	at org.testng.Assert.assertTrue(Assert.java:42)
	at org.testng.Assert.assertTrue(Assert.java:52)
	at net.bigpoint.assessment.gasstation.implementation.StationImplTest.testBuyGas(StationImplTest.java:126)
</failure>
    <system-err>Jul 06, 2014 12:56:51 PM net.bigpoint.assessment.gasstation.implementation.StationImplTest testBuyGas
SEVERE: Not enough gas
Jul 06, 2014 12:56:51 PM net.bigpoint.assessment.gasstation.implementation.StationImplTest testBuyGas
SEVERE: Not enough gas
</system-err>
  </testcase>
  <testcase time="5.219" classname="net.bigpoint.assessment.gasstation.implementation.StationImplTest" name="testBuyGas">
    <failure message="expected [true] but found [false]" type="java.lang.AssertionError">java.lang.AssertionError: expected [true] but found [false]
	at org.testng.Assert.fail(Assert.java:94)
	at org.testng.Assert.failNotEquals(Assert.java:494)
	at org.testng.Assert.assertTrue(Assert.java:42)
	at org.testng.Assert.assertTrue(Assert.java:52)
	at net.bigpoint.assessment.gasstation.implementation.StationImplTest.testBuyGas(StationImplTest.java:126)
</failure>
    <system-err>Jul 06, 2014 12:56:51 PM net.bigpoint.assessment.gasstation.implementation.StationImplTest testBuyGas
SEVERE: Not enough gas
</system-err>
  </testcase>
  <testcase time="5.219" classname="net.bigpoint.assessment.gasstation.implementation.StationImplTest" name="testBuyGas">
    <failure message="expected [true] but found [false]" type="java.lang.AssertionError">java.lang.AssertionError: expected [true] but found [false]
	at org.testng.Assert.fail(Assert.java:94)
	at org.testng.Assert.failNotEquals(Assert.java:494)
	at org.testng.Assert.assertTrue(Assert.java:42)
	at org.testng.Assert.assertTrue(Assert.java:52)
	at net.bigpoint.assessment.gasstation.implementation.StationImplTest.testBuyGas(StationImplTest.java:126)
</failure>
    <system-err>Jul 06, 2014 12:56:51 PM net.bigpoint.assessment.gasstation.implementation.StationImplTest testBuyGas
SEVERE: Not enough gas
</system-err>
  </testcase>
  <testcase time="5.22" classname="net.bigpoint.assessment.gasstation.implementation.StationImplTest" name="testBuyGas">
    <failure message="expected [true] but found [false]" type="java.lang.AssertionError">java.lang.AssertionError: expected [true] but found [false]
	at org.testng.Assert.fail(Assert.java:94)
	at org.testng.Assert.failNotEquals(Assert.java:494)
	at org.testng.Assert.assertTrue(Assert.java:42)
	at org.testng.Assert.assertTrue(Assert.java:52)
	at net.bigpoint.assessment.gasstation.implementation.StationImplTest.testBuyGas(StationImplTest.java:126)
</failure>
    <system-err>Jul 06, 2014 12:56:51 PM net.bigpoint.assessment.gasstation.implementation.StationImplTest testBuyGas
SEVERE: Not enough gas
</system-err>
  </testcase>
  <testcase time="5.22" classname="net.bigpoint.assessment.gasstation.implementation.StationImplTest" name="testBuyGas">
    <failure message="expected [true] but found [false]" type="java.lang.AssertionError">java.lang.AssertionError: expected [true] but found [false]
	at org.testng.Assert.fail(Assert.java:94)
	at org.testng.Assert.failNotEquals(Assert.java:494)
	at org.testng.Assert.assertTrue(Assert.java:42)
	at org.testng.Assert.assertTrue(Assert.java:52)
	at net.bigpoint.assessment.gasstation.implementation.StationImplTest.testBuyGas(StationImplTest.java:126)
</failure>
  </testcase>
  <testcase time="5.221" classname="net.bigpoint.assessment.gasstation.implementation.StationImplTest" name="testBuyGas">
    <failure message="expected [true] but found [false]" type="java.lang.AssertionError">java.lang.AssertionError: expected [true] but found [false]
	at org.testng.Assert.fail(Assert.java:94)
	at org.testng.Assert.failNotEquals(Assert.java:494)
	at org.testng.Assert.assertTrue(Assert.java:42)
	at org.testng.Assert.assertTrue(Assert.java:52)
	at net.bigpoint.assessment.gasstation.implementation.StationImplTest.testBuyGas(StationImplTest.java:126)
</failure>
    <system-err>Jul 06, 2014 12:56:51 PM net.bigpoint.assessment.gasstation.implementation.StationImplTest testBuyGas
SEVERE: Not enough gas
Jul 06, 2014 12:56:51 PM net.bigpoint.assessment.gasstation.implementation.StationImplTest testBuyGas
SEVERE: Not enough gas
</system-err>
  </testcase>
  <testcase time="5.221" classname="net.bigpoint.assessment.gasstation.implementation.StationImplTest" name="testBuyGas">
    <failure message="expected [true] but found [false]" type="java.lang.AssertionError">java.lang.AssertionError: expected [true] but found [false]
	at org.testng.Assert.fail(Assert.java:94)
	at org.testng.Assert.failNotEquals(Assert.java:494)
	at org.testng.Assert.assertTrue(Assert.java:42)
	at org.testng.Assert.assertTrue(Assert.java:52)
	at net.bigpoint.assessment.gasstation.implementation.StationImplTest.testBuyGas(StationImplTest.java:126)
</failure>
    <system-err>Jul 06, 2014 12:56:51 PM net.bigpoint.assessment.gasstation.implementation.StationImplTest testBuyGas
SEVERE: Not enough gas
</system-err>
  </testcase>
  <testcase time="5.223" classname="net.bigpoint.assessment.gasstation.implementation.StationImplTest" name="testBuyGas">
    <failure message="expected [true] but found [false]" type="java.lang.AssertionError">java.lang.AssertionError: expected [true] but found [false]
	at org.testng.Assert.fail(Assert.java:94)
	at org.testng.Assert.failNotEquals(Assert.java:494)
	at org.testng.Assert.assertTrue(Assert.java:42)
	at org.testng.Assert.assertTrue(Assert.java:52)
	at net.bigpoint.assessment.gasstation.implementation.StationImplTest.testBuyGas(StationImplTest.java:126)
</failure>
    <system-err>Jul 06, 2014 12:56:51 PM net.bigpoint.assessment.gasstation.implementation.StationImplTest testBuyGas
SEVERE: Not enough gas
</system-err>
  </testcase>
  <testcase time="5.223" classname="net.bigpoint.assessment.gasstation.implementation.StationImplTest" name="testBuyGas">
    <failure message="expected [true] but found [false]" type="java.lang.AssertionError">java.lang.AssertionError: expected [true] but found [false]
	at org.testng.Assert.fail(Assert.java:94)
	at org.testng.Assert.failNotEquals(Assert.java:494)
	at org.testng.Assert.assertTrue(Assert.java:42)
	at org.testng.Assert.assertTrue(Assert.java:52)
	at net.bigpoint.assessment.gasstation.implementation.StationImplTest.testBuyGas(StationImplTest.java:126)
</failure>
    <system-err>Jul 06, 2014 12:56:51 PM net.bigpoint.assessment.gasstation.implementation.StationImplTest testBuyGas
SEVERE: Not enough gas
</system-err>
  </testcase>
  <testcase time="5.223" classname="net.bigpoint.assessment.gasstation.implementation.StationImplTest" name="testBuyGas">
    <failure message="expected [true] but found [false]" type="java.lang.AssertionError">java.lang.AssertionError: expected [true] but found [false]
	at org.testng.Assert.fail(Assert.java:94)
	at org.testng.Assert.failNotEquals(Assert.java:494)
	at org.testng.Assert.assertTrue(Assert.java:42)
	at org.testng.Assert.assertTrue(Assert.java:52)
	at net.bigpoint.assessment.gasstation.implementation.StationImplTest.testBuyGas(StationImplTest.java:126)
</failure>
  </testcase>
  <testcase time="5.224" classname="net.bigpoint.assessment.gasstation.implementation.StationImplTest" name="testBuyGas">
    <failure message="expected [true] but found [false]" type="java.lang.AssertionError">java.lang.AssertionError: expected [true] but found [false]
	at org.testng.Assert.fail(Assert.java:94)
	at org.testng.Assert.failNotEquals(Assert.java:494)
	at org.testng.Assert.assertTrue(Assert.java:42)
	at org.testng.Assert.assertTrue(Assert.java:52)
	at net.bigpoint.assessment.gasstation.implementation.StationImplTest.testBuyGas(StationImplTest.java:126)
</failure>
    <system-err>Jul 06, 2014 12:56:51 PM net.bigpoint.assessment.gasstation.implementation.StationImplTest testBuyGas
SEVERE: Not enough gas
Jul 06, 2014 12:56:51 PM net.bigpoint.assessment.gasstation.implementation.StationImplTest testBuyGas
SEVERE: Not enough gas
</system-err>
  </testcase>
  <testcase time="5.225" classname="net.bigpoint.assessment.gasstation.implementation.StationImplTest" name="testBuyGas">
    <failure message="expected [true] but found [false]" type="java.lang.AssertionError">java.lang.AssertionError: expected [true] but found [false]
	at org.testng.Assert.fail(Assert.java:94)
	at org.testng.Assert.failNotEquals(Assert.java:494)
	at org.testng.Assert.assertTrue(Assert.java:42)
	at org.testng.Assert.assertTrue(Assert.java:52)
	at net.bigpoint.assessment.gasstation.implementation.StationImplTest.testBuyGas(StationImplTest.java:126)
</failure>
    <system-err>Jul 06, 2014 12:56:51 PM net.bigpoint.assessment.gasstation.implementation.StationImplTest testBuyGas
SEVERE: Not enough gas
</system-err>
  </testcase>
  <testcase time="5.225" classname="net.bigpoint.assessment.gasstation.implementation.StationImplTest" name="testBuyGas">
    <failure message="expected [true] but found [false]" type="java.lang.AssertionError">java.lang.AssertionError: expected [true] but found [false]
	at org.testng.Assert.fail(Assert.java:94)
	at org.testng.Assert.failNotEquals(Assert.java:494)
	at org.testng.Assert.assertTrue(Assert.java:42)
	at org.testng.Assert.assertTrue(Assert.java:52)
	at net.bigpoint.assessment.gasstation.implementation.StationImplTest.testBuyGas(StationImplTest.java:126)
</failure>
    <system-err>Jul 06, 2014 12:56:51 PM net.bigpoint.assessment.gasstation.implementation.StationImplTest testBuyGas
SEVERE: Not enough gas
</system-err>
  </testcase>
  <testcase time="5.226" classname="net.bigpoint.assessment.gasstation.implementation.StationImplTest" name="testBuyGas">
    <failure message="expected [true] but found [false]" type="java.lang.AssertionError">java.lang.AssertionError: expected [true] but found [false]
	at org.testng.Assert.fail(Assert.java:94)
	at org.testng.Assert.failNotEquals(Assert.java:494)
	at org.testng.Assert.assertTrue(Assert.java:42)
	at org.testng.Assert.assertTrue(Assert.java:52)
	at net.bigpoint.assessment.gasstation.implementation.StationImplTest.testBuyGas(StationImplTest.java:126)
</failure>
    <system-err>Jul 06, 2014 12:56:51 PM net.bigpoint.assessment.gasstation.implementation.StationImplTest testBuyGas
SEVERE: Not enough gas
</system-err>
  </testcase>
  <testcase time="5.226" classname="net.bigpoint.assessment.gasstation.implementation.StationImplTest" name="testBuyGas">
    <failure message="expected [true] but found [false]" type="java.lang.AssertionError">java.lang.AssertionError: expected [true] but found [false]
	at org.testng.Assert.fail(Assert.java:94)
	at org.testng.Assert.failNotEquals(Assert.java:494)
	at org.testng.Assert.assertTrue(Assert.java:42)
	at org.testng.Assert.assertTrue(Assert.java:52)
	at net.bigpoint.assessment.gasstation.implementation.StationImplTest.testBuyGas(StationImplTest.java:126)
</failure>
  </testcase>
  <testcase time="5.227" classname="net.bigpoint.assessment.gasstation.implementation.StationImplTest" name="testBuyGas">
    <failure message="expected [true] but found [false]" type="java.lang.AssertionError">java.lang.AssertionError: expected [true] but found [false]
	at org.testng.Assert.fail(Assert.java:94)
	at org.testng.Assert.failNotEquals(Assert.java:494)
	at org.testng.Assert.assertTrue(Assert.java:42)
	at org.testng.Assert.assertTrue(Assert.java:52)
	at net.bigpoint.assessment.gasstation.implementation.StationImplTest.testBuyGas(StationImplTest.java:126)
</failure>
    <system-err>Jul 06, 2014 12:56:51 PM net.bigpoint.assessment.gasstation.implementation.StationImplTest testBuyGas
SEVERE: Not enough gas
Jul 06, 2014 12:56:51 PM net.bigpoint.assessment.gasstation.implementation.StationImplTest testBuyGas
SEVERE: Not enough gas
</system-err>
  </testcase>
  <testcase time="5.228" classname="net.bigpoint.assessment.gasstation.implementation.StationImplTest" name="testBuyGas">
    <failure message="expected [true] but found [false]" type="java.lang.AssertionError">java.lang.AssertionError: expected [true] but found [false]
	at org.testng.Assert.fail(Assert.java:94)
	at org.testng.Assert.failNotEquals(Assert.java:494)
	at org.testng.Assert.assertTrue(Assert.java:42)
	at org.testng.Assert.assertTrue(Assert.java:52)
	at net.bigpoint.assessment.gasstation.implementation.StationImplTest.testBuyGas(StationImplTest.java:126)
</failure>
    <system-err>Jul 06, 2014 12:56:51 PM net.bigpoint.assessment.gasstation.implementation.StationImplTest testBuyGas
SEVERE: Not enough gas
</system-err>
  </testcase>
  <testcase time="5.228" classname="net.bigpoint.assessment.gasstation.implementation.StationImplTest" name="testBuyGas">
    <failure message="expected [true] but found [false]" type="java.lang.AssertionError">java.lang.AssertionError: expected [true] but found [false]
	at org.testng.Assert.fail(Assert.java:94)
	at org.testng.Assert.failNotEquals(Assert.java:494)
	at org.testng.Assert.assertTrue(Assert.java:42)
	at org.testng.Assert.assertTrue(Assert.java:52)
	at net.bigpoint.assessment.gasstation.implementation.StationImplTest.testBuyGas(StationImplTest.java:126)
</failure>
    <system-err>Jul 06, 2014 12:56:51 PM net.bigpoint.assessment.gasstation.implementation.StationImplTest testBuyGas
SEVERE: Not enough gas
</system-err>
  </testcase>
  <testcase time="5.229" classname="net.bigpoint.assessment.gasstation.implementation.StationImplTest" name="testBuyGas">
    <failure message="expected [true] but found [false]" type="java.lang.AssertionError">java.lang.AssertionError: expected [true] but found [false]
	at org.testng.Assert.fail(Assert.java:94)
	at org.testng.Assert.failNotEquals(Assert.java:494)
	at org.testng.Assert.assertTrue(Assert.java:42)
	at org.testng.Assert.assertTrue(Assert.java:52)
	at net.bigpoint.assessment.gasstation.implementation.StationImplTest.testBuyGas(StationImplTest.java:126)
</failure>
    <system-err>Jul 06, 2014 12:56:51 PM net.bigpoint.assessment.gasstation.implementation.StationImplTest testBuyGas
SEVERE: Not enough gas
</system-err>
  </testcase>
  <testcase time="5.229" classname="net.bigpoint.assessment.gasstation.implementation.StationImplTest" name="testBuyGas">
    <failure message="expected [true] but found [false]" type="java.lang.AssertionError">java.lang.AssertionError: expected [true] but found [false]
	at org.testng.Assert.fail(Assert.java:94)
	at org.testng.Assert.failNotEquals(Assert.java:494)
	at org.testng.Assert.assertTrue(Assert.java:42)
	at org.testng.Assert.assertTrue(Assert.java:52)
	at net.bigpoint.assessment.gasstation.implementation.StationImplTest.testBuyGas(StationImplTest.java:126)
</failure>
  </testcase>
  <testcase time="5.23" classname="net.bigpoint.assessment.gasstation.implementation.StationImplTest" name="testBuyGas">
    <failure message="expected [true] but found [false]" type="java.lang.AssertionError">java.lang.AssertionError: expected [true] but found [false]
	at org.testng.Assert.fail(Assert.java:94)
	at org.testng.Assert.failNotEquals(Assert.java:494)
	at org.testng.Assert.assertTrue(Assert.java:42)
	at org.testng.Assert.assertTrue(Assert.java:52)
	at net.bigpoint.assessment.gasstation.implementation.StationImplTest.testBuyGas(StationImplTest.java:126)
</failure>
    <system-err>Jul 06, 2014 12:56:51 PM net.bigpoint.assessment.gasstation.implementation.StationImplTest testBuyGas
SEVERE: Not enough gas
Jul 06, 2014 12:56:51 PM net.bigpoint.assessment.gasstation.implementation.StationImplTest testBuyGas
SEVERE: Not enough gas
</system-err>
  </testcase>
  <testcase time="5.231" classname="net.bigpoint.assessment.gasstation.implementation.StationImplTest" name="testBuyGas">
    <failure message="expected [true] but found [false]" type="java.lang.AssertionError">java.lang.AssertionError: expected [true] but found [false]
	at org.testng.Assert.fail(Assert.java:94)
	at org.testng.Assert.failNotEquals(Assert.java:494)
	at org.testng.Assert.assertTrue(Assert.java:42)
	at org.testng.Assert.assertTrue(Assert.java:52)
	at net.bigpoint.assessment.gasstation.implementation.StationImplTest.testBuyGas(StationImplTest.java:126)
</failure>
    <system-err>Jul 06, 2014 12:56:51 PM net.bigpoint.assessment.gasstation.implementation.StationImplTest testBuyGas
SEVERE: Not enough gas
Jul 06, 2014 12:56:51 PM net.bigpoint.assessment.gasstation.implementation.StationImplTest testBuyGas
SEVERE: Not enough gas
</system-err>
  </testcase>
  <testcase time="5.231" classname="net.bigpoint.assessment.gasstation.implementation.StationImplTest" name="testBuyGas">
    <failure message="expected [true] but found [false]" type="java.lang.AssertionError">java.lang.AssertionError: expected [true] but found [false]
	at org.testng.Assert.fail(Assert.java:94)
	at org.testng.Assert.failNotEquals(Assert.java:494)
	at org.testng.Assert.assertTrue(Assert.java:42)
	at org.testng.Assert.assertTrue(Assert.java:52)
	at net.bigpoint.assessment.gasstation.implementation.StationImplTest.testBuyGas(StationImplTest.java:126)
</failure>
  </testcase>
  <testcase time="5.256" classname="net.bigpoint.assessment.gasstation.implementation.StationImplTest" name="testBuyGas">
    <failure message="expected [true] but found [false]" type="java.lang.AssertionError">java.lang.AssertionError: expected [true] but found [false]
	at org.testng.Assert.fail(Assert.java:94)
	at org.testng.Assert.failNotEquals(Assert.java:494)
	at org.testng.Assert.assertTrue(Assert.java:42)
	at org.testng.Assert.assertTrue(Assert.java:52)
	at net.bigpoint.assessment.gasstation.implementation.StationImplTest.testBuyGas(StationImplTest.java:126)
</failure>
    <system-err>Jul 06, 2014 12:56:51 PM net.bigpoint.assessment.gasstation.implementation.StationImplTest testBuyGas
SEVERE: Not enough gas
</system-err>
  </testcase>
  <testcase time="5.257" classname="net.bigpoint.assessment.gasstation.implementation.StationImplTest" name="testBuyGas">
    <failure message="expected [true] but found [false]" type="java.lang.AssertionError">java.lang.AssertionError: expected [true] but found [false]
	at org.testng.Assert.fail(Assert.java:94)
	at org.testng.Assert.failNotEquals(Assert.java:494)
	at org.testng.Assert.assertTrue(Assert.java:42)
	at org.testng.Assert.assertTrue(Assert.java:52)
	at net.bigpoint.assessment.gasstation.implementation.StationImplTest.testBuyGas(StationImplTest.java:126)
</failure>
  </testcase>
  <testcase time="5.258" classname="net.bigpoint.assessment.gasstation.implementation.StationImplTest" name="testBuyGas">
    <failure message="expected [true] but found [false]" type="java.lang.AssertionError">java.lang.AssertionError: expected [true] but found [false]
	at org.testng.Assert.fail(Assert.java:94)
	at org.testng.Assert.failNotEquals(Assert.java:494)
	at org.testng.Assert.assertTrue(Assert.java:42)
	at org.testng.Assert.assertTrue(Assert.java:52)
	at net.bigpoint.assessment.gasstation.implementation.StationImplTest.testBuyGas(StationImplTest.java:126)
</failure>
    <system-err>Jul 06, 2014 12:56:51 PM net.bigpoint.assessment.gasstation.implementation.StationImplTest testBuyGas
SEVERE: Not enough gas
Jul 06, 2014 12:56:51 PM net.bigpoint.assessment.gasstation.implementation.StationImplTest testBuyGas
SEVERE: Not enough gas
Jul 06, 2014 12:56:51 PM net.bigpoint.assessment.gasstation.implementation.StationImplTest testBuyGas
SEVERE: Not enough gas
Jul 06, 2014 12:56:51 PM net.bigpoint.assessment.gasstation.implementation.StationImplTest testBuyGas
SEVERE: Not enough gas
</system-err>
  </testcase>
  <testcase time="5.258" classname="net.bigpoint.assessment.gasstation.implementation.StationImplTest" name="testBuyGas">
    <failure message="expected [true] but found [false]" type="java.lang.AssertionError">java.lang.AssertionError: expected [true] but found [false]
	at org.testng.Assert.fail(Assert.java:94)
	at org.testng.Assert.failNotEquals(Assert.java:494)
	at org.testng.Assert.assertTrue(Assert.java:42)
	at org.testng.Assert.assertTrue(Assert.java:52)
	at net.bigpoint.assessment.gasstation.implementation.StationImplTest.testBuyGas(StationImplTest.java:126)
</failure>
    <system-err>Jul 06, 2014 12:56:51 PM net.bigpoint.assessment.gasstation.implementation.StationImplTest testBuyGas
SEVERE: Not enough gas
</system-err>
  </testcase>
  <testcase time="5.259" classname="net.bigpoint.assessment.gasstation.implementation.StationImplTest" name="testBuyGas">
    <failure message="expected [true] but found [false]" type="java.lang.AssertionError">java.lang.AssertionError: expected [true] but found [false]
	at org.testng.Assert.fail(Assert.java:94)
	at org.testng.Assert.failNotEquals(Assert.java:494)
	at org.testng.Assert.assertTrue(Assert.java:42)
	at org.testng.Assert.assertTrue(Assert.java:52)
	at net.bigpoint.assessment.gasstation.implementation.StationImplTest.testBuyGas(StationImplTest.java:126)
</failure>
    <system-err>Jul 06, 2014 12:56:51 PM net.bigpoint.assessment.gasstation.implementation.StationImplTest testBuyGas
SEVERE: Not enough gas
</system-err>
  </testcase>
  <testcase time="5.259" classname="net.bigpoint.assessment.gasstation.implementation.StationImplTest" name="testBuyGas">
    <failure message="expected [true] but found [false]" type="java.lang.AssertionError">java.lang.AssertionError: expected [true] but found [false]
	at org.testng.Assert.fail(Assert.java:94)
	at org.testng.Assert.failNotEquals(Assert.java:494)
	at org.testng.Assert.assertTrue(Assert.java:42)
	at org.testng.Assert.assertTrue(Assert.java:52)
	at net.bigpoint.assessment.gasstation.implementation.StationImplTest.testBuyGas(StationImplTest.java:126)
</failure>
    <system-err>Jul 06, 2014 12:56:51 PM net.bigpoint.assessment.gasstation.implementation.StationImplTest testBuyGas
SEVERE: Not enough gas
</system-err>
  </testcase>
  <testcase time="5.26" classname="net.bigpoint.assessment.gasstation.implementation.StationImplTest" name="testBuyGas">
    <failure message="expected [true] but found [false]" type="java.lang.AssertionError">java.lang.AssertionError: expected [true] but found [false]
	at org.testng.Assert.fail(Assert.java:94)
	at org.testng.Assert.failNotEquals(Assert.java:494)
	at org.testng.Assert.assertTrue(Assert.java:42)
	at org.testng.Assert.assertTrue(Assert.java:52)
	at net.bigpoint.assessment.gasstation.implementation.StationImplTest.testBuyGas(StationImplTest.java:126)
</failure>
    <system-err>Jul 06, 2014 12:56:51 PM net.bigpoint.assessment.gasstation.implementation.StationImplTest testBuyGas
SEVERE: Not enough gas
</system-err>
  </testcase>
  <testcase time="5.26" classname="net.bigpoint.assessment.gasstation.implementation.StationImplTest" name="testBuyGas">
    <failure message="expected [true] but found [false]" type="java.lang.AssertionError">java.lang.AssertionError: expected [true] but found [false]
	at org.testng.Assert.fail(Assert.java:94)
	at org.testng.Assert.failNotEquals(Assert.java:494)
	at org.testng.Assert.assertTrue(Assert.java:42)
	at org.testng.Assert.assertTrue(Assert.java:52)
	at net.bigpoint.assessment.gasstation.implementation.StationImplTest.testBuyGas(StationImplTest.java:126)
</failure>
  </testcase>
  <testcase time="5.261" classname="net.bigpoint.assessment.gasstation.implementation.StationImplTest" name="testBuyGas">
    <failure message="expected [true] but found [false]" type="java.lang.AssertionError">java.lang.AssertionError: expected [true] but found [false]
	at org.testng.Assert.fail(Assert.java:94)
	at org.testng.Assert.failNotEquals(Assert.java:494)
	at org.testng.Assert.assertTrue(Assert.java:42)
	at org.testng.Assert.assertTrue(Assert.java:52)
	at net.bigpoint.assessment.gasstation.implementation.StationImplTest.testBuyGas(StationImplTest.java:126)
</failure>
    <system-err>Jul 06, 2014 12:56:51 PM net.bigpoint.assessment.gasstation.implementation.StationImplTest testBuyGas
SEVERE: Not enough gas
Jul 06, 2014 12:56:51 PM net.bigpoint.assessment.gasstation.implementation.StationImplTest testBuyGas
SEVERE: Not enough gas
Jul 06, 2014 12:56:51 PM net.bigpoint.assessment.gasstation.implementation.StationImplTest testBuyGas
SEVERE: Not enough gas
</system-err>
  </testcase>
  <testcase time="5.261" classname="net.bigpoint.assessment.gasstation.implementation.StationImplTest" name="testBuyGas">
    <failure message="expected [true] but found [false]" type="java.lang.AssertionError">java.lang.AssertionError: expected [true] but found [false]
	at org.testng.Assert.fail(Assert.java:94)
	at org.testng.Assert.failNotEquals(Assert.java:494)
	at org.testng.Assert.assertTrue(Assert.java:42)
	at org.testng.Assert.assertTrue(Assert.java:52)
	at net.bigpoint.assessment.gasstation.implementation.StationImplTest.testBuyGas(StationImplTest.java:126)
</failure>
    <system-err>Jul 06, 2014 12:56:51 PM net.bigpoint.assessment.gasstation.implementation.StationImplTest testBuyGas
SEVERE: Not enough gas
</system-err>
  </testcase>
  <testcase time="5.262" classname="net.bigpoint.assessment.gasstation.implementation.StationImplTest" name="testBuyGas">
    <failure message="expected [true] but found [false]" type="java.lang.AssertionError">java.lang.AssertionError: expected [true] but found [false]
	at org.testng.Assert.fail(Assert.java:94)
	at org.testng.Assert.failNotEquals(Assert.java:494)
	at org.testng.Assert.assertTrue(Assert.java:42)
	at org.testng.Assert.assertTrue(Assert.java:52)
	at net.bigpoint.assessment.gasstation.implementation.StationImplTest.testBuyGas(StationImplTest.java:126)
</failure>
  </testcase>
  <testcase time="5.263" classname="net.bigpoint.assessment.gasstation.implementation.StationImplTest" name="testBuyGas">
    <failure message="expected [true] but found [false]" type="java.lang.AssertionError">java.lang.AssertionError: expected [true] but found [false]
	at org.testng.Assert.fail(Assert.java:94)
	at org.testng.Assert.failNotEquals(Assert.java:494)
	at org.testng.Assert.assertTrue(Assert.java:42)
	at org.testng.Assert.assertTrue(Assert.java:52)
	at net.bigpoint.assessment.gasstation.implementation.StationImplTest.testBuyGas(StationImplTest.java:126)
</failure>
    <system-err>Jul 06, 2014 12:56:51 PM net.bigpoint.assessment.gasstation.implementation.StationImplTest testBuyGas
SEVERE: Not enough gas
Jul 06, 2014 12:56:51 PM net.bigpoint.assessment.gasstation.implementation.StationImplTest testBuyGas
SEVERE: Not enough gas
</system-err>
  </testcase>
  <testcase time="5.263" classname="net.bigpoint.assessment.gasstation.implementation.StationImplTest" name="testBuyGas">
    <failure message="expected [true] but found [false]" type="java.lang.AssertionError">java.lang.AssertionError: expected [true] but found [false]
	at org.testng.Assert.fail(Assert.java:94)
	at org.testng.Assert.failNotEquals(Assert.java:494)
	at org.testng.Assert.assertTrue(Assert.java:42)
	at org.testng.Assert.assertTrue(Assert.java:52)
	at net.bigpoint.assessment.gasstation.implementation.StationImplTest.testBuyGas(StationImplTest.java:126)
</failure>
    <system-err>Jul 06, 2014 12:56:51 PM net.bigpoint.assessment.gasstation.implementation.StationImplTest testBuyGas
SEVERE: Not enough gas
</system-err>
  </testcase>
  <testcase time="5.264" classname="net.bigpoint.assessment.gasstation.implementation.StationImplTest" name="testBuyGas">
    <failure message="expected [true] but found [false]" type="java.lang.AssertionError">java.lang.AssertionError: expected [true] but found [false]
	at org.testng.Assert.fail(Assert.java:94)
	at org.testng.Assert.failNotEquals(Assert.java:494)
	at org.testng.Assert.assertTrue(Assert.java:42)
	at org.testng.Assert.assertTrue(Assert.java:52)
	at net.bigpoint.assessment.gasstation.implementation.StationImplTest.testBuyGas(StationImplTest.java:126)
</failure>
    <system-err>Jul 06, 2014 12:56:51 PM net.bigpoint.assessment.gasstation.implementation.StationImplTest testBuyGas
SEVERE: Not enough gas
</system-err>
  </testcase>
  <testcase time="5.264" classname="net.bigpoint.assessment.gasstation.implementation.StationImplTest" name="testBuyGas">
    <failure message="expected [true] but found [false]" type="java.lang.AssertionError">java.lang.AssertionError: expected [true] but found [false]
	at org.testng.Assert.fail(Assert.java:94)
	at org.testng.Assert.failNotEquals(Assert.java:494)
	at org.testng.Assert.assertTrue(Assert.java:42)
	at org.testng.Assert.assertTrue(Assert.java:52)
	at net.bigpoint.assessment.gasstation.implementation.StationImplTest.testBuyGas(StationImplTest.java:126)
</failure>
    <system-err>Jul 06, 2014 12:56:51 PM net.bigpoint.assessment.gasstation.implementation.StationImplTest testBuyGas
SEVERE: Not enough gas
</system-err>
  </testcase>
  <testcase time="5.265" classname="net.bigpoint.assessment.gasstation.implementation.StationImplTest" name="testBuyGas">
    <failure message="expected [true] but found [false]" type="java.lang.AssertionError">java.lang.AssertionError: expected [true] but found [false]
	at org.testng.Assert.fail(Assert.java:94)
	at org.testng.Assert.failNotEquals(Assert.java:494)
	at org.testng.Assert.assertTrue(Assert.java:42)
	at org.testng.Assert.assertTrue(Assert.java:52)
	at net.bigpoint.assessment.gasstation.implementation.StationImplTest.testBuyGas(StationImplTest.java:126)
</failure>
  </testcase>
  <testcase time="5.266" classname="net.bigpoint.assessment.gasstation.implementation.StationImplTest" name="testBuyGas">
    <failure message="expected [true] but found [false]" type="java.lang.AssertionError">java.lang.AssertionError: expected [true] but found [false]
	at org.testng.Assert.fail(Assert.java:94)
	at org.testng.Assert.failNotEquals(Assert.java:494)
	at org.testng.Assert.assertTrue(Assert.java:42)
	at org.testng.Assert.assertTrue(Assert.java:52)
	at net.bigpoint.assessment.gasstation.implementation.StationImplTest.testBuyGas(StationImplTest.java:126)
</failure>
    <system-err>Jul 06, 2014 12:56:51 PM net.bigpoint.assessment.gasstation.implementation.StationImplTest testBuyGas
SEVERE: Not enough gas
Jul 06, 2014 12:56:51 PM net.bigpoint.assessment.gasstation.implementation.StationImplTest testBuyGas
SEVERE: Not enough gas
</system-err>
  </testcase>
  <testcase time="5.266" classname="net.bigpoint.assessment.gasstation.implementation.StationImplTest" name="testBuyGas">
    <failure message="expected [true] but found [false]" type="java.lang.AssertionError">java.lang.AssertionError: expected [true] but found [false]
	at org.testng.Assert.fail(Assert.java:94)
	at org.testng.Assert.failNotEquals(Assert.java:494)
	at org.testng.Assert.assertTrue(Assert.java:42)
	at org.testng.Assert.assertTrue(Assert.java:52)
	at net.bigpoint.assessment.gasstation.implementation.StationImplTest.testBuyGas(StationImplTest.java:126)
</failure>
    <system-err>Jul 06, 2014 12:56:51 PM net.bigpoint.assessment.gasstation.implementation.StationImplTest testBuyGas
SEVERE: Not enough gas
Jul 06, 2014 12:56:51 PM net.bigpoint.assessment.gasstation.implementation.StationImplTest testBuyGas
SEVERE: Not enough gas
Jul 06, 2014 12:56:51 PM net.bigpoint.assessment.gasstation.implementation.StationImplTest testBuyGas
SEVERE: Not enough gas
</system-err>
  </testcase>
  <testcase time="5.267" classname="net.bigpoint.assessment.gasstation.implementation.StationImplTest" name="testBuyGas">
    <failure message="expected [true] but found [false]" type="java.lang.AssertionError">java.lang.AssertionError: expected [true] but found [false]
	at org.testng.Assert.fail(Assert.java:94)
	at org.testng.Assert.failNotEquals(Assert.java:494)
	at org.testng.Assert.assertTrue(Assert.java:42)
	at org.testng.Assert.assertTrue(Assert.java:52)
	at net.bigpoint.assessment.gasstation.implementation.StationImplTest.testBuyGas(StationImplTest.java:126)
</failure>
    <system-err>Jul 06, 2014 12:56:51 PM net.bigpoint.assessment.gasstation.implementation.StationImplTest testBuyGas
SEVERE: Not enough gas
</system-err>
  </testcase>
  <testcase time="5.267" classname="net.bigpoint.assessment.gasstation.implementation.StationImplTest" name="testBuyGas">
    <failure message="expected [true] but found [false]" type="java.lang.AssertionError">java.lang.AssertionError: expected [true] but found [false]
	at org.testng.Assert.fail(Assert.java:94)
	at org.testng.Assert.failNotEquals(Assert.java:494)
	at org.testng.Assert.assertTrue(Assert.java:42)
	at org.testng.Assert.assertTrue(Assert.java:52)
	at net.bigpoint.assessment.gasstation.implementation.StationImplTest.testBuyGas(StationImplTest.java:126)
</failure>
  </testcase>
  <testcase time="5.268" classname="net.bigpoint.assessment.gasstation.implementation.StationImplTest" name="testBuyGas">
    <failure message="expected [true] but found [false]" type="java.lang.AssertionError">java.lang.AssertionError: expected [true] but found [false]
	at org.testng.Assert.fail(Assert.java:94)
	at org.testng.Assert.failNotEquals(Assert.java:494)
	at org.testng.Assert.assertTrue(Assert.java:42)
	at org.testng.Assert.assertTrue(Assert.java:52)
	at net.bigpoint.assessment.gasstation.implementation.StationImplTest.testBuyGas(StationImplTest.java:126)
</failure>
    <system-err>Jul 06, 2014 12:56:51 PM net.bigpoint.assessment.gasstation.implementation.StationImplTest testBuyGas
SEVERE: Not enough gas
Jul 06, 2014 12:56:51 PM net.bigpoint.assessment.gasstation.implementation.StationImplTest testBuyGas
SEVERE: Not enough gas
</system-err>
  </testcase>
  <testcase time="5.269" classname="net.bigpoint.assessment.gasstation.implementation.StationImplTest" name="testBuyGas">
    <failure message="expected [true] but found [false]" type="java.lang.AssertionError">java.lang.AssertionError: expected [true] but found [false]
	at org.testng.Assert.fail(Assert.java:94)
	at org.testng.Assert.failNotEquals(Assert.java:494)
	at org.testng.Assert.assertTrue(Assert.java:42)
	at org.testng.Assert.assertTrue(Assert.java:52)
	at net.bigpoint.assessment.gasstation.implementation.StationImplTest.testBuyGas(StationImplTest.java:126)
</failure>
  </testcase>
  <testcase time="5.27" classname="net.bigpoint.assessment.gasstation.implementation.StationImplTest" name="testBuyGas">
    <failure message="expected [true] but found [false]" type="java.lang.AssertionError">java.lang.AssertionError: expected [true] but found [false]
	at org.testng.Assert.fail(Assert.java:94)
	at org.testng.Assert.failNotEquals(Assert.java:494)
	at org.testng.Assert.assertTrue(Assert.java:42)
	at org.testng.Assert.assertTrue(Assert.java:52)
	at net.bigpoint.assessment.gasstation.implementation.StationImplTest.testBuyGas(StationImplTest.java:126)
</failure>
    <system-err>Jul 06, 2014 12:56:51 PM net.bigpoint.assessment.gasstation.implementation.StationImplTest testBuyGas
SEVERE: Not enough gas
</system-err>
  </testcase>
  <testcase time="5.271" classname="net.bigpoint.assessment.gasstation.implementation.StationImplTest" name="testBuyGas">
    <failure message="expected [true] but found [false]" type="java.lang.AssertionError">java.lang.AssertionError: expected [true] but found [false]
	at org.testng.Assert.fail(Assert.java:94)
	at org.testng.Assert.failNotEquals(Assert.java:494)
	at org.testng.Assert.assertTrue(Assert.java:42)
	at org.testng.Assert.assertTrue(Assert.java:52)
	at net.bigpoint.assessment.gasstation.implementation.StationImplTest.testBuyGas(StationImplTest.java:126)
</failure>
    <system-err>Jul 06, 2014 12:56:51 PM net.bigpoint.assessment.gasstation.implementation.StationImplTest testBuyGas
SEVERE: Not enough gas
Jul 06, 2014 12:56:51 PM net.bigpoint.assessment.gasstation.implementation.StationImplTest testBuyGas
SEVERE: Not enough gas
</system-err>
  </testcase>
  <testcase time="5.272" classname="net.bigpoint.assessment.gasstation.implementation.StationImplTest" name="testBuyGas">
    <failure message="expected [true] but found [false]" type="java.lang.AssertionError">java.lang.AssertionError: expected [true] but found [false]
	at org.testng.Assert.fail(Assert.java:94)
	at org.testng.Assert.failNotEquals(Assert.java:494)
	at org.testng.Assert.assertTrue(Assert.java:42)
	at org.testng.Assert.assertTrue(Assert.java:52)
	at net.bigpoint.assessment.gasstation.implementation.StationImplTest.testBuyGas(StationImplTest.java:126)
</failure>
    <system-err>Jul 06, 2014 12:56:51 PM net.bigpoint.assessment.gasstation.implementation.StationImplTest testBuyGas
SEVERE: Not enough gas
</system-err>
  </testcase>
  <testcase time="5.272" classname="net.bigpoint.assessment.gasstation.implementation.StationImplTest" name="testBuyGas">
    <failure message="expected [true] but found [false]" type="java.lang.AssertionError">java.lang.AssertionError: expected [true] but found [false]
	at org.testng.Assert.fail(Assert.java:94)
	at org.testng.Assert.failNotEquals(Assert.java:494)
	at org.testng.Assert.assertTrue(Assert.java:42)
	at org.testng.Assert.assertTrue(Assert.java:52)
	at net.bigpoint.assessment.gasstation.implementation.StationImplTest.testBuyGas(StationImplTest.java:126)
</failure>
  </testcase>
  <testcase time="5.274" classname="net.bigpoint.assessment.gasstation.implementation.StationImplTest" name="testBuyGas">
    <failure message="expected [true] but found [false]" type="java.lang.AssertionError">java.lang.AssertionError: expected [true] but found [false]
	at org.testng.Assert.fail(Assert.java:94)
	at org.testng.Assert.failNotEquals(Assert.java:494)
	at org.testng.Assert.assertTrue(Assert.java:42)
	at org.testng.Assert.assertTrue(Assert.java:52)
	at net.bigpoint.assessment.gasstation.implementation.StationImplTest.testBuyGas(StationImplTest.java:126)
</failure>
    <system-err>Jul 06, 2014 12:56:51 PM net.bigpoint.assessment.gasstation.implementation.StationImplTest testBuyGas
SEVERE: Not enough gas
Jul 06, 2014 12:56:51 PM net.bigpoint.assessment.gasstation.implementation.StationImplTest testBuyGas
SEVERE: Not enough gas
</system-err>
  </testcase>
  <testcase time="5.276" classname="net.bigpoint.assessment.gasstation.implementation.StationImplTest" name="testBuyGas">
    <failure message="expected [true] but found [false]" type="java.lang.AssertionError">java.lang.AssertionError: expected [true] but found [false]
	at org.testng.Assert.fail(Assert.java:94)
	at org.testng.Assert.failNotEquals(Assert.java:494)
	at org.testng.Assert.assertTrue(Assert.java:42)
	at org.testng.Assert.assertTrue(Assert.java:52)
	at net.bigpoint.assessment.gasstation.implementation.StationImplTest.testBuyGas(StationImplTest.java:126)
</failure>
  </testcase>
  <testcase time="5.276" classname="net.bigpoint.assessment.gasstation.implementation.StationImplTest" name="testBuyGas">
    <failure message="expected [true] but found [false]" type="java.lang.AssertionError">java.lang.AssertionError: expected [true] but found [false]
	at org.testng.Assert.fail(Assert.java:94)
	at org.testng.Assert.failNotEquals(Assert.java:494)
	at org.testng.Assert.assertTrue(Assert.java:42)
	at org.testng.Assert.assertTrue(Assert.java:52)
	at net.bigpoint.assessment.gasstation.implementation.StationImplTest.testBuyGas(StationImplTest.java:126)
</failure>
    <system-err>Jul 06, 2014 12:56:51 PM net.bigpoint.assessment.gasstation.implementation.StationImplTest testBuyGas
SEVERE: Not enough gas
</system-err>
  </testcase>
  <testcase time="5.278" classname="net.bigpoint.assessment.gasstation.implementation.StationImplTest" name="testBuyGas">
    <failure message="expected [true] but found [false]" type="java.lang.AssertionError">java.lang.AssertionError: expected [true] but found [false]
	at org.testng.Assert.fail(Assert.java:94)
	at org.testng.Assert.failNotEquals(Assert.java:494)
	at org.testng.Assert.assertTrue(Assert.java:42)
	at org.testng.Assert.assertTrue(Assert.java:52)
	at net.bigpoint.assessment.gasstation.implementation.StationImplTest.testBuyGas(StationImplTest.java:126)
</failure>
    <system-err>Jul 06, 2014 12:56:51 PM net.bigpoint.assessment.gasstation.implementation.StationImplTest testBuyGas
SEVERE: Not enough gas
</system-err>
  </testcase>
  <testcase time="5.28" classname="net.bigpoint.assessment.gasstation.implementation.StationImplTest" name="testBuyGas">
    <failure message="expected [true] but found [false]" type="java.lang.AssertionError">java.lang.AssertionError: expected [true] but found [false]
	at org.testng.Assert.fail(Assert.java:94)
	at org.testng.Assert.failNotEquals(Assert.java:494)
	at org.testng.Assert.assertTrue(Assert.java:42)
	at org.testng.Assert.assertTrue(Assert.java:52)
	at net.bigpoint.assessment.gasstation.implementation.StationImplTest.testBuyGas(StationImplTest.java:126)
</failure>
    <system-err>Jul 06, 2014 12:56:51 PM net.bigpoint.assessment.gasstation.implementation.StationImplTest testBuyGas
SEVERE: Not enough gas
</system-err>
  </testcase>
  <testcase time="5.28" classname="net.bigpoint.assessment.gasstation.implementation.StationImplTest" name="testBuyGas">
    <failure message="expected [true] but found [false]" type="java.lang.AssertionError">java.lang.AssertionError: expected [true] but found [false]
	at org.testng.Assert.fail(Assert.java:94)
	at org.testng.Assert.failNotEquals(Assert.java:494)
	at org.testng.Assert.assertTrue(Assert.java:42)
	at org.testng.Assert.assertTrue(Assert.java:52)
	at net.bigpoint.assessment.gasstation.implementation.StationImplTest.testBuyGas(StationImplTest.java:126)
</failure>
    <system-err>Jul 06, 2014 12:56:51 PM net.bigpoint.assessment.gasstation.implementation.StationImplTest testBuyGas
SEVERE: Not enough gas
</system-err>
  </testcase>
  <testcase time="5.282" classname="net.bigpoint.assessment.gasstation.implementation.StationImplTest" name="testBuyGas">
    <failure message="expected [true] but found [false]" type="java.lang.AssertionError">java.lang.AssertionError: expected [true] but found [false]
	at org.testng.Assert.fail(Assert.java:94)
	at org.testng.Assert.failNotEquals(Assert.java:494)
	at org.testng.Assert.assertTrue(Assert.java:42)
	at org.testng.Assert.assertTrue(Assert.java:52)
	at net.bigpoint.assessment.gasstation.implementation.StationImplTest.testBuyGas(StationImplTest.java:126)
</failure>
    <system-err>Jul 06, 2014 12:56:51 PM net.bigpoint.assessment.gasstation.implementation.StationImplTest testBuyGas
SEVERE: Not enough gas
</system-err>
  </testcase>
  <testcase time="5.285" classname="net.bigpoint.assessment.gasstation.implementation.StationImplTest" name="testBuyGas">
    <failure message="expected [true] but found [false]" type="java.lang.AssertionError">java.lang.AssertionError: expected [true] but found [false]
	at org.testng.Assert.fail(Assert.java:94)
	at org.testng.Assert.failNotEquals(Assert.java:494)
	at org.testng.Assert.assertTrue(Assert.java:42)
	at org.testng.Assert.assertTrue(Assert.java:52)
	at net.bigpoint.assessment.gasstation.implementation.StationImplTest.testBuyGas(StationImplTest.java:126)
</failure>
    <system-err>Jul 06, 2014 12:56:51 PM net.bigpoint.assessment.gasstation.implementation.StationImplTest testBuyGas
SEVERE: Not enough gas
Jul 06, 2014 12:56:51 PM net.bigpoint.assessment.gasstation.implementation.StationImplTest testBuyGas
SEVERE: Not enough gas
</system-err>
  </testcase>
  <testcase time="5.285" classname="net.bigpoint.assessment.gasstation.implementation.StationImplTest" name="testBuyGas">
    <failure message="expected [true] but found [false]" type="java.lang.AssertionError">java.lang.AssertionError: expected [true] but found [false]
	at org.testng.Assert.fail(Assert.java:94)
	at org.testng.Assert.failNotEquals(Assert.java:494)
	at org.testng.Assert.assertTrue(Assert.java:42)
	at org.testng.Assert.assertTrue(Assert.java:52)
	at net.bigpoint.assessment.gasstation.implementation.StationImplTest.testBuyGas(StationImplTest.java:126)
</failure>
  </testcase>
  <testcase time="5.29" classname="net.bigpoint.assessment.gasstation.implementation.StationImplTest" name="testBuyGas">
    <failure message="expected [true] but found [false]" type="java.lang.AssertionError">java.lang.AssertionError: expected [true] but found [false]
	at org.testng.Assert.fail(Assert.java:94)
	at org.testng.Assert.failNotEquals(Assert.java:494)
	at org.testng.Assert.assertTrue(Assert.java:42)
	at org.testng.Assert.assertTrue(Assert.java:52)
	at net.bigpoint.assessment.gasstation.implementation.StationImplTest.testBuyGas(StationImplTest.java:126)
</failure>
    <system-err>Jul 06, 2014 12:56:51 PM net.bigpoint.assessment.gasstation.implementation.StationImplTest testBuyGas
SEVERE: Not enough gas
Jul 06, 2014 12:56:51 PM net.bigpoint.assessment.gasstation.implementation.StationImplTest testBuyGas
SEVERE: Not enough gas
Jul 06, 2014 12:56:51 PM net.bigpoint.assessment.gasstation.implementation.StationImplTest testBuyGas
SEVERE: Not enough gas
</system-err>
  </testcase>
  <testcase time="5.29" classname="net.bigpoint.assessment.gasstation.implementation.StationImplTest" name="testBuyGas">
    <failure message="expected [true] but found [false]" type="java.lang.AssertionError">java.lang.AssertionError: expected [true] but found [false]
	at org.testng.Assert.fail(Assert.java:94)
	at org.testng.Assert.failNotEquals(Assert.java:494)
	at org.testng.Assert.assertTrue(Assert.java:42)
	at org.testng.Assert.assertTrue(Assert.java:52)
	at net.bigpoint.assessment.gasstation.implementation.StationImplTest.testBuyGas(StationImplTest.java:126)
</failure>
  </testcase>
  <testcase time="5.29" classname="net.bigpoint.assessment.gasstation.implementation.StationImplTest" name="testBuyGas">
    <failure message="expected [true] but found [false]" type="java.lang.AssertionError">java.lang.AssertionError: expected [true] but found [false]
	at org.testng.Assert.fail(Assert.java:94)
	at org.testng.Assert.failNotEquals(Assert.java:494)
	at org.testng.Assert.assertTrue(Assert.java:42)
	at org.testng.Assert.assertTrue(Assert.java:52)
	at net.bigpoint.assessment.gasstation.implementation.StationImplTest.testBuyGas(StationImplTest.java:126)
</failure>
    <system-err>Jul 06, 2014 12:56:51 PM net.bigpoint.assessment.gasstation.implementation.StationImplTest testBuyGas
SEVERE: Not enough gas
</system-err>
  </testcase>
  <testcase time="5.291" classname="net.bigpoint.assessment.gasstation.implementation.StationImplTest" name="testBuyGas">
    <failure message="expected [true] but found [false]" type="java.lang.AssertionError">java.lang.AssertionError: expected [true] but found [false]
	at org.testng.Assert.fail(Assert.java:94)
	at org.testng.Assert.failNotEquals(Assert.java:494)
	at org.testng.Assert.assertTrue(Assert.java:42)
	at org.testng.Assert.assertTrue(Assert.java:52)
	at net.bigpoint.assessment.gasstation.implementation.StationImplTest.testBuyGas(StationImplTest.java:126)
</failure>
    <system-err>Jul 06, 2014 12:56:51 PM net.bigpoint.assessment.gasstation.implementation.StationImplTest testBuyGas
SEVERE: Not enough gas
</system-err>
  </testcase>
  <testcase time="5.291" classname="net.bigpoint.assessment.gasstation.implementation.StationImplTest" name="testBuyGas">
    <failure message="expected [true] but found [false]" type="java.lang.AssertionError">java.lang.AssertionError: expected [true] but found [false]
	at org.testng.Assert.fail(Assert.java:94)
	at org.testng.Assert.failNotEquals(Assert.java:494)
	at org.testng.Assert.assertTrue(Assert.java:42)
	at org.testng.Assert.assertTrue(Assert.java:52)
	at net.bigpoint.assessment.gasstation.implementation.StationImplTest.testBuyGas(StationImplTest.java:126)
</failure>
    <system-err>Jul 06, 2014 12:56:51 PM net.bigpoint.assessment.gasstation.implementation.StationImplTest testBuyGas
SEVERE: Not enough gas
</system-err>
  </testcase>
  <testcase time="5.292" classname="net.bigpoint.assessment.gasstation.implementation.StationImplTest" name="testBuyGas">
    <failure message="expected [true] but found [false]" type="java.lang.AssertionError">java.lang.AssertionError: expected [true] but found [false]
	at org.testng.Assert.fail(Assert.java:94)
	at org.testng.Assert.failNotEquals(Assert.java:494)
	at org.testng.Assert.assertTrue(Assert.java:42)
	at org.testng.Assert.assertTrue(Assert.java:52)
	at net.bigpoint.assessment.gasstation.implementation.StationImplTest.testBuyGas(StationImplTest.java:126)
</failure>
    <system-err>Jul 06, 2014 12:56:51 PM net.bigpoint.assessment.gasstation.implementation.StationImplTest testBuyGas
SEVERE: Not enough gas
Jul 06, 2014 12:56:51 PM net.bigpoint.assessment.gasstation.implementation.StationImplTest testBuyGas
SEVERE: Not enough gas
</system-err>
  </testcase>
  <testcase time="5.293" classname="net.bigpoint.assessment.gasstation.implementation.StationImplTest" name="testBuyGas">
    <failure message="expected [true] but found [false]" type="java.lang.AssertionError">java.lang.AssertionError: expected [true] but found [false]
	at org.testng.Assert.fail(Assert.java:94)
	at org.testng.Assert.failNotEquals(Assert.java:494)
	at org.testng.Assert.assertTrue(Assert.java:42)
	at org.testng.Assert.assertTrue(Assert.java:52)
	at net.bigpoint.assessment.gasstation.implementation.StationImplTest.testBuyGas(StationImplTest.java:126)
</failure>
  </testcase>
  <testcase time="5.293" classname="net.bigpoint.assessment.gasstation.implementation.StationImplTest" name="testBuyGas">
    <failure message="expected [true] but found [false]" type="java.lang.AssertionError">java.lang.AssertionError: expected [true] but found [false]
	at org.testng.Assert.fail(Assert.java:94)
	at org.testng.Assert.failNotEquals(Assert.java:494)
	at org.testng.Assert.assertTrue(Assert.java:42)
	at org.testng.Assert.assertTrue(Assert.java:52)
	at net.bigpoint.assessment.gasstation.implementation.StationImplTest.testBuyGas(StationImplTest.java:126)
</failure>
    <system-err>Jul 06, 2014 12:56:51 PM net.bigpoint.assessment.gasstation.implementation.StationImplTest testBuyGas
SEVERE: Not enough gas
</system-err>
  </testcase>
  <testcase time="5.293" classname="net.bigpoint.assessment.gasstation.implementation.StationImplTest" name="testBuyGas">
    <failure message="expected [true] but found [false]" type="java.lang.AssertionError">java.lang.AssertionError: expected [true] but found [false]
	at org.testng.Assert.fail(Assert.java:94)
	at org.testng.Assert.failNotEquals(Assert.java:494)
	at org.testng.Assert.assertTrue(Assert.java:42)
	at org.testng.Assert.assertTrue(Assert.java:52)
	at net.bigpoint.assessment.gasstation.implementation.StationImplTest.testBuyGas(StationImplTest.java:126)
</failure>
  </testcase>
  <testcase time="5.293" classname="net.bigpoint.assessment.gasstation.implementation.StationImplTest" name="testBuyGas">
    <failure message="expected [true] but found [false]" type="java.lang.AssertionError">java.lang.AssertionError: expected [true] but found [false]
	at org.testng.Assert.fail(Assert.java:94)
	at org.testng.Assert.failNotEquals(Assert.java:494)
	at org.testng.Assert.assertTrue(Assert.java:42)
	at org.testng.Assert.assertTrue(Assert.java:52)
	at net.bigpoint.assessment.gasstation.implementation.StationImplTest.testBuyGas(StationImplTest.java:126)
</failure>
  </testcase>
  <testcase time="5.294" classname="net.bigpoint.assessment.gasstation.implementation.StationImplTest" name="testBuyGas">
    <failure message="expected [true] but found [false]" type="java.lang.AssertionError">java.lang.AssertionError: expected [true] but found [false]
	at org.testng.Assert.fail(Assert.java:94)
	at org.testng.Assert.failNotEquals(Assert.java:494)
	at org.testng.Assert.assertTrue(Assert.java:42)
	at org.testng.Assert.assertTrue(Assert.java:52)
	at net.bigpoint.assessment.gasstation.implementation.StationImplTest.testBuyGas(StationImplTest.java:126)
</failure>
    <system-err>Jul 06, 2014 12:56:51 PM net.bigpoint.assessment.gasstation.implementation.StationImplTest testBuyGas
SEVERE: Not enough gas
Jul 06, 2014 12:56:51 PM net.bigpoint.assessment.gasstation.implementation.StationImplTest testBuyGas
SEVERE: Not enough gas
</system-err>
  </testcase>
  <testcase time="5.294" classname="net.bigpoint.assessment.gasstation.implementation.StationImplTest" name="testBuyGas">
    <failure message="expected [true] but found [false]" type="java.lang.AssertionError">java.lang.AssertionError: expected [true] but found [false]
	at org.testng.Assert.fail(Assert.java:94)
	at org.testng.Assert.failNotEquals(Assert.java:494)
	at org.testng.Assert.assertTrue(Assert.java:42)
	at org.testng.Assert.assertTrue(Assert.java:52)
	at net.bigpoint.assessment.gasstation.implementation.StationImplTest.testBuyGas(StationImplTest.java:126)
</failure>
    <system-err>Jul 06, 2014 12:56:51 PM net.bigpoint.assessment.gasstation.implementation.StationImplTest testBuyGas
SEVERE: Not enough gas
</system-err>
  </testcase>
  <testcase time="5.295" classname="net.bigpoint.assessment.gasstation.implementation.StationImplTest" name="testBuyGas">
    <failure message="expected [true] but found [false]" type="java.lang.AssertionError">java.lang.AssertionError: expected [true] but found [false]
	at org.testng.Assert.fail(Assert.java:94)
	at org.testng.Assert.failNotEquals(Assert.java:494)
	at org.testng.Assert.assertTrue(Assert.java:42)
	at org.testng.Assert.assertTrue(Assert.java:52)
	at net.bigpoint.assessment.gasstation.implementation.StationImplTest.testBuyGas(StationImplTest.java:126)
</failure>
    <system-err>Jul 06, 2014 12:56:51 PM net.bigpoint.assessment.gasstation.implementation.StationImplTest testBuyGas
SEVERE: Not enough gas
</system-err>
  </testcase>
  <testcase time="5.295" classname="net.bigpoint.assessment.gasstation.implementation.StationImplTest" name="testBuyGas">
    <failure message="expected [true] but found [false]" type="java.lang.AssertionError">java.lang.AssertionError: expected [true] but found [false]
	at org.testng.Assert.fail(Assert.java:94)
	at org.testng.Assert.failNotEquals(Assert.java:494)
	at org.testng.Assert.assertTrue(Assert.java:42)
	at org.testng.Assert.assertTrue(Assert.java:52)
	at net.bigpoint.assessment.gasstation.implementation.StationImplTest.testBuyGas(StationImplTest.java:126)
</failure>
    <system-err>Jul 06, 2014 12:56:51 PM net.bigpoint.assessment.gasstation.implementation.StationImplTest testBuyGas
SEVERE: Not enough gas
</system-err>
  </testcase>
  <testcase time="5.296" classname="net.bigpoint.assessment.gasstation.implementation.StationImplTest" name="testBuyGas">
    <failure message="expected [true] but found [false]" type="java.lang.AssertionError">java.lang.AssertionError: expected [true] but found [false]
	at org.testng.Assert.fail(Assert.java:94)
	at org.testng.Assert.failNotEquals(Assert.java:494)
	at org.testng.Assert.assertTrue(Assert.java:42)
	at org.testng.Assert.assertTrue(Assert.java:52)
	at net.bigpoint.assessment.gasstation.implementation.StationImplTest.testBuyGas(StationImplTest.java:126)
</failure>
  </testcase>
  <testcase time="5.297" classname="net.bigpoint.assessment.gasstation.implementation.StationImplTest" name="testBuyGas">
    <failure message="expected [true] but found [false]" type="java.lang.AssertionError">java.lang.AssertionError: expected [true] but found [false]
	at org.testng.Assert.fail(Assert.java:94)
	at org.testng.Assert.failNotEquals(Assert.java:494)
	at org.testng.Assert.assertTrue(Assert.java:42)
	at org.testng.Assert.assertTrue(Assert.java:52)
	at net.bigpoint.assessment.gasstation.implementation.StationImplTest.testBuyGas(StationImplTest.java:126)
</failure>
    <system-err>Jul 06, 2014 12:56:51 PM net.bigpoint.assessment.gasstation.implementation.StationImplTest testBuyGas
SEVERE: Not enough gas
Jul 06, 2014 12:56:51 PM net.bigpoint.assessment.gasstation.implementation.StationImplTest testBuyGas
SEVERE: Not enough gas
</system-err>
  </testcase>
  <testcase time="5.297" classname="net.bigpoint.assessment.gasstation.implementation.StationImplTest" name="testBuyGas">
    <failure message="expected [true] but found [false]" type="java.lang.AssertionError">java.lang.AssertionError: expected [true] but found [false]
	at org.testng.Assert.fail(Assert.java:94)
	at org.testng.Assert.failNotEquals(Assert.java:494)
	at org.testng.Assert.assertTrue(Assert.java:42)
	at org.testng.Assert.assertTrue(Assert.java:52)
	at net.bigpoint.assessment.gasstation.implementation.StationImplTest.testBuyGas(StationImplTest.java:126)
</failure>
  </testcase>
  <testcase time="5.297" classname="net.bigpoint.assessment.gasstation.implementation.StationImplTest" name="testBuyGas">
    <failure message="expected [true] but found [false]" type="java.lang.AssertionError">java.lang.AssertionError: expected [true] but found [false]
	at org.testng.Assert.fail(Assert.java:94)
	at org.testng.Assert.failNotEquals(Assert.java:494)
	at org.testng.Assert.assertTrue(Assert.java:42)
	at org.testng.Assert.assertTrue(Assert.java:52)
	at net.bigpoint.assessment.gasstation.implementation.StationImplTest.testBuyGas(StationImplTest.java:126)
</failure>
    <system-err>Jul 06, 2014 12:56:51 PM net.bigpoint.assessment.gasstation.implementation.StationImplTest testBuyGas
SEVERE: Not enough gas
</system-err>
  </testcase>
  <testcase time="5.298" classname="net.bigpoint.assessment.gasstation.implementation.StationImplTest" name="testBuyGas">
    <failure message="expected [true] but found [false]" type="java.lang.AssertionError">java.lang.AssertionError: expected [true] but found [false]
	at org.testng.Assert.fail(Assert.java:94)
	at org.testng.Assert.failNotEquals(Assert.java:494)
	at org.testng.Assert.assertTrue(Assert.java:42)
	at org.testng.Assert.assertTrue(Assert.java:52)
	at net.bigpoint.assessment.gasstation.implementation.StationImplTest.testBuyGas(StationImplTest.java:126)
</failure>
    <system-err>Jul 06, 2014 12:56:51 PM net.bigpoint.assessment.gasstation.implementation.StationImplTest testBuyGas
SEVERE: Not enough gas
Jul 06, 2014 12:56:51 PM net.bigpoint.assessment.gasstation.implementation.StationImplTest testBuyGas
SEVERE: Not enough gas
</system-err>
  </testcase>
  <testcase time="5.299" classname="net.bigpoint.assessment.gasstation.implementation.StationImplTest" name="testBuyGas">
    <failure message="expected [true] but found [false]" type="java.lang.AssertionError">java.lang.AssertionError: expected [true] but found [false]
	at org.testng.Assert.fail(Assert.java:94)
	at org.testng.Assert.failNotEquals(Assert.java:494)
	at org.testng.Assert.assertTrue(Assert.java:42)
	at org.testng.Assert.assertTrue(Assert.java:52)
	at net.bigpoint.assessment.gasstation.implementation.StationImplTest.testBuyGas(StationImplTest.java:126)
</failure>
    <system-err>Jul 06, 2014 12:56:51 PM net.bigpoint.assessment.gasstation.implementation.StationImplTest testBuyGas
SEVERE: Not enough gas
</system-err>
  </testcase>
  <testcase time="5.299" classname="net.bigpoint.assessment.gasstation.implementation.StationImplTest" name="testBuyGas">
    <failure message="expected [true] but found [false]" type="java.lang.AssertionError">java.lang.AssertionError: expected [true] but found [false]
	at org.testng.Assert.fail(Assert.java:94)
	at org.testng.Assert.failNotEquals(Assert.java:494)
	at org.testng.Assert.assertTrue(Assert.java:42)
	at org.testng.Assert.assertTrue(Assert.java:52)
	at net.bigpoint.assessment.gasstation.implementation.StationImplTest.testBuyGas(StationImplTest.java:126)
</failure>
    <system-err>Jul 06, 2014 12:56:51 PM net.bigpoint.assessment.gasstation.implementation.StationImplTest testBuyGas
SEVERE: Not enough gas
</system-err>
  </testcase>
  <testcase time="5.299" classname="net.bigpoint.assessment.gasstation.implementation.StationImplTest" name="testBuyGas">
    <failure message="expected [true] but found [false]" type="java.lang.AssertionError">java.lang.AssertionError: expected [true] but found [false]
	at org.testng.Assert.fail(Assert.java:94)
	at org.testng.Assert.failNotEquals(Assert.java:494)
	at org.testng.Assert.assertTrue(Assert.java:42)
	at org.testng.Assert.assertTrue(Assert.java:52)
	at net.bigpoint.assessment.gasstation.implementation.StationImplTest.testBuyGas(StationImplTest.java:126)
</failure>
    <system-err>Jul 06, 2014 12:56:51 PM net.bigpoint.assessment.gasstation.implementation.StationImplTest testBuyGas
SEVERE: Not enough gas
</system-err>
  </testcase>
  <testcase time="5.3" classname="net.bigpoint.assessment.gasstation.implementation.StationImplTest" name="testBuyGas">
    <failure message="expected [true] but found [false]" type="java.lang.AssertionError">java.lang.AssertionError: expected [true] but found [false]
	at org.testng.Assert.fail(Assert.java:94)
	at org.testng.Assert.failNotEquals(Assert.java:494)
	at org.testng.Assert.assertTrue(Assert.java:42)
	at org.testng.Assert.assertTrue(Assert.java:52)
	at net.bigpoint.assessment.gasstation.implementation.StationImplTest.testBuyGas(StationImplTest.java:126)
</failure>
    <system-err>Jul 06, 2014 12:56:51 PM net.bigpoint.assessment.gasstation.implementation.StationImplTest testBuyGas
SEVERE: Not enough gas
</system-err>
  </testcase>
  <testcase time="5.3" classname="net.bigpoint.assessment.gasstation.implementation.StationImplTest" name="testBuyGas">
    <failure message="expected [true] but found [false]" type="java.lang.AssertionError">java.lang.AssertionError: expected [true] but found [false]
	at org.testng.Assert.fail(Assert.java:94)
	at org.testng.Assert.failNotEquals(Assert.java:494)
	at org.testng.Assert.assertTrue(Assert.java:42)
	at org.testng.Assert.assertTrue(Assert.java:52)
	at net.bigpoint.assessment.gasstation.implementation.StationImplTest.testBuyGas(StationImplTest.java:126)
</failure>
    <system-err>Jul 06, 2014 12:56:51 PM net.bigpoint.assessment.gasstation.implementation.StationImplTest testBuyGas
SEVERE: Not enough gas
</system-err>
  </testcase>
  <testcase time="5.301" classname="net.bigpoint.assessment.gasstation.implementation.StationImplTest" name="testBuyGas">
    <failure message="expected [true] but found [false]" type="java.lang.AssertionError">java.lang.AssertionError: expected [true] but found [false]
	at org.testng.Assert.fail(Assert.java:94)
	at org.testng.Assert.failNotEquals(Assert.java:494)
	at org.testng.Assert.assertTrue(Assert.java:42)
	at org.testng.Assert.assertTrue(Assert.java:52)
	at net.bigpoint.assessment.gasstation.implementation.StationImplTest.testBuyGas(StationImplTest.java:126)
</failure>
    <system-err>Jul 06, 2014 12:56:51 PM net.bigpoint.assessment.gasstation.implementation.StationImplTest testBuyGas
SEVERE: Not enough gas
</system-err>
  </testcase>
  <testcase time="5.301" classname="net.bigpoint.assessment.gasstation.implementation.StationImplTest" name="testBuyGas">
    <failure message="expected [true] but found [false]" type="java.lang.AssertionError">java.lang.AssertionError: expected [true] but found [false]
	at org.testng.Assert.fail(Assert.java:94)
	at org.testng.Assert.failNotEquals(Assert.java:494)
	at org.testng.Assert.assertTrue(Assert.java:42)
	at org.testng.Assert.assertTrue(Assert.java:52)
	at net.bigpoint.assessment.gasstation.implementation.StationImplTest.testBuyGas(StationImplTest.java:126)
</failure>
    <system-err>Jul 06, 2014 12:56:51 PM net.bigpoint.assessment.gasstation.implementation.StationImplTest testBuyGas
SEVERE: Not enough gas
</system-err>
  </testcase>
  <testcase time="5.302" classname="net.bigpoint.assessment.gasstation.implementation.StationImplTest" name="testBuyGas">
    <failure message="expected [true] but found [false]" type="java.lang.AssertionError">java.lang.AssertionError: expected [true] but found [false]
	at org.testng.Assert.fail(Assert.java:94)
	at org.testng.Assert.failNotEquals(Assert.java:494)
	at org.testng.Assert.assertTrue(Assert.java:42)
	at org.testng.Assert.assertTrue(Assert.java:52)
	at net.bigpoint.assessment.gasstation.implementation.StationImplTest.testBuyGas(StationImplTest.java:126)
</failure>
  </testcase>
  <testcase time="5.302" classname="net.bigpoint.assessment.gasstation.implementation.StationImplTest" name="testBuyGas">
    <failure message="expected [true] but found [false]" type="java.lang.AssertionError">java.lang.AssertionError: expected [true] but found [false]
	at org.testng.Assert.fail(Assert.java:94)
	at org.testng.Assert.failNotEquals(Assert.java:494)
	at org.testng.Assert.assertTrue(Assert.java:42)
	at org.testng.Assert.assertTrue(Assert.java:52)
	at net.bigpoint.assessment.gasstation.implementation.StationImplTest.testBuyGas(StationImplTest.java:126)
</failure>
    <system-err>Jul 06, 2014 12:56:51 PM net.bigpoint.assessment.gasstation.implementation.StationImplTest testBuyGas
SEVERE: Not enough gas
Jul 06, 2014 12:56:51 PM net.bigpoint.assessment.gasstation.implementation.StationImplTest testBuyGas
SEVERE: Not enough gas
</system-err>
  </testcase>
  <testcase time="5.303" classname="net.bigpoint.assessment.gasstation.implementation.StationImplTest" name="testBuyGas">
    <failure message="expected [true] but found [false]" type="java.lang.AssertionError">java.lang.AssertionError: expected [true] but found [false]
	at org.testng.Assert.fail(Assert.java:94)
	at org.testng.Assert.failNotEquals(Assert.java:494)
	at org.testng.Assert.assertTrue(Assert.java:42)
	at org.testng.Assert.assertTrue(Assert.java:52)
	at net.bigpoint.assessment.gasstation.implementation.StationImplTest.testBuyGas(StationImplTest.java:126)
</failure>
    <system-err>Jul 06, 2014 12:56:51 PM net.bigpoint.assessment.gasstation.implementation.StationImplTest testBuyGas
SEVERE: Not enough gas
</system-err>
  </testcase>
  <testcase time="5.303" classname="net.bigpoint.assessment.gasstation.implementation.StationImplTest" name="testBuyGas">
    <failure message="expected [true] but found [false]" type="java.lang.AssertionError">java.lang.AssertionError: expected [true] but found [false]
	at org.testng.Assert.fail(Assert.java:94)
	at org.testng.Assert.failNotEquals(Assert.java:494)
	at org.testng.Assert.assertTrue(Assert.java:42)
	at org.testng.Assert.assertTrue(Assert.java:52)
	at net.bigpoint.assessment.gasstation.implementation.StationImplTest.testBuyGas(StationImplTest.java:126)
</failure>
    <system-err>Jul 06, 2014 12:56:51 PM net.bigpoint.assessment.gasstation.implementation.StationImplTest testBuyGas
SEVERE: Not enough gas
</system-err>
  </testcase>
  <testcase time="5.304" classname="net.bigpoint.assessment.gasstation.implementation.StationImplTest" name="testBuyGas">
    <failure message="expected [true] but found [false]" type="java.lang.AssertionError">java.lang.AssertionError: expected [true] but found [false]
	at org.testng.Assert.fail(Assert.java:94)
	at org.testng.Assert.failNotEquals(Assert.java:494)
	at org.testng.Assert.assertTrue(Assert.java:42)
	at org.testng.Assert.assertTrue(Assert.java:52)
	at net.bigpoint.assessment.gasstation.implementation.StationImplTest.testBuyGas(StationImplTest.java:126)
</failure>
    <system-err>Jul 06, 2014 12:56:51 PM net.bigpoint.assessment.gasstation.implementation.StationImplTest testBuyGas
SEVERE: Not enough gas
</system-err>
  </testcase>
  <testcase time="5.304" classname="net.bigpoint.assessment.gasstation.implementation.StationImplTest" name="testBuyGas">
    <failure message="expected [true] but found [false]" type="java.lang.AssertionError">java.lang.AssertionError: expected [true] but found [false]
	at org.testng.Assert.fail(Assert.java:94)
	at org.testng.Assert.failNotEquals(Assert.java:494)
	at org.testng.Assert.assertTrue(Assert.java:42)
	at org.testng.Assert.assertTrue(Assert.java:52)
	at net.bigpoint.assessment.gasstation.implementation.StationImplTest.testBuyGas(StationImplTest.java:126)
</failure>
    <system-err>Jul 06, 2014 12:56:51 PM net.bigpoint.assessment.gasstation.implementation.StationImplTest testBuyGas
SEVERE: Not enough gas
</system-err>
  </testcase>
  <testcase time="5.304" classname="net.bigpoint.assessment.gasstation.implementation.StationImplTest" name="testBuyGas">
    <failure message="expected [true] but found [false]" type="java.lang.AssertionError">java.lang.AssertionError: expected [true] but found [false]
	at org.testng.Assert.fail(Assert.java:94)
	at org.testng.Assert.failNotEquals(Assert.java:494)
	at org.testng.Assert.assertTrue(Assert.java:42)
	at org.testng.Assert.assertTrue(Assert.java:52)
	at net.bigpoint.assessment.gasstation.implementation.StationImplTest.testBuyGas(StationImplTest.java:126)
</failure>
  </testcase>
  <testcase time="5.305" classname="net.bigpoint.assessment.gasstation.implementation.StationImplTest" name="testBuyGas">
    <failure message="expected [true] but found [false]" type="java.lang.AssertionError">java.lang.AssertionError: expected [true] but found [false]
	at org.testng.Assert.fail(Assert.java:94)
	at org.testng.Assert.failNotEquals(Assert.java:494)
	at org.testng.Assert.assertTrue(Assert.java:42)
	at org.testng.Assert.assertTrue(Assert.java:52)
	at net.bigpoint.assessment.gasstation.implementation.StationImplTest.testBuyGas(StationImplTest.java:126)
</failure>
    <system-err>Jul 06, 2014 12:56:51 PM net.bigpoint.assessment.gasstation.implementation.StationImplTest testBuyGas
SEVERE: Not enough gas
Jul 06, 2014 12:56:51 PM net.bigpoint.assessment.gasstation.implementation.StationImplTest testBuyGas
SEVERE: Not enough gas
Jul 06, 2014 12:56:51 PM net.bigpoint.assessment.gasstation.implementation.StationImplTest testBuyGas
SEVERE: Not enough gas
</system-err>
  </testcase>
  <testcase time="5.305" classname="net.bigpoint.assessment.gasstation.implementation.StationImplTest" name="testBuyGas">
    <failure message="expected [true] but found [false]" type="java.lang.AssertionError">java.lang.AssertionError: expected [true] but found [false]
	at org.testng.Assert.fail(Assert.java:94)
	at org.testng.Assert.failNotEquals(Assert.java:494)
	at org.testng.Assert.assertTrue(Assert.java:42)
	at org.testng.Assert.assertTrue(Assert.java:52)
	at net.bigpoint.assessment.gasstation.implementation.StationImplTest.testBuyGas(StationImplTest.java:126)
</failure>
  </testcase>
  <testcase time="5.306" classname="net.bigpoint.assessment.gasstation.implementation.StationImplTest" name="testBuyGas">
    <failure message="expected [true] but found [false]" type="java.lang.AssertionError">java.lang.AssertionError: expected [true] but found [false]
	at org.testng.Assert.fail(Assert.java:94)
	at org.testng.Assert.failNotEquals(Assert.java:494)
	at org.testng.Assert.assertTrue(Assert.java:42)
	at org.testng.Assert.assertTrue(Assert.java:52)
	at net.bigpoint.assessment.gasstation.implementation.StationImplTest.testBuyGas(StationImplTest.java:126)
</failure>
    <system-err>Jul 06, 2014 12:56:51 PM net.bigpoint.assessment.gasstation.implementation.StationImplTest testBuyGas
SEVERE: Not enough gas
</system-err>
  </testcase>
  <testcase time="5.306" classname="net.bigpoint.assessment.gasstation.implementation.StationImplTest" name="testBuyGas">
    <failure message="expected [true] but found [false]" type="java.lang.AssertionError">java.lang.AssertionError: expected [true] but found [false]
	at org.testng.Assert.fail(Assert.java:94)
	at org.testng.Assert.failNotEquals(Assert.java:494)
	at org.testng.Assert.assertTrue(Assert.java:42)
	at org.testng.Assert.assertTrue(Assert.java:52)
	at net.bigpoint.assessment.gasstation.implementation.StationImplTest.testBuyGas(StationImplTest.java:126)
</failure>
    <system-err>Jul 06, 2014 12:56:51 PM net.bigpoint.assessment.gasstation.implementation.StationImplTest testBuyGas
SEVERE: Not enough gas
</system-err>
  </testcase>
  <testcase time="5.307" classname="net.bigpoint.assessment.gasstation.implementation.StationImplTest" name="testBuyGas">
    <failure message="expected [true] but found [false]" type="java.lang.AssertionError">java.lang.AssertionError: expected [true] but found [false]
	at org.testng.Assert.fail(Assert.java:94)
	at org.testng.Assert.failNotEquals(Assert.java:494)
	at org.testng.Assert.assertTrue(Assert.java:42)
	at org.testng.Assert.assertTrue(Assert.java:52)
	at net.bigpoint.assessment.gasstation.implementation.StationImplTest.testBuyGas(StationImplTest.java:126)
</failure>
    <system-err>Jul 06, 2014 12:56:51 PM net.bigpoint.assessment.gasstation.implementation.StationImplTest testBuyGas
SEVERE: Not enough gas
</system-err>
  </testcase>
  <testcase time="5.307" classname="net.bigpoint.assessment.gasstation.implementation.StationImplTest" name="testBuyGas">
    <failure message="expected [true] but found [false]" type="java.lang.AssertionError">java.lang.AssertionError: expected [true] but found [false]
	at org.testng.Assert.fail(Assert.java:94)
	at org.testng.Assert.failNotEquals(Assert.java:494)
	at org.testng.Assert.assertTrue(Assert.java:42)
	at org.testng.Assert.assertTrue(Assert.java:52)
	at net.bigpoint.assessment.gasstation.implementation.StationImplTest.testBuyGas(StationImplTest.java:126)
</failure>
    <system-err>Jul 06, 2014 12:56:51 PM net.bigpoint.assessment.gasstation.implementation.StationImplTest testBuyGas
SEVERE: Not enough gas
</system-err>
  </testcase>
  <testcase time="5.307" classname="net.bigpoint.assessment.gasstation.implementation.StationImplTest" name="testBuyGas">
    <failure message="expected [true] but found [false]" type="java.lang.AssertionError">java.lang.AssertionError: expected [true] but found [false]
	at org.testng.Assert.fail(Assert.java:94)
	at org.testng.Assert.failNotEquals(Assert.java:494)
	at org.testng.Assert.assertTrue(Assert.java:42)
	at org.testng.Assert.assertTrue(Assert.java:52)
	at net.bigpoint.assessment.gasstation.implementation.StationImplTest.testBuyGas(StationImplTest.java:126)
</failure>
    <system-err>Jul 06, 2014 12:56:51 PM net.bigpoint.assessment.gasstation.implementation.StationImplTest testBuyGas
SEVERE: Not enough gas
</system-err>
  </testcase>
  <testcase time="5.308" classname="net.bigpoint.assessment.gasstation.implementation.StationImplTest" name="testBuyGas">
    <failure message="expected [true] but found [false]" type="java.lang.AssertionError">java.lang.AssertionError: expected [true] but found [false]
	at org.testng.Assert.fail(Assert.java:94)
	at org.testng.Assert.failNotEquals(Assert.java:494)
	at org.testng.Assert.assertTrue(Assert.java:42)
	at org.testng.Assert.assertTrue(Assert.java:52)
	at net.bigpoint.assessment.gasstation.implementation.StationImplTest.testBuyGas(StationImplTest.java:126)
</failure>
    <system-err>Jul 06, 2014 12:56:51 PM net.bigpoint.assessment.gasstation.implementation.StationImplTest testBuyGas
SEVERE: Not enough gas
</system-err>
  </testcase>
  <testcase time="5.308" classname="net.bigpoint.assessment.gasstation.implementation.StationImplTest" name="testBuyGas">
    <failure message="expected [true] but found [false]" type="java.lang.AssertionError">java.lang.AssertionError: expected [true] but found [false]
	at org.testng.Assert.fail(Assert.java:94)
	at org.testng.Assert.failNotEquals(Assert.java:494)
	at org.testng.Assert.assertTrue(Assert.java:42)
	at org.testng.Assert.assertTrue(Assert.java:52)
	at net.bigpoint.assessment.gasstation.implementation.StationImplTest.testBuyGas(StationImplTest.java:126)
</failure>
    <system-err>Jul 06, 2014 12:56:51 PM net.bigpoint.assessment.gasstation.implementation.StationImplTest testBuyGas
SEVERE: Not enough gas
</system-err>
  </testcase>
  <testcase time="5.309" classname="net.bigpoint.assessment.gasstation.implementation.StationImplTest" name="testBuyGas">
    <failure message="expected [true] but found [false]" type="java.lang.AssertionError">java.lang.AssertionError: expected [true] but found [false]
	at org.testng.Assert.fail(Assert.java:94)
	at org.testng.Assert.failNotEquals(Assert.java:494)
	at org.testng.Assert.assertTrue(Assert.java:42)
	at org.testng.Assert.assertTrue(Assert.java:52)
	at net.bigpoint.assessment.gasstation.implementation.StationImplTest.testBuyGas(StationImplTest.java:126)
</failure>
    <system-err>Jul 06, 2014 12:56:51 PM net.bigpoint.assessment.gasstation.implementation.StationImplTest testBuyGas
SEVERE: Not enough gas
</system-err>
  </testcase>
  <testcase time="5.309" classname="net.bigpoint.assessment.gasstation.implementation.StationImplTest" name="testBuyGas">
    <failure message="expected [true] but found [false]" type="java.lang.AssertionError">java.lang.AssertionError: expected [true] but found [false]
	at org.testng.Assert.fail(Assert.java:94)
	at org.testng.Assert.failNotEquals(Assert.java:494)
	at org.testng.Assert.assertTrue(Assert.java:42)
	at org.testng.Assert.assertTrue(Assert.java:52)
	at net.bigpoint.assessment.gasstation.implementation.StationImplTest.testBuyGas(StationImplTest.java:126)
</failure>
    <system-err>Jul 06, 2014 12:56:51 PM net.bigpoint.assessment.gasstation.implementation.StationImplTest testBuyGas
SEVERE: Not enough gas
</system-err>
  </testcase>
  <testcase time="5.31" classname="net.bigpoint.assessment.gasstation.implementation.StationImplTest" name="testBuyGas">
    <failure message="expected [true] but found [false]" type="java.lang.AssertionError">java.lang.AssertionError: expected [true] but found [false]
	at org.testng.Assert.fail(Assert.java:94)
	at org.testng.Assert.failNotEquals(Assert.java:494)
	at org.testng.Assert.assertTrue(Assert.java:42)
	at org.testng.Assert.assertTrue(Assert.java:52)
	at net.bigpoint.assessment.gasstation.implementation.StationImplTest.testBuyGas(StationImplTest.java:126)
</failure>
  </testcase>
  <testcase time="5.311" classname="net.bigpoint.assessment.gasstation.implementation.StationImplTest" name="testBuyGas">
    <failure message="expected [true] but found [false]" type="java.lang.AssertionError">java.lang.AssertionError: expected [true] but found [false]
	at org.testng.Assert.fail(Assert.java:94)
	at org.testng.Assert.failNotEquals(Assert.java:494)
	at org.testng.Assert.assertTrue(Assert.java:42)
	at org.testng.Assert.assertTrue(Assert.java:52)
	at net.bigpoint.assessment.gasstation.implementation.StationImplTest.testBuyGas(StationImplTest.java:126)
</failure>
    <system-err>Jul 06, 2014 12:56:51 PM net.bigpoint.assessment.gasstation.implementation.StationImplTest testBuyGas
SEVERE: Not enough gas
Jul 06, 2014 12:56:51 PM net.bigpoint.assessment.gasstation.implementation.StationImplTest testBuyGas
SEVERE: Not enough gas
</system-err>
  </testcase>
  <testcase time="5.311" classname="net.bigpoint.assessment.gasstation.implementation.StationImplTest" name="testBuyGas">
    <failure message="expected [true] but found [false]" type="java.lang.AssertionError">java.lang.AssertionError: expected [true] but found [false]
	at org.testng.Assert.fail(Assert.java:94)
	at org.testng.Assert.failNotEquals(Assert.java:494)
	at org.testng.Assert.assertTrue(Assert.java:42)
	at org.testng.Assert.assertTrue(Assert.java:52)
	at net.bigpoint.assessment.gasstation.implementation.StationImplTest.testBuyGas(StationImplTest.java:126)
</failure>
    <system-err>Jul 06, 2014 12:56:51 PM net.bigpoint.assessment.gasstation.implementation.StationImplTest testBuyGas
SEVERE: Not enough gas
</system-err>
  </testcase>
  <testcase time="5.312" classname="net.bigpoint.assessment.gasstation.implementation.StationImplTest" name="testBuyGas">
    <failure message="expected [true] but found [false]" type="java.lang.AssertionError">java.lang.AssertionError: expected [true] but found [false]
	at org.testng.Assert.fail(Assert.java:94)
	at org.testng.Assert.failNotEquals(Assert.java:494)
	at org.testng.Assert.assertTrue(Assert.java:42)
	at org.testng.Assert.assertTrue(Assert.java:52)
	at net.bigpoint.assessment.gasstation.implementation.StationImplTest.testBuyGas(StationImplTest.java:126)
</failure>
    <system-err>Jul 06, 2014 12:56:51 PM net.bigpoint.assessment.gasstation.implementation.StationImplTest testBuyGas
SEVERE: Not enough gas
</system-err>
  </testcase>
  <testcase time="5.312" classname="net.bigpoint.assessment.gasstation.implementation.StationImplTest" name="testBuyGas">
    <failure message="expected [true] but found [false]" type="java.lang.AssertionError">java.lang.AssertionError: expected [true] but found [false]
	at org.testng.Assert.fail(Assert.java:94)
	at org.testng.Assert.failNotEquals(Assert.java:494)
	at org.testng.Assert.assertTrue(Assert.java:42)
	at org.testng.Assert.assertTrue(Assert.java:52)
	at net.bigpoint.assessment.gasstation.implementation.StationImplTest.testBuyGas(StationImplTest.java:126)
</failure>
  </testcase>
  <testcase time="5.313" classname="net.bigpoint.assessment.gasstation.implementation.StationImplTest" name="testBuyGas">
    <failure message="expected [true] but found [false]" type="java.lang.AssertionError">java.lang.AssertionError: expected [true] but found [false]
	at org.testng.Assert.fail(Assert.java:94)
	at org.testng.Assert.failNotEquals(Assert.java:494)
	at org.testng.Assert.assertTrue(Assert.java:42)
	at org.testng.Assert.assertTrue(Assert.java:52)
	at net.bigpoint.assessment.gasstation.implementation.StationImplTest.testBuyGas(StationImplTest.java:126)
</failure>
    <system-err>Jul 06, 2014 12:56:51 PM net.bigpoint.assessment.gasstation.implementation.StationImplTest testBuyGas
SEVERE: Not enough gas
Jul 06, 2014 12:56:51 PM net.bigpoint.assessment.gasstation.implementation.StationImplTest testBuyGas
SEVERE: Not enough gas
</system-err>
  </testcase>
  <testcase time="5.313" classname="net.bigpoint.assessment.gasstation.implementation.StationImplTest" name="testBuyGas">
    <failure message="expected [true] but found [false]" type="java.lang.AssertionError">java.lang.AssertionError: expected [true] but found [false]
	at org.testng.Assert.fail(Assert.java:94)
	at org.testng.Assert.failNotEquals(Assert.java:494)
	at org.testng.Assert.assertTrue(Assert.java:42)
	at org.testng.Assert.assertTrue(Assert.java:52)
	at net.bigpoint.assessment.gasstation.implementation.StationImplTest.testBuyGas(StationImplTest.java:126)
</failure>
    <system-err>Jul 06, 2014 12:56:51 PM net.bigpoint.assessment.gasstation.implementation.StationImplTest testBuyGas
SEVERE: Not enough gas
</system-err>
  </testcase>
  <testcase time="5.314" classname="net.bigpoint.assessment.gasstation.implementation.StationImplTest" name="testBuyGas">
    <failure message="expected [true] but found [false]" type="java.lang.AssertionError">java.lang.AssertionError: expected [true] but found [false]
	at org.testng.Assert.fail(Assert.java:94)
	at org.testng.Assert.failNotEquals(Assert.java:494)
	at org.testng.Assert.assertTrue(Assert.java:42)
	at org.testng.Assert.assertTrue(Assert.java:52)
	at net.bigpoint.assessment.gasstation.implementation.StationImplTest.testBuyGas(StationImplTest.java:126)
</failure>
  </testcase>
  <testcase time="5.314" classname="net.bigpoint.assessment.gasstation.implementation.StationImplTest" name="testBuyGas">
    <failure message="expected [true] but found [false]" type="java.lang.AssertionError">java.lang.AssertionError: expected [true] but found [false]
	at org.testng.Assert.fail(Assert.java:94)
	at org.testng.Assert.failNotEquals(Assert.java:494)
	at org.testng.Assert.assertTrue(Assert.java:42)
	at org.testng.Assert.assertTrue(Assert.java:52)
	at net.bigpoint.assessment.gasstation.implementation.StationImplTest.testBuyGas(StationImplTest.java:126)
</failure>
    <system-err>Jul 06, 2014 12:56:51 PM net.bigpoint.assessment.gasstation.implementation.StationImplTest testBuyGas
SEVERE: Not enough gas
</system-err>
  </testcase>
  <testcase time="5.315" classname="net.bigpoint.assessment.gasstation.implementation.StationImplTest" name="testBuyGas">
    <failure message="expected [true] but found [false]" type="java.lang.AssertionError">java.lang.AssertionError: expected [true] but found [false]
	at org.testng.Assert.fail(Assert.java:94)
	at org.testng.Assert.failNotEquals(Assert.java:494)
	at org.testng.Assert.assertTrue(Assert.java:42)
	at org.testng.Assert.assertTrue(Assert.java:52)
	at net.bigpoint.assessment.gasstation.implementation.StationImplTest.testBuyGas(StationImplTest.java:126)
</failure>
    <system-err>Jul 06, 2014 12:56:51 PM net.bigpoint.assessment.gasstation.implementation.StationImplTest testBuyGas
SEVERE: Not enough gas
Jul 06, 2014 12:56:51 PM net.bigpoint.assessment.gasstation.implementation.StationImplTest testBuyGas
SEVERE: Not enough gas
</system-err>
  </testcase>
  <testcase time="5.316" classname="net.bigpoint.assessment.gasstation.implementation.StationImplTest" name="testBuyGas">
    <failure message="expected [true] but found [false]" type="java.lang.AssertionError">java.lang.AssertionError: expected [true] but found [false]
	at org.testng.Assert.fail(Assert.java:94)
	at org.testng.Assert.failNotEquals(Assert.java:494)
	at org.testng.Assert.assertTrue(Assert.java:42)
	at org.testng.Assert.assertTrue(Assert.java:52)
	at net.bigpoint.assessment.gasstation.implementation.StationImplTest.testBuyGas(StationImplTest.java:126)
</failure>
  </testcase>
  <testcase time="5.316" classname="net.bigpoint.assessment.gasstation.implementation.StationImplTest" name="testBuyGas">
    <failure message="expected [true] but found [false]" type="java.lang.AssertionError">java.lang.AssertionError: expected [true] but found [false]
	at org.testng.Assert.fail(Assert.java:94)
	at org.testng.Assert.failNotEquals(Assert.java:494)
	at org.testng.Assert.assertTrue(Assert.java:42)
	at org.testng.Assert.assertTrue(Assert.java:52)
	at net.bigpoint.assessment.gasstation.implementation.StationImplTest.testBuyGas(StationImplTest.java:126)
</failure>
    <system-err>Jul 06, 2014 12:56:51 PM net.bigpoint.assessment.gasstation.implementation.StationImplTest testBuyGas
SEVERE: Not enough gas
Jul 06, 2014 12:56:51 PM net.bigpoint.assessment.gasstation.implementation.StationImplTest testBuyGas
SEVERE: Not enough gas
</system-err>
  </testcase>
  <testcase time="5.317" classname="net.bigpoint.assessment.gasstation.implementation.StationImplTest" name="testBuyGas">
    <failure message="expected [true] but found [false]" type="java.lang.AssertionError">java.lang.AssertionError: expected [true] but found [false]
	at org.testng.Assert.fail(Assert.java:94)
	at org.testng.Assert.failNotEquals(Assert.java:494)
	at org.testng.Assert.assertTrue(Assert.java:42)
	at org.testng.Assert.assertTrue(Assert.java:52)
	at net.bigpoint.assessment.gasstation.implementation.StationImplTest.testBuyGas(StationImplTest.java:126)
</failure>
  </testcase>
  <testcase time="5.317" classname="net.bigpoint.assessment.gasstation.implementation.StationImplTest" name="testBuyGas">
    <failure message="expected [true] but found [false]" type="java.lang.AssertionError">java.lang.AssertionError: expected [true] but found [false]
	at org.testng.Assert.fail(Assert.java:94)
	at org.testng.Assert.failNotEquals(Assert.java:494)
	at org.testng.Assert.assertTrue(Assert.java:42)
	at org.testng.Assert.assertTrue(Assert.java:52)
	at net.bigpoint.assessment.gasstation.implementation.StationImplTest.testBuyGas(StationImplTest.java:126)
</failure>
    <system-err>Jul 06, 2014 12:56:51 PM net.bigpoint.assessment.gasstation.implementation.StationImplTest testBuyGas
SEVERE: Not enough gas
</system-err>
  </testcase>
  <testcase time="5.318" classname="net.bigpoint.assessment.gasstation.implementation.StationImplTest" name="testBuyGas">
    <failure message="expected [true] but found [false]" type="java.lang.AssertionError">java.lang.AssertionError: expected [true] but found [false]
	at org.testng.Assert.fail(Assert.java:94)
	at org.testng.Assert.failNotEquals(Assert.java:494)
	at org.testng.Assert.assertTrue(Assert.java:42)
	at org.testng.Assert.assertTrue(Assert.java:52)
	at net.bigpoint.assessment.gasstation.implementation.StationImplTest.testBuyGas(StationImplTest.java:126)
</failure>
    <system-err>Jul 06, 2014 12:56:51 PM net.bigpoint.assessment.gasstation.implementation.StationImplTest testBuyGas
SEVERE: Not enough gas
</system-err>
  </testcase>
  <testcase time="5.319" classname="net.bigpoint.assessment.gasstation.implementation.StationImplTest" name="testBuyGas">
    <failure message="expected [true] but found [false]" type="java.lang.AssertionError">java.lang.AssertionError: expected [true] but found [false]
	at org.testng.Assert.fail(Assert.java:94)
	at org.testng.Assert.failNotEquals(Assert.java:494)
	at org.testng.Assert.assertTrue(Assert.java:42)
	at org.testng.Assert.assertTrue(Assert.java:52)
	at net.bigpoint.assessment.gasstation.implementation.StationImplTest.testBuyGas(StationImplTest.java:126)
</failure>
    <system-err>Jul 06, 2014 12:56:51 PM net.bigpoint.assessment.gasstation.implementation.StationImplTest testBuyGas
SEVERE: Not enough gas
Jul 06, 2014 12:56:51 PM net.bigpoint.assessment.gasstation.implementation.StationImplTest testBuyGas
SEVERE: Not enough gas
Jul 06, 2014 12:56:51 PM net.bigpoint.assessment.gasstation.implementation.StationImplTest testBuyGas
SEVERE: Not enough gas
</system-err>
  </testcase>
  <testcase time="5.319" classname="net.bigpoint.assessment.gasstation.implementation.StationImplTest" name="testBuyGas">
    <failure message="expected [true] but found [false]" type="java.lang.AssertionError">java.lang.AssertionError: expected [true] but found [false]
	at org.testng.Assert.fail(Assert.java:94)
	at org.testng.Assert.failNotEquals(Assert.java:494)
	at org.testng.Assert.assertTrue(Assert.java:42)
	at org.testng.Assert.assertTrue(Assert.java:52)
	at net.bigpoint.assessment.gasstation.implementation.StationImplTest.testBuyGas(StationImplTest.java:126)
</failure>
  </testcase>
  <testcase time="5.32" classname="net.bigpoint.assessment.gasstation.implementation.StationImplTest" name="testBuyGas">
    <failure message="expected [true] but found [false]" type="java.lang.AssertionError">java.lang.AssertionError: expected [true] but found [false]
	at org.testng.Assert.fail(Assert.java:94)
	at org.testng.Assert.failNotEquals(Assert.java:494)
	at org.testng.Assert.assertTrue(Assert.java:42)
	at org.testng.Assert.assertTrue(Assert.java:52)
	at net.bigpoint.assessment.gasstation.implementation.StationImplTest.testBuyGas(StationImplTest.java:126)
</failure>
  </testcase>
  <testcase time="5.321" classname="net.bigpoint.assessment.gasstation.implementation.StationImplTest" name="testBuyGas">
    <failure message="expected [true] but found [false]" type="java.lang.AssertionError">java.lang.AssertionError: expected [true] but found [false]
	at org.testng.Assert.fail(Assert.java:94)
	at org.testng.Assert.failNotEquals(Assert.java:494)
	at org.testng.Assert.assertTrue(Assert.java:42)
	at org.testng.Assert.assertTrue(Assert.java:52)
	at net.bigpoint.assessment.gasstation.implementation.StationImplTest.testBuyGas(StationImplTest.java:126)
</failure>
    <system-err>Jul 06, 2014 12:56:51 PM net.bigpoint.assessment.gasstation.implementation.StationImplTest testBuyGas
SEVERE: Not enough gas
</system-err>
  </testcase>
  <testcase time="5.322" classname="net.bigpoint.assessment.gasstation.implementation.StationImplTest" name="testBuyGas">
    <failure message="expected [true] but found [false]" type="java.lang.AssertionError">java.lang.AssertionError: expected [true] but found [false]
	at org.testng.Assert.fail(Assert.java:94)
	at org.testng.Assert.failNotEquals(Assert.java:494)
	at org.testng.Assert.assertTrue(Assert.java:42)
	at org.testng.Assert.assertTrue(Assert.java:52)
	at net.bigpoint.assessment.gasstation.implementation.StationImplTest.testBuyGas(StationImplTest.java:126)
</failure>
    <system-err>Jul 06, 2014 12:56:51 PM net.bigpoint.assessment.gasstation.implementation.StationImplTest testBuyGas
SEVERE: Not enough gas
</system-err>
  </testcase>
  <testcase time="5.323" classname="net.bigpoint.assessment.gasstation.implementation.StationImplTest" name="testBuyGas">
    <failure message="expected [true] but found [false]" type="java.lang.AssertionError">java.lang.AssertionError: expected [true] but found [false]
	at org.testng.Assert.fail(Assert.java:94)
	at org.testng.Assert.failNotEquals(Assert.java:494)
	at org.testng.Assert.assertTrue(Assert.java:42)
	at org.testng.Assert.assertTrue(Assert.java:52)
	at net.bigpoint.assessment.gasstation.implementation.StationImplTest.testBuyGas(StationImplTest.java:126)
</failure>
    <system-err>Jul 06, 2014 12:56:51 PM net.bigpoint.assessment.gasstation.implementation.StationImplTest testBuyGas
SEVERE: Not enough gas
</system-err>
  </testcase>
  <testcase time="5.323" classname="net.bigpoint.assessment.gasstation.implementation.StationImplTest" name="testBuyGas">
    <failure message="expected [true] but found [false]" type="java.lang.AssertionError">java.lang.AssertionError: expected [true] but found [false]
	at org.testng.Assert.fail(Assert.java:94)
	at org.testng.Assert.failNotEquals(Assert.java:494)
	at org.testng.Assert.assertTrue(Assert.java:42)
	at org.testng.Assert.assertTrue(Assert.java:52)
	at net.bigpoint.assessment.gasstation.implementation.StationImplTest.testBuyGas(StationImplTest.java:126)
</failure>
    <system-err>Jul 06, 2014 12:56:51 PM net.bigpoint.assessment.gasstation.implementation.StationImplTest testBuyGas
SEVERE: Not enough gas
</system-err>
  </testcase>
  <testcase time="5.324" classname="net.bigpoint.assessment.gasstation.implementation.StationImplTest" name="testBuyGas">
    <failure message="expected [true] but found [false]" type="java.lang.AssertionError">java.lang.AssertionError: expected [true] but found [false]
	at org.testng.Assert.fail(Assert.java:94)
	at org.testng.Assert.failNotEquals(Assert.java:494)
	at org.testng.Assert.assertTrue(Assert.java:42)
	at org.testng.Assert.assertTrue(Assert.java:52)
	at net.bigpoint.assessment.gasstation.implementation.StationImplTest.testBuyGas(StationImplTest.java:126)
</failure>
    <system-err>Jul 06, 2014 12:56:51 PM net.bigpoint.assessment.gasstation.implementation.StationImplTest testBuyGas
SEVERE: Not enough gas
</system-err>
  </testcase>
  <testcase time="5.325" classname="net.bigpoint.assessment.gasstation.implementation.StationImplTest" name="testBuyGas">
    <failure message="expected [true] but found [false]" type="java.lang.AssertionError">java.lang.AssertionError: expected [true] but found [false]
	at org.testng.Assert.fail(Assert.java:94)
	at org.testng.Assert.failNotEquals(Assert.java:494)
	at org.testng.Assert.assertTrue(Assert.java:42)
	at org.testng.Assert.assertTrue(Assert.java:52)
	at net.bigpoint.assessment.gasstation.implementation.StationImplTest.testBuyGas(StationImplTest.java:126)
</failure>
    <system-err>Jul 06, 2014 12:56:51 PM net.bigpoint.assessment.gasstation.implementation.StationImplTest testBuyGas
SEVERE: Not enough gas
</system-err>
  </testcase>
  <testcase time="5.326" classname="net.bigpoint.assessment.gasstation.implementation.StationImplTest" name="testBuyGas">
    <failure message="expected [true] but found [false]" type="java.lang.AssertionError">java.lang.AssertionError: expected [true] but found [false]
	at org.testng.Assert.fail(Assert.java:94)
	at org.testng.Assert.failNotEquals(Assert.java:494)
	at org.testng.Assert.assertTrue(Assert.java:42)
	at org.testng.Assert.assertTrue(Assert.java:52)
	at net.bigpoint.assessment.gasstation.implementation.StationImplTest.testBuyGas(StationImplTest.java:126)
</failure>
    <system-err>Jul 06, 2014 12:56:51 PM net.bigpoint.assessment.gasstation.implementation.StationImplTest testBuyGas
SEVERE: Not enough gas
Jul 06, 2014 12:56:51 PM net.bigpoint.assessment.gasstation.implementation.StationImplTest testBuyGas
SEVERE: Not enough gas
</system-err>
  </testcase>
  <testcase time="5.326" classname="net.bigpoint.assessment.gasstation.implementation.StationImplTest" name="testBuyGas">
    <failure message="expected [true] but found [false]" type="java.lang.AssertionError">java.lang.AssertionError: expected [true] but found [false]
	at org.testng.Assert.fail(Assert.java:94)
	at org.testng.Assert.failNotEquals(Assert.java:494)
	at org.testng.Assert.assertTrue(Assert.java:42)
	at org.testng.Assert.assertTrue(Assert.java:52)
	at net.bigpoint.assessment.gasstation.implementation.StationImplTest.testBuyGas(StationImplTest.java:126)
</failure>
    <system-err>Jul 06, 2014 12:56:51 PM net.bigpoint.assessment.gasstation.implementation.StationImplTest testBuyGas
SEVERE: Not enough gas
</system-err>
  </testcase>
  <testcase time="5.327" classname="net.bigpoint.assessment.gasstation.implementation.StationImplTest" name="testBuyGas">
    <failure message="expected [true] but found [false]" type="java.lang.AssertionError">java.lang.AssertionError: expected [true] but found [false]
	at org.testng.Assert.fail(Assert.java:94)
	at org.testng.Assert.failNotEquals(Assert.java:494)
	at org.testng.Assert.assertTrue(Assert.java:42)
	at org.testng.Assert.assertTrue(Assert.java:52)
	at net.bigpoint.assessment.gasstation.implementation.StationImplTest.testBuyGas(StationImplTest.java:126)
</failure>
  </testcase>
  <testcase time="5.327" classname="net.bigpoint.assessment.gasstation.implementation.StationImplTest" name="testBuyGas">
    <failure message="expected [true] but found [false]" type="java.lang.AssertionError">java.lang.AssertionError: expected [true] but found [false]
	at org.testng.Assert.fail(Assert.java:94)
	at org.testng.Assert.failNotEquals(Assert.java:494)
	at org.testng.Assert.assertTrue(Assert.java:42)
	at org.testng.Assert.assertTrue(Assert.java:52)
	at net.bigpoint.assessment.gasstation.implementation.StationImplTest.testBuyGas(StationImplTest.java:126)
</failure>
    <system-err>Jul 06, 2014 12:56:51 PM net.bigpoint.assessment.gasstation.implementation.StationImplTest testBuyGas
SEVERE: Not enough gas
</system-err>
  </testcase>
  <testcase time="5.329" classname="net.bigpoint.assessment.gasstation.implementation.StationImplTest" name="testBuyGas">
    <failure message="expected [true] but found [false]" type="java.lang.AssertionError">java.lang.AssertionError: expected [true] but found [false]
	at org.testng.Assert.fail(Assert.java:94)
	at org.testng.Assert.failNotEquals(Assert.java:494)
	at org.testng.Assert.assertTrue(Assert.java:42)
	at org.testng.Assert.assertTrue(Assert.java:52)
	at net.bigpoint.assessment.gasstation.implementation.StationImplTest.testBuyGas(StationImplTest.java:126)
</failure>
    <system-err>Jul 06, 2014 12:56:51 PM net.bigpoint.assessment.gasstation.implementation.StationImplTest testBuyGas
SEVERE: Not enough gas
</system-err>
  </testcase>
  <testcase time="5.329" classname="net.bigpoint.assessment.gasstation.implementation.StationImplTest" name="testBuyGas">
    <failure message="expected [true] but found [false]" type="java.lang.AssertionError">java.lang.AssertionError: expected [true] but found [false]
	at org.testng.Assert.fail(Assert.java:94)
	at org.testng.Assert.failNotEquals(Assert.java:494)
	at org.testng.Assert.assertTrue(Assert.java:42)
	at org.testng.Assert.assertTrue(Assert.java:52)
	at net.bigpoint.assessment.gasstation.implementation.StationImplTest.testBuyGas(StationImplTest.java:126)
</failure>
    <system-err>Jul 06, 2014 12:56:51 PM net.bigpoint.assessment.gasstation.implementation.StationImplTest testBuyGas
SEVERE: Not enough gas
Jul 06, 2014 12:56:51 PM net.bigpoint.assessment.gasstation.implementation.StationImplTest testBuyGas
SEVERE: Not enough gas
</system-err>
  </testcase>
  <testcase time="5.329" classname="net.bigpoint.assessment.gasstation.implementation.StationImplTest" name="testBuyGas">
    <failure message="expected [true] but found [false]" type="java.lang.AssertionError">java.lang.AssertionError: expected [true] but found [false]
	at org.testng.Assert.fail(Assert.java:94)
	at org.testng.Assert.failNotEquals(Assert.java:494)
	at org.testng.Assert.assertTrue(Assert.java:42)
	at org.testng.Assert.assertTrue(Assert.java:52)
	at net.bigpoint.assessment.gasstation.implementation.StationImplTest.testBuyGas(StationImplTest.java:126)
</failure>
  </testcase>
  <testcase time="5.329" classname="net.bigpoint.assessment.gasstation.implementation.StationImplTest" name="testBuyGas">
    <failure message="expected [true] but found [false]" type="java.lang.AssertionError">java.lang.AssertionError: expected [true] but found [false]
	at org.testng.Assert.fail(Assert.java:94)
	at org.testng.Assert.failNotEquals(Assert.java:494)
	at org.testng.Assert.assertTrue(Assert.java:42)
	at org.testng.Assert.assertTrue(Assert.java:52)
	at net.bigpoint.assessment.gasstation.implementation.StationImplTest.testBuyGas(StationImplTest.java:126)
</failure>
  </testcase>
  <testcase time="5.331" classname="net.bigpoint.assessment.gasstation.implementation.StationImplTest" name="testBuyGas">
    <failure message="expected [true] but found [false]" type="java.lang.AssertionError">java.lang.AssertionError: expected [true] but found [false]
	at org.testng.Assert.fail(Assert.java:94)
	at org.testng.Assert.failNotEquals(Assert.java:494)
	at org.testng.Assert.assertTrue(Assert.java:42)
	at org.testng.Assert.assertTrue(Assert.java:52)
	at net.bigpoint.assessment.gasstation.implementation.StationImplTest.testBuyGas(StationImplTest.java:126)
</failure>
    <system-err>Jul 06, 2014 12:56:51 PM net.bigpoint.assessment.gasstation.implementation.StationImplTest testBuyGas
SEVERE: Not enough gas
Jul 06, 2014 12:56:51 PM net.bigpoint.assessment.gasstation.implementation.StationImplTest testBuyGas
SEVERE: Not enough gas
</system-err>
  </testcase>
  <testcase time="5.331" classname="net.bigpoint.assessment.gasstation.implementation.StationImplTest" name="testBuyGas">
    <failure message="expected [true] but found [false]" type="java.lang.AssertionError">java.lang.AssertionError: expected [true] but found [false]
	at org.testng.Assert.fail(Assert.java:94)
	at org.testng.Assert.failNotEquals(Assert.java:494)
	at org.testng.Assert.assertTrue(Assert.java:42)
	at org.testng.Assert.assertTrue(Assert.java:52)
	at net.bigpoint.assessment.gasstation.implementation.StationImplTest.testBuyGas(StationImplTest.java:126)
</failure>
    <system-err>Jul 06, 2014 12:56:51 PM net.bigpoint.assessment.gasstation.implementation.StationImplTest testBuyGas
SEVERE: Not enough gas
</system-err>
  </testcase>
  <testcase time="5.331" classname="net.bigpoint.assessment.gasstation.implementation.StationImplTest" name="testBuyGas">
    <failure message="expected [true] but found [false]" type="java.lang.AssertionError">java.lang.AssertionError: expected [true] but found [false]
	at org.testng.Assert.fail(Assert.java:94)
	at org.testng.Assert.failNotEquals(Assert.java:494)
	at org.testng.Assert.assertTrue(Assert.java:42)
	at org.testng.Assert.assertTrue(Assert.java:52)
	at net.bigpoint.assessment.gasstation.implementation.StationImplTest.testBuyGas(StationImplTest.java:126)
</failure>
  </testcase>
  <testcase time="5.332" classname="net.bigpoint.assessment.gasstation.implementation.StationImplTest" name="testBuyGas">
    <failure message="expected [true] but found [false]" type="java.lang.AssertionError">java.lang.AssertionError: expected [true] but found [false]
	at org.testng.Assert.fail(Assert.java:94)
	at org.testng.Assert.failNotEquals(Assert.java:494)
	at org.testng.Assert.assertTrue(Assert.java:42)
	at org.testng.Assert.assertTrue(Assert.java:52)
	at net.bigpoint.assessment.gasstation.implementation.StationImplTest.testBuyGas(StationImplTest.java:126)
</failure>
    <system-err>Jul 06, 2014 12:56:51 PM net.bigpoint.assessment.gasstation.implementation.StationImplTest testBuyGas
SEVERE: Not enough gas
</system-err>
  </testcase>
  <testcase time="5.333" classname="net.bigpoint.assessment.gasstation.implementation.StationImplTest" name="testBuyGas">
    <failure message="expected [true] but found [false]" type="java.lang.AssertionError">java.lang.AssertionError: expected [true] but found [false]
	at org.testng.Assert.fail(Assert.java:94)
	at org.testng.Assert.failNotEquals(Assert.java:494)
	at org.testng.Assert.assertTrue(Assert.java:42)
	at org.testng.Assert.assertTrue(Assert.java:52)
	at net.bigpoint.assessment.gasstation.implementation.StationImplTest.testBuyGas(StationImplTest.java:126)
</failure>
    <system-err>Jul 06, 2014 12:56:51 PM net.bigpoint.assessment.gasstation.implementation.StationImplTest testBuyGas
SEVERE: Not enough gas
</system-err>
  </testcase>
  <testcase time="5.334" classname="net.bigpoint.assessment.gasstation.implementation.StationImplTest" name="testBuyGas">
    <failure message="expected [true] but found [false]" type="java.lang.AssertionError">java.lang.AssertionError: expected [true] but found [false]
	at org.testng.Assert.fail(Assert.java:94)
	at org.testng.Assert.failNotEquals(Assert.java:494)
	at org.testng.Assert.assertTrue(Assert.java:42)
	at org.testng.Assert.assertTrue(Assert.java:52)
	at net.bigpoint.assessment.gasstation.implementation.StationImplTest.testBuyGas(StationImplTest.java:126)
</failure>
    <system-err>Jul 06, 2014 12:56:51 PM net.bigpoint.assessment.gasstation.implementation.StationImplTest testBuyGas
SEVERE: Not enough gas
Jul 06, 2014 12:56:51 PM net.bigpoint.assessment.gasstation.implementation.StationImplTest testBuyGas
SEVERE: Not enough gas
</system-err>
  </testcase>
  <testcase time="5.335" classname="net.bigpoint.assessment.gasstation.implementation.StationImplTest" name="testBuyGas">
    <failure message="expected [true] but found [false]" type="java.lang.AssertionError">java.lang.AssertionError: expected [true] but found [false]
	at org.testng.Assert.fail(Assert.java:94)
	at org.testng.Assert.failNotEquals(Assert.java:494)
	at org.testng.Assert.assertTrue(Assert.java:42)
	at org.testng.Assert.assertTrue(Assert.java:52)
	at net.bigpoint.assessment.gasstation.implementation.StationImplTest.testBuyGas(StationImplTest.java:126)
</failure>
  </testcase>
  <testcase time="5.337" classname="net.bigpoint.assessment.gasstation.implementation.StationImplTest" name="testBuyGas">
    <failure message="expected [true] but found [false]" type="java.lang.AssertionError">java.lang.AssertionError: expected [true] but found [false]
	at org.testng.Assert.fail(Assert.java:94)
	at org.testng.Assert.failNotEquals(Assert.java:494)
	at org.testng.Assert.assertTrue(Assert.java:42)
	at org.testng.Assert.assertTrue(Assert.java:52)
	at net.bigpoint.assessment.gasstation.implementation.StationImplTest.testBuyGas(StationImplTest.java:126)
</failure>
    <system-err>Jul 06, 2014 12:56:51 PM net.bigpoint.assessment.gasstation.implementation.StationImplTest testBuyGas
SEVERE: Not enough gas
Jul 06, 2014 12:56:51 PM net.bigpoint.assessment.gasstation.implementation.StationImplTest testBuyGas
SEVERE: Not enough gas
</system-err>
  </testcase>
  <testcase time="5.337" classname="net.bigpoint.assessment.gasstation.implementation.StationImplTest" name="testBuyGas">
    <failure message="expected [true] but found [false]" type="java.lang.AssertionError">java.lang.AssertionError: expected [true] but found [false]
	at org.testng.Assert.fail(Assert.java:94)
	at org.testng.Assert.failNotEquals(Assert.java:494)
	at org.testng.Assert.assertTrue(Assert.java:42)
	at org.testng.Assert.assertTrue(Assert.java:52)
	at net.bigpoint.assessment.gasstation.implementation.StationImplTest.testBuyGas(StationImplTest.java:126)
</failure>
  </testcase>
  <testcase time="5.338" classname="net.bigpoint.assessment.gasstation.implementation.StationImplTest" name="testBuyGas">
    <failure message="expected [true] but found [false]" type="java.lang.AssertionError">java.lang.AssertionError: expected [true] but found [false]
	at org.testng.Assert.fail(Assert.java:94)
	at org.testng.Assert.failNotEquals(Assert.java:494)
	at org.testng.Assert.assertTrue(Assert.java:42)
	at org.testng.Assert.assertTrue(Assert.java:52)
	at net.bigpoint.assessment.gasstation.implementation.StationImplTest.testBuyGas(StationImplTest.java:126)
</failure>
    <system-err>Jul 06, 2014 12:56:51 PM net.bigpoint.assessment.gasstation.implementation.StationImplTest testBuyGas
SEVERE: Not enough gas
</system-err>
  </testcase>
  <testcase time="5.339" classname="net.bigpoint.assessment.gasstation.implementation.StationImplTest" name="testBuyGas">
    <failure message="expected [true] but found [false]" type="java.lang.AssertionError">java.lang.AssertionError: expected [true] but found [false]
	at org.testng.Assert.fail(Assert.java:94)
	at org.testng.Assert.failNotEquals(Assert.java:494)
	at org.testng.Assert.assertTrue(Assert.java:42)
	at org.testng.Assert.assertTrue(Assert.java:52)
	at net.bigpoint.assessment.gasstation.implementation.StationImplTest.testBuyGas(StationImplTest.java:126)
</failure>
    <system-err>Jul 06, 2014 12:56:51 PM net.bigpoint.assessment.gasstation.implementation.StationImplTest testBuyGas
SEVERE: Not enough gas
Jul 06, 2014 12:56:51 PM net.bigpoint.assessment.gasstation.implementation.StationImplTest testBuyGas
SEVERE: Not enough gas
</system-err>
  </testcase>
  <testcase time="5.34" classname="net.bigpoint.assessment.gasstation.implementation.StationImplTest" name="testBuyGas">
    <failure message="expected [true] but found [false]" type="java.lang.AssertionError">java.lang.AssertionError: expected [true] but found [false]
	at org.testng.Assert.fail(Assert.java:94)
	at org.testng.Assert.failNotEquals(Assert.java:494)
	at org.testng.Assert.assertTrue(Assert.java:42)
	at org.testng.Assert.assertTrue(Assert.java:52)
	at net.bigpoint.assessment.gasstation.implementation.StationImplTest.testBuyGas(StationImplTest.java:126)
</failure>
    <system-err>Jul 06, 2014 12:56:51 PM net.bigpoint.assessment.gasstation.implementation.StationImplTest testBuyGas
SEVERE: Not enough gas
</system-err>
  </testcase>
  <testcase time="5.34" classname="net.bigpoint.assessment.gasstation.implementation.StationImplTest" name="testBuyGas">
    <failure message="expected [true] but found [false]" type="java.lang.AssertionError">java.lang.AssertionError: expected [true] but found [false]
	at org.testng.Assert.fail(Assert.java:94)
	at org.testng.Assert.failNotEquals(Assert.java:494)
	at org.testng.Assert.assertTrue(Assert.java:42)
	at org.testng.Assert.assertTrue(Assert.java:52)
	at net.bigpoint.assessment.gasstation.implementation.StationImplTest.testBuyGas(StationImplTest.java:126)
</failure>
  </testcase>
  <testcase time="5.341" classname="net.bigpoint.assessment.gasstation.implementation.StationImplTest" name="testBuyGas">
    <failure message="expected [true] but found [false]" type="java.lang.AssertionError">java.lang.AssertionError: expected [true] but found [false]
	at org.testng.Assert.fail(Assert.java:94)
	at org.testng.Assert.failNotEquals(Assert.java:494)
	at org.testng.Assert.assertTrue(Assert.java:42)
	at org.testng.Assert.assertTrue(Assert.java:52)
	at net.bigpoint.assessment.gasstation.implementation.StationImplTest.testBuyGas(StationImplTest.java:126)
</failure>
    <system-err>Jul 06, 2014 12:56:51 PM net.bigpoint.assessment.gasstation.implementation.StationImplTest testBuyGas
SEVERE: Not enough gas
Jul 06, 2014 12:56:51 PM net.bigpoint.assessment.gasstation.implementation.StationImplTest testBuyGas
SEVERE: Not enough gas
</system-err>
  </testcase>
  <testcase time="5.342" classname="net.bigpoint.assessment.gasstation.implementation.StationImplTest" name="testBuyGas">
    <failure message="expected [true] but found [false]" type="java.lang.AssertionError">java.lang.AssertionError: expected [true] but found [false]
	at org.testng.Assert.fail(Assert.java:94)
	at org.testng.Assert.failNotEquals(Assert.java:494)
	at org.testng.Assert.assertTrue(Assert.java:42)
	at org.testng.Assert.assertTrue(Assert.java:52)
	at net.bigpoint.assessment.gasstation.implementation.StationImplTest.testBuyGas(StationImplTest.java:126)
</failure>
  </testcase>
  <testcase time="5.342" classname="net.bigpoint.assessment.gasstation.implementation.StationImplTest" name="testBuyGas">
    <failure message="expected [true] but found [false]" type="java.lang.AssertionError">java.lang.AssertionError: expected [true] but found [false]
	at org.testng.Assert.fail(Assert.java:94)
	at org.testng.Assert.failNotEquals(Assert.java:494)
	at org.testng.Assert.assertTrue(Assert.java:42)
	at org.testng.Assert.assertTrue(Assert.java:52)
	at net.bigpoint.assessment.gasstation.implementation.StationImplTest.testBuyGas(StationImplTest.java:126)
</failure>
    <system-err>Jul 06, 2014 12:56:51 PM net.bigpoint.assessment.gasstation.implementation.StationImplTest testBuyGas
SEVERE: Not enough gas
</system-err>
  </testcase>
  <testcase time="5.343" classname="net.bigpoint.assessment.gasstation.implementation.StationImplTest" name="testBuyGas">
    <failure message="expected [true] but found [false]" type="java.lang.AssertionError">java.lang.AssertionError: expected [true] but found [false]
	at org.testng.Assert.fail(Assert.java:94)
	at org.testng.Assert.failNotEquals(Assert.java:494)
	at org.testng.Assert.assertTrue(Assert.java:42)
	at org.testng.Assert.assertTrue(Assert.java:52)
	at net.bigpoint.assessment.gasstation.implementation.StationImplTest.testBuyGas(StationImplTest.java:126)
</failure>
    <system-err>Jul 06, 2014 12:56:51 PM net.bigpoint.assessment.gasstation.implementation.StationImplTest testBuyGas
SEVERE: Not enough gas
Jul 06, 2014 12:56:51 PM net.bigpoint.assessment.gasstation.implementation.StationImplTest testBuyGas
SEVERE: Not enough gas
</system-err>
  </testcase>
  <testcase time="5.344" classname="net.bigpoint.assessment.gasstation.implementation.StationImplTest" name="testBuyGas">
    <failure message="expected [true] but found [false]" type="java.lang.AssertionError">java.lang.AssertionError: expected [true] but found [false]
	at org.testng.Assert.fail(Assert.java:94)
	at org.testng.Assert.failNotEquals(Assert.java:494)
	at org.testng.Assert.assertTrue(Assert.java:42)
	at org.testng.Assert.assertTrue(Assert.java:52)
	at net.bigpoint.assessment.gasstation.implementation.StationImplTest.testBuyGas(StationImplTest.java:126)
</failure>
    <system-err>Jul 06, 2014 12:56:51 PM net.bigpoint.assessment.gasstation.implementation.StationImplTest testBuyGas
SEVERE: Not enough gas
</system-err>
  </testcase>
  <testcase time="5.344" classname="net.bigpoint.assessment.gasstation.implementation.StationImplTest" name="testBuyGas">
    <failure message="expected [true] but found [false]" type="java.lang.AssertionError">java.lang.AssertionError: expected [true] but found [false]
	at org.testng.Assert.fail(Assert.java:94)
	at org.testng.Assert.failNotEquals(Assert.java:494)
	at org.testng.Assert.assertTrue(Assert.java:42)
	at org.testng.Assert.assertTrue(Assert.java:52)
	at net.bigpoint.assessment.gasstation.implementation.StationImplTest.testBuyGas(StationImplTest.java:126)
</failure>
  </testcase>
  <testcase time="5.345" classname="net.bigpoint.assessment.gasstation.implementation.StationImplTest" name="testBuyGas">
    <failure message="expected [true] but found [false]" type="java.lang.AssertionError">java.lang.AssertionError: expected [true] but found [false]
	at org.testng.Assert.fail(Assert.java:94)
	at org.testng.Assert.failNotEquals(Assert.java:494)
	at org.testng.Assert.assertTrue(Assert.java:42)
	at org.testng.Assert.assertTrue(Assert.java:52)
	at net.bigpoint.assessment.gasstation.implementation.StationImplTest.testBuyGas(StationImplTest.java:126)
</failure>
    <system-err>Jul 06, 2014 12:56:51 PM net.bigpoint.assessment.gasstation.implementation.StationImplTest testBuyGas
SEVERE: Not enough gas
</system-err>
  </testcase>
  <testcase time="5.347" classname="net.bigpoint.assessment.gasstation.implementation.StationImplTest" name="testBuyGas">
    <failure message="expected [true] but found [false]" type="java.lang.AssertionError">java.lang.AssertionError: expected [true] but found [false]
	at org.testng.Assert.fail(Assert.java:94)
	at org.testng.Assert.failNotEquals(Assert.java:494)
	at org.testng.Assert.assertTrue(Assert.java:42)
	at org.testng.Assert.assertTrue(Assert.java:52)
	at net.bigpoint.assessment.gasstation.implementation.StationImplTest.testBuyGas(StationImplTest.java:126)
</failure>
    <system-err>Jul 06, 2014 12:56:51 PM net.bigpoint.assessment.gasstation.implementation.StationImplTest testBuyGas
SEVERE: Not enough gas
Jul 06, 2014 12:56:51 PM net.bigpoint.assessment.gasstation.implementation.StationImplTest testBuyGas
SEVERE: Not enough gas
</system-err>
  </testcase>
  <testcase time="5.348" classname="net.bigpoint.assessment.gasstation.implementation.StationImplTest" name="testBuyGas">
    <failure message="expected [true] but found [false]" type="java.lang.AssertionError">java.lang.AssertionError: expected [true] but found [false]
	at org.testng.Assert.fail(Assert.java:94)
	at org.testng.Assert.failNotEquals(Assert.java:494)
	at org.testng.Assert.assertTrue(Assert.java:42)
	at org.testng.Assert.assertTrue(Assert.java:52)
	at net.bigpoint.assessment.gasstation.implementation.StationImplTest.testBuyGas(StationImplTest.java:126)
</failure>
  </testcase>
  <testcase time="5.349" classname="net.bigpoint.assessment.gasstation.implementation.StationImplTest" name="testBuyGas">
    <failure message="expected [true] but found [false]" type="java.lang.AssertionError">java.lang.AssertionError: expected [true] but found [false]
	at org.testng.Assert.fail(Assert.java:94)
	at org.testng.Assert.failNotEquals(Assert.java:494)
	at org.testng.Assert.assertTrue(Assert.java:42)
	at org.testng.Assert.assertTrue(Assert.java:52)
	at net.bigpoint.assessment.gasstation.implementation.StationImplTest.testBuyGas(StationImplTest.java:126)
</failure>
  </testcase>
  <testcase time="5.351" classname="net.bigpoint.assessment.gasstation.implementation.StationImplTest" name="testBuyGas">
    <failure message="expected [true] but found [false]" type="java.lang.AssertionError">java.lang.AssertionError: expected [true] but found [false]
	at org.testng.Assert.fail(Assert.java:94)
	at org.testng.Assert.failNotEquals(Assert.java:494)
	at org.testng.Assert.assertTrue(Assert.java:42)
	at org.testng.Assert.assertTrue(Assert.java:52)
	at net.bigpoint.assessment.gasstation.implementation.StationImplTest.testBuyGas(StationImplTest.java:126)
</failure>
    <system-err>Jul 06, 2014 12:56:51 PM net.bigpoint.assessment.gasstation.implementation.StationImplTest testBuyGas
SEVERE: Not enough gas
Jul 06, 2014 12:56:51 PM net.bigpoint.assessment.gasstation.implementation.StationImplTest testBuyGas
SEVERE: Not enough gas
</system-err>
  </testcase>
  <testcase time="5.351" classname="net.bigpoint.assessment.gasstation.implementation.StationImplTest" name="testBuyGas">
    <failure message="expected [true] but found [false]" type="java.lang.AssertionError">java.lang.AssertionError: expected [true] but found [false]
	at org.testng.Assert.fail(Assert.java:94)
	at org.testng.Assert.failNotEquals(Assert.java:494)
	at org.testng.Assert.assertTrue(Assert.java:42)
	at org.testng.Assert.assertTrue(Assert.java:52)
	at net.bigpoint.assessment.gasstation.implementation.StationImplTest.testBuyGas(StationImplTest.java:126)
</failure>
  </testcase>
  <testcase time="5.352" classname="net.bigpoint.assessment.gasstation.implementation.StationImplTest" name="testBuyGas">
    <failure message="expected [true] but found [false]" type="java.lang.AssertionError">java.lang.AssertionError: expected [true] but found [false]
	at org.testng.Assert.fail(Assert.java:94)
	at org.testng.Assert.failNotEquals(Assert.java:494)
	at org.testng.Assert.assertTrue(Assert.java:42)
	at org.testng.Assert.assertTrue(Assert.java:52)
	at net.bigpoint.assessment.gasstation.implementation.StationImplTest.testBuyGas(StationImplTest.java:126)
</failure>
    <system-err>Jul 06, 2014 12:56:51 PM net.bigpoint.assessment.gasstation.implementation.StationImplTest testBuyGas
SEVERE: Not enough gas
</system-err>
  </testcase>
  <testcase time="5.354" classname="net.bigpoint.assessment.gasstation.implementation.StationImplTest" name="testBuyGas">
    <failure message="expected [true] but found [false]" type="java.lang.AssertionError">java.lang.AssertionError: expected [true] but found [false]
	at org.testng.Assert.fail(Assert.java:94)
	at org.testng.Assert.failNotEquals(Assert.java:494)
	at org.testng.Assert.assertTrue(Assert.java:42)
	at org.testng.Assert.assertTrue(Assert.java:52)
	at net.bigpoint.assessment.gasstation.implementation.StationImplTest.testBuyGas(StationImplTest.java:126)
</failure>
    <system-err>Jul 06, 2014 12:56:51 PM net.bigpoint.assessment.gasstation.implementation.StationImplTest testBuyGas
SEVERE: Not enough gas
Jul 06, 2014 12:56:51 PM net.bigpoint.assessment.gasstation.implementation.StationImplTest testBuyGas
SEVERE: Not enough gas
</system-err>
  </testcase>
  <testcase time="5.354" classname="net.bigpoint.assessment.gasstation.implementation.StationImplTest" name="testBuyGas">
    <failure message="expected [true] but found [false]" type="java.lang.AssertionError">java.lang.AssertionError: expected [true] but found [false]
	at org.testng.Assert.fail(Assert.java:94)
	at org.testng.Assert.failNotEquals(Assert.java:494)
	at org.testng.Assert.assertTrue(Assert.java:42)
	at org.testng.Assert.assertTrue(Assert.java:52)
	at net.bigpoint.assessment.gasstation.implementation.StationImplTest.testBuyGas(StationImplTest.java:126)
</failure>
  </testcase>
  <testcase time="5.356" classname="net.bigpoint.assessment.gasstation.implementation.StationImplTest" name="testBuyGas">
    <failure message="expected [true] but found [false]" type="java.lang.AssertionError">java.lang.AssertionError: expected [true] but found [false]
	at org.testng.Assert.fail(Assert.java:94)
	at org.testng.Assert.failNotEquals(Assert.java:494)
	at org.testng.Assert.assertTrue(Assert.java:42)
	at org.testng.Assert.assertTrue(Assert.java:52)
	at net.bigpoint.assessment.gasstation.implementation.StationImplTest.testBuyGas(StationImplTest.java:126)
</failure>
    <system-err>Jul 06, 2014 12:56:51 PM net.bigpoint.assessment.gasstation.implementation.StationImplTest testBuyGas
SEVERE: Not enough gas
Jul 06, 2014 12:56:51 PM net.bigpoint.assessment.gasstation.implementation.StationImplTest testBuyGas
SEVERE: Not enough gas
Jul 06, 2014 12:56:51 PM net.bigpoint.assessment.gasstation.implementation.StationImplTest testBuyGas
SEVERE: Not enough gas
</system-err>
  </testcase>
  <testcase time="5.357" classname="net.bigpoint.assessment.gasstation.implementation.StationImplTest" name="testBuyGas">
    <failure message="expected [true] but found [false]" type="java.lang.AssertionError">java.lang.AssertionError: expected [true] but found [false]
	at org.testng.Assert.fail(Assert.java:94)
	at org.testng.Assert.failNotEquals(Assert.java:494)
	at org.testng.Assert.assertTrue(Assert.java:42)
	at org.testng.Assert.assertTrue(Assert.java:52)
	at net.bigpoint.assessment.gasstation.implementation.StationImplTest.testBuyGas(StationImplTest.java:126)
</failure>
  </testcase>
  <testcase time="5.357" classname="net.bigpoint.assessment.gasstation.implementation.StationImplTest" name="testBuyGas">
    <failure message="expected [true] but found [false]" type="java.lang.AssertionError">java.lang.AssertionError: expected [true] but found [false]
	at org.testng.Assert.fail(Assert.java:94)
	at org.testng.Assert.failNotEquals(Assert.java:494)
	at org.testng.Assert.assertTrue(Assert.java:42)
	at org.testng.Assert.assertTrue(Assert.java:52)
	at net.bigpoint.assessment.gasstation.implementation.StationImplTest.testBuyGas(StationImplTest.java:126)
</failure>
    <system-err>Jul 06, 2014 12:56:51 PM net.bigpoint.assessment.gasstation.implementation.StationImplTest testBuyGas
SEVERE: Not enough gas
</system-err>
  </testcase>
  <testcase time="5.357" classname="net.bigpoint.assessment.gasstation.implementation.StationImplTest" name="testBuyGas">
    <failure message="expected [true] but found [false]" type="java.lang.AssertionError">java.lang.AssertionError: expected [true] but found [false]
	at org.testng.Assert.fail(Assert.java:94)
	at org.testng.Assert.failNotEquals(Assert.java:494)
	at org.testng.Assert.assertTrue(Assert.java:42)
	at org.testng.Assert.assertTrue(Assert.java:52)
	at net.bigpoint.assessment.gasstation.implementation.StationImplTest.testBuyGas(StationImplTest.java:126)
</failure>
  </testcase>
  <testcase time="5.359" classname="net.bigpoint.assessment.gasstation.implementation.StationImplTest" name="testBuyGas">
    <failure message="expected [true] but found [false]" type="java.lang.AssertionError">java.lang.AssertionError: expected [true] but found [false]
	at org.testng.Assert.fail(Assert.java:94)
	at org.testng.Assert.failNotEquals(Assert.java:494)
	at org.testng.Assert.assertTrue(Assert.java:42)
	at org.testng.Assert.assertTrue(Assert.java:52)
	at net.bigpoint.assessment.gasstation.implementation.StationImplTest.testBuyGas(StationImplTest.java:126)
</failure>
    <system-err>Jul 06, 2014 12:56:51 PM net.bigpoint.assessment.gasstation.implementation.StationImplTest testBuyGas
SEVERE: Not enough gas
Jul 06, 2014 12:56:51 PM net.bigpoint.assessment.gasstation.implementation.StationImplTest testBuyGas
SEVERE: Not enough gas
</system-err>
  </testcase>
  <testcase time="5.359" classname="net.bigpoint.assessment.gasstation.implementation.StationImplTest" name="testBuyGas">
    <failure message="expected [true] but found [false]" type="java.lang.AssertionError">java.lang.AssertionError: expected [true] but found [false]
	at org.testng.Assert.fail(Assert.java:94)
	at org.testng.Assert.failNotEquals(Assert.java:494)
	at org.testng.Assert.assertTrue(Assert.java:42)
	at org.testng.Assert.assertTrue(Assert.java:52)
	at net.bigpoint.assessment.gasstation.implementation.StationImplTest.testBuyGas(StationImplTest.java:126)
</failure>
  </testcase>
  <testcase time="5.36" classname="net.bigpoint.assessment.gasstation.implementation.StationImplTest" name="testBuyGas">
    <failure message="expected [true] but found [false]" type="java.lang.AssertionError">java.lang.AssertionError: expected [true] but found [false]
	at org.testng.Assert.fail(Assert.java:94)
	at org.testng.Assert.failNotEquals(Assert.java:494)
	at org.testng.Assert.assertTrue(Assert.java:42)
	at org.testng.Assert.assertTrue(Assert.java:52)
	at net.bigpoint.assessment.gasstation.implementation.StationImplTest.testBuyGas(StationImplTest.java:126)
</failure>
    <system-err>Jul 06, 2014 12:56:51 PM net.bigpoint.assessment.gasstation.implementation.StationImplTest testBuyGas
SEVERE: Not enough gas
</system-err>
  </testcase>
  <testcase time="5.361" classname="net.bigpoint.assessment.gasstation.implementation.StationImplTest" name="testBuyGas">
    <failure message="expected [true] but found [false]" type="java.lang.AssertionError">java.lang.AssertionError: expected [true] but found [false]
	at org.testng.Assert.fail(Assert.java:94)
	at org.testng.Assert.failNotEquals(Assert.java:494)
	at org.testng.Assert.assertTrue(Assert.java:42)
	at org.testng.Assert.assertTrue(Assert.java:52)
	at net.bigpoint.assessment.gasstation.implementation.StationImplTest.testBuyGas(StationImplTest.java:126)
</failure>
    <system-err>Jul 06, 2014 12:56:51 PM net.bigpoint.assessment.gasstation.implementation.StationImplTest testBuyGas
SEVERE: Not enough gas
</system-err>
  </testcase>
  <testcase time="5.363" classname="net.bigpoint.assessment.gasstation.implementation.StationImplTest" name="testBuyGas">
    <failure message="expected [true] but found [false]" type="java.lang.AssertionError">java.lang.AssertionError: expected [true] but found [false]
	at org.testng.Assert.fail(Assert.java:94)
	at org.testng.Assert.failNotEquals(Assert.java:494)
	at org.testng.Assert.assertTrue(Assert.java:42)
	at org.testng.Assert.assertTrue(Assert.java:52)
	at net.bigpoint.assessment.gasstation.implementation.StationImplTest.testBuyGas(StationImplTest.java:126)
</failure>
    <system-err>Jul 06, 2014 12:56:51 PM net.bigpoint.assessment.gasstation.implementation.StationImplTest testBuyGas
SEVERE: Not enough gas
Jul 06, 2014 12:56:51 PM net.bigpoint.assessment.gasstation.implementation.StationImplTest testBuyGas
SEVERE: Not enough gas
</system-err>
  </testcase>
  <testcase time="5.363" classname="net.bigpoint.assessment.gasstation.implementation.StationImplTest" name="testBuyGas">
    <failure message="expected [true] but found [false]" type="java.lang.AssertionError">java.lang.AssertionError: expected [true] but found [false]
	at org.testng.Assert.fail(Assert.java:94)
	at org.testng.Assert.failNotEquals(Assert.java:494)
	at org.testng.Assert.assertTrue(Assert.java:42)
	at org.testng.Assert.assertTrue(Assert.java:52)
	at net.bigpoint.assessment.gasstation.implementation.StationImplTest.testBuyGas(StationImplTest.java:126)
</failure>
  </testcase>
  <testcase time="5.364" classname="net.bigpoint.assessment.gasstation.implementation.StationImplTest" name="testBuyGas">
    <failure message="expected [true] but found [false]" type="java.lang.AssertionError">java.lang.AssertionError: expected [true] but found [false]
	at org.testng.Assert.fail(Assert.java:94)
	at org.testng.Assert.failNotEquals(Assert.java:494)
	at org.testng.Assert.assertTrue(Assert.java:42)
	at org.testng.Assert.assertTrue(Assert.java:52)
	at net.bigpoint.assessment.gasstation.implementation.StationImplTest.testBuyGas(StationImplTest.java:126)
</failure>
    <system-err>Jul 06, 2014 12:56:51 PM net.bigpoint.assessment.gasstation.implementation.StationImplTest testBuyGas
SEVERE: Not enough gas
</system-err>
  </testcase>
  <testcase time="5.366" classname="net.bigpoint.assessment.gasstation.implementation.StationImplTest" name="testBuyGas">
    <failure message="expected [true] but found [false]" type="java.lang.AssertionError">java.lang.AssertionError: expected [true] but found [false]
	at org.testng.Assert.fail(Assert.java:94)
	at org.testng.Assert.failNotEquals(Assert.java:494)
	at org.testng.Assert.assertTrue(Assert.java:42)
	at org.testng.Assert.assertTrue(Assert.java:52)
	at net.bigpoint.assessment.gasstation.implementation.StationImplTest.testBuyGas(StationImplTest.java:126)
</failure>
    <system-err>Jul 06, 2014 12:56:51 PM net.bigpoint.assessment.gasstation.implementation.StationImplTest testBuyGas
SEVERE: Not enough gas
</system-err>
  </testcase>
  <testcase time="5.367" classname="net.bigpoint.assessment.gasstation.implementation.StationImplTest" name="testBuyGas">
    <failure message="expected [true] but found [false]" type="java.lang.AssertionError">java.lang.AssertionError: expected [true] but found [false]
	at org.testng.Assert.fail(Assert.java:94)
	at org.testng.Assert.failNotEquals(Assert.java:494)
	at org.testng.Assert.assertTrue(Assert.java:42)
	at org.testng.Assert.assertTrue(Assert.java:52)
	at net.bigpoint.assessment.gasstation.implementation.StationImplTest.testBuyGas(StationImplTest.java:126)
</failure>
    <system-err>Jul 06, 2014 12:56:51 PM net.bigpoint.assessment.gasstation.implementation.StationImplTest testBuyGas
SEVERE: Not enough gas
</system-err>
  </testcase>
  <testcase time="5.369" classname="net.bigpoint.assessment.gasstation.implementation.StationImplTest" name="testBuyGas">
    <failure message="expected [true] but found [false]" type="java.lang.AssertionError">java.lang.AssertionError: expected [true] but found [false]
	at org.testng.Assert.fail(Assert.java:94)
	at org.testng.Assert.failNotEquals(Assert.java:494)
	at org.testng.Assert.assertTrue(Assert.java:42)
	at org.testng.Assert.assertTrue(Assert.java:52)
	at net.bigpoint.assessment.gasstation.implementation.StationImplTest.testBuyGas(StationImplTest.java:126)
</failure>
    <system-err>Jul 06, 2014 12:56:51 PM net.bigpoint.assessment.gasstation.implementation.StationImplTest testBuyGas
SEVERE: Not enough gas
Jul 06, 2014 12:56:51 PM net.bigpoint.assessment.gasstation.implementation.StationImplTest testBuyGas
SEVERE: Not enough gas
</system-err>
  </testcase>
  <testcase time="5.369" classname="net.bigpoint.assessment.gasstation.implementation.StationImplTest" name="testBuyGas">
    <failure message="expected [true] but found [false]" type="java.lang.AssertionError">java.lang.AssertionError: expected [true] but found [false]
	at org.testng.Assert.fail(Assert.java:94)
	at org.testng.Assert.failNotEquals(Assert.java:494)
	at org.testng.Assert.assertTrue(Assert.java:42)
	at org.testng.Assert.assertTrue(Assert.java:52)
	at net.bigpoint.assessment.gasstation.implementation.StationImplTest.testBuyGas(StationImplTest.java:126)
</failure>
  </testcase>
  <testcase time="5.371" classname="net.bigpoint.assessment.gasstation.implementation.StationImplTest" name="testBuyGas">
    <failure message="expected [true] but found [false]" type="java.lang.AssertionError">java.lang.AssertionError: expected [true] but found [false]
	at org.testng.Assert.fail(Assert.java:94)
	at org.testng.Assert.failNotEquals(Assert.java:494)
	at org.testng.Assert.assertTrue(Assert.java:42)
	at org.testng.Assert.assertTrue(Assert.java:52)
	at net.bigpoint.assessment.gasstation.implementation.StationImplTest.testBuyGas(StationImplTest.java:126)
</failure>
    <system-err>Jul 06, 2014 12:56:51 PM net.bigpoint.assessment.gasstation.implementation.StationImplTest testBuyGas
SEVERE: Not enough gas
</system-err>
  </testcase>
  <testcase time="5.371" classname="net.bigpoint.assessment.gasstation.implementation.StationImplTest" name="testBuyGas">
    <failure message="expected [true] but found [false]" type="java.lang.AssertionError">java.lang.AssertionError: expected [true] but found [false]
	at org.testng.Assert.fail(Assert.java:94)
	at org.testng.Assert.failNotEquals(Assert.java:494)
	at org.testng.Assert.assertTrue(Assert.java:42)
	at org.testng.Assert.assertTrue(Assert.java:52)
	at net.bigpoint.assessment.gasstation.implementation.StationImplTest.testBuyGas(StationImplTest.java:126)
</failure>
    <system-err>Jul 06, 2014 12:56:51 PM net.bigpoint.assessment.gasstation.implementation.StationImplTest testBuyGas
SEVERE: Not enough gas
Jul 06, 2014 12:56:51 PM net.bigpoint.assessment.gasstation.implementation.StationImplTest testBuyGas
SEVERE: Not enough gas
</system-err>
  </testcase>
  <testcase time="5.371" classname="net.bigpoint.assessment.gasstation.implementation.StationImplTest" name="testBuyGas">
    <failure message="expected [true] but found [false]" type="java.lang.AssertionError">java.lang.AssertionError: expected [true] but found [false]
	at org.testng.Assert.fail(Assert.java:94)
	at org.testng.Assert.failNotEquals(Assert.java:494)
	at org.testng.Assert.assertTrue(Assert.java:42)
	at org.testng.Assert.assertTrue(Assert.java:52)
	at net.bigpoint.assessment.gasstation.implementation.StationImplTest.testBuyGas(StationImplTest.java:126)
</failure>
  </testcase>
  <testcase time="5.374" classname="net.bigpoint.assessment.gasstation.implementation.StationImplTest" name="testBuyGas">
    <failure message="expected [true] but found [false]" type="java.lang.AssertionError">java.lang.AssertionError: expected [true] but found [false]
	at org.testng.Assert.fail(Assert.java:94)
	at org.testng.Assert.failNotEquals(Assert.java:494)
	at org.testng.Assert.assertTrue(Assert.java:42)
	at org.testng.Assert.assertTrue(Assert.java:52)
	at net.bigpoint.assessment.gasstation.implementation.StationImplTest.testBuyGas(StationImplTest.java:126)
</failure>
    <system-err>Jul 06, 2014 12:56:51 PM net.bigpoint.assessment.gasstation.implementation.StationImplTest testBuyGas
SEVERE: Not enough gas
</system-err>
  </testcase>
  <testcase time="5.375" classname="net.bigpoint.assessment.gasstation.implementation.StationImplTest" name="testBuyGas">
    <failure message="expected [true] but found [false]" type="java.lang.AssertionError">java.lang.AssertionError: expected [true] but found [false]
	at org.testng.Assert.fail(Assert.java:94)
	at org.testng.Assert.failNotEquals(Assert.java:494)
	at org.testng.Assert.assertTrue(Assert.java:42)
	at org.testng.Assert.assertTrue(Assert.java:52)
	at net.bigpoint.assessment.gasstation.implementation.StationImplTest.testBuyGas(StationImplTest.java:126)
</failure>
    <system-err>Jul 06, 2014 12:56:51 PM net.bigpoint.assessment.gasstation.implementation.StationImplTest testBuyGas
SEVERE: Not enough gas
</system-err>
  </testcase>
  <testcase time="5.379" classname="net.bigpoint.assessment.gasstation.implementation.StationImplTest" name="testBuyGas">
    <failure message="expected [true] but found [false]" type="java.lang.AssertionError">java.lang.AssertionError: expected [true] but found [false]
	at org.testng.Assert.fail(Assert.java:94)
	at org.testng.Assert.failNotEquals(Assert.java:494)
	at org.testng.Assert.assertTrue(Assert.java:42)
	at org.testng.Assert.assertTrue(Assert.java:52)
	at net.bigpoint.assessment.gasstation.implementation.StationImplTest.testBuyGas(StationImplTest.java:126)
</failure>
    <system-err>Jul 06, 2014 12:56:51 PM net.bigpoint.assessment.gasstation.implementation.StationImplTest testBuyGas
SEVERE: Not enough gas
</system-err>
  </testcase>
  <testcase time="5.38" classname="net.bigpoint.assessment.gasstation.implementation.StationImplTest" name="testBuyGas">
    <failure message="expected [true] but found [false]" type="java.lang.AssertionError">java.lang.AssertionError: expected [true] but found [false]
	at org.testng.Assert.fail(Assert.java:94)
	at org.testng.Assert.failNotEquals(Assert.java:494)
	at org.testng.Assert.assertTrue(Assert.java:42)
	at org.testng.Assert.assertTrue(Assert.java:52)
	at net.bigpoint.assessment.gasstation.implementation.StationImplTest.testBuyGas(StationImplTest.java:126)
</failure>
    <system-err>Jul 06, 2014 12:56:51 PM net.bigpoint.assessment.gasstation.implementation.StationImplTest testBuyGas
SEVERE: Not enough gas
</system-err>
  </testcase>
  <testcase time="5.384" classname="net.bigpoint.assessment.gasstation.implementation.StationImplTest" name="testBuyGas">
    <failure message="expected [true] but found [false]" type="java.lang.AssertionError">java.lang.AssertionError: expected [true] but found [false]
	at org.testng.Assert.fail(Assert.java:94)
	at org.testng.Assert.failNotEquals(Assert.java:494)
	at org.testng.Assert.assertTrue(Assert.java:42)
	at org.testng.Assert.assertTrue(Assert.java:52)
	at net.bigpoint.assessment.gasstation.implementation.StationImplTest.testBuyGas(StationImplTest.java:126)
</failure>
    <system-err>Jul 06, 2014 12:56:51 PM net.bigpoint.assessment.gasstation.implementation.StationImplTest testBuyGas
SEVERE: Not enough gas
Jul 06, 2014 12:56:51 PM net.bigpoint.assessment.gasstation.implementation.StationImplTest testBuyGas
SEVERE: Not enough gas
</system-err>
  </testcase>
  <testcase time="5.385" classname="net.bigpoint.assessment.gasstation.implementation.StationImplTest" name="testBuyGas">
    <failure message="expected [true] but found [false]" type="java.lang.AssertionError">java.lang.AssertionError: expected [true] but found [false]
	at org.testng.Assert.fail(Assert.java:94)
	at org.testng.Assert.failNotEquals(Assert.java:494)
	at org.testng.Assert.assertTrue(Assert.java:42)
	at org.testng.Assert.assertTrue(Assert.java:52)
	at net.bigpoint.assessment.gasstation.implementation.StationImplTest.testBuyGas(StationImplTest.java:126)
</failure>
  </testcase>
  <testcase time="5.385" classname="net.bigpoint.assessment.gasstation.implementation.StationImplTest" name="testBuyGas">
    <failure message="expected [true] but found [false]" type="java.lang.AssertionError">java.lang.AssertionError: expected [true] but found [false]
	at org.testng.Assert.fail(Assert.java:94)
	at org.testng.Assert.failNotEquals(Assert.java:494)
	at org.testng.Assert.assertTrue(Assert.java:42)
	at org.testng.Assert.assertTrue(Assert.java:52)
	at net.bigpoint.assessment.gasstation.implementation.StationImplTest.testBuyGas(StationImplTest.java:126)
</failure>
    <system-err>Jul 06, 2014 12:56:51 PM net.bigpoint.assessment.gasstation.implementation.StationImplTest testBuyGas
SEVERE: Not enough gas
Jul 06, 2014 12:56:51 PM net.bigpoint.assessment.gasstation.implementation.StationImplTest testBuyGas
SEVERE: Not enough gas
</system-err>
  </testcase>
  <testcase time="5.385" classname="net.bigpoint.assessment.gasstation.implementation.StationImplTest" name="testBuyGas">
    <failure message="expected [true] but found [false]" type="java.lang.AssertionError">java.lang.AssertionError: expected [true] but found [false]
	at org.testng.Assert.fail(Assert.java:94)
	at org.testng.Assert.failNotEquals(Assert.java:494)
	at org.testng.Assert.assertTrue(Assert.java:42)
	at org.testng.Assert.assertTrue(Assert.java:52)
	at net.bigpoint.assessment.gasstation.implementation.StationImplTest.testBuyGas(StationImplTest.java:126)
</failure>
  </testcase>
  <testcase time="5.388" classname="net.bigpoint.assessment.gasstation.implementation.StationImplTest" name="testBuyGas">
    <failure message="expected [true] but found [false]" type="java.lang.AssertionError">java.lang.AssertionError: expected [true] but found [false]
	at org.testng.Assert.fail(Assert.java:94)
	at org.testng.Assert.failNotEquals(Assert.java:494)
	at org.testng.Assert.assertTrue(Assert.java:42)
	at org.testng.Assert.assertTrue(Assert.java:52)
	at net.bigpoint.assessment.gasstation.implementation.StationImplTest.testBuyGas(StationImplTest.java:126)
</failure>
    <system-err>Jul 06, 2014 12:56:51 PM net.bigpoint.assessment.gasstation.implementation.StationImplTest testBuyGas
SEVERE: Not enough gas
</system-err>
  </testcase>
  <testcase time="5.389" classname="net.bigpoint.assessment.gasstation.implementation.StationImplTest" name="testBuyGas">
    <failure message="expected [true] but found [false]" type="java.lang.AssertionError">java.lang.AssertionError: expected [true] but found [false]
	at org.testng.Assert.fail(Assert.java:94)
	at org.testng.Assert.failNotEquals(Assert.java:494)
	at org.testng.Assert.assertTrue(Assert.java:42)
	at org.testng.Assert.assertTrue(Assert.java:52)
	at net.bigpoint.assessment.gasstation.implementation.StationImplTest.testBuyGas(StationImplTest.java:126)
</failure>
    <system-err>Jul 06, 2014 12:56:51 PM net.bigpoint.assessment.gasstation.implementation.StationImplTest testBuyGas
SEVERE: Not enough gas
</system-err>
  </testcase>
  <testcase time="5.389" classname="net.bigpoint.assessment.gasstation.implementation.StationImplTest" name="testBuyGas">
    <failure message="expected [true] but found [false]" type="java.lang.AssertionError">java.lang.AssertionError: expected [true] but found [false]
	at org.testng.Assert.fail(Assert.java:94)
	at org.testng.Assert.failNotEquals(Assert.java:494)
	at org.testng.Assert.assertTrue(Assert.java:42)
	at org.testng.Assert.assertTrue(Assert.java:52)
	at net.bigpoint.assessment.gasstation.implementation.StationImplTest.testBuyGas(StationImplTest.java:126)
</failure>
    <system-err>Jul 06, 2014 12:56:51 PM net.bigpoint.assessment.gasstation.implementation.StationImplTest testBuyGas
SEVERE: Not enough gas
</system-err>
  </testcase>
  <testcase time="5.389" classname="net.bigpoint.assessment.gasstation.implementation.StationImplTest" name="testBuyGas">
    <failure message="expected [true] but found [false]" type="java.lang.AssertionError">java.lang.AssertionError: expected [true] but found [false]
	at org.testng.Assert.fail(Assert.java:94)
	at org.testng.Assert.failNotEquals(Assert.java:494)
	at org.testng.Assert.assertTrue(Assert.java:42)
	at org.testng.Assert.assertTrue(Assert.java:52)
	at net.bigpoint.assessment.gasstation.implementation.StationImplTest.testBuyGas(StationImplTest.java:126)
</failure>
    <system-err>Jul 06, 2014 12:56:51 PM net.bigpoint.assessment.gasstation.implementation.StationImplTest testBuyGas
SEVERE: Not enough gas
</system-err>
  </testcase>
  <testcase time="5.391" classname="net.bigpoint.assessment.gasstation.implementation.StationImplTest" name="testBuyGas">
    <failure message="expected [true] but found [false]" type="java.lang.AssertionError">java.lang.AssertionError: expected [true] but found [false]
	at org.testng.Assert.fail(Assert.java:94)
	at org.testng.Assert.failNotEquals(Assert.java:494)
	at org.testng.Assert.assertTrue(Assert.java:42)
	at org.testng.Assert.assertTrue(Assert.java:52)
	at net.bigpoint.assessment.gasstation.implementation.StationImplTest.testBuyGas(StationImplTest.java:126)
</failure>
    <system-err>Jul 06, 2014 12:56:51 PM net.bigpoint.assessment.gasstation.implementation.StationImplTest testBuyGas
SEVERE: Not enough gas
</system-err>
  </testcase>
  <testcase time="5.392" classname="net.bigpoint.assessment.gasstation.implementation.StationImplTest" name="testBuyGas">
    <failure message="expected [true] but found [false]" type="java.lang.AssertionError">java.lang.AssertionError: expected [true] but found [false]
	at org.testng.Assert.fail(Assert.java:94)
	at org.testng.Assert.failNotEquals(Assert.java:494)
	at org.testng.Assert.assertTrue(Assert.java:42)
	at org.testng.Assert.assertTrue(Assert.java:52)
	at net.bigpoint.assessment.gasstation.implementation.StationImplTest.testBuyGas(StationImplTest.java:126)
</failure>
    <system-err>Jul 06, 2014 12:56:51 PM net.bigpoint.assessment.gasstation.implementation.StationImplTest testBuyGas
SEVERE: Not enough gas
</system-err>
  </testcase>
  <testcase time="5.393" classname="net.bigpoint.assessment.gasstation.implementation.StationImplTest" name="testBuyGas">
    <failure message="expected [true] but found [false]" type="java.lang.AssertionError">java.lang.AssertionError: expected [true] but found [false]
	at org.testng.Assert.fail(Assert.java:94)
	at org.testng.Assert.failNotEquals(Assert.java:494)
	at org.testng.Assert.assertTrue(Assert.java:42)
	at org.testng.Assert.assertTrue(Assert.java:52)
	at net.bigpoint.assessment.gasstation.implementation.StationImplTest.testBuyGas(StationImplTest.java:126)
</failure>
    <system-err>Jul 06, 2014 12:56:51 PM net.bigpoint.assessment.gasstation.implementation.StationImplTest testBuyGas
SEVERE: Not enough gas
Jul 06, 2014 12:56:51 PM net.bigpoint.assessment.gasstation.implementation.StationImplTest testBuyGas
SEVERE: Not enough gas
</system-err>
  </testcase>
  <testcase time="5.393" classname="net.bigpoint.assessment.gasstation.implementation.StationImplTest" name="testBuyGas">
    <failure message="expected [true] but found [false]" type="java.lang.AssertionError">java.lang.AssertionError: expected [true] but found [false]
	at org.testng.Assert.fail(Assert.java:94)
	at org.testng.Assert.failNotEquals(Assert.java:494)
	at org.testng.Assert.assertTrue(Assert.java:42)
	at org.testng.Assert.assertTrue(Assert.java:52)
	at net.bigpoint.assessment.gasstation.implementation.StationImplTest.testBuyGas(StationImplTest.java:126)
</failure>
  </testcase>
  <testcase time="5.394" classname="net.bigpoint.assessment.gasstation.implementation.StationImplTest" name="testBuyGas">
    <failure message="expected [true] but found [false]" type="java.lang.AssertionError">java.lang.AssertionError: expected [true] but found [false]
	at org.testng.Assert.fail(Assert.java:94)
	at org.testng.Assert.failNotEquals(Assert.java:494)
	at org.testng.Assert.assertTrue(Assert.java:42)
	at org.testng.Assert.assertTrue(Assert.java:52)
	at net.bigpoint.assessment.gasstation.implementation.StationImplTest.testBuyGas(StationImplTest.java:126)
</failure>
    <system-err>Jul 06, 2014 12:56:51 PM net.bigpoint.assessment.gasstation.implementation.StationImplTest testBuyGas
SEVERE: Not enough gas
Jul 06, 2014 12:56:51 PM net.bigpoint.assessment.gasstation.implementation.StationImplTest testBuyGas
SEVERE: Not enough gas
</system-err>
  </testcase>
  <testcase time="5.395" classname="net.bigpoint.assessment.gasstation.implementation.StationImplTest" name="testBuyGas">
    <failure message="expected [true] but found [false]" type="java.lang.AssertionError">java.lang.AssertionError: expected [true] but found [false]
	at org.testng.Assert.fail(Assert.java:94)
	at org.testng.Assert.failNotEquals(Assert.java:494)
	at org.testng.Assert.assertTrue(Assert.java:42)
	at org.testng.Assert.assertTrue(Assert.java:52)
	at net.bigpoint.assessment.gasstation.implementation.StationImplTest.testBuyGas(StationImplTest.java:126)
</failure>
  </testcase>
  <testcase time="5.397" classname="net.bigpoint.assessment.gasstation.implementation.StationImplTest" name="testBuyGas">
    <failure message="expected [true] but found [false]" type="java.lang.AssertionError">java.lang.AssertionError: expected [true] but found [false]
	at org.testng.Assert.fail(Assert.java:94)
	at org.testng.Assert.failNotEquals(Assert.java:494)
	at org.testng.Assert.assertTrue(Assert.java:42)
	at org.testng.Assert.assertTrue(Assert.java:52)
	at net.bigpoint.assessment.gasstation.implementation.StationImplTest.testBuyGas(StationImplTest.java:126)
</failure>
    <system-err>Jul 06, 2014 12:56:51 PM net.bigpoint.assessment.gasstation.implementation.StationImplTest testBuyGas
SEVERE: Not enough gas
</system-err>
  </testcase>
  <testcase time="5.398" classname="net.bigpoint.assessment.gasstation.implementation.StationImplTest" name="testBuyGas">
    <failure message="expected [true] but found [false]" type="java.lang.AssertionError">java.lang.AssertionError: expected [true] but found [false]
	at org.testng.Assert.fail(Assert.java:94)
	at org.testng.Assert.failNotEquals(Assert.java:494)
	at org.testng.Assert.assertTrue(Assert.java:42)
	at org.testng.Assert.assertTrue(Assert.java:52)
	at net.bigpoint.assessment.gasstation.implementation.StationImplTest.testBuyGas(StationImplTest.java:126)
</failure>
    <system-err>Jul 06, 2014 12:56:51 PM net.bigpoint.assessment.gasstation.implementation.StationImplTest testBuyGas
SEVERE: Not enough gas
Jul 06, 2014 12:56:51 PM net.bigpoint.assessment.gasstation.implementation.StationImplTest testBuyGas
SEVERE: Not enough gas
</system-err>
  </testcase>
  <testcase time="5.398" classname="net.bigpoint.assessment.gasstation.implementation.StationImplTest" name="testBuyGas">
    <failure message="expected [true] but found [false]" type="java.lang.AssertionError">java.lang.AssertionError: expected [true] but found [false]
	at org.testng.Assert.fail(Assert.java:94)
	at org.testng.Assert.failNotEquals(Assert.java:494)
	at org.testng.Assert.assertTrue(Assert.java:42)
	at org.testng.Assert.assertTrue(Assert.java:52)
	at net.bigpoint.assessment.gasstation.implementation.StationImplTest.testBuyGas(StationImplTest.java:126)
</failure>
  </testcase>
  <testcase time="5.399" classname="net.bigpoint.assessment.gasstation.implementation.StationImplTest" name="testBuyGas">
    <failure message="expected [true] but found [false]" type="java.lang.AssertionError">java.lang.AssertionError: expected [true] but found [false]
	at org.testng.Assert.fail(Assert.java:94)
	at org.testng.Assert.failNotEquals(Assert.java:494)
	at org.testng.Assert.assertTrue(Assert.java:42)
	at org.testng.Assert.assertTrue(Assert.java:52)
	at net.bigpoint.assessment.gasstation.implementation.StationImplTest.testBuyGas(StationImplTest.java:126)
</failure>
    <system-err>Jul 06, 2014 12:56:51 PM net.bigpoint.assessment.gasstation.implementation.StationImplTest testBuyGas
SEVERE: Not enough gas
Jul 06, 2014 12:56:51 PM net.bigpoint.assessment.gasstation.implementation.StationImplTest testBuyGas
SEVERE: Not enough gas
</system-err>
  </testcase>
  <testcase time="5.399" classname="net.bigpoint.assessment.gasstation.implementation.StationImplTest" name="testBuyGas">
    <failure message="expected [true] but found [false]" type="java.lang.AssertionError">java.lang.AssertionError: expected [true] but found [false]
	at org.testng.Assert.fail(Assert.java:94)
	at org.testng.Assert.failNotEquals(Assert.java:494)
	at org.testng.Assert.assertTrue(Assert.java:42)
	at org.testng.Assert.assertTrue(Assert.java:52)
	at net.bigpoint.assessment.gasstation.implementation.StationImplTest.testBuyGas(StationImplTest.java:126)
</failure>
  </testcase>
  <testcase time="5.4" classname="net.bigpoint.assessment.gasstation.implementation.StationImplTest" name="testBuyGas">
    <failure message="expected [true] but found [false]" type="java.lang.AssertionError">java.lang.AssertionError: expected [true] but found [false]
	at org.testng.Assert.fail(Assert.java:94)
	at org.testng.Assert.failNotEquals(Assert.java:494)
	at org.testng.Assert.assertTrue(Assert.java:42)
	at org.testng.Assert.assertTrue(Assert.java:52)
	at net.bigpoint.assessment.gasstation.implementation.StationImplTest.testBuyGas(StationImplTest.java:126)
</failure>
    <system-err>Jul 06, 2014 12:56:51 PM net.bigpoint.assessment.gasstation.implementation.StationImplTest testBuyGas
SEVERE: Not enough gas
Jul 06, 2014 12:56:51 PM net.bigpoint.assessment.gasstation.implementation.StationImplTest testBuyGas
SEVERE: Not enough gas
</system-err>
  </testcase>
  <testcase time="5.4" classname="net.bigpoint.assessment.gasstation.implementation.StationImplTest" name="testBuyGas">
    <failure message="expected [true] but found [false]" type="java.lang.AssertionError">java.lang.AssertionError: expected [true] but found [false]
	at org.testng.Assert.fail(Assert.java:94)
	at org.testng.Assert.failNotEquals(Assert.java:494)
	at org.testng.Assert.assertTrue(Assert.java:42)
	at org.testng.Assert.assertTrue(Assert.java:52)
	at net.bigpoint.assessment.gasstation.implementation.StationImplTest.testBuyGas(StationImplTest.java:126)
</failure>
    <system-err>Jul 06, 2014 12:56:51 PM net.bigpoint.assessment.gasstation.implementation.StationImplTest testBuyGas
SEVERE: Not enough gas
</system-err>
  </testcase>
  <testcase time="5.4" classname="net.bigpoint.assessment.gasstation.implementation.StationImplTest" name="testBuyGas">
    <failure message="expected [true] but found [false]" type="java.lang.AssertionError">java.lang.AssertionError: expected [true] but found [false]
	at org.testng.Assert.fail(Assert.java:94)
	at org.testng.Assert.failNotEquals(Assert.java:494)
	at org.testng.Assert.assertTrue(Assert.java:42)
	at org.testng.Assert.assertTrue(Assert.java:52)
	at net.bigpoint.assessment.gasstation.implementation.StationImplTest.testBuyGas(StationImplTest.java:126)
</failure>
  </testcase>
  <testcase time="5.4" classname="net.bigpoint.assessment.gasstation.implementation.StationImplTest" name="testBuyGas">
    <failure message="expected [true] but found [false]" type="java.lang.AssertionError">java.lang.AssertionError: expected [true] but found [false]
	at org.testng.Assert.fail(Assert.java:94)
	at org.testng.Assert.failNotEquals(Assert.java:494)
	at org.testng.Assert.assertTrue(Assert.java:42)
	at org.testng.Assert.assertTrue(Assert.java:52)
	at net.bigpoint.assessment.gasstation.implementation.StationImplTest.testBuyGas(StationImplTest.java:126)
</failure>
    <system-err>Jul 06, 2014 12:56:51 PM net.bigpoint.assessment.gasstation.implementation.StationImplTest testBuyGas
SEVERE: Not enough gas
</system-err>
  </testcase>
  <testcase time="5.401" classname="net.bigpoint.assessment.gasstation.implementation.StationImplTest" name="testBuyGas">
    <failure message="expected [true] but found [false]" type="java.lang.AssertionError">java.lang.AssertionError: expected [true] but found [false]
	at org.testng.Assert.fail(Assert.java:94)
	at org.testng.Assert.failNotEquals(Assert.java:494)
	at org.testng.Assert.assertTrue(Assert.java:42)
	at org.testng.Assert.assertTrue(Assert.java:52)
	at net.bigpoint.assessment.gasstation.implementation.StationImplTest.testBuyGas(StationImplTest.java:126)
</failure>
    <system-err>Jul 06, 2014 12:56:51 PM net.bigpoint.assessment.gasstation.implementation.StationImplTest testBuyGas
SEVERE: Not enough gas
</system-err>
  </testcase>
  <testcase time="5.401" classname="net.bigpoint.assessment.gasstation.implementation.StationImplTest" name="testBuyGas">
    <failure message="expected [true] but found [false]" type="java.lang.AssertionError">java.lang.AssertionError: expected [true] but found [false]
	at org.testng.Assert.fail(Assert.java:94)
	at org.testng.Assert.failNotEquals(Assert.java:494)
	at org.testng.Assert.assertTrue(Assert.java:42)
	at org.testng.Assert.assertTrue(Assert.java:52)
	at net.bigpoint.assessment.gasstation.implementation.StationImplTest.testBuyGas(StationImplTest.java:126)
</failure>
    <system-err>Jul 06, 2014 12:56:51 PM net.bigpoint.assessment.gasstation.implementation.StationImplTest testBuyGas
SEVERE: Not enough gas
</system-err>
  </testcase>
  <testcase time="5.403" classname="net.bigpoint.assessment.gasstation.implementation.StationImplTest" name="testBuyGas">
    <failure message="expected [true] but found [false]" type="java.lang.AssertionError">java.lang.AssertionError: expected [true] but found [false]
	at org.testng.Assert.fail(Assert.java:94)
	at org.testng.Assert.failNotEquals(Assert.java:494)
	at org.testng.Assert.assertTrue(Assert.java:42)
	at org.testng.Assert.assertTrue(Assert.java:52)
	at net.bigpoint.assessment.gasstation.implementation.StationImplTest.testBuyGas(StationImplTest.java:126)
</failure>
    <system-err>Jul 06, 2014 12:56:51 PM net.bigpoint.assessment.gasstation.implementation.StationImplTest testBuyGas
SEVERE: Not enough gas
Jul 06, 2014 12:56:51 PM net.bigpoint.assessment.gasstation.implementation.StationImplTest testBuyGas
SEVERE: Not enough gas
</system-err>
  </testcase>
  <testcase time="5.404" classname="net.bigpoint.assessment.gasstation.implementation.StationImplTest" name="testBuyGas">
    <failure message="expected [true] but found [false]" type="java.lang.AssertionError">java.lang.AssertionError: expected [true] but found [false]
	at org.testng.Assert.fail(Assert.java:94)
	at org.testng.Assert.failNotEquals(Assert.java:494)
	at org.testng.Assert.assertTrue(Assert.java:42)
	at org.testng.Assert.assertTrue(Assert.java:52)
	at net.bigpoint.assessment.gasstation.implementation.StationImplTest.testBuyGas(StationImplTest.java:126)
</failure>
    <system-err>Jul 06, 2014 12:56:51 PM net.bigpoint.assessment.gasstation.implementation.StationImplTest testBuyGas
SEVERE: Not enough gas
</system-err>
  </testcase>
  <testcase time="5.405" classname="net.bigpoint.assessment.gasstation.implementation.StationImplTest" name="testBuyGas">
    <failure message="expected [true] but found [false]" type="java.lang.AssertionError">java.lang.AssertionError: expected [true] but found [false]
	at org.testng.Assert.fail(Assert.java:94)
	at org.testng.Assert.failNotEquals(Assert.java:494)
	at org.testng.Assert.assertTrue(Assert.java:42)
	at org.testng.Assert.assertTrue(Assert.java:52)
	at net.bigpoint.assessment.gasstation.implementation.StationImplTest.testBuyGas(StationImplTest.java:126)
</failure>
  </testcase>
  <testcase time="5.406" classname="net.bigpoint.assessment.gasstation.implementation.StationImplTest" name="testBuyGas">
    <failure message="expected [true] but found [false]" type="java.lang.AssertionError">java.lang.AssertionError: expected [true] but found [false]
	at org.testng.Assert.fail(Assert.java:94)
	at org.testng.Assert.failNotEquals(Assert.java:494)
	at org.testng.Assert.assertTrue(Assert.java:42)
	at org.testng.Assert.assertTrue(Assert.java:52)
	at net.bigpoint.assessment.gasstation.implementation.StationImplTest.testBuyGas(StationImplTest.java:126)
</failure>
    <system-err>Jul 06, 2014 12:56:51 PM net.bigpoint.assessment.gasstation.implementation.StationImplTest testBuyGas
SEVERE: Not enough gas
Jul 06, 2014 12:56:51 PM net.bigpoint.assessment.gasstation.implementation.StationImplTest testBuyGas
SEVERE: Not enough gas
</system-err>
  </testcase>
  <testcase time="5.406" classname="net.bigpoint.assessment.gasstation.implementation.StationImplTest" name="testBuyGas">
    <failure message="expected [true] but found [false]" type="java.lang.AssertionError">java.lang.AssertionError: expected [true] but found [false]
	at org.testng.Assert.fail(Assert.java:94)
	at org.testng.Assert.failNotEquals(Assert.java:494)
	at org.testng.Assert.assertTrue(Assert.java:42)
	at org.testng.Assert.assertTrue(Assert.java:52)
	at net.bigpoint.assessment.gasstation.implementation.StationImplTest.testBuyGas(StationImplTest.java:126)
</failure>
  </testcase>
  <testcase time="5.407" classname="net.bigpoint.assessment.gasstation.implementation.StationImplTest" name="testBuyGas">
    <failure message="expected [true] but found [false]" type="java.lang.AssertionError">java.lang.AssertionError: expected [true] but found [false]
	at org.testng.Assert.fail(Assert.java:94)
	at org.testng.Assert.failNotEquals(Assert.java:494)
	at org.testng.Assert.assertTrue(Assert.java:42)
	at org.testng.Assert.assertTrue(Assert.java:52)
	at net.bigpoint.assessment.gasstation.implementation.StationImplTest.testBuyGas(StationImplTest.java:126)
</failure>
    <system-err>Jul 06, 2014 12:56:51 PM net.bigpoint.assessment.gasstation.implementation.StationImplTest testBuyGas
SEVERE: Not enough gas
Jul 06, 2014 12:56:51 PM net.bigpoint.assessment.gasstation.implementation.StationImplTest testBuyGas
SEVERE: Not enough gas
</system-err>
  </testcase>
  <testcase time="5.408" classname="net.bigpoint.assessment.gasstation.implementation.StationImplTest" name="testBuyGas">
    <failure message="expected [true] but found [false]" type="java.lang.AssertionError">java.lang.AssertionError: expected [true] but found [false]
	at org.testng.Assert.fail(Assert.java:94)
	at org.testng.Assert.failNotEquals(Assert.java:494)
	at org.testng.Assert.assertTrue(Assert.java:42)
	at org.testng.Assert.assertTrue(Assert.java:52)
	at net.bigpoint.assessment.gasstation.implementation.StationImplTest.testBuyGas(StationImplTest.java:126)
</failure>
  </testcase>
  <testcase time="5.409" classname="net.bigpoint.assessment.gasstation.implementation.StationImplTest" name="testBuyGas">
    <failure message="expected [true] but found [false]" type="java.lang.AssertionError">java.lang.AssertionError: expected [true] but found [false]
	at org.testng.Assert.fail(Assert.java:94)
	at org.testng.Assert.failNotEquals(Assert.java:494)
	at org.testng.Assert.assertTrue(Assert.java:42)
	at org.testng.Assert.assertTrue(Assert.java:52)
	at net.bigpoint.assessment.gasstation.implementation.StationImplTest.testBuyGas(StationImplTest.java:126)
</failure>
    <system-err>Jul 06, 2014 12:56:51 PM net.bigpoint.assessment.gasstation.implementation.StationImplTest testBuyGas
SEVERE: Not enough gas
Jul 06, 2014 12:56:51 PM net.bigpoint.assessment.gasstation.implementation.StationImplTest testBuyGas
SEVERE: Not enough gas
</system-err>
  </testcase>
  <testcase time="5.409" classname="net.bigpoint.assessment.gasstation.implementation.StationImplTest" name="testBuyGas">
    <failure message="expected [true] but found [false]" type="java.lang.AssertionError">java.lang.AssertionError: expected [true] but found [false]
	at org.testng.Assert.fail(Assert.java:94)
	at org.testng.Assert.failNotEquals(Assert.java:494)
	at org.testng.Assert.assertTrue(Assert.java:42)
	at org.testng.Assert.assertTrue(Assert.java:52)
	at net.bigpoint.assessment.gasstation.implementation.StationImplTest.testBuyGas(StationImplTest.java:126)
</failure>
  </testcase>
  <testcase time="5.41" classname="net.bigpoint.assessment.gasstation.implementation.StationImplTest" name="testBuyGas">
    <failure message="expected [true] but found [false]" type="java.lang.AssertionError">java.lang.AssertionError: expected [true] but found [false]
	at org.testng.Assert.fail(Assert.java:94)
	at org.testng.Assert.failNotEquals(Assert.java:494)
	at org.testng.Assert.assertTrue(Assert.java:42)
	at org.testng.Assert.assertTrue(Assert.java:52)
	at net.bigpoint.assessment.gasstation.implementation.StationImplTest.testBuyGas(StationImplTest.java:126)
</failure>
    <system-err>Jul 06, 2014 12:56:51 PM net.bigpoint.assessment.gasstation.implementation.StationImplTest testBuyGas
SEVERE: Not enough gas
Jul 06, 2014 12:56:51 PM net.bigpoint.assessment.gasstation.implementation.StationImplTest testBuyGas
SEVERE: Not enough gas
Jul 06, 2014 12:56:51 PM net.bigpoint.assessment.gasstation.implementation.StationImplTest testBuyGas
SEVERE: Not enough gas
</system-err>
  </testcase>
  <testcase time="5.41" classname="net.bigpoint.assessment.gasstation.implementation.StationImplTest" name="testBuyGas">
    <failure message="expected [true] but found [false]" type="java.lang.AssertionError">java.lang.AssertionError: expected [true] but found [false]
	at org.testng.Assert.fail(Assert.java:94)
	at org.testng.Assert.failNotEquals(Assert.java:494)
	at org.testng.Assert.assertTrue(Assert.java:42)
	at org.testng.Assert.assertTrue(Assert.java:52)
	at net.bigpoint.assessment.gasstation.implementation.StationImplTest.testBuyGas(StationImplTest.java:126)
</failure>
  </testcase>
  <testcase time="5.411" classname="net.bigpoint.assessment.gasstation.implementation.StationImplTest" name="testBuyGas">
    <failure message="expected [true] but found [false]" type="java.lang.AssertionError">java.lang.AssertionError: expected [true] but found [false]
	at org.testng.Assert.fail(Assert.java:94)
	at org.testng.Assert.failNotEquals(Assert.java:494)
	at org.testng.Assert.assertTrue(Assert.java:42)
	at org.testng.Assert.assertTrue(Assert.java:52)
	at net.bigpoint.assessment.gasstation.implementation.StationImplTest.testBuyGas(StationImplTest.java:126)
</failure>
  </testcase>
  <testcase time="5.411" classname="net.bigpoint.assessment.gasstation.implementation.StationImplTest" name="testBuyGas">
    <failure message="expected [true] but found [false]" type="java.lang.AssertionError">java.lang.AssertionError: expected [true] but found [false]
	at org.testng.Assert.fail(Assert.java:94)
	at org.testng.Assert.failNotEquals(Assert.java:494)
	at org.testng.Assert.assertTrue(Assert.java:42)
	at org.testng.Assert.assertTrue(Assert.java:52)
	at net.bigpoint.assessment.gasstation.implementation.StationImplTest.testBuyGas(StationImplTest.java:126)
</failure>
    <system-err>Jul 06, 2014 12:56:51 PM net.bigpoint.assessment.gasstation.implementation.StationImplTest testBuyGas
SEVERE: Not enough gas
</system-err>
  </testcase>
  <testcase time="5.413" classname="net.bigpoint.assessment.gasstation.implementation.StationImplTest" name="testBuyGas">
    <failure message="expected [true] but found [false]" type="java.lang.AssertionError">java.lang.AssertionError: expected [true] but found [false]
	at org.testng.Assert.fail(Assert.java:94)
	at org.testng.Assert.failNotEquals(Assert.java:494)
	at org.testng.Assert.assertTrue(Assert.java:42)
	at org.testng.Assert.assertTrue(Assert.java:52)
	at net.bigpoint.assessment.gasstation.implementation.StationImplTest.testBuyGas(StationImplTest.java:126)
</failure>
    <system-err>Jul 06, 2014 12:56:51 PM net.bigpoint.assessment.gasstation.implementation.StationImplTest testBuyGas
SEVERE: Not enough gas
Jul 06, 2014 12:56:51 PM net.bigpoint.assessment.gasstation.implementation.StationImplTest testBuyGas
SEVERE: Not enough gas
Jul 06, 2014 12:56:51 PM net.bigpoint.assessment.gasstation.implementation.StationImplTest testBuyGas
SEVERE: Not enough gas
</system-err>
  </testcase>
  <testcase time="5.413" classname="net.bigpoint.assessment.gasstation.implementation.StationImplTest" name="testBuyGas">
    <failure message="expected [true] but found [false]" type="java.lang.AssertionError">java.lang.AssertionError: expected [true] but found [false]
	at org.testng.Assert.fail(Assert.java:94)
	at org.testng.Assert.failNotEquals(Assert.java:494)
	at org.testng.Assert.assertTrue(Assert.java:42)
	at org.testng.Assert.assertTrue(Assert.java:52)
	at net.bigpoint.assessment.gasstation.implementation.StationImplTest.testBuyGas(StationImplTest.java:126)
</failure>
  </testcase>
  <testcase time="5.414" classname="net.bigpoint.assessment.gasstation.implementation.StationImplTest" name="testBuyGas">
    <failure message="expected [true] but found [false]" type="java.lang.AssertionError">java.lang.AssertionError: expected [true] but found [false]
	at org.testng.Assert.fail(Assert.java:94)
	at org.testng.Assert.failNotEquals(Assert.java:494)
	at org.testng.Assert.assertTrue(Assert.java:42)
	at org.testng.Assert.assertTrue(Assert.java:52)
	at net.bigpoint.assessment.gasstation.implementation.StationImplTest.testBuyGas(StationImplTest.java:126)
</failure>
    <system-err>Jul 06, 2014 12:56:51 PM net.bigpoint.assessment.gasstation.implementation.StationImplTest testBuyGas
SEVERE: Not enough gas
</system-err>
  </testcase>
  <testcase time="5.414" classname="net.bigpoint.assessment.gasstation.implementation.StationImplTest" name="testBuyGas">
    <failure message="expected [true] but found [false]" type="java.lang.AssertionError">java.lang.AssertionError: expected [true] but found [false]
	at org.testng.Assert.fail(Assert.java:94)
	at org.testng.Assert.failNotEquals(Assert.java:494)
	at org.testng.Assert.assertTrue(Assert.java:42)
	at org.testng.Assert.assertTrue(Assert.java:52)
	at net.bigpoint.assessment.gasstation.implementation.StationImplTest.testBuyGas(StationImplTest.java:126)
</failure>
  </testcase>
  <testcase time="5.415" classname="net.bigpoint.assessment.gasstation.implementation.StationImplTest" name="testBuyGas">
    <failure message="expected [true] but found [false]" type="java.lang.AssertionError">java.lang.AssertionError: expected [true] but found [false]
	at org.testng.Assert.fail(Assert.java:94)
	at org.testng.Assert.failNotEquals(Assert.java:494)
	at org.testng.Assert.assertTrue(Assert.java:42)
	at org.testng.Assert.assertTrue(Assert.java:52)
	at net.bigpoint.assessment.gasstation.implementation.StationImplTest.testBuyGas(StationImplTest.java:126)
</failure>
    <system-err>Jul 06, 2014 12:56:51 PM net.bigpoint.assessment.gasstation.implementation.StationImplTest testBuyGas
SEVERE: Not enough gas
Jul 06, 2014 12:56:51 PM net.bigpoint.assessment.gasstation.implementation.StationImplTest testBuyGas
SEVERE: Not enough gas
</system-err>
  </testcase>
  <testcase time="5.415" classname="net.bigpoint.assessment.gasstation.implementation.StationImplTest" name="testBuyGas">
    <failure message="expected [true] but found [false]" type="java.lang.AssertionError">java.lang.AssertionError: expected [true] but found [false]
	at org.testng.Assert.fail(Assert.java:94)
	at org.testng.Assert.failNotEquals(Assert.java:494)
	at org.testng.Assert.assertTrue(Assert.java:42)
	at org.testng.Assert.assertTrue(Assert.java:52)
	at net.bigpoint.assessment.gasstation.implementation.StationImplTest.testBuyGas(StationImplTest.java:126)
</failure>
  </testcase>
  <testcase time="5.416" classname="net.bigpoint.assessment.gasstation.implementation.StationImplTest" name="testBuyGas">
    <failure message="expected [true] but found [false]" type="java.lang.AssertionError">java.lang.AssertionError: expected [true] but found [false]
	at org.testng.Assert.fail(Assert.java:94)
	at org.testng.Assert.failNotEquals(Assert.java:494)
	at org.testng.Assert.assertTrue(Assert.java:42)
	at org.testng.Assert.assertTrue(Assert.java:52)
	at net.bigpoint.assessment.gasstation.implementation.StationImplTest.testBuyGas(StationImplTest.java:126)
</failure>
    <system-err>Jul 06, 2014 12:56:51 PM net.bigpoint.assessment.gasstation.implementation.StationImplTest testBuyGas
SEVERE: Not enough gas
</system-err>
  </testcase>
  <testcase time="5.416" classname="net.bigpoint.assessment.gasstation.implementation.StationImplTest" name="testBuyGas">
    <failure message="expected [true] but found [false]" type="java.lang.AssertionError">java.lang.AssertionError: expected [true] but found [false]
	at org.testng.Assert.fail(Assert.java:94)
	at org.testng.Assert.failNotEquals(Assert.java:494)
	at org.testng.Assert.assertTrue(Assert.java:42)
	at org.testng.Assert.assertTrue(Assert.java:52)
	at net.bigpoint.assessment.gasstation.implementation.StationImplTest.testBuyGas(StationImplTest.java:126)
</failure>
  </testcase>
  <testcase time="5.417" classname="net.bigpoint.assessment.gasstation.implementation.StationImplTest" name="testBuyGas">
    <failure message="expected [true] but found [false]" type="java.lang.AssertionError">java.lang.AssertionError: expected [true] but found [false]
	at org.testng.Assert.fail(Assert.java:94)
	at org.testng.Assert.failNotEquals(Assert.java:494)
	at org.testng.Assert.assertTrue(Assert.java:42)
	at org.testng.Assert.assertTrue(Assert.java:52)
	at net.bigpoint.assessment.gasstation.implementation.StationImplTest.testBuyGas(StationImplTest.java:126)
</failure>
    <system-err>Jul 06, 2014 12:56:51 PM net.bigpoint.assessment.gasstation.implementation.StationImplTest testBuyGas
SEVERE: Not enough gas
Jul 06, 2014 12:56:51 PM net.bigpoint.assessment.gasstation.implementation.StationImplTest testBuyGas
SEVERE: Not enough gas
</system-err>
  </testcase>
  <testcase time="5.419" classname="net.bigpoint.assessment.gasstation.implementation.StationImplTest" name="testBuyGas">
    <failure message="expected [true] but found [false]" type="java.lang.AssertionError">java.lang.AssertionError: expected [true] but found [false]
	at org.testng.Assert.fail(Assert.java:94)
	at org.testng.Assert.failNotEquals(Assert.java:494)
	at org.testng.Assert.assertTrue(Assert.java:42)
	at org.testng.Assert.assertTrue(Assert.java:52)
	at net.bigpoint.assessment.gasstation.implementation.StationImplTest.testBuyGas(StationImplTest.java:126)
</failure>
  </testcase>
  <testcase time="5.419" classname="net.bigpoint.assessment.gasstation.implementation.StationImplTest" name="testBuyGas">
    <failure message="expected [true] but found [false]" type="java.lang.AssertionError">java.lang.AssertionError: expected [true] but found [false]
	at org.testng.Assert.fail(Assert.java:94)
	at org.testng.Assert.failNotEquals(Assert.java:494)
	at org.testng.Assert.assertTrue(Assert.java:42)
	at org.testng.Assert.assertTrue(Assert.java:52)
	at net.bigpoint.assessment.gasstation.implementation.StationImplTest.testBuyGas(StationImplTest.java:126)
</failure>
    <system-err>Jul 06, 2014 12:56:51 PM net.bigpoint.assessment.gasstation.implementation.StationImplTest testBuyGas
SEVERE: Not enough gas
Jul 06, 2014 12:56:51 PM net.bigpoint.assessment.gasstation.implementation.StationImplTest testBuyGas
SEVERE: Not enough gas
</system-err>
  </testcase>
  <testcase time="5.419" classname="net.bigpoint.assessment.gasstation.implementation.StationImplTest" name="testBuyGas">
    <failure message="expected [true] but found [false]" type="java.lang.AssertionError">java.lang.AssertionError: expected [true] but found [false]
	at org.testng.Assert.fail(Assert.java:94)
	at org.testng.Assert.failNotEquals(Assert.java:494)
	at org.testng.Assert.assertTrue(Assert.java:42)
	at org.testng.Assert.assertTrue(Assert.java:52)
	at net.bigpoint.assessment.gasstation.implementation.StationImplTest.testBuyGas(StationImplTest.java:126)
</failure>
  </testcase>
  <testcase time="5.42" classname="net.bigpoint.assessment.gasstation.implementation.StationImplTest" name="testBuyGas">
    <failure message="expected [true] but found [false]" type="java.lang.AssertionError">java.lang.AssertionError: expected [true] but found [false]
	at org.testng.Assert.fail(Assert.java:94)
	at org.testng.Assert.failNotEquals(Assert.java:494)
	at org.testng.Assert.assertTrue(Assert.java:42)
	at org.testng.Assert.assertTrue(Assert.java:52)
	at net.bigpoint.assessment.gasstation.implementation.StationImplTest.testBuyGas(StationImplTest.java:126)
</failure>
    <system-err>Jul 06, 2014 12:56:51 PM net.bigpoint.assessment.gasstation.implementation.StationImplTest testBuyGas
SEVERE: Not enough gas
</system-err>
  </testcase>
  <testcase time="5.42" classname="net.bigpoint.assessment.gasstation.implementation.StationImplTest" name="testBuyGas">
    <failure message="expected [true] but found [false]" type="java.lang.AssertionError">java.lang.AssertionError: expected [true] but found [false]
	at org.testng.Assert.fail(Assert.java:94)
	at org.testng.Assert.failNotEquals(Assert.java:494)
	at org.testng.Assert.assertTrue(Assert.java:42)
	at org.testng.Assert.assertTrue(Assert.java:52)
	at net.bigpoint.assessment.gasstation.implementation.StationImplTest.testBuyGas(StationImplTest.java:126)
</failure>
    <system-err>Jul 06, 2014 12:56:51 PM net.bigpoint.assessment.gasstation.implementation.StationImplTest testBuyGas
SEVERE: Not enough gas
</system-err>
  </testcase>
  <testcase time="5.421" classname="net.bigpoint.assessment.gasstation.implementation.StationImplTest" name="testBuyGas">
    <failure message="expected [true] but found [false]" type="java.lang.AssertionError">java.lang.AssertionError: expected [true] but found [false]
	at org.testng.Assert.fail(Assert.java:94)
	at org.testng.Assert.failNotEquals(Assert.java:494)
	at org.testng.Assert.assertTrue(Assert.java:42)
	at org.testng.Assert.assertTrue(Assert.java:52)
	at net.bigpoint.assessment.gasstation.implementation.StationImplTest.testBuyGas(StationImplTest.java:126)
</failure>
    <system-err>Jul 06, 2014 12:56:51 PM net.bigpoint.assessment.gasstation.implementation.StationImplTest testBuyGas
SEVERE: Not enough gas
Jul 06, 2014 12:56:51 PM net.bigpoint.assessment.gasstation.implementation.StationImplTest testBuyGas
SEVERE: Not enough gas
</system-err>
  </testcase>
  <testcase time="5.422" classname="net.bigpoint.assessment.gasstation.implementation.StationImplTest" name="testBuyGas">
    <failure message="expected [true] but found [false]" type="java.lang.AssertionError">java.lang.AssertionError: expected [true] but found [false]
	at org.testng.Assert.fail(Assert.java:94)
	at org.testng.Assert.failNotEquals(Assert.java:494)
	at org.testng.Assert.assertTrue(Assert.java:42)
	at org.testng.Assert.assertTrue(Assert.java:52)
	at net.bigpoint.assessment.gasstation.implementation.StationImplTest.testBuyGas(StationImplTest.java:126)
</failure>
  </testcase>
  <testcase time="5.423" classname="net.bigpoint.assessment.gasstation.implementation.StationImplTest" name="testBuyGas">
    <failure message="expected [true] but found [false]" type="java.lang.AssertionError">java.lang.AssertionError: expected [true] but found [false]
	at org.testng.Assert.fail(Assert.java:94)
	at org.testng.Assert.failNotEquals(Assert.java:494)
	at org.testng.Assert.assertTrue(Assert.java:42)
	at org.testng.Assert.assertTrue(Assert.java:52)
	at net.bigpoint.assessment.gasstation.implementation.StationImplTest.testBuyGas(StationImplTest.java:126)
</failure>
    <system-err>Jul 06, 2014 12:56:51 PM net.bigpoint.assessment.gasstation.implementation.StationImplTest testBuyGas
SEVERE: Not enough gas
Jul 06, 2014 12:56:51 PM net.bigpoint.assessment.gasstation.implementation.StationImplTest testBuyGas
SEVERE: Not enough gas
</system-err>
  </testcase>
  <testcase time="5.423" classname="net.bigpoint.assessment.gasstation.implementation.StationImplTest" name="testBuyGas">
    <failure message="expected [true] but found [false]" type="java.lang.AssertionError">java.lang.AssertionError: expected [true] but found [false]
	at org.testng.Assert.fail(Assert.java:94)
	at org.testng.Assert.failNotEquals(Assert.java:494)
	at org.testng.Assert.assertTrue(Assert.java:42)
	at org.testng.Assert.assertTrue(Assert.java:52)
	at net.bigpoint.assessment.gasstation.implementation.StationImplTest.testBuyGas(StationImplTest.java:126)
</failure>
  </testcase>
  <testcase time="5.424" classname="net.bigpoint.assessment.gasstation.implementation.StationImplTest" name="testBuyGas">
    <failure message="expected [true] but found [false]" type="java.lang.AssertionError">java.lang.AssertionError: expected [true] but found [false]
	at org.testng.Assert.fail(Assert.java:94)
	at org.testng.Assert.failNotEquals(Assert.java:494)
	at org.testng.Assert.assertTrue(Assert.java:42)
	at org.testng.Assert.assertTrue(Assert.java:52)
	at net.bigpoint.assessment.gasstation.implementation.StationImplTest.testBuyGas(StationImplTest.java:126)
</failure>
    <system-err>Jul 06, 2014 12:56:51 PM net.bigpoint.assessment.gasstation.implementation.StationImplTest testBuyGas
SEVERE: Not enough gas
Jul 06, 2014 12:56:51 PM net.bigpoint.assessment.gasstation.implementation.StationImplTest testBuyGas
SEVERE: Not enough gas
</system-err>
  </testcase>
  <testcase time="5.424" classname="net.bigpoint.assessment.gasstation.implementation.StationImplTest" name="testBuyGas">
    <failure message="expected [true] but found [false]" type="java.lang.AssertionError">java.lang.AssertionError: expected [true] but found [false]
	at org.testng.Assert.fail(Assert.java:94)
	at org.testng.Assert.failNotEquals(Assert.java:494)
	at org.testng.Assert.assertTrue(Assert.java:42)
	at org.testng.Assert.assertTrue(Assert.java:52)
	at net.bigpoint.assessment.gasstation.implementation.StationImplTest.testBuyGas(StationImplTest.java:126)
</failure>
  </testcase>
  <testcase time="5.426" classname="net.bigpoint.assessment.gasstation.implementation.StationImplTest" name="testBuyGas">
    <failure message="expected [true] but found [false]" type="java.lang.AssertionError">java.lang.AssertionError: expected [true] but found [false]
	at org.testng.Assert.fail(Assert.java:94)
	at org.testng.Assert.failNotEquals(Assert.java:494)
	at org.testng.Assert.assertTrue(Assert.java:42)
	at org.testng.Assert.assertTrue(Assert.java:52)
	at net.bigpoint.assessment.gasstation.implementation.StationImplTest.testBuyGas(StationImplTest.java:126)
</failure>
    <system-err>Jul 06, 2014 12:56:51 PM net.bigpoint.assessment.gasstation.implementation.StationImplTest testBuyGas
SEVERE: Not enough gas
Jul 06, 2014 12:56:51 PM net.bigpoint.assessment.gasstation.implementation.StationImplTest testBuyGas
SEVERE: Not enough gas
</system-err>
  </testcase>
  <testcase time="5.427" classname="net.bigpoint.assessment.gasstation.implementation.StationImplTest" name="testBuyGas">
    <failure message="expected [true] but found [false]" type="java.lang.AssertionError">java.lang.AssertionError: expected [true] but found [false]
	at org.testng.Assert.fail(Assert.java:94)
	at org.testng.Assert.failNotEquals(Assert.java:494)
	at org.testng.Assert.assertTrue(Assert.java:42)
	at org.testng.Assert.assertTrue(Assert.java:52)
	at net.bigpoint.assessment.gasstation.implementation.StationImplTest.testBuyGas(StationImplTest.java:126)
</failure>
    <system-err>Jul 06, 2014 12:56:51 PM net.bigpoint.assessment.gasstation.implementation.StationImplTest testBuyGas
SEVERE: Not enough gas
</system-err>
  </testcase>
  <testcase time="5.432" classname="net.bigpoint.assessment.gasstation.implementation.StationImplTest" name="testBuyGas">
    <failure message="expected [true] but found [false]" type="java.lang.AssertionError">java.lang.AssertionError: expected [true] but found [false]
	at org.testng.Assert.fail(Assert.java:94)
	at org.testng.Assert.failNotEquals(Assert.java:494)
	at org.testng.Assert.assertTrue(Assert.java:42)
	at org.testng.Assert.assertTrue(Assert.java:52)
	at net.bigpoint.assessment.gasstation.implementation.StationImplTest.testBuyGas(StationImplTest.java:126)
</failure>
  </testcase>
  <testcase time="5.432" classname="net.bigpoint.assessment.gasstation.implementation.StationImplTest" name="testBuyGas">
    <failure message="expected [true] but found [false]" type="java.lang.AssertionError">java.lang.AssertionError: expected [true] but found [false]
	at org.testng.Assert.fail(Assert.java:94)
	at org.testng.Assert.failNotEquals(Assert.java:494)
	at org.testng.Assert.assertTrue(Assert.java:42)
	at org.testng.Assert.assertTrue(Assert.java:52)
	at net.bigpoint.assessment.gasstation.implementation.StationImplTest.testBuyGas(StationImplTest.java:126)
</failure>
    <system-err>Jul 06, 2014 12:56:51 PM net.bigpoint.assessment.gasstation.implementation.StationImplTest testBuyGas
SEVERE: Not enough gas
</system-err>
  </testcase>
  <testcase time="5.432" classname="net.bigpoint.assessment.gasstation.implementation.StationImplTest" name="testBuyGas">
    <failure message="expected [true] but found [false]" type="java.lang.AssertionError">java.lang.AssertionError: expected [true] but found [false]
	at org.testng.Assert.fail(Assert.java:94)
	at org.testng.Assert.failNotEquals(Assert.java:494)
	at org.testng.Assert.assertTrue(Assert.java:42)
	at org.testng.Assert.assertTrue(Assert.java:52)
	at net.bigpoint.assessment.gasstation.implementation.StationImplTest.testBuyGas(StationImplTest.java:126)
</failure>
    <system-err>Jul 06, 2014 12:56:51 PM net.bigpoint.assessment.gasstation.implementation.StationImplTest testBuyGas
SEVERE: Not enough gas
</system-err>
  </testcase>
  <testcase time="5.433" classname="net.bigpoint.assessment.gasstation.implementation.StationImplTest" name="testBuyGas">
    <failure message="expected [true] but found [false]" type="java.lang.AssertionError">java.lang.AssertionError: expected [true] but found [false]
	at org.testng.Assert.fail(Assert.java:94)
	at org.testng.Assert.failNotEquals(Assert.java:494)
	at org.testng.Assert.assertTrue(Assert.java:42)
	at org.testng.Assert.assertTrue(Assert.java:52)
	at net.bigpoint.assessment.gasstation.implementation.StationImplTest.testBuyGas(StationImplTest.java:126)
</failure>
    <system-err>Jul 06, 2014 12:56:51 PM net.bigpoint.assessment.gasstation.implementation.StationImplTest testBuyGas
SEVERE: Not enough gas
Jul 06, 2014 12:56:51 PM net.bigpoint.assessment.gasstation.implementation.StationImplTest testBuyGas
SEVERE: Not enough gas
</system-err>
  </testcase>
  <testcase time="5.433" classname="net.bigpoint.assessment.gasstation.implementation.StationImplTest" name="testBuyGas">
    <failure message="expected [true] but found [false]" type="java.lang.AssertionError">java.lang.AssertionError: expected [true] but found [false]
	at org.testng.Assert.fail(Assert.java:94)
	at org.testng.Assert.failNotEquals(Assert.java:494)
	at org.testng.Assert.assertTrue(Assert.java:42)
	at org.testng.Assert.assertTrue(Assert.java:52)
	at net.bigpoint.assessment.gasstation.implementation.StationImplTest.testBuyGas(StationImplTest.java:126)
</failure>
  </testcase>
  <testcase time="5.433" classname="net.bigpoint.assessment.gasstation.implementation.StationImplTest" name="testBuyGas">
    <failure message="expected [true] but found [false]" type="java.lang.AssertionError">java.lang.AssertionError: expected [true] but found [false]
	at org.testng.Assert.fail(Assert.java:94)
	at org.testng.Assert.failNotEquals(Assert.java:494)
	at org.testng.Assert.assertTrue(Assert.java:42)
	at org.testng.Assert.assertTrue(Assert.java:52)
	at net.bigpoint.assessment.gasstation.implementation.StationImplTest.testBuyGas(StationImplTest.java:126)
</failure>
    <system-err>Jul 06, 2014 12:56:51 PM net.bigpoint.assessment.gasstation.implementation.StationImplTest testBuyGas
SEVERE: Not enough gas
Jul 06, 2014 12:56:51 PM net.bigpoint.assessment.gasstation.implementation.StationImplTest testBuyGas
SEVERE: Not enough gas
</system-err>
  </testcase>
  <testcase time="5.433" classname="net.bigpoint.assessment.gasstation.implementation.StationImplTest" name="testBuyGas">
    <failure message="expected [true] but found [false]" type="java.lang.AssertionError">java.lang.AssertionError: expected [true] but found [false]
	at org.testng.Assert.fail(Assert.java:94)
	at org.testng.Assert.failNotEquals(Assert.java:494)
	at org.testng.Assert.assertTrue(Assert.java:42)
	at org.testng.Assert.assertTrue(Assert.java:52)
	at net.bigpoint.assessment.gasstation.implementation.StationImplTest.testBuyGas(StationImplTest.java:126)
</failure>
  </testcase>
  <testcase time="5.436" classname="net.bigpoint.assessment.gasstation.implementation.StationImplTest" name="testBuyGas">
    <failure message="expected [true] but found [false]" type="java.lang.AssertionError">java.lang.AssertionError: expected [true] but found [false]
	at org.testng.Assert.fail(Assert.java:94)
	at org.testng.Assert.failNotEquals(Assert.java:494)
	at org.testng.Assert.assertTrue(Assert.java:42)
	at org.testng.Assert.assertTrue(Assert.java:52)
	at net.bigpoint.assessment.gasstation.implementation.StationImplTest.testBuyGas(StationImplTest.java:126)
</failure>
    <system-err>Jul 06, 2014 12:56:51 PM net.bigpoint.assessment.gasstation.implementation.StationImplTest testBuyGas
SEVERE: Not enough gas
</system-err>
  </testcase>
  <testcase time="5.436" classname="net.bigpoint.assessment.gasstation.implementation.StationImplTest" name="testBuyGas">
    <failure message="expected [true] but found [false]" type="java.lang.AssertionError">java.lang.AssertionError: expected [true] but found [false]
	at org.testng.Assert.fail(Assert.java:94)
	at org.testng.Assert.failNotEquals(Assert.java:494)
	at org.testng.Assert.assertTrue(Assert.java:42)
	at org.testng.Assert.assertTrue(Assert.java:52)
	at net.bigpoint.assessment.gasstation.implementation.StationImplTest.testBuyGas(StationImplTest.java:126)
</failure>
    <system-err>Jul 06, 2014 12:56:51 PM net.bigpoint.assessment.gasstation.implementation.StationImplTest testBuyGas
SEVERE: Not enough gas
</system-err>
  </testcase>
  <testcase time="5.437" classname="net.bigpoint.assessment.gasstation.implementation.StationImplTest" name="testBuyGas">
    <failure message="expected [true] but found [false]" type="java.lang.AssertionError">java.lang.AssertionError: expected [true] but found [false]
	at org.testng.Assert.fail(Assert.java:94)
	at org.testng.Assert.failNotEquals(Assert.java:494)
	at org.testng.Assert.assertTrue(Assert.java:42)
	at org.testng.Assert.assertTrue(Assert.java:52)
	at net.bigpoint.assessment.gasstation.implementation.StationImplTest.testBuyGas(StationImplTest.java:126)
</failure>
    <system-err>Jul 06, 2014 12:56:51 PM net.bigpoint.assessment.gasstation.implementation.StationImplTest testBuyGas
SEVERE: Not enough gas
Jul 06, 2014 12:56:51 PM net.bigpoint.assessment.gasstation.implementation.StationImplTest testBuyGas
SEVERE: Not enough gas
</system-err>
  </testcase>
  <testcase time="5.437" classname="net.bigpoint.assessment.gasstation.implementation.StationImplTest" name="testBuyGas">
    <failure message="expected [true] but found [false]" type="java.lang.AssertionError">java.lang.AssertionError: expected [true] but found [false]
	at org.testng.Assert.fail(Assert.java:94)
	at org.testng.Assert.failNotEquals(Assert.java:494)
	at org.testng.Assert.assertTrue(Assert.java:42)
	at org.testng.Assert.assertTrue(Assert.java:52)
	at net.bigpoint.assessment.gasstation.implementation.StationImplTest.testBuyGas(StationImplTest.java:126)
</failure>
  </testcase>
  <testcase time="5.437" classname="net.bigpoint.assessment.gasstation.implementation.StationImplTest" name="testBuyGas">
    <failure message="expected [true] but found [false]" type="java.lang.AssertionError">java.lang.AssertionError: expected [true] but found [false]
	at org.testng.Assert.fail(Assert.java:94)
	at org.testng.Assert.failNotEquals(Assert.java:494)
	at org.testng.Assert.assertTrue(Assert.java:42)
	at org.testng.Assert.assertTrue(Assert.java:52)
	at net.bigpoint.assessment.gasstation.implementation.StationImplTest.testBuyGas(StationImplTest.java:126)
</failure>
  </testcase>
  <testcase time="5.437" classname="net.bigpoint.assessment.gasstation.implementation.StationImplTest" name="testBuyGas">
    <failure message="expected [true] but found [false]" type="java.lang.AssertionError">java.lang.AssertionError: expected [true] but found [false]
	at org.testng.Assert.fail(Assert.java:94)
	at org.testng.Assert.failNotEquals(Assert.java:494)
	at org.testng.Assert.assertTrue(Assert.java:42)
	at org.testng.Assert.assertTrue(Assert.java:52)
	at net.bigpoint.assessment.gasstation.implementation.StationImplTest.testBuyGas(StationImplTest.java:126)
</failure>
    <system-err>Jul 06, 2014 12:56:51 PM net.bigpoint.assessment.gasstation.implementation.StationImplTest testBuyGas
SEVERE: Not enough gas
Jul 06, 2014 12:56:51 PM net.bigpoint.assessment.gasstation.implementation.StationImplTest testBuyGas
SEVERE: Not enough gas
</system-err>
  </testcase>
  <testcase time="5.438" classname="net.bigpoint.assessment.gasstation.implementation.StationImplTest" name="testBuyGas">
    <failure message="expected [true] but found [false]" type="java.lang.AssertionError">java.lang.AssertionError: expected [true] but found [false]
	at org.testng.Assert.fail(Assert.java:94)
	at org.testng.Assert.failNotEquals(Assert.java:494)
	at org.testng.Assert.assertTrue(Assert.java:42)
	at org.testng.Assert.assertTrue(Assert.java:52)
	at net.bigpoint.assessment.gasstation.implementation.StationImplTest.testBuyGas(StationImplTest.java:126)
</failure>
  </testcase>
  <testcase time="5.438" classname="net.bigpoint.assessment.gasstation.implementation.StationImplTest" name="testBuyGas">
    <failure message="expected [true] but found [false]" type="java.lang.AssertionError">java.lang.AssertionError: expected [true] but found [false]
	at org.testng.Assert.fail(Assert.java:94)
	at org.testng.Assert.failNotEquals(Assert.java:494)
	at org.testng.Assert.assertTrue(Assert.java:42)
	at org.testng.Assert.assertTrue(Assert.java:52)
	at net.bigpoint.assessment.gasstation.implementation.StationImplTest.testBuyGas(StationImplTest.java:126)
</failure>
    <system-err>Jul 06, 2014 12:56:51 PM net.bigpoint.assessment.gasstation.implementation.StationImplTest testBuyGas
SEVERE: Not enough gas
</system-err>
  </testcase>
  <testcase time="5.44" classname="net.bigpoint.assessment.gasstation.implementation.StationImplTest" name="testBuyGas">
    <failure message="expected [true] but found [false]" type="java.lang.AssertionError">java.lang.AssertionError: expected [true] but found [false]
	at org.testng.Assert.fail(Assert.java:94)
	at org.testng.Assert.failNotEquals(Assert.java:494)
	at org.testng.Assert.assertTrue(Assert.java:42)
	at org.testng.Assert.assertTrue(Assert.java:52)
	at net.bigpoint.assessment.gasstation.implementation.StationImplTest.testBuyGas(StationImplTest.java:126)
</failure>
    <system-err>Jul 06, 2014 12:56:51 PM net.bigpoint.assessment.gasstation.implementation.StationImplTest testBuyGas
SEVERE: Not enough gas
</system-err>
  </testcase>
  <testcase time="5.44" classname="net.bigpoint.assessment.gasstation.implementation.StationImplTest" name="testBuyGas">
    <failure message="expected [true] but found [false]" type="java.lang.AssertionError">java.lang.AssertionError: expected [true] but found [false]
	at org.testng.Assert.fail(Assert.java:94)
	at org.testng.Assert.failNotEquals(Assert.java:494)
	at org.testng.Assert.assertTrue(Assert.java:42)
	at org.testng.Assert.assertTrue(Assert.java:52)
	at net.bigpoint.assessment.gasstation.implementation.StationImplTest.testBuyGas(StationImplTest.java:126)
</failure>
    <system-err>Jul 06, 2014 12:56:51 PM net.bigpoint.assessment.gasstation.implementation.StationImplTest testBuyGas
SEVERE: Not enough gas
</system-err>
  </testcase>
  <testcase time="5.44" classname="net.bigpoint.assessment.gasstation.implementation.StationImplTest" name="testBuyGas">
    <failure message="expected [true] but found [false]" type="java.lang.AssertionError">java.lang.AssertionError: expected [true] but found [false]
	at org.testng.Assert.fail(Assert.java:94)
	at org.testng.Assert.failNotEquals(Assert.java:494)
	at org.testng.Assert.assertTrue(Assert.java:42)
	at org.testng.Assert.assertTrue(Assert.java:52)
	at net.bigpoint.assessment.gasstation.implementation.StationImplTest.testBuyGas(StationImplTest.java:126)
</failure>
    <system-err>Jul 06, 2014 12:56:51 PM net.bigpoint.assessment.gasstation.implementation.StationImplTest testBuyGas
SEVERE: Not enough gas
</system-err>
  </testcase>
  <testcase time="5.441" classname="net.bigpoint.assessment.gasstation.implementation.StationImplTest" name="testBuyGas">
    <failure message="expected [true] but found [false]" type="java.lang.AssertionError">java.lang.AssertionError: expected [true] but found [false]
	at org.testng.Assert.fail(Assert.java:94)
	at org.testng.Assert.failNotEquals(Assert.java:494)
	at org.testng.Assert.assertTrue(Assert.java:42)
	at org.testng.Assert.assertTrue(Assert.java:52)
	at net.bigpoint.assessment.gasstation.implementation.StationImplTest.testBuyGas(StationImplTest.java:126)
</failure>
    <system-err>Jul 06, 2014 12:56:51 PM net.bigpoint.assessment.gasstation.implementation.StationImplTest testBuyGas
SEVERE: Not enough gas
</system-err>
  </testcase>
  <testcase time="5.444" classname="net.bigpoint.assessment.gasstation.implementation.StationImplTest" name="testBuyGas">
    <failure message="expected [true] but found [false]" type="java.lang.AssertionError">java.lang.AssertionError: expected [true] but found [false]
	at org.testng.Assert.fail(Assert.java:94)
	at org.testng.Assert.failNotEquals(Assert.java:494)
	at org.testng.Assert.assertTrue(Assert.java:42)
	at org.testng.Assert.assertTrue(Assert.java:52)
	at net.bigpoint.assessment.gasstation.implementation.StationImplTest.testBuyGas(StationImplTest.java:126)
</failure>
    <system-err>Jul 06, 2014 12:56:51 PM net.bigpoint.assessment.gasstation.implementation.StationImplTest testBuyGas
SEVERE: Not enough gas
</system-err>
  </testcase>
  <testcase time="5.445" classname="net.bigpoint.assessment.gasstation.implementation.StationImplTest" name="testBuyGas">
    <failure message="expected [true] but found [false]" type="java.lang.AssertionError">java.lang.AssertionError: expected [true] but found [false]
	at org.testng.Assert.fail(Assert.java:94)
	at org.testng.Assert.failNotEquals(Assert.java:494)
	at org.testng.Assert.assertTrue(Assert.java:42)
	at org.testng.Assert.assertTrue(Assert.java:52)
	at net.bigpoint.assessment.gasstation.implementation.StationImplTest.testBuyGas(StationImplTest.java:126)
</failure>
    <system-err>Jul 06, 2014 12:56:51 PM net.bigpoint.assessment.gasstation.implementation.StationImplTest testBuyGas
SEVERE: Not enough gas
</system-err>
  </testcase>
  <testcase time="5.446" classname="net.bigpoint.assessment.gasstation.implementation.StationImplTest" name="testBuyGas">
    <failure message="expected [true] but found [false]" type="java.lang.AssertionError">java.lang.AssertionError: expected [true] but found [false]
	at org.testng.Assert.fail(Assert.java:94)
	at org.testng.Assert.failNotEquals(Assert.java:494)
	at org.testng.Assert.assertTrue(Assert.java:42)
	at org.testng.Assert.assertTrue(Assert.java:52)
	at net.bigpoint.assessment.gasstation.implementation.StationImplTest.testBuyGas(StationImplTest.java:126)
</failure>
    <system-err>Jul 06, 2014 12:56:51 PM net.bigpoint.assessment.gasstation.implementation.StationImplTest testBuyGas
SEVERE: Not enough gas
</system-err>
  </testcase>
  <testcase time="5.447" classname="net.bigpoint.assessment.gasstation.implementation.StationImplTest" name="testBuyGas">
    <failure message="expected [true] but found [false]" type="java.lang.AssertionError">java.lang.AssertionError: expected [true] but found [false]
	at org.testng.Assert.fail(Assert.java:94)
	at org.testng.Assert.failNotEquals(Assert.java:494)
	at org.testng.Assert.assertTrue(Assert.java:42)
	at org.testng.Assert.assertTrue(Assert.java:52)
	at net.bigpoint.assessment.gasstation.implementation.StationImplTest.testBuyGas(StationImplTest.java:126)
</failure>
    <system-err>Jul 06, 2014 12:56:51 PM net.bigpoint.assessment.gasstation.implementation.StationImplTest testBuyGas
SEVERE: Not enough gas
Jul 06, 2014 12:56:51 PM net.bigpoint.assessment.gasstation.implementation.StationImplTest testBuyGas
SEVERE: Not enough gas
</system-err>
  </testcase>
  <testcase time="5.448" classname="net.bigpoint.assessment.gasstation.implementation.StationImplTest" name="testBuyGas">
    <failure message="expected [true] but found [false]" type="java.lang.AssertionError">java.lang.AssertionError: expected [true] but found [false]
	at org.testng.Assert.fail(Assert.java:94)
	at org.testng.Assert.failNotEquals(Assert.java:494)
	at org.testng.Assert.assertTrue(Assert.java:42)
	at org.testng.Assert.assertTrue(Assert.java:52)
	at net.bigpoint.assessment.gasstation.implementation.StationImplTest.testBuyGas(StationImplTest.java:126)
</failure>
  </testcase>
  <testcase time="5.448" classname="net.bigpoint.assessment.gasstation.implementation.StationImplTest" name="testBuyGas">
    <failure message="expected [true] but found [false]" type="java.lang.AssertionError">java.lang.AssertionError: expected [true] but found [false]
	at org.testng.Assert.fail(Assert.java:94)
	at org.testng.Assert.failNotEquals(Assert.java:494)
	at org.testng.Assert.assertTrue(Assert.java:42)
	at org.testng.Assert.assertTrue(Assert.java:52)
	at net.bigpoint.assessment.gasstation.implementation.StationImplTest.testBuyGas(StationImplTest.java:126)
</failure>
  </testcase>
  <testcase time="5.45" classname="net.bigpoint.assessment.gasstation.implementation.StationImplTest" name="testBuyGas">
    <failure message="expected [true] but found [false]" type="java.lang.AssertionError">java.lang.AssertionError: expected [true] but found [false]
	at org.testng.Assert.fail(Assert.java:94)
	at org.testng.Assert.failNotEquals(Assert.java:494)
	at org.testng.Assert.assertTrue(Assert.java:42)
	at org.testng.Assert.assertTrue(Assert.java:52)
	at net.bigpoint.assessment.gasstation.implementation.StationImplTest.testBuyGas(StationImplTest.java:126)
</failure>
    <system-err>Jul 06, 2014 12:56:51 PM net.bigpoint.assessment.gasstation.implementation.StationImplTest testBuyGas
SEVERE: Not enough gas
Jul 06, 2014 12:56:51 PM net.bigpoint.assessment.gasstation.implementation.StationImplTest testBuyGas
SEVERE: Not enough gas
</system-err>
  </testcase>
  <testcase time="5.45" classname="net.bigpoint.assessment.gasstation.implementation.StationImplTest" name="testBuyGas">
    <failure message="expected [true] but found [false]" type="java.lang.AssertionError">java.lang.AssertionError: expected [true] but found [false]
	at org.testng.Assert.fail(Assert.java:94)
	at org.testng.Assert.failNotEquals(Assert.java:494)
	at org.testng.Assert.assertTrue(Assert.java:42)
	at org.testng.Assert.assertTrue(Assert.java:52)
	at net.bigpoint.assessment.gasstation.implementation.StationImplTest.testBuyGas(StationImplTest.java:126)
</failure>
    <system-err>Jul 06, 2014 12:56:51 PM net.bigpoint.assessment.gasstation.implementation.StationImplTest testBuyGas
SEVERE: Not enough gas
</system-err>
  </testcase>
  <testcase time="5.451" classname="net.bigpoint.assessment.gasstation.implementation.StationImplTest" name="testBuyGas">
    <failure message="expected [true] but found [false]" type="java.lang.AssertionError">java.lang.AssertionError: expected [true] but found [false]
	at org.testng.Assert.fail(Assert.java:94)
	at org.testng.Assert.failNotEquals(Assert.java:494)
	at org.testng.Assert.assertTrue(Assert.java:42)
	at org.testng.Assert.assertTrue(Assert.java:52)
	at net.bigpoint.assessment.gasstation.implementation.StationImplTest.testBuyGas(StationImplTest.java:126)
</failure>
  </testcase>
  <testcase time="5.451" classname="net.bigpoint.assessment.gasstation.implementation.StationImplTest" name="testBuyGas">
    <failure message="expected [true] but found [false]" type="java.lang.AssertionError">java.lang.AssertionError: expected [true] but found [false]
	at org.testng.Assert.fail(Assert.java:94)
	at org.testng.Assert.failNotEquals(Assert.java:494)
	at org.testng.Assert.assertTrue(Assert.java:42)
	at org.testng.Assert.assertTrue(Assert.java:52)
	at net.bigpoint.assessment.gasstation.implementation.StationImplTest.testBuyGas(StationImplTest.java:126)
</failure>
    <system-err>Jul 06, 2014 12:56:51 PM net.bigpoint.assessment.gasstation.implementation.StationImplTest testBuyGas
SEVERE: Not enough gas
Jul 06, 2014 12:56:51 PM net.bigpoint.assessment.gasstation.implementation.StationImplTest testBuyGas
SEVERE: Not enough gas
</system-err>
  </testcase>
  <testcase time="5.452" classname="net.bigpoint.assessment.gasstation.implementation.StationImplTest" name="testBuyGas">
    <failure message="expected [true] but found [false]" type="java.lang.AssertionError">java.lang.AssertionError: expected [true] but found [false]
	at org.testng.Assert.fail(Assert.java:94)
	at org.testng.Assert.failNotEquals(Assert.java:494)
	at org.testng.Assert.assertTrue(Assert.java:42)
	at org.testng.Assert.assertTrue(Assert.java:52)
	at net.bigpoint.assessment.gasstation.implementation.StationImplTest.testBuyGas(StationImplTest.java:126)
</failure>
    <system-err>Jul 06, 2014 12:56:51 PM net.bigpoint.assessment.gasstation.implementation.StationImplTest testBuyGas
SEVERE: Not enough gas
</system-err>
  </testcase>
  <testcase time="5.453" classname="net.bigpoint.assessment.gasstation.implementation.StationImplTest" name="testBuyGas">
    <failure message="expected [true] but found [false]" type="java.lang.AssertionError">java.lang.AssertionError: expected [true] but found [false]
	at org.testng.Assert.fail(Assert.java:94)
	at org.testng.Assert.failNotEquals(Assert.java:494)
	at org.testng.Assert.assertTrue(Assert.java:42)
	at org.testng.Assert.assertTrue(Assert.java:52)
	at net.bigpoint.assessment.gasstation.implementation.StationImplTest.testBuyGas(StationImplTest.java:126)
</failure>
    <system-err>Jul 06, 2014 12:56:51 PM net.bigpoint.assessment.gasstation.implementation.StationImplTest testBuyGas
SEVERE: Not enough gas
</system-err>
  </testcase>
  <testcase time="5.453" classname="net.bigpoint.assessment.gasstation.implementation.StationImplTest" name="testBuyGas">
    <failure message="expected [true] but found [false]" type="java.lang.AssertionError">java.lang.AssertionError: expected [true] but found [false]
	at org.testng.Assert.fail(Assert.java:94)
	at org.testng.Assert.failNotEquals(Assert.java:494)
	at org.testng.Assert.assertTrue(Assert.java:42)
	at org.testng.Assert.assertTrue(Assert.java:52)
	at net.bigpoint.assessment.gasstation.implementation.StationImplTest.testBuyGas(StationImplTest.java:126)
</failure>
  </testcase>
  <testcase time="5.455" classname="net.bigpoint.assessment.gasstation.implementation.StationImplTest" name="testBuyGas">
    <failure message="expected [true] but found [false]" type="java.lang.AssertionError">java.lang.AssertionError: expected [true] but found [false]
	at org.testng.Assert.fail(Assert.java:94)
	at org.testng.Assert.failNotEquals(Assert.java:494)
	at org.testng.Assert.assertTrue(Assert.java:42)
	at org.testng.Assert.assertTrue(Assert.java:52)
	at net.bigpoint.assessment.gasstation.implementation.StationImplTest.testBuyGas(StationImplTest.java:126)
</failure>
    <system-err>Jul 06, 2014 12:56:51 PM net.bigpoint.assessment.gasstation.implementation.StationImplTest testBuyGas
SEVERE: Not enough gas
Jul 06, 2014 12:56:51 PM net.bigpoint.assessment.gasstation.implementation.StationImplTest testBuyGas
SEVERE: Not enough gas
</system-err>
  </testcase>
  <testcase time="5.456" classname="net.bigpoint.assessment.gasstation.implementation.StationImplTest" name="testBuyGas">
    <failure message="expected [true] but found [false]" type="java.lang.AssertionError">java.lang.AssertionError: expected [true] but found [false]
	at org.testng.Assert.fail(Assert.java:94)
	at org.testng.Assert.failNotEquals(Assert.java:494)
	at org.testng.Assert.assertTrue(Assert.java:42)
	at org.testng.Assert.assertTrue(Assert.java:52)
	at net.bigpoint.assessment.gasstation.implementation.StationImplTest.testBuyGas(StationImplTest.java:126)
</failure>
    <system-err>Jul 06, 2014 12:56:51 PM net.bigpoint.assessment.gasstation.implementation.StationImplTest testBuyGas
SEVERE: Not enough gas
</system-err>
  </testcase>
  <testcase time="5.456" classname="net.bigpoint.assessment.gasstation.implementation.StationImplTest" name="testBuyGas">
    <failure message="expected [true] but found [false]" type="java.lang.AssertionError">java.lang.AssertionError: expected [true] but found [false]
	at org.testng.Assert.fail(Assert.java:94)
	at org.testng.Assert.failNotEquals(Assert.java:494)
	at org.testng.Assert.assertTrue(Assert.java:42)
	at org.testng.Assert.assertTrue(Assert.java:52)
	at net.bigpoint.assessment.gasstation.implementation.StationImplTest.testBuyGas(StationImplTest.java:126)
</failure>
  </testcase>
  <testcase time="5.458" classname="net.bigpoint.assessment.gasstation.implementation.StationImplTest" name="testBuyGas">
    <failure message="expected [true] but found [false]" type="java.lang.AssertionError">java.lang.AssertionError: expected [true] but found [false]
	at org.testng.Assert.fail(Assert.java:94)
	at org.testng.Assert.failNotEquals(Assert.java:494)
	at org.testng.Assert.assertTrue(Assert.java:42)
	at org.testng.Assert.assertTrue(Assert.java:52)
	at net.bigpoint.assessment.gasstation.implementation.StationImplTest.testBuyGas(StationImplTest.java:126)
</failure>
    <system-err>Jul 06, 2014 12:56:51 PM net.bigpoint.assessment.gasstation.implementation.StationImplTest testBuyGas
SEVERE: Not enough gas
Jul 06, 2014 12:56:51 PM net.bigpoint.assessment.gasstation.implementation.StationImplTest testBuyGas
SEVERE: Not enough gas
</system-err>
  </testcase>
  <testcase time="5.459" classname="net.bigpoint.assessment.gasstation.implementation.StationImplTest" name="testBuyGas">
    <failure message="expected [true] but found [false]" type="java.lang.AssertionError">java.lang.AssertionError: expected [true] but found [false]
	at org.testng.Assert.fail(Assert.java:94)
	at org.testng.Assert.failNotEquals(Assert.java:494)
	at org.testng.Assert.assertTrue(Assert.java:42)
	at org.testng.Assert.assertTrue(Assert.java:52)
	at net.bigpoint.assessment.gasstation.implementation.StationImplTest.testBuyGas(StationImplTest.java:126)
</failure>
    <system-err>Jul 06, 2014 12:56:51 PM net.bigpoint.assessment.gasstation.implementation.StationImplTest testBuyGas
SEVERE: Not enough gas
Jul 06, 2014 12:56:51 PM net.bigpoint.assessment.gasstation.implementation.StationImplTest testBuyGas
SEVERE: Not enough gas
</system-err>
  </testcase>
  <testcase time="5.46" classname="net.bigpoint.assessment.gasstation.implementation.StationImplTest" name="testBuyGas">
    <failure message="expected [true] but found [false]" type="java.lang.AssertionError">java.lang.AssertionError: expected [true] but found [false]
	at org.testng.Assert.fail(Assert.java:94)
	at org.testng.Assert.failNotEquals(Assert.java:494)
	at org.testng.Assert.assertTrue(Assert.java:42)
	at org.testng.Assert.assertTrue(Assert.java:52)
	at net.bigpoint.assessment.gasstation.implementation.StationImplTest.testBuyGas(StationImplTest.java:126)
</failure>
  </testcase>
  <testcase time="5.46" classname="net.bigpoint.assessment.gasstation.implementation.StationImplTest" name="testBuyGas">
    <failure message="expected [true] but found [false]" type="java.lang.AssertionError">java.lang.AssertionError: expected [true] but found [false]
	at org.testng.Assert.fail(Assert.java:94)
	at org.testng.Assert.failNotEquals(Assert.java:494)
	at org.testng.Assert.assertTrue(Assert.java:42)
	at org.testng.Assert.assertTrue(Assert.java:52)
	at net.bigpoint.assessment.gasstation.implementation.StationImplTest.testBuyGas(StationImplTest.java:126)
</failure>
  </testcase>
  <testcase time="5.461" classname="net.bigpoint.assessment.gasstation.implementation.StationImplTest" name="testBuyGas">
    <failure message="expected [true] but found [false]" type="java.lang.AssertionError">java.lang.AssertionError: expected [true] but found [false]
	at org.testng.Assert.fail(Assert.java:94)
	at org.testng.Assert.failNotEquals(Assert.java:494)
	at org.testng.Assert.assertTrue(Assert.java:42)
	at org.testng.Assert.assertTrue(Assert.java:52)
	at net.bigpoint.assessment.gasstation.implementation.StationImplTest.testBuyGas(StationImplTest.java:126)
</failure>
    <system-err>Jul 06, 2014 12:56:51 PM net.bigpoint.assessment.gasstation.implementation.StationImplTest testBuyGas
SEVERE: Not enough gas
Jul 06, 2014 12:56:51 PM net.bigpoint.assessment.gasstation.implementation.StationImplTest testBuyGas
SEVERE: Not enough gas
</system-err>
  </testcase>
  <testcase time="5.462" classname="net.bigpoint.assessment.gasstation.implementation.StationImplTest" name="testBuyGas">
    <failure message="expected [true] but found [false]" type="java.lang.AssertionError">java.lang.AssertionError: expected [true] but found [false]
	at org.testng.Assert.fail(Assert.java:94)
	at org.testng.Assert.failNotEquals(Assert.java:494)
	at org.testng.Assert.assertTrue(Assert.java:42)
	at org.testng.Assert.assertTrue(Assert.java:52)
	at net.bigpoint.assessment.gasstation.implementation.StationImplTest.testBuyGas(StationImplTest.java:126)
</failure>
    <system-err>Jul 06, 2014 12:56:51 PM net.bigpoint.assessment.gasstation.implementation.StationImplTest testBuyGas
SEVERE: Not enough gas
</system-err>
  </testcase>
  <testcase time="5.462" classname="net.bigpoint.assessment.gasstation.implementation.StationImplTest" name="testBuyGas">
    <failure message="expected [true] but found [false]" type="java.lang.AssertionError">java.lang.AssertionError: expected [true] but found [false]
	at org.testng.Assert.fail(Assert.java:94)
	at org.testng.Assert.failNotEquals(Assert.java:494)
	at org.testng.Assert.assertTrue(Assert.java:42)
	at org.testng.Assert.assertTrue(Assert.java:52)
	at net.bigpoint.assessment.gasstation.implementation.StationImplTest.testBuyGas(StationImplTest.java:126)
</failure>
  </testcase>
  <testcase time="5.463" classname="net.bigpoint.assessment.gasstation.implementation.StationImplTest" name="testBuyGas">
    <failure message="expected [true] but found [false]" type="java.lang.AssertionError">java.lang.AssertionError: expected [true] but found [false]
	at org.testng.Assert.fail(Assert.java:94)
	at org.testng.Assert.failNotEquals(Assert.java:494)
	at org.testng.Assert.assertTrue(Assert.java:42)
	at org.testng.Assert.assertTrue(Assert.java:52)
	at net.bigpoint.assessment.gasstation.implementation.StationImplTest.testBuyGas(StationImplTest.java:126)
</failure>
    <system-err>Jul 06, 2014 12:56:51 PM net.bigpoint.assessment.gasstation.implementation.StationImplTest testBuyGas
SEVERE: Not enough gas
Jul 06, 2014 12:56:51 PM net.bigpoint.assessment.gasstation.implementation.StationImplTest testBuyGas
SEVERE: Not enough gas
</system-err>
  </testcase>
  <testcase time="5.463" classname="net.bigpoint.assessment.gasstation.implementation.StationImplTest" name="testBuyGas">
    <failure message="expected [true] but found [false]" type="java.lang.AssertionError">java.lang.AssertionError: expected [true] but found [false]
	at org.testng.Assert.fail(Assert.java:94)
	at org.testng.Assert.failNotEquals(Assert.java:494)
	at org.testng.Assert.assertTrue(Assert.java:42)
	at org.testng.Assert.assertTrue(Assert.java:52)
	at net.bigpoint.assessment.gasstation.implementation.StationImplTest.testBuyGas(StationImplTest.java:126)
</failure>
  </testcase>
  <testcase time="5.464" classname="net.bigpoint.assessment.gasstation.implementation.StationImplTest" name="testBuyGas">
    <failure message="expected [true] but found [false]" type="java.lang.AssertionError">java.lang.AssertionError: expected [true] but found [false]
	at org.testng.Assert.fail(Assert.java:94)
	at org.testng.Assert.failNotEquals(Assert.java:494)
	at org.testng.Assert.assertTrue(Assert.java:42)
	at org.testng.Assert.assertTrue(Assert.java:52)
	at net.bigpoint.assessment.gasstation.implementation.StationImplTest.testBuyGas(StationImplTest.java:126)
</failure>
    <system-err>Jul 06, 2014 12:56:51 PM net.bigpoint.assessment.gasstation.implementation.StationImplTest testBuyGas
SEVERE: Not enough gas
Jul 06, 2014 12:56:51 PM net.bigpoint.assessment.gasstation.implementation.StationImplTest testBuyGas
SEVERE: Not enough gas
</system-err>
  </testcase>
  <testcase time="5.464" classname="net.bigpoint.assessment.gasstation.implementation.StationImplTest" name="testBuyGas">
    <failure message="expected [true] but found [false]" type="java.lang.AssertionError">java.lang.AssertionError: expected [true] but found [false]
	at org.testng.Assert.fail(Assert.java:94)
	at org.testng.Assert.failNotEquals(Assert.java:494)
	at org.testng.Assert.assertTrue(Assert.java:42)
	at org.testng.Assert.assertTrue(Assert.java:52)
	at net.bigpoint.assessment.gasstation.implementation.StationImplTest.testBuyGas(StationImplTest.java:126)
</failure>
  </testcase>
  <testcase time="5.465" classname="net.bigpoint.assessment.gasstation.implementation.StationImplTest" name="testBuyGas">
    <failure message="expected [true] but found [false]" type="java.lang.AssertionError">java.lang.AssertionError: expected [true] but found [false]
	at org.testng.Assert.fail(Assert.java:94)
	at org.testng.Assert.failNotEquals(Assert.java:494)
	at org.testng.Assert.assertTrue(Assert.java:42)
	at org.testng.Assert.assertTrue(Assert.java:52)
	at net.bigpoint.assessment.gasstation.implementation.StationImplTest.testBuyGas(StationImplTest.java:126)
</failure>
    <system-err>Jul 06, 2014 12:56:51 PM net.bigpoint.assessment.gasstation.implementation.StationImplTest testBuyGas
SEVERE: Not enough gas
</system-err>
  </testcase>
  <testcase time="5.466" classname="net.bigpoint.assessment.gasstation.implementation.StationImplTest" name="testBuyGas">
    <failure message="expected [true] but found [false]" type="java.lang.AssertionError">java.lang.AssertionError: expected [true] but found [false]
	at org.testng.Assert.fail(Assert.java:94)
	at org.testng.Assert.failNotEquals(Assert.java:494)
	at org.testng.Assert.assertTrue(Assert.java:42)
	at org.testng.Assert.assertTrue(Assert.java:52)
	at net.bigpoint.assessment.gasstation.implementation.StationImplTest.testBuyGas(StationImplTest.java:126)
</failure>
    <system-err>Jul 06, 2014 12:56:51 PM net.bigpoint.assessment.gasstation.implementation.StationImplTest testBuyGas
SEVERE: Not enough gas
Jul 06, 2014 12:56:51 PM net.bigpoint.assessment.gasstation.implementation.StationImplTest testBuyGas
SEVERE: Not enough gas
Jul 06, 2014 12:56:51 PM net.bigpoint.assessment.gasstation.implementation.StationImplTest testBuyGas
SEVERE: Not enough gas
</system-err>
  </testcase>
  <testcase time="5.466" classname="net.bigpoint.assessment.gasstation.implementation.StationImplTest" name="testBuyGas">
    <failure message="expected [true] but found [false]" type="java.lang.AssertionError">java.lang.AssertionError: expected [true] but found [false]
	at org.testng.Assert.fail(Assert.java:94)
	at org.testng.Assert.failNotEquals(Assert.java:494)
	at org.testng.Assert.assertTrue(Assert.java:42)
	at org.testng.Assert.assertTrue(Assert.java:52)
	at net.bigpoint.assessment.gasstation.implementation.StationImplTest.testBuyGas(StationImplTest.java:126)
</failure>
  </testcase>
  <testcase time="5.467" classname="net.bigpoint.assessment.gasstation.implementation.StationImplTest" name="testBuyGas">
    <failure message="expected [true] but found [false]" type="java.lang.AssertionError">java.lang.AssertionError: expected [true] but found [false]
	at org.testng.Assert.fail(Assert.java:94)
	at org.testng.Assert.failNotEquals(Assert.java:494)
	at org.testng.Assert.assertTrue(Assert.java:42)
	at org.testng.Assert.assertTrue(Assert.java:52)
	at net.bigpoint.assessment.gasstation.implementation.StationImplTest.testBuyGas(StationImplTest.java:126)
</failure>
    <system-err>Jul 06, 2014 12:56:51 PM net.bigpoint.assessment.gasstation.implementation.StationImplTest testBuyGas
SEVERE: Not enough gas
</system-err>
  </testcase>
  <testcase time="5.468" classname="net.bigpoint.assessment.gasstation.implementation.StationImplTest" name="testBuyGas">
    <failure message="expected [true] but found [false]" type="java.lang.AssertionError">java.lang.AssertionError: expected [true] but found [false]
	at org.testng.Assert.fail(Assert.java:94)
	at org.testng.Assert.failNotEquals(Assert.java:494)
	at org.testng.Assert.assertTrue(Assert.java:42)
	at org.testng.Assert.assertTrue(Assert.java:52)
	at net.bigpoint.assessment.gasstation.implementation.StationImplTest.testBuyGas(StationImplTest.java:126)
</failure>
  </testcase>
  <testcase time="5.468" classname="net.bigpoint.assessment.gasstation.implementation.StationImplTest" name="testBuyGas">
    <failure message="expected [true] but found [false]" type="java.lang.AssertionError">java.lang.AssertionError: expected [true] but found [false]
	at org.testng.Assert.fail(Assert.java:94)
	at org.testng.Assert.failNotEquals(Assert.java:494)
	at org.testng.Assert.assertTrue(Assert.java:42)
	at org.testng.Assert.assertTrue(Assert.java:52)
	at net.bigpoint.assessment.gasstation.implementation.StationImplTest.testBuyGas(StationImplTest.java:126)
</failure>
    <system-err>Jul 06, 2014 12:56:51 PM net.bigpoint.assessment.gasstation.implementation.StationImplTest testBuyGas
SEVERE: Not enough gas
</system-err>
  </testcase>
  <testcase time="5.47" classname="net.bigpoint.assessment.gasstation.implementation.StationImplTest" name="testBuyGas">
    <failure message="expected [true] but found [false]" type="java.lang.AssertionError">java.lang.AssertionError: expected [true] but found [false]
	at org.testng.Assert.fail(Assert.java:94)
	at org.testng.Assert.failNotEquals(Assert.java:494)
	at org.testng.Assert.assertTrue(Assert.java:42)
	at org.testng.Assert.assertTrue(Assert.java:52)
	at net.bigpoint.assessment.gasstation.implementation.StationImplTest.testBuyGas(StationImplTest.java:126)
</failure>
    <system-err>Jul 06, 2014 12:56:51 PM net.bigpoint.assessment.gasstation.implementation.StationImplTest testBuyGas
SEVERE: Not enough gas
</system-err>
  </testcase>
  <testcase time="5.47" classname="net.bigpoint.assessment.gasstation.implementation.StationImplTest" name="testBuyGas">
    <failure message="expected [true] but found [false]" type="java.lang.AssertionError">java.lang.AssertionError: expected [true] but found [false]
	at org.testng.Assert.fail(Assert.java:94)
	at org.testng.Assert.failNotEquals(Assert.java:494)
	at org.testng.Assert.assertTrue(Assert.java:42)
	at org.testng.Assert.assertTrue(Assert.java:52)
	at net.bigpoint.assessment.gasstation.implementation.StationImplTest.testBuyGas(StationImplTest.java:126)
</failure>
    <system-err>Jul 06, 2014 12:56:51 PM net.bigpoint.assessment.gasstation.implementation.StationImplTest testBuyGas
SEVERE: Not enough gas
Jul 06, 2014 12:56:51 PM net.bigpoint.assessment.gasstation.implementation.StationImplTest testBuyGas
SEVERE: Not enough gas
</system-err>
  </testcase>
  <testcase time="5.47" classname="net.bigpoint.assessment.gasstation.implementation.StationImplTest" name="testBuyGas">
    <failure message="expected [true] but found [false]" type="java.lang.AssertionError">java.lang.AssertionError: expected [true] but found [false]
	at org.testng.Assert.fail(Assert.java:94)
	at org.testng.Assert.failNotEquals(Assert.java:494)
	at org.testng.Assert.assertTrue(Assert.java:42)
	at org.testng.Assert.assertTrue(Assert.java:52)
	at net.bigpoint.assessment.gasstation.implementation.StationImplTest.testBuyGas(StationImplTest.java:126)
</failure>
  </testcase>
  <testcase time="5.472" classname="net.bigpoint.assessment.gasstation.implementation.StationImplTest" name="testBuyGas">
    <failure message="expected [true] but found [false]" type="java.lang.AssertionError">java.lang.AssertionError: expected [true] but found [false]
	at org.testng.Assert.fail(Assert.java:94)
	at org.testng.Assert.failNotEquals(Assert.java:494)
	at org.testng.Assert.assertTrue(Assert.java:42)
	at org.testng.Assert.assertTrue(Assert.java:52)
	at net.bigpoint.assessment.gasstation.implementation.StationImplTest.testBuyGas(StationImplTest.java:126)
</failure>
    <system-err>Jul 06, 2014 12:56:51 PM net.bigpoint.assessment.gasstation.implementation.StationImplTest testBuyGas
SEVERE: Not enough gas
Jul 06, 2014 12:56:51 PM net.bigpoint.assessment.gasstation.implementation.StationImplTest testBuyGas
SEVERE: Not enough gas
</system-err>
  </testcase>
  <testcase time="5.472" classname="net.bigpoint.assessment.gasstation.implementation.StationImplTest" name="testBuyGas">
    <failure message="expected [true] but found [false]" type="java.lang.AssertionError">java.lang.AssertionError: expected [true] but found [false]
	at org.testng.Assert.fail(Assert.java:94)
	at org.testng.Assert.failNotEquals(Assert.java:494)
	at org.testng.Assert.assertTrue(Assert.java:42)
	at org.testng.Assert.assertTrue(Assert.java:52)
	at net.bigpoint.assessment.gasstation.implementation.StationImplTest.testBuyGas(StationImplTest.java:126)
</failure>
    <system-err>Jul 06, 2014 12:56:51 PM net.bigpoint.assessment.gasstation.implementation.StationImplTest testBuyGas
SEVERE: Not enough gas
</system-err>
  </testcase>
  <testcase time="5.473" classname="net.bigpoint.assessment.gasstation.implementation.StationImplTest" name="testBuyGas">
    <failure message="expected [true] but found [false]" type="java.lang.AssertionError">java.lang.AssertionError: expected [true] but found [false]
	at org.testng.Assert.fail(Assert.java:94)
	at org.testng.Assert.failNotEquals(Assert.java:494)
	at org.testng.Assert.assertTrue(Assert.java:42)
	at org.testng.Assert.assertTrue(Assert.java:52)
	at net.bigpoint.assessment.gasstation.implementation.StationImplTest.testBuyGas(StationImplTest.java:126)
</failure>
  </testcase>
  <testcase time="5.474" classname="net.bigpoint.assessment.gasstation.implementation.StationImplTest" name="testBuyGas">
    <failure message="expected [true] but found [false]" type="java.lang.AssertionError">java.lang.AssertionError: expected [true] but found [false]
	at org.testng.Assert.fail(Assert.java:94)
	at org.testng.Assert.failNotEquals(Assert.java:494)
	at org.testng.Assert.assertTrue(Assert.java:42)
	at org.testng.Assert.assertTrue(Assert.java:52)
	at net.bigpoint.assessment.gasstation.implementation.StationImplTest.testBuyGas(StationImplTest.java:126)
</failure>
    <system-err>Jul 06, 2014 12:56:51 PM net.bigpoint.assessment.gasstation.implementation.StationImplTest testBuyGas
SEVERE: Not enough gas
Jul 06, 2014 12:56:51 PM net.bigpoint.assessment.gasstation.implementation.StationImplTest testBuyGas
SEVERE: Not enough gas
</system-err>
  </testcase>
  <testcase time="5.475" classname="net.bigpoint.assessment.gasstation.implementation.StationImplTest" name="testBuyGas">
    <failure message="expected [true] but found [false]" type="java.lang.AssertionError">java.lang.AssertionError: expected [true] but found [false]
	at org.testng.Assert.fail(Assert.java:94)
	at org.testng.Assert.failNotEquals(Assert.java:494)
	at org.testng.Assert.assertTrue(Assert.java:42)
	at org.testng.Assert.assertTrue(Assert.java:52)
	at net.bigpoint.assessment.gasstation.implementation.StationImplTest.testBuyGas(StationImplTest.java:126)
</failure>
  </testcase>
  <testcase time="5.476" classname="net.bigpoint.assessment.gasstation.implementation.StationImplTest" name="testBuyGas">
    <failure message="expected [true] but found [false]" type="java.lang.AssertionError">java.lang.AssertionError: expected [true] but found [false]
	at org.testng.Assert.fail(Assert.java:94)
	at org.testng.Assert.failNotEquals(Assert.java:494)
	at org.testng.Assert.assertTrue(Assert.java:42)
	at org.testng.Assert.assertTrue(Assert.java:52)
	at net.bigpoint.assessment.gasstation.implementation.StationImplTest.testBuyGas(StationImplTest.java:126)
</failure>
    <system-err>Jul 06, 2014 12:56:51 PM net.bigpoint.assessment.gasstation.implementation.StationImplTest testBuyGas
SEVERE: Not enough gas
Jul 06, 2014 12:56:51 PM net.bigpoint.assessment.gasstation.implementation.StationImplTest testBuyGas
SEVERE: Not enough gas
</system-err>
  </testcase>
  <testcase time="5.476" classname="net.bigpoint.assessment.gasstation.implementation.StationImplTest" name="testBuyGas">
    <failure message="expected [true] but found [false]" type="java.lang.AssertionError">java.lang.AssertionError: expected [true] but found [false]
	at org.testng.Assert.fail(Assert.java:94)
	at org.testng.Assert.failNotEquals(Assert.java:494)
	at org.testng.Assert.assertTrue(Assert.java:42)
	at org.testng.Assert.assertTrue(Assert.java:52)
	at net.bigpoint.assessment.gasstation.implementation.StationImplTest.testBuyGas(StationImplTest.java:126)
</failure>
  </testcase>
  <testcase time="5.478" classname="net.bigpoint.assessment.gasstation.implementation.StationImplTest" name="testBuyGas">
    <failure message="expected [true] but found [false]" type="java.lang.AssertionError">java.lang.AssertionError: expected [true] but found [false]
	at org.testng.Assert.fail(Assert.java:94)
	at org.testng.Assert.failNotEquals(Assert.java:494)
	at org.testng.Assert.assertTrue(Assert.java:42)
	at org.testng.Assert.assertTrue(Assert.java:52)
	at net.bigpoint.assessment.gasstation.implementation.StationImplTest.testBuyGas(StationImplTest.java:126)
</failure>
    <system-err>Jul 06, 2014 12:56:51 PM net.bigpoint.assessment.gasstation.implementation.StationImplTest testBuyGas
SEVERE: Not enough gas
</system-err>
  </testcase>
  <testcase time="5.48" classname="net.bigpoint.assessment.gasstation.implementation.StationImplTest" name="testBuyGas">
    <failure message="expected [true] but found [false]" type="java.lang.AssertionError">java.lang.AssertionError: expected [true] but found [false]
	at org.testng.Assert.fail(Assert.java:94)
	at org.testng.Assert.failNotEquals(Assert.java:494)
	at org.testng.Assert.assertTrue(Assert.java:42)
	at org.testng.Assert.assertTrue(Assert.java:52)
	at net.bigpoint.assessment.gasstation.implementation.StationImplTest.testBuyGas(StationImplTest.java:126)
</failure>
    <system-err>Jul 06, 2014 12:56:51 PM net.bigpoint.assessment.gasstation.implementation.StationImplTest testBuyGas
SEVERE: Not enough gas
Jul 06, 2014 12:56:51 PM net.bigpoint.assessment.gasstation.implementation.StationImplTest testBuyGas
SEVERE: Not enough gas
</system-err>
  </testcase>
  <testcase time="5.48" classname="net.bigpoint.assessment.gasstation.implementation.StationImplTest" name="testBuyGas">
    <failure message="expected [true] but found [false]" type="java.lang.AssertionError">java.lang.AssertionError: expected [true] but found [false]
	at org.testng.Assert.fail(Assert.java:94)
	at org.testng.Assert.failNotEquals(Assert.java:494)
	at org.testng.Assert.assertTrue(Assert.java:42)
	at org.testng.Assert.assertTrue(Assert.java:52)
	at net.bigpoint.assessment.gasstation.implementation.StationImplTest.testBuyGas(StationImplTest.java:126)
</failure>
    <system-err>Jul 06, 2014 12:56:51 PM net.bigpoint.assessment.gasstation.implementation.StationImplTest testBuyGas
SEVERE: Not enough gas
</system-err>
  </testcase>
  <testcase time="5.48" classname="net.bigpoint.assessment.gasstation.implementation.StationImplTest" name="testBuyGas">
    <failure message="expected [true] but found [false]" type="java.lang.AssertionError">java.lang.AssertionError: expected [true] but found [false]
	at org.testng.Assert.fail(Assert.java:94)
	at org.testng.Assert.failNotEquals(Assert.java:494)
	at org.testng.Assert.assertTrue(Assert.java:42)
	at org.testng.Assert.assertTrue(Assert.java:52)
	at net.bigpoint.assessment.gasstation.implementation.StationImplTest.testBuyGas(StationImplTest.java:126)
</failure>
  </testcase>
  <testcase time="5.486" classname="net.bigpoint.assessment.gasstation.implementation.StationImplTest" name="testBuyGas">
    <failure message="expected [true] but found [false]" type="java.lang.AssertionError">java.lang.AssertionError: expected [true] but found [false]
	at org.testng.Assert.fail(Assert.java:94)
	at org.testng.Assert.failNotEquals(Assert.java:494)
	at org.testng.Assert.assertTrue(Assert.java:42)
	at org.testng.Assert.assertTrue(Assert.java:52)
	at net.bigpoint.assessment.gasstation.implementation.StationImplTest.testBuyGas(StationImplTest.java:126)
</failure>
    <system-err>Jul 06, 2014 12:56:51 PM net.bigpoint.assessment.gasstation.implementation.StationImplTest testBuyGas
SEVERE: Not enough gas
</system-err>
  </testcase>
  <testcase time="5.486" classname="net.bigpoint.assessment.gasstation.implementation.StationImplTest" name="testBuyGas">
    <failure message="expected [true] but found [false]" type="java.lang.AssertionError">java.lang.AssertionError: expected [true] but found [false]
	at org.testng.Assert.fail(Assert.java:94)
	at org.testng.Assert.failNotEquals(Assert.java:494)
	at org.testng.Assert.assertTrue(Assert.java:42)
	at org.testng.Assert.assertTrue(Assert.java:52)
	at net.bigpoint.assessment.gasstation.implementation.StationImplTest.testBuyGas(StationImplTest.java:126)
</failure>
    <system-err>Jul 06, 2014 12:56:51 PM net.bigpoint.assessment.gasstation.implementation.StationImplTest testBuyGas
SEVERE: Not enough gas
</system-err>
  </testcase>
  <testcase time="5.489" classname="net.bigpoint.assessment.gasstation.implementation.StationImplTest" name="testBuyGas">
    <failure message="expected [true] but found [false]" type="java.lang.AssertionError">java.lang.AssertionError: expected [true] but found [false]
	at org.testng.Assert.fail(Assert.java:94)
	at org.testng.Assert.failNotEquals(Assert.java:494)
	at org.testng.Assert.assertTrue(Assert.java:42)
	at org.testng.Assert.assertTrue(Assert.java:52)
	at net.bigpoint.assessment.gasstation.implementation.StationImplTest.testBuyGas(StationImplTest.java:126)
</failure>
    <system-err>Jul 06, 2014 12:56:51 PM net.bigpoint.assessment.gasstation.implementation.StationImplTest testBuyGas
SEVERE: Not enough gas
</system-err>
  </testcase>
  <testcase time="5.491" classname="net.bigpoint.assessment.gasstation.implementation.StationImplTest" name="testBuyGas">
    <failure message="expected [true] but found [false]" type="java.lang.AssertionError">java.lang.AssertionError: expected [true] but found [false]
	at org.testng.Assert.fail(Assert.java:94)
	at org.testng.Assert.failNotEquals(Assert.java:494)
	at org.testng.Assert.assertTrue(Assert.java:42)
	at org.testng.Assert.assertTrue(Assert.java:52)
	at net.bigpoint.assessment.gasstation.implementation.StationImplTest.testBuyGas(StationImplTest.java:126)
</failure>
    <system-err>Jul 06, 2014 12:56:51 PM net.bigpoint.assessment.gasstation.implementation.StationImplTest testBuyGas
SEVERE: Not enough gas
</system-err>
  </testcase>
  <testcase time="5.492" classname="net.bigpoint.assessment.gasstation.implementation.StationImplTest" name="testBuyGas">
    <failure message="expected [true] but found [false]" type="java.lang.AssertionError">java.lang.AssertionError: expected [true] but found [false]
	at org.testng.Assert.fail(Assert.java:94)
	at org.testng.Assert.failNotEquals(Assert.java:494)
	at org.testng.Assert.assertTrue(Assert.java:42)
	at org.testng.Assert.assertTrue(Assert.java:52)
	at net.bigpoint.assessment.gasstation.implementation.StationImplTest.testBuyGas(StationImplTest.java:126)
</failure>
    <system-err>Jul 06, 2014 12:56:51 PM net.bigpoint.assessment.gasstation.implementation.StationImplTest testBuyGas
SEVERE: Not enough gas
</system-err>
  </testcase>
  <testcase time="5.495" classname="net.bigpoint.assessment.gasstation.implementation.StationImplTest" name="testBuyGas">
    <failure message="expected [true] but found [false]" type="java.lang.AssertionError">java.lang.AssertionError: expected [true] but found [false]
	at org.testng.Assert.fail(Assert.java:94)
	at org.testng.Assert.failNotEquals(Assert.java:494)
	at org.testng.Assert.assertTrue(Assert.java:42)
	at org.testng.Assert.assertTrue(Assert.java:52)
	at net.bigpoint.assessment.gasstation.implementation.StationImplTest.testBuyGas(StationImplTest.java:126)
</failure>
    <system-err>Jul 06, 2014 12:56:51 PM net.bigpoint.assessment.gasstation.implementation.StationImplTest testBuyGas
SEVERE: Not enough gas
</system-err>
  </testcase>
  <testcase time="5.497" classname="net.bigpoint.assessment.gasstation.implementation.StationImplTest" name="testBuyGas">
    <failure message="expected [true] but found [false]" type="java.lang.AssertionError">java.lang.AssertionError: expected [true] but found [false]
	at org.testng.Assert.fail(Assert.java:94)
	at org.testng.Assert.failNotEquals(Assert.java:494)
	at org.testng.Assert.assertTrue(Assert.java:42)
	at org.testng.Assert.assertTrue(Assert.java:52)
	at net.bigpoint.assessment.gasstation.implementation.StationImplTest.testBuyGas(StationImplTest.java:126)
</failure>
    <system-err>Jul 06, 2014 12:56:51 PM net.bigpoint.assessment.gasstation.implementation.StationImplTest testBuyGas
SEVERE: Not enough gas
Jul 06, 2014 12:56:51 PM net.bigpoint.assessment.gasstation.implementation.StationImplTest testBuyGas
SEVERE: Not enough gas
</system-err>
  </testcase>
  <testcase time="5.497" classname="net.bigpoint.assessment.gasstation.implementation.StationImplTest" name="testBuyGas">
    <failure message="expected [true] but found [false]" type="java.lang.AssertionError">java.lang.AssertionError: expected [true] but found [false]
	at org.testng.Assert.fail(Assert.java:94)
	at org.testng.Assert.failNotEquals(Assert.java:494)
	at org.testng.Assert.assertTrue(Assert.java:42)
	at org.testng.Assert.assertTrue(Assert.java:52)
	at net.bigpoint.assessment.gasstation.implementation.StationImplTest.testBuyGas(StationImplTest.java:126)
</failure>
  </testcase>
  <testcase time="5.5" classname="net.bigpoint.assessment.gasstation.implementation.StationImplTest" name="testBuyGas">
    <failure message="expected [true] but found [false]" type="java.lang.AssertionError">java.lang.AssertionError: expected [true] but found [false]
	at org.testng.Assert.fail(Assert.java:94)
	at org.testng.Assert.failNotEquals(Assert.java:494)
	at org.testng.Assert.assertTrue(Assert.java:42)
	at org.testng.Assert.assertTrue(Assert.java:52)
	at net.bigpoint.assessment.gasstation.implementation.StationImplTest.testBuyGas(StationImplTest.java:126)
</failure>
    <system-err>Jul 06, 2014 12:56:51 PM net.bigpoint.assessment.gasstation.implementation.StationImplTest testBuyGas
SEVERE: Not enough gas
</system-err>
  </testcase>
  <testcase time="5.502" classname="net.bigpoint.assessment.gasstation.implementation.StationImplTest" name="testBuyGas">
    <failure message="expected [true] but found [false]" type="java.lang.AssertionError">java.lang.AssertionError: expected [true] but found [false]
	at org.testng.Assert.fail(Assert.java:94)
	at org.testng.Assert.failNotEquals(Assert.java:494)
	at org.testng.Assert.assertTrue(Assert.java:42)
	at org.testng.Assert.assertTrue(Assert.java:52)
	at net.bigpoint.assessment.gasstation.implementation.StationImplTest.testBuyGas(StationImplTest.java:126)
</failure>
    <system-err>Jul 06, 2014 12:56:51 PM net.bigpoint.assessment.gasstation.implementation.StationImplTest testBuyGas
SEVERE: Not enough gas
</system-err>
  </testcase>
  <testcase time="5.504" classname="net.bigpoint.assessment.gasstation.implementation.StationImplTest" name="testBuyGas">
    <failure message="expected [true] but found [false]" type="java.lang.AssertionError">java.lang.AssertionError: expected [true] but found [false]
	at org.testng.Assert.fail(Assert.java:94)
	at org.testng.Assert.failNotEquals(Assert.java:494)
	at org.testng.Assert.assertTrue(Assert.java:42)
	at org.testng.Assert.assertTrue(Assert.java:52)
	at net.bigpoint.assessment.gasstation.implementation.StationImplTest.testBuyGas(StationImplTest.java:126)
</failure>
    <system-err>Jul 06, 2014 12:56:51 PM net.bigpoint.assessment.gasstation.implementation.StationImplTest testBuyGas
SEVERE: Not enough gas
Jul 06, 2014 12:56:51 PM net.bigpoint.assessment.gasstation.implementation.StationImplTest testBuyGas
SEVERE: Not enough gas
</system-err>
  </testcase>
  <testcase time="5.504" classname="net.bigpoint.assessment.gasstation.implementation.StationImplTest" name="testBuyGas">
    <failure message="expected [true] but found [false]" type="java.lang.AssertionError">java.lang.AssertionError: expected [true] but found [false]
	at org.testng.Assert.fail(Assert.java:94)
	at org.testng.Assert.failNotEquals(Assert.java:494)
	at org.testng.Assert.assertTrue(Assert.java:42)
	at org.testng.Assert.assertTrue(Assert.java:52)
	at net.bigpoint.assessment.gasstation.implementation.StationImplTest.testBuyGas(StationImplTest.java:126)
</failure>
  </testcase>
  <testcase time="5.506" classname="net.bigpoint.assessment.gasstation.implementation.StationImplTest" name="testBuyGas">
    <failure message="expected [true] but found [false]" type="java.lang.AssertionError">java.lang.AssertionError: expected [true] but found [false]
	at org.testng.Assert.fail(Assert.java:94)
	at org.testng.Assert.failNotEquals(Assert.java:494)
	at org.testng.Assert.assertTrue(Assert.java:42)
	at org.testng.Assert.assertTrue(Assert.java:52)
	at net.bigpoint.assessment.gasstation.implementation.StationImplTest.testBuyGas(StationImplTest.java:126)
</failure>
    <system-err>Jul 06, 2014 12:56:51 PM net.bigpoint.assessment.gasstation.implementation.StationImplTest testBuyGas
SEVERE: Not enough gas
</system-err>
  </testcase>
  <testcase time="5.507" classname="net.bigpoint.assessment.gasstation.implementation.StationImplTest" name="testBuyGas">
    <failure message="expected [true] but found [false]" type="java.lang.AssertionError">java.lang.AssertionError: expected [true] but found [false]
	at org.testng.Assert.fail(Assert.java:94)
	at org.testng.Assert.failNotEquals(Assert.java:494)
	at org.testng.Assert.assertTrue(Assert.java:42)
	at org.testng.Assert.assertTrue(Assert.java:52)
	at net.bigpoint.assessment.gasstation.implementation.StationImplTest.testBuyGas(StationImplTest.java:126)
</failure>
    <system-err>Jul 06, 2014 12:56:51 PM net.bigpoint.assessment.gasstation.implementation.StationImplTest testBuyGas
SEVERE: Not enough gas
</system-err>
  </testcase>
  <testcase time="5.509" classname="net.bigpoint.assessment.gasstation.implementation.StationImplTest" name="testBuyGas">
    <failure message="expected [true] but found [false]" type="java.lang.AssertionError">java.lang.AssertionError: expected [true] but found [false]
	at org.testng.Assert.fail(Assert.java:94)
	at org.testng.Assert.failNotEquals(Assert.java:494)
	at org.testng.Assert.assertTrue(Assert.java:42)
	at org.testng.Assert.assertTrue(Assert.java:52)
	at net.bigpoint.assessment.gasstation.implementation.StationImplTest.testBuyGas(StationImplTest.java:126)
</failure>
    <system-err>Jul 06, 2014 12:56:51 PM net.bigpoint.assessment.gasstation.implementation.StationImplTest testBuyGas
SEVERE: Not enough gas
</system-err>
  </testcase>
  <testcase time="5.51" classname="net.bigpoint.assessment.gasstation.implementation.StationImplTest" name="testBuyGas">
    <failure message="expected [true] but found [false]" type="java.lang.AssertionError">java.lang.AssertionError: expected [true] but found [false]
	at org.testng.Assert.fail(Assert.java:94)
	at org.testng.Assert.failNotEquals(Assert.java:494)
	at org.testng.Assert.assertTrue(Assert.java:42)
	at org.testng.Assert.assertTrue(Assert.java:52)
	at net.bigpoint.assessment.gasstation.implementation.StationImplTest.testBuyGas(StationImplTest.java:126)
</failure>
    <system-err>Jul 06, 2014 12:56:51 PM net.bigpoint.assessment.gasstation.implementation.StationImplTest testBuyGas
SEVERE: Not enough gas
</system-err>
  </testcase>
  <testcase time="5.512" classname="net.bigpoint.assessment.gasstation.implementation.StationImplTest" name="testBuyGas">
    <failure message="expected [true] but found [false]" type="java.lang.AssertionError">java.lang.AssertionError: expected [true] but found [false]
	at org.testng.Assert.fail(Assert.java:94)
	at org.testng.Assert.failNotEquals(Assert.java:494)
	at org.testng.Assert.assertTrue(Assert.java:42)
	at org.testng.Assert.assertTrue(Assert.java:52)
	at net.bigpoint.assessment.gasstation.implementation.StationImplTest.testBuyGas(StationImplTest.java:126)
</failure>
    <system-err>Jul 06, 2014 12:56:51 PM net.bigpoint.assessment.gasstation.implementation.StationImplTest testBuyGas
SEVERE: Not enough gas
</system-err>
  </testcase>
  <testcase time="5.513" classname="net.bigpoint.assessment.gasstation.implementation.StationImplTest" name="testBuyGas">
    <failure message="expected [true] but found [false]" type="java.lang.AssertionError">java.lang.AssertionError: expected [true] but found [false]
	at org.testng.Assert.fail(Assert.java:94)
	at org.testng.Assert.failNotEquals(Assert.java:494)
	at org.testng.Assert.assertTrue(Assert.java:42)
	at org.testng.Assert.assertTrue(Assert.java:52)
	at net.bigpoint.assessment.gasstation.implementation.StationImplTest.testBuyGas(StationImplTest.java:126)
</failure>
    <system-err>Jul 06, 2014 12:56:51 PM net.bigpoint.assessment.gasstation.implementation.StationImplTest testBuyGas
SEVERE: Not enough gas
Jul 06, 2014 12:56:51 PM net.bigpoint.assessment.gasstation.implementation.StationImplTest testBuyGas
SEVERE: Not enough gas
</system-err>
  </testcase>
  <testcase time="5.514" classname="net.bigpoint.assessment.gasstation.implementation.StationImplTest" name="testBuyGas">
    <failure message="expected [true] but found [false]" type="java.lang.AssertionError">java.lang.AssertionError: expected [true] but found [false]
	at org.testng.Assert.fail(Assert.java:94)
	at org.testng.Assert.failNotEquals(Assert.java:494)
	at org.testng.Assert.assertTrue(Assert.java:42)
	at org.testng.Assert.assertTrue(Assert.java:52)
	at net.bigpoint.assessment.gasstation.implementation.StationImplTest.testBuyGas(StationImplTest.java:126)
</failure>
  </testcase>
  <testcase time="5.516" classname="net.bigpoint.assessment.gasstation.implementation.StationImplTest" name="testBuyGas">
    <failure message="expected [true] but found [false]" type="java.lang.AssertionError">java.lang.AssertionError: expected [true] but found [false]
	at org.testng.Assert.fail(Assert.java:94)
	at org.testng.Assert.failNotEquals(Assert.java:494)
	at org.testng.Assert.assertTrue(Assert.java:42)
	at org.testng.Assert.assertTrue(Assert.java:52)
	at net.bigpoint.assessment.gasstation.implementation.StationImplTest.testBuyGas(StationImplTest.java:126)
</failure>
    <system-err>Jul 06, 2014 12:56:51 PM net.bigpoint.assessment.gasstation.implementation.StationImplTest testBuyGas
SEVERE: Not enough gas
Jul 06, 2014 12:56:51 PM net.bigpoint.assessment.gasstation.implementation.StationImplTest testBuyGas
SEVERE: Not enough gas
Jul 06, 2014 12:56:51 PM net.bigpoint.assessment.gasstation.implementation.StationImplTest testBuyGas
SEVERE: Not enough gas
</system-err>
  </testcase>
  <testcase time="5.517" classname="net.bigpoint.assessment.gasstation.implementation.StationImplTest" name="testBuyGas">
    <failure message="expected [true] but found [false]" type="java.lang.AssertionError">java.lang.AssertionError: expected [true] but found [false]
	at org.testng.Assert.fail(Assert.java:94)
	at org.testng.Assert.failNotEquals(Assert.java:494)
	at org.testng.Assert.assertTrue(Assert.java:42)
	at org.testng.Assert.assertTrue(Assert.java:52)
	at net.bigpoint.assessment.gasstation.implementation.StationImplTest.testBuyGas(StationImplTest.java:126)
</failure>
  </testcase>
  <testcase time="5.517" classname="net.bigpoint.assessment.gasstation.implementation.StationImplTest" name="testBuyGas">
    <failure message="expected [true] but found [false]" type="java.lang.AssertionError">java.lang.AssertionError: expected [true] but found [false]
	at org.testng.Assert.fail(Assert.java:94)
	at org.testng.Assert.failNotEquals(Assert.java:494)
	at org.testng.Assert.assertTrue(Assert.java:42)
	at org.testng.Assert.assertTrue(Assert.java:52)
	at net.bigpoint.assessment.gasstation.implementation.StationImplTest.testBuyGas(StationImplTest.java:126)
</failure>
  </testcase>
  <testcase time="5.519" classname="net.bigpoint.assessment.gasstation.implementation.StationImplTest" name="testBuyGas">
    <failure message="expected [true] but found [false]" type="java.lang.AssertionError">java.lang.AssertionError: expected [true] but found [false]
	at org.testng.Assert.fail(Assert.java:94)
	at org.testng.Assert.failNotEquals(Assert.java:494)
	at org.testng.Assert.assertTrue(Assert.java:42)
	at org.testng.Assert.assertTrue(Assert.java:52)
	at net.bigpoint.assessment.gasstation.implementation.StationImplTest.testBuyGas(StationImplTest.java:126)
</failure>
    <system-err>Jul 06, 2014 12:56:51 PM net.bigpoint.assessment.gasstation.implementation.StationImplTest testBuyGas
SEVERE: Not enough gas
Jul 06, 2014 12:56:51 PM net.bigpoint.assessment.gasstation.implementation.StationImplTest testBuyGas
SEVERE: Not enough gas
</system-err>
  </testcase>
  <testcase time="5.519" classname="net.bigpoint.assessment.gasstation.implementation.StationImplTest" name="testBuyGas">
    <failure message="expected [true] but found [false]" type="java.lang.AssertionError">java.lang.AssertionError: expected [true] but found [false]
	at org.testng.Assert.fail(Assert.java:94)
	at org.testng.Assert.failNotEquals(Assert.java:494)
	at org.testng.Assert.assertTrue(Assert.java:42)
	at org.testng.Assert.assertTrue(Assert.java:52)
	at net.bigpoint.assessment.gasstation.implementation.StationImplTest.testBuyGas(StationImplTest.java:126)
</failure>
  </testcase>
  <testcase time="5.522" classname="net.bigpoint.assessment.gasstation.implementation.StationImplTest" name="testBuyGas">
    <failure message="expected [true] but found [false]" type="java.lang.AssertionError">java.lang.AssertionError: expected [true] but found [false]
	at org.testng.Assert.fail(Assert.java:94)
	at org.testng.Assert.failNotEquals(Assert.java:494)
	at org.testng.Assert.assertTrue(Assert.java:42)
	at org.testng.Assert.assertTrue(Assert.java:52)
	at net.bigpoint.assessment.gasstation.implementation.StationImplTest.testBuyGas(StationImplTest.java:126)
</failure>
    <system-err>Jul 06, 2014 12:56:51 PM net.bigpoint.assessment.gasstation.implementation.StationImplTest testBuyGas
SEVERE: Not enough gas
</system-err>
  </testcase>
  <testcase time="5.524" classname="net.bigpoint.assessment.gasstation.implementation.StationImplTest" name="testBuyGas">
    <failure message="expected [true] but found [false]" type="java.lang.AssertionError">java.lang.AssertionError: expected [true] but found [false]
	at org.testng.Assert.fail(Assert.java:94)
	at org.testng.Assert.failNotEquals(Assert.java:494)
	at org.testng.Assert.assertTrue(Assert.java:42)
	at org.testng.Assert.assertTrue(Assert.java:52)
	at net.bigpoint.assessment.gasstation.implementation.StationImplTest.testBuyGas(StationImplTest.java:126)
</failure>
    <system-err>Jul 06, 2014 12:56:51 PM net.bigpoint.assessment.gasstation.implementation.StationImplTest testBuyGas
SEVERE: Not enough gas
</system-err>
  </testcase>
  <testcase time="5.525" classname="net.bigpoint.assessment.gasstation.implementation.StationImplTest" name="testBuyGas">
    <failure message="expected [true] but found [false]" type="java.lang.AssertionError">java.lang.AssertionError: expected [true] but found [false]
	at org.testng.Assert.fail(Assert.java:94)
	at org.testng.Assert.failNotEquals(Assert.java:494)
	at org.testng.Assert.assertTrue(Assert.java:42)
	at org.testng.Assert.assertTrue(Assert.java:52)
	at net.bigpoint.assessment.gasstation.implementation.StationImplTest.testBuyGas(StationImplTest.java:126)
</failure>
    <system-err>Jul 06, 2014 12:56:51 PM net.bigpoint.assessment.gasstation.implementation.StationImplTest testBuyGas
SEVERE: Not enough gas
</system-err>
  </testcase>
  <testcase time="5.528" classname="net.bigpoint.assessment.gasstation.implementation.StationImplTest" name="testBuyGas">
    <failure message="expected [true] but found [false]" type="java.lang.AssertionError">java.lang.AssertionError: expected [true] but found [false]
	at org.testng.Assert.fail(Assert.java:94)
	at org.testng.Assert.failNotEquals(Assert.java:494)
	at org.testng.Assert.assertTrue(Assert.java:42)
	at org.testng.Assert.assertTrue(Assert.java:52)
	at net.bigpoint.assessment.gasstation.implementation.StationImplTest.testBuyGas(StationImplTest.java:126)
</failure>
    <system-err>Jul 06, 2014 12:56:51 PM net.bigpoint.assessment.gasstation.implementation.StationImplTest testBuyGas
SEVERE: Not enough gas
Jul 06, 2014 12:56:51 PM net.bigpoint.assessment.gasstation.implementation.StationImplTest testBuyGas
SEVERE: Not enough gas
</system-err>
  </testcase>
  <testcase time="5.528" classname="net.bigpoint.assessment.gasstation.implementation.StationImplTest" name="testBuyGas">
    <failure message="expected [true] but found [false]" type="java.lang.AssertionError">java.lang.AssertionError: expected [true] but found [false]
	at org.testng.Assert.fail(Assert.java:94)
	at org.testng.Assert.failNotEquals(Assert.java:494)
	at org.testng.Assert.assertTrue(Assert.java:42)
	at org.testng.Assert.assertTrue(Assert.java:52)
	at net.bigpoint.assessment.gasstation.implementation.StationImplTest.testBuyGas(StationImplTest.java:126)
</failure>
  </testcase>
  <testcase time="5.529" classname="net.bigpoint.assessment.gasstation.implementation.StationImplTest" name="testBuyGas">
    <failure message="expected [true] but found [false]" type="java.lang.AssertionError">java.lang.AssertionError: expected [true] but found [false]
	at org.testng.Assert.fail(Assert.java:94)
	at org.testng.Assert.failNotEquals(Assert.java:494)
	at org.testng.Assert.assertTrue(Assert.java:42)
	at org.testng.Assert.assertTrue(Assert.java:52)
	at net.bigpoint.assessment.gasstation.implementation.StationImplTest.testBuyGas(StationImplTest.java:126)
</failure>
    <system-err>Jul 06, 2014 12:56:51 PM net.bigpoint.assessment.gasstation.implementation.StationImplTest testBuyGas
SEVERE: Not enough gas
</system-err>
  </testcase>
  <testcase time="5.53" classname="net.bigpoint.assessment.gasstation.implementation.StationImplTest" name="testBuyGas">
    <failure message="expected [true] but found [false]" type="java.lang.AssertionError">java.lang.AssertionError: expected [true] but found [false]
	at org.testng.Assert.fail(Assert.java:94)
	at org.testng.Assert.failNotEquals(Assert.java:494)
	at org.testng.Assert.assertTrue(Assert.java:42)
	at org.testng.Assert.assertTrue(Assert.java:52)
	at net.bigpoint.assessment.gasstation.implementation.StationImplTest.testBuyGas(StationImplTest.java:126)
</failure>
    <system-err>Jul 06, 2014 12:56:51 PM net.bigpoint.assessment.gasstation.implementation.StationImplTest testBuyGas
SEVERE: Not enough gas
Jul 06, 2014 12:56:51 PM net.bigpoint.assessment.gasstation.implementation.StationImplTest testBuyGas
SEVERE: Not enough gas
Jul 06, 2014 12:56:51 PM net.bigpoint.assessment.gasstation.implementation.StationImplTest testBuyGas
SEVERE: Not enough gas
</system-err>
  </testcase>
  <testcase time="5.531" classname="net.bigpoint.assessment.gasstation.implementation.StationImplTest" name="testBuyGas">
    <failure message="expected [true] but found [false]" type="java.lang.AssertionError">java.lang.AssertionError: expected [true] but found [false]
	at org.testng.Assert.fail(Assert.java:94)
	at org.testng.Assert.failNotEquals(Assert.java:494)
	at org.testng.Assert.assertTrue(Assert.java:42)
	at org.testng.Assert.assertTrue(Assert.java:52)
	at net.bigpoint.assessment.gasstation.implementation.StationImplTest.testBuyGas(StationImplTest.java:126)
</failure>
  </testcase>
  <testcase time="5.531" classname="net.bigpoint.assessment.gasstation.implementation.StationImplTest" name="testBuyGas">
    <failure message="expected [true] but found [false]" type="java.lang.AssertionError">java.lang.AssertionError: expected [true] but found [false]
	at org.testng.Assert.fail(Assert.java:94)
	at org.testng.Assert.failNotEquals(Assert.java:494)
	at org.testng.Assert.assertTrue(Assert.java:42)
	at org.testng.Assert.assertTrue(Assert.java:52)
	at net.bigpoint.assessment.gasstation.implementation.StationImplTest.testBuyGas(StationImplTest.java:126)
</failure>
  </testcase>
  <testcase time="5.533" classname="net.bigpoint.assessment.gasstation.implementation.StationImplTest" name="testBuyGas">
    <failure message="expected [true] but found [false]" type="java.lang.AssertionError">java.lang.AssertionError: expected [true] but found [false]
	at org.testng.Assert.fail(Assert.java:94)
	at org.testng.Assert.failNotEquals(Assert.java:494)
	at org.testng.Assert.assertTrue(Assert.java:42)
	at org.testng.Assert.assertTrue(Assert.java:52)
	at net.bigpoint.assessment.gasstation.implementation.StationImplTest.testBuyGas(StationImplTest.java:126)
</failure>
    <system-err>Jul 06, 2014 12:56:51 PM net.bigpoint.assessment.gasstation.implementation.StationImplTest testBuyGas
SEVERE: Not enough gas
Jul 06, 2014 12:56:51 PM net.bigpoint.assessment.gasstation.implementation.StationImplTest testBuyGas
SEVERE: Not enough gas
</system-err>
  </testcase>
  <testcase time="5.533" classname="net.bigpoint.assessment.gasstation.implementation.StationImplTest" name="testBuyGas">
    <failure message="expected [true] but found [false]" type="java.lang.AssertionError">java.lang.AssertionError: expected [true] but found [false]
	at org.testng.Assert.fail(Assert.java:94)
	at org.testng.Assert.failNotEquals(Assert.java:494)
	at org.testng.Assert.assertTrue(Assert.java:42)
	at org.testng.Assert.assertTrue(Assert.java:52)
	at net.bigpoint.assessment.gasstation.implementation.StationImplTest.testBuyGas(StationImplTest.java:126)
</failure>
  </testcase>
  <testcase time="5.535" classname="net.bigpoint.assessment.gasstation.implementation.StationImplTest" name="testBuyGas">
    <failure message="expected [true] but found [false]" type="java.lang.AssertionError">java.lang.AssertionError: expected [true] but found [false]
	at org.testng.Assert.fail(Assert.java:94)
	at org.testng.Assert.failNotEquals(Assert.java:494)
	at org.testng.Assert.assertTrue(Assert.java:42)
	at org.testng.Assert.assertTrue(Assert.java:52)
	at net.bigpoint.assessment.gasstation.implementation.StationImplTest.testBuyGas(StationImplTest.java:126)
</failure>
    <system-err>Jul 06, 2014 12:56:51 PM net.bigpoint.assessment.gasstation.implementation.StationImplTest testBuyGas
SEVERE: Not enough gas
</system-err>
  </testcase>
  <testcase time="5.536" classname="net.bigpoint.assessment.gasstation.implementation.StationImplTest" name="testBuyGas">
    <failure message="expected [true] but found [false]" type="java.lang.AssertionError">java.lang.AssertionError: expected [true] but found [false]
	at org.testng.Assert.fail(Assert.java:94)
	at org.testng.Assert.failNotEquals(Assert.java:494)
	at org.testng.Assert.assertTrue(Assert.java:42)
	at org.testng.Assert.assertTrue(Assert.java:52)
	at net.bigpoint.assessment.gasstation.implementation.StationImplTest.testBuyGas(StationImplTest.java:126)
</failure>
    <system-err>Jul 06, 2014 12:56:51 PM net.bigpoint.assessment.gasstation.implementation.StationImplTest testBuyGas
SEVERE: Not enough gas
Jul 06, 2014 12:56:51 PM net.bigpoint.assessment.gasstation.implementation.StationImplTest testBuyGas
SEVERE: Not enough gas
</system-err>
  </testcase>
  <testcase time="5.537" classname="net.bigpoint.assessment.gasstation.implementation.StationImplTest" name="testBuyGas">
    <failure message="expected [true] but found [false]" type="java.lang.AssertionError">java.lang.AssertionError: expected [true] but found [false]
	at org.testng.Assert.fail(Assert.java:94)
	at org.testng.Assert.failNotEquals(Assert.java:494)
	at org.testng.Assert.assertTrue(Assert.java:42)
	at org.testng.Assert.assertTrue(Assert.java:52)
	at net.bigpoint.assessment.gasstation.implementation.StationImplTest.testBuyGas(StationImplTest.java:126)
</failure>
  </testcase>
  <testcase time="5.537" classname="net.bigpoint.assessment.gasstation.implementation.StationImplTest" name="testBuyGas">
    <failure message="expected [true] but found [false]" type="java.lang.AssertionError">java.lang.AssertionError: expected [true] but found [false]
	at org.testng.Assert.fail(Assert.java:94)
	at org.testng.Assert.failNotEquals(Assert.java:494)
	at org.testng.Assert.assertTrue(Assert.java:42)
	at org.testng.Assert.assertTrue(Assert.java:52)
	at net.bigpoint.assessment.gasstation.implementation.StationImplTest.testBuyGas(StationImplTest.java:126)
</failure>
    <system-err>Jul 06, 2014 12:56:51 PM net.bigpoint.assessment.gasstation.implementation.StationImplTest testBuyGas
SEVERE: Not enough gas
Jul 06, 2014 12:56:51 PM net.bigpoint.assessment.gasstation.implementation.StationImplTest testBuyGas
SEVERE: Not enough gas
</system-err>
  </testcase>
  <testcase time="5.537" classname="net.bigpoint.assessment.gasstation.implementation.StationImplTest" name="testBuyGas">
    <failure message="expected [true] but found [false]" type="java.lang.AssertionError">java.lang.AssertionError: expected [true] but found [false]
	at org.testng.Assert.fail(Assert.java:94)
	at org.testng.Assert.failNotEquals(Assert.java:494)
	at org.testng.Assert.assertTrue(Assert.java:42)
	at org.testng.Assert.assertTrue(Assert.java:52)
	at net.bigpoint.assessment.gasstation.implementation.StationImplTest.testBuyGas(StationImplTest.java:126)
</failure>
    <system-err>Jul 06, 2014 12:56:51 PM net.bigpoint.assessment.gasstation.implementation.StationImplTest testBuyGas
SEVERE: Not enough gas
</system-err>
  </testcase>
  <testcase time="5.537" classname="net.bigpoint.assessment.gasstation.implementation.StationImplTest" name="testBuyGas">
    <failure message="expected [true] but found [false]" type="java.lang.AssertionError">java.lang.AssertionError: expected [true] but found [false]
	at org.testng.Assert.fail(Assert.java:94)
	at org.testng.Assert.failNotEquals(Assert.java:494)
	at org.testng.Assert.assertTrue(Assert.java:42)
	at org.testng.Assert.assertTrue(Assert.java:52)
	at net.bigpoint.assessment.gasstation.implementation.StationImplTest.testBuyGas(StationImplTest.java:126)
</failure>
    <system-err>Jul 06, 2014 12:56:51 PM net.bigpoint.assessment.gasstation.implementation.StationImplTest testBuyGas
SEVERE: Not enough gas
</system-err>
  </testcase>
  <testcase time="5.538" classname="net.bigpoint.assessment.gasstation.implementation.StationImplTest" name="testBuyGas">
    <failure message="expected [true] but found [false]" type="java.lang.AssertionError">java.lang.AssertionError: expected [true] but found [false]
	at org.testng.Assert.fail(Assert.java:94)
	at org.testng.Assert.failNotEquals(Assert.java:494)
	at org.testng.Assert.assertTrue(Assert.java:42)
	at org.testng.Assert.assertTrue(Assert.java:52)
	at net.bigpoint.assessment.gasstation.implementation.StationImplTest.testBuyGas(StationImplTest.java:126)
</failure>
    <system-err>Jul 06, 2014 12:56:51 PM net.bigpoint.assessment.gasstation.implementation.StationImplTest testBuyGas
SEVERE: Not enough gas
</system-err>
  </testcase>
  <testcase time="5.538" classname="net.bigpoint.assessment.gasstation.implementation.StationImplTest" name="testBuyGas">
    <failure message="expected [true] but found [false]" type="java.lang.AssertionError">java.lang.AssertionError: expected [true] but found [false]
	at org.testng.Assert.fail(Assert.java:94)
	at org.testng.Assert.failNotEquals(Assert.java:494)
	at org.testng.Assert.assertTrue(Assert.java:42)
	at org.testng.Assert.assertTrue(Assert.java:52)
	at net.bigpoint.assessment.gasstation.implementation.StationImplTest.testBuyGas(StationImplTest.java:126)
</failure>
  </testcase>
  <testcase time="5.54" classname="net.bigpoint.assessment.gasstation.implementation.StationImplTest" name="testBuyGas">
    <failure message="expected [true] but found [false]" type="java.lang.AssertionError">java.lang.AssertionError: expected [true] but found [false]
	at org.testng.Assert.fail(Assert.java:94)
	at org.testng.Assert.failNotEquals(Assert.java:494)
	at org.testng.Assert.assertTrue(Assert.java:42)
	at org.testng.Assert.assertTrue(Assert.java:52)
	at net.bigpoint.assessment.gasstation.implementation.StationImplTest.testBuyGas(StationImplTest.java:126)
</failure>
    <system-err>Jul 06, 2014 12:56:51 PM net.bigpoint.assessment.gasstation.implementation.StationImplTest testBuyGas
SEVERE: Not enough gas
Jul 06, 2014 12:56:51 PM net.bigpoint.assessment.gasstation.implementation.StationImplTest testBuyGas
SEVERE: Not enough gas
Jul 06, 2014 12:56:51 PM net.bigpoint.assessment.gasstation.implementation.StationImplTest testBuyGas
SEVERE: Not enough gas
</system-err>
  </testcase>
  <testcase time="5.54" classname="net.bigpoint.assessment.gasstation.implementation.StationImplTest" name="testBuyGas">
    <failure message="expected [true] but found [false]" type="java.lang.AssertionError">java.lang.AssertionError: expected [true] but found [false]
	at org.testng.Assert.fail(Assert.java:94)
	at org.testng.Assert.failNotEquals(Assert.java:494)
	at org.testng.Assert.assertTrue(Assert.java:42)
	at org.testng.Assert.assertTrue(Assert.java:52)
	at net.bigpoint.assessment.gasstation.implementation.StationImplTest.testBuyGas(StationImplTest.java:126)
</failure>
  </testcase>
  <testcase time="5.54" classname="net.bigpoint.assessment.gasstation.implementation.StationImplTest" name="testBuyGas">
    <failure message="expected [true] but found [false]" type="java.lang.AssertionError">java.lang.AssertionError: expected [true] but found [false]
	at org.testng.Assert.fail(Assert.java:94)
	at org.testng.Assert.failNotEquals(Assert.java:494)
	at org.testng.Assert.assertTrue(Assert.java:42)
	at org.testng.Assert.assertTrue(Assert.java:52)
	at net.bigpoint.assessment.gasstation.implementation.StationImplTest.testBuyGas(StationImplTest.java:126)
</failure>
    <system-err>Jul 06, 2014 12:56:51 PM net.bigpoint.assessment.gasstation.implementation.StationImplTest testBuyGas
SEVERE: Not enough gas
</system-err>
  </testcase>
  <testcase time="5.541" classname="net.bigpoint.assessment.gasstation.implementation.StationImplTest" name="testBuyGas">
    <failure message="expected [true] but found [false]" type="java.lang.AssertionError">java.lang.AssertionError: expected [true] but found [false]
	at org.testng.Assert.fail(Assert.java:94)
	at org.testng.Assert.failNotEquals(Assert.java:494)
	at org.testng.Assert.assertTrue(Assert.java:42)
	at org.testng.Assert.assertTrue(Assert.java:52)
	at net.bigpoint.assessment.gasstation.implementation.StationImplTest.testBuyGas(StationImplTest.java:126)
</failure>
  </testcase>
  <testcase time="5.542" classname="net.bigpoint.assessment.gasstation.implementation.StationImplTest" name="testBuyGas">
    <failure message="expected [true] but found [false]" type="java.lang.AssertionError">java.lang.AssertionError: expected [true] but found [false]
	at org.testng.Assert.fail(Assert.java:94)
	at org.testng.Assert.failNotEquals(Assert.java:494)
	at org.testng.Assert.assertTrue(Assert.java:42)
	at org.testng.Assert.assertTrue(Assert.java:52)
	at net.bigpoint.assessment.gasstation.implementation.StationImplTest.testBuyGas(StationImplTest.java:126)
</failure>
    <system-err>Jul 06, 2014 12:56:51 PM net.bigpoint.assessment.gasstation.implementation.StationImplTest testBuyGas
SEVERE: Not enough gas
Jul 06, 2014 12:56:51 PM net.bigpoint.assessment.gasstation.implementation.StationImplTest testBuyGas
SEVERE: Not enough gas
Jul 06, 2014 12:56:51 PM net.bigpoint.assessment.gasstation.implementation.StationImplTest testBuyGas
SEVERE: Not enough gas
</system-err>
  </testcase>
  <testcase time="5.542" classname="net.bigpoint.assessment.gasstation.implementation.StationImplTest" name="testBuyGas">
    <failure message="expected [true] but found [false]" type="java.lang.AssertionError">java.lang.AssertionError: expected [true] but found [false]
	at org.testng.Assert.fail(Assert.java:94)
	at org.testng.Assert.failNotEquals(Assert.java:494)
	at org.testng.Assert.assertTrue(Assert.java:42)
	at org.testng.Assert.assertTrue(Assert.java:52)
	at net.bigpoint.assessment.gasstation.implementation.StationImplTest.testBuyGas(StationImplTest.java:126)
</failure>
  </testcase>
  <testcase time="5.543" classname="net.bigpoint.assessment.gasstation.implementation.StationImplTest" name="testBuyGas">
    <failure message="expected [true] but found [false]" type="java.lang.AssertionError">java.lang.AssertionError: expected [true] but found [false]
	at org.testng.Assert.fail(Assert.java:94)
	at org.testng.Assert.failNotEquals(Assert.java:494)
	at org.testng.Assert.assertTrue(Assert.java:42)
	at org.testng.Assert.assertTrue(Assert.java:52)
	at net.bigpoint.assessment.gasstation.implementation.StationImplTest.testBuyGas(StationImplTest.java:126)
</failure>
    <system-err>Jul 06, 2014 12:56:51 PM net.bigpoint.assessment.gasstation.implementation.StationImplTest testBuyGas
SEVERE: Not enough gas
</system-err>
  </testcase>
  <testcase time="5.543" classname="net.bigpoint.assessment.gasstation.implementation.StationImplTest" name="testBuyGas">
    <failure message="expected [true] but found [false]" type="java.lang.AssertionError">java.lang.AssertionError: expected [true] but found [false]
	at org.testng.Assert.fail(Assert.java:94)
	at org.testng.Assert.failNotEquals(Assert.java:494)
	at org.testng.Assert.assertTrue(Assert.java:42)
	at org.testng.Assert.assertTrue(Assert.java:52)
	at net.bigpoint.assessment.gasstation.implementation.StationImplTest.testBuyGas(StationImplTest.java:126)
</failure>
  </testcase>
  <testcase time="5.544" classname="net.bigpoint.assessment.gasstation.implementation.StationImplTest" name="testBuyGas">
    <failure message="expected [true] but found [false]" type="java.lang.AssertionError">java.lang.AssertionError: expected [true] but found [false]
	at org.testng.Assert.fail(Assert.java:94)
	at org.testng.Assert.failNotEquals(Assert.java:494)
	at org.testng.Assert.assertTrue(Assert.java:42)
	at org.testng.Assert.assertTrue(Assert.java:52)
	at net.bigpoint.assessment.gasstation.implementation.StationImplTest.testBuyGas(StationImplTest.java:126)
</failure>
    <system-err>Jul 06, 2014 12:56:51 PM net.bigpoint.assessment.gasstation.implementation.StationImplTest testBuyGas
SEVERE: Not enough gas
Jul 06, 2014 12:56:51 PM net.bigpoint.assessment.gasstation.implementation.StationImplTest testBuyGas
SEVERE: Not enough gas
Jul 06, 2014 12:56:51 PM net.bigpoint.assessment.gasstation.implementation.StationImplTest testBuyGas
SEVERE: Not enough gas
</system-err>
  </testcase>
  <testcase time="5.545" classname="net.bigpoint.assessment.gasstation.implementation.StationImplTest" name="testBuyGas">
    <failure message="expected [true] but found [false]" type="java.lang.AssertionError">java.lang.AssertionError: expected [true] but found [false]
	at org.testng.Assert.fail(Assert.java:94)
	at org.testng.Assert.failNotEquals(Assert.java:494)
	at org.testng.Assert.assertTrue(Assert.java:42)
	at org.testng.Assert.assertTrue(Assert.java:52)
	at net.bigpoint.assessment.gasstation.implementation.StationImplTest.testBuyGas(StationImplTest.java:126)
</failure>
    <system-err>Jul 06, 2014 12:56:51 PM net.bigpoint.assessment.gasstation.implementation.StationImplTest testBuyGas
SEVERE: Not enough gas
</system-err>
  </testcase>
  <testcase time="5.545" classname="net.bigpoint.assessment.gasstation.implementation.StationImplTest" name="testBuyGas">
    <failure message="expected [true] but found [false]" type="java.lang.AssertionError">java.lang.AssertionError: expected [true] but found [false]
	at org.testng.Assert.fail(Assert.java:94)
	at org.testng.Assert.failNotEquals(Assert.java:494)
	at org.testng.Assert.assertTrue(Assert.java:42)
	at org.testng.Assert.assertTrue(Assert.java:52)
	at net.bigpoint.assessment.gasstation.implementation.StationImplTest.testBuyGas(StationImplTest.java:126)
</failure>
  </testcase>
  <testcase time="5.546" classname="net.bigpoint.assessment.gasstation.implementation.StationImplTest" name="testBuyGas">
    <failure message="expected [true] but found [false]" type="java.lang.AssertionError">java.lang.AssertionError: expected [true] but found [false]
	at org.testng.Assert.fail(Assert.java:94)
	at org.testng.Assert.failNotEquals(Assert.java:494)
	at org.testng.Assert.assertTrue(Assert.java:42)
	at org.testng.Assert.assertTrue(Assert.java:52)
	at net.bigpoint.assessment.gasstation.implementation.StationImplTest.testBuyGas(StationImplTest.java:126)
</failure>
  </testcase>
  <testcase time="5.546" classname="net.bigpoint.assessment.gasstation.implementation.StationImplTest" name="testBuyGas">
    <failure message="expected [true] but found [false]" type="java.lang.AssertionError">java.lang.AssertionError: expected [true] but found [false]
	at org.testng.Assert.fail(Assert.java:94)
	at org.testng.Assert.failNotEquals(Assert.java:494)
	at org.testng.Assert.assertTrue(Assert.java:42)
	at org.testng.Assert.assertTrue(Assert.java:52)
	at net.bigpoint.assessment.gasstation.implementation.StationImplTest.testBuyGas(StationImplTest.java:126)
</failure>
    <system-err>Jul 06, 2014 12:56:51 PM net.bigpoint.assessment.gasstation.implementation.StationImplTest testBuyGas
SEVERE: Not enough gas
Jul 06, 2014 12:56:51 PM net.bigpoint.assessment.gasstation.implementation.StationImplTest testBuyGas
SEVERE: Not enough gas
</system-err>
  </testcase>
  <testcase time="5.547" classname="net.bigpoint.assessment.gasstation.implementation.StationImplTest" name="testBuyGas">
    <failure message="expected [true] but found [false]" type="java.lang.AssertionError">java.lang.AssertionError: expected [true] but found [false]
	at org.testng.Assert.fail(Assert.java:94)
	at org.testng.Assert.failNotEquals(Assert.java:494)
	at org.testng.Assert.assertTrue(Assert.java:42)
	at org.testng.Assert.assertTrue(Assert.java:52)
	at net.bigpoint.assessment.gasstation.implementation.StationImplTest.testBuyGas(StationImplTest.java:126)
</failure>
  </testcase>
  <testcase time="5.547" classname="net.bigpoint.assessment.gasstation.implementation.StationImplTest" name="testBuyGas">
    <failure message="expected [true] but found [false]" type="java.lang.AssertionError">java.lang.AssertionError: expected [true] but found [false]
	at org.testng.Assert.fail(Assert.java:94)
	at org.testng.Assert.failNotEquals(Assert.java:494)
	at org.testng.Assert.assertTrue(Assert.java:42)
	at org.testng.Assert.assertTrue(Assert.java:52)
	at net.bigpoint.assessment.gasstation.implementation.StationImplTest.testBuyGas(StationImplTest.java:126)
</failure>
    <system-err>Jul 06, 2014 12:56:51 PM net.bigpoint.assessment.gasstation.implementation.StationImplTest testBuyGas
SEVERE: Not enough gas
Jul 06, 2014 12:56:51 PM net.bigpoint.assessment.gasstation.implementation.StationImplTest testBuyGas
SEVERE: Not enough gas
</system-err>
  </testcase>
  <testcase time="5.548" classname="net.bigpoint.assessment.gasstation.implementation.StationImplTest" name="testBuyGas">
    <failure message="expected [true] but found [false]" type="java.lang.AssertionError">java.lang.AssertionError: expected [true] but found [false]
	at org.testng.Assert.fail(Assert.java:94)
	at org.testng.Assert.failNotEquals(Assert.java:494)
	at org.testng.Assert.assertTrue(Assert.java:42)
	at org.testng.Assert.assertTrue(Assert.java:52)
	at net.bigpoint.assessment.gasstation.implementation.StationImplTest.testBuyGas(StationImplTest.java:126)
</failure>
    <system-err>Jul 06, 2014 12:56:51 PM net.bigpoint.assessment.gasstation.implementation.StationImplTest testBuyGas
SEVERE: Not enough gas
Jul 06, 2014 12:56:51 PM net.bigpoint.assessment.gasstation.implementation.StationImplTest testBuyGas
SEVERE: Not enough gas
</system-err>
  </testcase>
  <testcase time="5.549" classname="net.bigpoint.assessment.gasstation.implementation.StationImplTest" name="testBuyGas">
    <failure message="expected [true] but found [false]" type="java.lang.AssertionError">java.lang.AssertionError: expected [true] but found [false]
	at org.testng.Assert.fail(Assert.java:94)
	at org.testng.Assert.failNotEquals(Assert.java:494)
	at org.testng.Assert.assertTrue(Assert.java:42)
	at org.testng.Assert.assertTrue(Assert.java:52)
	at net.bigpoint.assessment.gasstation.implementation.StationImplTest.testBuyGas(StationImplTest.java:126)
</failure>
  </testcase>
  <testcase time="5.549" classname="net.bigpoint.assessment.gasstation.implementation.StationImplTest" name="testBuyGas">
    <failure message="expected [true] but found [false]" type="java.lang.AssertionError">java.lang.AssertionError: expected [true] but found [false]
	at org.testng.Assert.fail(Assert.java:94)
	at org.testng.Assert.failNotEquals(Assert.java:494)
	at org.testng.Assert.assertTrue(Assert.java:42)
	at org.testng.Assert.assertTrue(Assert.java:52)
	at net.bigpoint.assessment.gasstation.implementation.StationImplTest.testBuyGas(StationImplTest.java:126)
</failure>
    <system-err>Jul 06, 2014 12:56:51 PM net.bigpoint.assessment.gasstation.implementation.StationImplTest testBuyGas
SEVERE: Not enough gas
</system-err>
  </testcase>
  <testcase time="5.549" classname="net.bigpoint.assessment.gasstation.implementation.StationImplTest" name="testBuyGas">
    <failure message="expected [true] but found [false]" type="java.lang.AssertionError">java.lang.AssertionError: expected [true] but found [false]
	at org.testng.Assert.fail(Assert.java:94)
	at org.testng.Assert.failNotEquals(Assert.java:494)
	at org.testng.Assert.assertTrue(Assert.java:42)
	at org.testng.Assert.assertTrue(Assert.java:52)
	at net.bigpoint.assessment.gasstation.implementation.StationImplTest.testBuyGas(StationImplTest.java:126)
</failure>
  </testcase>
  <testcase time="5.551" classname="net.bigpoint.assessment.gasstation.implementation.StationImplTest" name="testBuyGas">
    <failure message="expected [true] but found [false]" type="java.lang.AssertionError">java.lang.AssertionError: expected [true] but found [false]
	at org.testng.Assert.fail(Assert.java:94)
	at org.testng.Assert.failNotEquals(Assert.java:494)
	at org.testng.Assert.assertTrue(Assert.java:42)
	at org.testng.Assert.assertTrue(Assert.java:52)
	at net.bigpoint.assessment.gasstation.implementation.StationImplTest.testBuyGas(StationImplTest.java:126)
</failure>
    <system-err>Jul 06, 2014 12:56:51 PM net.bigpoint.assessment.gasstation.implementation.StationImplTest testBuyGas
SEVERE: Not enough gas
Jul 06, 2014 12:56:51 PM net.bigpoint.assessment.gasstation.implementation.StationImplTest testBuyGas
SEVERE: Not enough gas
</system-err>
  </testcase>
  <testcase time="5.551" classname="net.bigpoint.assessment.gasstation.implementation.StationImplTest" name="testBuyGas">
    <failure message="expected [true] but found [false]" type="java.lang.AssertionError">java.lang.AssertionError: expected [true] but found [false]
	at org.testng.Assert.fail(Assert.java:94)
	at org.testng.Assert.failNotEquals(Assert.java:494)
	at org.testng.Assert.assertTrue(Assert.java:42)
	at org.testng.Assert.assertTrue(Assert.java:52)
	at net.bigpoint.assessment.gasstation.implementation.StationImplTest.testBuyGas(StationImplTest.java:126)
</failure>
    <system-err>Jul 06, 2014 12:56:51 PM net.bigpoint.assessment.gasstation.implementation.StationImplTest testBuyGas
SEVERE: Not enough gas
Jul 06, 2014 12:56:51 PM net.bigpoint.assessment.gasstation.implementation.StationImplTest testBuyGas
SEVERE: Not enough gas
</system-err>
  </testcase>
  <testcase time="5.552" classname="net.bigpoint.assessment.gasstation.implementation.StationImplTest" name="testBuyGas">
    <failure message="expected [true] but found [false]" type="java.lang.AssertionError">java.lang.AssertionError: expected [true] but found [false]
	at org.testng.Assert.fail(Assert.java:94)
	at org.testng.Assert.failNotEquals(Assert.java:494)
	at org.testng.Assert.assertTrue(Assert.java:42)
	at org.testng.Assert.assertTrue(Assert.java:52)
	at net.bigpoint.assessment.gasstation.implementation.StationImplTest.testBuyGas(StationImplTest.java:126)
</failure>
  </testcase>
  <testcase time="5.553" classname="net.bigpoint.assessment.gasstation.implementation.StationImplTest" name="testBuyGas">
    <failure message="expected [true] but found [false]" type="java.lang.AssertionError">java.lang.AssertionError: expected [true] but found [false]
	at org.testng.Assert.fail(Assert.java:94)
	at org.testng.Assert.failNotEquals(Assert.java:494)
	at org.testng.Assert.assertTrue(Assert.java:42)
	at org.testng.Assert.assertTrue(Assert.java:52)
	at net.bigpoint.assessment.gasstation.implementation.StationImplTest.testBuyGas(StationImplTest.java:126)
</failure>
    <system-err>Jul 06, 2014 12:56:51 PM net.bigpoint.assessment.gasstation.implementation.StationImplTest testBuyGas
SEVERE: Not enough gas
</system-err>
  </testcase>
  <testcase time="5.553" classname="net.bigpoint.assessment.gasstation.implementation.StationImplTest" name="testBuyGas">
    <failure message="expected [true] but found [false]" type="java.lang.AssertionError">java.lang.AssertionError: expected [true] but found [false]
	at org.testng.Assert.fail(Assert.java:94)
	at org.testng.Assert.failNotEquals(Assert.java:494)
	at org.testng.Assert.assertTrue(Assert.java:42)
	at org.testng.Assert.assertTrue(Assert.java:52)
	at net.bigpoint.assessment.gasstation.implementation.StationImplTest.testBuyGas(StationImplTest.java:126)
</failure>
    <system-err>Jul 06, 2014 12:56:51 PM net.bigpoint.assessment.gasstation.implementation.StationImplTest testBuyGas
SEVERE: Not enough gas
</system-err>
  </testcase>
  <testcase time="5.553" classname="net.bigpoint.assessment.gasstation.implementation.StationImplTest" name="testBuyGas">
    <failure message="expected [true] but found [false]" type="java.lang.AssertionError">java.lang.AssertionError: expected [true] but found [false]
	at org.testng.Assert.fail(Assert.java:94)
	at org.testng.Assert.failNotEquals(Assert.java:494)
	at org.testng.Assert.assertTrue(Assert.java:42)
	at org.testng.Assert.assertTrue(Assert.java:52)
	at net.bigpoint.assessment.gasstation.implementation.StationImplTest.testBuyGas(StationImplTest.java:126)
</failure>
  </testcase>
  <testcase time="5.554" classname="net.bigpoint.assessment.gasstation.implementation.StationImplTest" name="testBuyGas">
    <failure message="expected [true] but found [false]" type="java.lang.AssertionError">java.lang.AssertionError: expected [true] but found [false]
	at org.testng.Assert.fail(Assert.java:94)
	at org.testng.Assert.failNotEquals(Assert.java:494)
	at org.testng.Assert.assertTrue(Assert.java:42)
	at org.testng.Assert.assertTrue(Assert.java:52)
	at net.bigpoint.assessment.gasstation.implementation.StationImplTest.testBuyGas(StationImplTest.java:126)
</failure>
    <system-err>Jul 06, 2014 12:56:51 PM net.bigpoint.assessment.gasstation.implementation.StationImplTest testBuyGas
SEVERE: Not enough gas
Jul 06, 2014 12:56:51 PM net.bigpoint.assessment.gasstation.implementation.StationImplTest testBuyGas
SEVERE: Not enough gas
</system-err>
  </testcase>
  <testcase time="5.554" classname="net.bigpoint.assessment.gasstation.implementation.StationImplTest" name="testBuyGas">
    <failure message="expected [true] but found [false]" type="java.lang.AssertionError">java.lang.AssertionError: expected [true] but found [false]
	at org.testng.Assert.fail(Assert.java:94)
	at org.testng.Assert.failNotEquals(Assert.java:494)
	at org.testng.Assert.assertTrue(Assert.java:42)
	at org.testng.Assert.assertTrue(Assert.java:52)
	at net.bigpoint.assessment.gasstation.implementation.StationImplTest.testBuyGas(StationImplTest.java:126)
</failure>
    <system-err>Jul 06, 2014 12:56:51 PM net.bigpoint.assessment.gasstation.implementation.StationImplTest testBuyGas
SEVERE: Not enough gas
Jul 06, 2014 12:56:51 PM net.bigpoint.assessment.gasstation.implementation.StationImplTest testBuyGas
SEVERE: Not enough gas
</system-err>
  </testcase>
  <testcase time="5.555" classname="net.bigpoint.assessment.gasstation.implementation.StationImplTest" name="testBuyGas">
    <failure message="expected [true] but found [false]" type="java.lang.AssertionError">java.lang.AssertionError: expected [true] but found [false]
	at org.testng.Assert.fail(Assert.java:94)
	at org.testng.Assert.failNotEquals(Assert.java:494)
	at org.testng.Assert.assertTrue(Assert.java:42)
	at org.testng.Assert.assertTrue(Assert.java:52)
	at net.bigpoint.assessment.gasstation.implementation.StationImplTest.testBuyGas(StationImplTest.java:126)
</failure>
  </testcase>
  <testcase time="5.555" classname="net.bigpoint.assessment.gasstation.implementation.StationImplTest" name="testBuyGas">
    <failure message="expected [true] but found [false]" type="java.lang.AssertionError">java.lang.AssertionError: expected [true] but found [false]
	at org.testng.Assert.fail(Assert.java:94)
	at org.testng.Assert.failNotEquals(Assert.java:494)
	at org.testng.Assert.assertTrue(Assert.java:42)
	at org.testng.Assert.assertTrue(Assert.java:52)
	at net.bigpoint.assessment.gasstation.implementation.StationImplTest.testBuyGas(StationImplTest.java:126)
</failure>
  </testcase>
  <testcase time="5.556" classname="net.bigpoint.assessment.gasstation.implementation.StationImplTest" name="testBuyGas">
    <failure message="expected [true] but found [false]" type="java.lang.AssertionError">java.lang.AssertionError: expected [true] but found [false]
	at org.testng.Assert.fail(Assert.java:94)
	at org.testng.Assert.failNotEquals(Assert.java:494)
	at org.testng.Assert.assertTrue(Assert.java:42)
	at org.testng.Assert.assertTrue(Assert.java:52)
	at net.bigpoint.assessment.gasstation.implementation.StationImplTest.testBuyGas(StationImplTest.java:126)
</failure>
    <system-err>Jul 06, 2014 12:56:51 PM net.bigpoint.assessment.gasstation.implementation.StationImplTest testBuyGas
SEVERE: Not enough gas
Jul 06, 2014 12:56:51 PM net.bigpoint.assessment.gasstation.implementation.StationImplTest testBuyGas
SEVERE: Not enough gas
</system-err>
  </testcase>
  <testcase time="5.556" classname="net.bigpoint.assessment.gasstation.implementation.StationImplTest" name="testBuyGas">
    <failure message="expected [true] but found [false]" type="java.lang.AssertionError">java.lang.AssertionError: expected [true] but found [false]
	at org.testng.Assert.fail(Assert.java:94)
	at org.testng.Assert.failNotEquals(Assert.java:494)
	at org.testng.Assert.assertTrue(Assert.java:42)
	at org.testng.Assert.assertTrue(Assert.java:52)
	at net.bigpoint.assessment.gasstation.implementation.StationImplTest.testBuyGas(StationImplTest.java:126)
</failure>
    <system-err>Jul 06, 2014 12:56:51 PM net.bigpoint.assessment.gasstation.implementation.StationImplTest testBuyGas
SEVERE: Not enough gas
</system-err>
  </testcase>
  <testcase time="5.557" classname="net.bigpoint.assessment.gasstation.implementation.StationImplTest" name="testBuyGas">
    <failure message="expected [true] but found [false]" type="java.lang.AssertionError">java.lang.AssertionError: expected [true] but found [false]
	at org.testng.Assert.fail(Assert.java:94)
	at org.testng.Assert.failNotEquals(Assert.java:494)
	at org.testng.Assert.assertTrue(Assert.java:42)
	at org.testng.Assert.assertTrue(Assert.java:52)
	at net.bigpoint.assessment.gasstation.implementation.StationImplTest.testBuyGas(StationImplTest.java:126)
</failure>
    <system-err>Jul 06, 2014 12:56:51 PM net.bigpoint.assessment.gasstation.implementation.StationImplTest testBuyGas
SEVERE: Not enough gas
</system-err>
  </testcase>
  <testcase time="5.557" classname="net.bigpoint.assessment.gasstation.implementation.StationImplTest" name="testBuyGas">
    <failure message="expected [true] but found [false]" type="java.lang.AssertionError">java.lang.AssertionError: expected [true] but found [false]
	at org.testng.Assert.fail(Assert.java:94)
	at org.testng.Assert.failNotEquals(Assert.java:494)
	at org.testng.Assert.assertTrue(Assert.java:42)
	at org.testng.Assert.assertTrue(Assert.java:52)
	at net.bigpoint.assessment.gasstation.implementation.StationImplTest.testBuyGas(StationImplTest.java:126)
</failure>
  </testcase>
  <testcase time="5.557" classname="net.bigpoint.assessment.gasstation.implementation.StationImplTest" name="testBuyGas">
    <failure message="expected [true] but found [false]" type="java.lang.AssertionError">java.lang.AssertionError: expected [true] but found [false]
	at org.testng.Assert.fail(Assert.java:94)
	at org.testng.Assert.failNotEquals(Assert.java:494)
	at org.testng.Assert.assertTrue(Assert.java:42)
	at org.testng.Assert.assertTrue(Assert.java:52)
	at net.bigpoint.assessment.gasstation.implementation.StationImplTest.testBuyGas(StationImplTest.java:126)
</failure>
    <system-err>Jul 06, 2014 12:56:51 PM net.bigpoint.assessment.gasstation.implementation.StationImplTest testBuyGas
SEVERE: Not enough gas
</system-err>
  </testcase>
  <testcase time="5.558" classname="net.bigpoint.assessment.gasstation.implementation.StationImplTest" name="testBuyGas">
    <failure message="expected [true] but found [false]" type="java.lang.AssertionError">java.lang.AssertionError: expected [true] but found [false]
	at org.testng.Assert.fail(Assert.java:94)
	at org.testng.Assert.failNotEquals(Assert.java:494)
	at org.testng.Assert.assertTrue(Assert.java:42)
	at org.testng.Assert.assertTrue(Assert.java:52)
	at net.bigpoint.assessment.gasstation.implementation.StationImplTest.testBuyGas(StationImplTest.java:126)
</failure>
    <system-err>Jul 06, 2014 12:56:51 PM net.bigpoint.assessment.gasstation.implementation.StationImplTest testBuyGas
SEVERE: Not enough gas
Jul 06, 2014 12:56:51 PM net.bigpoint.assessment.gasstation.implementation.StationImplTest testBuyGas
SEVERE: Not enough gas
</system-err>
  </testcase>
  <testcase time="5.559" classname="net.bigpoint.assessment.gasstation.implementation.StationImplTest" name="testBuyGas">
    <failure message="expected [true] but found [false]" type="java.lang.AssertionError">java.lang.AssertionError: expected [true] but found [false]
	at org.testng.Assert.fail(Assert.java:94)
	at org.testng.Assert.failNotEquals(Assert.java:494)
	at org.testng.Assert.assertTrue(Assert.java:42)
	at org.testng.Assert.assertTrue(Assert.java:52)
	at net.bigpoint.assessment.gasstation.implementation.StationImplTest.testBuyGas(StationImplTest.java:126)
</failure>
  </testcase>
  <testcase time="5.559" classname="net.bigpoint.assessment.gasstation.implementation.StationImplTest" name="testBuyGas">
    <failure message="expected [true] but found [false]" type="java.lang.AssertionError">java.lang.AssertionError: expected [true] but found [false]
	at org.testng.Assert.fail(Assert.java:94)
	at org.testng.Assert.failNotEquals(Assert.java:494)
	at org.testng.Assert.assertTrue(Assert.java:42)
	at org.testng.Assert.assertTrue(Assert.java:52)
	at net.bigpoint.assessment.gasstation.implementation.StationImplTest.testBuyGas(StationImplTest.java:126)
</failure>
  </testcase>
  <testcase time="5.559" classname="net.bigpoint.assessment.gasstation.implementation.StationImplTest" name="testBuyGas">
    <failure message="expected [true] but found [false]" type="java.lang.AssertionError">java.lang.AssertionError: expected [true] but found [false]
	at org.testng.Assert.fail(Assert.java:94)
	at org.testng.Assert.failNotEquals(Assert.java:494)
	at org.testng.Assert.assertTrue(Assert.java:42)
	at org.testng.Assert.assertTrue(Assert.java:52)
	at net.bigpoint.assessment.gasstation.implementation.StationImplTest.testBuyGas(StationImplTest.java:126)
</failure>
    <system-err>Jul 06, 2014 12:56:51 PM net.bigpoint.assessment.gasstation.implementation.StationImplTest testBuyGas
SEVERE: Not enough gas
Jul 06, 2014 12:56:51 PM net.bigpoint.assessment.gasstation.implementation.StationImplTest testBuyGas
SEVERE: Not enough gas
</system-err>
  </testcase>
  <testcase time="5.56" classname="net.bigpoint.assessment.gasstation.implementation.StationImplTest" name="testBuyGas">
    <failure message="expected [true] but found [false]" type="java.lang.AssertionError">java.lang.AssertionError: expected [true] but found [false]
	at org.testng.Assert.fail(Assert.java:94)
	at org.testng.Assert.failNotEquals(Assert.java:494)
	at org.testng.Assert.assertTrue(Assert.java:42)
	at org.testng.Assert.assertTrue(Assert.java:52)
	at net.bigpoint.assessment.gasstation.implementation.StationImplTest.testBuyGas(StationImplTest.java:126)
</failure>
    <system-err>Jul 06, 2014 12:56:51 PM net.bigpoint.assessment.gasstation.implementation.StationImplTest testBuyGas
SEVERE: Not enough gas
</system-err>
  </testcase>
  <testcase time="5.561" classname="net.bigpoint.assessment.gasstation.implementation.StationImplTest" name="testBuyGas">
    <failure message="expected [true] but found [false]" type="java.lang.AssertionError">java.lang.AssertionError: expected [true] but found [false]
	at org.testng.Assert.fail(Assert.java:94)
	at org.testng.Assert.failNotEquals(Assert.java:494)
	at org.testng.Assert.assertTrue(Assert.java:42)
	at org.testng.Assert.assertTrue(Assert.java:52)
	at net.bigpoint.assessment.gasstation.implementation.StationImplTest.testBuyGas(StationImplTest.java:126)
</failure>
  </testcase>
  <testcase time="5.561" classname="net.bigpoint.assessment.gasstation.implementation.StationImplTest" name="testBuyGas">
    <failure message="expected [true] but found [false]" type="java.lang.AssertionError">java.lang.AssertionError: expected [true] but found [false]
	at org.testng.Assert.fail(Assert.java:94)
	at org.testng.Assert.failNotEquals(Assert.java:494)
	at org.testng.Assert.assertTrue(Assert.java:42)
	at org.testng.Assert.assertTrue(Assert.java:52)
	at net.bigpoint.assessment.gasstation.implementation.StationImplTest.testBuyGas(StationImplTest.java:126)
</failure>
    <system-err>Jul 06, 2014 12:56:51 PM net.bigpoint.assessment.gasstation.implementation.StationImplTest testBuyGas
SEVERE: Not enough gas
</system-err>
  </testcase>
  <testcase time="5.563" classname="net.bigpoint.assessment.gasstation.implementation.StationImplTest" name="testBuyGas">
    <failure message="expected [true] but found [false]" type="java.lang.AssertionError">java.lang.AssertionError: expected [true] but found [false]
	at org.testng.Assert.fail(Assert.java:94)
	at org.testng.Assert.failNotEquals(Assert.java:494)
	at org.testng.Assert.assertTrue(Assert.java:42)
	at org.testng.Assert.assertTrue(Assert.java:52)
	at net.bigpoint.assessment.gasstation.implementation.StationImplTest.testBuyGas(StationImplTest.java:126)
</failure>
    <system-err>Jul 06, 2014 12:56:51 PM net.bigpoint.assessment.gasstation.implementation.StationImplTest testBuyGas
SEVERE: Not enough gas
Jul 06, 2014 12:56:51 PM net.bigpoint.assessment.gasstation.implementation.StationImplTest testBuyGas
SEVERE: Not enough gas
</system-err>
  </testcase>
  <testcase time="5.563" classname="net.bigpoint.assessment.gasstation.implementation.StationImplTest" name="testBuyGas">
    <failure message="expected [true] but found [false]" type="java.lang.AssertionError">java.lang.AssertionError: expected [true] but found [false]
	at org.testng.Assert.fail(Assert.java:94)
	at org.testng.Assert.failNotEquals(Assert.java:494)
	at org.testng.Assert.assertTrue(Assert.java:42)
	at org.testng.Assert.assertTrue(Assert.java:52)
	at net.bigpoint.assessment.gasstation.implementation.StationImplTest.testBuyGas(StationImplTest.java:126)
</failure>
  </testcase>
  <testcase time="5.564" classname="net.bigpoint.assessment.gasstation.implementation.StationImplTest" name="testBuyGas">
    <failure message="expected [true] but found [false]" type="java.lang.AssertionError">java.lang.AssertionError: expected [true] but found [false]
	at org.testng.Assert.fail(Assert.java:94)
	at org.testng.Assert.failNotEquals(Assert.java:494)
	at org.testng.Assert.assertTrue(Assert.java:42)
	at org.testng.Assert.assertTrue(Assert.java:52)
	at net.bigpoint.assessment.gasstation.implementation.StationImplTest.testBuyGas(StationImplTest.java:126)
</failure>
    <system-err>Jul 06, 2014 12:56:51 PM net.bigpoint.assessment.gasstation.implementation.StationImplTest testBuyGas
SEVERE: Not enough gas
Jul 06, 2014 12:56:51 PM net.bigpoint.assessment.gasstation.implementation.StationImplTest testBuyGas
SEVERE: Not enough gas
</system-err>
  </testcase>
  <testcase time="5.564" classname="net.bigpoint.assessment.gasstation.implementation.StationImplTest" name="testBuyGas">
    <failure message="expected [true] but found [false]" type="java.lang.AssertionError">java.lang.AssertionError: expected [true] but found [false]
	at org.testng.Assert.fail(Assert.java:94)
	at org.testng.Assert.failNotEquals(Assert.java:494)
	at org.testng.Assert.assertTrue(Assert.java:42)
	at org.testng.Assert.assertTrue(Assert.java:52)
	at net.bigpoint.assessment.gasstation.implementation.StationImplTest.testBuyGas(StationImplTest.java:126)
</failure>
  </testcase>
  <testcase time="5.564" classname="net.bigpoint.assessment.gasstation.implementation.StationImplTest" name="testBuyGas">
    <failure message="expected [true] but found [false]" type="java.lang.AssertionError">java.lang.AssertionError: expected [true] but found [false]
	at org.testng.Assert.fail(Assert.java:94)
	at org.testng.Assert.failNotEquals(Assert.java:494)
	at org.testng.Assert.assertTrue(Assert.java:42)
	at org.testng.Assert.assertTrue(Assert.java:52)
	at net.bigpoint.assessment.gasstation.implementation.StationImplTest.testBuyGas(StationImplTest.java:126)
</failure>
    <system-err>Jul 06, 2014 12:56:51 PM net.bigpoint.assessment.gasstation.implementation.StationImplTest testBuyGas
SEVERE: Not enough gas
</system-err>
  </testcase>
  <testcase time="5.566" classname="net.bigpoint.assessment.gasstation.implementation.StationImplTest" name="testBuyGas">
    <failure message="expected [true] but found [false]" type="java.lang.AssertionError">java.lang.AssertionError: expected [true] but found [false]
	at org.testng.Assert.fail(Assert.java:94)
	at org.testng.Assert.failNotEquals(Assert.java:494)
	at org.testng.Assert.assertTrue(Assert.java:42)
	at org.testng.Assert.assertTrue(Assert.java:52)
	at net.bigpoint.assessment.gasstation.implementation.StationImplTest.testBuyGas(StationImplTest.java:126)
</failure>
    <system-err>Jul 06, 2014 12:56:51 PM net.bigpoint.assessment.gasstation.implementation.StationImplTest testBuyGas
SEVERE: Not enough gas
Jul 06, 2014 12:56:51 PM net.bigpoint.assessment.gasstation.implementation.StationImplTest testBuyGas
SEVERE: Not enough gas
</system-err>
  </testcase>
  <testcase time="5.566" classname="net.bigpoint.assessment.gasstation.implementation.StationImplTest" name="testBuyGas">
    <failure message="expected [true] but found [false]" type="java.lang.AssertionError">java.lang.AssertionError: expected [true] but found [false]
	at org.testng.Assert.fail(Assert.java:94)
	at org.testng.Assert.failNotEquals(Assert.java:494)
	at org.testng.Assert.assertTrue(Assert.java:42)
	at org.testng.Assert.assertTrue(Assert.java:52)
	at net.bigpoint.assessment.gasstation.implementation.StationImplTest.testBuyGas(StationImplTest.java:126)
</failure>
    <system-err>Jul 06, 2014 12:56:51 PM net.bigpoint.assessment.gasstation.implementation.StationImplTest testBuyGas
SEVERE: Not enough gas
</system-err>
  </testcase>
  <testcase time="5.566" classname="net.bigpoint.assessment.gasstation.implementation.StationImplTest" name="testBuyGas">
    <failure message="expected [true] but found [false]" type="java.lang.AssertionError">java.lang.AssertionError: expected [true] but found [false]
	at org.testng.Assert.fail(Assert.java:94)
	at org.testng.Assert.failNotEquals(Assert.java:494)
	at org.testng.Assert.assertTrue(Assert.java:42)
	at org.testng.Assert.assertTrue(Assert.java:52)
	at net.bigpoint.assessment.gasstation.implementation.StationImplTest.testBuyGas(StationImplTest.java:126)
</failure>
    <system-err>Jul 06, 2014 12:56:51 PM net.bigpoint.assessment.gasstation.implementation.StationImplTest testBuyGas
SEVERE: Not enough gas
</system-err>
  </testcase>
  <testcase time="5.567" classname="net.bigpoint.assessment.gasstation.implementation.StationImplTest" name="testBuyGas">
    <failure message="expected [true] but found [false]" type="java.lang.AssertionError">java.lang.AssertionError: expected [true] but found [false]
	at org.testng.Assert.fail(Assert.java:94)
	at org.testng.Assert.failNotEquals(Assert.java:494)
	at org.testng.Assert.assertTrue(Assert.java:42)
	at org.testng.Assert.assertTrue(Assert.java:52)
	at net.bigpoint.assessment.gasstation.implementation.StationImplTest.testBuyGas(StationImplTest.java:126)
</failure>
  </testcase>
  <testcase time="5.568" classname="net.bigpoint.assessment.gasstation.implementation.StationImplTest" name="testBuyGas">
    <failure message="expected [true] but found [false]" type="java.lang.AssertionError">java.lang.AssertionError: expected [true] but found [false]
	at org.testng.Assert.fail(Assert.java:94)
	at org.testng.Assert.failNotEquals(Assert.java:494)
	at org.testng.Assert.assertTrue(Assert.java:42)
	at org.testng.Assert.assertTrue(Assert.java:52)
	at net.bigpoint.assessment.gasstation.implementation.StationImplTest.testBuyGas(StationImplTest.java:126)
</failure>
    <system-err>Jul 06, 2014 12:56:51 PM net.bigpoint.assessment.gasstation.implementation.StationImplTest testBuyGas
SEVERE: Not enough gas
</system-err>
  </testcase>
  <testcase time="5.569" classname="net.bigpoint.assessment.gasstation.implementation.StationImplTest" name="testBuyGas">
    <failure message="expected [true] but found [false]" type="java.lang.AssertionError">java.lang.AssertionError: expected [true] but found [false]
	at org.testng.Assert.fail(Assert.java:94)
	at org.testng.Assert.failNotEquals(Assert.java:494)
	at org.testng.Assert.assertTrue(Assert.java:42)
	at org.testng.Assert.assertTrue(Assert.java:52)
	at net.bigpoint.assessment.gasstation.implementation.StationImplTest.testBuyGas(StationImplTest.java:126)
</failure>
    <system-err>Jul 06, 2014 12:56:51 PM net.bigpoint.assessment.gasstation.implementation.StationImplTest testBuyGas
SEVERE: Not enough gas
Jul 06, 2014 12:56:51 PM net.bigpoint.assessment.gasstation.implementation.StationImplTest testBuyGas
SEVERE: Not enough gas
Jul 06, 2014 12:56:51 PM net.bigpoint.assessment.gasstation.implementation.StationImplTest testBuyGas
SEVERE: Not enough gas
</system-err>
  </testcase>
  <testcase time="5.569" classname="net.bigpoint.assessment.gasstation.implementation.StationImplTest" name="testBuyGas">
    <failure message="expected [true] but found [false]" type="java.lang.AssertionError">java.lang.AssertionError: expected [true] but found [false]
	at org.testng.Assert.fail(Assert.java:94)
	at org.testng.Assert.failNotEquals(Assert.java:494)
	at org.testng.Assert.assertTrue(Assert.java:42)
	at org.testng.Assert.assertTrue(Assert.java:52)
	at net.bigpoint.assessment.gasstation.implementation.StationImplTest.testBuyGas(StationImplTest.java:126)
</failure>
  </testcase>
  <testcase time="5.569" classname="net.bigpoint.assessment.gasstation.implementation.StationImplTest" name="testBuyGas">
    <failure message="expected [true] but found [false]" type="java.lang.AssertionError">java.lang.AssertionError: expected [true] but found [false]
	at org.testng.Assert.fail(Assert.java:94)
	at org.testng.Assert.failNotEquals(Assert.java:494)
	at org.testng.Assert.assertTrue(Assert.java:42)
	at org.testng.Assert.assertTrue(Assert.java:52)
	at net.bigpoint.assessment.gasstation.implementation.StationImplTest.testBuyGas(StationImplTest.java:126)
</failure>
  </testcase>
  <testcase time="5.57" classname="net.bigpoint.assessment.gasstation.implementation.StationImplTest" name="testBuyGas">
    <failure message="expected [true] but found [false]" type="java.lang.AssertionError">java.lang.AssertionError: expected [true] but found [false]
	at org.testng.Assert.fail(Assert.java:94)
	at org.testng.Assert.failNotEquals(Assert.java:494)
	at org.testng.Assert.assertTrue(Assert.java:42)
	at org.testng.Assert.assertTrue(Assert.java:52)
	at net.bigpoint.assessment.gasstation.implementation.StationImplTest.testBuyGas(StationImplTest.java:126)
</failure>
    <system-err>Jul 06, 2014 12:56:51 PM net.bigpoint.assessment.gasstation.implementation.StationImplTest testBuyGas
SEVERE: Not enough gas
Jul 06, 2014 12:56:51 PM net.bigpoint.assessment.gasstation.implementation.StationImplTest testBuyGas
SEVERE: Not enough gas
</system-err>
  </testcase>
  <testcase time="5.571" classname="net.bigpoint.assessment.gasstation.implementation.StationImplTest" name="testBuyGas">
    <failure message="expected [true] but found [false]" type="java.lang.AssertionError">java.lang.AssertionError: expected [true] but found [false]
	at org.testng.Assert.fail(Assert.java:94)
	at org.testng.Assert.failNotEquals(Assert.java:494)
	at org.testng.Assert.assertTrue(Assert.java:42)
	at org.testng.Assert.assertTrue(Assert.java:52)
	at net.bigpoint.assessment.gasstation.implementation.StationImplTest.testBuyGas(StationImplTest.java:126)
</failure>
    <system-err>Jul 06, 2014 12:56:51 PM net.bigpoint.assessment.gasstation.implementation.StationImplTest testBuyGas
SEVERE: Not enough gas
</system-err>
  </testcase>
  <testcase time="5.571" classname="net.bigpoint.assessment.gasstation.implementation.StationImplTest" name="testBuyGas">
    <failure message="expected [true] but found [false]" type="java.lang.AssertionError">java.lang.AssertionError: expected [true] but found [false]
	at org.testng.Assert.fail(Assert.java:94)
	at org.testng.Assert.failNotEquals(Assert.java:494)
	at org.testng.Assert.assertTrue(Assert.java:42)
	at org.testng.Assert.assertTrue(Assert.java:52)
	at net.bigpoint.assessment.gasstation.implementation.StationImplTest.testBuyGas(StationImplTest.java:126)
</failure>
  </testcase>
  <testcase time="5.572" classname="net.bigpoint.assessment.gasstation.implementation.StationImplTest" name="testBuyGas">
    <failure message="expected [true] but found [false]" type="java.lang.AssertionError">java.lang.AssertionError: expected [true] but found [false]
	at org.testng.Assert.fail(Assert.java:94)
	at org.testng.Assert.failNotEquals(Assert.java:494)
	at org.testng.Assert.assertTrue(Assert.java:42)
	at org.testng.Assert.assertTrue(Assert.java:52)
	at net.bigpoint.assessment.gasstation.implementation.StationImplTest.testBuyGas(StationImplTest.java:126)
</failure>
    <system-err>Jul 06, 2014 12:56:51 PM net.bigpoint.assessment.gasstation.implementation.StationImplTest testBuyGas
SEVERE: Not enough gas
Jul 06, 2014 12:56:51 PM net.bigpoint.assessment.gasstation.implementation.StationImplTest testBuyGas
SEVERE: Not enough gas
</system-err>
  </testcase>
  <testcase time="5.573" classname="net.bigpoint.assessment.gasstation.implementation.StationImplTest" name="testBuyGas">
    <failure message="expected [true] but found [false]" type="java.lang.AssertionError">java.lang.AssertionError: expected [true] but found [false]
	at org.testng.Assert.fail(Assert.java:94)
	at org.testng.Assert.failNotEquals(Assert.java:494)
	at org.testng.Assert.assertTrue(Assert.java:42)
	at org.testng.Assert.assertTrue(Assert.java:52)
	at net.bigpoint.assessment.gasstation.implementation.StationImplTest.testBuyGas(StationImplTest.java:126)
</failure>
  </testcase>
  <testcase time="5.573" classname="net.bigpoint.assessment.gasstation.implementation.StationImplTest" name="testBuyGas">
    <failure message="expected [true] but found [false]" type="java.lang.AssertionError">java.lang.AssertionError: expected [true] but found [false]
	at org.testng.Assert.fail(Assert.java:94)
	at org.testng.Assert.failNotEquals(Assert.java:494)
	at org.testng.Assert.assertTrue(Assert.java:42)
	at org.testng.Assert.assertTrue(Assert.java:52)
	at net.bigpoint.assessment.gasstation.implementation.StationImplTest.testBuyGas(StationImplTest.java:126)
</failure>
    <system-err>Jul 06, 2014 12:56:51 PM net.bigpoint.assessment.gasstation.implementation.StationImplTest testBuyGas
SEVERE: Not enough gas
Jul 06, 2014 12:56:51 PM net.bigpoint.assessment.gasstation.implementation.StationImplTest testBuyGas
SEVERE: Not enough gas
</system-err>
  </testcase>
  <testcase time="5.574" classname="net.bigpoint.assessment.gasstation.implementation.StationImplTest" name="testBuyGas">
    <failure message="expected [true] but found [false]" type="java.lang.AssertionError">java.lang.AssertionError: expected [true] but found [false]
	at org.testng.Assert.fail(Assert.java:94)
	at org.testng.Assert.failNotEquals(Assert.java:494)
	at org.testng.Assert.assertTrue(Assert.java:42)
	at org.testng.Assert.assertTrue(Assert.java:52)
	at net.bigpoint.assessment.gasstation.implementation.StationImplTest.testBuyGas(StationImplTest.java:126)
</failure>
  </testcase>
  <testcase time="5.574" classname="net.bigpoint.assessment.gasstation.implementation.StationImplTest" name="testBuyGas">
    <failure message="expected [true] but found [false]" type="java.lang.AssertionError">java.lang.AssertionError: expected [true] but found [false]
	at org.testng.Assert.fail(Assert.java:94)
	at org.testng.Assert.failNotEquals(Assert.java:494)
	at org.testng.Assert.assertTrue(Assert.java:42)
	at org.testng.Assert.assertTrue(Assert.java:52)
	at net.bigpoint.assessment.gasstation.implementation.StationImplTest.testBuyGas(StationImplTest.java:126)
</failure>
    <system-err>Jul 06, 2014 12:56:51 PM net.bigpoint.assessment.gasstation.implementation.StationImplTest testBuyGas
SEVERE: Not enough gas
Jul 06, 2014 12:56:51 PM net.bigpoint.assessment.gasstation.implementation.StationImplTest testBuyGas
SEVERE: Not enough gas
</system-err>
  </testcase>
  <testcase time="5.576" classname="net.bigpoint.assessment.gasstation.implementation.StationImplTest" name="testBuyGas">
    <failure message="expected [true] but found [false]" type="java.lang.AssertionError">java.lang.AssertionError: expected [true] but found [false]
	at org.testng.Assert.fail(Assert.java:94)
	at org.testng.Assert.failNotEquals(Assert.java:494)
	at org.testng.Assert.assertTrue(Assert.java:42)
	at org.testng.Assert.assertTrue(Assert.java:52)
	at net.bigpoint.assessment.gasstation.implementation.StationImplTest.testBuyGas(StationImplTest.java:126)
</failure>
    <system-err>Jul 06, 2014 12:56:51 PM net.bigpoint.assessment.gasstation.implementation.StationImplTest testBuyGas
SEVERE: Not enough gas
Jul 06, 2014 12:56:51 PM net.bigpoint.assessment.gasstation.implementation.StationImplTest testBuyGas
SEVERE: Not enough gas
</system-err>
  </testcase>
  <testcase time="5.576" classname="net.bigpoint.assessment.gasstation.implementation.StationImplTest" name="testBuyGas">
    <failure message="expected [true] but found [false]" type="java.lang.AssertionError">java.lang.AssertionError: expected [true] but found [false]
	at org.testng.Assert.fail(Assert.java:94)
	at org.testng.Assert.failNotEquals(Assert.java:494)
	at org.testng.Assert.assertTrue(Assert.java:42)
	at org.testng.Assert.assertTrue(Assert.java:52)
	at net.bigpoint.assessment.gasstation.implementation.StationImplTest.testBuyGas(StationImplTest.java:126)
</failure>
  </testcase>
  <testcase time="5.576" classname="net.bigpoint.assessment.gasstation.implementation.StationImplTest" name="testBuyGas">
    <failure message="expected [true] but found [false]" type="java.lang.AssertionError">java.lang.AssertionError: expected [true] but found [false]
	at org.testng.Assert.fail(Assert.java:94)
	at org.testng.Assert.failNotEquals(Assert.java:494)
	at org.testng.Assert.assertTrue(Assert.java:42)
	at org.testng.Assert.assertTrue(Assert.java:52)
	at net.bigpoint.assessment.gasstation.implementation.StationImplTest.testBuyGas(StationImplTest.java:126)
</failure>
    <system-err>Jul 06, 2014 12:56:51 PM net.bigpoint.assessment.gasstation.implementation.StationImplTest testBuyGas
SEVERE: Not enough gas
</system-err>
  </testcase>
  <testcase time="5.577" classname="net.bigpoint.assessment.gasstation.implementation.StationImplTest" name="testBuyGas">
    <failure message="expected [true] but found [false]" type="java.lang.AssertionError">java.lang.AssertionError: expected [true] but found [false]
	at org.testng.Assert.fail(Assert.java:94)
	at org.testng.Assert.failNotEquals(Assert.java:494)
	at org.testng.Assert.assertTrue(Assert.java:42)
	at org.testng.Assert.assertTrue(Assert.java:52)
	at net.bigpoint.assessment.gasstation.implementation.StationImplTest.testBuyGas(StationImplTest.java:126)
</failure>
  </testcase>
  <testcase time="5.578" classname="net.bigpoint.assessment.gasstation.implementation.StationImplTest" name="testBuyGas">
    <failure message="expected [true] but found [false]" type="java.lang.AssertionError">java.lang.AssertionError: expected [true] but found [false]
	at org.testng.Assert.fail(Assert.java:94)
	at org.testng.Assert.failNotEquals(Assert.java:494)
	at org.testng.Assert.assertTrue(Assert.java:42)
	at org.testng.Assert.assertTrue(Assert.java:52)
	at net.bigpoint.assessment.gasstation.implementation.StationImplTest.testBuyGas(StationImplTest.java:126)
</failure>
    <system-err>Jul 06, 2014 12:56:51 PM net.bigpoint.assessment.gasstation.implementation.StationImplTest testBuyGas
SEVERE: Not enough gas
</system-err>
  </testcase>
  <testcase time="5.578" classname="net.bigpoint.assessment.gasstation.implementation.StationImplTest" name="testBuyGas">
    <failure message="expected [true] but found [false]" type="java.lang.AssertionError">java.lang.AssertionError: expected [true] but found [false]
	at org.testng.Assert.fail(Assert.java:94)
	at org.testng.Assert.failNotEquals(Assert.java:494)
	at org.testng.Assert.assertTrue(Assert.java:42)
	at org.testng.Assert.assertTrue(Assert.java:52)
	at net.bigpoint.assessment.gasstation.implementation.StationImplTest.testBuyGas(StationImplTest.java:126)
</failure>
  </testcase>
  <testcase time="5.579" classname="net.bigpoint.assessment.gasstation.implementation.StationImplTest" name="testBuyGas">
    <failure message="expected [true] but found [false]" type="java.lang.AssertionError">java.lang.AssertionError: expected [true] but found [false]
	at org.testng.Assert.fail(Assert.java:94)
	at org.testng.Assert.failNotEquals(Assert.java:494)
	at org.testng.Assert.assertTrue(Assert.java:42)
	at org.testng.Assert.assertTrue(Assert.java:52)
	at net.bigpoint.assessment.gasstation.implementation.StationImplTest.testBuyGas(StationImplTest.java:126)
</failure>
    <system-err>Jul 06, 2014 12:56:51 PM net.bigpoint.assessment.gasstation.implementation.StationImplTest testBuyGas
SEVERE: Not enough gas
</system-err>
  </testcase>
  <testcase time="5.58" classname="net.bigpoint.assessment.gasstation.implementation.StationImplTest" name="testBuyGas">
    <failure message="expected [true] but found [false]" type="java.lang.AssertionError">java.lang.AssertionError: expected [true] but found [false]
	at org.testng.Assert.fail(Assert.java:94)
	at org.testng.Assert.failNotEquals(Assert.java:494)
	at org.testng.Assert.assertTrue(Assert.java:42)
	at org.testng.Assert.assertTrue(Assert.java:52)
	at net.bigpoint.assessment.gasstation.implementation.StationImplTest.testBuyGas(StationImplTest.java:126)
</failure>
    <system-err>Jul 06, 2014 12:56:51 PM net.bigpoint.assessment.gasstation.implementation.StationImplTest testBuyGas
SEVERE: Not enough gas
Jul 06, 2014 12:56:51 PM net.bigpoint.assessment.gasstation.implementation.StationImplTest testBuyGas
SEVERE: Not enough gas
</system-err>
  </testcase>
  <testcase time="5.58" classname="net.bigpoint.assessment.gasstation.implementation.StationImplTest" name="testBuyGas">
    <failure message="expected [true] but found [false]" type="java.lang.AssertionError">java.lang.AssertionError: expected [true] but found [false]
	at org.testng.Assert.fail(Assert.java:94)
	at org.testng.Assert.failNotEquals(Assert.java:494)
	at org.testng.Assert.assertTrue(Assert.java:42)
	at org.testng.Assert.assertTrue(Assert.java:52)
	at net.bigpoint.assessment.gasstation.implementation.StationImplTest.testBuyGas(StationImplTest.java:126)
</failure>
  </testcase>
  <testcase time="5.581" classname="net.bigpoint.assessment.gasstation.implementation.StationImplTest" name="testBuyGas">
    <failure message="expected [true] but found [false]" type="java.lang.AssertionError">java.lang.AssertionError: expected [true] but found [false]
	at org.testng.Assert.fail(Assert.java:94)
	at org.testng.Assert.failNotEquals(Assert.java:494)
	at org.testng.Assert.assertTrue(Assert.java:42)
	at org.testng.Assert.assertTrue(Assert.java:52)
	at net.bigpoint.assessment.gasstation.implementation.StationImplTest.testBuyGas(StationImplTest.java:126)
</failure>
    <system-err>Jul 06, 2014 12:56:51 PM net.bigpoint.assessment.gasstation.implementation.StationImplTest testBuyGas
SEVERE: Not enough gas
Jul 06, 2014 12:56:51 PM net.bigpoint.assessment.gasstation.implementation.StationImplTest testBuyGas
SEVERE: Not enough gas
</system-err>
  </testcase>
  <testcase time="5.582" classname="net.bigpoint.assessment.gasstation.implementation.StationImplTest" name="testBuyGas">
    <failure message="expected [true] but found [false]" type="java.lang.AssertionError">java.lang.AssertionError: expected [true] but found [false]
	at org.testng.Assert.fail(Assert.java:94)
	at org.testng.Assert.failNotEquals(Assert.java:494)
	at org.testng.Assert.assertTrue(Assert.java:42)
	at org.testng.Assert.assertTrue(Assert.java:52)
	at net.bigpoint.assessment.gasstation.implementation.StationImplTest.testBuyGas(StationImplTest.java:126)
</failure>
    <system-err>Jul 06, 2014 12:56:51 PM net.bigpoint.assessment.gasstation.implementation.StationImplTest testBuyGas
SEVERE: Not enough gas
</system-err>
  </testcase>
  <testcase time="5.583" classname="net.bigpoint.assessment.gasstation.implementation.StationImplTest" name="testBuyGas">
    <failure message="expected [true] but found [false]" type="java.lang.AssertionError">java.lang.AssertionError: expected [true] but found [false]
	at org.testng.Assert.fail(Assert.java:94)
	at org.testng.Assert.failNotEquals(Assert.java:494)
	at org.testng.Assert.assertTrue(Assert.java:42)
	at org.testng.Assert.assertTrue(Assert.java:52)
	at net.bigpoint.assessment.gasstation.implementation.StationImplTest.testBuyGas(StationImplTest.java:126)
</failure>
    <system-err>Jul 06, 2014 12:56:51 PM net.bigpoint.assessment.gasstation.implementation.StationImplTest testBuyGas
SEVERE: Not enough gas
Jul 06, 2014 12:56:51 PM net.bigpoint.assessment.gasstation.implementation.StationImplTest testBuyGas
SEVERE: Not enough gas
</system-err>
  </testcase>
  <testcase time="5.583" classname="net.bigpoint.assessment.gasstation.implementation.StationImplTest" name="testBuyGas">
    <failure message="expected [true] but found [false]" type="java.lang.AssertionError">java.lang.AssertionError: expected [true] but found [false]
	at org.testng.Assert.fail(Assert.java:94)
	at org.testng.Assert.failNotEquals(Assert.java:494)
	at org.testng.Assert.assertTrue(Assert.java:42)
	at org.testng.Assert.assertTrue(Assert.java:52)
	at net.bigpoint.assessment.gasstation.implementation.StationImplTest.testBuyGas(StationImplTest.java:126)
</failure>
  </testcase>
  <testcase time="5.584" classname="net.bigpoint.assessment.gasstation.implementation.StationImplTest" name="testBuyGas">
    <failure message="expected [true] but found [false]" type="java.lang.AssertionError">java.lang.AssertionError: expected [true] but found [false]
	at org.testng.Assert.fail(Assert.java:94)
	at org.testng.Assert.failNotEquals(Assert.java:494)
	at org.testng.Assert.assertTrue(Assert.java:42)
	at org.testng.Assert.assertTrue(Assert.java:52)
	at net.bigpoint.assessment.gasstation.implementation.StationImplTest.testBuyGas(StationImplTest.java:126)
</failure>
  </testcase>
  <testcase time="5.585" classname="net.bigpoint.assessment.gasstation.implementation.StationImplTest" name="testBuyGas">
    <failure message="expected [true] but found [false]" type="java.lang.AssertionError">java.lang.AssertionError: expected [true] but found [false]
	at org.testng.Assert.fail(Assert.java:94)
	at org.testng.Assert.failNotEquals(Assert.java:494)
	at org.testng.Assert.assertTrue(Assert.java:42)
	at org.testng.Assert.assertTrue(Assert.java:52)
	at net.bigpoint.assessment.gasstation.implementation.StationImplTest.testBuyGas(StationImplTest.java:126)
</failure>
    <system-err>Jul 06, 2014 12:56:51 PM net.bigpoint.assessment.gasstation.implementation.StationImplTest testBuyGas
SEVERE: Not enough gas
Jul 06, 2014 12:56:51 PM net.bigpoint.assessment.gasstation.implementation.StationImplTest testBuyGas
SEVERE: Not enough gas
Jul 06, 2014 12:56:51 PM net.bigpoint.assessment.gasstation.implementation.StationImplTest testBuyGas
SEVERE: Not enough gas
</system-err>
  </testcase>
  <testcase time="5.585" classname="net.bigpoint.assessment.gasstation.implementation.StationImplTest" name="testBuyGas">
    <failure message="expected [true] but found [false]" type="java.lang.AssertionError">java.lang.AssertionError: expected [true] but found [false]
	at org.testng.Assert.fail(Assert.java:94)
	at org.testng.Assert.failNotEquals(Assert.java:494)
	at org.testng.Assert.assertTrue(Assert.java:42)
	at org.testng.Assert.assertTrue(Assert.java:52)
	at net.bigpoint.assessment.gasstation.implementation.StationImplTest.testBuyGas(StationImplTest.java:126)
</failure>
  </testcase>
  <testcase time="5.586" classname="net.bigpoint.assessment.gasstation.implementation.StationImplTest" name="testBuyGas">
    <failure message="expected [true] but found [false]" type="java.lang.AssertionError">java.lang.AssertionError: expected [true] but found [false]
	at org.testng.Assert.fail(Assert.java:94)
	at org.testng.Assert.failNotEquals(Assert.java:494)
	at org.testng.Assert.assertTrue(Assert.java:42)
	at org.testng.Assert.assertTrue(Assert.java:52)
	at net.bigpoint.assessment.gasstation.implementation.StationImplTest.testBuyGas(StationImplTest.java:126)
</failure>
  </testcase>
  <testcase time="5.587" classname="net.bigpoint.assessment.gasstation.implementation.StationImplTest" name="testBuyGas">
    <failure message="expected [true] but found [false]" type="java.lang.AssertionError">java.lang.AssertionError: expected [true] but found [false]
	at org.testng.Assert.fail(Assert.java:94)
	at org.testng.Assert.failNotEquals(Assert.java:494)
	at org.testng.Assert.assertTrue(Assert.java:42)
	at org.testng.Assert.assertTrue(Assert.java:52)
	at net.bigpoint.assessment.gasstation.implementation.StationImplTest.testBuyGas(StationImplTest.java:126)
</failure>
    <system-err>Jul 06, 2014 12:56:51 PM net.bigpoint.assessment.gasstation.implementation.StationImplTest testBuyGas
SEVERE: Not enough gas
Jul 06, 2014 12:56:51 PM net.bigpoint.assessment.gasstation.implementation.StationImplTest testBuyGas
SEVERE: Not enough gas
Jul 06, 2014 12:56:51 PM net.bigpoint.assessment.gasstation.implementation.StationImplTest testBuyGas
SEVERE: Not enough gas
</system-err>
  </testcase>
  <testcase time="5.587" classname="net.bigpoint.assessment.gasstation.implementation.StationImplTest" name="testBuyGas">
    <failure message="expected [true] but found [false]" type="java.lang.AssertionError">java.lang.AssertionError: expected [true] but found [false]
	at org.testng.Assert.fail(Assert.java:94)
	at org.testng.Assert.failNotEquals(Assert.java:494)
	at org.testng.Assert.assertTrue(Assert.java:42)
	at org.testng.Assert.assertTrue(Assert.java:52)
	at net.bigpoint.assessment.gasstation.implementation.StationImplTest.testBuyGas(StationImplTest.java:126)
</failure>
  </testcase>
  <testcase time="5.587" classname="net.bigpoint.assessment.gasstation.implementation.StationImplTest" name="testBuyGas">
    <failure message="expected [true] but found [false]" type="java.lang.AssertionError">java.lang.AssertionError: expected [true] but found [false]
	at org.testng.Assert.fail(Assert.java:94)
	at org.testng.Assert.failNotEquals(Assert.java:494)
	at org.testng.Assert.assertTrue(Assert.java:42)
	at org.testng.Assert.assertTrue(Assert.java:52)
	at net.bigpoint.assessment.gasstation.implementation.StationImplTest.testBuyGas(StationImplTest.java:126)
</failure>
  </testcase>
  <testcase time="5.589" classname="net.bigpoint.assessment.gasstation.implementation.StationImplTest" name="testBuyGas">
    <failure message="expected [true] but found [false]" type="java.lang.AssertionError">java.lang.AssertionError: expected [true] but found [false]
	at org.testng.Assert.fail(Assert.java:94)
	at org.testng.Assert.failNotEquals(Assert.java:494)
	at org.testng.Assert.assertTrue(Assert.java:42)
	at org.testng.Assert.assertTrue(Assert.java:52)
	at net.bigpoint.assessment.gasstation.implementation.StationImplTest.testBuyGas(StationImplTest.java:126)
</failure>
    <system-err>Jul 06, 2014 12:56:51 PM net.bigpoint.assessment.gasstation.implementation.StationImplTest testBuyGas
SEVERE: Not enough gas
Jul 06, 2014 12:56:51 PM net.bigpoint.assessment.gasstation.implementation.StationImplTest testBuyGas
SEVERE: Not enough gas
</system-err>
  </testcase>
  <testcase time="5.589" classname="net.bigpoint.assessment.gasstation.implementation.StationImplTest" name="testBuyGas">
    <failure message="expected [true] but found [false]" type="java.lang.AssertionError">java.lang.AssertionError: expected [true] but found [false]
	at org.testng.Assert.fail(Assert.java:94)
	at org.testng.Assert.failNotEquals(Assert.java:494)
	at org.testng.Assert.assertTrue(Assert.java:42)
	at org.testng.Assert.assertTrue(Assert.java:52)
	at net.bigpoint.assessment.gasstation.implementation.StationImplTest.testBuyGas(StationImplTest.java:126)
</failure>
  </testcase>
  <testcase time="5.59" classname="net.bigpoint.assessment.gasstation.implementation.StationImplTest" name="testBuyGas">
    <failure message="expected [true] but found [false]" type="java.lang.AssertionError">java.lang.AssertionError: expected [true] but found [false]
	at org.testng.Assert.fail(Assert.java:94)
	at org.testng.Assert.failNotEquals(Assert.java:494)
	at org.testng.Assert.assertTrue(Assert.java:42)
	at org.testng.Assert.assertTrue(Assert.java:52)
	at net.bigpoint.assessment.gasstation.implementation.StationImplTest.testBuyGas(StationImplTest.java:126)
</failure>
    <system-err>Jul 06, 2014 12:56:51 PM net.bigpoint.assessment.gasstation.implementation.StationImplTest testBuyGas
SEVERE: Not enough gas
Jul 06, 2014 12:56:51 PM net.bigpoint.assessment.gasstation.implementation.StationImplTest testBuyGas
SEVERE: Not enough gas
</system-err>
  </testcase>
  <testcase time="5.59" classname="net.bigpoint.assessment.gasstation.implementation.StationImplTest" name="testBuyGas">
    <failure message="expected [true] but found [false]" type="java.lang.AssertionError">java.lang.AssertionError: expected [true] but found [false]
	at org.testng.Assert.fail(Assert.java:94)
	at org.testng.Assert.failNotEquals(Assert.java:494)
	at org.testng.Assert.assertTrue(Assert.java:42)
	at org.testng.Assert.assertTrue(Assert.java:52)
	at net.bigpoint.assessment.gasstation.implementation.StationImplTest.testBuyGas(StationImplTest.java:126)
</failure>
  </testcase>
  <testcase time="5.592" classname="net.bigpoint.assessment.gasstation.implementation.StationImplTest" name="testBuyGas">
    <failure message="expected [true] but found [false]" type="java.lang.AssertionError">java.lang.AssertionError: expected [true] but found [false]
	at org.testng.Assert.fail(Assert.java:94)
	at org.testng.Assert.failNotEquals(Assert.java:494)
	at org.testng.Assert.assertTrue(Assert.java:42)
	at org.testng.Assert.assertTrue(Assert.java:52)
	at net.bigpoint.assessment.gasstation.implementation.StationImplTest.testBuyGas(StationImplTest.java:126)
</failure>
    <system-err>Jul 06, 2014 12:56:51 PM net.bigpoint.assessment.gasstation.implementation.StationImplTest testBuyGas
SEVERE: Not enough gas
</system-err>
  </testcase>
  <testcase time="5.593" classname="net.bigpoint.assessment.gasstation.implementation.StationImplTest" name="testBuyGas">
    <failure message="expected [true] but found [false]" type="java.lang.AssertionError">java.lang.AssertionError: expected [true] but found [false]
	at org.testng.Assert.fail(Assert.java:94)
	at org.testng.Assert.failNotEquals(Assert.java:494)
	at org.testng.Assert.assertTrue(Assert.java:42)
	at org.testng.Assert.assertTrue(Assert.java:52)
	at net.bigpoint.assessment.gasstation.implementation.StationImplTest.testBuyGas(StationImplTest.java:126)
</failure>
    <system-err>Jul 06, 2014 12:56:51 PM net.bigpoint.assessment.gasstation.implementation.StationImplTest testBuyGas
SEVERE: Not enough gas
</system-err>
  </testcase>
  <testcase time="5.594" classname="net.bigpoint.assessment.gasstation.implementation.StationImplTest" name="testBuyGas">
    <failure message="expected [true] but found [false]" type="java.lang.AssertionError">java.lang.AssertionError: expected [true] but found [false]
	at org.testng.Assert.fail(Assert.java:94)
	at org.testng.Assert.failNotEquals(Assert.java:494)
	at org.testng.Assert.assertTrue(Assert.java:42)
	at org.testng.Assert.assertTrue(Assert.java:52)
	at net.bigpoint.assessment.gasstation.implementation.StationImplTest.testBuyGas(StationImplTest.java:126)
</failure>
    <system-err>Jul 06, 2014 12:56:51 PM net.bigpoint.assessment.gasstation.implementation.StationImplTest testBuyGas
SEVERE: Not enough gas
Jul 06, 2014 12:56:51 PM net.bigpoint.assessment.gasstation.implementation.StationImplTest testBuyGas
SEVERE: Not enough gas
</system-err>
  </testcase>
  <testcase time="5.595" classname="net.bigpoint.assessment.gasstation.implementation.StationImplTest" name="testBuyGas">
    <failure message="expected [true] but found [false]" type="java.lang.AssertionError">java.lang.AssertionError: expected [true] but found [false]
	at org.testng.Assert.fail(Assert.java:94)
	at org.testng.Assert.failNotEquals(Assert.java:494)
	at org.testng.Assert.assertTrue(Assert.java:42)
	at org.testng.Assert.assertTrue(Assert.java:52)
	at net.bigpoint.assessment.gasstation.implementation.StationImplTest.testBuyGas(StationImplTest.java:126)
</failure>
    <system-err>Jul 06, 2014 12:56:51 PM net.bigpoint.assessment.gasstation.implementation.StationImplTest testBuyGas
SEVERE: Not enough gas
</system-err>
  </testcase>
  <testcase time="5.595" classname="net.bigpoint.assessment.gasstation.implementation.StationImplTest" name="testBuyGas">
    <failure message="expected [true] but found [false]" type="java.lang.AssertionError">java.lang.AssertionError: expected [true] but found [false]
	at org.testng.Assert.fail(Assert.java:94)
	at org.testng.Assert.failNotEquals(Assert.java:494)
	at org.testng.Assert.assertTrue(Assert.java:42)
	at org.testng.Assert.assertTrue(Assert.java:52)
	at net.bigpoint.assessment.gasstation.implementation.StationImplTest.testBuyGas(StationImplTest.java:126)
</failure>
  </testcase>
  <testcase time="5.597" classname="net.bigpoint.assessment.gasstation.implementation.StationImplTest" name="testBuyGas">
    <failure message="expected [true] but found [false]" type="java.lang.AssertionError">java.lang.AssertionError: expected [true] but found [false]
	at org.testng.Assert.fail(Assert.java:94)
	at org.testng.Assert.failNotEquals(Assert.java:494)
	at org.testng.Assert.assertTrue(Assert.java:42)
	at org.testng.Assert.assertTrue(Assert.java:52)
	at net.bigpoint.assessment.gasstation.implementation.StationImplTest.testBuyGas(StationImplTest.java:126)
</failure>
    <system-err>Jul 06, 2014 12:56:51 PM net.bigpoint.assessment.gasstation.implementation.StationImplTest testBuyGas
SEVERE: Not enough gas
Jul 06, 2014 12:56:51 PM net.bigpoint.assessment.gasstation.implementation.StationImplTest testBuyGas
SEVERE: Not enough gas
</system-err>
  </testcase>
  <testcase time="5.598" classname="net.bigpoint.assessment.gasstation.implementation.StationImplTest" name="testBuyGas">
    <failure message="expected [true] but found [false]" type="java.lang.AssertionError">java.lang.AssertionError: expected [true] but found [false]
	at org.testng.Assert.fail(Assert.java:94)
	at org.testng.Assert.failNotEquals(Assert.java:494)
	at org.testng.Assert.assertTrue(Assert.java:42)
	at org.testng.Assert.assertTrue(Assert.java:52)
	at net.bigpoint.assessment.gasstation.implementation.StationImplTest.testBuyGas(StationImplTest.java:126)
</failure>
    <system-err>Jul 06, 2014 12:56:51 PM net.bigpoint.assessment.gasstation.implementation.StationImplTest testBuyGas
SEVERE: Not enough gas
Jul 06, 2014 12:56:51 PM net.bigpoint.assessment.gasstation.implementation.StationImplTest testBuyGas
SEVERE: Not enough gas
</system-err>
  </testcase>
  <testcase time="5.598" classname="net.bigpoint.assessment.gasstation.implementation.StationImplTest" name="testBuyGas">
    <failure message="expected [true] but found [false]" type="java.lang.AssertionError">java.lang.AssertionError: expected [true] but found [false]
	at org.testng.Assert.fail(Assert.java:94)
	at org.testng.Assert.failNotEquals(Assert.java:494)
	at org.testng.Assert.assertTrue(Assert.java:42)
	at org.testng.Assert.assertTrue(Assert.java:52)
	at net.bigpoint.assessment.gasstation.implementation.StationImplTest.testBuyGas(StationImplTest.java:126)
</failure>
  </testcase>
  <testcase time="5.598" classname="net.bigpoint.assessment.gasstation.implementation.StationImplTest" name="testBuyGas">
    <failure message="expected [true] but found [false]" type="java.lang.AssertionError">java.lang.AssertionError: expected [true] but found [false]
	at org.testng.Assert.fail(Assert.java:94)
	at org.testng.Assert.failNotEquals(Assert.java:494)
	at org.testng.Assert.assertTrue(Assert.java:42)
	at org.testng.Assert.assertTrue(Assert.java:52)
	at net.bigpoint.assessment.gasstation.implementation.StationImplTest.testBuyGas(StationImplTest.java:126)
</failure>
  </testcase>
  <testcase time="5.599" classname="net.bigpoint.assessment.gasstation.implementation.StationImplTest" name="testBuyGas">
    <failure message="expected [true] but found [false]" type="java.lang.AssertionError">java.lang.AssertionError: expected [true] but found [false]
	at org.testng.Assert.fail(Assert.java:94)
	at org.testng.Assert.failNotEquals(Assert.java:494)
	at org.testng.Assert.assertTrue(Assert.java:42)
	at org.testng.Assert.assertTrue(Assert.java:52)
	at net.bigpoint.assessment.gasstation.implementation.StationImplTest.testBuyGas(StationImplTest.java:126)
</failure>
    <system-err>Jul 06, 2014 12:56:51 PM net.bigpoint.assessment.gasstation.implementation.StationImplTest testBuyGas
SEVERE: Not enough gas
Jul 06, 2014 12:56:51 PM net.bigpoint.assessment.gasstation.implementation.StationImplTest testBuyGas
SEVERE: Not enough gas
</system-err>
  </testcase>
  <testcase time="5.601" classname="net.bigpoint.assessment.gasstation.implementation.StationImplTest" name="testBuyGas">
    <failure message="expected [true] but found [false]" type="java.lang.AssertionError">java.lang.AssertionError: expected [true] but found [false]
	at org.testng.Assert.fail(Assert.java:94)
	at org.testng.Assert.failNotEquals(Assert.java:494)
	at org.testng.Assert.assertTrue(Assert.java:42)
	at org.testng.Assert.assertTrue(Assert.java:52)
	at net.bigpoint.assessment.gasstation.implementation.StationImplTest.testBuyGas(StationImplTest.java:126)
</failure>
    <system-err>Jul 06, 2014 12:56:51 PM net.bigpoint.assessment.gasstation.implementation.StationImplTest testBuyGas
SEVERE: Not enough gas
</system-err>
  </testcase>
  <testcase time="5.601" classname="net.bigpoint.assessment.gasstation.implementation.StationImplTest" name="testBuyGas">
    <failure message="expected [true] but found [false]" type="java.lang.AssertionError">java.lang.AssertionError: expected [true] but found [false]
	at org.testng.Assert.fail(Assert.java:94)
	at org.testng.Assert.failNotEquals(Assert.java:494)
	at org.testng.Assert.assertTrue(Assert.java:42)
	at org.testng.Assert.assertTrue(Assert.java:52)
	at net.bigpoint.assessment.gasstation.implementation.StationImplTest.testBuyGas(StationImplTest.java:126)
</failure>
    <system-err>Jul 06, 2014 12:56:51 PM net.bigpoint.assessment.gasstation.implementation.StationImplTest testBuyGas
SEVERE: Not enough gas
</system-err>
  </testcase>
  <testcase time="5.601" classname="net.bigpoint.assessment.gasstation.implementation.StationImplTest" name="testBuyGas">
    <failure message="expected [true] but found [false]" type="java.lang.AssertionError">java.lang.AssertionError: expected [true] but found [false]
	at org.testng.Assert.fail(Assert.java:94)
	at org.testng.Assert.failNotEquals(Assert.java:494)
	at org.testng.Assert.assertTrue(Assert.java:42)
	at org.testng.Assert.assertTrue(Assert.java:52)
	at net.bigpoint.assessment.gasstation.implementation.StationImplTest.testBuyGas(StationImplTest.java:126)
</failure>
  </testcase>
  <testcase time="5.602" classname="net.bigpoint.assessment.gasstation.implementation.StationImplTest" name="testBuyGas">
    <failure message="expected [true] but found [false]" type="java.lang.AssertionError">java.lang.AssertionError: expected [true] but found [false]
	at org.testng.Assert.fail(Assert.java:94)
	at org.testng.Assert.failNotEquals(Assert.java:494)
	at org.testng.Assert.assertTrue(Assert.java:42)
	at org.testng.Assert.assertTrue(Assert.java:52)
	at net.bigpoint.assessment.gasstation.implementation.StationImplTest.testBuyGas(StationImplTest.java:126)
</failure>
    <system-err>Jul 06, 2014 12:56:51 PM net.bigpoint.assessment.gasstation.implementation.StationImplTest testBuyGas
SEVERE: Not enough gas
Jul 06, 2014 12:56:51 PM net.bigpoint.assessment.gasstation.implementation.StationImplTest testBuyGas
SEVERE: Not enough gas
</system-err>
  </testcase>
  <testcase time="5.603" classname="net.bigpoint.assessment.gasstation.implementation.StationImplTest" name="testBuyGas">
    <failure message="expected [true] but found [false]" type="java.lang.AssertionError">java.lang.AssertionError: expected [true] but found [false]
	at org.testng.Assert.fail(Assert.java:94)
	at org.testng.Assert.failNotEquals(Assert.java:494)
	at org.testng.Assert.assertTrue(Assert.java:42)
	at org.testng.Assert.assertTrue(Assert.java:52)
	at net.bigpoint.assessment.gasstation.implementation.StationImplTest.testBuyGas(StationImplTest.java:126)
</failure>
  </testcase>
  <testcase time="5.604" classname="net.bigpoint.assessment.gasstation.implementation.StationImplTest" name="testBuyGas">
    <failure message="expected [true] but found [false]" type="java.lang.AssertionError">java.lang.AssertionError: expected [true] but found [false]
	at org.testng.Assert.fail(Assert.java:94)
	at org.testng.Assert.failNotEquals(Assert.java:494)
	at org.testng.Assert.assertTrue(Assert.java:42)
	at org.testng.Assert.assertTrue(Assert.java:52)
	at net.bigpoint.assessment.gasstation.implementation.StationImplTest.testBuyGas(StationImplTest.java:126)
</failure>
    <system-err>Jul 06, 2014 12:56:51 PM net.bigpoint.assessment.gasstation.implementation.StationImplTest testBuyGas
SEVERE: Not enough gas
</system-err>
  </testcase>
  <testcase time="5.605" classname="net.bigpoint.assessment.gasstation.implementation.StationImplTest" name="testBuyGas">
    <failure message="expected [true] but found [false]" type="java.lang.AssertionError">java.lang.AssertionError: expected [true] but found [false]
	at org.testng.Assert.fail(Assert.java:94)
	at org.testng.Assert.failNotEquals(Assert.java:494)
	at org.testng.Assert.assertTrue(Assert.java:42)
	at org.testng.Assert.assertTrue(Assert.java:52)
	at net.bigpoint.assessment.gasstation.implementation.StationImplTest.testBuyGas(StationImplTest.java:126)
</failure>
    <system-err>Jul 06, 2014 12:56:51 PM net.bigpoint.assessment.gasstation.implementation.StationImplTest testBuyGas
SEVERE: Not enough gas
Jul 06, 2014 12:56:51 PM net.bigpoint.assessment.gasstation.implementation.StationImplTest testBuyGas
SEVERE: Not enough gas
</system-err>
  </testcase>
  <testcase time="5.606" classname="net.bigpoint.assessment.gasstation.implementation.StationImplTest" name="testBuyGas">
    <failure message="expected [true] but found [false]" type="java.lang.AssertionError">java.lang.AssertionError: expected [true] but found [false]
	at org.testng.Assert.fail(Assert.java:94)
	at org.testng.Assert.failNotEquals(Assert.java:494)
	at org.testng.Assert.assertTrue(Assert.java:42)
	at org.testng.Assert.assertTrue(Assert.java:52)
	at net.bigpoint.assessment.gasstation.implementation.StationImplTest.testBuyGas(StationImplTest.java:126)
</failure>
    <system-err>Jul 06, 2014 12:56:51 PM net.bigpoint.assessment.gasstation.implementation.StationImplTest testBuyGas
SEVERE: Not enough gas
</system-err>
  </testcase>
  <testcase time="5.606" classname="net.bigpoint.assessment.gasstation.implementation.StationImplTest" name="testBuyGas">
    <failure message="expected [true] but found [false]" type="java.lang.AssertionError">java.lang.AssertionError: expected [true] but found [false]
	at org.testng.Assert.fail(Assert.java:94)
	at org.testng.Assert.failNotEquals(Assert.java:494)
	at org.testng.Assert.assertTrue(Assert.java:42)
	at org.testng.Assert.assertTrue(Assert.java:52)
	at net.bigpoint.assessment.gasstation.implementation.StationImplTest.testBuyGas(StationImplTest.java:126)
</failure>
  </testcase>
  <testcase time="5.608" classname="net.bigpoint.assessment.gasstation.implementation.StationImplTest" name="testBuyGas">
    <failure message="expected [true] but found [false]" type="java.lang.AssertionError">java.lang.AssertionError: expected [true] but found [false]
	at org.testng.Assert.fail(Assert.java:94)
	at org.testng.Assert.failNotEquals(Assert.java:494)
	at org.testng.Assert.assertTrue(Assert.java:42)
	at org.testng.Assert.assertTrue(Assert.java:52)
	at net.bigpoint.assessment.gasstation.implementation.StationImplTest.testBuyGas(StationImplTest.java:126)
</failure>
    <system-err>Jul 06, 2014 12:56:51 PM net.bigpoint.assessment.gasstation.implementation.StationImplTest testBuyGas
SEVERE: Not enough gas
Jul 06, 2014 12:56:51 PM net.bigpoint.assessment.gasstation.implementation.StationImplTest testBuyGas
SEVERE: Not enough gas
Jul 06, 2014 12:56:51 PM net.bigpoint.assessment.gasstation.implementation.StationImplTest testBuyGas
SEVERE: Not enough gas
</system-err>
  </testcase>
  <testcase time="5.608" classname="net.bigpoint.assessment.gasstation.implementation.StationImplTest" name="testBuyGas">
    <failure message="expected [true] but found [false]" type="java.lang.AssertionError">java.lang.AssertionError: expected [true] but found [false]
	at org.testng.Assert.fail(Assert.java:94)
	at org.testng.Assert.failNotEquals(Assert.java:494)
	at org.testng.Assert.assertTrue(Assert.java:42)
	at org.testng.Assert.assertTrue(Assert.java:52)
	at net.bigpoint.assessment.gasstation.implementation.StationImplTest.testBuyGas(StationImplTest.java:126)
</failure>
  </testcase>
  <testcase time="5.608" classname="net.bigpoint.assessment.gasstation.implementation.StationImplTest" name="testBuyGas">
    <failure message="expected [true] but found [false]" type="java.lang.AssertionError">java.lang.AssertionError: expected [true] but found [false]
	at org.testng.Assert.fail(Assert.java:94)
	at org.testng.Assert.failNotEquals(Assert.java:494)
	at org.testng.Assert.assertTrue(Assert.java:42)
	at org.testng.Assert.assertTrue(Assert.java:52)
	at net.bigpoint.assessment.gasstation.implementation.StationImplTest.testBuyGas(StationImplTest.java:126)
</failure>
  </testcase>
  <testcase time="5.61" classname="net.bigpoint.assessment.gasstation.implementation.StationImplTest" name="testBuyGas">
    <failure message="expected [true] but found [false]" type="java.lang.AssertionError">java.lang.AssertionError: expected [true] but found [false]
	at org.testng.Assert.fail(Assert.java:94)
	at org.testng.Assert.failNotEquals(Assert.java:494)
	at org.testng.Assert.assertTrue(Assert.java:42)
	at org.testng.Assert.assertTrue(Assert.java:52)
	at net.bigpoint.assessment.gasstation.implementation.StationImplTest.testBuyGas(StationImplTest.java:126)
</failure>
    <system-err>Jul 06, 2014 12:56:51 PM net.bigpoint.assessment.gasstation.implementation.StationImplTest testBuyGas
SEVERE: Not enough gas
Jul 06, 2014 12:56:51 PM net.bigpoint.assessment.gasstation.implementation.StationImplTest testBuyGas
SEVERE: Not enough gas
</system-err>
  </testcase>
  <testcase time="5.61" classname="net.bigpoint.assessment.gasstation.implementation.StationImplTest" name="testBuyGas">
    <failure message="expected [true] but found [false]" type="java.lang.AssertionError">java.lang.AssertionError: expected [true] but found [false]
	at org.testng.Assert.fail(Assert.java:94)
	at org.testng.Assert.failNotEquals(Assert.java:494)
	at org.testng.Assert.assertTrue(Assert.java:42)
	at org.testng.Assert.assertTrue(Assert.java:52)
	at net.bigpoint.assessment.gasstation.implementation.StationImplTest.testBuyGas(StationImplTest.java:126)
</failure>
    <system-err>Jul 06, 2014 12:56:51 PM net.bigpoint.assessment.gasstation.implementation.StationImplTest testBuyGas
SEVERE: Not enough gas
</system-err>
  </testcase>
  <testcase time="5.61" classname="net.bigpoint.assessment.gasstation.implementation.StationImplTest" name="testBuyGas">
    <failure message="expected [true] but found [false]" type="java.lang.AssertionError">java.lang.AssertionError: expected [true] but found [false]
	at org.testng.Assert.fail(Assert.java:94)
	at org.testng.Assert.failNotEquals(Assert.java:494)
	at org.testng.Assert.assertTrue(Assert.java:42)
	at org.testng.Assert.assertTrue(Assert.java:52)
	at net.bigpoint.assessment.gasstation.implementation.StationImplTest.testBuyGas(StationImplTest.java:126)
</failure>
  </testcase>
  <testcase time="5.61" classname="net.bigpoint.assessment.gasstation.implementation.StationImplTest" name="testBuyGas">
    <failure message="expected [true] but found [false]" type="java.lang.AssertionError">java.lang.AssertionError: expected [true] but found [false]
	at org.testng.Assert.fail(Assert.java:94)
	at org.testng.Assert.failNotEquals(Assert.java:494)
	at org.testng.Assert.assertTrue(Assert.java:42)
	at org.testng.Assert.assertTrue(Assert.java:52)
	at net.bigpoint.assessment.gasstation.implementation.StationImplTest.testBuyGas(StationImplTest.java:126)
</failure>
  </testcase>
  <testcase time="5.611" classname="net.bigpoint.assessment.gasstation.implementation.StationImplTest" name="testBuyGas">
    <failure message="expected [true] but found [false]" type="java.lang.AssertionError">java.lang.AssertionError: expected [true] but found [false]
	at org.testng.Assert.fail(Assert.java:94)
	at org.testng.Assert.failNotEquals(Assert.java:494)
	at org.testng.Assert.assertTrue(Assert.java:42)
	at org.testng.Assert.assertTrue(Assert.java:52)
	at net.bigpoint.assessment.gasstation.implementation.StationImplTest.testBuyGas(StationImplTest.java:126)
</failure>
    <system-err>Jul 06, 2014 12:56:51 PM net.bigpoint.assessment.gasstation.implementation.StationImplTest testBuyGas
SEVERE: Not enough gas
</system-err>
  </testcase>
  <testcase time="5.617" classname="net.bigpoint.assessment.gasstation.implementation.StationImplTest" name="testBuyGas">
    <failure message="expected [true] but found [false]" type="java.lang.AssertionError">java.lang.AssertionError: expected [true] but found [false]
	at org.testng.Assert.fail(Assert.java:94)
	at org.testng.Assert.failNotEquals(Assert.java:494)
	at org.testng.Assert.assertTrue(Assert.java:42)
	at org.testng.Assert.assertTrue(Assert.java:52)
	at net.bigpoint.assessment.gasstation.implementation.StationImplTest.testBuyGas(StationImplTest.java:126)
</failure>
    <system-err>Jul 06, 2014 12:56:51 PM net.bigpoint.assessment.gasstation.implementation.StationImplTest testBuyGas
SEVERE: Not enough gas
</system-err>
  </testcase>
  <testcase time="5.617" classname="net.bigpoint.assessment.gasstation.implementation.StationImplTest" name="testBuyGas">
    <failure message="expected [true] but found [false]" type="java.lang.AssertionError">java.lang.AssertionError: expected [true] but found [false]
	at org.testng.Assert.fail(Assert.java:94)
	at org.testng.Assert.failNotEquals(Assert.java:494)
	at org.testng.Assert.assertTrue(Assert.java:42)
	at org.testng.Assert.assertTrue(Assert.java:52)
	at net.bigpoint.assessment.gasstation.implementation.StationImplTest.testBuyGas(StationImplTest.java:126)
</failure>
    <system-err>Jul 06, 2014 12:56:51 PM net.bigpoint.assessment.gasstation.implementation.StationImplTest testBuyGas
SEVERE: Not enough gas
</system-err>
  </testcase>
  <testcase time="5.618" classname="net.bigpoint.assessment.gasstation.implementation.StationImplTest" name="testBuyGas">
    <failure message="expected [true] but found [false]" type="java.lang.AssertionError">java.lang.AssertionError: expected [true] but found [false]
	at org.testng.Assert.fail(Assert.java:94)
	at org.testng.Assert.failNotEquals(Assert.java:494)
	at org.testng.Assert.assertTrue(Assert.java:42)
	at org.testng.Assert.assertTrue(Assert.java:52)
	at net.bigpoint.assessment.gasstation.implementation.StationImplTest.testBuyGas(StationImplTest.java:126)
</failure>
    <system-err>Jul 06, 2014 12:56:51 PM net.bigpoint.assessment.gasstation.implementation.StationImplTest testBuyGas
SEVERE: Not enough gas
</system-err>
  </testcase>
  <testcase time="5.619" classname="net.bigpoint.assessment.gasstation.implementation.StationImplTest" name="testBuyGas">
    <failure message="expected [true] but found [false]" type="java.lang.AssertionError">java.lang.AssertionError: expected [true] but found [false]
	at org.testng.Assert.fail(Assert.java:94)
	at org.testng.Assert.failNotEquals(Assert.java:494)
	at org.testng.Assert.assertTrue(Assert.java:42)
	at org.testng.Assert.assertTrue(Assert.java:52)
	at net.bigpoint.assessment.gasstation.implementation.StationImplTest.testBuyGas(StationImplTest.java:126)
</failure>
    <system-err>Jul 06, 2014 12:56:51 PM net.bigpoint.assessment.gasstation.implementation.StationImplTest testBuyGas
SEVERE: Not enough gas
</system-err>
  </testcase>
  <testcase time="5.622" classname="net.bigpoint.assessment.gasstation.implementation.StationImplTest" name="testBuyGas">
    <failure message="expected [true] but found [false]" type="java.lang.AssertionError">java.lang.AssertionError: expected [true] but found [false]
	at org.testng.Assert.fail(Assert.java:94)
	at org.testng.Assert.failNotEquals(Assert.java:494)
	at org.testng.Assert.assertTrue(Assert.java:42)
	at org.testng.Assert.assertTrue(Assert.java:52)
	at net.bigpoint.assessment.gasstation.implementation.StationImplTest.testBuyGas(StationImplTest.java:126)
</failure>
    <system-err>Jul 06, 2014 12:56:51 PM net.bigpoint.assessment.gasstation.implementation.StationImplTest testBuyGas
SEVERE: Not enough gas
</system-err>
  </testcase>
  <testcase time="5.623" classname="net.bigpoint.assessment.gasstation.implementation.StationImplTest" name="testBuyGas">
    <failure message="expected [true] but found [false]" type="java.lang.AssertionError">java.lang.AssertionError: expected [true] but found [false]
	at org.testng.Assert.fail(Assert.java:94)
	at org.testng.Assert.failNotEquals(Assert.java:494)
	at org.testng.Assert.assertTrue(Assert.java:42)
	at org.testng.Assert.assertTrue(Assert.java:52)
	at net.bigpoint.assessment.gasstation.implementation.StationImplTest.testBuyGas(StationImplTest.java:126)
</failure>
    <system-err>Jul 06, 2014 12:56:51 PM net.bigpoint.assessment.gasstation.implementation.StationImplTest testBuyGas
SEVERE: Not enough gas
</system-err>
  </testcase>
  <testcase time="5.624" classname="net.bigpoint.assessment.gasstation.implementation.StationImplTest" name="testBuyGas">
    <failure message="expected [true] but found [false]" type="java.lang.AssertionError">java.lang.AssertionError: expected [true] but found [false]
	at org.testng.Assert.fail(Assert.java:94)
	at org.testng.Assert.failNotEquals(Assert.java:494)
	at org.testng.Assert.assertTrue(Assert.java:42)
	at org.testng.Assert.assertTrue(Assert.java:52)
	at net.bigpoint.assessment.gasstation.implementation.StationImplTest.testBuyGas(StationImplTest.java:126)
</failure>
    <system-err>Jul 06, 2014 12:56:51 PM net.bigpoint.assessment.gasstation.implementation.StationImplTest testBuyGas
SEVERE: Not enough gas
</system-err>
  </testcase>
  <testcase time="5.626" classname="net.bigpoint.assessment.gasstation.implementation.StationImplTest" name="testBuyGas">
    <failure message="expected [true] but found [false]" type="java.lang.AssertionError">java.lang.AssertionError: expected [true] but found [false]
	at org.testng.Assert.fail(Assert.java:94)
	at org.testng.Assert.failNotEquals(Assert.java:494)
	at org.testng.Assert.assertTrue(Assert.java:42)
	at org.testng.Assert.assertTrue(Assert.java:52)
	at net.bigpoint.assessment.gasstation.implementation.StationImplTest.testBuyGas(StationImplTest.java:126)
</failure>
    <system-err>Jul 06, 2014 12:56:51 PM net.bigpoint.assessment.gasstation.implementation.StationImplTest testBuyGas
SEVERE: Not enough gas
</system-err>
  </testcase>
  <testcase time="5.627" classname="net.bigpoint.assessment.gasstation.implementation.StationImplTest" name="testBuyGas">
    <failure message="expected [true] but found [false]" type="java.lang.AssertionError">java.lang.AssertionError: expected [true] but found [false]
	at org.testng.Assert.fail(Assert.java:94)
	at org.testng.Assert.failNotEquals(Assert.java:494)
	at org.testng.Assert.assertTrue(Assert.java:42)
	at org.testng.Assert.assertTrue(Assert.java:52)
	at net.bigpoint.assessment.gasstation.implementation.StationImplTest.testBuyGas(StationImplTest.java:126)
</failure>
    <system-err>Jul 06, 2014 12:56:51 PM net.bigpoint.assessment.gasstation.implementation.StationImplTest testBuyGas
SEVERE: Not enough gas
</system-err>
  </testcase>
  <testcase time="5.629" classname="net.bigpoint.assessment.gasstation.implementation.StationImplTest" name="testBuyGas">
    <failure message="expected [true] but found [false]" type="java.lang.AssertionError">java.lang.AssertionError: expected [true] but found [false]
	at org.testng.Assert.fail(Assert.java:94)
	at org.testng.Assert.failNotEquals(Assert.java:494)
	at org.testng.Assert.assertTrue(Assert.java:42)
	at org.testng.Assert.assertTrue(Assert.java:52)
	at net.bigpoint.assessment.gasstation.implementation.StationImplTest.testBuyGas(StationImplTest.java:126)
</failure>
    <system-err>Jul 06, 2014 12:56:51 PM net.bigpoint.assessment.gasstation.implementation.StationImplTest testBuyGas
SEVERE: Not enough gas
</system-err>
  </testcase>
  <testcase time="5.631" classname="net.bigpoint.assessment.gasstation.implementation.StationImplTest" name="testBuyGas">
    <failure message="expected [true] but found [false]" type="java.lang.AssertionError">java.lang.AssertionError: expected [true] but found [false]
	at org.testng.Assert.fail(Assert.java:94)
	at org.testng.Assert.failNotEquals(Assert.java:494)
	at org.testng.Assert.assertTrue(Assert.java:42)
	at org.testng.Assert.assertTrue(Assert.java:52)
	at net.bigpoint.assessment.gasstation.implementation.StationImplTest.testBuyGas(StationImplTest.java:126)
</failure>
    <system-err>Jul 06, 2014 12:56:51 PM net.bigpoint.assessment.gasstation.implementation.StationImplTest testBuyGas
SEVERE: Not enough gas
</system-err>
  </testcase>
  <testcase time="5.635" classname="net.bigpoint.assessment.gasstation.implementation.StationImplTest" name="testBuyGas">
    <failure message="expected [true] but found [false]" type="java.lang.AssertionError">java.lang.AssertionError: expected [true] but found [false]
	at org.testng.Assert.fail(Assert.java:94)
	at org.testng.Assert.failNotEquals(Assert.java:494)
	at org.testng.Assert.assertTrue(Assert.java:42)
	at org.testng.Assert.assertTrue(Assert.java:52)
	at net.bigpoint.assessment.gasstation.implementation.StationImplTest.testBuyGas(StationImplTest.java:126)
</failure>
    <system-err>Jul 06, 2014 12:56:51 PM net.bigpoint.assessment.gasstation.implementation.StationImplTest testBuyGas
SEVERE: Not enough gas
Jul 06, 2014 12:56:51 PM net.bigpoint.assessment.gasstation.implementation.StationImplTest testBuyGas
SEVERE: Not enough gas
</system-err>
  </testcase>
  <testcase time="5.636" classname="net.bigpoint.assessment.gasstation.implementation.StationImplTest" name="testBuyGas">
    <failure message="expected [true] but found [false]" type="java.lang.AssertionError">java.lang.AssertionError: expected [true] but found [false]
	at org.testng.Assert.fail(Assert.java:94)
	at org.testng.Assert.failNotEquals(Assert.java:494)
	at org.testng.Assert.assertTrue(Assert.java:42)
	at org.testng.Assert.assertTrue(Assert.java:52)
	at net.bigpoint.assessment.gasstation.implementation.StationImplTest.testBuyGas(StationImplTest.java:126)
</failure>
    <system-err>Jul 06, 2014 12:56:51 PM net.bigpoint.assessment.gasstation.implementation.StationImplTest testBuyGas
SEVERE: Not enough gas
</system-err>
  </testcase>
  <testcase time="5.637" classname="net.bigpoint.assessment.gasstation.implementation.StationImplTest" name="testBuyGas">
    <failure message="expected [true] but found [false]" type="java.lang.AssertionError">java.lang.AssertionError: expected [true] but found [false]
	at org.testng.Assert.fail(Assert.java:94)
	at org.testng.Assert.failNotEquals(Assert.java:494)
	at org.testng.Assert.assertTrue(Assert.java:42)
	at org.testng.Assert.assertTrue(Assert.java:52)
	at net.bigpoint.assessment.gasstation.implementation.StationImplTest.testBuyGas(StationImplTest.java:126)
</failure>
    <system-err>Jul 06, 2014 12:56:51 PM net.bigpoint.assessment.gasstation.implementation.StationImplTest testBuyGas
SEVERE: Not enough gas
</system-err>
  </testcase>
  <testcase time="5.637" classname="net.bigpoint.assessment.gasstation.implementation.StationImplTest" name="testBuyGas">
    <failure message="expected [true] but found [false]" type="java.lang.AssertionError">java.lang.AssertionError: expected [true] but found [false]
	at org.testng.Assert.fail(Assert.java:94)
	at org.testng.Assert.failNotEquals(Assert.java:494)
	at org.testng.Assert.assertTrue(Assert.java:42)
	at org.testng.Assert.assertTrue(Assert.java:52)
	at net.bigpoint.assessment.gasstation.implementation.StationImplTest.testBuyGas(StationImplTest.java:126)
</failure>
  </testcase>
  <testcase time="5.638" classname="net.bigpoint.assessment.gasstation.implementation.StationImplTest" name="testBuyGas">
    <failure message="expected [true] but found [false]" type="java.lang.AssertionError">java.lang.AssertionError: expected [true] but found [false]
	at org.testng.Assert.fail(Assert.java:94)
	at org.testng.Assert.failNotEquals(Assert.java:494)
	at org.testng.Assert.assertTrue(Assert.java:42)
	at org.testng.Assert.assertTrue(Assert.java:52)
	at net.bigpoint.assessment.gasstation.implementation.StationImplTest.testBuyGas(StationImplTest.java:126)
</failure>
    <system-err>Jul 06, 2014 12:56:51 PM net.bigpoint.assessment.gasstation.implementation.StationImplTest testBuyGas
SEVERE: Not enough gas
</system-err>
  </testcase>
  <testcase time="5.639" classname="net.bigpoint.assessment.gasstation.implementation.StationImplTest" name="testBuyGas">
    <failure message="expected [true] but found [false]" type="java.lang.AssertionError">java.lang.AssertionError: expected [true] but found [false]
	at org.testng.Assert.fail(Assert.java:94)
	at org.testng.Assert.failNotEquals(Assert.java:494)
	at org.testng.Assert.assertTrue(Assert.java:42)
	at org.testng.Assert.assertTrue(Assert.java:52)
	at net.bigpoint.assessment.gasstation.implementation.StationImplTest.testBuyGas(StationImplTest.java:126)
</failure>
    <system-err>Jul 06, 2014 12:56:51 PM net.bigpoint.assessment.gasstation.implementation.StationImplTest testBuyGas
SEVERE: Not enough gas
</system-err>
  </testcase>
  <testcase time="5.641" classname="net.bigpoint.assessment.gasstation.implementation.StationImplTest" name="testBuyGas">
    <failure message="expected [true] but found [false]" type="java.lang.AssertionError">java.lang.AssertionError: expected [true] but found [false]
	at org.testng.Assert.fail(Assert.java:94)
	at org.testng.Assert.failNotEquals(Assert.java:494)
	at org.testng.Assert.assertTrue(Assert.java:42)
	at org.testng.Assert.assertTrue(Assert.java:52)
	at net.bigpoint.assessment.gasstation.implementation.StationImplTest.testBuyGas(StationImplTest.java:126)
</failure>
    <system-err>Jul 06, 2014 12:56:51 PM net.bigpoint.assessment.gasstation.implementation.StationImplTest testBuyGas
SEVERE: Not enough gas
Jul 06, 2014 12:56:51 PM net.bigpoint.assessment.gasstation.implementation.StationImplTest testBuyGas
SEVERE: Not enough gas
</system-err>
  </testcase>
  <testcase time="5.643" classname="net.bigpoint.assessment.gasstation.implementation.StationImplTest" name="testBuyGas">
    <failure message="expected [true] but found [false]" type="java.lang.AssertionError">java.lang.AssertionError: expected [true] but found [false]
	at org.testng.Assert.fail(Assert.java:94)
	at org.testng.Assert.failNotEquals(Assert.java:494)
	at org.testng.Assert.assertTrue(Assert.java:42)
	at org.testng.Assert.assertTrue(Assert.java:52)
	at net.bigpoint.assessment.gasstation.implementation.StationImplTest.testBuyGas(StationImplTest.java:126)
</failure>
    <system-err>Jul 06, 2014 12:56:51 PM net.bigpoint.assessment.gasstation.implementation.StationImplTest testBuyGas
SEVERE: Not enough gas
</system-err>
  </testcase>
  <testcase time="5.643" classname="net.bigpoint.assessment.gasstation.implementation.StationImplTest" name="testBuyGas">
    <failure message="expected [true] but found [false]" type="java.lang.AssertionError">java.lang.AssertionError: expected [true] but found [false]
	at org.testng.Assert.fail(Assert.java:94)
	at org.testng.Assert.failNotEquals(Assert.java:494)
	at org.testng.Assert.assertTrue(Assert.java:42)
	at org.testng.Assert.assertTrue(Assert.java:52)
	at net.bigpoint.assessment.gasstation.implementation.StationImplTest.testBuyGas(StationImplTest.java:126)
</failure>
  </testcase>
  <testcase time="5.646" classname="net.bigpoint.assessment.gasstation.implementation.StationImplTest" name="testBuyGas">
    <failure message="expected [true] but found [false]" type="java.lang.AssertionError">java.lang.AssertionError: expected [true] but found [false]
	at org.testng.Assert.fail(Assert.java:94)
	at org.testng.Assert.failNotEquals(Assert.java:494)
	at org.testng.Assert.assertTrue(Assert.java:42)
	at org.testng.Assert.assertTrue(Assert.java:52)
	at net.bigpoint.assessment.gasstation.implementation.StationImplTest.testBuyGas(StationImplTest.java:126)
</failure>
    <system-err>Jul 06, 2014 12:56:51 PM net.bigpoint.assessment.gasstation.implementation.StationImplTest testBuyGas
SEVERE: Not enough gas
Jul 06, 2014 12:56:51 PM net.bigpoint.assessment.gasstation.implementation.StationImplTest testBuyGas
SEVERE: Not enough gas
</system-err>
  </testcase>
  <testcase time="5.647" classname="net.bigpoint.assessment.gasstation.implementation.StationImplTest" name="testBuyGas">
    <failure message="expected [true] but found [false]" type="java.lang.AssertionError">java.lang.AssertionError: expected [true] but found [false]
	at org.testng.Assert.fail(Assert.java:94)
	at org.testng.Assert.failNotEquals(Assert.java:494)
	at org.testng.Assert.assertTrue(Assert.java:42)
	at org.testng.Assert.assertTrue(Assert.java:52)
	at net.bigpoint.assessment.gasstation.implementation.StationImplTest.testBuyGas(StationImplTest.java:126)
</failure>
  </testcase>
  <testcase time="5.647" classname="net.bigpoint.assessment.gasstation.implementation.StationImplTest" name="testBuyGas">
    <failure message="expected [true] but found [false]" type="java.lang.AssertionError">java.lang.AssertionError: expected [true] but found [false]
	at org.testng.Assert.fail(Assert.java:94)
	at org.testng.Assert.failNotEquals(Assert.java:494)
	at org.testng.Assert.assertTrue(Assert.java:42)
	at org.testng.Assert.assertTrue(Assert.java:52)
	at net.bigpoint.assessment.gasstation.implementation.StationImplTest.testBuyGas(StationImplTest.java:126)
</failure>
    <system-err>Jul 06, 2014 12:56:51 PM net.bigpoint.assessment.gasstation.implementation.StationImplTest testBuyGas
SEVERE: Not enough gas
Jul 06, 2014 12:56:51 PM net.bigpoint.assessment.gasstation.implementation.StationImplTest testBuyGas
SEVERE: Not enough gas
</system-err>
  </testcase>
  <testcase time="5.648" classname="net.bigpoint.assessment.gasstation.implementation.StationImplTest" name="testBuyGas">
    <failure message="expected [true] but found [false]" type="java.lang.AssertionError">java.lang.AssertionError: expected [true] but found [false]
	at org.testng.Assert.fail(Assert.java:94)
	at org.testng.Assert.failNotEquals(Assert.java:494)
	at org.testng.Assert.assertTrue(Assert.java:42)
	at org.testng.Assert.assertTrue(Assert.java:52)
	at net.bigpoint.assessment.gasstation.implementation.StationImplTest.testBuyGas(StationImplTest.java:126)
</failure>
    <system-err>Jul 06, 2014 12:56:51 PM net.bigpoint.assessment.gasstation.implementation.StationImplTest testBuyGas
SEVERE: Not enough gas
</system-err>
  </testcase>
  <testcase time="5.648" classname="net.bigpoint.assessment.gasstation.implementation.StationImplTest" name="testBuyGas">
    <failure message="expected [true] but found [false]" type="java.lang.AssertionError">java.lang.AssertionError: expected [true] but found [false]
	at org.testng.Assert.fail(Assert.java:94)
	at org.testng.Assert.failNotEquals(Assert.java:494)
	at org.testng.Assert.assertTrue(Assert.java:42)
	at org.testng.Assert.assertTrue(Assert.java:52)
	at net.bigpoint.assessment.gasstation.implementation.StationImplTest.testBuyGas(StationImplTest.java:126)
</failure>
  </testcase>
  <testcase time="5.65" classname="net.bigpoint.assessment.gasstation.implementation.StationImplTest" name="testBuyGas">
    <failure message="expected [true] but found [false]" type="java.lang.AssertionError">java.lang.AssertionError: expected [true] but found [false]
	at org.testng.Assert.fail(Assert.java:94)
	at org.testng.Assert.failNotEquals(Assert.java:494)
	at org.testng.Assert.assertTrue(Assert.java:42)
	at org.testng.Assert.assertTrue(Assert.java:52)
	at net.bigpoint.assessment.gasstation.implementation.StationImplTest.testBuyGas(StationImplTest.java:126)
</failure>
    <system-err>Jul 06, 2014 12:56:51 PM net.bigpoint.assessment.gasstation.implementation.StationImplTest testBuyGas
SEVERE: Not enough gas
Jul 06, 2014 12:56:51 PM net.bigpoint.assessment.gasstation.implementation.StationImplTest testBuyGas
SEVERE: Not enough gas
</system-err>
  </testcase>
  <testcase time="5.65" classname="net.bigpoint.assessment.gasstation.implementation.StationImplTest" name="testBuyGas">
    <failure message="expected [true] but found [false]" type="java.lang.AssertionError">java.lang.AssertionError: expected [true] but found [false]
	at org.testng.Assert.fail(Assert.java:94)
	at org.testng.Assert.failNotEquals(Assert.java:494)
	at org.testng.Assert.assertTrue(Assert.java:42)
	at org.testng.Assert.assertTrue(Assert.java:52)
	at net.bigpoint.assessment.gasstation.implementation.StationImplTest.testBuyGas(StationImplTest.java:126)
</failure>
  </testcase>
  <testcase time="5.651" classname="net.bigpoint.assessment.gasstation.implementation.StationImplTest" name="testBuyGas">
    <failure message="expected [true] but found [false]" type="java.lang.AssertionError">java.lang.AssertionError: expected [true] but found [false]
	at org.testng.Assert.fail(Assert.java:94)
	at org.testng.Assert.failNotEquals(Assert.java:494)
	at org.testng.Assert.assertTrue(Assert.java:42)
	at org.testng.Assert.assertTrue(Assert.java:52)
	at net.bigpoint.assessment.gasstation.implementation.StationImplTest.testBuyGas(StationImplTest.java:126)
</failure>
    <system-err>Jul 06, 2014 12:56:51 PM net.bigpoint.assessment.gasstation.implementation.StationImplTest testBuyGas
SEVERE: Not enough gas
</system-err>
  </testcase>
  <testcase time="5.653" classname="net.bigpoint.assessment.gasstation.implementation.StationImplTest" name="testBuyGas">
    <failure message="expected [true] but found [false]" type="java.lang.AssertionError">java.lang.AssertionError: expected [true] but found [false]
	at org.testng.Assert.fail(Assert.java:94)
	at org.testng.Assert.failNotEquals(Assert.java:494)
	at org.testng.Assert.assertTrue(Assert.java:42)
	at org.testng.Assert.assertTrue(Assert.java:52)
	at net.bigpoint.assessment.gasstation.implementation.StationImplTest.testBuyGas(StationImplTest.java:126)
</failure>
    <system-err>Jul 06, 2014 12:56:51 PM net.bigpoint.assessment.gasstation.implementation.StationImplTest testBuyGas
SEVERE: Not enough gas
Jul 06, 2014 12:56:51 PM net.bigpoint.assessment.gasstation.implementation.StationImplTest testBuyGas
SEVERE: Not enough gas
</system-err>
  </testcase>
  <testcase time="5.653" classname="net.bigpoint.assessment.gasstation.implementation.StationImplTest" name="testBuyGas">
    <failure message="expected [true] but found [false]" type="java.lang.AssertionError">java.lang.AssertionError: expected [true] but found [false]
	at org.testng.Assert.fail(Assert.java:94)
	at org.testng.Assert.failNotEquals(Assert.java:494)
	at org.testng.Assert.assertTrue(Assert.java:42)
	at org.testng.Assert.assertTrue(Assert.java:52)
	at net.bigpoint.assessment.gasstation.implementation.StationImplTest.testBuyGas(StationImplTest.java:126)
</failure>
  </testcase>
  <testcase time="5.655" classname="net.bigpoint.assessment.gasstation.implementation.StationImplTest" name="testBuyGas">
    <failure message="expected [true] but found [false]" type="java.lang.AssertionError">java.lang.AssertionError: expected [true] but found [false]
	at org.testng.Assert.fail(Assert.java:94)
	at org.testng.Assert.failNotEquals(Assert.java:494)
	at org.testng.Assert.assertTrue(Assert.java:42)
	at org.testng.Assert.assertTrue(Assert.java:52)
	at net.bigpoint.assessment.gasstation.implementation.StationImplTest.testBuyGas(StationImplTest.java:126)
</failure>
    <system-err>Jul 06, 2014 12:56:51 PM net.bigpoint.assessment.gasstation.implementation.StationImplTest testBuyGas
SEVERE: Not enough gas
Jul 06, 2014 12:56:51 PM net.bigpoint.assessment.gasstation.implementation.StationImplTest testBuyGas
SEVERE: Not enough gas
</system-err>
  </testcase>
  <testcase time="5.656" classname="net.bigpoint.assessment.gasstation.implementation.StationImplTest" name="testBuyGas">
    <failure message="expected [true] but found [false]" type="java.lang.AssertionError">java.lang.AssertionError: expected [true] but found [false]
	at org.testng.Assert.fail(Assert.java:94)
	at org.testng.Assert.failNotEquals(Assert.java:494)
	at org.testng.Assert.assertTrue(Assert.java:42)
	at org.testng.Assert.assertTrue(Assert.java:52)
	at net.bigpoint.assessment.gasstation.implementation.StationImplTest.testBuyGas(StationImplTest.java:126)
</failure>
    <system-err>Jul 06, 2014 12:56:51 PM net.bigpoint.assessment.gasstation.implementation.StationImplTest testBuyGas
SEVERE: Not enough gas
</system-err>
  </testcase>
  <testcase time="5.657" classname="net.bigpoint.assessment.gasstation.implementation.StationImplTest" name="testBuyGas">
    <failure message="expected [true] but found [false]" type="java.lang.AssertionError">java.lang.AssertionError: expected [true] but found [false]
	at org.testng.Assert.fail(Assert.java:94)
	at org.testng.Assert.failNotEquals(Assert.java:494)
	at org.testng.Assert.assertTrue(Assert.java:42)
	at org.testng.Assert.assertTrue(Assert.java:52)
	at net.bigpoint.assessment.gasstation.implementation.StationImplTest.testBuyGas(StationImplTest.java:126)
</failure>
    <system-err>Jul 06, 2014 12:56:51 PM net.bigpoint.assessment.gasstation.implementation.StationImplTest testBuyGas
SEVERE: Not enough gas
</system-err>
  </testcase>
  <testcase time="5.657" classname="net.bigpoint.assessment.gasstation.implementation.StationImplTest" name="testBuyGas">
    <failure message="expected [true] but found [false]" type="java.lang.AssertionError">java.lang.AssertionError: expected [true] but found [false]
	at org.testng.Assert.fail(Assert.java:94)
	at org.testng.Assert.failNotEquals(Assert.java:494)
	at org.testng.Assert.assertTrue(Assert.java:42)
	at org.testng.Assert.assertTrue(Assert.java:52)
	at net.bigpoint.assessment.gasstation.implementation.StationImplTest.testBuyGas(StationImplTest.java:126)
</failure>
    <system-err>Jul 06, 2014 12:56:51 PM net.bigpoint.assessment.gasstation.implementation.StationImplTest testBuyGas
SEVERE: Not enough gas
</system-err>
  </testcase>
  <testcase time="5.658" classname="net.bigpoint.assessment.gasstation.implementation.StationImplTest" name="testBuyGas">
    <failure message="expected [true] but found [false]" type="java.lang.AssertionError">java.lang.AssertionError: expected [true] but found [false]
	at org.testng.Assert.fail(Assert.java:94)
	at org.testng.Assert.failNotEquals(Assert.java:494)
	at org.testng.Assert.assertTrue(Assert.java:42)
	at org.testng.Assert.assertTrue(Assert.java:52)
	at net.bigpoint.assessment.gasstation.implementation.StationImplTest.testBuyGas(StationImplTest.java:126)
</failure>
    <system-err>Jul 06, 2014 12:56:51 PM net.bigpoint.assessment.gasstation.implementation.StationImplTest testBuyGas
SEVERE: Not enough gas
</system-err>
  </testcase>
  <testcase time="5.658" classname="net.bigpoint.assessment.gasstation.implementation.StationImplTest" name="testBuyGas">
    <failure message="expected [true] but found [false]" type="java.lang.AssertionError">java.lang.AssertionError: expected [true] but found [false]
	at org.testng.Assert.fail(Assert.java:94)
	at org.testng.Assert.failNotEquals(Assert.java:494)
	at org.testng.Assert.assertTrue(Assert.java:42)
	at org.testng.Assert.assertTrue(Assert.java:52)
	at net.bigpoint.assessment.gasstation.implementation.StationImplTest.testBuyGas(StationImplTest.java:126)
</failure>
  </testcase>
  <testcase time="5.659" classname="net.bigpoint.assessment.gasstation.implementation.StationImplTest" name="testBuyGas">
    <failure message="expected [true] but found [false]" type="java.lang.AssertionError">java.lang.AssertionError: expected [true] but found [false]
	at org.testng.Assert.fail(Assert.java:94)
	at org.testng.Assert.failNotEquals(Assert.java:494)
	at org.testng.Assert.assertTrue(Assert.java:42)
	at org.testng.Assert.assertTrue(Assert.java:52)
	at net.bigpoint.assessment.gasstation.implementation.StationImplTest.testBuyGas(StationImplTest.java:126)
</failure>
    <system-err>Jul 06, 2014 12:56:51 PM net.bigpoint.assessment.gasstation.implementation.StationImplTest testBuyGas
SEVERE: Not enough gas
</system-err>
  </testcase>
  <testcase time="5.659" classname="net.bigpoint.assessment.gasstation.implementation.StationImplTest" name="testBuyGas">
    <failure message="expected [true] but found [false]" type="java.lang.AssertionError">java.lang.AssertionError: expected [true] but found [false]
	at org.testng.Assert.fail(Assert.java:94)
	at org.testng.Assert.failNotEquals(Assert.java:494)
	at org.testng.Assert.assertTrue(Assert.java:42)
	at org.testng.Assert.assertTrue(Assert.java:52)
	at net.bigpoint.assessment.gasstation.implementation.StationImplTest.testBuyGas(StationImplTest.java:126)
</failure>
    <system-err>Jul 06, 2014 12:56:51 PM net.bigpoint.assessment.gasstation.implementation.StationImplTest testBuyGas
SEVERE: Not enough gas
Jul 06, 2014 12:56:51 PM net.bigpoint.assessment.gasstation.implementation.StationImplTest testBuyGas
SEVERE: Not enough gas
</system-err>
  </testcase>
  <testcase time="5.66" classname="net.bigpoint.assessment.gasstation.implementation.StationImplTest" name="testBuyGas">
    <failure message="expected [true] but found [false]" type="java.lang.AssertionError">java.lang.AssertionError: expected [true] but found [false]
	at org.testng.Assert.fail(Assert.java:94)
	at org.testng.Assert.failNotEquals(Assert.java:494)
	at org.testng.Assert.assertTrue(Assert.java:42)
	at org.testng.Assert.assertTrue(Assert.java:52)
	at net.bigpoint.assessment.gasstation.implementation.StationImplTest.testBuyGas(StationImplTest.java:126)
</failure>
    <system-err>Jul 06, 2014 12:56:51 PM net.bigpoint.assessment.gasstation.implementation.StationImplTest testBuyGas
SEVERE: Not enough gas
</system-err>
  </testcase>
  <testcase time="5.661" classname="net.bigpoint.assessment.gasstation.implementation.StationImplTest" name="testBuyGas">
    <failure message="expected [true] but found [false]" type="java.lang.AssertionError">java.lang.AssertionError: expected [true] but found [false]
	at org.testng.Assert.fail(Assert.java:94)
	at org.testng.Assert.failNotEquals(Assert.java:494)
	at org.testng.Assert.assertTrue(Assert.java:42)
	at org.testng.Assert.assertTrue(Assert.java:52)
	at net.bigpoint.assessment.gasstation.implementation.StationImplTest.testBuyGas(StationImplTest.java:126)
</failure>
    <system-err>Jul 06, 2014 12:56:51 PM net.bigpoint.assessment.gasstation.implementation.StationImplTest testBuyGas
SEVERE: Not enough gas
</system-err>
  </testcase>
  <testcase time="5.661" classname="net.bigpoint.assessment.gasstation.implementation.StationImplTest" name="testBuyGas">
    <failure message="expected [true] but found [false]" type="java.lang.AssertionError">java.lang.AssertionError: expected [true] but found [false]
	at org.testng.Assert.fail(Assert.java:94)
	at org.testng.Assert.failNotEquals(Assert.java:494)
	at org.testng.Assert.assertTrue(Assert.java:42)
	at org.testng.Assert.assertTrue(Assert.java:52)
	at net.bigpoint.assessment.gasstation.implementation.StationImplTest.testBuyGas(StationImplTest.java:126)
</failure>
    <system-err>Jul 06, 2014 12:56:51 PM net.bigpoint.assessment.gasstation.implementation.StationImplTest testBuyGas
SEVERE: Not enough gas
</system-err>
  </testcase>
  <testcase time="5.662" classname="net.bigpoint.assessment.gasstation.implementation.StationImplTest" name="testBuyGas">
    <failure message="expected [true] but found [false]" type="java.lang.AssertionError">java.lang.AssertionError: expected [true] but found [false]
	at org.testng.Assert.fail(Assert.java:94)
	at org.testng.Assert.failNotEquals(Assert.java:494)
	at org.testng.Assert.assertTrue(Assert.java:42)
	at org.testng.Assert.assertTrue(Assert.java:52)
	at net.bigpoint.assessment.gasstation.implementation.StationImplTest.testBuyGas(StationImplTest.java:126)
</failure>
    <system-err>Jul 06, 2014 12:56:51 PM net.bigpoint.assessment.gasstation.implementation.StationImplTest testBuyGas
SEVERE: Not enough gas
</system-err>
  </testcase>
  <testcase time="5.662" classname="net.bigpoint.assessment.gasstation.implementation.StationImplTest" name="testBuyGas">
    <failure message="expected [true] but found [false]" type="java.lang.AssertionError">java.lang.AssertionError: expected [true] but found [false]
	at org.testng.Assert.fail(Assert.java:94)
	at org.testng.Assert.failNotEquals(Assert.java:494)
	at org.testng.Assert.assertTrue(Assert.java:42)
	at org.testng.Assert.assertTrue(Assert.java:52)
	at net.bigpoint.assessment.gasstation.implementation.StationImplTest.testBuyGas(StationImplTest.java:126)
</failure>
  </testcase>
  <testcase time="5.663" classname="net.bigpoint.assessment.gasstation.implementation.StationImplTest" name="testBuyGas">
    <failure message="expected [true] but found [false]" type="java.lang.AssertionError">java.lang.AssertionError: expected [true] but found [false]
	at org.testng.Assert.fail(Assert.java:94)
	at org.testng.Assert.failNotEquals(Assert.java:494)
	at org.testng.Assert.assertTrue(Assert.java:42)
	at org.testng.Assert.assertTrue(Assert.java:52)
	at net.bigpoint.assessment.gasstation.implementation.StationImplTest.testBuyGas(StationImplTest.java:126)
</failure>
    <system-err>Jul 06, 2014 12:56:51 PM net.bigpoint.assessment.gasstation.implementation.StationImplTest testBuyGas
SEVERE: Not enough gas
Jul 06, 2014 12:56:51 PM net.bigpoint.assessment.gasstation.implementation.StationImplTest testBuyGas
SEVERE: Not enough gas
</system-err>
  </testcase>
  <testcase time="5.664" classname="net.bigpoint.assessment.gasstation.implementation.StationImplTest" name="testBuyGas">
    <failure message="expected [true] but found [false]" type="java.lang.AssertionError">java.lang.AssertionError: expected [true] but found [false]
	at org.testng.Assert.fail(Assert.java:94)
	at org.testng.Assert.failNotEquals(Assert.java:494)
	at org.testng.Assert.assertTrue(Assert.java:42)
	at org.testng.Assert.assertTrue(Assert.java:52)
	at net.bigpoint.assessment.gasstation.implementation.StationImplTest.testBuyGas(StationImplTest.java:126)
</failure>
    <system-err>Jul 06, 2014 12:56:51 PM net.bigpoint.assessment.gasstation.implementation.StationImplTest testBuyGas
SEVERE: Not enough gas
</system-err>
  </testcase>
  <testcase time="5.664" classname="net.bigpoint.assessment.gasstation.implementation.StationImplTest" name="testBuyGas">
    <failure message="expected [true] but found [false]" type="java.lang.AssertionError">java.lang.AssertionError: expected [true] but found [false]
	at org.testng.Assert.fail(Assert.java:94)
	at org.testng.Assert.failNotEquals(Assert.java:494)
	at org.testng.Assert.assertTrue(Assert.java:42)
	at org.testng.Assert.assertTrue(Assert.java:52)
	at net.bigpoint.assessment.gasstation.implementation.StationImplTest.testBuyGas(StationImplTest.java:126)
</failure>
  </testcase>
  <testcase time="5.665" classname="net.bigpoint.assessment.gasstation.implementation.StationImplTest" name="testBuyGas">
    <failure message="expected [true] but found [false]" type="java.lang.AssertionError">java.lang.AssertionError: expected [true] but found [false]
	at org.testng.Assert.fail(Assert.java:94)
	at org.testng.Assert.failNotEquals(Assert.java:494)
	at org.testng.Assert.assertTrue(Assert.java:42)
	at org.testng.Assert.assertTrue(Assert.java:52)
	at net.bigpoint.assessment.gasstation.implementation.StationImplTest.testBuyGas(StationImplTest.java:126)
</failure>
    <system-err>Jul 06, 2014 12:56:51 PM net.bigpoint.assessment.gasstation.implementation.StationImplTest testBuyGas
SEVERE: Not enough gas
Jul 06, 2014 12:56:51 PM net.bigpoint.assessment.gasstation.implementation.StationImplTest testBuyGas
SEVERE: Not enough gas
</system-err>
  </testcase>
  <testcase time="5.666" classname="net.bigpoint.assessment.gasstation.implementation.StationImplTest" name="testBuyGas">
    <failure message="expected [true] but found [false]" type="java.lang.AssertionError">java.lang.AssertionError: expected [true] but found [false]
	at org.testng.Assert.fail(Assert.java:94)
	at org.testng.Assert.failNotEquals(Assert.java:494)
	at org.testng.Assert.assertTrue(Assert.java:42)
	at org.testng.Assert.assertTrue(Assert.java:52)
	at net.bigpoint.assessment.gasstation.implementation.StationImplTest.testBuyGas(StationImplTest.java:126)
</failure>
    <system-err>Jul 06, 2014 12:56:51 PM net.bigpoint.assessment.gasstation.implementation.StationImplTest testBuyGas
SEVERE: Not enough gas
</system-err>
  </testcase>
  <testcase time="5.666" classname="net.bigpoint.assessment.gasstation.implementation.StationImplTest" name="testBuyGas">
    <failure message="expected [true] but found [false]" type="java.lang.AssertionError">java.lang.AssertionError: expected [true] but found [false]
	at org.testng.Assert.fail(Assert.java:94)
	at org.testng.Assert.failNotEquals(Assert.java:494)
	at org.testng.Assert.assertTrue(Assert.java:42)
	at org.testng.Assert.assertTrue(Assert.java:52)
	at net.bigpoint.assessment.gasstation.implementation.StationImplTest.testBuyGas(StationImplTest.java:126)
</failure>
    <system-err>Jul 06, 2014 12:56:51 PM net.bigpoint.assessment.gasstation.implementation.StationImplTest testBuyGas
SEVERE: Not enough gas
</system-err>
  </testcase>
  <testcase time="5.666" classname="net.bigpoint.assessment.gasstation.implementation.StationImplTest" name="testBuyGas">
    <failure message="expected [true] but found [false]" type="java.lang.AssertionError">java.lang.AssertionError: expected [true] but found [false]
	at org.testng.Assert.fail(Assert.java:94)
	at org.testng.Assert.failNotEquals(Assert.java:494)
	at org.testng.Assert.assertTrue(Assert.java:42)
	at org.testng.Assert.assertTrue(Assert.java:52)
	at net.bigpoint.assessment.gasstation.implementation.StationImplTest.testBuyGas(StationImplTest.java:126)
</failure>
  </testcase>
  <testcase time="5.667" classname="net.bigpoint.assessment.gasstation.implementation.StationImplTest" name="testBuyGas">
    <failure message="expected [true] but found [false]" type="java.lang.AssertionError">java.lang.AssertionError: expected [true] but found [false]
	at org.testng.Assert.fail(Assert.java:94)
	at org.testng.Assert.failNotEquals(Assert.java:494)
	at org.testng.Assert.assertTrue(Assert.java:42)
	at org.testng.Assert.assertTrue(Assert.java:52)
	at net.bigpoint.assessment.gasstation.implementation.StationImplTest.testBuyGas(StationImplTest.java:126)
</failure>
    <system-err>Jul 06, 2014 12:56:51 PM net.bigpoint.assessment.gasstation.implementation.StationImplTest testBuyGas
SEVERE: Not enough gas
</system-err>
  </testcase>
  <testcase time="5.669" classname="net.bigpoint.assessment.gasstation.implementation.StationImplTest" name="testBuyGas">
    <failure message="expected [true] but found [false]" type="java.lang.AssertionError">java.lang.AssertionError: expected [true] but found [false]
	at org.testng.Assert.fail(Assert.java:94)
	at org.testng.Assert.failNotEquals(Assert.java:494)
	at org.testng.Assert.assertTrue(Assert.java:42)
	at org.testng.Assert.assertTrue(Assert.java:52)
	at net.bigpoint.assessment.gasstation.implementation.StationImplTest.testBuyGas(StationImplTest.java:126)
</failure>
    <system-err>Jul 06, 2014 12:56:51 PM net.bigpoint.assessment.gasstation.implementation.StationImplTest testBuyGas
SEVERE: Not enough gas
Jul 06, 2014 12:56:51 PM net.bigpoint.assessment.gasstation.implementation.StationImplTest testBuyGas
SEVERE: Not enough gas
</system-err>
  </testcase>
  <testcase time="5.669" classname="net.bigpoint.assessment.gasstation.implementation.StationImplTest" name="testBuyGas">
    <failure message="expected [true] but found [false]" type="java.lang.AssertionError">java.lang.AssertionError: expected [true] but found [false]
	at org.testng.Assert.fail(Assert.java:94)
	at org.testng.Assert.failNotEquals(Assert.java:494)
	at org.testng.Assert.assertTrue(Assert.java:42)
	at org.testng.Assert.assertTrue(Assert.java:52)
	at net.bigpoint.assessment.gasstation.implementation.StationImplTest.testBuyGas(StationImplTest.java:126)
</failure>
    <system-err>Jul 06, 2014 12:56:51 PM net.bigpoint.assessment.gasstation.implementation.StationImplTest testBuyGas
SEVERE: Not enough gas
</system-err>
  </testcase>
  <testcase time="5.67" classname="net.bigpoint.assessment.gasstation.implementation.StationImplTest" name="testBuyGas">
    <failure message="expected [true] but found [false]" type="java.lang.AssertionError">java.lang.AssertionError: expected [true] but found [false]
	at org.testng.Assert.fail(Assert.java:94)
	at org.testng.Assert.failNotEquals(Assert.java:494)
	at org.testng.Assert.assertTrue(Assert.java:42)
	at org.testng.Assert.assertTrue(Assert.java:52)
	at net.bigpoint.assessment.gasstation.implementation.StationImplTest.testBuyGas(StationImplTest.java:126)
</failure>
  </testcase>
  <testcase time="5.67" classname="net.bigpoint.assessment.gasstation.implementation.StationImplTest" name="testBuyGas">
    <failure message="expected [true] but found [false]" type="java.lang.AssertionError">java.lang.AssertionError: expected [true] but found [false]
	at org.testng.Assert.fail(Assert.java:94)
	at org.testng.Assert.failNotEquals(Assert.java:494)
	at org.testng.Assert.assertTrue(Assert.java:42)
	at org.testng.Assert.assertTrue(Assert.java:52)
	at net.bigpoint.assessment.gasstation.implementation.StationImplTest.testBuyGas(StationImplTest.java:126)
</failure>
    <system-err>Jul 06, 2014 12:56:51 PM net.bigpoint.assessment.gasstation.implementation.StationImplTest testBuyGas
SEVERE: Not enough gas
</system-err>
  </testcase>
  <testcase time="5.673" classname="net.bigpoint.assessment.gasstation.implementation.StationImplTest" name="testBuyGas">
    <failure message="expected [true] but found [false]" type="java.lang.AssertionError">java.lang.AssertionError: expected [true] but found [false]
	at org.testng.Assert.fail(Assert.java:94)
	at org.testng.Assert.failNotEquals(Assert.java:494)
	at org.testng.Assert.assertTrue(Assert.java:42)
	at org.testng.Assert.assertTrue(Assert.java:52)
	at net.bigpoint.assessment.gasstation.implementation.StationImplTest.testBuyGas(StationImplTest.java:126)
</failure>
    <system-err>Jul 06, 2014 12:56:51 PM net.bigpoint.assessment.gasstation.implementation.StationImplTest testBuyGas
SEVERE: Not enough gas
</system-err>
  </testcase>
  <testcase time="5.673" classname="net.bigpoint.assessment.gasstation.implementation.StationImplTest" name="testBuyGas">
    <failure message="expected [true] but found [false]" type="java.lang.AssertionError">java.lang.AssertionError: expected [true] but found [false]
	at org.testng.Assert.fail(Assert.java:94)
	at org.testng.Assert.failNotEquals(Assert.java:494)
	at org.testng.Assert.assertTrue(Assert.java:42)
	at org.testng.Assert.assertTrue(Assert.java:52)
	at net.bigpoint.assessment.gasstation.implementation.StationImplTest.testBuyGas(StationImplTest.java:126)
</failure>
    <system-err>Jul 06, 2014 12:56:51 PM net.bigpoint.assessment.gasstation.implementation.StationImplTest testBuyGas
SEVERE: Not enough gas
Jul 06, 2014 12:56:51 PM net.bigpoint.assessment.gasstation.implementation.StationImplTest testBuyGas
SEVERE: Not enough gas
</system-err>
  </testcase>
  <testcase time="5.674" classname="net.bigpoint.assessment.gasstation.implementation.StationImplTest" name="testBuyGas">
    <failure message="expected [true] but found [false]" type="java.lang.AssertionError">java.lang.AssertionError: expected [true] but found [false]
	at org.testng.Assert.fail(Assert.java:94)
	at org.testng.Assert.failNotEquals(Assert.java:494)
	at org.testng.Assert.assertTrue(Assert.java:42)
	at org.testng.Assert.assertTrue(Assert.java:52)
	at net.bigpoint.assessment.gasstation.implementation.StationImplTest.testBuyGas(StationImplTest.java:126)
</failure>
    <system-err>Jul 06, 2014 12:56:51 PM net.bigpoint.assessment.gasstation.implementation.StationImplTest testBuyGas
SEVERE: Not enough gas
</system-err>
  </testcase>
  <testcase time="5.674" classname="net.bigpoint.assessment.gasstation.implementation.StationImplTest" name="testBuyGas">
    <failure message="expected [true] but found [false]" type="java.lang.AssertionError">java.lang.AssertionError: expected [true] but found [false]
	at org.testng.Assert.fail(Assert.java:94)
	at org.testng.Assert.failNotEquals(Assert.java:494)
	at org.testng.Assert.assertTrue(Assert.java:42)
	at org.testng.Assert.assertTrue(Assert.java:52)
	at net.bigpoint.assessment.gasstation.implementation.StationImplTest.testBuyGas(StationImplTest.java:126)
</failure>
  </testcase>
  <testcase time="5.675" classname="net.bigpoint.assessment.gasstation.implementation.StationImplTest" name="testBuyGas">
    <failure message="expected [true] but found [false]" type="java.lang.AssertionError">java.lang.AssertionError: expected [true] but found [false]
	at org.testng.Assert.fail(Assert.java:94)
	at org.testng.Assert.failNotEquals(Assert.java:494)
	at org.testng.Assert.assertTrue(Assert.java:42)
	at org.testng.Assert.assertTrue(Assert.java:52)
	at net.bigpoint.assessment.gasstation.implementation.StationImplTest.testBuyGas(StationImplTest.java:126)
</failure>
    <system-err>Jul 06, 2014 12:56:51 PM net.bigpoint.assessment.gasstation.implementation.StationImplTest testBuyGas
SEVERE: Not enough gas
</system-err>
  </testcase>
  <testcase time="5.675" classname="net.bigpoint.assessment.gasstation.implementation.StationImplTest" name="testBuyGas">
    <failure message="expected [true] but found [false]" type="java.lang.AssertionError">java.lang.AssertionError: expected [true] but found [false]
	at org.testng.Assert.fail(Assert.java:94)
	at org.testng.Assert.failNotEquals(Assert.java:494)
	at org.testng.Assert.assertTrue(Assert.java:42)
	at org.testng.Assert.assertTrue(Assert.java:52)
	at net.bigpoint.assessment.gasstation.implementation.StationImplTest.testBuyGas(StationImplTest.java:126)
</failure>
    <system-err>Jul 06, 2014 12:56:51 PM net.bigpoint.assessment.gasstation.implementation.StationImplTest testBuyGas
SEVERE: Not enough gas
Jul 06, 2014 12:56:51 PM net.bigpoint.assessment.gasstation.implementation.StationImplTest testBuyGas
SEVERE: Not enough gas
</system-err>
  </testcase>
  <testcase time="5.675" classname="net.bigpoint.assessment.gasstation.implementation.StationImplTest" name="testBuyGas">
    <failure message="expected [true] but found [false]" type="java.lang.AssertionError">java.lang.AssertionError: expected [true] but found [false]
	at org.testng.Assert.fail(Assert.java:94)
	at org.testng.Assert.failNotEquals(Assert.java:494)
	at org.testng.Assert.assertTrue(Assert.java:42)
	at org.testng.Assert.assertTrue(Assert.java:52)
	at net.bigpoint.assessment.gasstation.implementation.StationImplTest.testBuyGas(StationImplTest.java:126)
</failure>
  </testcase>
  <testcase time="5.676" classname="net.bigpoint.assessment.gasstation.implementation.StationImplTest" name="testBuyGas">
    <failure message="expected [true] but found [false]" type="java.lang.AssertionError">java.lang.AssertionError: expected [true] but found [false]
	at org.testng.Assert.fail(Assert.java:94)
	at org.testng.Assert.failNotEquals(Assert.java:494)
	at org.testng.Assert.assertTrue(Assert.java:42)
	at org.testng.Assert.assertTrue(Assert.java:52)
	at net.bigpoint.assessment.gasstation.implementation.StationImplTest.testBuyGas(StationImplTest.java:126)
</failure>
    <system-err>Jul 06, 2014 12:56:51 PM net.bigpoint.assessment.gasstation.implementation.StationImplTest testBuyGas
SEVERE: Not enough gas
Jul 06, 2014 12:56:51 PM net.bigpoint.assessment.gasstation.implementation.StationImplTest testBuyGas
SEVERE: Not enough gas
</system-err>
  </testcase>
  <testcase time="5.676" classname="net.bigpoint.assessment.gasstation.implementation.StationImplTest" name="testBuyGas">
    <failure message="expected [true] but found [false]" type="java.lang.AssertionError">java.lang.AssertionError: expected [true] but found [false]
	at org.testng.Assert.fail(Assert.java:94)
	at org.testng.Assert.failNotEquals(Assert.java:494)
	at org.testng.Assert.assertTrue(Assert.java:42)
	at org.testng.Assert.assertTrue(Assert.java:52)
	at net.bigpoint.assessment.gasstation.implementation.StationImplTest.testBuyGas(StationImplTest.java:126)
</failure>
    <system-err>Jul 06, 2014 12:56:51 PM net.bigpoint.assessment.gasstation.implementation.StationImplTest testBuyGas
SEVERE: Not enough gas
</system-err>
  </testcase>
  <testcase time="5.676" classname="net.bigpoint.assessment.gasstation.implementation.StationImplTest" name="testBuyGas">
    <failure message="expected [true] but found [false]" type="java.lang.AssertionError">java.lang.AssertionError: expected [true] but found [false]
	at org.testng.Assert.fail(Assert.java:94)
	at org.testng.Assert.failNotEquals(Assert.java:494)
	at org.testng.Assert.assertTrue(Assert.java:42)
	at org.testng.Assert.assertTrue(Assert.java:52)
	at net.bigpoint.assessment.gasstation.implementation.StationImplTest.testBuyGas(StationImplTest.java:126)
</failure>
  </testcase>
  <testcase time="5.678" classname="net.bigpoint.assessment.gasstation.implementation.StationImplTest" name="testBuyGas">
    <failure message="expected [true] but found [false]" type="java.lang.AssertionError">java.lang.AssertionError: expected [true] but found [false]
	at org.testng.Assert.fail(Assert.java:94)
	at org.testng.Assert.failNotEquals(Assert.java:494)
	at org.testng.Assert.assertTrue(Assert.java:42)
	at org.testng.Assert.assertTrue(Assert.java:52)
	at net.bigpoint.assessment.gasstation.implementation.StationImplTest.testBuyGas(StationImplTest.java:126)
</failure>
    <system-err>Jul 06, 2014 12:56:51 PM net.bigpoint.assessment.gasstation.implementation.StationImplTest testBuyGas
SEVERE: Not enough gas
Jul 06, 2014 12:56:51 PM net.bigpoint.assessment.gasstation.implementation.StationImplTest testBuyGas
SEVERE: Not enough gas
</system-err>
  </testcase>
  <testcase time="5.678" classname="net.bigpoint.assessment.gasstation.implementation.StationImplTest" name="testBuyGas">
    <failure message="expected [true] but found [false]" type="java.lang.AssertionError">java.lang.AssertionError: expected [true] but found [false]
	at org.testng.Assert.fail(Assert.java:94)
	at org.testng.Assert.failNotEquals(Assert.java:494)
	at org.testng.Assert.assertTrue(Assert.java:42)
	at org.testng.Assert.assertTrue(Assert.java:52)
	at net.bigpoint.assessment.gasstation.implementation.StationImplTest.testBuyGas(StationImplTest.java:126)
</failure>
    <system-err>Jul 06, 2014 12:56:51 PM net.bigpoint.assessment.gasstation.implementation.StationImplTest testBuyGas
SEVERE: Not enough gas
</system-err>
  </testcase>
  <testcase time="5.678" classname="net.bigpoint.assessment.gasstation.implementation.StationImplTest" name="testBuyGas">
    <failure message="expected [true] but found [false]" type="java.lang.AssertionError">java.lang.AssertionError: expected [true] but found [false]
	at org.testng.Assert.fail(Assert.java:94)
	at org.testng.Assert.failNotEquals(Assert.java:494)
	at org.testng.Assert.assertTrue(Assert.java:42)
	at org.testng.Assert.assertTrue(Assert.java:52)
	at net.bigpoint.assessment.gasstation.implementation.StationImplTest.testBuyGas(StationImplTest.java:126)
</failure>
    <system-err>Jul 06, 2014 12:56:51 PM net.bigpoint.assessment.gasstation.implementation.StationImplTest testBuyGas
SEVERE: Not enough gas
</system-err>
  </testcase>
  <testcase time="5.68" classname="net.bigpoint.assessment.gasstation.implementation.StationImplTest" name="testBuyGas">
    <failure message="expected [true] but found [false]" type="java.lang.AssertionError">java.lang.AssertionError: expected [true] but found [false]
	at org.testng.Assert.fail(Assert.java:94)
	at org.testng.Assert.failNotEquals(Assert.java:494)
	at org.testng.Assert.assertTrue(Assert.java:42)
	at org.testng.Assert.assertTrue(Assert.java:52)
	at net.bigpoint.assessment.gasstation.implementation.StationImplTest.testBuyGas(StationImplTest.java:126)
</failure>
    <system-err>Jul 06, 2014 12:56:51 PM net.bigpoint.assessment.gasstation.implementation.StationImplTest testBuyGas
SEVERE: Not enough gas
</system-err>
  </testcase>
  <testcase time="5.68" classname="net.bigpoint.assessment.gasstation.implementation.StationImplTest" name="testBuyGas">
    <failure message="expected [true] but found [false]" type="java.lang.AssertionError">java.lang.AssertionError: expected [true] but found [false]
	at org.testng.Assert.fail(Assert.java:94)
	at org.testng.Assert.failNotEquals(Assert.java:494)
	at org.testng.Assert.assertTrue(Assert.java:42)
	at org.testng.Assert.assertTrue(Assert.java:52)
	at net.bigpoint.assessment.gasstation.implementation.StationImplTest.testBuyGas(StationImplTest.java:126)
</failure>
    <system-err>Jul 06, 2014 12:56:51 PM net.bigpoint.assessment.gasstation.implementation.StationImplTest testBuyGas
SEVERE: Not enough gas
</system-err>
  </testcase>
  <testcase time="5.681" classname="net.bigpoint.assessment.gasstation.implementation.StationImplTest" name="testBuyGas">
    <failure message="expected [true] but found [false]" type="java.lang.AssertionError">java.lang.AssertionError: expected [true] but found [false]
	at org.testng.Assert.fail(Assert.java:94)
	at org.testng.Assert.failNotEquals(Assert.java:494)
	at org.testng.Assert.assertTrue(Assert.java:42)
	at org.testng.Assert.assertTrue(Assert.java:52)
	at net.bigpoint.assessment.gasstation.implementation.StationImplTest.testBuyGas(StationImplTest.java:126)
</failure>
    <system-err>Jul 06, 2014 12:56:51 PM net.bigpoint.assessment.gasstation.implementation.StationImplTest testBuyGas
SEVERE: Not enough gas
</system-err>
  </testcase>
  <testcase time="5.681" classname="net.bigpoint.assessment.gasstation.implementation.StationImplTest" name="testBuyGas">
    <failure message="expected [true] but found [false]" type="java.lang.AssertionError">java.lang.AssertionError: expected [true] but found [false]
	at org.testng.Assert.fail(Assert.java:94)
	at org.testng.Assert.failNotEquals(Assert.java:494)
	at org.testng.Assert.assertTrue(Assert.java:42)
	at org.testng.Assert.assertTrue(Assert.java:52)
	at net.bigpoint.assessment.gasstation.implementation.StationImplTest.testBuyGas(StationImplTest.java:126)
</failure>
    <system-err>Jul 06, 2014 12:56:51 PM net.bigpoint.assessment.gasstation.implementation.StationImplTest testBuyGas
SEVERE: Not enough gas
</system-err>
  </testcase>
  <testcase time="5.683" classname="net.bigpoint.assessment.gasstation.implementation.StationImplTest" name="testBuyGas">
    <failure message="expected [true] but found [false]" type="java.lang.AssertionError">java.lang.AssertionError: expected [true] but found [false]
	at org.testng.Assert.fail(Assert.java:94)
	at org.testng.Assert.failNotEquals(Assert.java:494)
	at org.testng.Assert.assertTrue(Assert.java:42)
	at org.testng.Assert.assertTrue(Assert.java:52)
	at net.bigpoint.assessment.gasstation.implementation.StationImplTest.testBuyGas(StationImplTest.java:126)
</failure>
    <system-err>Jul 06, 2014 12:56:51 PM net.bigpoint.assessment.gasstation.implementation.StationImplTest testBuyGas
SEVERE: Not enough gas
</system-err>
  </testcase>
  <testcase time="5.683" classname="net.bigpoint.assessment.gasstation.implementation.StationImplTest" name="testBuyGas">
    <failure message="expected [true] but found [false]" type="java.lang.AssertionError">java.lang.AssertionError: expected [true] but found [false]
	at org.testng.Assert.fail(Assert.java:94)
	at org.testng.Assert.failNotEquals(Assert.java:494)
	at org.testng.Assert.assertTrue(Assert.java:42)
	at org.testng.Assert.assertTrue(Assert.java:52)
	at net.bigpoint.assessment.gasstation.implementation.StationImplTest.testBuyGas(StationImplTest.java:126)
</failure>
  </testcase>
  <testcase time="5.684" classname="net.bigpoint.assessment.gasstation.implementation.StationImplTest" name="testBuyGas">
    <failure message="expected [true] but found [false]" type="java.lang.AssertionError">java.lang.AssertionError: expected [true] but found [false]
	at org.testng.Assert.fail(Assert.java:94)
	at org.testng.Assert.failNotEquals(Assert.java:494)
	at org.testng.Assert.assertTrue(Assert.java:42)
	at org.testng.Assert.assertTrue(Assert.java:52)
	at net.bigpoint.assessment.gasstation.implementation.StationImplTest.testBuyGas(StationImplTest.java:126)
</failure>
    <system-err>Jul 06, 2014 12:56:51 PM net.bigpoint.assessment.gasstation.implementation.StationImplTest testBuyGas
SEVERE: Not enough gas
Jul 06, 2014 12:56:51 PM net.bigpoint.assessment.gasstation.implementation.StationImplTest testBuyGas
SEVERE: Not enough gas
</system-err>
  </testcase>
  <testcase time="5.684" classname="net.bigpoint.assessment.gasstation.implementation.StationImplTest" name="testBuyGas">
    <failure message="expected [true] but found [false]" type="java.lang.AssertionError">java.lang.AssertionError: expected [true] but found [false]
	at org.testng.Assert.fail(Assert.java:94)
	at org.testng.Assert.failNotEquals(Assert.java:494)
	at org.testng.Assert.assertTrue(Assert.java:42)
	at org.testng.Assert.assertTrue(Assert.java:52)
	at net.bigpoint.assessment.gasstation.implementation.StationImplTest.testBuyGas(StationImplTest.java:126)
</failure>
  </testcase>
  <testcase time="5.685" classname="net.bigpoint.assessment.gasstation.implementation.StationImplTest" name="testBuyGas">
    <failure message="expected [true] but found [false]" type="java.lang.AssertionError">java.lang.AssertionError: expected [true] but found [false]
	at org.testng.Assert.fail(Assert.java:94)
	at org.testng.Assert.failNotEquals(Assert.java:494)
	at org.testng.Assert.assertTrue(Assert.java:42)
	at org.testng.Assert.assertTrue(Assert.java:52)
	at net.bigpoint.assessment.gasstation.implementation.StationImplTest.testBuyGas(StationImplTest.java:126)
</failure>
    <system-err>Jul 06, 2014 12:56:51 PM net.bigpoint.assessment.gasstation.implementation.StationImplTest testBuyGas
SEVERE: Not enough gas
</system-err>
  </testcase>
  <testcase time="5.685" classname="net.bigpoint.assessment.gasstation.implementation.StationImplTest" name="testBuyGas">
    <failure message="expected [true] but found [false]" type="java.lang.AssertionError">java.lang.AssertionError: expected [true] but found [false]
	at org.testng.Assert.fail(Assert.java:94)
	at org.testng.Assert.failNotEquals(Assert.java:494)
	at org.testng.Assert.assertTrue(Assert.java:42)
	at org.testng.Assert.assertTrue(Assert.java:52)
	at net.bigpoint.assessment.gasstation.implementation.StationImplTest.testBuyGas(StationImplTest.java:126)
</failure>
    <system-err>Jul 06, 2014 12:56:51 PM net.bigpoint.assessment.gasstation.implementation.StationImplTest testBuyGas
SEVERE: Not enough gas
</system-err>
  </testcase>
  <testcase time="5.687" classname="net.bigpoint.assessment.gasstation.implementation.StationImplTest" name="testBuyGas">
    <failure message="expected [true] but found [false]" type="java.lang.AssertionError">java.lang.AssertionError: expected [true] but found [false]
	at org.testng.Assert.fail(Assert.java:94)
	at org.testng.Assert.failNotEquals(Assert.java:494)
	at org.testng.Assert.assertTrue(Assert.java:42)
	at org.testng.Assert.assertTrue(Assert.java:52)
	at net.bigpoint.assessment.gasstation.implementation.StationImplTest.testBuyGas(StationImplTest.java:126)
</failure>
    <system-err>Jul 06, 2014 12:56:51 PM net.bigpoint.assessment.gasstation.implementation.StationImplTest testBuyGas
SEVERE: Not enough gas
Jul 06, 2014 12:56:51 PM net.bigpoint.assessment.gasstation.implementation.StationImplTest testBuyGas
SEVERE: Not enough gas
</system-err>
  </testcase>
  <testcase time="5.688" classname="net.bigpoint.assessment.gasstation.implementation.StationImplTest" name="testBuyGas">
    <failure message="expected [true] but found [false]" type="java.lang.AssertionError">java.lang.AssertionError: expected [true] but found [false]
	at org.testng.Assert.fail(Assert.java:94)
	at org.testng.Assert.failNotEquals(Assert.java:494)
	at org.testng.Assert.assertTrue(Assert.java:42)
	at org.testng.Assert.assertTrue(Assert.java:52)
	at net.bigpoint.assessment.gasstation.implementation.StationImplTest.testBuyGas(StationImplTest.java:126)
</failure>
    <system-err>Jul 06, 2014 12:56:51 PM net.bigpoint.assessment.gasstation.implementation.StationImplTest testBuyGas
SEVERE: Not enough gas
</system-err>
  </testcase>
  <testcase time="5.688" classname="net.bigpoint.assessment.gasstation.implementation.StationImplTest" name="testBuyGas">
    <failure message="expected [true] but found [false]" type="java.lang.AssertionError">java.lang.AssertionError: expected [true] but found [false]
	at org.testng.Assert.fail(Assert.java:94)
	at org.testng.Assert.failNotEquals(Assert.java:494)
	at org.testng.Assert.assertTrue(Assert.java:42)
	at org.testng.Assert.assertTrue(Assert.java:52)
	at net.bigpoint.assessment.gasstation.implementation.StationImplTest.testBuyGas(StationImplTest.java:126)
</failure>
    <system-err>Jul 06, 2014 12:56:51 PM net.bigpoint.assessment.gasstation.implementation.StationImplTest testBuyGas
SEVERE: Not enough gas
</system-err>
  </testcase>
  <testcase time="5.689" classname="net.bigpoint.assessment.gasstation.implementation.StationImplTest" name="testBuyGas">
    <failure message="expected [true] but found [false]" type="java.lang.AssertionError">java.lang.AssertionError: expected [true] but found [false]
	at org.testng.Assert.fail(Assert.java:94)
	at org.testng.Assert.failNotEquals(Assert.java:494)
	at org.testng.Assert.assertTrue(Assert.java:42)
	at org.testng.Assert.assertTrue(Assert.java:52)
	at net.bigpoint.assessment.gasstation.implementation.StationImplTest.testBuyGas(StationImplTest.java:126)
</failure>
    <system-err>Jul 06, 2014 12:56:51 PM net.bigpoint.assessment.gasstation.implementation.StationImplTest testBuyGas
SEVERE: Not enough gas
</system-err>
  </testcase>
  <testcase time="5.69" classname="net.bigpoint.assessment.gasstation.implementation.StationImplTest" name="testBuyGas">
    <failure message="expected [true] but found [false]" type="java.lang.AssertionError">java.lang.AssertionError: expected [true] but found [false]
	at org.testng.Assert.fail(Assert.java:94)
	at org.testng.Assert.failNotEquals(Assert.java:494)
	at org.testng.Assert.assertTrue(Assert.java:42)
	at org.testng.Assert.assertTrue(Assert.java:52)
	at net.bigpoint.assessment.gasstation.implementation.StationImplTest.testBuyGas(StationImplTest.java:126)
</failure>
    <system-err>Jul 06, 2014 12:56:51 PM net.bigpoint.assessment.gasstation.implementation.StationImplTest testBuyGas
SEVERE: Not enough gas
</system-err>
  </testcase>
  <testcase time="5.69" classname="net.bigpoint.assessment.gasstation.implementation.StationImplTest" name="testBuyGas">
    <failure message="expected [true] but found [false]" type="java.lang.AssertionError">java.lang.AssertionError: expected [true] but found [false]
	at org.testng.Assert.fail(Assert.java:94)
	at org.testng.Assert.failNotEquals(Assert.java:494)
	at org.testng.Assert.assertTrue(Assert.java:42)
	at org.testng.Assert.assertTrue(Assert.java:52)
	at net.bigpoint.assessment.gasstation.implementation.StationImplTest.testBuyGas(StationImplTest.java:126)
</failure>
    <system-err>Jul 06, 2014 12:56:51 PM net.bigpoint.assessment.gasstation.implementation.StationImplTest testBuyGas
SEVERE: Not enough gas
</system-err>
  </testcase>
  <testcase time="5.691" classname="net.bigpoint.assessment.gasstation.implementation.StationImplTest" name="testBuyGas">
    <failure message="expected [true] but found [false]" type="java.lang.AssertionError">java.lang.AssertionError: expected [true] but found [false]
	at org.testng.Assert.fail(Assert.java:94)
	at org.testng.Assert.failNotEquals(Assert.java:494)
	at org.testng.Assert.assertTrue(Assert.java:42)
	at org.testng.Assert.assertTrue(Assert.java:52)
	at net.bigpoint.assessment.gasstation.implementation.StationImplTest.testBuyGas(StationImplTest.java:126)
</failure>
    <system-err>Jul 06, 2014 12:56:51 PM net.bigpoint.assessment.gasstation.implementation.StationImplTest testBuyGas
SEVERE: Not enough gas
</system-err>
  </testcase>
  <testcase time="5.691" classname="net.bigpoint.assessment.gasstation.implementation.StationImplTest" name="testBuyGas">
    <failure message="expected [true] but found [false]" type="java.lang.AssertionError">java.lang.AssertionError: expected [true] but found [false]
	at org.testng.Assert.fail(Assert.java:94)
	at org.testng.Assert.failNotEquals(Assert.java:494)
	at org.testng.Assert.assertTrue(Assert.java:42)
	at org.testng.Assert.assertTrue(Assert.java:52)
	at net.bigpoint.assessment.gasstation.implementation.StationImplTest.testBuyGas(StationImplTest.java:126)
</failure>
    <system-err>Jul 06, 2014 12:56:51 PM net.bigpoint.assessment.gasstation.implementation.StationImplTest testBuyGas
SEVERE: Not enough gas
</system-err>
  </testcase>
  <testcase time="5.692" classname="net.bigpoint.assessment.gasstation.implementation.StationImplTest" name="testBuyGas">
    <failure message="expected [true] but found [false]" type="java.lang.AssertionError">java.lang.AssertionError: expected [true] but found [false]
	at org.testng.Assert.fail(Assert.java:94)
	at org.testng.Assert.failNotEquals(Assert.java:494)
	at org.testng.Assert.assertTrue(Assert.java:42)
	at org.testng.Assert.assertTrue(Assert.java:52)
	at net.bigpoint.assessment.gasstation.implementation.StationImplTest.testBuyGas(StationImplTest.java:126)
</failure>
    <system-err>Jul 06, 2014 12:56:51 PM net.bigpoint.assessment.gasstation.implementation.StationImplTest testBuyGas
SEVERE: Not enough gas
</system-err>
  </testcase>
  <testcase time="5.693" classname="net.bigpoint.assessment.gasstation.implementation.StationImplTest" name="testBuyGas">
    <failure message="expected [true] but found [false]" type="java.lang.AssertionError">java.lang.AssertionError: expected [true] but found [false]
	at org.testng.Assert.fail(Assert.java:94)
	at org.testng.Assert.failNotEquals(Assert.java:494)
	at org.testng.Assert.assertTrue(Assert.java:42)
	at org.testng.Assert.assertTrue(Assert.java:52)
	at net.bigpoint.assessment.gasstation.implementation.StationImplTest.testBuyGas(StationImplTest.java:126)
</failure>
    <system-err>Jul 06, 2014 12:56:51 PM net.bigpoint.assessment.gasstation.implementation.StationImplTest testBuyGas
SEVERE: Not enough gas
</system-err>
  </testcase>
  <testcase time="5.694" classname="net.bigpoint.assessment.gasstation.implementation.StationImplTest" name="testBuyGas">
    <failure message="expected [true] but found [false]" type="java.lang.AssertionError">java.lang.AssertionError: expected [true] but found [false]
	at org.testng.Assert.fail(Assert.java:94)
	at org.testng.Assert.failNotEquals(Assert.java:494)
	at org.testng.Assert.assertTrue(Assert.java:42)
	at org.testng.Assert.assertTrue(Assert.java:52)
	at net.bigpoint.assessment.gasstation.implementation.StationImplTest.testBuyGas(StationImplTest.java:126)
</failure>
    <system-err>Jul 06, 2014 12:56:51 PM net.bigpoint.assessment.gasstation.implementation.StationImplTest testBuyGas
SEVERE: Not enough gas
</system-err>
  </testcase>
  <testcase time="5.694" classname="net.bigpoint.assessment.gasstation.implementation.StationImplTest" name="testBuyGas">
    <failure message="expected [true] but found [false]" type="java.lang.AssertionError">java.lang.AssertionError: expected [true] but found [false]
	at org.testng.Assert.fail(Assert.java:94)
	at org.testng.Assert.failNotEquals(Assert.java:494)
	at org.testng.Assert.assertTrue(Assert.java:42)
	at org.testng.Assert.assertTrue(Assert.java:52)
	at net.bigpoint.assessment.gasstation.implementation.StationImplTest.testBuyGas(StationImplTest.java:126)
</failure>
    <system-err>Jul 06, 2014 12:56:51 PM net.bigpoint.assessment.gasstation.implementation.StationImplTest testBuyGas
SEVERE: Not enough gas
</system-err>
  </testcase>
  <testcase time="5.695" classname="net.bigpoint.assessment.gasstation.implementation.StationImplTest" name="testBuyGas">
    <failure message="expected [true] but found [false]" type="java.lang.AssertionError">java.lang.AssertionError: expected [true] but found [false]
	at org.testng.Assert.fail(Assert.java:94)
	at org.testng.Assert.failNotEquals(Assert.java:494)
	at org.testng.Assert.assertTrue(Assert.java:42)
	at org.testng.Assert.assertTrue(Assert.java:52)
	at net.bigpoint.assessment.gasstation.implementation.StationImplTest.testBuyGas(StationImplTest.java:126)
</failure>
    <system-err>Jul 06, 2014 12:56:51 PM net.bigpoint.assessment.gasstation.implementation.StationImplTest testBuyGas
SEVERE: Not enough gas
</system-err>
  </testcase>
  <testcase time="5.695" classname="net.bigpoint.assessment.gasstation.implementation.StationImplTest" name="testBuyGas">
    <failure message="expected [true] but found [false]" type="java.lang.AssertionError">java.lang.AssertionError: expected [true] but found [false]
	at org.testng.Assert.fail(Assert.java:94)
	at org.testng.Assert.failNotEquals(Assert.java:494)
	at org.testng.Assert.assertTrue(Assert.java:42)
	at org.testng.Assert.assertTrue(Assert.java:52)
	at net.bigpoint.assessment.gasstation.implementation.StationImplTest.testBuyGas(StationImplTest.java:126)
</failure>
    <system-err>Jul 06, 2014 12:56:51 PM net.bigpoint.assessment.gasstation.implementation.StationImplTest testBuyGas
SEVERE: Not enough gas
</system-err>
  </testcase>
  <testcase time="5.696" classname="net.bigpoint.assessment.gasstation.implementation.StationImplTest" name="testBuyGas">
    <failure message="expected [true] but found [false]" type="java.lang.AssertionError">java.lang.AssertionError: expected [true] but found [false]
	at org.testng.Assert.fail(Assert.java:94)
	at org.testng.Assert.failNotEquals(Assert.java:494)
	at org.testng.Assert.assertTrue(Assert.java:42)
	at org.testng.Assert.assertTrue(Assert.java:52)
	at net.bigpoint.assessment.gasstation.implementation.StationImplTest.testBuyGas(StationImplTest.java:126)
</failure>
    <system-err>Jul 06, 2014 12:56:51 PM net.bigpoint.assessment.gasstation.implementation.StationImplTest testBuyGas
SEVERE: Not enough gas
</system-err>
  </testcase>
  <testcase time="5.696" classname="net.bigpoint.assessment.gasstation.implementation.StationImplTest" name="testBuyGas">
    <failure message="expected [true] but found [false]" type="java.lang.AssertionError">java.lang.AssertionError: expected [true] but found [false]
	at org.testng.Assert.fail(Assert.java:94)
	at org.testng.Assert.failNotEquals(Assert.java:494)
	at org.testng.Assert.assertTrue(Assert.java:42)
	at org.testng.Assert.assertTrue(Assert.java:52)
	at net.bigpoint.assessment.gasstation.implementation.StationImplTest.testBuyGas(StationImplTest.java:126)
</failure>
    <system-err>Jul 06, 2014 12:56:51 PM net.bigpoint.assessment.gasstation.implementation.StationImplTest testBuyGas
SEVERE: Not enough gas
</system-err>
  </testcase>
  <testcase time="5.698" classname="net.bigpoint.assessment.gasstation.implementation.StationImplTest" name="testBuyGas">
    <failure message="expected [true] but found [false]" type="java.lang.AssertionError">java.lang.AssertionError: expected [true] but found [false]
	at org.testng.Assert.fail(Assert.java:94)
	at org.testng.Assert.failNotEquals(Assert.java:494)
	at org.testng.Assert.assertTrue(Assert.java:42)
	at org.testng.Assert.assertTrue(Assert.java:52)
	at net.bigpoint.assessment.gasstation.implementation.StationImplTest.testBuyGas(StationImplTest.java:126)
</failure>
    <system-err>Jul 06, 2014 12:56:51 PM net.bigpoint.assessment.gasstation.implementation.StationImplTest testBuyGas
SEVERE: Not enough gas
</system-err>
  </testcase>
  <testcase time="5.698" classname="net.bigpoint.assessment.gasstation.implementation.StationImplTest" name="testBuyGas">
    <failure message="expected [true] but found [false]" type="java.lang.AssertionError">java.lang.AssertionError: expected [true] but found [false]
	at org.testng.Assert.fail(Assert.java:94)
	at org.testng.Assert.failNotEquals(Assert.java:494)
	at org.testng.Assert.assertTrue(Assert.java:42)
	at org.testng.Assert.assertTrue(Assert.java:52)
	at net.bigpoint.assessment.gasstation.implementation.StationImplTest.testBuyGas(StationImplTest.java:126)
</failure>
    <system-err>Jul 06, 2014 12:56:51 PM net.bigpoint.assessment.gasstation.implementation.StationImplTest testBuyGas
SEVERE: Not enough gas
</system-err>
  </testcase>
  <testcase time="5.699" classname="net.bigpoint.assessment.gasstation.implementation.StationImplTest" name="testBuyGas">
    <failure message="expected [true] but found [false]" type="java.lang.AssertionError">java.lang.AssertionError: expected [true] but found [false]
	at org.testng.Assert.fail(Assert.java:94)
	at org.testng.Assert.failNotEquals(Assert.java:494)
	at org.testng.Assert.assertTrue(Assert.java:42)
	at org.testng.Assert.assertTrue(Assert.java:52)
	at net.bigpoint.assessment.gasstation.implementation.StationImplTest.testBuyGas(StationImplTest.java:126)
</failure>
    <system-err>Jul 06, 2014 12:56:51 PM net.bigpoint.assessment.gasstation.implementation.StationImplTest testBuyGas
SEVERE: Not enough gas
</system-err>
  </testcase>
  <testcase time="5.699" classname="net.bigpoint.assessment.gasstation.implementation.StationImplTest" name="testBuyGas">
    <failure message="expected [true] but found [false]" type="java.lang.AssertionError">java.lang.AssertionError: expected [true] but found [false]
	at org.testng.Assert.fail(Assert.java:94)
	at org.testng.Assert.failNotEquals(Assert.java:494)
	at org.testng.Assert.assertTrue(Assert.java:42)
	at org.testng.Assert.assertTrue(Assert.java:52)
	at net.bigpoint.assessment.gasstation.implementation.StationImplTest.testBuyGas(StationImplTest.java:126)
</failure>
    <system-err>Jul 06, 2014 12:56:51 PM net.bigpoint.assessment.gasstation.implementation.StationImplTest testBuyGas
SEVERE: Not enough gas
</system-err>
  </testcase>
  <testcase time="5.7" classname="net.bigpoint.assessment.gasstation.implementation.StationImplTest" name="testBuyGas">
    <failure message="expected [true] but found [false]" type="java.lang.AssertionError">java.lang.AssertionError: expected [true] but found [false]
	at org.testng.Assert.fail(Assert.java:94)
	at org.testng.Assert.failNotEquals(Assert.java:494)
	at org.testng.Assert.assertTrue(Assert.java:42)
	at org.testng.Assert.assertTrue(Assert.java:52)
	at net.bigpoint.assessment.gasstation.implementation.StationImplTest.testBuyGas(StationImplTest.java:126)
</failure>
    <system-err>Jul 06, 2014 12:56:51 PM net.bigpoint.assessment.gasstation.implementation.StationImplTest testBuyGas
SEVERE: Not enough gas
</system-err>
  </testcase>
  <testcase time="5.7" classname="net.bigpoint.assessment.gasstation.implementation.StationImplTest" name="testBuyGas">
    <failure message="expected [true] but found [false]" type="java.lang.AssertionError">java.lang.AssertionError: expected [true] but found [false]
	at org.testng.Assert.fail(Assert.java:94)
	at org.testng.Assert.failNotEquals(Assert.java:494)
	at org.testng.Assert.assertTrue(Assert.java:42)
	at org.testng.Assert.assertTrue(Assert.java:52)
	at net.bigpoint.assessment.gasstation.implementation.StationImplTest.testBuyGas(StationImplTest.java:126)
</failure>
    <system-err>Jul 06, 2014 12:56:51 PM net.bigpoint.assessment.gasstation.implementation.StationImplTest testBuyGas
SEVERE: Not enough gas
</system-err>
  </testcase>
  <testcase time="5.701" classname="net.bigpoint.assessment.gasstation.implementation.StationImplTest" name="testBuyGas">
    <failure message="expected [true] but found [false]" type="java.lang.AssertionError">java.lang.AssertionError: expected [true] but found [false]
	at org.testng.Assert.fail(Assert.java:94)
	at org.testng.Assert.failNotEquals(Assert.java:494)
	at org.testng.Assert.assertTrue(Assert.java:42)
	at org.testng.Assert.assertTrue(Assert.java:52)
	at net.bigpoint.assessment.gasstation.implementation.StationImplTest.testBuyGas(StationImplTest.java:126)
</failure>
    <system-err>Jul 06, 2014 12:56:51 PM net.bigpoint.assessment.gasstation.implementation.StationImplTest testBuyGas
SEVERE: Not enough gas
</system-err>
  </testcase>
  <testcase time="5.702" classname="net.bigpoint.assessment.gasstation.implementation.StationImplTest" name="testBuyGas">
    <failure message="expected [true] but found [false]" type="java.lang.AssertionError">java.lang.AssertionError: expected [true] but found [false]
	at org.testng.Assert.fail(Assert.java:94)
	at org.testng.Assert.failNotEquals(Assert.java:494)
	at org.testng.Assert.assertTrue(Assert.java:42)
	at org.testng.Assert.assertTrue(Assert.java:52)
	at net.bigpoint.assessment.gasstation.implementation.StationImplTest.testBuyGas(StationImplTest.java:126)
</failure>
    <system-err>Jul 06, 2014 12:56:51 PM net.bigpoint.assessment.gasstation.implementation.StationImplTest testBuyGas
SEVERE: Not enough gas
</system-err>
  </testcase>
  <testcase time="5.702" classname="net.bigpoint.assessment.gasstation.implementation.StationImplTest" name="testBuyGas">
    <failure message="expected [true] but found [false]" type="java.lang.AssertionError">java.lang.AssertionError: expected [true] but found [false]
	at org.testng.Assert.fail(Assert.java:94)
	at org.testng.Assert.failNotEquals(Assert.java:494)
	at org.testng.Assert.assertTrue(Assert.java:42)
	at org.testng.Assert.assertTrue(Assert.java:52)
	at net.bigpoint.assessment.gasstation.implementation.StationImplTest.testBuyGas(StationImplTest.java:126)
</failure>
    <system-err>Jul 06, 2014 12:56:51 PM net.bigpoint.assessment.gasstation.implementation.StationImplTest testBuyGas
SEVERE: Not enough gas
</system-err>
  </testcase>
  <testcase time="5.702" classname="net.bigpoint.assessment.gasstation.implementation.StationImplTest" name="testBuyGas">
    <failure message="expected [true] but found [false]" type="java.lang.AssertionError">java.lang.AssertionError: expected [true] but found [false]
	at org.testng.Assert.fail(Assert.java:94)
	at org.testng.Assert.failNotEquals(Assert.java:494)
	at org.testng.Assert.assertTrue(Assert.java:42)
	at org.testng.Assert.assertTrue(Assert.java:52)
	at net.bigpoint.assessment.gasstation.implementation.StationImplTest.testBuyGas(StationImplTest.java:126)
</failure>
    <system-err>Jul 06, 2014 12:56:51 PM net.bigpoint.assessment.gasstation.implementation.StationImplTest testBuyGas
SEVERE: Not enough gas
</system-err>
  </testcase>
  <testcase time="5.703" classname="net.bigpoint.assessment.gasstation.implementation.StationImplTest" name="testBuyGas">
    <failure message="expected [true] but found [false]" type="java.lang.AssertionError">java.lang.AssertionError: expected [true] but found [false]
	at org.testng.Assert.fail(Assert.java:94)
	at org.testng.Assert.failNotEquals(Assert.java:494)
	at org.testng.Assert.assertTrue(Assert.java:42)
	at org.testng.Assert.assertTrue(Assert.java:52)
	at net.bigpoint.assessment.gasstation.implementation.StationImplTest.testBuyGas(StationImplTest.java:126)
</failure>
    <system-err>Jul 06, 2014 12:56:51 PM net.bigpoint.assessment.gasstation.implementation.StationImplTest testBuyGas
SEVERE: Not enough gas
</system-err>
  </testcase>
  <testcase time="5.703" classname="net.bigpoint.assessment.gasstation.implementation.StationImplTest" name="testBuyGas">
    <failure message="expected [true] but found [false]" type="java.lang.AssertionError">java.lang.AssertionError: expected [true] but found [false]
	at org.testng.Assert.fail(Assert.java:94)
	at org.testng.Assert.failNotEquals(Assert.java:494)
	at org.testng.Assert.assertTrue(Assert.java:42)
	at org.testng.Assert.assertTrue(Assert.java:52)
	at net.bigpoint.assessment.gasstation.implementation.StationImplTest.testBuyGas(StationImplTest.java:126)
</failure>
    <system-err>Jul 06, 2014 12:56:51 PM net.bigpoint.assessment.gasstation.implementation.StationImplTest testBuyGas
SEVERE: Not enough gas
</system-err>
  </testcase>
  <testcase time="5.704" classname="net.bigpoint.assessment.gasstation.implementation.StationImplTest" name="testBuyGas">
    <failure message="expected [true] but found [false]" type="java.lang.AssertionError">java.lang.AssertionError: expected [true] but found [false]
	at org.testng.Assert.fail(Assert.java:94)
	at org.testng.Assert.failNotEquals(Assert.java:494)
	at org.testng.Assert.assertTrue(Assert.java:42)
	at org.testng.Assert.assertTrue(Assert.java:52)
	at net.bigpoint.assessment.gasstation.implementation.StationImplTest.testBuyGas(StationImplTest.java:126)
</failure>
    <system-err>Jul 06, 2014 12:56:51 PM net.bigpoint.assessment.gasstation.implementation.StationImplTest testBuyGas
SEVERE: Not enough gas
</system-err>
  </testcase>
  <testcase time="5.704" classname="net.bigpoint.assessment.gasstation.implementation.StationImplTest" name="testBuyGas">
    <failure message="expected [true] but found [false]" type="java.lang.AssertionError">java.lang.AssertionError: expected [true] but found [false]
	at org.testng.Assert.fail(Assert.java:94)
	at org.testng.Assert.failNotEquals(Assert.java:494)
	at org.testng.Assert.assertTrue(Assert.java:42)
	at org.testng.Assert.assertTrue(Assert.java:52)
	at net.bigpoint.assessment.gasstation.implementation.StationImplTest.testBuyGas(StationImplTest.java:126)
</failure>
    <system-err>Jul 06, 2014 12:56:51 PM net.bigpoint.assessment.gasstation.implementation.StationImplTest testBuyGas
SEVERE: Not enough gas
</system-err>
  </testcase>
  <testcase time="5.705" classname="net.bigpoint.assessment.gasstation.implementation.StationImplTest" name="testBuyGas">
    <failure message="expected [true] but found [false]" type="java.lang.AssertionError">java.lang.AssertionError: expected [true] but found [false]
	at org.testng.Assert.fail(Assert.java:94)
	at org.testng.Assert.failNotEquals(Assert.java:494)
	at org.testng.Assert.assertTrue(Assert.java:42)
	at org.testng.Assert.assertTrue(Assert.java:52)
	at net.bigpoint.assessment.gasstation.implementation.StationImplTest.testBuyGas(StationImplTest.java:126)
</failure>
    <system-err>Jul 06, 2014 12:56:51 PM net.bigpoint.assessment.gasstation.implementation.StationImplTest testBuyGas
SEVERE: Not enough gas
</system-err>
  </testcase>
  <testcase time="5.706" classname="net.bigpoint.assessment.gasstation.implementation.StationImplTest" name="testBuyGas">
    <failure message="expected [true] but found [false]" type="java.lang.AssertionError">java.lang.AssertionError: expected [true] but found [false]
	at org.testng.Assert.fail(Assert.java:94)
	at org.testng.Assert.failNotEquals(Assert.java:494)
	at org.testng.Assert.assertTrue(Assert.java:42)
	at org.testng.Assert.assertTrue(Assert.java:52)
	at net.bigpoint.assessment.gasstation.implementation.StationImplTest.testBuyGas(StationImplTest.java:126)
</failure>
    <system-err>Jul 06, 2014 12:56:51 PM net.bigpoint.assessment.gasstation.implementation.StationImplTest testBuyGas
SEVERE: Not enough gas
</system-err>
  </testcase>
  <testcase time="5.706" classname="net.bigpoint.assessment.gasstation.implementation.StationImplTest" name="testBuyGas">
    <failure message="expected [true] but found [false]" type="java.lang.AssertionError">java.lang.AssertionError: expected [true] but found [false]
	at org.testng.Assert.fail(Assert.java:94)
	at org.testng.Assert.failNotEquals(Assert.java:494)
	at org.testng.Assert.assertTrue(Assert.java:42)
	at org.testng.Assert.assertTrue(Assert.java:52)
	at net.bigpoint.assessment.gasstation.implementation.StationImplTest.testBuyGas(StationImplTest.java:126)
</failure>
    <system-err>Jul 06, 2014 12:56:51 PM net.bigpoint.assessment.gasstation.implementation.StationImplTest testBuyGas
SEVERE: Not enough gas
</system-err>
  </testcase>
  <testcase time="5.707" classname="net.bigpoint.assessment.gasstation.implementation.StationImplTest" name="testBuyGas">
    <failure message="expected [true] but found [false]" type="java.lang.AssertionError">java.lang.AssertionError: expected [true] but found [false]
	at org.testng.Assert.fail(Assert.java:94)
	at org.testng.Assert.failNotEquals(Assert.java:494)
	at org.testng.Assert.assertTrue(Assert.java:42)
	at org.testng.Assert.assertTrue(Assert.java:52)
	at net.bigpoint.assessment.gasstation.implementation.StationImplTest.testBuyGas(StationImplTest.java:126)
</failure>
    <system-err>Jul 06, 2014 12:56:51 PM net.bigpoint.assessment.gasstation.implementation.StationImplTest testBuyGas
SEVERE: Not enough gas
</system-err>
  </testcase>
  <testcase time="5.707" classname="net.bigpoint.assessment.gasstation.implementation.StationImplTest" name="testBuyGas">
    <failure message="expected [true] but found [false]" type="java.lang.AssertionError">java.lang.AssertionError: expected [true] but found [false]
	at org.testng.Assert.fail(Assert.java:94)
	at org.testng.Assert.failNotEquals(Assert.java:494)
	at org.testng.Assert.assertTrue(Assert.java:42)
	at org.testng.Assert.assertTrue(Assert.java:52)
	at net.bigpoint.assessment.gasstation.implementation.StationImplTest.testBuyGas(StationImplTest.java:126)
</failure>
    <system-err>Jul 06, 2014 12:56:51 PM net.bigpoint.assessment.gasstation.implementation.StationImplTest testBuyGas
SEVERE: Not enough gas
</system-err>
  </testcase>
  <testcase time="5.708" classname="net.bigpoint.assessment.gasstation.implementation.StationImplTest" name="testBuyGas">
    <failure message="expected [true] but found [false]" type="java.lang.AssertionError">java.lang.AssertionError: expected [true] but found [false]
	at org.testng.Assert.fail(Assert.java:94)
	at org.testng.Assert.failNotEquals(Assert.java:494)
	at org.testng.Assert.assertTrue(Assert.java:42)
	at org.testng.Assert.assertTrue(Assert.java:52)
	at net.bigpoint.assessment.gasstation.implementation.StationImplTest.testBuyGas(StationImplTest.java:126)
</failure>
    <system-err>Jul 06, 2014 12:56:51 PM net.bigpoint.assessment.gasstation.implementation.StationImplTest testBuyGas
SEVERE: Not enough gas
Jul 06, 2014 12:56:51 PM net.bigpoint.assessment.gasstation.implementation.StationImplTest testBuyGas
SEVERE: Not enough gas
</system-err>
  </testcase>
  <testcase time="5.708" classname="net.bigpoint.assessment.gasstation.implementation.StationImplTest" name="testBuyGas">
    <failure message="expected [true] but found [false]" type="java.lang.AssertionError">java.lang.AssertionError: expected [true] but found [false]
	at org.testng.Assert.fail(Assert.java:94)
	at org.testng.Assert.failNotEquals(Assert.java:494)
	at org.testng.Assert.assertTrue(Assert.java:42)
	at org.testng.Assert.assertTrue(Assert.java:52)
	at net.bigpoint.assessment.gasstation.implementation.StationImplTest.testBuyGas(StationImplTest.java:126)
</failure>
  </testcase>
  <testcase time="5.709" classname="net.bigpoint.assessment.gasstation.implementation.StationImplTest" name="testBuyGas">
    <failure message="expected [true] but found [false]" type="java.lang.AssertionError">java.lang.AssertionError: expected [true] but found [false]
	at org.testng.Assert.fail(Assert.java:94)
	at org.testng.Assert.failNotEquals(Assert.java:494)
	at org.testng.Assert.assertTrue(Assert.java:42)
	at org.testng.Assert.assertTrue(Assert.java:52)
	at net.bigpoint.assessment.gasstation.implementation.StationImplTest.testBuyGas(StationImplTest.java:126)
</failure>
    <system-err>Jul 06, 2014 12:56:51 PM net.bigpoint.assessment.gasstation.implementation.StationImplTest testBuyGas
SEVERE: Not enough gas
</system-err>
  </testcase>
  <testcase time="5.709" classname="net.bigpoint.assessment.gasstation.implementation.StationImplTest" name="testBuyGas">
    <failure message="expected [true] but found [false]" type="java.lang.AssertionError">java.lang.AssertionError: expected [true] but found [false]
	at org.testng.Assert.fail(Assert.java:94)
	at org.testng.Assert.failNotEquals(Assert.java:494)
	at org.testng.Assert.assertTrue(Assert.java:42)
	at org.testng.Assert.assertTrue(Assert.java:52)
	at net.bigpoint.assessment.gasstation.implementation.StationImplTest.testBuyGas(StationImplTest.java:126)
</failure>
    <system-err>Jul 06, 2014 12:56:51 PM net.bigpoint.assessment.gasstation.implementation.StationImplTest testBuyGas
SEVERE: Not enough gas
</system-err>
  </testcase>
  <testcase time="5.71" classname="net.bigpoint.assessment.gasstation.implementation.StationImplTest" name="testBuyGas">
    <failure message="expected [true] but found [false]" type="java.lang.AssertionError">java.lang.AssertionError: expected [true] but found [false]
	at org.testng.Assert.fail(Assert.java:94)
	at org.testng.Assert.failNotEquals(Assert.java:494)
	at org.testng.Assert.assertTrue(Assert.java:42)
	at org.testng.Assert.assertTrue(Assert.java:52)
	at net.bigpoint.assessment.gasstation.implementation.StationImplTest.testBuyGas(StationImplTest.java:126)
</failure>
    <system-err>Jul 06, 2014 12:56:51 PM net.bigpoint.assessment.gasstation.implementation.StationImplTest testBuyGas
SEVERE: Not enough gas
</system-err>
  </testcase>
  <testcase time="5.71" classname="net.bigpoint.assessment.gasstation.implementation.StationImplTest" name="testBuyGas">
    <failure message="expected [true] but found [false]" type="java.lang.AssertionError">java.lang.AssertionError: expected [true] but found [false]
	at org.testng.Assert.fail(Assert.java:94)
	at org.testng.Assert.failNotEquals(Assert.java:494)
	at org.testng.Assert.assertTrue(Assert.java:42)
	at org.testng.Assert.assertTrue(Assert.java:52)
	at net.bigpoint.assessment.gasstation.implementation.StationImplTest.testBuyGas(StationImplTest.java:126)
</failure>
    <system-err>Jul 06, 2014 12:56:51 PM net.bigpoint.assessment.gasstation.implementation.StationImplTest testBuyGas
SEVERE: Not enough gas
</system-err>
  </testcase>
  <testcase time="5.711" classname="net.bigpoint.assessment.gasstation.implementation.StationImplTest" name="testBuyGas">
    <failure message="expected [true] but found [false]" type="java.lang.AssertionError">java.lang.AssertionError: expected [true] but found [false]
	at org.testng.Assert.fail(Assert.java:94)
	at org.testng.Assert.failNotEquals(Assert.java:494)
	at org.testng.Assert.assertTrue(Assert.java:42)
	at org.testng.Assert.assertTrue(Assert.java:52)
	at net.bigpoint.assessment.gasstation.implementation.StationImplTest.testBuyGas(StationImplTest.java:126)
</failure>
    <system-err>Jul 06, 2014 12:56:51 PM net.bigpoint.assessment.gasstation.implementation.StationImplTest testBuyGas
SEVERE: Not enough gas
</system-err>
  </testcase>
  <testcase time="5.712" classname="net.bigpoint.assessment.gasstation.implementation.StationImplTest" name="testBuyGas">
    <failure message="expected [true] but found [false]" type="java.lang.AssertionError">java.lang.AssertionError: expected [true] but found [false]
	at org.testng.Assert.fail(Assert.java:94)
	at org.testng.Assert.failNotEquals(Assert.java:494)
	at org.testng.Assert.assertTrue(Assert.java:42)
	at org.testng.Assert.assertTrue(Assert.java:52)
	at net.bigpoint.assessment.gasstation.implementation.StationImplTest.testBuyGas(StationImplTest.java:126)
</failure>
    <system-err>Jul 06, 2014 12:56:51 PM net.bigpoint.assessment.gasstation.implementation.StationImplTest testBuyGas
SEVERE: Not enough gas
</system-err>
  </testcase>
  <testcase time="5.712" classname="net.bigpoint.assessment.gasstation.implementation.StationImplTest" name="testBuyGas">
    <failure message="expected [true] but found [false]" type="java.lang.AssertionError">java.lang.AssertionError: expected [true] but found [false]
	at org.testng.Assert.fail(Assert.java:94)
	at org.testng.Assert.failNotEquals(Assert.java:494)
	at org.testng.Assert.assertTrue(Assert.java:42)
	at org.testng.Assert.assertTrue(Assert.java:52)
	at net.bigpoint.assessment.gasstation.implementation.StationImplTest.testBuyGas(StationImplTest.java:126)
</failure>
  </testcase>
  <testcase time="5.713" classname="net.bigpoint.assessment.gasstation.implementation.StationImplTest" name="testBuyGas">
    <failure message="expected [true] but found [false]" type="java.lang.AssertionError">java.lang.AssertionError: expected [true] but found [false]
	at org.testng.Assert.fail(Assert.java:94)
	at org.testng.Assert.failNotEquals(Assert.java:494)
	at org.testng.Assert.assertTrue(Assert.java:42)
	at org.testng.Assert.assertTrue(Assert.java:52)
	at net.bigpoint.assessment.gasstation.implementation.StationImplTest.testBuyGas(StationImplTest.java:126)
</failure>
    <system-err>Jul 06, 2014 12:56:51 PM net.bigpoint.assessment.gasstation.implementation.StationImplTest testBuyGas
SEVERE: Not enough gas
Jul 06, 2014 12:56:51 PM net.bigpoint.assessment.gasstation.implementation.StationImplTest testBuyGas
SEVERE: Not enough gas
</system-err>
  </testcase>
  <testcase time="5.713" classname="net.bigpoint.assessment.gasstation.implementation.StationImplTest" name="testBuyGas">
    <failure message="expected [true] but found [false]" type="java.lang.AssertionError">java.lang.AssertionError: expected [true] but found [false]
	at org.testng.Assert.fail(Assert.java:94)
	at org.testng.Assert.failNotEquals(Assert.java:494)
	at org.testng.Assert.assertTrue(Assert.java:42)
	at org.testng.Assert.assertTrue(Assert.java:52)
	at net.bigpoint.assessment.gasstation.implementation.StationImplTest.testBuyGas(StationImplTest.java:126)
</failure>
    <system-err>Jul 06, 2014 12:56:51 PM net.bigpoint.assessment.gasstation.implementation.StationImplTest testBuyGas
SEVERE: Not enough gas
</system-err>
  </testcase>
  <testcase time="5.714" classname="net.bigpoint.assessment.gasstation.implementation.StationImplTest" name="testBuyGas">
    <failure message="expected [true] but found [false]" type="java.lang.AssertionError">java.lang.AssertionError: expected [true] but found [false]
	at org.testng.Assert.fail(Assert.java:94)
	at org.testng.Assert.failNotEquals(Assert.java:494)
	at org.testng.Assert.assertTrue(Assert.java:42)
	at org.testng.Assert.assertTrue(Assert.java:52)
	at net.bigpoint.assessment.gasstation.implementation.StationImplTest.testBuyGas(StationImplTest.java:126)
</failure>
    <system-err>Jul 06, 2014 12:56:51 PM net.bigpoint.assessment.gasstation.implementation.StationImplTest testBuyGas
SEVERE: Not enough gas
</system-err>
  </testcase>
  <testcase time="5.715" classname="net.bigpoint.assessment.gasstation.implementation.StationImplTest" name="testBuyGas">
    <failure message="expected [true] but found [false]" type="java.lang.AssertionError">java.lang.AssertionError: expected [true] but found [false]
	at org.testng.Assert.fail(Assert.java:94)
	at org.testng.Assert.failNotEquals(Assert.java:494)
	at org.testng.Assert.assertTrue(Assert.java:42)
	at org.testng.Assert.assertTrue(Assert.java:52)
	at net.bigpoint.assessment.gasstation.implementation.StationImplTest.testBuyGas(StationImplTest.java:126)
</failure>
    <system-err>Jul 06, 2014 12:56:51 PM net.bigpoint.assessment.gasstation.implementation.StationImplTest testBuyGas
SEVERE: Not enough gas
</system-err>
  </testcase>
  <testcase time="5.716" classname="net.bigpoint.assessment.gasstation.implementation.StationImplTest" name="testBuyGas">
    <failure message="expected [true] but found [false]" type="java.lang.AssertionError">java.lang.AssertionError: expected [true] but found [false]
	at org.testng.Assert.fail(Assert.java:94)
	at org.testng.Assert.failNotEquals(Assert.java:494)
	at org.testng.Assert.assertTrue(Assert.java:42)
	at org.testng.Assert.assertTrue(Assert.java:52)
	at net.bigpoint.assessment.gasstation.implementation.StationImplTest.testBuyGas(StationImplTest.java:126)
</failure>
    <system-err>Jul 06, 2014 12:56:51 PM net.bigpoint.assessment.gasstation.implementation.StationImplTest testBuyGas
SEVERE: Not enough gas
</system-err>
  </testcase>
  <testcase time="5.716" classname="net.bigpoint.assessment.gasstation.implementation.StationImplTest" name="testBuyGas">
    <failure message="expected [true] but found [false]" type="java.lang.AssertionError">java.lang.AssertionError: expected [true] but found [false]
	at org.testng.Assert.fail(Assert.java:94)
	at org.testng.Assert.failNotEquals(Assert.java:494)
	at org.testng.Assert.assertTrue(Assert.java:42)
	at org.testng.Assert.assertTrue(Assert.java:52)
	at net.bigpoint.assessment.gasstation.implementation.StationImplTest.testBuyGas(StationImplTest.java:126)
</failure>
  </testcase>
  <testcase time="5.716" classname="net.bigpoint.assessment.gasstation.implementation.StationImplTest" name="testBuyGas">
    <failure message="expected [true] but found [false]" type="java.lang.AssertionError">java.lang.AssertionError: expected [true] but found [false]
	at org.testng.Assert.fail(Assert.java:94)
	at org.testng.Assert.failNotEquals(Assert.java:494)
	at org.testng.Assert.assertTrue(Assert.java:42)
	at org.testng.Assert.assertTrue(Assert.java:52)
	at net.bigpoint.assessment.gasstation.implementation.StationImplTest.testBuyGas(StationImplTest.java:126)
</failure>
  </testcase>
  <testcase time="5.717" classname="net.bigpoint.assessment.gasstation.implementation.StationImplTest" name="testBuyGas">
    <failure message="expected [true] but found [false]" type="java.lang.AssertionError">java.lang.AssertionError: expected [true] but found [false]
	at org.testng.Assert.fail(Assert.java:94)
	at org.testng.Assert.failNotEquals(Assert.java:494)
	at org.testng.Assert.assertTrue(Assert.java:42)
	at org.testng.Assert.assertTrue(Assert.java:52)
	at net.bigpoint.assessment.gasstation.implementation.StationImplTest.testBuyGas(StationImplTest.java:126)
</failure>
    <system-err>Jul 06, 2014 12:56:51 PM net.bigpoint.assessment.gasstation.implementation.StationImplTest testBuyGas
SEVERE: Not enough gas
Jul 06, 2014 12:56:51 PM net.bigpoint.assessment.gasstation.implementation.StationImplTest testBuyGas
SEVERE: Not enough gas
Jul 06, 2014 12:56:51 PM net.bigpoint.assessment.gasstation.implementation.StationImplTest testBuyGas
SEVERE: Not enough gas
</system-err>
  </testcase>
  <testcase time="5.718" classname="net.bigpoint.assessment.gasstation.implementation.StationImplTest" name="testBuyGas">
    <failure message="expected [true] but found [false]" type="java.lang.AssertionError">java.lang.AssertionError: expected [true] but found [false]
	at org.testng.Assert.fail(Assert.java:94)
	at org.testng.Assert.failNotEquals(Assert.java:494)
	at org.testng.Assert.assertTrue(Assert.java:42)
	at org.testng.Assert.assertTrue(Assert.java:52)
	at net.bigpoint.assessment.gasstation.implementation.StationImplTest.testBuyGas(StationImplTest.java:126)
</failure>
  </testcase>
  <testcase time="5.718" classname="net.bigpoint.assessment.gasstation.implementation.StationImplTest" name="testBuyGas">
    <failure message="expected [true] but found [false]" type="java.lang.AssertionError">java.lang.AssertionError: expected [true] but found [false]
	at org.testng.Assert.fail(Assert.java:94)
	at org.testng.Assert.failNotEquals(Assert.java:494)
	at org.testng.Assert.assertTrue(Assert.java:42)
	at org.testng.Assert.assertTrue(Assert.java:52)
	at net.bigpoint.assessment.gasstation.implementation.StationImplTest.testBuyGas(StationImplTest.java:126)
</failure>
  </testcase>
  <testcase time="5.719" classname="net.bigpoint.assessment.gasstation.implementation.StationImplTest" name="testBuyGas">
    <failure message="expected [true] but found [false]" type="java.lang.AssertionError">java.lang.AssertionError: expected [true] but found [false]
	at org.testng.Assert.fail(Assert.java:94)
	at org.testng.Assert.failNotEquals(Assert.java:494)
	at org.testng.Assert.assertTrue(Assert.java:42)
	at org.testng.Assert.assertTrue(Assert.java:52)
	at net.bigpoint.assessment.gasstation.implementation.StationImplTest.testBuyGas(StationImplTest.java:126)
</failure>
    <system-err>Jul 06, 2014 12:56:51 PM net.bigpoint.assessment.gasstation.implementation.StationImplTest testBuyGas
SEVERE: Not enough gas
Jul 06, 2014 12:56:51 PM net.bigpoint.assessment.gasstation.implementation.StationImplTest testBuyGas
SEVERE: Not enough gas
</system-err>
  </testcase>
  <testcase time="5.72" classname="net.bigpoint.assessment.gasstation.implementation.StationImplTest" name="testBuyGas">
    <failure message="expected [true] but found [false]" type="java.lang.AssertionError">java.lang.AssertionError: expected [true] but found [false]
	at org.testng.Assert.fail(Assert.java:94)
	at org.testng.Assert.failNotEquals(Assert.java:494)
	at org.testng.Assert.assertTrue(Assert.java:42)
	at org.testng.Assert.assertTrue(Assert.java:52)
	at net.bigpoint.assessment.gasstation.implementation.StationImplTest.testBuyGas(StationImplTest.java:126)
</failure>
    <system-err>Jul 06, 2014 12:56:51 PM net.bigpoint.assessment.gasstation.implementation.StationImplTest testBuyGas
SEVERE: Not enough gas
</system-err>
  </testcase>
  <testcase time="5.721" classname="net.bigpoint.assessment.gasstation.implementation.StationImplTest" name="testBuyGas">
    <failure message="expected [true] but found [false]" type="java.lang.AssertionError">java.lang.AssertionError: expected [true] but found [false]
	at org.testng.Assert.fail(Assert.java:94)
	at org.testng.Assert.failNotEquals(Assert.java:494)
	at org.testng.Assert.assertTrue(Assert.java:42)
	at org.testng.Assert.assertTrue(Assert.java:52)
	at net.bigpoint.assessment.gasstation.implementation.StationImplTest.testBuyGas(StationImplTest.java:126)
</failure>
  </testcase>
  <testcase time="5.722" classname="net.bigpoint.assessment.gasstation.implementation.StationImplTest" name="testBuyGas">
    <failure message="expected [true] but found [false]" type="java.lang.AssertionError">java.lang.AssertionError: expected [true] but found [false]
	at org.testng.Assert.fail(Assert.java:94)
	at org.testng.Assert.failNotEquals(Assert.java:494)
	at org.testng.Assert.assertTrue(Assert.java:42)
	at org.testng.Assert.assertTrue(Assert.java:52)
	at net.bigpoint.assessment.gasstation.implementation.StationImplTest.testBuyGas(StationImplTest.java:126)
</failure>
    <system-err>Jul 06, 2014 12:56:51 PM net.bigpoint.assessment.gasstation.implementation.StationImplTest testBuyGas
SEVERE: Not enough gas
</system-err>
  </testcase>
  <testcase time="5.723" classname="net.bigpoint.assessment.gasstation.implementation.StationImplTest" name="testBuyGas">
    <failure message="expected [true] but found [false]" type="java.lang.AssertionError">java.lang.AssertionError: expected [true] but found [false]
	at org.testng.Assert.fail(Assert.java:94)
	at org.testng.Assert.failNotEquals(Assert.java:494)
	at org.testng.Assert.assertTrue(Assert.java:42)
	at org.testng.Assert.assertTrue(Assert.java:52)
	at net.bigpoint.assessment.gasstation.implementation.StationImplTest.testBuyGas(StationImplTest.java:126)
</failure>
    <system-err>Jul 06, 2014 12:56:51 PM net.bigpoint.assessment.gasstation.implementation.StationImplTest testBuyGas
SEVERE: Not enough gas
</system-err>
  </testcase>
  <testcase time="5.726" classname="net.bigpoint.assessment.gasstation.implementation.StationImplTest" name="testBuyGas">
    <failure message="expected [true] but found [false]" type="java.lang.AssertionError">java.lang.AssertionError: expected [true] but found [false]
	at org.testng.Assert.fail(Assert.java:94)
	at org.testng.Assert.failNotEquals(Assert.java:494)
	at org.testng.Assert.assertTrue(Assert.java:42)
	at org.testng.Assert.assertTrue(Assert.java:52)
	at net.bigpoint.assessment.gasstation.implementation.StationImplTest.testBuyGas(StationImplTest.java:126)
</failure>
    <system-err>Jul 06, 2014 12:56:51 PM net.bigpoint.assessment.gasstation.implementation.StationImplTest testBuyGas
SEVERE: Not enough gas
</system-err>
  </testcase>
  <testcase time="5.727" classname="net.bigpoint.assessment.gasstation.implementation.StationImplTest" name="testBuyGas">
    <failure message="expected [true] but found [false]" type="java.lang.AssertionError">java.lang.AssertionError: expected [true] but found [false]
	at org.testng.Assert.fail(Assert.java:94)
	at org.testng.Assert.failNotEquals(Assert.java:494)
	at org.testng.Assert.assertTrue(Assert.java:42)
	at org.testng.Assert.assertTrue(Assert.java:52)
	at net.bigpoint.assessment.gasstation.implementation.StationImplTest.testBuyGas(StationImplTest.java:126)
</failure>
    <system-err>Jul 06, 2014 12:56:51 PM net.bigpoint.assessment.gasstation.implementation.StationImplTest testBuyGas
SEVERE: Not enough gas
</system-err>
  </testcase>
  <testcase time="5.728" classname="net.bigpoint.assessment.gasstation.implementation.StationImplTest" name="testBuyGas">
    <failure message="expected [true] but found [false]" type="java.lang.AssertionError">java.lang.AssertionError: expected [true] but found [false]
	at org.testng.Assert.fail(Assert.java:94)
	at org.testng.Assert.failNotEquals(Assert.java:494)
	at org.testng.Assert.assertTrue(Assert.java:42)
	at org.testng.Assert.assertTrue(Assert.java:52)
	at net.bigpoint.assessment.gasstation.implementation.StationImplTest.testBuyGas(StationImplTest.java:126)
</failure>
    <system-err>Jul 06, 2014 12:56:51 PM net.bigpoint.assessment.gasstation.implementation.StationImplTest testBuyGas
SEVERE: Not enough gas
</system-err>
  </testcase>
  <testcase time="5.729" classname="net.bigpoint.assessment.gasstation.implementation.StationImplTest" name="testBuyGas">
    <failure message="expected [true] but found [false]" type="java.lang.AssertionError">java.lang.AssertionError: expected [true] but found [false]
	at org.testng.Assert.fail(Assert.java:94)
	at org.testng.Assert.failNotEquals(Assert.java:494)
	at org.testng.Assert.assertTrue(Assert.java:42)
	at org.testng.Assert.assertTrue(Assert.java:52)
	at net.bigpoint.assessment.gasstation.implementation.StationImplTest.testBuyGas(StationImplTest.java:126)
</failure>
    <system-err>Jul 06, 2014 12:56:51 PM net.bigpoint.assessment.gasstation.implementation.StationImplTest testBuyGas
SEVERE: Not enough gas
Jul 06, 2014 12:56:51 PM net.bigpoint.assessment.gasstation.implementation.StationImplTest testBuyGas
SEVERE: Not enough gas
</system-err>
  </testcase>
  <testcase time="5.73" classname="net.bigpoint.assessment.gasstation.implementation.StationImplTest" name="testBuyGas">
    <failure message="expected [true] but found [false]" type="java.lang.AssertionError">java.lang.AssertionError: expected [true] but found [false]
	at org.testng.Assert.fail(Assert.java:94)
	at org.testng.Assert.failNotEquals(Assert.java:494)
	at org.testng.Assert.assertTrue(Assert.java:42)
	at org.testng.Assert.assertTrue(Assert.java:52)
	at net.bigpoint.assessment.gasstation.implementation.StationImplTest.testBuyGas(StationImplTest.java:126)
</failure>
    <system-err>Jul 06, 2014 12:56:51 PM net.bigpoint.assessment.gasstation.implementation.StationImplTest testBuyGas
SEVERE: Not enough gas
</system-err>
  </testcase>
  <testcase time="5.731" classname="net.bigpoint.assessment.gasstation.implementation.StationImplTest" name="testBuyGas">
    <failure message="expected [true] but found [false]" type="java.lang.AssertionError">java.lang.AssertionError: expected [true] but found [false]
	at org.testng.Assert.fail(Assert.java:94)
	at org.testng.Assert.failNotEquals(Assert.java:494)
	at org.testng.Assert.assertTrue(Assert.java:42)
	at org.testng.Assert.assertTrue(Assert.java:52)
	at net.bigpoint.assessment.gasstation.implementation.StationImplTest.testBuyGas(StationImplTest.java:126)
</failure>
    <system-err>Jul 06, 2014 12:56:51 PM net.bigpoint.assessment.gasstation.implementation.StationImplTest testBuyGas
SEVERE: Not enough gas
</system-err>
  </testcase>
  <testcase time="5.731" classname="net.bigpoint.assessment.gasstation.implementation.StationImplTest" name="testBuyGas">
    <failure message="expected [true] but found [false]" type="java.lang.AssertionError">java.lang.AssertionError: expected [true] but found [false]
	at org.testng.Assert.fail(Assert.java:94)
	at org.testng.Assert.failNotEquals(Assert.java:494)
	at org.testng.Assert.assertTrue(Assert.java:42)
	at org.testng.Assert.assertTrue(Assert.java:52)
	at net.bigpoint.assessment.gasstation.implementation.StationImplTest.testBuyGas(StationImplTest.java:126)
</failure>
    <system-err>Jul 06, 2014 12:56:51 PM net.bigpoint.assessment.gasstation.implementation.StationImplTest testBuyGas
SEVERE: Not enough gas
</system-err>
  </testcase>
  <testcase time="5.734" classname="net.bigpoint.assessment.gasstation.implementation.StationImplTest" name="testBuyGas">
    <failure message="expected [true] but found [false]" type="java.lang.AssertionError">java.lang.AssertionError: expected [true] but found [false]
	at org.testng.Assert.fail(Assert.java:94)
	at org.testng.Assert.failNotEquals(Assert.java:494)
	at org.testng.Assert.assertTrue(Assert.java:42)
	at org.testng.Assert.assertTrue(Assert.java:52)
	at net.bigpoint.assessment.gasstation.implementation.StationImplTest.testBuyGas(StationImplTest.java:126)
</failure>
    <system-err>Jul 06, 2014 12:56:51 PM net.bigpoint.assessment.gasstation.implementation.StationImplTest testBuyGas
SEVERE: Not enough gas
</system-err>
  </testcase>
  <testcase time="5.734" classname="net.bigpoint.assessment.gasstation.implementation.StationImplTest" name="testBuyGas">
    <failure message="expected [true] but found [false]" type="java.lang.AssertionError">java.lang.AssertionError: expected [true] but found [false]
	at org.testng.Assert.fail(Assert.java:94)
	at org.testng.Assert.failNotEquals(Assert.java:494)
	at org.testng.Assert.assertTrue(Assert.java:42)
	at org.testng.Assert.assertTrue(Assert.java:52)
	at net.bigpoint.assessment.gasstation.implementation.StationImplTest.testBuyGas(StationImplTest.java:126)
</failure>
    <system-err>Jul 06, 2014 12:56:51 PM net.bigpoint.assessment.gasstation.implementation.StationImplTest testBuyGas
SEVERE: Not enough gas
</system-err>
  </testcase>
  <testcase time="5.735" classname="net.bigpoint.assessment.gasstation.implementation.StationImplTest" name="testBuyGas">
    <failure message="expected [true] but found [false]" type="java.lang.AssertionError">java.lang.AssertionError: expected [true] but found [false]
	at org.testng.Assert.fail(Assert.java:94)
	at org.testng.Assert.failNotEquals(Assert.java:494)
	at org.testng.Assert.assertTrue(Assert.java:42)
	at org.testng.Assert.assertTrue(Assert.java:52)
	at net.bigpoint.assessment.gasstation.implementation.StationImplTest.testBuyGas(StationImplTest.java:126)
</failure>
    <system-err>Jul 06, 2014 12:56:51 PM net.bigpoint.assessment.gasstation.implementation.StationImplTest testBuyGas
SEVERE: Not enough gas
</system-err>
  </testcase>
  <testcase time="5.735" classname="net.bigpoint.assessment.gasstation.implementation.StationImplTest" name="testBuyGas">
    <failure message="expected [true] but found [false]" type="java.lang.AssertionError">java.lang.AssertionError: expected [true] but found [false]
	at org.testng.Assert.fail(Assert.java:94)
	at org.testng.Assert.failNotEquals(Assert.java:494)
	at org.testng.Assert.assertTrue(Assert.java:42)
	at org.testng.Assert.assertTrue(Assert.java:52)
	at net.bigpoint.assessment.gasstation.implementation.StationImplTest.testBuyGas(StationImplTest.java:126)
</failure>
  </testcase>
  <testcase time="5.737" classname="net.bigpoint.assessment.gasstation.implementation.StationImplTest" name="testBuyGas">
    <failure message="expected [true] but found [false]" type="java.lang.AssertionError">java.lang.AssertionError: expected [true] but found [false]
	at org.testng.Assert.fail(Assert.java:94)
	at org.testng.Assert.failNotEquals(Assert.java:494)
	at org.testng.Assert.assertTrue(Assert.java:42)
	at org.testng.Assert.assertTrue(Assert.java:52)
	at net.bigpoint.assessment.gasstation.implementation.StationImplTest.testBuyGas(StationImplTest.java:126)
</failure>
    <system-err>Jul 06, 2014 12:56:51 PM net.bigpoint.assessment.gasstation.implementation.StationImplTest testBuyGas
SEVERE: Not enough gas
</system-err>
  </testcase>
  <testcase time="5.738" classname="net.bigpoint.assessment.gasstation.implementation.StationImplTest" name="testBuyGas">
    <failure message="expected [true] but found [false]" type="java.lang.AssertionError">java.lang.AssertionError: expected [true] but found [false]
	at org.testng.Assert.fail(Assert.java:94)
	at org.testng.Assert.failNotEquals(Assert.java:494)
	at org.testng.Assert.assertTrue(Assert.java:42)
	at org.testng.Assert.assertTrue(Assert.java:52)
	at net.bigpoint.assessment.gasstation.implementation.StationImplTest.testBuyGas(StationImplTest.java:126)
</failure>
    <system-err>Jul 06, 2014 12:56:51 PM net.bigpoint.assessment.gasstation.implementation.StationImplTest testBuyGas
SEVERE: Not enough gas
Jul 06, 2014 12:56:51 PM net.bigpoint.assessment.gasstation.implementation.StationImplTest testBuyGas
SEVERE: Not enough gas
</system-err>
  </testcase>
  <testcase time="5.738" classname="net.bigpoint.assessment.gasstation.implementation.StationImplTest" name="testBuyGas">
    <failure message="expected [true] but found [false]" type="java.lang.AssertionError">java.lang.AssertionError: expected [true] but found [false]
	at org.testng.Assert.fail(Assert.java:94)
	at org.testng.Assert.failNotEquals(Assert.java:494)
	at org.testng.Assert.assertTrue(Assert.java:42)
	at org.testng.Assert.assertTrue(Assert.java:52)
	at net.bigpoint.assessment.gasstation.implementation.StationImplTest.testBuyGas(StationImplTest.java:126)
</failure>
  </testcase>
  <testcase time="5.74" classname="net.bigpoint.assessment.gasstation.implementation.StationImplTest" name="testBuyGas">
    <failure message="expected [true] but found [false]" type="java.lang.AssertionError">java.lang.AssertionError: expected [true] but found [false]
	at org.testng.Assert.fail(Assert.java:94)
	at org.testng.Assert.failNotEquals(Assert.java:494)
	at org.testng.Assert.assertTrue(Assert.java:42)
	at org.testng.Assert.assertTrue(Assert.java:52)
	at net.bigpoint.assessment.gasstation.implementation.StationImplTest.testBuyGas(StationImplTest.java:126)
</failure>
    <system-err>Jul 06, 2014 12:56:51 PM net.bigpoint.assessment.gasstation.implementation.StationImplTest testBuyGas
SEVERE: Not enough gas
Jul 06, 2014 12:56:51 PM net.bigpoint.assessment.gasstation.implementation.StationImplTest testBuyGas
SEVERE: Not enough gas
</system-err>
  </testcase>
  <testcase time="5.74" classname="net.bigpoint.assessment.gasstation.implementation.StationImplTest" name="testBuyGas">
    <failure message="expected [true] but found [false]" type="java.lang.AssertionError">java.lang.AssertionError: expected [true] but found [false]
	at org.testng.Assert.fail(Assert.java:94)
	at org.testng.Assert.failNotEquals(Assert.java:494)
	at org.testng.Assert.assertTrue(Assert.java:42)
	at org.testng.Assert.assertTrue(Assert.java:52)
	at net.bigpoint.assessment.gasstation.implementation.StationImplTest.testBuyGas(StationImplTest.java:126)
</failure>
  </testcase>
  <testcase time="5.742" classname="net.bigpoint.assessment.gasstation.implementation.StationImplTest" name="testBuyGas">
    <failure message="expected [true] but found [false]" type="java.lang.AssertionError">java.lang.AssertionError: expected [true] but found [false]
	at org.testng.Assert.fail(Assert.java:94)
	at org.testng.Assert.failNotEquals(Assert.java:494)
	at org.testng.Assert.assertTrue(Assert.java:42)
	at org.testng.Assert.assertTrue(Assert.java:52)
	at net.bigpoint.assessment.gasstation.implementation.StationImplTest.testBuyGas(StationImplTest.java:126)
</failure>
    <system-err>Jul 06, 2014 12:56:51 PM net.bigpoint.assessment.gasstation.implementation.StationImplTest testBuyGas
SEVERE: Not enough gas
Jul 06, 2014 12:56:51 PM net.bigpoint.assessment.gasstation.implementation.StationImplTest testBuyGas
SEVERE: Not enough gas
</system-err>
  </testcase>
  <testcase time="5.743" classname="net.bigpoint.assessment.gasstation.implementation.StationImplTest" name="testBuyGas">
    <failure message="expected [true] but found [false]" type="java.lang.AssertionError">java.lang.AssertionError: expected [true] but found [false]
	at org.testng.Assert.fail(Assert.java:94)
	at org.testng.Assert.failNotEquals(Assert.java:494)
	at org.testng.Assert.assertTrue(Assert.java:42)
	at org.testng.Assert.assertTrue(Assert.java:52)
	at net.bigpoint.assessment.gasstation.implementation.StationImplTest.testBuyGas(StationImplTest.java:126)
</failure>
  </testcase>
  <testcase time="5.745" classname="net.bigpoint.assessment.gasstation.implementation.StationImplTest" name="testBuyGas">
    <failure message="expected [true] but found [false]" type="java.lang.AssertionError">java.lang.AssertionError: expected [true] but found [false]
	at org.testng.Assert.fail(Assert.java:94)
	at org.testng.Assert.failNotEquals(Assert.java:494)
	at org.testng.Assert.assertTrue(Assert.java:42)
	at org.testng.Assert.assertTrue(Assert.java:52)
	at net.bigpoint.assessment.gasstation.implementation.StationImplTest.testBuyGas(StationImplTest.java:126)
</failure>
    <system-err>Jul 06, 2014 12:56:51 PM net.bigpoint.assessment.gasstation.implementation.StationImplTest testBuyGas
SEVERE: Not enough gas
Jul 06, 2014 12:56:51 PM net.bigpoint.assessment.gasstation.implementation.StationImplTest testBuyGas
SEVERE: Not enough gas
</system-err>
  </testcase>
  <testcase time="5.745" classname="net.bigpoint.assessment.gasstation.implementation.StationImplTest" name="testBuyGas">
    <failure message="expected [true] but found [false]" type="java.lang.AssertionError">java.lang.AssertionError: expected [true] but found [false]
	at org.testng.Assert.fail(Assert.java:94)
	at org.testng.Assert.failNotEquals(Assert.java:494)
	at org.testng.Assert.assertTrue(Assert.java:42)
	at org.testng.Assert.assertTrue(Assert.java:52)
	at net.bigpoint.assessment.gasstation.implementation.StationImplTest.testBuyGas(StationImplTest.java:126)
</failure>
    <system-err>Jul 06, 2014 12:56:51 PM net.bigpoint.assessment.gasstation.implementation.StationImplTest testBuyGas
SEVERE: Not enough gas
</system-err>
  </testcase>
  <testcase time="5.746" classname="net.bigpoint.assessment.gasstation.implementation.StationImplTest" name="testBuyGas">
    <failure message="expected [true] but found [false]" type="java.lang.AssertionError">java.lang.AssertionError: expected [true] but found [false]
	at org.testng.Assert.fail(Assert.java:94)
	at org.testng.Assert.failNotEquals(Assert.java:494)
	at org.testng.Assert.assertTrue(Assert.java:42)
	at org.testng.Assert.assertTrue(Assert.java:52)
	at net.bigpoint.assessment.gasstation.implementation.StationImplTest.testBuyGas(StationImplTest.java:126)
</failure>
    <system-err>Jul 06, 2014 12:56:51 PM net.bigpoint.assessment.gasstation.implementation.StationImplTest testBuyGas
SEVERE: Not enough gas
</system-err>
  </testcase>
  <testcase time="5.746" classname="net.bigpoint.assessment.gasstation.implementation.StationImplTest" name="testBuyGas">
    <failure message="expected [true] but found [false]" type="java.lang.AssertionError">java.lang.AssertionError: expected [true] but found [false]
	at org.testng.Assert.fail(Assert.java:94)
	at org.testng.Assert.failNotEquals(Assert.java:494)
	at org.testng.Assert.assertTrue(Assert.java:42)
	at org.testng.Assert.assertTrue(Assert.java:52)
	at net.bigpoint.assessment.gasstation.implementation.StationImplTest.testBuyGas(StationImplTest.java:126)
</failure>
  </testcase>
  <testcase time="5.748" classname="net.bigpoint.assessment.gasstation.implementation.StationImplTest" name="testBuyGas">
    <failure message="expected [true] but found [false]" type="java.lang.AssertionError">java.lang.AssertionError: expected [true] but found [false]
	at org.testng.Assert.fail(Assert.java:94)
	at org.testng.Assert.failNotEquals(Assert.java:494)
	at org.testng.Assert.assertTrue(Assert.java:42)
	at org.testng.Assert.assertTrue(Assert.java:52)
	at net.bigpoint.assessment.gasstation.implementation.StationImplTest.testBuyGas(StationImplTest.java:126)
</failure>
    <system-err>Jul 06, 2014 12:56:51 PM net.bigpoint.assessment.gasstation.implementation.StationImplTest testBuyGas
SEVERE: Not enough gas
Jul 06, 2014 12:56:51 PM net.bigpoint.assessment.gasstation.implementation.StationImplTest testBuyGas
SEVERE: Not enough gas
</system-err>
  </testcase>
  <testcase time="5.748" classname="net.bigpoint.assessment.gasstation.implementation.StationImplTest" name="testBuyGas">
    <failure message="expected [true] but found [false]" type="java.lang.AssertionError">java.lang.AssertionError: expected [true] but found [false]
	at org.testng.Assert.fail(Assert.java:94)
	at org.testng.Assert.failNotEquals(Assert.java:494)
	at org.testng.Assert.assertTrue(Assert.java:42)
	at org.testng.Assert.assertTrue(Assert.java:52)
	at net.bigpoint.assessment.gasstation.implementation.StationImplTest.testBuyGas(StationImplTest.java:126)
</failure>
    <system-err>Jul 06, 2014 12:56:51 PM net.bigpoint.assessment.gasstation.implementation.StationImplTest testBuyGas
SEVERE: Not enough gas
</system-err>
  </testcase>
  <testcase time="5.749" classname="net.bigpoint.assessment.gasstation.implementation.StationImplTest" name="testBuyGas">
    <failure message="expected [true] but found [false]" type="java.lang.AssertionError">java.lang.AssertionError: expected [true] but found [false]
	at org.testng.Assert.fail(Assert.java:94)
	at org.testng.Assert.failNotEquals(Assert.java:494)
	at org.testng.Assert.assertTrue(Assert.java:42)
	at org.testng.Assert.assertTrue(Assert.java:52)
	at net.bigpoint.assessment.gasstation.implementation.StationImplTest.testBuyGas(StationImplTest.java:126)
</failure>
    <system-err>Jul 06, 2014 12:56:51 PM net.bigpoint.assessment.gasstation.implementation.StationImplTest testBuyGas
SEVERE: Not enough gas
</system-err>
  </testcase>
  <testcase time="5.749" classname="net.bigpoint.assessment.gasstation.implementation.StationImplTest" name="testBuyGas">
    <failure message="expected [true] but found [false]" type="java.lang.AssertionError">java.lang.AssertionError: expected [true] but found [false]
	at org.testng.Assert.fail(Assert.java:94)
	at org.testng.Assert.failNotEquals(Assert.java:494)
	at org.testng.Assert.assertTrue(Assert.java:42)
	at org.testng.Assert.assertTrue(Assert.java:52)
	at net.bigpoint.assessment.gasstation.implementation.StationImplTest.testBuyGas(StationImplTest.java:126)
</failure>
    <system-err>Jul 06, 2014 12:56:51 PM net.bigpoint.assessment.gasstation.implementation.StationImplTest testBuyGas
SEVERE: Not enough gas
</system-err>
  </testcase>
  <testcase time="5.751" classname="net.bigpoint.assessment.gasstation.implementation.StationImplTest" name="testBuyGas">
    <failure message="expected [true] but found [false]" type="java.lang.AssertionError">java.lang.AssertionError: expected [true] but found [false]
	at org.testng.Assert.fail(Assert.java:94)
	at org.testng.Assert.failNotEquals(Assert.java:494)
	at org.testng.Assert.assertTrue(Assert.java:42)
	at org.testng.Assert.assertTrue(Assert.java:52)
	at net.bigpoint.assessment.gasstation.implementation.StationImplTest.testBuyGas(StationImplTest.java:126)
</failure>
    <system-err>Jul 06, 2014 12:56:51 PM net.bigpoint.assessment.gasstation.implementation.StationImplTest testBuyGas
SEVERE: Not enough gas
Jul 06, 2014 12:56:51 PM net.bigpoint.assessment.gasstation.implementation.StationImplTest testBuyGas
SEVERE: Not enough gas
</system-err>
  </testcase>
  <testcase time="5.751" classname="net.bigpoint.assessment.gasstation.implementation.StationImplTest" name="testBuyGas">
    <failure message="expected [true] but found [false]" type="java.lang.AssertionError">java.lang.AssertionError: expected [true] but found [false]
	at org.testng.Assert.fail(Assert.java:94)
	at org.testng.Assert.failNotEquals(Assert.java:494)
	at org.testng.Assert.assertTrue(Assert.java:42)
	at org.testng.Assert.assertTrue(Assert.java:52)
	at net.bigpoint.assessment.gasstation.implementation.StationImplTest.testBuyGas(StationImplTest.java:126)
</failure>
  </testcase>
  <testcase time="5.751" classname="net.bigpoint.assessment.gasstation.implementation.StationImplTest" name="testBuyGas">
    <failure message="expected [true] but found [false]" type="java.lang.AssertionError">java.lang.AssertionError: expected [true] but found [false]
	at org.testng.Assert.fail(Assert.java:94)
	at org.testng.Assert.failNotEquals(Assert.java:494)
	at org.testng.Assert.assertTrue(Assert.java:42)
	at org.testng.Assert.assertTrue(Assert.java:52)
	at net.bigpoint.assessment.gasstation.implementation.StationImplTest.testBuyGas(StationImplTest.java:126)
</failure>
    <system-err>Jul 06, 2014 12:56:51 PM net.bigpoint.assessment.gasstation.implementation.StationImplTest testBuyGas
SEVERE: Not enough gas
</system-err>
  </testcase>
  <testcase time="5.752" classname="net.bigpoint.assessment.gasstation.implementation.StationImplTest" name="testBuyGas">
    <failure message="expected [true] but found [false]" type="java.lang.AssertionError">java.lang.AssertionError: expected [true] but found [false]
	at org.testng.Assert.fail(Assert.java:94)
	at org.testng.Assert.failNotEquals(Assert.java:494)
	at org.testng.Assert.assertTrue(Assert.java:42)
	at org.testng.Assert.assertTrue(Assert.java:52)
	at net.bigpoint.assessment.gasstation.implementation.StationImplTest.testBuyGas(StationImplTest.java:126)
</failure>
    <system-err>Jul 06, 2014 12:56:51 PM net.bigpoint.assessment.gasstation.implementation.StationImplTest testBuyGas
SEVERE: Not enough gas
</system-err>
  </testcase>
  <testcase time="5.753" classname="net.bigpoint.assessment.gasstation.implementation.StationImplTest" name="testBuyGas">
    <failure message="expected [true] but found [false]" type="java.lang.AssertionError">java.lang.AssertionError: expected [true] but found [false]
	at org.testng.Assert.fail(Assert.java:94)
	at org.testng.Assert.failNotEquals(Assert.java:494)
	at org.testng.Assert.assertTrue(Assert.java:42)
	at org.testng.Assert.assertTrue(Assert.java:52)
	at net.bigpoint.assessment.gasstation.implementation.StationImplTest.testBuyGas(StationImplTest.java:126)
</failure>
    <system-err>Jul 06, 2014 12:56:51 PM net.bigpoint.assessment.gasstation.implementation.StationImplTest testBuyGas
SEVERE: Not enough gas
</system-err>
  </testcase>
  <testcase time="5.754" classname="net.bigpoint.assessment.gasstation.implementation.StationImplTest" name="testBuyGas">
    <failure message="expected [true] but found [false]" type="java.lang.AssertionError">java.lang.AssertionError: expected [true] but found [false]
	at org.testng.Assert.fail(Assert.java:94)
	at org.testng.Assert.failNotEquals(Assert.java:494)
	at org.testng.Assert.assertTrue(Assert.java:42)
	at org.testng.Assert.assertTrue(Assert.java:52)
	at net.bigpoint.assessment.gasstation.implementation.StationImplTest.testBuyGas(StationImplTest.java:126)
</failure>
    <system-err>Jul 06, 2014 12:56:51 PM net.bigpoint.assessment.gasstation.implementation.StationImplTest testBuyGas
SEVERE: Not enough gas
</system-err>
  </testcase>
  <testcase time="5.754" classname="net.bigpoint.assessment.gasstation.implementation.StationImplTest" name="testBuyGas">
    <failure message="expected [true] but found [false]" type="java.lang.AssertionError">java.lang.AssertionError: expected [true] but found [false]
	at org.testng.Assert.fail(Assert.java:94)
	at org.testng.Assert.failNotEquals(Assert.java:494)
	at org.testng.Assert.assertTrue(Assert.java:42)
	at org.testng.Assert.assertTrue(Assert.java:52)
	at net.bigpoint.assessment.gasstation.implementation.StationImplTest.testBuyGas(StationImplTest.java:126)
</failure>
    <system-err>Jul 06, 2014 12:56:51 PM net.bigpoint.assessment.gasstation.implementation.StationImplTest testBuyGas
SEVERE: Not enough gas
</system-err>
  </testcase>
  <testcase time="5.755" classname="net.bigpoint.assessment.gasstation.implementation.StationImplTest" name="testBuyGas">
    <failure message="expected [true] but found [false]" type="java.lang.AssertionError">java.lang.AssertionError: expected [true] but found [false]
	at org.testng.Assert.fail(Assert.java:94)
	at org.testng.Assert.failNotEquals(Assert.java:494)
	at org.testng.Assert.assertTrue(Assert.java:42)
	at org.testng.Assert.assertTrue(Assert.java:52)
	at net.bigpoint.assessment.gasstation.implementation.StationImplTest.testBuyGas(StationImplTest.java:126)
</failure>
    <system-err>Jul 06, 2014 12:56:51 PM net.bigpoint.assessment.gasstation.implementation.StationImplTest testBuyGas
SEVERE: Not enough gas
</system-err>
  </testcase>
  <testcase time="5.755" classname="net.bigpoint.assessment.gasstation.implementation.StationImplTest" name="testBuyGas">
    <failure message="expected [true] but found [false]" type="java.lang.AssertionError">java.lang.AssertionError: expected [true] but found [false]
	at org.testng.Assert.fail(Assert.java:94)
	at org.testng.Assert.failNotEquals(Assert.java:494)
	at org.testng.Assert.assertTrue(Assert.java:42)
	at org.testng.Assert.assertTrue(Assert.java:52)
	at net.bigpoint.assessment.gasstation.implementation.StationImplTest.testBuyGas(StationImplTest.java:126)
</failure>
    <system-err>Jul 06, 2014 12:56:51 PM net.bigpoint.assessment.gasstation.implementation.StationImplTest testBuyGas
SEVERE: Not enough gas
</system-err>
  </testcase>
  <testcase time="5.756" classname="net.bigpoint.assessment.gasstation.implementation.StationImplTest" name="testBuyGas">
    <failure message="expected [true] but found [false]" type="java.lang.AssertionError">java.lang.AssertionError: expected [true] but found [false]
	at org.testng.Assert.fail(Assert.java:94)
	at org.testng.Assert.failNotEquals(Assert.java:494)
	at org.testng.Assert.assertTrue(Assert.java:42)
	at org.testng.Assert.assertTrue(Assert.java:52)
	at net.bigpoint.assessment.gasstation.implementation.StationImplTest.testBuyGas(StationImplTest.java:126)
</failure>
    <system-err>Jul 06, 2014 12:56:51 PM net.bigpoint.assessment.gasstation.implementation.StationImplTest testBuyGas
SEVERE: Not enough gas
</system-err>
  </testcase>
  <testcase time="5.756" classname="net.bigpoint.assessment.gasstation.implementation.StationImplTest" name="testBuyGas">
    <failure message="expected [true] but found [false]" type="java.lang.AssertionError">java.lang.AssertionError: expected [true] but found [false]
	at org.testng.Assert.fail(Assert.java:94)
	at org.testng.Assert.failNotEquals(Assert.java:494)
	at org.testng.Assert.assertTrue(Assert.java:42)
	at org.testng.Assert.assertTrue(Assert.java:52)
	at net.bigpoint.assessment.gasstation.implementation.StationImplTest.testBuyGas(StationImplTest.java:126)
</failure>
    <system-err>Jul 06, 2014 12:56:51 PM net.bigpoint.assessment.gasstation.implementation.StationImplTest testBuyGas
SEVERE: Not enough gas
</system-err>
  </testcase>
  <testcase time="5.757" classname="net.bigpoint.assessment.gasstation.implementation.StationImplTest" name="testBuyGas">
    <failure message="expected [true] but found [false]" type="java.lang.AssertionError">java.lang.AssertionError: expected [true] but found [false]
	at org.testng.Assert.fail(Assert.java:94)
	at org.testng.Assert.failNotEquals(Assert.java:494)
	at org.testng.Assert.assertTrue(Assert.java:42)
	at org.testng.Assert.assertTrue(Assert.java:52)
	at net.bigpoint.assessment.gasstation.implementation.StationImplTest.testBuyGas(StationImplTest.java:126)
</failure>
    <system-err>Jul 06, 2014 12:56:51 PM net.bigpoint.assessment.gasstation.implementation.StationImplTest testBuyGas
SEVERE: Not enough gas
</system-err>
  </testcase>
  <testcase time="5.758" classname="net.bigpoint.assessment.gasstation.implementation.StationImplTest" name="testBuyGas">
    <failure message="expected [true] but found [false]" type="java.lang.AssertionError">java.lang.AssertionError: expected [true] but found [false]
	at org.testng.Assert.fail(Assert.java:94)
	at org.testng.Assert.failNotEquals(Assert.java:494)
	at org.testng.Assert.assertTrue(Assert.java:42)
	at org.testng.Assert.assertTrue(Assert.java:52)
	at net.bigpoint.assessment.gasstation.implementation.StationImplTest.testBuyGas(StationImplTest.java:126)
</failure>
    <system-err>Jul 06, 2014 12:56:51 PM net.bigpoint.assessment.gasstation.implementation.StationImplTest testBuyGas
SEVERE: Not enough gas
Jul 06, 2014 12:56:51 PM net.bigpoint.assessment.gasstation.implementation.StationImplTest testBuyGas
SEVERE: Not enough gas
</system-err>
  </testcase>
  <testcase time="5.758" classname="net.bigpoint.assessment.gasstation.implementation.StationImplTest" name="testBuyGas">
    <failure message="expected [true] but found [false]" type="java.lang.AssertionError">java.lang.AssertionError: expected [true] but found [false]
	at org.testng.Assert.fail(Assert.java:94)
	at org.testng.Assert.failNotEquals(Assert.java:494)
	at org.testng.Assert.assertTrue(Assert.java:42)
	at org.testng.Assert.assertTrue(Assert.java:52)
	at net.bigpoint.assessment.gasstation.implementation.StationImplTest.testBuyGas(StationImplTest.java:126)
</failure>
  </testcase>
  <testcase time="5.758" classname="net.bigpoint.assessment.gasstation.implementation.StationImplTest" name="testBuyGas">
    <failure message="expected [true] but found [false]" type="java.lang.AssertionError">java.lang.AssertionError: expected [true] but found [false]
	at org.testng.Assert.fail(Assert.java:94)
	at org.testng.Assert.failNotEquals(Assert.java:494)
	at org.testng.Assert.assertTrue(Assert.java:42)
	at org.testng.Assert.assertTrue(Assert.java:52)
	at net.bigpoint.assessment.gasstation.implementation.StationImplTest.testBuyGas(StationImplTest.java:126)
</failure>
    <system-err>Jul 06, 2014 12:56:51 PM net.bigpoint.assessment.gasstation.implementation.StationImplTest testBuyGas
SEVERE: Not enough gas
</system-err>
  </testcase>
  <testcase time="5.759" classname="net.bigpoint.assessment.gasstation.implementation.StationImplTest" name="testBuyGas">
    <failure message="expected [true] but found [false]" type="java.lang.AssertionError">java.lang.AssertionError: expected [true] but found [false]
	at org.testng.Assert.fail(Assert.java:94)
	at org.testng.Assert.failNotEquals(Assert.java:494)
	at org.testng.Assert.assertTrue(Assert.java:42)
	at org.testng.Assert.assertTrue(Assert.java:52)
	at net.bigpoint.assessment.gasstation.implementation.StationImplTest.testBuyGas(StationImplTest.java:126)
</failure>
    <system-err>Jul 06, 2014 12:56:51 PM net.bigpoint.assessment.gasstation.implementation.StationImplTest testBuyGas
SEVERE: Not enough gas
</system-err>
  </testcase>
  <testcase time="5.76" classname="net.bigpoint.assessment.gasstation.implementation.StationImplTest" name="testBuyGas">
    <failure message="expected [true] but found [false]" type="java.lang.AssertionError">java.lang.AssertionError: expected [true] but found [false]
	at org.testng.Assert.fail(Assert.java:94)
	at org.testng.Assert.failNotEquals(Assert.java:494)
	at org.testng.Assert.assertTrue(Assert.java:42)
	at org.testng.Assert.assertTrue(Assert.java:52)
	at net.bigpoint.assessment.gasstation.implementation.StationImplTest.testBuyGas(StationImplTest.java:126)
</failure>
    <system-err>Jul 06, 2014 12:56:51 PM net.bigpoint.assessment.gasstation.implementation.StationImplTest testBuyGas
SEVERE: Not enough gas
</system-err>
  </testcase>
  <testcase time="5.76" classname="net.bigpoint.assessment.gasstation.implementation.StationImplTest" name="testBuyGas">
    <failure message="expected [true] but found [false]" type="java.lang.AssertionError">java.lang.AssertionError: expected [true] but found [false]
	at org.testng.Assert.fail(Assert.java:94)
	at org.testng.Assert.failNotEquals(Assert.java:494)
	at org.testng.Assert.assertTrue(Assert.java:42)
	at org.testng.Assert.assertTrue(Assert.java:52)
	at net.bigpoint.assessment.gasstation.implementation.StationImplTest.testBuyGas(StationImplTest.java:126)
</failure>
    <system-err>Jul 06, 2014 12:56:51 PM net.bigpoint.assessment.gasstation.implementation.StationImplTest testBuyGas
SEVERE: Not enough gas
</system-err>
  </testcase>
  <testcase time="5.76" classname="net.bigpoint.assessment.gasstation.implementation.StationImplTest" name="testBuyGas">
    <failure message="expected [true] but found [false]" type="java.lang.AssertionError">java.lang.AssertionError: expected [true] but found [false]
	at org.testng.Assert.fail(Assert.java:94)
	at org.testng.Assert.failNotEquals(Assert.java:494)
	at org.testng.Assert.assertTrue(Assert.java:42)
	at org.testng.Assert.assertTrue(Assert.java:52)
	at net.bigpoint.assessment.gasstation.implementation.StationImplTest.testBuyGas(StationImplTest.java:126)
</failure>
    <system-err>Jul 06, 2014 12:56:51 PM net.bigpoint.assessment.gasstation.implementation.StationImplTest testBuyGas
SEVERE: Not enough gas
</system-err>
  </testcase>
  <testcase time="5.761" classname="net.bigpoint.assessment.gasstation.implementation.StationImplTest" name="testBuyGas">
    <failure message="expected [true] but found [false]" type="java.lang.AssertionError">java.lang.AssertionError: expected [true] but found [false]
	at org.testng.Assert.fail(Assert.java:94)
	at org.testng.Assert.failNotEquals(Assert.java:494)
	at org.testng.Assert.assertTrue(Assert.java:42)
	at org.testng.Assert.assertTrue(Assert.java:52)
	at net.bigpoint.assessment.gasstation.implementation.StationImplTest.testBuyGas(StationImplTest.java:126)
</failure>
    <system-err>Jul 06, 2014 12:56:51 PM net.bigpoint.assessment.gasstation.implementation.StationImplTest testBuyGas
SEVERE: Not enough gas
</system-err>
  </testcase>
  <testcase time="5.761" classname="net.bigpoint.assessment.gasstation.implementation.StationImplTest" name="testBuyGas">
    <failure message="expected [true] but found [false]" type="java.lang.AssertionError">java.lang.AssertionError: expected [true] but found [false]
	at org.testng.Assert.fail(Assert.java:94)
	at org.testng.Assert.failNotEquals(Assert.java:494)
	at org.testng.Assert.assertTrue(Assert.java:42)
	at org.testng.Assert.assertTrue(Assert.java:52)
	at net.bigpoint.assessment.gasstation.implementation.StationImplTest.testBuyGas(StationImplTest.java:126)
</failure>
    <system-err>Jul 06, 2014 12:56:51 PM net.bigpoint.assessment.gasstation.implementation.StationImplTest testBuyGas
SEVERE: Not enough gas
</system-err>
  </testcase>
  <testcase time="5.762" classname="net.bigpoint.assessment.gasstation.implementation.StationImplTest" name="testBuyGas">
    <failure message="expected [true] but found [false]" type="java.lang.AssertionError">java.lang.AssertionError: expected [true] but found [false]
	at org.testng.Assert.fail(Assert.java:94)
	at org.testng.Assert.failNotEquals(Assert.java:494)
	at org.testng.Assert.assertTrue(Assert.java:42)
	at org.testng.Assert.assertTrue(Assert.java:52)
	at net.bigpoint.assessment.gasstation.implementation.StationImplTest.testBuyGas(StationImplTest.java:126)
</failure>
    <system-err>Jul 06, 2014 12:56:51 PM net.bigpoint.assessment.gasstation.implementation.StationImplTest testBuyGas
SEVERE: Not enough gas
</system-err>
  </testcase>
  <testcase time="5.763" classname="net.bigpoint.assessment.gasstation.implementation.StationImplTest" name="testBuyGas">
    <failure message="expected [true] but found [false]" type="java.lang.AssertionError">java.lang.AssertionError: expected [true] but found [false]
	at org.testng.Assert.fail(Assert.java:94)
	at org.testng.Assert.failNotEquals(Assert.java:494)
	at org.testng.Assert.assertTrue(Assert.java:42)
	at org.testng.Assert.assertTrue(Assert.java:52)
	at net.bigpoint.assessment.gasstation.implementation.StationImplTest.testBuyGas(StationImplTest.java:126)
</failure>
    <system-err>Jul 06, 2014 12:56:51 PM net.bigpoint.assessment.gasstation.implementation.StationImplTest testBuyGas
SEVERE: Not enough gas
</system-err>
  </testcase>
  <testcase time="5.763" classname="net.bigpoint.assessment.gasstation.implementation.StationImplTest" name="testBuyGas">
    <failure message="expected [true] but found [false]" type="java.lang.AssertionError">java.lang.AssertionError: expected [true] but found [false]
	at org.testng.Assert.fail(Assert.java:94)
	at org.testng.Assert.failNotEquals(Assert.java:494)
	at org.testng.Assert.assertTrue(Assert.java:42)
	at org.testng.Assert.assertTrue(Assert.java:52)
	at net.bigpoint.assessment.gasstation.implementation.StationImplTest.testBuyGas(StationImplTest.java:126)
</failure>
    <system-err>Jul 06, 2014 12:56:51 PM net.bigpoint.assessment.gasstation.implementation.StationImplTest testBuyGas
SEVERE: Not enough gas
</system-err>
  </testcase>
  <testcase time="5.764" classname="net.bigpoint.assessment.gasstation.implementation.StationImplTest" name="testBuyGas">
    <failure message="expected [true] but found [false]" type="java.lang.AssertionError">java.lang.AssertionError: expected [true] but found [false]
	at org.testng.Assert.fail(Assert.java:94)
	at org.testng.Assert.failNotEquals(Assert.java:494)
	at org.testng.Assert.assertTrue(Assert.java:42)
	at org.testng.Assert.assertTrue(Assert.java:52)
	at net.bigpoint.assessment.gasstation.implementation.StationImplTest.testBuyGas(StationImplTest.java:126)
</failure>
    <system-err>Jul 06, 2014 12:56:51 PM net.bigpoint.assessment.gasstation.implementation.StationImplTest testBuyGas
SEVERE: Not enough gas
</system-err>
  </testcase>
  <testcase time="5.764" classname="net.bigpoint.assessment.gasstation.implementation.StationImplTest" name="testBuyGas">
    <failure message="expected [true] but found [false]" type="java.lang.AssertionError">java.lang.AssertionError: expected [true] but found [false]
	at org.testng.Assert.fail(Assert.java:94)
	at org.testng.Assert.failNotEquals(Assert.java:494)
	at org.testng.Assert.assertTrue(Assert.java:42)
	at org.testng.Assert.assertTrue(Assert.java:52)
	at net.bigpoint.assessment.gasstation.implementation.StationImplTest.testBuyGas(StationImplTest.java:126)
</failure>
    <system-err>Jul 06, 2014 12:56:51 PM net.bigpoint.assessment.gasstation.implementation.StationImplTest testBuyGas
SEVERE: Not enough gas
</system-err>
  </testcase>
  <testcase time="5.765" classname="net.bigpoint.assessment.gasstation.implementation.StationImplTest" name="testBuyGas">
    <failure message="expected [true] but found [false]" type="java.lang.AssertionError">java.lang.AssertionError: expected [true] but found [false]
	at org.testng.Assert.fail(Assert.java:94)
	at org.testng.Assert.failNotEquals(Assert.java:494)
	at org.testng.Assert.assertTrue(Assert.java:42)
	at org.testng.Assert.assertTrue(Assert.java:52)
	at net.bigpoint.assessment.gasstation.implementation.StationImplTest.testBuyGas(StationImplTest.java:126)
</failure>
    <system-err>Jul 06, 2014 12:56:51 PM net.bigpoint.assessment.gasstation.implementation.StationImplTest testBuyGas
SEVERE: Not enough gas
</system-err>
  </testcase>
  <testcase time="5.766" classname="net.bigpoint.assessment.gasstation.implementation.StationImplTest" name="testBuyGas">
    <failure message="expected [true] but found [false]" type="java.lang.AssertionError">java.lang.AssertionError: expected [true] but found [false]
	at org.testng.Assert.fail(Assert.java:94)
	at org.testng.Assert.failNotEquals(Assert.java:494)
	at org.testng.Assert.assertTrue(Assert.java:42)
	at org.testng.Assert.assertTrue(Assert.java:52)
	at net.bigpoint.assessment.gasstation.implementation.StationImplTest.testBuyGas(StationImplTest.java:126)
</failure>
    <system-err>Jul 06, 2014 12:56:51 PM net.bigpoint.assessment.gasstation.implementation.StationImplTest testBuyGas
SEVERE: Not enough gas
</system-err>
  </testcase>
  <testcase time="5.767" classname="net.bigpoint.assessment.gasstation.implementation.StationImplTest" name="testBuyGas">
    <failure message="expected [true] but found [false]" type="java.lang.AssertionError">java.lang.AssertionError: expected [true] but found [false]
	at org.testng.Assert.fail(Assert.java:94)
	at org.testng.Assert.failNotEquals(Assert.java:494)
	at org.testng.Assert.assertTrue(Assert.java:42)
	at org.testng.Assert.assertTrue(Assert.java:52)
	at net.bigpoint.assessment.gasstation.implementation.StationImplTest.testBuyGas(StationImplTest.java:126)
</failure>
    <system-err>Jul 06, 2014 12:56:51 PM net.bigpoint.assessment.gasstation.implementation.StationImplTest testBuyGas
SEVERE: Not enough gas
</system-err>
  </testcase>
  <testcase time="5.767" classname="net.bigpoint.assessment.gasstation.implementation.StationImplTest" name="testBuyGas">
    <failure message="expected [true] but found [false]" type="java.lang.AssertionError">java.lang.AssertionError: expected [true] but found [false]
	at org.testng.Assert.fail(Assert.java:94)
	at org.testng.Assert.failNotEquals(Assert.java:494)
	at org.testng.Assert.assertTrue(Assert.java:42)
	at org.testng.Assert.assertTrue(Assert.java:52)
	at net.bigpoint.assessment.gasstation.implementation.StationImplTest.testBuyGas(StationImplTest.java:126)
</failure>
    <system-err>Jul 06, 2014 12:56:51 PM net.bigpoint.assessment.gasstation.implementation.StationImplTest testBuyGas
SEVERE: Not enough gas
</system-err>
  </testcase>
  <testcase time="5.768" classname="net.bigpoint.assessment.gasstation.implementation.StationImplTest" name="testBuyGas">
    <failure message="expected [true] but found [false]" type="java.lang.AssertionError">java.lang.AssertionError: expected [true] but found [false]
	at org.testng.Assert.fail(Assert.java:94)
	at org.testng.Assert.failNotEquals(Assert.java:494)
	at org.testng.Assert.assertTrue(Assert.java:42)
	at org.testng.Assert.assertTrue(Assert.java:52)
	at net.bigpoint.assessment.gasstation.implementation.StationImplTest.testBuyGas(StationImplTest.java:126)
</failure>
    <system-err>Jul 06, 2014 12:56:51 PM net.bigpoint.assessment.gasstation.implementation.StationImplTest testBuyGas
SEVERE: Not enough gas
</system-err>
  </testcase>
  <testcase time="5.769" classname="net.bigpoint.assessment.gasstation.implementation.StationImplTest" name="testBuyGas">
    <failure message="expected [true] but found [false]" type="java.lang.AssertionError">java.lang.AssertionError: expected [true] but found [false]
	at org.testng.Assert.fail(Assert.java:94)
	at org.testng.Assert.failNotEquals(Assert.java:494)
	at org.testng.Assert.assertTrue(Assert.java:42)
	at org.testng.Assert.assertTrue(Assert.java:52)
	at net.bigpoint.assessment.gasstation.implementation.StationImplTest.testBuyGas(StationImplTest.java:126)
</failure>
    <system-err>Jul 06, 2014 12:56:51 PM net.bigpoint.assessment.gasstation.implementation.StationImplTest testBuyGas
SEVERE: Not enough gas
</system-err>
  </testcase>
  <testcase time="5.769" classname="net.bigpoint.assessment.gasstation.implementation.StationImplTest" name="testBuyGas">
    <failure message="expected [true] but found [false]" type="java.lang.AssertionError">java.lang.AssertionError: expected [true] but found [false]
	at org.testng.Assert.fail(Assert.java:94)
	at org.testng.Assert.failNotEquals(Assert.java:494)
	at org.testng.Assert.assertTrue(Assert.java:42)
	at org.testng.Assert.assertTrue(Assert.java:52)
	at net.bigpoint.assessment.gasstation.implementation.StationImplTest.testBuyGas(StationImplTest.java:126)
</failure>
    <system-err>Jul 06, 2014 12:56:51 PM net.bigpoint.assessment.gasstation.implementation.StationImplTest testBuyGas
SEVERE: Not enough gas
</system-err>
  </testcase>
  <testcase time="5.77" classname="net.bigpoint.assessment.gasstation.implementation.StationImplTest" name="testBuyGas">
    <failure message="expected [true] but found [false]" type="java.lang.AssertionError">java.lang.AssertionError: expected [true] but found [false]
	at org.testng.Assert.fail(Assert.java:94)
	at org.testng.Assert.failNotEquals(Assert.java:494)
	at org.testng.Assert.assertTrue(Assert.java:42)
	at org.testng.Assert.assertTrue(Assert.java:52)
	at net.bigpoint.assessment.gasstation.implementation.StationImplTest.testBuyGas(StationImplTest.java:126)
</failure>
    <system-err>Jul 06, 2014 12:56:51 PM net.bigpoint.assessment.gasstation.implementation.StationImplTest testBuyGas
SEVERE: Not enough gas
</system-err>
  </testcase>
  <testcase time="5.771" classname="net.bigpoint.assessment.gasstation.implementation.StationImplTest" name="testBuyGas"/>
  <testcase time="5.771" classname="net.bigpoint.assessment.gasstation.implementation.StationImplTest" name="testBuyGas">
    <failure message="expected [true] but found [false]" type="java.lang.AssertionError">java.lang.AssertionError: expected [true] but found [false]
	at org.testng.Assert.fail(Assert.java:94)
	at org.testng.Assert.failNotEquals(Assert.java:494)
	at org.testng.Assert.assertTrue(Assert.java:42)
	at org.testng.Assert.assertTrue(Assert.java:52)
	at net.bigpoint.assessment.gasstation.implementation.StationImplTest.testBuyGas(StationImplTest.java:126)
</failure>
  </testcase>
  <testcase time="5.771" classname="net.bigpoint.assessment.gasstation.implementation.StationImplTest" name="testBuyGas">
    <failure message="expected [true] but found [false]" type="java.lang.AssertionError">java.lang.AssertionError: expected [true] but found [false]
	at org.testng.Assert.fail(Assert.java:94)
	at org.testng.Assert.failNotEquals(Assert.java:494)
	at org.testng.Assert.assertTrue(Assert.java:42)
	at org.testng.Assert.assertTrue(Assert.java:52)
	at net.bigpoint.assessment.gasstation.implementation.StationImplTest.testBuyGas(StationImplTest.java:126)
</failure>
  </testcase>
  <testcase time="5.773" classname="net.bigpoint.assessment.gasstation.implementation.StationImplTest" name="testBuyGas">
    <failure message="expected [true] but found [false]" type="java.lang.AssertionError">java.lang.AssertionError: expected [true] but found [false]
	at org.testng.Assert.fail(Assert.java:94)
	at org.testng.Assert.failNotEquals(Assert.java:494)
	at org.testng.Assert.assertTrue(Assert.java:42)
	at org.testng.Assert.assertTrue(Assert.java:52)
	at net.bigpoint.assessment.gasstation.implementation.StationImplTest.testBuyGas(StationImplTest.java:126)
</failure>
    <system-err>Jul 06, 2014 12:56:51 PM net.bigpoint.assessment.gasstation.implementation.StationImplTest testBuyGas
SEVERE: Not enough gas
Jul 06, 2014 12:56:51 PM net.bigpoint.assessment.gasstation.implementation.StationImplTest testBuyGas
SEVERE: Not enough gas
</system-err>
  </testcase>
  <testcase time="5.773" classname="net.bigpoint.assessment.gasstation.implementation.StationImplTest" name="testBuyGas">
    <failure message="expected [true] but found [false]" type="java.lang.AssertionError">java.lang.AssertionError: expected [true] but found [false]
	at org.testng.Assert.fail(Assert.java:94)
	at org.testng.Assert.failNotEquals(Assert.java:494)
	at org.testng.Assert.assertTrue(Assert.java:42)
	at org.testng.Assert.assertTrue(Assert.java:52)
	at net.bigpoint.assessment.gasstation.implementation.StationImplTest.testBuyGas(StationImplTest.java:126)
</failure>
    <system-err>Jul 06, 2014 12:56:51 PM net.bigpoint.assessment.gasstation.implementation.StationImplTest testBuyGas
SEVERE: Not enough gas
</system-err>
  </testcase>
  <testcase time="5.774" classname="net.bigpoint.assessment.gasstation.implementation.StationImplTest" name="testBuyGas">
    <failure message="expected [true] but found [false]" type="java.lang.AssertionError">java.lang.AssertionError: expected [true] but found [false]
	at org.testng.Assert.fail(Assert.java:94)
	at org.testng.Assert.failNotEquals(Assert.java:494)
	at org.testng.Assert.assertTrue(Assert.java:42)
	at org.testng.Assert.assertTrue(Assert.java:52)
	at net.bigpoint.assessment.gasstation.implementation.StationImplTest.testBuyGas(StationImplTest.java:126)
</failure>
    <system-err>Jul 06, 2014 12:56:51 PM net.bigpoint.assessment.gasstation.implementation.StationImplTest testBuyGas
SEVERE: Not enough gas
</system-err>
  </testcase>
  <testcase time="5.774" classname="net.bigpoint.assessment.gasstation.implementation.StationImplTest" name="testBuyGas">
    <failure message="expected [true] but found [false]" type="java.lang.AssertionError">java.lang.AssertionError: expected [true] but found [false]
	at org.testng.Assert.fail(Assert.java:94)
	at org.testng.Assert.failNotEquals(Assert.java:494)
	at org.testng.Assert.assertTrue(Assert.java:42)
	at org.testng.Assert.assertTrue(Assert.java:52)
	at net.bigpoint.assessment.gasstation.implementation.StationImplTest.testBuyGas(StationImplTest.java:126)
</failure>
    <system-err>Jul 06, 2014 12:56:51 PM net.bigpoint.assessment.gasstation.implementation.StationImplTest testBuyGas
SEVERE: Not enough gas
</system-err>
  </testcase>
  <testcase time="5.775" classname="net.bigpoint.assessment.gasstation.implementation.StationImplTest" name="testBuyGas">
    <failure message="expected [true] but found [false]" type="java.lang.AssertionError">java.lang.AssertionError: expected [true] but found [false]
	at org.testng.Assert.fail(Assert.java:94)
	at org.testng.Assert.failNotEquals(Assert.java:494)
	at org.testng.Assert.assertTrue(Assert.java:42)
	at org.testng.Assert.assertTrue(Assert.java:52)
	at net.bigpoint.assessment.gasstation.implementation.StationImplTest.testBuyGas(StationImplTest.java:126)
</failure>
    <system-err>Jul 06, 2014 12:56:51 PM net.bigpoint.assessment.gasstation.implementation.StationImplTest testBuyGas
SEVERE: Not enough gas
</system-err>
  </testcase>
  <testcase time="5.776" classname="net.bigpoint.assessment.gasstation.implementation.StationImplTest" name="testBuyGas">
    <failure message="expected [true] but found [false]" type="java.lang.AssertionError">java.lang.AssertionError: expected [true] but found [false]
	at org.testng.Assert.fail(Assert.java:94)
	at org.testng.Assert.failNotEquals(Assert.java:494)
	at org.testng.Assert.assertTrue(Assert.java:42)
	at org.testng.Assert.assertTrue(Assert.java:52)
	at net.bigpoint.assessment.gasstation.implementation.StationImplTest.testBuyGas(StationImplTest.java:126)
</failure>
    <system-err>Jul 06, 2014 12:56:51 PM net.bigpoint.assessment.gasstation.implementation.StationImplTest testBuyGas
SEVERE: Not enough gas
</system-err>
  </testcase>
  <testcase time="5.777" classname="net.bigpoint.assessment.gasstation.implementation.StationImplTest" name="testBuyGas">
    <failure message="expected [true] but found [false]" type="java.lang.AssertionError">java.lang.AssertionError: expected [true] but found [false]
	at org.testng.Assert.fail(Assert.java:94)
	at org.testng.Assert.failNotEquals(Assert.java:494)
	at org.testng.Assert.assertTrue(Assert.java:42)
	at org.testng.Assert.assertTrue(Assert.java:52)
	at net.bigpoint.assessment.gasstation.implementation.StationImplTest.testBuyGas(StationImplTest.java:126)
</failure>
    <system-err>Jul 06, 2014 12:56:51 PM net.bigpoint.assessment.gasstation.implementation.StationImplTest testBuyGas
SEVERE: Not enough gas
Jul 06, 2014 12:56:51 PM net.bigpoint.assessment.gasstation.implementation.StationImplTest testBuyGas
SEVERE: Not enough gas
</system-err>
  </testcase>
  <testcase time="5.778" classname="net.bigpoint.assessment.gasstation.implementation.StationImplTest" name="testBuyGas">
    <failure message="expected [true] but found [false]" type="java.lang.AssertionError">java.lang.AssertionError: expected [true] but found [false]
	at org.testng.Assert.fail(Assert.java:94)
	at org.testng.Assert.failNotEquals(Assert.java:494)
	at org.testng.Assert.assertTrue(Assert.java:42)
	at org.testng.Assert.assertTrue(Assert.java:52)
	at net.bigpoint.assessment.gasstation.implementation.StationImplTest.testBuyGas(StationImplTest.java:126)
</failure>
  </testcase>
  <testcase time="5.778" classname="net.bigpoint.assessment.gasstation.implementation.StationImplTest" name="testBuyGas">
    <failure message="expected [true] but found [false]" type="java.lang.AssertionError">java.lang.AssertionError: expected [true] but found [false]
	at org.testng.Assert.fail(Assert.java:94)
	at org.testng.Assert.failNotEquals(Assert.java:494)
	at org.testng.Assert.assertTrue(Assert.java:42)
	at org.testng.Assert.assertTrue(Assert.java:52)
	at net.bigpoint.assessment.gasstation.implementation.StationImplTest.testBuyGas(StationImplTest.java:126)
</failure>
    <system-err>Jul 06, 2014 12:56:51 PM net.bigpoint.assessment.gasstation.implementation.StationImplTest testBuyGas
SEVERE: Not enough gas
</system-err>
  </testcase>
  <testcase time="5.778" classname="net.bigpoint.assessment.gasstation.implementation.StationImplTest" name="testBuyGas">
    <failure message="expected [true] but found [false]" type="java.lang.AssertionError">java.lang.AssertionError: expected [true] but found [false]
	at org.testng.Assert.fail(Assert.java:94)
	at org.testng.Assert.failNotEquals(Assert.java:494)
	at org.testng.Assert.assertTrue(Assert.java:42)
	at org.testng.Assert.assertTrue(Assert.java:52)
	at net.bigpoint.assessment.gasstation.implementation.StationImplTest.testBuyGas(StationImplTest.java:126)
</failure>
    <system-err>Jul 06, 2014 12:56:51 PM net.bigpoint.assessment.gasstation.implementation.StationImplTest testBuyGas
SEVERE: Not enough gas
</system-err>
  </testcase>
  <testcase time="5.779" classname="net.bigpoint.assessment.gasstation.implementation.StationImplTest" name="testBuyGas">
    <failure message="expected [true] but found [false]" type="java.lang.AssertionError">java.lang.AssertionError: expected [true] but found [false]
	at org.testng.Assert.fail(Assert.java:94)
	at org.testng.Assert.failNotEquals(Assert.java:494)
	at org.testng.Assert.assertTrue(Assert.java:42)
	at org.testng.Assert.assertTrue(Assert.java:52)
	at net.bigpoint.assessment.gasstation.implementation.StationImplTest.testBuyGas(StationImplTest.java:126)
</failure>
    <system-err>Jul 06, 2014 12:56:51 PM net.bigpoint.assessment.gasstation.implementation.StationImplTest testBuyGas
SEVERE: Not enough gas
</system-err>
  </testcase>
  <testcase time="5.78" classname="net.bigpoint.assessment.gasstation.implementation.StationImplTest" name="testBuyGas">
    <failure message="expected [true] but found [false]" type="java.lang.AssertionError">java.lang.AssertionError: expected [true] but found [false]
	at org.testng.Assert.fail(Assert.java:94)
	at org.testng.Assert.failNotEquals(Assert.java:494)
	at org.testng.Assert.assertTrue(Assert.java:42)
	at org.testng.Assert.assertTrue(Assert.java:52)
	at net.bigpoint.assessment.gasstation.implementation.StationImplTest.testBuyGas(StationImplTest.java:126)
</failure>
    <system-err>Jul 06, 2014 12:56:51 PM net.bigpoint.assessment.gasstation.implementation.StationImplTest testBuyGas
SEVERE: Not enough gas
</system-err>
  </testcase>
  <testcase time="5.78" classname="net.bigpoint.assessment.gasstation.implementation.StationImplTest" name="testBuyGas">
    <failure message="expected [true] but found [false]" type="java.lang.AssertionError">java.lang.AssertionError: expected [true] but found [false]
	at org.testng.Assert.fail(Assert.java:94)
	at org.testng.Assert.failNotEquals(Assert.java:494)
	at org.testng.Assert.assertTrue(Assert.java:42)
	at org.testng.Assert.assertTrue(Assert.java:52)
	at net.bigpoint.assessment.gasstation.implementation.StationImplTest.testBuyGas(StationImplTest.java:126)
</failure>
    <system-err>Jul 06, 2014 12:56:51 PM net.bigpoint.assessment.gasstation.implementation.StationImplTest testBuyGas
SEVERE: Not enough gas
</system-err>
  </testcase>
  <testcase time="5.78" classname="net.bigpoint.assessment.gasstation.implementation.StationImplTest" name="testBuyGas">
    <failure message="expected [true] but found [false]" type="java.lang.AssertionError">java.lang.AssertionError: expected [true] but found [false]
	at org.testng.Assert.fail(Assert.java:94)
	at org.testng.Assert.failNotEquals(Assert.java:494)
	at org.testng.Assert.assertTrue(Assert.java:42)
	at org.testng.Assert.assertTrue(Assert.java:52)
	at net.bigpoint.assessment.gasstation.implementation.StationImplTest.testBuyGas(StationImplTest.java:126)
</failure>
    <system-err>Jul 06, 2014 12:56:51 PM net.bigpoint.assessment.gasstation.implementation.StationImplTest testBuyGas
SEVERE: Not enough gas
</system-err>
  </testcase>
  <testcase time="5.781" classname="net.bigpoint.assessment.gasstation.implementation.StationImplTest" name="testBuyGas">
    <failure message="expected [true] but found [false]" type="java.lang.AssertionError">java.lang.AssertionError: expected [true] but found [false]
	at org.testng.Assert.fail(Assert.java:94)
	at org.testng.Assert.failNotEquals(Assert.java:494)
	at org.testng.Assert.assertTrue(Assert.java:42)
	at org.testng.Assert.assertTrue(Assert.java:52)
	at net.bigpoint.assessment.gasstation.implementation.StationImplTest.testBuyGas(StationImplTest.java:126)
</failure>
    <system-err>Jul 06, 2014 12:56:51 PM net.bigpoint.assessment.gasstation.implementation.StationImplTest testBuyGas
SEVERE: Not enough gas
</system-err>
  </testcase>
  <testcase time="5.781" classname="net.bigpoint.assessment.gasstation.implementation.StationImplTest" name="testBuyGas">
    <failure message="expected [true] but found [false]" type="java.lang.AssertionError">java.lang.AssertionError: expected [true] but found [false]
	at org.testng.Assert.fail(Assert.java:94)
	at org.testng.Assert.failNotEquals(Assert.java:494)
	at org.testng.Assert.assertTrue(Assert.java:42)
	at org.testng.Assert.assertTrue(Assert.java:52)
	at net.bigpoint.assessment.gasstation.implementation.StationImplTest.testBuyGas(StationImplTest.java:126)
</failure>
    <system-err>Jul 06, 2014 12:56:51 PM net.bigpoint.assessment.gasstation.implementation.StationImplTest testBuyGas
SEVERE: Not enough gas
</system-err>
  </testcase>
  <testcase time="5.782" classname="net.bigpoint.assessment.gasstation.implementation.StationImplTest" name="testBuyGas">
    <failure message="expected [true] but found [false]" type="java.lang.AssertionError">java.lang.AssertionError: expected [true] but found [false]
	at org.testng.Assert.fail(Assert.java:94)
	at org.testng.Assert.failNotEquals(Assert.java:494)
	at org.testng.Assert.assertTrue(Assert.java:42)
	at org.testng.Assert.assertTrue(Assert.java:52)
	at net.bigpoint.assessment.gasstation.implementation.StationImplTest.testBuyGas(StationImplTest.java:126)
</failure>
    <system-err>Jul 06, 2014 12:56:51 PM net.bigpoint.assessment.gasstation.implementation.StationImplTest testBuyGas
SEVERE: Not enough gas
</system-err>
  </testcase>
  <testcase time="5.782" classname="net.bigpoint.assessment.gasstation.implementation.StationImplTest" name="testBuyGas">
    <failure message="expected [true] but found [false]" type="java.lang.AssertionError">java.lang.AssertionError: expected [true] but found [false]
	at org.testng.Assert.fail(Assert.java:94)
	at org.testng.Assert.failNotEquals(Assert.java:494)
	at org.testng.Assert.assertTrue(Assert.java:42)
	at org.testng.Assert.assertTrue(Assert.java:52)
	at net.bigpoint.assessment.gasstation.implementation.StationImplTest.testBuyGas(StationImplTest.java:126)
</failure>
    <system-err>Jul 06, 2014 12:56:51 PM net.bigpoint.assessment.gasstation.implementation.StationImplTest testBuyGas
SEVERE: Not enough gas
</system-err>
  </testcase>
  <testcase time="5.783" classname="net.bigpoint.assessment.gasstation.implementation.StationImplTest" name="testBuyGas">
    <failure message="expected [true] but found [false]" type="java.lang.AssertionError">java.lang.AssertionError: expected [true] but found [false]
	at org.testng.Assert.fail(Assert.java:94)
	at org.testng.Assert.failNotEquals(Assert.java:494)
	at org.testng.Assert.assertTrue(Assert.java:42)
	at org.testng.Assert.assertTrue(Assert.java:52)
	at net.bigpoint.assessment.gasstation.implementation.StationImplTest.testBuyGas(StationImplTest.java:126)
</failure>
    <system-err>Jul 06, 2014 12:56:51 PM net.bigpoint.assessment.gasstation.implementation.StationImplTest testBuyGas
SEVERE: Not enough gas
</system-err>
  </testcase>
  <testcase time="5.783" classname="net.bigpoint.assessment.gasstation.implementation.StationImplTest" name="testBuyGas">
    <failure message="expected [true] but found [false]" type="java.lang.AssertionError">java.lang.AssertionError: expected [true] but found [false]
	at org.testng.Assert.fail(Assert.java:94)
	at org.testng.Assert.failNotEquals(Assert.java:494)
	at org.testng.Assert.assertTrue(Assert.java:42)
	at org.testng.Assert.assertTrue(Assert.java:52)
	at net.bigpoint.assessment.gasstation.implementation.StationImplTest.testBuyGas(StationImplTest.java:126)
</failure>
    <system-err>Jul 06, 2014 12:56:51 PM net.bigpoint.assessment.gasstation.implementation.StationImplTest testBuyGas
SEVERE: Not enough gas
</system-err>
  </testcase>
  <testcase time="5.784" classname="net.bigpoint.assessment.gasstation.implementation.StationImplTest" name="testBuyGas">
    <failure message="expected [true] but found [false]" type="java.lang.AssertionError">java.lang.AssertionError: expected [true] but found [false]
	at org.testng.Assert.fail(Assert.java:94)
	at org.testng.Assert.failNotEquals(Assert.java:494)
	at org.testng.Assert.assertTrue(Assert.java:42)
	at org.testng.Assert.assertTrue(Assert.java:52)
	at net.bigpoint.assessment.gasstation.implementation.StationImplTest.testBuyGas(StationImplTest.java:126)
</failure>
    <system-err>Jul 06, 2014 12:56:51 PM net.bigpoint.assessment.gasstation.implementation.StationImplTest testBuyGas
SEVERE: Not enough gas
</system-err>
  </testcase>
  <testcase time="5.784" classname="net.bigpoint.assessment.gasstation.implementation.StationImplTest" name="testBuyGas">
    <failure message="expected [true] but found [false]" type="java.lang.AssertionError">java.lang.AssertionError: expected [true] but found [false]
	at org.testng.Assert.fail(Assert.java:94)
	at org.testng.Assert.failNotEquals(Assert.java:494)
	at org.testng.Assert.assertTrue(Assert.java:42)
	at org.testng.Assert.assertTrue(Assert.java:52)
	at net.bigpoint.assessment.gasstation.implementation.StationImplTest.testBuyGas(StationImplTest.java:126)
</failure>
    <system-err>Jul 06, 2014 12:56:51 PM net.bigpoint.assessment.gasstation.implementation.StationImplTest testBuyGas
SEVERE: Not enough gas
</system-err>
  </testcase>
  <testcase time="5.785" classname="net.bigpoint.assessment.gasstation.implementation.StationImplTest" name="testBuyGas">
    <failure message="expected [true] but found [false]" type="java.lang.AssertionError">java.lang.AssertionError: expected [true] but found [false]
	at org.testng.Assert.fail(Assert.java:94)
	at org.testng.Assert.failNotEquals(Assert.java:494)
	at org.testng.Assert.assertTrue(Assert.java:42)
	at org.testng.Assert.assertTrue(Assert.java:52)
	at net.bigpoint.assessment.gasstation.implementation.StationImplTest.testBuyGas(StationImplTest.java:126)
</failure>
    <system-err>Jul 06, 2014 12:56:51 PM net.bigpoint.assessment.gasstation.implementation.StationImplTest testBuyGas
SEVERE: Not enough gas
</system-err>
  </testcase>
  <testcase time="5.785" classname="net.bigpoint.assessment.gasstation.implementation.StationImplTest" name="testBuyGas">
    <failure message="expected [true] but found [false]" type="java.lang.AssertionError">java.lang.AssertionError: expected [true] but found [false]
	at org.testng.Assert.fail(Assert.java:94)
	at org.testng.Assert.failNotEquals(Assert.java:494)
	at org.testng.Assert.assertTrue(Assert.java:42)
	at org.testng.Assert.assertTrue(Assert.java:52)
	at net.bigpoint.assessment.gasstation.implementation.StationImplTest.testBuyGas(StationImplTest.java:126)
</failure>
    <system-err>Jul 06, 2014 12:56:51 PM net.bigpoint.assessment.gasstation.implementation.StationImplTest testBuyGas
SEVERE: Not enough gas
</system-err>
  </testcase>
  <testcase time="5.786" classname="net.bigpoint.assessment.gasstation.implementation.StationImplTest" name="testBuyGas">
    <failure message="expected [true] but found [false]" type="java.lang.AssertionError">java.lang.AssertionError: expected [true] but found [false]
	at org.testng.Assert.fail(Assert.java:94)
	at org.testng.Assert.failNotEquals(Assert.java:494)
	at org.testng.Assert.assertTrue(Assert.java:42)
	at org.testng.Assert.assertTrue(Assert.java:52)
	at net.bigpoint.assessment.gasstation.implementation.StationImplTest.testBuyGas(StationImplTest.java:126)
</failure>
    <system-err>Jul 06, 2014 12:56:51 PM net.bigpoint.assessment.gasstation.implementation.StationImplTest testBuyGas
SEVERE: Not enough gas
</system-err>
  </testcase>
  <testcase time="5.786" classname="net.bigpoint.assessment.gasstation.implementation.StationImplTest" name="testBuyGas">
    <failure message="expected [true] but found [false]" type="java.lang.AssertionError">java.lang.AssertionError: expected [true] but found [false]
	at org.testng.Assert.fail(Assert.java:94)
	at org.testng.Assert.failNotEquals(Assert.java:494)
	at org.testng.Assert.assertTrue(Assert.java:42)
	at org.testng.Assert.assertTrue(Assert.java:52)
	at net.bigpoint.assessment.gasstation.implementation.StationImplTest.testBuyGas(StationImplTest.java:126)
</failure>
    <system-err>Jul 06, 2014 12:56:51 PM net.bigpoint.assessment.gasstation.implementation.StationImplTest testBuyGas
SEVERE: Not enough gas
</system-err>
  </testcase>
  <testcase time="5.81" classname="net.bigpoint.assessment.gasstation.implementation.StationImplTest" name="testBuyGas">
    <failure message="expected [true] but found [false]" type="java.lang.AssertionError">java.lang.AssertionError: expected [true] but found [false]
	at org.testng.Assert.fail(Assert.java:94)
	at org.testng.Assert.failNotEquals(Assert.java:494)
	at org.testng.Assert.assertTrue(Assert.java:42)
	at org.testng.Assert.assertTrue(Assert.java:52)
	at net.bigpoint.assessment.gasstation.implementation.StationImplTest.testBuyGas(StationImplTest.java:126)
</failure>
    <system-err>Jul 06, 2014 12:56:51 PM net.bigpoint.assessment.gasstation.implementation.StationImplTest testBuyGas
SEVERE: Not enough gas
</system-err>
  </testcase>
  <testcase time="5.811" classname="net.bigpoint.assessment.gasstation.implementation.StationImplTest" name="testBuyGas">
    <failure message="expected [true] but found [false]" type="java.lang.AssertionError">java.lang.AssertionError: expected [true] but found [false]
	at org.testng.Assert.fail(Assert.java:94)
	at org.testng.Assert.failNotEquals(Assert.java:494)
	at org.testng.Assert.assertTrue(Assert.java:42)
	at org.testng.Assert.assertTrue(Assert.java:52)
	at net.bigpoint.assessment.gasstation.implementation.StationImplTest.testBuyGas(StationImplTest.java:126)
</failure>
  </testcase>
  <testcase time="5.812" classname="net.bigpoint.assessment.gasstation.implementation.StationImplTest" name="testBuyGas">
    <failure message="expected [true] but found [false]" type="java.lang.AssertionError">java.lang.AssertionError: expected [true] but found [false]
	at org.testng.Assert.fail(Assert.java:94)
	at org.testng.Assert.failNotEquals(Assert.java:494)
	at org.testng.Assert.assertTrue(Assert.java:42)
	at org.testng.Assert.assertTrue(Assert.java:52)
	at net.bigpoint.assessment.gasstation.implementation.StationImplTest.testBuyGas(StationImplTest.java:126)
</failure>
    <system-err>Jul 06, 2014 12:56:51 PM net.bigpoint.assessment.gasstation.implementation.StationImplTest testBuyGas
SEVERE: Not enough gas
Jul 06, 2014 12:56:51 PM net.bigpoint.assessment.gasstation.implementation.StationImplTest testBuyGas
SEVERE: Not enough gas
</system-err>
  </testcase>
  <testcase time="5.812" classname="net.bigpoint.assessment.gasstation.implementation.StationImplTest" name="testBuyGas">
    <failure message="expected [true] but found [false]" type="java.lang.AssertionError">java.lang.AssertionError: expected [true] but found [false]
	at org.testng.Assert.fail(Assert.java:94)
	at org.testng.Assert.failNotEquals(Assert.java:494)
	at org.testng.Assert.assertTrue(Assert.java:42)
	at org.testng.Assert.assertTrue(Assert.java:52)
	at net.bigpoint.assessment.gasstation.implementation.StationImplTest.testBuyGas(StationImplTest.java:126)
</failure>
    <system-err>Jul 06, 2014 12:56:51 PM net.bigpoint.assessment.gasstation.implementation.StationImplTest testBuyGas
SEVERE: Not enough gas
</system-err>
  </testcase>
  <testcase time="5.813" classname="net.bigpoint.assessment.gasstation.implementation.StationImplTest" name="testBuyGas">
    <failure message="expected [true] but found [false]" type="java.lang.AssertionError">java.lang.AssertionError: expected [true] but found [false]
	at org.testng.Assert.fail(Assert.java:94)
	at org.testng.Assert.failNotEquals(Assert.java:494)
	at org.testng.Assert.assertTrue(Assert.java:42)
	at org.testng.Assert.assertTrue(Assert.java:52)
	at net.bigpoint.assessment.gasstation.implementation.StationImplTest.testBuyGas(StationImplTest.java:126)
</failure>
  </testcase>
  <testcase time="5.814" classname="net.bigpoint.assessment.gasstation.implementation.StationImplTest" name="testBuyGas">
    <failure message="expected [true] but found [false]" type="java.lang.AssertionError">java.lang.AssertionError: expected [true] but found [false]
	at org.testng.Assert.fail(Assert.java:94)
	at org.testng.Assert.failNotEquals(Assert.java:494)
	at org.testng.Assert.assertTrue(Assert.java:42)
	at org.testng.Assert.assertTrue(Assert.java:52)
	at net.bigpoint.assessment.gasstation.implementation.StationImplTest.testBuyGas(StationImplTest.java:126)
</failure>
    <system-err>Jul 06, 2014 12:56:51 PM net.bigpoint.assessment.gasstation.implementation.StationImplTest testBuyGas
SEVERE: Not enough gas
Jul 06, 2014 12:56:51 PM net.bigpoint.assessment.gasstation.implementation.StationImplTest testBuyGas
SEVERE: Not enough gas
</system-err>
  </testcase>
  <testcase time="5.815" classname="net.bigpoint.assessment.gasstation.implementation.StationImplTest" name="testBuyGas">
    <failure message="expected [true] but found [false]" type="java.lang.AssertionError">java.lang.AssertionError: expected [true] but found [false]
	at org.testng.Assert.fail(Assert.java:94)
	at org.testng.Assert.failNotEquals(Assert.java:494)
	at org.testng.Assert.assertTrue(Assert.java:42)
	at org.testng.Assert.assertTrue(Assert.java:52)
	at net.bigpoint.assessment.gasstation.implementation.StationImplTest.testBuyGas(StationImplTest.java:126)
</failure>
    <system-err>Jul 06, 2014 12:56:51 PM net.bigpoint.assessment.gasstation.implementation.StationImplTest testBuyGas
SEVERE: Not enough gas
</system-err>
  </testcase>
  <testcase time="5.816" classname="net.bigpoint.assessment.gasstation.implementation.StationImplTest" name="testBuyGas">
    <failure message="expected [true] but found [false]" type="java.lang.AssertionError">java.lang.AssertionError: expected [true] but found [false]
	at org.testng.Assert.fail(Assert.java:94)
	at org.testng.Assert.failNotEquals(Assert.java:494)
	at org.testng.Assert.assertTrue(Assert.java:42)
	at org.testng.Assert.assertTrue(Assert.java:52)
	at net.bigpoint.assessment.gasstation.implementation.StationImplTest.testBuyGas(StationImplTest.java:126)
</failure>
    <system-err>Jul 06, 2014 12:56:51 PM net.bigpoint.assessment.gasstation.implementation.StationImplTest testBuyGas
SEVERE: Not enough gas
Jul 06, 2014 12:56:51 PM net.bigpoint.assessment.gasstation.implementation.StationImplTest testBuyGas
SEVERE: Not enough gas
Jul 06, 2014 12:56:51 PM net.bigpoint.assessment.gasstation.implementation.StationImplTest testBuyGas
SEVERE: Not enough gas
</system-err>
  </testcase>
  <testcase time="5.817" classname="net.bigpoint.assessment.gasstation.implementation.StationImplTest" name="testBuyGas">
    <failure message="expected [true] but found [false]" type="java.lang.AssertionError">java.lang.AssertionError: expected [true] but found [false]
	at org.testng.Assert.fail(Assert.java:94)
	at org.testng.Assert.failNotEquals(Assert.java:494)
	at org.testng.Assert.assertTrue(Assert.java:42)
	at org.testng.Assert.assertTrue(Assert.java:52)
	at net.bigpoint.assessment.gasstation.implementation.StationImplTest.testBuyGas(StationImplTest.java:126)
</failure>
  </testcase>
  <testcase time="5.817" classname="net.bigpoint.assessment.gasstation.implementation.StationImplTest" name="testBuyGas">
    <failure message="expected [true] but found [false]" type="java.lang.AssertionError">java.lang.AssertionError: expected [true] but found [false]
	at org.testng.Assert.fail(Assert.java:94)
	at org.testng.Assert.failNotEquals(Assert.java:494)
	at org.testng.Assert.assertTrue(Assert.java:42)
	at org.testng.Assert.assertTrue(Assert.java:52)
	at net.bigpoint.assessment.gasstation.implementation.StationImplTest.testBuyGas(StationImplTest.java:126)
</failure>
    <system-err>Jul 06, 2014 12:56:51 PM net.bigpoint.assessment.gasstation.implementation.StationImplTest testBuyGas
SEVERE: Not enough gas
</system-err>
  </testcase>
  <testcase time="5.817" classname="net.bigpoint.assessment.gasstation.implementation.StationImplTest" name="testBuyGas">
    <failure message="expected [true] but found [false]" type="java.lang.AssertionError">java.lang.AssertionError: expected [true] but found [false]
	at org.testng.Assert.fail(Assert.java:94)
	at org.testng.Assert.failNotEquals(Assert.java:494)
	at org.testng.Assert.assertTrue(Assert.java:42)
	at org.testng.Assert.assertTrue(Assert.java:52)
	at net.bigpoint.assessment.gasstation.implementation.StationImplTest.testBuyGas(StationImplTest.java:126)
</failure>
  </testcase>
  <testcase time="5.818" classname="net.bigpoint.assessment.gasstation.implementation.StationImplTest" name="testBuyGas">
    <failure message="expected [true] but found [false]" type="java.lang.AssertionError">java.lang.AssertionError: expected [true] but found [false]
	at org.testng.Assert.fail(Assert.java:94)
	at org.testng.Assert.failNotEquals(Assert.java:494)
	at org.testng.Assert.assertTrue(Assert.java:42)
	at org.testng.Assert.assertTrue(Assert.java:52)
	at net.bigpoint.assessment.gasstation.implementation.StationImplTest.testBuyGas(StationImplTest.java:126)
</failure>
  </testcase>
  <testcase time="5.819" classname="net.bigpoint.assessment.gasstation.implementation.StationImplTest" name="testBuyGas">
    <failure message="expected [true] but found [false]" type="java.lang.AssertionError">java.lang.AssertionError: expected [true] but found [false]
	at org.testng.Assert.fail(Assert.java:94)
	at org.testng.Assert.failNotEquals(Assert.java:494)
	at org.testng.Assert.assertTrue(Assert.java:42)
	at org.testng.Assert.assertTrue(Assert.java:52)
	at net.bigpoint.assessment.gasstation.implementation.StationImplTest.testBuyGas(StationImplTest.java:126)
</failure>
    <system-err>Jul 06, 2014 12:56:51 PM net.bigpoint.assessment.gasstation.implementation.StationImplTest testBuyGas
SEVERE: Not enough gas
Jul 06, 2014 12:56:51 PM net.bigpoint.assessment.gasstation.implementation.StationImplTest testBuyGas
SEVERE: Not enough gas
</system-err>
  </testcase>
  <testcase time="5.82" classname="net.bigpoint.assessment.gasstation.implementation.StationImplTest" name="testBuyGas">
    <failure message="expected [true] but found [false]" type="java.lang.AssertionError">java.lang.AssertionError: expected [true] but found [false]
	at org.testng.Assert.fail(Assert.java:94)
	at org.testng.Assert.failNotEquals(Assert.java:494)
	at org.testng.Assert.assertTrue(Assert.java:42)
	at org.testng.Assert.assertTrue(Assert.java:52)
	at net.bigpoint.assessment.gasstation.implementation.StationImplTest.testBuyGas(StationImplTest.java:126)
</failure>
  </testcase>
  <testcase time="5.821" classname="net.bigpoint.assessment.gasstation.implementation.StationImplTest" name="testBuyGas">
    <failure message="expected [true] but found [false]" type="java.lang.AssertionError">java.lang.AssertionError: expected [true] but found [false]
	at org.testng.Assert.fail(Assert.java:94)
	at org.testng.Assert.failNotEquals(Assert.java:494)
	at org.testng.Assert.assertTrue(Assert.java:42)
	at org.testng.Assert.assertTrue(Assert.java:52)
	at net.bigpoint.assessment.gasstation.implementation.StationImplTest.testBuyGas(StationImplTest.java:126)
</failure>
    <system-err>Jul 06, 2014 12:56:51 PM net.bigpoint.assessment.gasstation.implementation.StationImplTest testBuyGas
SEVERE: Not enough gas
Jul 06, 2014 12:56:51 PM net.bigpoint.assessment.gasstation.implementation.StationImplTest testBuyGas
SEVERE: Not enough gas
</system-err>
  </testcase>
  <testcase time="5.822" classname="net.bigpoint.assessment.gasstation.implementation.StationImplTest" name="testBuyGas">
    <failure message="expected [true] but found [false]" type="java.lang.AssertionError">java.lang.AssertionError: expected [true] but found [false]
	at org.testng.Assert.fail(Assert.java:94)
	at org.testng.Assert.failNotEquals(Assert.java:494)
	at org.testng.Assert.assertTrue(Assert.java:42)
	at org.testng.Assert.assertTrue(Assert.java:52)
	at net.bigpoint.assessment.gasstation.implementation.StationImplTest.testBuyGas(StationImplTest.java:126)
</failure>
    <system-err>Jul 06, 2014 12:56:51 PM net.bigpoint.assessment.gasstation.implementation.StationImplTest testBuyGas
SEVERE: Not enough gas
</system-err>
  </testcase>
  <testcase time="5.822" classname="net.bigpoint.assessment.gasstation.implementation.StationImplTest" name="testBuyGas">
    <failure message="expected [true] but found [false]" type="java.lang.AssertionError">java.lang.AssertionError: expected [true] but found [false]
	at org.testng.Assert.fail(Assert.java:94)
	at org.testng.Assert.failNotEquals(Assert.java:494)
	at org.testng.Assert.assertTrue(Assert.java:42)
	at org.testng.Assert.assertTrue(Assert.java:52)
	at net.bigpoint.assessment.gasstation.implementation.StationImplTest.testBuyGas(StationImplTest.java:126)
</failure>
    <system-err>Jul 06, 2014 12:56:51 PM net.bigpoint.assessment.gasstation.implementation.StationImplTest testBuyGas
SEVERE: Not enough gas
</system-err>
  </testcase>
  <testcase time="5.823" classname="net.bigpoint.assessment.gasstation.implementation.StationImplTest" name="testBuyGas">
    <failure message="expected [true] but found [false]" type="java.lang.AssertionError">java.lang.AssertionError: expected [true] but found [false]
	at org.testng.Assert.fail(Assert.java:94)
	at org.testng.Assert.failNotEquals(Assert.java:494)
	at org.testng.Assert.assertTrue(Assert.java:42)
	at org.testng.Assert.assertTrue(Assert.java:52)
	at net.bigpoint.assessment.gasstation.implementation.StationImplTest.testBuyGas(StationImplTest.java:126)
</failure>
    <system-err>Jul 06, 2014 12:56:51 PM net.bigpoint.assessment.gasstation.implementation.StationImplTest testBuyGas
SEVERE: Not enough gas
</system-err>
  </testcase>
  <testcase time="5.823" classname="net.bigpoint.assessment.gasstation.implementation.StationImplTest" name="testBuyGas">
    <failure message="expected [true] but found [false]" type="java.lang.AssertionError">java.lang.AssertionError: expected [true] but found [false]
	at org.testng.Assert.fail(Assert.java:94)
	at org.testng.Assert.failNotEquals(Assert.java:494)
	at org.testng.Assert.assertTrue(Assert.java:42)
	at org.testng.Assert.assertTrue(Assert.java:52)
	at net.bigpoint.assessment.gasstation.implementation.StationImplTest.testBuyGas(StationImplTest.java:126)
</failure>
    <system-err>Jul 06, 2014 12:56:51 PM net.bigpoint.assessment.gasstation.implementation.StationImplTest testBuyGas
SEVERE: Not enough gas
</system-err>
  </testcase>
  <testcase time="5.824" classname="net.bigpoint.assessment.gasstation.implementation.StationImplTest" name="testBuyGas">
    <failure message="expected [true] but found [false]" type="java.lang.AssertionError">java.lang.AssertionError: expected [true] but found [false]
	at org.testng.Assert.fail(Assert.java:94)
	at org.testng.Assert.failNotEquals(Assert.java:494)
	at org.testng.Assert.assertTrue(Assert.java:42)
	at org.testng.Assert.assertTrue(Assert.java:52)
	at net.bigpoint.assessment.gasstation.implementation.StationImplTest.testBuyGas(StationImplTest.java:126)
</failure>
    <system-err>Jul 06, 2014 12:56:51 PM net.bigpoint.assessment.gasstation.implementation.StationImplTest testBuyGas
SEVERE: Not enough gas
</system-err>
  </testcase>
  <testcase time="5.825" classname="net.bigpoint.assessment.gasstation.implementation.StationImplTest" name="testBuyGas">
    <failure message="expected [true] but found [false]" type="java.lang.AssertionError">java.lang.AssertionError: expected [true] but found [false]
	at org.testng.Assert.fail(Assert.java:94)
	at org.testng.Assert.failNotEquals(Assert.java:494)
	at org.testng.Assert.assertTrue(Assert.java:42)
	at org.testng.Assert.assertTrue(Assert.java:52)
	at net.bigpoint.assessment.gasstation.implementation.StationImplTest.testBuyGas(StationImplTest.java:126)
</failure>
    <system-err>Jul 06, 2014 12:56:51 PM net.bigpoint.assessment.gasstation.implementation.StationImplTest testBuyGas
SEVERE: Not enough gas
</system-err>
  </testcase>
  <testcase time="5.826" classname="net.bigpoint.assessment.gasstation.implementation.StationImplTest" name="testBuyGas">
    <failure message="expected [true] but found [false]" type="java.lang.AssertionError">java.lang.AssertionError: expected [true] but found [false]
	at org.testng.Assert.fail(Assert.java:94)
	at org.testng.Assert.failNotEquals(Assert.java:494)
	at org.testng.Assert.assertTrue(Assert.java:42)
	at org.testng.Assert.assertTrue(Assert.java:52)
	at net.bigpoint.assessment.gasstation.implementation.StationImplTest.testBuyGas(StationImplTest.java:126)
</failure>
    <system-err>Jul 06, 2014 12:56:51 PM net.bigpoint.assessment.gasstation.implementation.StationImplTest testBuyGas
SEVERE: Not enough gas
</system-err>
  </testcase>
  <testcase time="5.826" classname="net.bigpoint.assessment.gasstation.implementation.StationImplTest" name="testBuyGas">
    <failure message="expected [true] but found [false]" type="java.lang.AssertionError">java.lang.AssertionError: expected [true] but found [false]
	at org.testng.Assert.fail(Assert.java:94)
	at org.testng.Assert.failNotEquals(Assert.java:494)
	at org.testng.Assert.assertTrue(Assert.java:42)
	at org.testng.Assert.assertTrue(Assert.java:52)
	at net.bigpoint.assessment.gasstation.implementation.StationImplTest.testBuyGas(StationImplTest.java:126)
</failure>
  </testcase>
  <testcase time="5.827" classname="net.bigpoint.assessment.gasstation.implementation.StationImplTest" name="testBuyGas">
    <failure message="expected [true] but found [false]" type="java.lang.AssertionError">java.lang.AssertionError: expected [true] but found [false]
	at org.testng.Assert.fail(Assert.java:94)
	at org.testng.Assert.failNotEquals(Assert.java:494)
	at org.testng.Assert.assertTrue(Assert.java:42)
	at org.testng.Assert.assertTrue(Assert.java:52)
	at net.bigpoint.assessment.gasstation.implementation.StationImplTest.testBuyGas(StationImplTest.java:126)
</failure>
    <system-err>Jul 06, 2014 12:56:51 PM net.bigpoint.assessment.gasstation.implementation.StationImplTest testBuyGas
SEVERE: Not enough gas
Jul 06, 2014 12:56:51 PM net.bigpoint.assessment.gasstation.implementation.StationImplTest testBuyGas
SEVERE: Not enough gas
</system-err>
  </testcase>
  <testcase time="5.828" classname="net.bigpoint.assessment.gasstation.implementation.StationImplTest" name="testBuyGas">
    <failure message="expected [true] but found [false]" type="java.lang.AssertionError">java.lang.AssertionError: expected [true] but found [false]
	at org.testng.Assert.fail(Assert.java:94)
	at org.testng.Assert.failNotEquals(Assert.java:494)
	at org.testng.Assert.assertTrue(Assert.java:42)
	at org.testng.Assert.assertTrue(Assert.java:52)
	at net.bigpoint.assessment.gasstation.implementation.StationImplTest.testBuyGas(StationImplTest.java:126)
</failure>
    <system-err>Jul 06, 2014 12:56:51 PM net.bigpoint.assessment.gasstation.implementation.StationImplTest testBuyGas
SEVERE: Not enough gas
</system-err>
  </testcase>
  <testcase time="5.828" classname="net.bigpoint.assessment.gasstation.implementation.StationImplTest" name="testBuyGas"/>
  <testcase time="5.828" classname="net.bigpoint.assessment.gasstation.implementation.StationImplTest" name="testBuyGas">
    <failure message="expected [true] but found [false]" type="java.lang.AssertionError">java.lang.AssertionError: expected [true] but found [false]
	at org.testng.Assert.fail(Assert.java:94)
	at org.testng.Assert.failNotEquals(Assert.java:494)
	at org.testng.Assert.assertTrue(Assert.java:42)
	at org.testng.Assert.assertTrue(Assert.java:52)
	at net.bigpoint.assessment.gasstation.implementation.StationImplTest.testBuyGas(StationImplTest.java:126)
</failure>
  </testcase>
  <testcase time="0" classname="net.bigpoint.assessment.gasstation.implementation.StationImplTest" name="testBuyGasDepleted"/>
  <testcase time="0.003" classname="net.bigpoint.assessment.gasstation.implementation.StationImplTest" name="testBuyGasDepleted"/>
  <testcase time="0.001" classname="net.bigpoint.assessment.gasstation.implementation.StationImplTest" name="testBuyGasDepleted"/>
  <testcase time="0.001" classname="net.bigpoint.assessment.gasstation.implementation.StationImplTest" name="testBuyGasDepleted"/>
  <testcase time="0" classname="net.bigpoint.assessment.gasstation.implementation.StationImplTest" name="testBuyGasDepleted"/>
  <testcase time="0" classname="net.bigpoint.assessment.gasstation.implementation.StationImplTest" name="testBuyGasDepleted"/>
  <testcase time="0.105" classname="net.bigpoint.assessment.gasstation.implementation.StationImplTest" name="testBuyGasDepleted"/>
  <testcase time="0.205" classname="net.bigpoint.assessment.gasstation.implementation.StationImplTest" name="testBuyGasDepleted"/>
  <testcase time="0.305" classname="net.bigpoint.assessment.gasstation.implementation.StationImplTest" name="testBuyGasDepleted"/>
  <testcase time="0.405" classname="net.bigpoint.assessment.gasstation.implementation.StationImplTest" name="testBuyGasDepleted"/>
  <testcase time="0.506" classname="net.bigpoint.assessment.gasstation.implementation.StationImplTest" name="testBuyGasDepleted"/>
  <testcase time="0.606" classname="net.bigpoint.assessment.gasstation.implementation.StationImplTest" name="testBuyGasDepleted"/>
  <testcase time="0.706" classname="net.bigpoint.assessment.gasstation.implementation.StationImplTest" name="testBuyGasDepleted"/>
  <testcase time="0.806" classname="net.bigpoint.assessment.gasstation.implementation.StationImplTest" name="testBuyGasDepleted"/>
  <testcase time="0.905" classname="net.bigpoint.assessment.gasstation.implementation.StationImplTest" name="testBuyGasDepleted"/>
  <testcase time="1.007" classname="net.bigpoint.assessment.gasstation.implementation.StationImplTest" name="testBuyGasDepleted"/>
  <testcase time="1.106" classname="net.bigpoint.assessment.gasstation.implementation.StationImplTest" name="testBuyGasDepleted"/>
  <testcase time="1.207" classname="net.bigpoint.assessment.gasstation.implementation.StationImplTest" name="testBuyGasDepleted"/>
  <testcase time="1.306" classname="net.bigpoint.assessment.gasstation.implementation.StationImplTest" name="testBuyGasDepleted"/>
  <testcase time="1.407" classname="net.bigpoint.assessment.gasstation.implementation.StationImplTest" name="testBuyGasDepleted"/>
  <testcase time="1.506" classname="net.bigpoint.assessment.gasstation.implementation.StationImplTest" name="testBuyGasDepleted"/>
  <testcase time="1.606" classname="net.bigpoint.assessment.gasstation.implementation.StationImplTest" name="testBuyGasDepleted"/>
  <testcase time="1.706" classname="net.bigpoint.assessment.gasstation.implementation.StationImplTest" name="testBuyGasDepleted"/>
  <testcase time="1.806" classname="net.bigpoint.assessment.gasstation.implementation.StationImplTest" name="testBuyGasDepleted"/>
  <testcase time="1.906" classname="net.bigpoint.assessment.gasstation.implementation.StationImplTest" name="testBuyGasDepleted"/>
  <testcase time="2.006" classname="net.bigpoint.assessment.gasstation.implementation.StationImplTest" name="testBuyGasDepleted"/>
  <testcase time="2.107" classname="net.bigpoint.assessment.gasstation.implementation.StationImplTest" name="testBuyGasDepleted"/>
  <testcase time="2.206" classname="net.bigpoint.assessment.gasstation.implementation.StationImplTest" name="testBuyGasDepleted"/>
  <testcase time="2.306" classname="net.bigpoint.assessment.gasstation.implementation.StationImplTest" name="testBuyGasDepleted"/>
  <testcase time="2.407" classname="net.bigpoint.assessment.gasstation.implementation.StationImplTest" name="testBuyGasDepleted"/>
  <testcase time="2.506" classname="net.bigpoint.assessment.gasstation.implementation.StationImplTest" name="testBuyGasDepleted"/>
  <testcase time="2.606" classname="net.bigpoint.assessment.gasstation.implementation.StationImplTest" name="testBuyGasDepleted"/>
  <testcase time="2.706" classname="net.bigpoint.assessment.gasstation.implementation.StationImplTest" name="testBuyGasDepleted"/>
  <testcase time="2.806" classname="net.bigpoint.assessment.gasstation.implementation.StationImplTest" name="testBuyGasDepleted"/>
  <testcase time="2.906" classname="net.bigpoint.assessment.gasstation.implementation.StationImplTest" name="testBuyGasDepleted"/>
  <testcase time="3.007" classname="net.bigpoint.assessment.gasstation.implementation.StationImplTest" name="testBuyGasDepleted"/>
  <testcase time="3.106" classname="net.bigpoint.assessment.gasstation.implementation.StationImplTest" name="testBuyGasDepleted"/>
  <testcase time="3.206" classname="net.bigpoint.assessment.gasstation.implementation.StationImplTest" name="testBuyGasDepleted"/>
  <testcase time="3.306" classname="net.bigpoint.assessment.gasstation.implementation.StationImplTest" name="testBuyGasDepleted"/>
  <testcase time="3.406" classname="net.bigpoint.assessment.gasstation.implementation.StationImplTest" name="testBuyGasDepleted"/>
  <testcase time="3.506" classname="net.bigpoint.assessment.gasstation.implementation.StationImplTest" name="testBuyGasDepleted"/>
  <testcase time="3.607" classname="net.bigpoint.assessment.gasstation.implementation.StationImplTest" name="testBuyGasDepleted"/>
  <testcase time="3.706" classname="net.bigpoint.assessment.gasstation.implementation.StationImplTest" name="testBuyGasDepleted"/>
  <testcase time="3.807" classname="net.bigpoint.assessment.gasstation.implementation.StationImplTest" name="testBuyGasDepleted"/>
  <testcase time="3.906" classname="net.bigpoint.assessment.gasstation.implementation.StationImplTest" name="testBuyGasDepleted"/>
  <testcase time="4.006" classname="net.bigpoint.assessment.gasstation.implementation.StationImplTest" name="testBuyGasDepleted"/>
  <testcase time="4.106" classname="net.bigpoint.assessment.gasstation.implementation.StationImplTest" name="testBuyGasDepleted"/>
  <testcase time="4.207" classname="net.bigpoint.assessment.gasstation.implementation.StationImplTest" name="testBuyGasDepleted"/>
  <testcase time="4.307" classname="net.bigpoint.assessment.gasstation.implementation.StationImplTest" name="testBuyGasDepleted"/>
  <testcase time="4.407" classname="net.bigpoint.assessment.gasstation.implementation.StationImplTest" name="testBuyGasDepleted"/>
  <testcase time="4.506" classname="net.bigpoint.assessment.gasstation.implementation.StationImplTest" name="testBuyGasDepleted"/>
  <testcase time="4.606" classname="net.bigpoint.assessment.gasstation.implementation.StationImplTest" name="testBuyGasDepleted"/>
  <testcase time="4.706" classname="net.bigpoint.assessment.gasstation.implementation.StationImplTest" name="testBuyGasDepleted"/>
  <testcase time="4.807" classname="net.bigpoint.assessment.gasstation.implementation.StationImplTest" name="testBuyGasDepleted"/>
  <testcase time="4.906" classname="net.bigpoint.assessment.gasstation.implementation.StationImplTest" name="testBuyGasDepleted"/>
  <testcase time="5.007" classname="net.bigpoint.assessment.gasstation.implementation.StationImplTest" name="testBuyGasDepleted"/>
  <testcase time="5.106" classname="net.bigpoint.assessment.gasstation.implementation.StationImplTest" name="testBuyGasDepleted"/>
  <testcase time="5.206" classname="net.bigpoint.assessment.gasstation.implementation.StationImplTest" name="testBuyGasDepleted"/>
  <testcase time="5.306" classname="net.bigpoint.assessment.gasstation.implementation.StationImplTest" name="testBuyGasDepleted"/>
  <testcase time="5.407" classname="net.bigpoint.assessment.gasstation.implementation.StationImplTest" name="testBuyGasDepleted"/>
  <testcase time="5.41" classname="net.bigpoint.assessment.gasstation.implementation.StationImplTest" name="testBuyGasDepleted">
    <failure message="expected [true] but found [false]" type="java.lang.AssertionError">java.lang.AssertionError: expected [true] but found [false]
	at org.testng.Assert.fail(Assert.java:94)
	at org.testng.Assert.failNotEquals(Assert.java:494)
	at org.testng.Assert.assertTrue(Assert.java:42)
	at org.testng.Assert.assertTrue(Assert.java:52)
	at net.bigpoint.assessment.gasstation.implementation.StationImplTest.testBuyGasDepleted(StationImplTest.java:147)
</failure>
    <system-err>Jul 06, 2014 12:56:58 PM net.bigpoint.assessment.gasstation.implementation.StationImplTest testBuyGasDepleted
SEVERE: Not enough gas
Jul 06, 2014 12:56:58 PM net.bigpoint.assessment.gasstation.implementation.StationImplTest testBuyGasDepleted
SEVERE: Not enough gas
Jul 06, 2014 12:56:58 PM net.bigpoint.assessment.gasstation.implementation.StationImplTest testBuyGasDepleted
SEVERE: Not enough gas
Jul 06, 2014 12:56:58 PM net.bigpoint.assessment.gasstation.implementation.StationImplTest testBuyGasDepleted
SEVERE: Not enough gas
Jul 06, 2014 12:56:58 PM net.bigpoint.assessment.gasstation.implementation.StationImplTest testBuyGasDepleted
SEVERE: Not enough gas
Jul 06, 2014 12:56:58 PM net.bigpoint.assessment.gasstation.implementation.StationImplTest testBuyGasDepleted
SEVERE: Not enough gas
Jul 06, 2014 12:56:58 PM net.bigpoint.assessment.gasstation.implementation.StationImplTest testBuyGasDepleted
SEVERE: Not enough gas
Jul 06, 2014 12:56:58 PM net.bigpoint.assessment.gasstation.implementation.StationImplTest testBuyGasDepleted
SEVERE: Not enough gas
Jul 06, 2014 12:56:58 PM net.bigpoint.assessment.gasstation.implementation.StationImplTest testBuyGasDepleted
SEVERE: Not enough gas
Jul 06, 2014 12:56:58 PM net.bigpoint.assessment.gasstation.implementation.StationImplTest testBuyGasDepleted
SEVERE: Not enough gas
</system-err>
  </testcase>
  <testcase time="5.41" classname="net.bigpoint.assessment.gasstation.implementation.StationImplTest" name="testBuyGasDepleted">
    <failure message="expected [true] but found [false]" type="java.lang.AssertionError">java.lang.AssertionError: expected [true] but found [false]
	at org.testng.Assert.fail(Assert.java:94)
	at org.testng.Assert.failNotEquals(Assert.java:494)
	at org.testng.Assert.assertTrue(Assert.java:42)
	at org.testng.Assert.assertTrue(Assert.java:52)
	at net.bigpoint.assessment.gasstation.implementation.StationImplTest.testBuyGasDepleted(StationImplTest.java:147)
</failure>
  </testcase>
  <testcase time="5.41" classname="net.bigpoint.assessment.gasstation.implementation.StationImplTest" name="testBuyGasDepleted">
    <failure message="expected [true] but found [false]" type="java.lang.AssertionError">java.lang.AssertionError: expected [true] but found [false]
	at org.testng.Assert.fail(Assert.java:94)
	at org.testng.Assert.failNotEquals(Assert.java:494)
	at org.testng.Assert.assertTrue(Assert.java:42)
	at org.testng.Assert.assertTrue(Assert.java:52)
	at net.bigpoint.assessment.gasstation.implementation.StationImplTest.testBuyGasDepleted(StationImplTest.java:147)
</failure>
    <system-err>Jul 06, 2014 12:56:58 PM net.bigpoint.assessment.gasstation.implementation.StationImplTest testBuyGasDepleted
SEVERE: Not enough gas
</system-err>
  </testcase>
  <testcase time="5.412" classname="net.bigpoint.assessment.gasstation.implementation.StationImplTest" name="testBuyGasDepleted">
    <failure message="expected [true] but found [false]" type="java.lang.AssertionError">java.lang.AssertionError: expected [true] but found [false]
	at org.testng.Assert.fail(Assert.java:94)
	at org.testng.Assert.failNotEquals(Assert.java:494)
	at org.testng.Assert.assertTrue(Assert.java:42)
	at org.testng.Assert.assertTrue(Assert.java:52)
	at net.bigpoint.assessment.gasstation.implementation.StationImplTest.testBuyGasDepleted(StationImplTest.java:147)
</failure>
    <system-err>Jul 06, 2014 12:56:58 PM net.bigpoint.assessment.gasstation.implementation.StationImplTest testBuyGasDepleted
SEVERE: Not enough gas
</system-err>
  </testcase>
  <testcase time="5.412" classname="net.bigpoint.assessment.gasstation.implementation.StationImplTest" name="testBuyGasDepleted">
    <failure message="expected [true] but found [false]" type="java.lang.AssertionError">java.lang.AssertionError: expected [true] but found [false]
	at org.testng.Assert.fail(Assert.java:94)
	at org.testng.Assert.failNotEquals(Assert.java:494)
	at org.testng.Assert.assertTrue(Assert.java:42)
	at org.testng.Assert.assertTrue(Assert.java:52)
	at net.bigpoint.assessment.gasstation.implementation.StationImplTest.testBuyGasDepleted(StationImplTest.java:147)
</failure>
  </testcase>
  <testcase time="5.414" classname="net.bigpoint.assessment.gasstation.implementation.StationImplTest" name="testBuyGasDepleted">
    <failure message="expected [true] but found [false]" type="java.lang.AssertionError">java.lang.AssertionError: expected [true] but found [false]
	at org.testng.Assert.fail(Assert.java:94)
	at org.testng.Assert.failNotEquals(Assert.java:494)
	at org.testng.Assert.assertTrue(Assert.java:42)
	at org.testng.Assert.assertTrue(Assert.java:52)
	at net.bigpoint.assessment.gasstation.implementation.StationImplTest.testBuyGasDepleted(StationImplTest.java:147)
</failure>
    <system-err>Jul 06, 2014 12:56:58 PM net.bigpoint.assessment.gasstation.implementation.StationImplTest testBuyGasDepleted
SEVERE: Not enough gas
Jul 06, 2014 12:56:58 PM net.bigpoint.assessment.gasstation.implementation.StationImplTest testBuyGasDepleted
SEVERE: Not enough gas
Jul 06, 2014 12:56:58 PM net.bigpoint.assessment.gasstation.implementation.StationImplTest testBuyGasDepleted
SEVERE: Not enough gas
Jul 06, 2014 12:56:58 PM net.bigpoint.assessment.gasstation.implementation.StationImplTest testBuyGasDepleted
SEVERE: Not enough gas
Jul 06, 2014 12:56:58 PM net.bigpoint.assessment.gasstation.implementation.StationImplTest testBuyGasDepleted
SEVERE: Not enough gas
</system-err>
  </testcase>
  <testcase time="5.414" classname="net.bigpoint.assessment.gasstation.implementation.StationImplTest" name="testBuyGasDepleted">
    <failure message="expected [true] but found [false]" type="java.lang.AssertionError">java.lang.AssertionError: expected [true] but found [false]
	at org.testng.Assert.fail(Assert.java:94)
	at org.testng.Assert.failNotEquals(Assert.java:494)
	at org.testng.Assert.assertTrue(Assert.java:42)
	at org.testng.Assert.assertTrue(Assert.java:52)
	at net.bigpoint.assessment.gasstation.implementation.StationImplTest.testBuyGasDepleted(StationImplTest.java:147)
</failure>
    <system-err>Jul 06, 2014 12:56:58 PM net.bigpoint.assessment.gasstation.implementation.StationImplTest testBuyGasDepleted
SEVERE: Not enough gas
</system-err>
  </testcase>
  <testcase time="5.414" classname="net.bigpoint.assessment.gasstation.implementation.StationImplTest" name="testBuyGasDepleted">
    <failure message="expected [true] but found [false]" type="java.lang.AssertionError">java.lang.AssertionError: expected [true] but found [false]
	at org.testng.Assert.fail(Assert.java:94)
	at org.testng.Assert.failNotEquals(Assert.java:494)
	at org.testng.Assert.assertTrue(Assert.java:42)
	at org.testng.Assert.assertTrue(Assert.java:52)
	at net.bigpoint.assessment.gasstation.implementation.StationImplTest.testBuyGasDepleted(StationImplTest.java:147)
</failure>
  </testcase>
  <testcase time="5.415" classname="net.bigpoint.assessment.gasstation.implementation.StationImplTest" name="testBuyGasDepleted">
    <failure message="expected [true] but found [false]" type="java.lang.AssertionError">java.lang.AssertionError: expected [true] but found [false]
	at org.testng.Assert.fail(Assert.java:94)
	at org.testng.Assert.failNotEquals(Assert.java:494)
	at org.testng.Assert.assertTrue(Assert.java:42)
	at org.testng.Assert.assertTrue(Assert.java:52)
	at net.bigpoint.assessment.gasstation.implementation.StationImplTest.testBuyGasDepleted(StationImplTest.java:147)
</failure>
    <system-err>Jul 06, 2014 12:56:58 PM net.bigpoint.assessment.gasstation.implementation.StationImplTest testBuyGasDepleted
SEVERE: Not enough gas
</system-err>
  </testcase>
  <testcase time="5.415" classname="net.bigpoint.assessment.gasstation.implementation.StationImplTest" name="testBuyGasDepleted">
    <failure message="expected [true] but found [false]" type="java.lang.AssertionError">java.lang.AssertionError: expected [true] but found [false]
	at org.testng.Assert.fail(Assert.java:94)
	at org.testng.Assert.failNotEquals(Assert.java:494)
	at org.testng.Assert.assertTrue(Assert.java:42)
	at org.testng.Assert.assertTrue(Assert.java:52)
	at net.bigpoint.assessment.gasstation.implementation.StationImplTest.testBuyGasDepleted(StationImplTest.java:147)
</failure>
  </testcase>
  <testcase time="5.422" classname="net.bigpoint.assessment.gasstation.implementation.StationImplTest" name="testBuyGasDepleted">
    <failure message="expected [true] but found [false]" type="java.lang.AssertionError">java.lang.AssertionError: expected [true] but found [false]
	at org.testng.Assert.fail(Assert.java:94)
	at org.testng.Assert.failNotEquals(Assert.java:494)
	at org.testng.Assert.assertTrue(Assert.java:42)
	at org.testng.Assert.assertTrue(Assert.java:52)
	at net.bigpoint.assessment.gasstation.implementation.StationImplTest.testBuyGasDepleted(StationImplTest.java:147)
</failure>
    <system-err>Jul 06, 2014 12:56:58 PM net.bigpoint.assessment.gasstation.implementation.StationImplTest testBuyGasDepleted
SEVERE: Not enough gas
Jul 06, 2014 12:56:58 PM net.bigpoint.assessment.gasstation.implementation.StationImplTest testBuyGasDepleted
SEVERE: Not enough gas
Jul 06, 2014 12:56:58 PM net.bigpoint.assessment.gasstation.implementation.StationImplTest testBuyGasDepleted
SEVERE: Not enough gas
Jul 06, 2014 12:56:58 PM net.bigpoint.assessment.gasstation.implementation.StationImplTest testBuyGasDepleted
SEVERE: Not enough gas
Jul 06, 2014 12:56:58 PM net.bigpoint.assessment.gasstation.implementation.StationImplTest testBuyGasDepleted
SEVERE: Not enough gas
Jul 06, 2014 12:56:58 PM net.bigpoint.assessment.gasstation.implementation.StationImplTest testBuyGasDepleted
SEVERE: Not enough gas
Jul 06, 2014 12:56:58 PM net.bigpoint.assessment.gasstation.implementation.StationImplTest testBuyGasDepleted
SEVERE: Not enough gas
Jul 06, 2014 12:56:58 PM net.bigpoint.assessment.gasstation.implementation.StationImplTest testBuyGasDepleted
SEVERE: Not enough gas
Jul 06, 2014 12:56:58 PM net.bigpoint.assessment.gasstation.implementation.StationImplTest testBuyGasDepleted
SEVERE: Not enough gas
Jul 06, 2014 12:56:58 PM net.bigpoint.assessment.gasstation.implementation.StationImplTest testBuyGasDepleted
SEVERE: Not enough gas
Jul 06, 2014 12:56:58 PM net.bigpoint.assessment.gasstation.implementation.StationImplTest testBuyGasDepleted
SEVERE: Not enough gas
Jul 06, 2014 12:56:58 PM net.bigpoint.assessment.gasstation.implementation.StationImplTest testBuyGasDepleted
SEVERE: Not enough gas
Jul 06, 2014 12:56:58 PM net.bigpoint.assessment.gasstation.implementation.StationImplTest testBuyGasDepleted
SEVERE: Not enough gas
Jul 06, 2014 12:56:58 PM net.bigpoint.assessment.gasstation.implementation.StationImplTest testBuyGasDepleted
SEVERE: Not enough gas
Jul 06, 2014 12:56:58 PM net.bigpoint.assessment.gasstation.implementation.StationImplTest testBuyGasDepleted
SEVERE: Not enough gas
Jul 06, 2014 12:56:58 PM net.bigpoint.assessment.gasstation.implementation.StationImplTest testBuyGasDepleted
SEVERE: Not enough gas
Jul 06, 2014 12:56:58 PM net.bigpoint.assessment.gasstation.implementation.StationImplTest testBuyGasDepleted
SEVERE: Not enough gas
Jul 06, 2014 12:56:58 PM net.bigpoint.assessment.gasstation.implementation.StationImplTest testBuyGasDepleted
SEVERE: Not enough gas
Jul 06, 2014 12:56:58 PM net.bigpoint.assessment.gasstation.implementation.StationImplTest testBuyGasDepleted
SEVERE: Not enough gas
Jul 06, 2014 12:56:58 PM net.bigpoint.assessment.gasstation.implementation.StationImplTest testBuyGasDepleted
SEVERE: Not enough gas
Jul 06, 2014 12:56:58 PM net.bigpoint.assessment.gasstation.implementation.StationImplTest testBuyGasDepleted
SEVERE: Not enough gas
Jul 06, 2014 12:56:58 PM net.bigpoint.assessment.gasstation.implementation.StationImplTest testBuyGasDepleted
SEVERE: Not enough gas
Jul 06, 2014 12:56:58 PM net.bigpoint.assessment.gasstation.implementation.StationImplTest testBuyGasDepleted
SEVERE: Not enough gas
Jul 06, 2014 12:56:58 PM net.bigpoint.assessment.gasstation.implementation.StationImplTest testBuyGasDepleted
SEVERE: Not enough gas
Jul 06, 2014 12:56:58 PM net.bigpoint.assessment.gasstation.implementation.StationImplTest testBuyGasDepleted
SEVERE: Not enough gas
Jul 06, 2014 12:56:58 PM net.bigpoint.assessment.gasstation.implementation.StationImplTest testBuyGasDepleted
SEVERE: Not enough gas
Jul 06, 2014 12:56:58 PM net.bigpoint.assessment.gasstation.implementation.StationImplTest testBuyGasDepleted
SEVERE: Not enough gas
Jul 06, 2014 12:56:58 PM net.bigpoint.assessment.gasstation.implementation.StationImplTest testBuyGasDepleted
SEVERE: Not enough gas
Jul 06, 2014 12:56:58 PM net.bigpoint.assessment.gasstation.implementation.StationImplTest testBuyGasDepleted
SEVERE: Not enough gas
Jul 06, 2014 12:56:58 PM net.bigpoint.assessment.gasstation.implementation.StationImplTest testBuyGasDepleted
SEVERE: Not enough gas
</system-err>
  </testcase>
  <testcase time="5.423" classname="net.bigpoint.assessment.gasstation.implementation.StationImplTest" name="testBuyGasDepleted">
    <failure message="expected [true] but found [false]" type="java.lang.AssertionError">java.lang.AssertionError: expected [true] but found [false]
	at org.testng.Assert.fail(Assert.java:94)
	at org.testng.Assert.failNotEquals(Assert.java:494)
	at org.testng.Assert.assertTrue(Assert.java:42)
	at org.testng.Assert.assertTrue(Assert.java:52)
	at net.bigpoint.assessment.gasstation.implementation.StationImplTest.testBuyGasDepleted(StationImplTest.java:147)
</failure>
    <system-err>Jul 06, 2014 12:56:58 PM net.bigpoint.assessment.gasstation.implementation.StationImplTest testBuyGasDepleted
SEVERE: Not enough gas
Jul 06, 2014 12:56:58 PM net.bigpoint.assessment.gasstation.implementation.StationImplTest testBuyGasDepleted
SEVERE: Not enough gas
Jul 06, 2014 12:56:58 PM net.bigpoint.assessment.gasstation.implementation.StationImplTest testBuyGasDepleted
SEVERE: Not enough gas
Jul 06, 2014 12:56:58 PM net.bigpoint.assessment.gasstation.implementation.StationImplTest testBuyGasDepleted
SEVERE: Not enough gas
</system-err>
  </testcase>
  <testcase time="5.425" classname="net.bigpoint.assessment.gasstation.implementation.StationImplTest" name="testBuyGasDepleted">
    <failure message="expected [true] but found [false]" type="java.lang.AssertionError">java.lang.AssertionError: expected [true] but found [false]
	at org.testng.Assert.fail(Assert.java:94)
	at org.testng.Assert.failNotEquals(Assert.java:494)
	at org.testng.Assert.assertTrue(Assert.java:42)
	at org.testng.Assert.assertTrue(Assert.java:52)
	at net.bigpoint.assessment.gasstation.implementation.StationImplTest.testBuyGasDepleted(StationImplTest.java:147)
</failure>
    <system-err>Jul 06, 2014 12:56:58 PM net.bigpoint.assessment.gasstation.implementation.StationImplTest testBuyGasDepleted
SEVERE: Not enough gas
</system-err>
  </testcase>
  <testcase time="5.426" classname="net.bigpoint.assessment.gasstation.implementation.StationImplTest" name="testBuyGasDepleted">
    <failure message="expected [true] but found [false]" type="java.lang.AssertionError">java.lang.AssertionError: expected [true] but found [false]
	at org.testng.Assert.fail(Assert.java:94)
	at org.testng.Assert.failNotEquals(Assert.java:494)
	at org.testng.Assert.assertTrue(Assert.java:42)
	at org.testng.Assert.assertTrue(Assert.java:52)
	at net.bigpoint.assessment.gasstation.implementation.StationImplTest.testBuyGasDepleted(StationImplTest.java:147)
</failure>
    <system-err>Jul 06, 2014 12:56:58 PM net.bigpoint.assessment.gasstation.implementation.StationImplTest testBuyGasDepleted
SEVERE: Not enough gas
</system-err>
  </testcase>
  <testcase time="5.426" classname="net.bigpoint.assessment.gasstation.implementation.StationImplTest" name="testBuyGasDepleted">
    <failure message="expected [true] but found [false]" type="java.lang.AssertionError">java.lang.AssertionError: expected [true] but found [false]
	at org.testng.Assert.fail(Assert.java:94)
	at org.testng.Assert.failNotEquals(Assert.java:494)
	at org.testng.Assert.assertTrue(Assert.java:42)
	at org.testng.Assert.assertTrue(Assert.java:52)
	at net.bigpoint.assessment.gasstation.implementation.StationImplTest.testBuyGasDepleted(StationImplTest.java:147)
</failure>
    <system-err>Jul 06, 2014 12:56:58 PM net.bigpoint.assessment.gasstation.implementation.StationImplTest testBuyGasDepleted
SEVERE: Not enough gas
</system-err>
  </testcase>
  <testcase time="5.426" classname="net.bigpoint.assessment.gasstation.implementation.StationImplTest" name="testBuyGasDepleted">
    <failure message="expected [true] but found [false]" type="java.lang.AssertionError">java.lang.AssertionError: expected [true] but found [false]
	at org.testng.Assert.fail(Assert.java:94)
	at org.testng.Assert.failNotEquals(Assert.java:494)
	at org.testng.Assert.assertTrue(Assert.java:42)
	at org.testng.Assert.assertTrue(Assert.java:52)
	at net.bigpoint.assessment.gasstation.implementation.StationImplTest.testBuyGasDepleted(StationImplTest.java:147)
</failure>
  </testcase>
  <testcase time="5.427" classname="net.bigpoint.assessment.gasstation.implementation.StationImplTest" name="testBuyGasDepleted">
    <failure message="expected [true] but found [false]" type="java.lang.AssertionError">java.lang.AssertionError: expected [true] but found [false]
	at org.testng.Assert.fail(Assert.java:94)
	at org.testng.Assert.failNotEquals(Assert.java:494)
	at org.testng.Assert.assertTrue(Assert.java:42)
	at org.testng.Assert.assertTrue(Assert.java:52)
	at net.bigpoint.assessment.gasstation.implementation.StationImplTest.testBuyGasDepleted(StationImplTest.java:147)
</failure>
    <system-err>Jul 06, 2014 12:56:58 PM net.bigpoint.assessment.gasstation.implementation.StationImplTest testBuyGasDepleted
SEVERE: Not enough gas
</system-err>
  </testcase>
  <testcase time="5.427" classname="net.bigpoint.assessment.gasstation.implementation.StationImplTest" name="testBuyGasDepleted">
    <failure message="expected [true] but found [false]" type="java.lang.AssertionError">java.lang.AssertionError: expected [true] but found [false]
	at org.testng.Assert.fail(Assert.java:94)
	at org.testng.Assert.failNotEquals(Assert.java:494)
	at org.testng.Assert.assertTrue(Assert.java:42)
	at org.testng.Assert.assertTrue(Assert.java:52)
	at net.bigpoint.assessment.gasstation.implementation.StationImplTest.testBuyGasDepleted(StationImplTest.java:147)
</failure>
  </testcase>
  <testcase time="5.428" classname="net.bigpoint.assessment.gasstation.implementation.StationImplTest" name="testBuyGasDepleted">
    <failure message="expected [true] but found [false]" type="java.lang.AssertionError">java.lang.AssertionError: expected [true] but found [false]
	at org.testng.Assert.fail(Assert.java:94)
	at org.testng.Assert.failNotEquals(Assert.java:494)
	at org.testng.Assert.assertTrue(Assert.java:42)
	at org.testng.Assert.assertTrue(Assert.java:52)
	at net.bigpoint.assessment.gasstation.implementation.StationImplTest.testBuyGasDepleted(StationImplTest.java:147)
</failure>
    <system-err>Jul 06, 2014 12:56:58 PM net.bigpoint.assessment.gasstation.implementation.StationImplTest testBuyGasDepleted
SEVERE: Not enough gas
Jul 06, 2014 12:56:58 PM net.bigpoint.assessment.gasstation.implementation.StationImplTest testBuyGasDepleted
SEVERE: Not enough gas
</system-err>
  </testcase>
  <testcase time="5.428" classname="net.bigpoint.assessment.gasstation.implementation.StationImplTest" name="testBuyGasDepleted">
    <failure message="expected [true] but found [false]" type="java.lang.AssertionError">java.lang.AssertionError: expected [true] but found [false]
	at org.testng.Assert.fail(Assert.java:94)
	at org.testng.Assert.failNotEquals(Assert.java:494)
	at org.testng.Assert.assertTrue(Assert.java:42)
	at org.testng.Assert.assertTrue(Assert.java:52)
	at net.bigpoint.assessment.gasstation.implementation.StationImplTest.testBuyGasDepleted(StationImplTest.java:147)
</failure>
  </testcase>
  <testcase time="5.43" classname="net.bigpoint.assessment.gasstation.implementation.StationImplTest" name="testBuyGasDepleted">
    <failure message="expected [true] but found [false]" type="java.lang.AssertionError">java.lang.AssertionError: expected [true] but found [false]
	at org.testng.Assert.fail(Assert.java:94)
	at org.testng.Assert.failNotEquals(Assert.java:494)
	at org.testng.Assert.assertTrue(Assert.java:42)
	at org.testng.Assert.assertTrue(Assert.java:52)
	at net.bigpoint.assessment.gasstation.implementation.StationImplTest.testBuyGasDepleted(StationImplTest.java:147)
</failure>
    <system-err>Jul 06, 2014 12:56:58 PM net.bigpoint.assessment.gasstation.implementation.StationImplTest testBuyGasDepleted
SEVERE: Not enough gas
Jul 06, 2014 12:56:58 PM net.bigpoint.assessment.gasstation.implementation.StationImplTest testBuyGasDepleted
SEVERE: Not enough gas
Jul 06, 2014 12:56:58 PM net.bigpoint.assessment.gasstation.implementation.StationImplTest testBuyGasDepleted
SEVERE: Not enough gas
Jul 06, 2014 12:56:58 PM net.bigpoint.assessment.gasstation.implementation.StationImplTest testBuyGasDepleted
SEVERE: Not enough gas
Jul 06, 2014 12:56:58 PM net.bigpoint.assessment.gasstation.implementation.StationImplTest testBuyGasDepleted
SEVERE: Not enough gas
Jul 06, 2014 12:56:58 PM net.bigpoint.assessment.gasstation.implementation.StationImplTest testBuyGasDepleted
SEVERE: Not enough gas
</system-err>
  </testcase>
  <testcase time="5.43" classname="net.bigpoint.assessment.gasstation.implementation.StationImplTest" name="testBuyGasDepleted">
    <failure message="expected [true] but found [false]" type="java.lang.AssertionError">java.lang.AssertionError: expected [true] but found [false]
	at org.testng.Assert.fail(Assert.java:94)
	at org.testng.Assert.failNotEquals(Assert.java:494)
	at org.testng.Assert.assertTrue(Assert.java:42)
	at org.testng.Assert.assertTrue(Assert.java:52)
	at net.bigpoint.assessment.gasstation.implementation.StationImplTest.testBuyGasDepleted(StationImplTest.java:147)
</failure>
  </testcase>
  <testcase time="5.43" classname="net.bigpoint.assessment.gasstation.implementation.StationImplTest" name="testBuyGasDepleted">
    <failure message="expected [true] but found [false]" type="java.lang.AssertionError">java.lang.AssertionError: expected [true] but found [false]
	at org.testng.Assert.fail(Assert.java:94)
	at org.testng.Assert.failNotEquals(Assert.java:494)
	at org.testng.Assert.assertTrue(Assert.java:42)
	at org.testng.Assert.assertTrue(Assert.java:52)
	at net.bigpoint.assessment.gasstation.implementation.StationImplTest.testBuyGasDepleted(StationImplTest.java:147)
</failure>
  </testcase>
  <testcase time="5.431" classname="net.bigpoint.assessment.gasstation.implementation.StationImplTest" name="testBuyGasDepleted">
    <failure message="expected [true] but found [false]" type="java.lang.AssertionError">java.lang.AssertionError: expected [true] but found [false]
	at org.testng.Assert.fail(Assert.java:94)
	at org.testng.Assert.failNotEquals(Assert.java:494)
	at org.testng.Assert.assertTrue(Assert.java:42)
	at org.testng.Assert.assertTrue(Assert.java:52)
	at net.bigpoint.assessment.gasstation.implementation.StationImplTest.testBuyGasDepleted(StationImplTest.java:147)
</failure>
  </testcase>
  <testcase time="5.431" classname="net.bigpoint.assessment.gasstation.implementation.StationImplTest" name="testBuyGasDepleted">
    <failure message="expected [true] but found [false]" type="java.lang.AssertionError">java.lang.AssertionError: expected [true] but found [false]
	at org.testng.Assert.fail(Assert.java:94)
	at org.testng.Assert.failNotEquals(Assert.java:494)
	at org.testng.Assert.assertTrue(Assert.java:42)
	at org.testng.Assert.assertTrue(Assert.java:52)
	at net.bigpoint.assessment.gasstation.implementation.StationImplTest.testBuyGasDepleted(StationImplTest.java:147)
</failure>
    <system-err>Jul 06, 2014 12:56:58 PM net.bigpoint.assessment.gasstation.implementation.StationImplTest testBuyGasDepleted
SEVERE: Not enough gas
</system-err>
  </testcase>
  <testcase time="5.432" classname="net.bigpoint.assessment.gasstation.implementation.StationImplTest" name="testBuyGasDepleted">
    <failure message="expected [true] but found [false]" type="java.lang.AssertionError">java.lang.AssertionError: expected [true] but found [false]
	at org.testng.Assert.fail(Assert.java:94)
	at org.testng.Assert.failNotEquals(Assert.java:494)
	at org.testng.Assert.assertTrue(Assert.java:42)
	at org.testng.Assert.assertTrue(Assert.java:52)
	at net.bigpoint.assessment.gasstation.implementation.StationImplTest.testBuyGasDepleted(StationImplTest.java:147)
</failure>
    <system-err>Jul 06, 2014 12:56:58 PM net.bigpoint.assessment.gasstation.implementation.StationImplTest testBuyGasDepleted
SEVERE: Not enough gas
Jul 06, 2014 12:56:58 PM net.bigpoint.assessment.gasstation.implementation.StationImplTest testBuyGasDepleted
SEVERE: Not enough gas
</system-err>
  </testcase>
  <testcase time="5.432" classname="net.bigpoint.assessment.gasstation.implementation.StationImplTest" name="testBuyGasDepleted">
    <failure message="expected [true] but found [false]" type="java.lang.AssertionError">java.lang.AssertionError: expected [true] but found [false]
	at org.testng.Assert.fail(Assert.java:94)
	at org.testng.Assert.failNotEquals(Assert.java:494)
	at org.testng.Assert.assertTrue(Assert.java:42)
	at org.testng.Assert.assertTrue(Assert.java:52)
	at net.bigpoint.assessment.gasstation.implementation.StationImplTest.testBuyGasDepleted(StationImplTest.java:147)
</failure>
    <system-err>Jul 06, 2014 12:56:58 PM net.bigpoint.assessment.gasstation.implementation.StationImplTest testBuyGasDepleted
SEVERE: Not enough gas
Jul 06, 2014 12:56:58 PM net.bigpoint.assessment.gasstation.implementation.StationImplTest testBuyGasDepleted
SEVERE: Not enough gas
Jul 06, 2014 12:56:58 PM net.bigpoint.assessment.gasstation.implementation.StationImplTest testBuyGasDepleted
SEVERE: Not enough gas
</system-err>
  </testcase>
  <testcase time="5.459" classname="net.bigpoint.assessment.gasstation.implementation.StationImplTest" name="testBuyGasDepleted">
    <failure message="expected [true] but found [false]" type="java.lang.AssertionError">java.lang.AssertionError: expected [true] but found [false]
	at org.testng.Assert.fail(Assert.java:94)
	at org.testng.Assert.failNotEquals(Assert.java:494)
	at org.testng.Assert.assertTrue(Assert.java:42)
	at org.testng.Assert.assertTrue(Assert.java:52)
	at net.bigpoint.assessment.gasstation.implementation.StationImplTest.testBuyGasDepleted(StationImplTest.java:147)
</failure>
    <system-err>Jul 06, 2014 12:56:58 PM net.bigpoint.assessment.gasstation.implementation.StationImplTest testBuyGasDepleted
SEVERE: Not enough gas
Jul 06, 2014 12:56:58 PM net.bigpoint.assessment.gasstation.implementation.StationImplTest testBuyGasDepleted
SEVERE: Not enough gas
Jul 06, 2014 12:56:58 PM net.bigpoint.assessment.gasstation.implementation.StationImplTest testBuyGasDepleted
SEVERE: Not enough gas
Jul 06, 2014 12:56:58 PM net.bigpoint.assessment.gasstation.implementation.StationImplTest testBuyGasDepleted
SEVERE: Not enough gas
Jul 06, 2014 12:56:58 PM net.bigpoint.assessment.gasstation.implementation.StationImplTest testBuyGasDepleted
SEVERE: Not enough gas
Jul 06, 2014 12:56:58 PM net.bigpoint.assessment.gasstation.implementation.StationImplTest testBuyGasDepleted
SEVERE: Not enough gas
Jul 06, 2014 12:56:58 PM net.bigpoint.assessment.gasstation.implementation.StationImplTest testBuyGasDepleted
SEVERE: Not enough gas
Jul 06, 2014 12:56:58 PM net.bigpoint.assessment.gasstation.implementation.StationImplTest testBuyGasDepleted
SEVERE: Not enough gas
Jul 06, 2014 12:56:58 PM net.bigpoint.assessment.gasstation.implementation.StationImplTest testBuyGasDepleted
SEVERE: Not enough gas
Jul 06, 2014 12:56:58 PM net.bigpoint.assessment.gasstation.implementation.StationImplTest testBuyGasDepleted
SEVERE: Not enough gas
Jul 06, 2014 12:56:58 PM net.bigpoint.assessment.gasstation.implementation.StationImplTest testBuyGasDepleted
SEVERE: Not enough gas
Jul 06, 2014 12:56:58 PM net.bigpoint.assessment.gasstation.implementation.StationImplTest testBuyGasDepleted
SEVERE: Not enough gas
Jul 06, 2014 12:56:58 PM net.bigpoint.assessment.gasstation.implementation.StationImplTest testBuyGasDepleted
SEVERE: Not enough gas
Jul 06, 2014 12:56:58 PM net.bigpoint.assessment.gasstation.implementation.StationImplTest testBuyGasDepleted
SEVERE: Not enough gas
Jul 06, 2014 12:56:58 PM net.bigpoint.assessment.gasstation.implementation.StationImplTest testBuyGasDepleted
SEVERE: Not enough gas
Jul 06, 2014 12:56:58 PM net.bigpoint.assessment.gasstation.implementation.StationImplTest testBuyGasDepleted
SEVERE: Not enough gas
Jul 06, 2014 12:56:58 PM net.bigpoint.assessment.gasstation.implementation.StationImplTest testBuyGasDepleted
SEVERE: Not enough gas
Jul 06, 2014 12:56:58 PM net.bigpoint.assessment.gasstation.implementation.StationImplTest testBuyGasDepleted
SEVERE: Not enough gas
Jul 06, 2014 12:56:58 PM net.bigpoint.assessment.gasstation.implementation.StationImplTest testBuyGasDepleted
SEVERE: Not enough gas
Jul 06, 2014 12:56:58 PM net.bigpoint.assessment.gasstation.implementation.StationImplTest testBuyGasDepleted
SEVERE: Not enough gas
Jul 06, 2014 12:56:58 PM net.bigpoint.assessment.gasstation.implementation.StationImplTest testBuyGasDepleted
SEVERE: Not enough gas
Jul 06, 2014 12:56:58 PM net.bigpoint.assessment.gasstation.implementation.StationImplTest testBuyGasDepleted
SEVERE: Not enough gas
Jul 06, 2014 12:56:58 PM net.bigpoint.assessment.gasstation.implementation.StationImplTest testBuyGasDepleted
SEVERE: Not enough gas
Jul 06, 2014 12:56:58 PM net.bigpoint.assessment.gasstation.implementation.StationImplTest testBuyGasDepleted
SEVERE: Not enough gas
Jul 06, 2014 12:56:58 PM net.bigpoint.assessment.gasstation.implementation.StationImplTest testBuyGasDepleted
SEVERE: Not enough gas
Jul 06, 2014 12:56:58 PM net.bigpoint.assessment.gasstation.implementation.StationImplTest testBuyGasDepleted
SEVERE: Not enough gas
Jul 06, 2014 12:56:58 PM net.bigpoint.assessment.gasstation.implementation.StationImplTest testBuyGasDepleted
SEVERE: Not enough gas
Jul 06, 2014 12:56:58 PM net.bigpoint.assessment.gasstation.implementation.StationImplTest testBuyGasDepleted
SEVERE: Not enough gas
Jul 06, 2014 12:56:58 PM net.bigpoint.assessment.gasstation.implementation.StationImplTest testBuyGasDepleted
SEVERE: Not enough gas
Jul 06, 2014 12:56:58 PM net.bigpoint.assessment.gasstation.implementation.StationImplTest testBuyGasDepleted
SEVERE: Not enough gas
Jul 06, 2014 12:56:58 PM net.bigpoint.assessment.gasstation.implementation.StationImplTest testBuyGasDepleted
SEVERE: Not enough gas
Jul 06, 2014 12:56:58 PM net.bigpoint.assessment.gasstation.implementation.StationImplTest testBuyGasDepleted
SEVERE: Not enough gas
Jul 06, 2014 12:56:58 PM net.bigpoint.assessment.gasstation.implementation.StationImplTest testBuyGasDepleted
SEVERE: Not enough gas
Jul 06, 2014 12:56:58 PM net.bigpoint.assessment.gasstation.implementation.StationImplTest testBuyGasDepleted
SEVERE: Not enough gas
Jul 06, 2014 12:56:58 PM net.bigpoint.assessment.gasstation.implementation.StationImplTest testBuyGasDepleted
SEVERE: Not enough gas
Jul 06, 2014 12:56:58 PM net.bigpoint.assessment.gasstation.implementation.StationImplTest testBuyGasDepleted
SEVERE: Not enough gas
Jul 06, 2014 12:56:58 PM net.bigpoint.assessment.gasstation.implementation.StationImplTest testBuyGasDepleted
SEVERE: Not enough gas
Jul 06, 2014 12:56:58 PM net.bigpoint.assessment.gasstation.implementation.StationImplTest testBuyGasDepleted
SEVERE: Not enough gas
Jul 06, 2014 12:56:58 PM net.bigpoint.assessment.gasstation.implementation.StationImplTest testBuyGasDepleted
SEVERE: Not enough gas
Jul 06, 2014 12:56:58 PM net.bigpoint.assessment.gasstation.implementation.StationImplTest testBuyGasDepleted
SEVERE: Not enough gas
Jul 06, 2014 12:56:58 PM net.bigpoint.assessment.gasstation.implementation.StationImplTest testBuyGasDepleted
SEVERE: Not enough gas
Jul 06, 2014 12:56:58 PM net.bigpoint.assessment.gasstation.implementation.StationImplTest testBuyGasDepleted
SEVERE: Not enough gas
Jul 06, 2014 12:56:58 PM net.bigpoint.assessment.gasstation.implementation.StationImplTest testBuyGasDepleted
SEVERE: Not enough gas
Jul 06, 2014 12:56:58 PM net.bigpoint.assessment.gasstation.implementation.StationImplTest testBuyGasDepleted
SEVERE: Not enough gas
Jul 06, 2014 12:56:58 PM net.bigpoint.assessment.gasstation.implementation.StationImplTest testBuyGasDepleted
SEVERE: Not enough gas
Jul 06, 2014 12:56:58 PM net.bigpoint.assessment.gasstation.implementation.StationImplTest testBuyGasDepleted
SEVERE: Not enough gas
Jul 06, 2014 12:56:58 PM net.bigpoint.assessment.gasstation.implementation.StationImplTest testBuyGasDepleted
SEVERE: Not enough gas
Jul 06, 2014 12:56:58 PM net.bigpoint.assessment.gasstation.implementation.StationImplTest testBuyGasDepleted
SEVERE: Not enough gas
Jul 06, 2014 12:56:58 PM net.bigpoint.assessment.gasstation.implementation.StationImplTest testBuyGasDepleted
SEVERE: Not enough gas
Jul 06, 2014 12:56:58 PM net.bigpoint.assessment.gasstation.implementation.StationImplTest testBuyGasDepleted
SEVERE: Not enough gas
Jul 06, 2014 12:56:58 PM net.bigpoint.assessment.gasstation.implementation.StationImplTest testBuyGasDepleted
SEVERE: Not enough gas
Jul 06, 2014 12:56:58 PM net.bigpoint.assessment.gasstation.implementation.StationImplTest testBuyGasDepleted
SEVERE: Not enough gas
Jul 06, 2014 12:56:58 PM net.bigpoint.assessment.gasstation.implementation.StationImplTest testBuyGasDepleted
SEVERE: Not enough gas
Jul 06, 2014 12:56:58 PM net.bigpoint.assessment.gasstation.implementation.StationImplTest testBuyGasDepleted
SEVERE: Not enough gas
Jul 06, 2014 12:56:58 PM net.bigpoint.assessment.gasstation.implementation.StationImplTest testBuyGasDepleted
SEVERE: Not enough gas
Jul 06, 2014 12:56:58 PM net.bigpoint.assessment.gasstation.implementation.StationImplTest testBuyGasDepleted
SEVERE: Not enough gas
Jul 06, 2014 12:56:58 PM net.bigpoint.assessment.gasstation.implementation.StationImplTest testBuyGasDepleted
SEVERE: Not enough gas
Jul 06, 2014 12:56:58 PM net.bigpoint.assessment.gasstation.implementation.StationImplTest testBuyGasDepleted
SEVERE: Not enough gas
Jul 06, 2014 12:56:58 PM net.bigpoint.assessment.gasstation.implementation.StationImplTest testBuyGasDepleted
SEVERE: Not enough gas
Jul 06, 2014 12:56:58 PM net.bigpoint.assessment.gasstation.implementation.StationImplTest testBuyGasDepleted
SEVERE: Not enough gas
Jul 06, 2014 12:56:58 PM net.bigpoint.assessment.gasstation.implementation.StationImplTest testBuyGasDepleted
SEVERE: Not enough gas
Jul 06, 2014 12:56:58 PM net.bigpoint.assessment.gasstation.implementation.StationImplTest testBuyGasDepleted
SEVERE: Not enough gas
Jul 06, 2014 12:56:58 PM net.bigpoint.assessment.gasstation.implementation.StationImplTest testBuyGasDepleted
SEVERE: Not enough gas
Jul 06, 2014 12:56:58 PM net.bigpoint.assessment.gasstation.implementation.StationImplTest testBuyGasDepleted
SEVERE: Not enough gas
Jul 06, 2014 12:56:58 PM net.bigpoint.assessment.gasstation.implementation.StationImplTest testBuyGasDepleted
SEVERE: Not enough gas
Jul 06, 2014 12:56:58 PM net.bigpoint.assessment.gasstation.implementation.StationImplTest testBuyGasDepleted
SEVERE: Not enough gas
Jul 06, 2014 12:56:58 PM net.bigpoint.assessment.gasstation.implementation.StationImplTest testBuyGasDepleted
SEVERE: Not enough gas
Jul 06, 2014 12:56:58 PM net.bigpoint.assessment.gasstation.implementation.StationImplTest testBuyGasDepleted
SEVERE: Not enough gas
Jul 06, 2014 12:56:58 PM net.bigpoint.assessment.gasstation.implementation.StationImplTest testBuyGasDepleted
SEVERE: Not enough gas
Jul 06, 2014 12:56:58 PM net.bigpoint.assessment.gasstation.implementation.StationImplTest testBuyGasDepleted
SEVERE: Not enough gas
Jul 06, 2014 12:56:58 PM net.bigpoint.assessment.gasstation.implementation.StationImplTest testBuyGasDepleted
SEVERE: Not enough gas
Jul 06, 2014 12:56:58 PM net.bigpoint.assessment.gasstation.implementation.StationImplTest testBuyGasDepleted
SEVERE: Not enough gas
Jul 06, 2014 12:56:58 PM net.bigpoint.assessment.gasstation.implementation.StationImplTest testBuyGasDepleted
SEVERE: Not enough gas
Jul 06, 2014 12:56:58 PM net.bigpoint.assessment.gasstation.implementation.StationImplTest testBuyGasDepleted
SEVERE: Not enough gas
Jul 06, 2014 12:56:58 PM net.bigpoint.assessment.gasstation.implementation.StationImplTest testBuyGasDepleted
SEVERE: Not enough gas
Jul 06, 2014 12:56:58 PM net.bigpoint.assessment.gasstation.implementation.StationImplTest testBuyGasDepleted
SEVERE: Not enough gas
Jul 06, 2014 12:56:58 PM net.bigpoint.assessment.gasstation.implementation.StationImplTest testBuyGasDepleted
SEVERE: Not enough gas
Jul 06, 2014 12:56:58 PM net.bigpoint.assessment.gasstation.implementation.StationImplTest testBuyGasDepleted
SEVERE: Not enough gas
Jul 06, 2014 12:56:58 PM net.bigpoint.assessment.gasstation.implementation.StationImplTest testBuyGasDepleted
SEVERE: Not enough gas
Jul 06, 2014 12:56:58 PM net.bigpoint.assessment.gasstation.implementation.StationImplTest testBuyGasDepleted
SEVERE: Not enough gas
Jul 06, 2014 12:56:58 PM net.bigpoint.assessment.gasstation.implementation.StationImplTest testBuyGasDepleted
SEVERE: Not enough gas
Jul 06, 2014 12:56:58 PM net.bigpoint.assessment.gasstation.implementation.StationImplTest testBuyGasDepleted
SEVERE: Not enough gas
Jul 06, 2014 12:56:58 PM net.bigpoint.assessment.gasstation.implementation.StationImplTest testBuyGasDepleted
SEVERE: Not enough gas
Jul 06, 2014 12:56:58 PM net.bigpoint.assessment.gasstation.implementation.StationImplTest testBuyGasDepleted
SEVERE: Not enough gas
Jul 06, 2014 12:56:58 PM net.bigpoint.assessment.gasstation.implementation.StationImplTest testBuyGasDepleted
SEVERE: Not enough gas
Jul 06, 2014 12:56:58 PM net.bigpoint.assessment.gasstation.implementation.StationImplTest testBuyGasDepleted
SEVERE: Not enough gas
Jul 06, 2014 12:56:58 PM net.bigpoint.assessment.gasstation.implementation.StationImplTest testBuyGasDepleted
SEVERE: Not enough gas
Jul 06, 2014 12:56:58 PM net.bigpoint.assessment.gasstation.implementation.StationImplTest testBuyGasDepleted
SEVERE: Not enough gas
Jul 06, 2014 12:56:58 PM net.bigpoint.assessment.gasstation.implementation.StationImplTest testBuyGasDepleted
SEVERE: Not enough gas
Jul 06, 2014 12:56:58 PM net.bigpoint.assessment.gasstation.implementation.StationImplTest testBuyGasDepleted
SEVERE: Not enough gas
Jul 06, 2014 12:56:58 PM net.bigpoint.assessment.gasstation.implementation.StationImplTest testBuyGasDepleted
SEVERE: Not enough gas
Jul 06, 2014 12:56:58 PM net.bigpoint.assessment.gasstation.implementation.StationImplTest testBuyGasDepleted
SEVERE: Not enough gas
Jul 06, 2014 12:56:58 PM net.bigpoint.assessment.gasstation.implementation.StationImplTest testBuyGasDepleted
SEVERE: Not enough gas
Jul 06, 2014 12:56:58 PM net.bigpoint.assessment.gasstation.implementation.StationImplTest testBuyGasDepleted
SEVERE: Not enough gas
Jul 06, 2014 12:56:58 PM net.bigpoint.assessment.gasstation.implementation.StationImplTest testBuyGasDepleted
SEVERE: Not enough gas
Jul 06, 2014 12:56:58 PM net.bigpoint.assessment.gasstation.implementation.StationImplTest testBuyGasDepleted
SEVERE: Not enough gas
Jul 06, 2014 12:56:58 PM net.bigpoint.assessment.gasstation.implementation.StationImplTest testBuyGasDepleted
SEVERE: Not enough gas
Jul 06, 2014 12:56:58 PM net.bigpoint.assessment.gasstation.implementation.StationImplTest testBuyGasDepleted
SEVERE: Not enough gas
Jul 06, 2014 12:56:58 PM net.bigpoint.assessment.gasstation.implementation.StationImplTest testBuyGasDepleted
SEVERE: Not enough gas
Jul 06, 2014 12:56:58 PM net.bigpoint.assessment.gasstation.implementation.StationImplTest testBuyGasDepleted
SEVERE: Not enough gas
Jul 06, 2014 12:56:58 PM net.bigpoint.assessment.gasstation.implementation.StationImplTest testBuyGasDepleted
SEVERE: Not enough gas
Jul 06, 2014 12:56:58 PM net.bigpoint.assessment.gasstation.implementation.StationImplTest testBuyGasDepleted
SEVERE: Not enough gas
Jul 06, 2014 12:56:58 PM net.bigpoint.assessment.gasstation.implementation.StationImplTest testBuyGasDepleted
SEVERE: Not enough gas
Jul 06, 2014 12:56:58 PM net.bigpoint.assessment.gasstation.implementation.StationImplTest testBuyGasDepleted
SEVERE: Not enough gas
Jul 06, 2014 12:56:58 PM net.bigpoint.assessment.gasstation.implementation.StationImplTest testBuyGasDepleted
SEVERE: Not enough gas
Jul 06, 2014 12:56:58 PM net.bigpoint.assessment.gasstation.implementation.StationImplTest testBuyGasDepleted
SEVERE: Not enough gas
Jul 06, 2014 12:56:58 PM net.bigpoint.assessment.gasstation.implementation.StationImplTest testBuyGasDepleted
SEVERE: Not enough gas
Jul 06, 2014 12:56:58 PM net.bigpoint.assessment.gasstation.implementation.StationImplTest testBuyGasDepleted
SEVERE: Not enough gas
Jul 06, 2014 12:56:58 PM net.bigpoint.assessment.gasstation.implementation.StationImplTest testBuyGasDepleted
SEVERE: Not enough gas
Jul 06, 2014 12:56:58 PM net.bigpoint.assessment.gasstation.implementation.StationImplTest testBuyGasDepleted
SEVERE: Not enough gas
Jul 06, 2014 12:56:58 PM net.bigpoint.assessment.gasstation.implementation.StationImplTest testBuyGasDepleted
SEVERE: Not enough gas
Jul 06, 2014 12:56:58 PM net.bigpoint.assessment.gasstation.implementation.StationImplTest testBuyGasDepleted
SEVERE: Not enough gas
Jul 06, 2014 12:56:58 PM net.bigpoint.assessment.gasstation.implementation.StationImplTest testBuyGasDepleted
SEVERE: Not enough gas
Jul 06, 2014 12:56:58 PM net.bigpoint.assessment.gasstation.implementation.StationImplTest testBuyGasDepleted
SEVERE: Not enough gas
Jul 06, 2014 12:56:58 PM net.bigpoint.assessment.gasstation.implementation.StationImplTest testBuyGasDepleted
SEVERE: Not enough gas
Jul 06, 2014 12:56:58 PM net.bigpoint.assessment.gasstation.implementation.StationImplTest testBuyGasDepleted
SEVERE: Not enough gas
Jul 06, 2014 12:56:58 PM net.bigpoint.assessment.gasstation.implementation.StationImplTest testBuyGasDepleted
SEVERE: Not enough gas
Jul 06, 2014 12:56:58 PM net.bigpoint.assessment.gasstation.implementation.StationImplTest testBuyGasDepleted
SEVERE: Not enough gas
Jul 06, 2014 12:56:58 PM net.bigpoint.assessment.gasstation.implementation.StationImplTest testBuyGasDepleted
SEVERE: Not enough gas
Jul 06, 2014 12:56:58 PM net.bigpoint.assessment.gasstation.implementation.StationImplTest testBuyGasDepleted
SEVERE: Not enough gas
Jul 06, 2014 12:56:58 PM net.bigpoint.assessment.gasstation.implementation.StationImplTest testBuyGasDepleted
SEVERE: Not enough gas
Jul 06, 2014 12:56:58 PM net.bigpoint.assessment.gasstation.implementation.StationImplTest testBuyGasDepleted
SEVERE: Not enough gas
Jul 06, 2014 12:56:58 PM net.bigpoint.assessment.gasstation.implementation.StationImplTest testBuyGasDepleted
SEVERE: Not enough gas
</system-err>
  </testcase>
  <testcase time="5.459" classname="net.bigpoint.assessment.gasstation.implementation.StationImplTest" name="testBuyGasDepleted">
    <failure message="expected [true] but found [false]" type="java.lang.AssertionError">java.lang.AssertionError: expected [true] but found [false]
	at org.testng.Assert.fail(Assert.java:94)
	at org.testng.Assert.failNotEquals(Assert.java:494)
	at org.testng.Assert.assertTrue(Assert.java:42)
	at org.testng.Assert.assertTrue(Assert.java:52)
	at net.bigpoint.assessment.gasstation.implementation.StationImplTest.testBuyGasDepleted(StationImplTest.java:147)
</failure>
  </testcase>
  <testcase time="5.459" classname="net.bigpoint.assessment.gasstation.implementation.StationImplTest" name="testBuyGasDepleted">
    <failure message="expected [true] but found [false]" type="java.lang.AssertionError">java.lang.AssertionError: expected [true] but found [false]
	at org.testng.Assert.fail(Assert.java:94)
	at org.testng.Assert.failNotEquals(Assert.java:494)
	at org.testng.Assert.assertTrue(Assert.java:42)
	at org.testng.Assert.assertTrue(Assert.java:52)
	at net.bigpoint.assessment.gasstation.implementation.StationImplTest.testBuyGasDepleted(StationImplTest.java:147)
</failure>
  </testcase>
  <testcase time="5.459" classname="net.bigpoint.assessment.gasstation.implementation.StationImplTest" name="testBuyGasDepleted">
    <failure message="expected [true] but found [false]" type="java.lang.AssertionError">java.lang.AssertionError: expected [true] but found [false]
	at org.testng.Assert.fail(Assert.java:94)
	at org.testng.Assert.failNotEquals(Assert.java:494)
	at org.testng.Assert.assertTrue(Assert.java:42)
	at org.testng.Assert.assertTrue(Assert.java:52)
	at net.bigpoint.assessment.gasstation.implementation.StationImplTest.testBuyGasDepleted(StationImplTest.java:147)
</failure>
    <system-err>Jul 06, 2014 12:56:58 PM net.bigpoint.assessment.gasstation.implementation.StationImplTest testBuyGasDepleted
SEVERE: Not enough gas
Jul 06, 2014 12:56:58 PM net.bigpoint.assessment.gasstation.implementation.StationImplTest testBuyGasDepleted
SEVERE: Not enough gas
</system-err>
  </testcase>
  <testcase time="5.46" classname="net.bigpoint.assessment.gasstation.implementation.StationImplTest" name="testBuyGasDepleted">
    <failure message="expected [true] but found [false]" type="java.lang.AssertionError">java.lang.AssertionError: expected [true] but found [false]
	at org.testng.Assert.fail(Assert.java:94)
	at org.testng.Assert.failNotEquals(Assert.java:494)
	at org.testng.Assert.assertTrue(Assert.java:42)
	at org.testng.Assert.assertTrue(Assert.java:52)
	at net.bigpoint.assessment.gasstation.implementation.StationImplTest.testBuyGasDepleted(StationImplTest.java:147)
</failure>
  </testcase>
  <testcase time="5.46" classname="net.bigpoint.assessment.gasstation.implementation.StationImplTest" name="testBuyGasDepleted">
    <failure message="expected [true] but found [false]" type="java.lang.AssertionError">java.lang.AssertionError: expected [true] but found [false]
	at org.testng.Assert.fail(Assert.java:94)
	at org.testng.Assert.failNotEquals(Assert.java:494)
	at org.testng.Assert.assertTrue(Assert.java:42)
	at org.testng.Assert.assertTrue(Assert.java:52)
	at net.bigpoint.assessment.gasstation.implementation.StationImplTest.testBuyGasDepleted(StationImplTest.java:147)
</failure>
  </testcase>
  <testcase time="5.46" classname="net.bigpoint.assessment.gasstation.implementation.StationImplTest" name="testBuyGasDepleted">
    <failure message="expected [true] but found [false]" type="java.lang.AssertionError">java.lang.AssertionError: expected [true] but found [false]
	at org.testng.Assert.fail(Assert.java:94)
	at org.testng.Assert.failNotEquals(Assert.java:494)
	at org.testng.Assert.assertTrue(Assert.java:42)
	at org.testng.Assert.assertTrue(Assert.java:52)
	at net.bigpoint.assessment.gasstation.implementation.StationImplTest.testBuyGasDepleted(StationImplTest.java:147)
</failure>
    <system-err>Jul 06, 2014 12:56:58 PM net.bigpoint.assessment.gasstation.implementation.StationImplTest testBuyGasDepleted
SEVERE: Not enough gas
</system-err>
  </testcase>
  <testcase time="5.46" classname="net.bigpoint.assessment.gasstation.implementation.StationImplTest" name="testBuyGasDepleted">
    <failure message="expected [true] but found [false]" type="java.lang.AssertionError">java.lang.AssertionError: expected [true] but found [false]
	at org.testng.Assert.fail(Assert.java:94)
	at org.testng.Assert.failNotEquals(Assert.java:494)
	at org.testng.Assert.assertTrue(Assert.java:42)
	at org.testng.Assert.assertTrue(Assert.java:52)
	at net.bigpoint.assessment.gasstation.implementation.StationImplTest.testBuyGasDepleted(StationImplTest.java:147)
</failure>
  </testcase>
  <testcase time="5.461" classname="net.bigpoint.assessment.gasstation.implementation.StationImplTest" name="testBuyGasDepleted">
    <failure message="expected [true] but found [false]" type="java.lang.AssertionError">java.lang.AssertionError: expected [true] but found [false]
	at org.testng.Assert.fail(Assert.java:94)
	at org.testng.Assert.failNotEquals(Assert.java:494)
	at org.testng.Assert.assertTrue(Assert.java:42)
	at org.testng.Assert.assertTrue(Assert.java:52)
	at net.bigpoint.assessment.gasstation.implementation.StationImplTest.testBuyGasDepleted(StationImplTest.java:147)
</failure>
    <system-err>Jul 06, 2014 12:56:58 PM net.bigpoint.assessment.gasstation.implementation.StationImplTest testBuyGasDepleted
SEVERE: Not enough gas
Jul 06, 2014 12:56:58 PM net.bigpoint.assessment.gasstation.implementation.StationImplTest testBuyGasDepleted
SEVERE: Not enough gas
</system-err>
  </testcase>
  <testcase time="5.462" classname="net.bigpoint.assessment.gasstation.implementation.StationImplTest" name="testBuyGasDepleted">
    <failure message="expected [true] but found [false]" type="java.lang.AssertionError">java.lang.AssertionError: expected [true] but found [false]
	at org.testng.Assert.fail(Assert.java:94)
	at org.testng.Assert.failNotEquals(Assert.java:494)
	at org.testng.Assert.assertTrue(Assert.java:42)
	at org.testng.Assert.assertTrue(Assert.java:52)
	at net.bigpoint.assessment.gasstation.implementation.StationImplTest.testBuyGasDepleted(StationImplTest.java:147)
</failure>
    <system-err>Jul 06, 2014 12:56:58 PM net.bigpoint.assessment.gasstation.implementation.StationImplTest testBuyGasDepleted
SEVERE: Not enough gas
</system-err>
  </testcase>
  <testcase time="5.462" classname="net.bigpoint.assessment.gasstation.implementation.StationImplTest" name="testBuyGasDepleted">
    <failure message="expected [true] but found [false]" type="java.lang.AssertionError">java.lang.AssertionError: expected [true] but found [false]
	at org.testng.Assert.fail(Assert.java:94)
	at org.testng.Assert.failNotEquals(Assert.java:494)
	at org.testng.Assert.assertTrue(Assert.java:42)
	at org.testng.Assert.assertTrue(Assert.java:52)
	at net.bigpoint.assessment.gasstation.implementation.StationImplTest.testBuyGasDepleted(StationImplTest.java:147)
</failure>
    <system-err>Jul 06, 2014 12:56:58 PM net.bigpoint.assessment.gasstation.implementation.StationImplTest testBuyGasDepleted
SEVERE: Not enough gas
</system-err>
  </testcase>
  <testcase time="5.462" classname="net.bigpoint.assessment.gasstation.implementation.StationImplTest" name="testBuyGasDepleted">
    <failure message="expected [true] but found [false]" type="java.lang.AssertionError">java.lang.AssertionError: expected [true] but found [false]
	at org.testng.Assert.fail(Assert.java:94)
	at org.testng.Assert.failNotEquals(Assert.java:494)
	at org.testng.Assert.assertTrue(Assert.java:42)
	at org.testng.Assert.assertTrue(Assert.java:52)
	at net.bigpoint.assessment.gasstation.implementation.StationImplTest.testBuyGasDepleted(StationImplTest.java:147)
</failure>
  </testcase>
  <testcase time="5.463" classname="net.bigpoint.assessment.gasstation.implementation.StationImplTest" name="testBuyGasDepleted">
    <failure message="expected [true] but found [false]" type="java.lang.AssertionError">java.lang.AssertionError: expected [true] but found [false]
	at org.testng.Assert.fail(Assert.java:94)
	at org.testng.Assert.failNotEquals(Assert.java:494)
	at org.testng.Assert.assertTrue(Assert.java:42)
	at org.testng.Assert.assertTrue(Assert.java:52)
	at net.bigpoint.assessment.gasstation.implementation.StationImplTest.testBuyGasDepleted(StationImplTest.java:147)
</failure>
    <system-err>Jul 06, 2014 12:56:58 PM net.bigpoint.assessment.gasstation.implementation.StationImplTest testBuyGasDepleted
SEVERE: Not enough gas
Jul 06, 2014 12:56:58 PM net.bigpoint.assessment.gasstation.implementation.StationImplTest testBuyGasDepleted
SEVERE: Not enough gas
</system-err>
  </testcase>
  <testcase time="5.464" classname="net.bigpoint.assessment.gasstation.implementation.StationImplTest" name="testBuyGasDepleted">
    <failure message="expected [true] but found [false]" type="java.lang.AssertionError">java.lang.AssertionError: expected [true] but found [false]
	at org.testng.Assert.fail(Assert.java:94)
	at org.testng.Assert.failNotEquals(Assert.java:494)
	at org.testng.Assert.assertTrue(Assert.java:42)
	at org.testng.Assert.assertTrue(Assert.java:52)
	at net.bigpoint.assessment.gasstation.implementation.StationImplTest.testBuyGasDepleted(StationImplTest.java:147)
</failure>
  </testcase>
  <testcase time="5.464" classname="net.bigpoint.assessment.gasstation.implementation.StationImplTest" name="testBuyGasDepleted">
    <failure message="expected [true] but found [false]" type="java.lang.AssertionError">java.lang.AssertionError: expected [true] but found [false]
	at org.testng.Assert.fail(Assert.java:94)
	at org.testng.Assert.failNotEquals(Assert.java:494)
	at org.testng.Assert.assertTrue(Assert.java:42)
	at org.testng.Assert.assertTrue(Assert.java:52)
	at net.bigpoint.assessment.gasstation.implementation.StationImplTest.testBuyGasDepleted(StationImplTest.java:147)
</failure>
    <system-err>Jul 06, 2014 12:56:58 PM net.bigpoint.assessment.gasstation.implementation.StationImplTest testBuyGasDepleted
SEVERE: Not enough gas
Jul 06, 2014 12:56:58 PM net.bigpoint.assessment.gasstation.implementation.StationImplTest testBuyGasDepleted
SEVERE: Not enough gas
</system-err>
  </testcase>
  <testcase time="5.465" classname="net.bigpoint.assessment.gasstation.implementation.StationImplTest" name="testBuyGasDepleted">
    <failure message="expected [true] but found [false]" type="java.lang.AssertionError">java.lang.AssertionError: expected [true] but found [false]
	at org.testng.Assert.fail(Assert.java:94)
	at org.testng.Assert.failNotEquals(Assert.java:494)
	at org.testng.Assert.assertTrue(Assert.java:42)
	at org.testng.Assert.assertTrue(Assert.java:52)
	at net.bigpoint.assessment.gasstation.implementation.StationImplTest.testBuyGasDepleted(StationImplTest.java:147)
</failure>
    <system-err>Jul 06, 2014 12:56:58 PM net.bigpoint.assessment.gasstation.implementation.StationImplTest testBuyGasDepleted
SEVERE: Not enough gas
</system-err>
  </testcase>
  <testcase time="5.465" classname="net.bigpoint.assessment.gasstation.implementation.StationImplTest" name="testBuyGasDepleted">
    <failure message="expected [true] but found [false]" type="java.lang.AssertionError">java.lang.AssertionError: expected [true] but found [false]
	at org.testng.Assert.fail(Assert.java:94)
	at org.testng.Assert.failNotEquals(Assert.java:494)
	at org.testng.Assert.assertTrue(Assert.java:42)
	at org.testng.Assert.assertTrue(Assert.java:52)
	at net.bigpoint.assessment.gasstation.implementation.StationImplTest.testBuyGasDepleted(StationImplTest.java:147)
</failure>
  </testcase>
  <testcase time="5.465" classname="net.bigpoint.assessment.gasstation.implementation.StationImplTest" name="testBuyGasDepleted">
    <failure message="expected [true] but found [false]" type="java.lang.AssertionError">java.lang.AssertionError: expected [true] but found [false]
	at org.testng.Assert.fail(Assert.java:94)
	at org.testng.Assert.failNotEquals(Assert.java:494)
	at org.testng.Assert.assertTrue(Assert.java:42)
	at org.testng.Assert.assertTrue(Assert.java:52)
	at net.bigpoint.assessment.gasstation.implementation.StationImplTest.testBuyGasDepleted(StationImplTest.java:147)
</failure>
    <system-err>Jul 06, 2014 12:56:58 PM net.bigpoint.assessment.gasstation.implementation.StationImplTest testBuyGasDepleted
SEVERE: Not enough gas
Jul 06, 2014 12:56:58 PM net.bigpoint.assessment.gasstation.implementation.StationImplTest testBuyGasDepleted
SEVERE: Not enough gas
</system-err>
  </testcase>
  <testcase time="5.466" classname="net.bigpoint.assessment.gasstation.implementation.StationImplTest" name="testBuyGasDepleted">
    <failure message="expected [true] but found [false]" type="java.lang.AssertionError">java.lang.AssertionError: expected [true] but found [false]
	at org.testng.Assert.fail(Assert.java:94)
	at org.testng.Assert.failNotEquals(Assert.java:494)
	at org.testng.Assert.assertTrue(Assert.java:42)
	at org.testng.Assert.assertTrue(Assert.java:52)
	at net.bigpoint.assessment.gasstation.implementation.StationImplTest.testBuyGasDepleted(StationImplTest.java:147)
</failure>
    <system-err>Jul 06, 2014 12:56:58 PM net.bigpoint.assessment.gasstation.implementation.StationImplTest testBuyGasDepleted
SEVERE: Not enough gas
</system-err>
  </testcase>
  <testcase time="5.466" classname="net.bigpoint.assessment.gasstation.implementation.StationImplTest" name="testBuyGasDepleted">
    <failure message="expected [true] but found [false]" type="java.lang.AssertionError">java.lang.AssertionError: expected [true] but found [false]
	at org.testng.Assert.fail(Assert.java:94)
	at org.testng.Assert.failNotEquals(Assert.java:494)
	at org.testng.Assert.assertTrue(Assert.java:42)
	at org.testng.Assert.assertTrue(Assert.java:52)
	at net.bigpoint.assessment.gasstation.implementation.StationImplTest.testBuyGasDepleted(StationImplTest.java:147)
</failure>
  </testcase>
  <testcase time="5.466" classname="net.bigpoint.assessment.gasstation.implementation.StationImplTest" name="testBuyGasDepleted">
    <failure message="expected [true] but found [false]" type="java.lang.AssertionError">java.lang.AssertionError: expected [true] but found [false]
	at org.testng.Assert.fail(Assert.java:94)
	at org.testng.Assert.failNotEquals(Assert.java:494)
	at org.testng.Assert.assertTrue(Assert.java:42)
	at org.testng.Assert.assertTrue(Assert.java:52)
	at net.bigpoint.assessment.gasstation.implementation.StationImplTest.testBuyGasDepleted(StationImplTest.java:147)
</failure>
  </testcase>
  <testcase time="5.467" classname="net.bigpoint.assessment.gasstation.implementation.StationImplTest" name="testBuyGasDepleted">
    <failure message="expected [true] but found [false]" type="java.lang.AssertionError">java.lang.AssertionError: expected [true] but found [false]
	at org.testng.Assert.fail(Assert.java:94)
	at org.testng.Assert.failNotEquals(Assert.java:494)
	at org.testng.Assert.assertTrue(Assert.java:42)
	at org.testng.Assert.assertTrue(Assert.java:52)
	at net.bigpoint.assessment.gasstation.implementation.StationImplTest.testBuyGasDepleted(StationImplTest.java:147)
</failure>
    <system-err>Jul 06, 2014 12:56:58 PM net.bigpoint.assessment.gasstation.implementation.StationImplTest testBuyGasDepleted
SEVERE: Not enough gas
</system-err>
  </testcase>
  <testcase time="5.468" classname="net.bigpoint.assessment.gasstation.implementation.StationImplTest" name="testBuyGasDepleted">
    <failure message="expected [true] but found [false]" type="java.lang.AssertionError">java.lang.AssertionError: expected [true] but found [false]
	at org.testng.Assert.fail(Assert.java:94)
	at org.testng.Assert.failNotEquals(Assert.java:494)
	at org.testng.Assert.assertTrue(Assert.java:42)
	at org.testng.Assert.assertTrue(Assert.java:52)
	at net.bigpoint.assessment.gasstation.implementation.StationImplTest.testBuyGasDepleted(StationImplTest.java:147)
</failure>
    <system-err>Jul 06, 2014 12:56:58 PM net.bigpoint.assessment.gasstation.implementation.StationImplTest testBuyGasDepleted
SEVERE: Not enough gas
Jul 06, 2014 12:56:58 PM net.bigpoint.assessment.gasstation.implementation.StationImplTest testBuyGasDepleted
SEVERE: Not enough gas
</system-err>
  </testcase>
  <testcase time="5.468" classname="net.bigpoint.assessment.gasstation.implementation.StationImplTest" name="testBuyGasDepleted">
    <failure message="expected [true] but found [false]" type="java.lang.AssertionError">java.lang.AssertionError: expected [true] but found [false]
	at org.testng.Assert.fail(Assert.java:94)
	at org.testng.Assert.failNotEquals(Assert.java:494)
	at org.testng.Assert.assertTrue(Assert.java:42)
	at org.testng.Assert.assertTrue(Assert.java:52)
	at net.bigpoint.assessment.gasstation.implementation.StationImplTest.testBuyGasDepleted(StationImplTest.java:147)
</failure>
    <system-err>Jul 06, 2014 12:56:58 PM net.bigpoint.assessment.gasstation.implementation.StationImplTest testBuyGasDepleted
SEVERE: Not enough gas
</system-err>
  </testcase>
  <testcase time="5.469" classname="net.bigpoint.assessment.gasstation.implementation.StationImplTest" name="testBuyGasDepleted">
    <failure message="expected [true] but found [false]" type="java.lang.AssertionError">java.lang.AssertionError: expected [true] but found [false]
	at org.testng.Assert.fail(Assert.java:94)
	at org.testng.Assert.failNotEquals(Assert.java:494)
	at org.testng.Assert.assertTrue(Assert.java:42)
	at org.testng.Assert.assertTrue(Assert.java:52)
	at net.bigpoint.assessment.gasstation.implementation.StationImplTest.testBuyGasDepleted(StationImplTest.java:147)
</failure>
  </testcase>
  <testcase time="5.469" classname="net.bigpoint.assessment.gasstation.implementation.StationImplTest" name="testBuyGasDepleted">
    <failure message="expected [true] but found [false]" type="java.lang.AssertionError">java.lang.AssertionError: expected [true] but found [false]
	at org.testng.Assert.fail(Assert.java:94)
	at org.testng.Assert.failNotEquals(Assert.java:494)
	at org.testng.Assert.assertTrue(Assert.java:42)
	at org.testng.Assert.assertTrue(Assert.java:52)
	at net.bigpoint.assessment.gasstation.implementation.StationImplTest.testBuyGasDepleted(StationImplTest.java:147)
</failure>
    <system-err>Jul 06, 2014 12:56:58 PM net.bigpoint.assessment.gasstation.implementation.StationImplTest testBuyGasDepleted
SEVERE: Not enough gas
</system-err>
  </testcase>
  <testcase time="5.469" classname="net.bigpoint.assessment.gasstation.implementation.StationImplTest" name="testBuyGasDepleted">
    <failure message="expected [true] but found [false]" type="java.lang.AssertionError">java.lang.AssertionError: expected [true] but found [false]
	at org.testng.Assert.fail(Assert.java:94)
	at org.testng.Assert.failNotEquals(Assert.java:494)
	at org.testng.Assert.assertTrue(Assert.java:42)
	at org.testng.Assert.assertTrue(Assert.java:52)
	at net.bigpoint.assessment.gasstation.implementation.StationImplTest.testBuyGasDepleted(StationImplTest.java:147)
</failure>
  </testcase>
  <testcase time="5.47" classname="net.bigpoint.assessment.gasstation.implementation.StationImplTest" name="testBuyGasDepleted">
    <failure message="expected [true] but found [false]" type="java.lang.AssertionError">java.lang.AssertionError: expected [true] but found [false]
	at org.testng.Assert.fail(Assert.java:94)
	at org.testng.Assert.failNotEquals(Assert.java:494)
	at org.testng.Assert.assertTrue(Assert.java:42)
	at org.testng.Assert.assertTrue(Assert.java:52)
	at net.bigpoint.assessment.gasstation.implementation.StationImplTest.testBuyGasDepleted(StationImplTest.java:147)
</failure>
    <system-err>Jul 06, 2014 12:56:58 PM net.bigpoint.assessment.gasstation.implementation.StationImplTest testBuyGasDepleted
SEVERE: Not enough gas
Jul 06, 2014 12:56:58 PM net.bigpoint.assessment.gasstation.implementation.StationImplTest testBuyGasDepleted
SEVERE: Not enough gas
</system-err>
  </testcase>
  <testcase time="5.471" classname="net.bigpoint.assessment.gasstation.implementation.StationImplTest" name="testBuyGasDepleted">
    <failure message="expected [true] but found [false]" type="java.lang.AssertionError">java.lang.AssertionError: expected [true] but found [false]
	at org.testng.Assert.fail(Assert.java:94)
	at org.testng.Assert.failNotEquals(Assert.java:494)
	at org.testng.Assert.assertTrue(Assert.java:42)
	at org.testng.Assert.assertTrue(Assert.java:52)
	at net.bigpoint.assessment.gasstation.implementation.StationImplTest.testBuyGasDepleted(StationImplTest.java:147)
</failure>
    <system-err>Jul 06, 2014 12:56:58 PM net.bigpoint.assessment.gasstation.implementation.StationImplTest testBuyGasDepleted
SEVERE: Not enough gas
</system-err>
  </testcase>
  <testcase time="5.471" classname="net.bigpoint.assessment.gasstation.implementation.StationImplTest" name="testBuyGasDepleted">
    <failure message="expected [true] but found [false]" type="java.lang.AssertionError">java.lang.AssertionError: expected [true] but found [false]
	at org.testng.Assert.fail(Assert.java:94)
	at org.testng.Assert.failNotEquals(Assert.java:494)
	at org.testng.Assert.assertTrue(Assert.java:42)
	at org.testng.Assert.assertTrue(Assert.java:52)
	at net.bigpoint.assessment.gasstation.implementation.StationImplTest.testBuyGasDepleted(StationImplTest.java:147)
</failure>
  </testcase>
  <testcase time="5.471" classname="net.bigpoint.assessment.gasstation.implementation.StationImplTest" name="testBuyGasDepleted">
    <failure message="expected [true] but found [false]" type="java.lang.AssertionError">java.lang.AssertionError: expected [true] but found [false]
	at org.testng.Assert.fail(Assert.java:94)
	at org.testng.Assert.failNotEquals(Assert.java:494)
	at org.testng.Assert.assertTrue(Assert.java:42)
	at org.testng.Assert.assertTrue(Assert.java:52)
	at net.bigpoint.assessment.gasstation.implementation.StationImplTest.testBuyGasDepleted(StationImplTest.java:147)
</failure>
    <system-err>Jul 06, 2014 12:56:58 PM net.bigpoint.assessment.gasstation.implementation.StationImplTest testBuyGasDepleted
SEVERE: Not enough gas
</system-err>
  </testcase>
  <testcase time="5.472" classname="net.bigpoint.assessment.gasstation.implementation.StationImplTest" name="testBuyGasDepleted">
    <failure message="expected [true] but found [false]" type="java.lang.AssertionError">java.lang.AssertionError: expected [true] but found [false]
	at org.testng.Assert.fail(Assert.java:94)
	at org.testng.Assert.failNotEquals(Assert.java:494)
	at org.testng.Assert.assertTrue(Assert.java:42)
	at org.testng.Assert.assertTrue(Assert.java:52)
	at net.bigpoint.assessment.gasstation.implementation.StationImplTest.testBuyGasDepleted(StationImplTest.java:147)
</failure>
    <system-err>Jul 06, 2014 12:56:58 PM net.bigpoint.assessment.gasstation.implementation.StationImplTest testBuyGasDepleted
SEVERE: Not enough gas
</system-err>
  </testcase>
  <testcase time="5.472" classname="net.bigpoint.assessment.gasstation.implementation.StationImplTest" name="testBuyGasDepleted">
    <failure message="expected [true] but found [false]" type="java.lang.AssertionError">java.lang.AssertionError: expected [true] but found [false]
	at org.testng.Assert.fail(Assert.java:94)
	at org.testng.Assert.failNotEquals(Assert.java:494)
	at org.testng.Assert.assertTrue(Assert.java:42)
	at org.testng.Assert.assertTrue(Assert.java:52)
	at net.bigpoint.assessment.gasstation.implementation.StationImplTest.testBuyGasDepleted(StationImplTest.java:147)
</failure>
  </testcase>
  <testcase time="5.472" classname="net.bigpoint.assessment.gasstation.implementation.StationImplTest" name="testBuyGasDepleted">
    <failure message="expected [true] but found [false]" type="java.lang.AssertionError">java.lang.AssertionError: expected [true] but found [false]
	at org.testng.Assert.fail(Assert.java:94)
	at org.testng.Assert.failNotEquals(Assert.java:494)
	at org.testng.Assert.assertTrue(Assert.java:42)
	at org.testng.Assert.assertTrue(Assert.java:52)
	at net.bigpoint.assessment.gasstation.implementation.StationImplTest.testBuyGasDepleted(StationImplTest.java:147)
</failure>
    <system-err>Jul 06, 2014 12:56:58 PM net.bigpoint.assessment.gasstation.implementation.StationImplTest testBuyGasDepleted
SEVERE: Not enough gas
</system-err>
  </testcase>
  <testcase time="5.473" classname="net.bigpoint.assessment.gasstation.implementation.StationImplTest" name="testBuyGasDepleted">
    <failure message="expected [true] but found [false]" type="java.lang.AssertionError">java.lang.AssertionError: expected [true] but found [false]
	at org.testng.Assert.fail(Assert.java:94)
	at org.testng.Assert.failNotEquals(Assert.java:494)
	at org.testng.Assert.assertTrue(Assert.java:42)
	at org.testng.Assert.assertTrue(Assert.java:52)
	at net.bigpoint.assessment.gasstation.implementation.StationImplTest.testBuyGasDepleted(StationImplTest.java:147)
</failure>
    <system-err>Jul 06, 2014 12:56:58 PM net.bigpoint.assessment.gasstation.implementation.StationImplTest testBuyGasDepleted
SEVERE: Not enough gas
Jul 06, 2014 12:56:58 PM net.bigpoint.assessment.gasstation.implementation.StationImplTest testBuyGasDepleted
SEVERE: Not enough gas
</system-err>
  </testcase>
  <testcase time="5.473" classname="net.bigpoint.assessment.gasstation.implementation.StationImplTest" name="testBuyGasDepleted">
    <failure message="expected [true] but found [false]" type="java.lang.AssertionError">java.lang.AssertionError: expected [true] but found [false]
	at org.testng.Assert.fail(Assert.java:94)
	at org.testng.Assert.failNotEquals(Assert.java:494)
	at org.testng.Assert.assertTrue(Assert.java:42)
	at org.testng.Assert.assertTrue(Assert.java:52)
	at net.bigpoint.assessment.gasstation.implementation.StationImplTest.testBuyGasDepleted(StationImplTest.java:147)
</failure>
    <system-err>Jul 06, 2014 12:56:58 PM net.bigpoint.assessment.gasstation.implementation.StationImplTest testBuyGasDepleted
SEVERE: Not enough gas
</system-err>
  </testcase>
  <testcase time="5.474" classname="net.bigpoint.assessment.gasstation.implementation.StationImplTest" name="testBuyGasDepleted">
    <failure message="expected [true] but found [false]" type="java.lang.AssertionError">java.lang.AssertionError: expected [true] but found [false]
	at org.testng.Assert.fail(Assert.java:94)
	at org.testng.Assert.failNotEquals(Assert.java:494)
	at org.testng.Assert.assertTrue(Assert.java:42)
	at org.testng.Assert.assertTrue(Assert.java:52)
	at net.bigpoint.assessment.gasstation.implementation.StationImplTest.testBuyGasDepleted(StationImplTest.java:147)
</failure>
  </testcase>
  <testcase time="5.475" classname="net.bigpoint.assessment.gasstation.implementation.StationImplTest" name="testBuyGasDepleted">
    <failure message="expected [true] but found [false]" type="java.lang.AssertionError">java.lang.AssertionError: expected [true] but found [false]
	at org.testng.Assert.fail(Assert.java:94)
	at org.testng.Assert.failNotEquals(Assert.java:494)
	at org.testng.Assert.assertTrue(Assert.java:42)
	at org.testng.Assert.assertTrue(Assert.java:52)
	at net.bigpoint.assessment.gasstation.implementation.StationImplTest.testBuyGasDepleted(StationImplTest.java:147)
</failure>
    <system-err>Jul 06, 2014 12:56:58 PM net.bigpoint.assessment.gasstation.implementation.StationImplTest testBuyGasDepleted
SEVERE: Not enough gas
</system-err>
  </testcase>
  <testcase time="5.475" classname="net.bigpoint.assessment.gasstation.implementation.StationImplTest" name="testBuyGasDepleted">
    <failure message="expected [true] but found [false]" type="java.lang.AssertionError">java.lang.AssertionError: expected [true] but found [false]
	at org.testng.Assert.fail(Assert.java:94)
	at org.testng.Assert.failNotEquals(Assert.java:494)
	at org.testng.Assert.assertTrue(Assert.java:42)
	at org.testng.Assert.assertTrue(Assert.java:52)
	at net.bigpoint.assessment.gasstation.implementation.StationImplTest.testBuyGasDepleted(StationImplTest.java:147)
</failure>
    <system-err>Jul 06, 2014 12:56:58 PM net.bigpoint.assessment.gasstation.implementation.StationImplTest testBuyGasDepleted
SEVERE: Not enough gas
Jul 06, 2014 12:56:58 PM net.bigpoint.assessment.gasstation.implementation.StationImplTest testBuyGasDepleted
SEVERE: Not enough gas
</system-err>
  </testcase>
  <testcase time="5.475" classname="net.bigpoint.assessment.gasstation.implementation.StationImplTest" name="testBuyGasDepleted">
    <failure message="expected [true] but found [false]" type="java.lang.AssertionError">java.lang.AssertionError: expected [true] but found [false]
	at org.testng.Assert.fail(Assert.java:94)
	at org.testng.Assert.failNotEquals(Assert.java:494)
	at org.testng.Assert.assertTrue(Assert.java:42)
	at org.testng.Assert.assertTrue(Assert.java:52)
	at net.bigpoint.assessment.gasstation.implementation.StationImplTest.testBuyGasDepleted(StationImplTest.java:147)
</failure>
  </testcase>
  <testcase time="5.476" classname="net.bigpoint.assessment.gasstation.implementation.StationImplTest" name="testBuyGasDepleted">
    <failure message="expected [true] but found [false]" type="java.lang.AssertionError">java.lang.AssertionError: expected [true] but found [false]
	at org.testng.Assert.fail(Assert.java:94)
	at org.testng.Assert.failNotEquals(Assert.java:494)
	at org.testng.Assert.assertTrue(Assert.java:42)
	at org.testng.Assert.assertTrue(Assert.java:52)
	at net.bigpoint.assessment.gasstation.implementation.StationImplTest.testBuyGasDepleted(StationImplTest.java:147)
</failure>
  </testcase>
  <testcase time="5.476" classname="net.bigpoint.assessment.gasstation.implementation.StationImplTest" name="testBuyGasDepleted">
    <failure message="expected [true] but found [false]" type="java.lang.AssertionError">java.lang.AssertionError: expected [true] but found [false]
	at org.testng.Assert.fail(Assert.java:94)
	at org.testng.Assert.failNotEquals(Assert.java:494)
	at org.testng.Assert.assertTrue(Assert.java:42)
	at org.testng.Assert.assertTrue(Assert.java:52)
	at net.bigpoint.assessment.gasstation.implementation.StationImplTest.testBuyGasDepleted(StationImplTest.java:147)
</failure>
    <system-err>Jul 06, 2014 12:56:58 PM net.bigpoint.assessment.gasstation.implementation.StationImplTest testBuyGasDepleted
SEVERE: Not enough gas
Jul 06, 2014 12:56:58 PM net.bigpoint.assessment.gasstation.implementation.StationImplTest testBuyGasDepleted
SEVERE: Not enough gas
</system-err>
  </testcase>
  <testcase time="5.477" classname="net.bigpoint.assessment.gasstation.implementation.StationImplTest" name="testBuyGasDepleted">
    <failure message="expected [true] but found [false]" type="java.lang.AssertionError">java.lang.AssertionError: expected [true] but found [false]
	at org.testng.Assert.fail(Assert.java:94)
	at org.testng.Assert.failNotEquals(Assert.java:494)
	at org.testng.Assert.assertTrue(Assert.java:42)
	at org.testng.Assert.assertTrue(Assert.java:52)
	at net.bigpoint.assessment.gasstation.implementation.StationImplTest.testBuyGasDepleted(StationImplTest.java:147)
</failure>
  </testcase>
  <testcase time="5.477" classname="net.bigpoint.assessment.gasstation.implementation.StationImplTest" name="testBuyGasDepleted">
    <failure message="expected [true] but found [false]" type="java.lang.AssertionError">java.lang.AssertionError: expected [true] but found [false]
	at org.testng.Assert.fail(Assert.java:94)
	at org.testng.Assert.failNotEquals(Assert.java:494)
	at org.testng.Assert.assertTrue(Assert.java:42)
	at org.testng.Assert.assertTrue(Assert.java:52)
	at net.bigpoint.assessment.gasstation.implementation.StationImplTest.testBuyGasDepleted(StationImplTest.java:147)
</failure>
  </testcase>
  <testcase time="5.477" classname="net.bigpoint.assessment.gasstation.implementation.StationImplTest" name="testBuyGasDepleted">
    <failure message="expected [true] but found [false]" type="java.lang.AssertionError">java.lang.AssertionError: expected [true] but found [false]
	at org.testng.Assert.fail(Assert.java:94)
	at org.testng.Assert.failNotEquals(Assert.java:494)
	at org.testng.Assert.assertTrue(Assert.java:42)
	at org.testng.Assert.assertTrue(Assert.java:52)
	at net.bigpoint.assessment.gasstation.implementation.StationImplTest.testBuyGasDepleted(StationImplTest.java:147)
</failure>
    <system-err>Jul 06, 2014 12:56:58 PM net.bigpoint.assessment.gasstation.implementation.StationImplTest testBuyGasDepleted
SEVERE: Not enough gas
Jul 06, 2014 12:56:58 PM net.bigpoint.assessment.gasstation.implementation.StationImplTest testBuyGasDepleted
SEVERE: Not enough gas
</system-err>
  </testcase>
  <testcase time="5.478" classname="net.bigpoint.assessment.gasstation.implementation.StationImplTest" name="testBuyGasDepleted">
    <failure message="expected [true] but found [false]" type="java.lang.AssertionError">java.lang.AssertionError: expected [true] but found [false]
	at org.testng.Assert.fail(Assert.java:94)
	at org.testng.Assert.failNotEquals(Assert.java:494)
	at org.testng.Assert.assertTrue(Assert.java:42)
	at org.testng.Assert.assertTrue(Assert.java:52)
	at net.bigpoint.assessment.gasstation.implementation.StationImplTest.testBuyGasDepleted(StationImplTest.java:147)
</failure>
  </testcase>
  <testcase time="5.478" classname="net.bigpoint.assessment.gasstation.implementation.StationImplTest" name="testBuyGasDepleted">
    <failure message="expected [true] but found [false]" type="java.lang.AssertionError">java.lang.AssertionError: expected [true] but found [false]
	at org.testng.Assert.fail(Assert.java:94)
	at org.testng.Assert.failNotEquals(Assert.java:494)
	at org.testng.Assert.assertTrue(Assert.java:42)
	at org.testng.Assert.assertTrue(Assert.java:52)
	at net.bigpoint.assessment.gasstation.implementation.StationImplTest.testBuyGasDepleted(StationImplTest.java:147)
</failure>
    <system-err>Jul 06, 2014 12:56:58 PM net.bigpoint.assessment.gasstation.implementation.StationImplTest testBuyGasDepleted
SEVERE: Not enough gas
Jul 06, 2014 12:56:58 PM net.bigpoint.assessment.gasstation.implementation.StationImplTest testBuyGasDepleted
SEVERE: Not enough gas
</system-err>
  </testcase>
  <testcase time="5.478" classname="net.bigpoint.assessment.gasstation.implementation.StationImplTest" name="testBuyGasDepleted">
    <failure message="expected [true] but found [false]" type="java.lang.AssertionError">java.lang.AssertionError: expected [true] but found [false]
	at org.testng.Assert.fail(Assert.java:94)
	at org.testng.Assert.failNotEquals(Assert.java:494)
	at org.testng.Assert.assertTrue(Assert.java:42)
	at org.testng.Assert.assertTrue(Assert.java:52)
	at net.bigpoint.assessment.gasstation.implementation.StationImplTest.testBuyGasDepleted(StationImplTest.java:147)
</failure>
  </testcase>
  <testcase time="5.479" classname="net.bigpoint.assessment.gasstation.implementation.StationImplTest" name="testBuyGasDepleted">
    <failure message="expected [true] but found [false]" type="java.lang.AssertionError">java.lang.AssertionError: expected [true] but found [false]
	at org.testng.Assert.fail(Assert.java:94)
	at org.testng.Assert.failNotEquals(Assert.java:494)
	at org.testng.Assert.assertTrue(Assert.java:42)
	at org.testng.Assert.assertTrue(Assert.java:52)
	at net.bigpoint.assessment.gasstation.implementation.StationImplTest.testBuyGasDepleted(StationImplTest.java:147)
</failure>
    <system-err>Jul 06, 2014 12:56:58 PM net.bigpoint.assessment.gasstation.implementation.StationImplTest testBuyGasDepleted
SEVERE: Not enough gas
Jul 06, 2014 12:56:58 PM net.bigpoint.assessment.gasstation.implementation.StationImplTest testBuyGasDepleted
SEVERE: Not enough gas
</system-err>
  </testcase>
  <testcase time="5.48" classname="net.bigpoint.assessment.gasstation.implementation.StationImplTest" name="testBuyGasDepleted">
    <failure message="expected [true] but found [false]" type="java.lang.AssertionError">java.lang.AssertionError: expected [true] but found [false]
	at org.testng.Assert.fail(Assert.java:94)
	at org.testng.Assert.failNotEquals(Assert.java:494)
	at org.testng.Assert.assertTrue(Assert.java:42)
	at org.testng.Assert.assertTrue(Assert.java:52)
	at net.bigpoint.assessment.gasstation.implementation.StationImplTest.testBuyGasDepleted(StationImplTest.java:147)
</failure>
  </testcase>
  <testcase time="5.48" classname="net.bigpoint.assessment.gasstation.implementation.StationImplTest" name="testBuyGasDepleted">
    <failure message="expected [true] but found [false]" type="java.lang.AssertionError">java.lang.AssertionError: expected [true] but found [false]
	at org.testng.Assert.fail(Assert.java:94)
	at org.testng.Assert.failNotEquals(Assert.java:494)
	at org.testng.Assert.assertTrue(Assert.java:42)
	at org.testng.Assert.assertTrue(Assert.java:52)
	at net.bigpoint.assessment.gasstation.implementation.StationImplTest.testBuyGasDepleted(StationImplTest.java:147)
</failure>
  </testcase>
  <testcase time="5.48" classname="net.bigpoint.assessment.gasstation.implementation.StationImplTest" name="testBuyGasDepleted">
    <failure message="expected [true] but found [false]" type="java.lang.AssertionError">java.lang.AssertionError: expected [true] but found [false]
	at org.testng.Assert.fail(Assert.java:94)
	at org.testng.Assert.failNotEquals(Assert.java:494)
	at org.testng.Assert.assertTrue(Assert.java:42)
	at org.testng.Assert.assertTrue(Assert.java:52)
	at net.bigpoint.assessment.gasstation.implementation.StationImplTest.testBuyGasDepleted(StationImplTest.java:147)
</failure>
    <system-err>Jul 06, 2014 12:56:58 PM net.bigpoint.assessment.gasstation.implementation.StationImplTest testBuyGasDepleted
SEVERE: Not enough gas
Jul 06, 2014 12:56:58 PM net.bigpoint.assessment.gasstation.implementation.StationImplTest testBuyGasDepleted
SEVERE: Not enough gas
</system-err>
  </testcase>
  <testcase time="5.481" classname="net.bigpoint.assessment.gasstation.implementation.StationImplTest" name="testBuyGasDepleted">
    <failure message="expected [true] but found [false]" type="java.lang.AssertionError">java.lang.AssertionError: expected [true] but found [false]
	at org.testng.Assert.fail(Assert.java:94)
	at org.testng.Assert.failNotEquals(Assert.java:494)
	at org.testng.Assert.assertTrue(Assert.java:42)
	at org.testng.Assert.assertTrue(Assert.java:52)
	at net.bigpoint.assessment.gasstation.implementation.StationImplTest.testBuyGasDepleted(StationImplTest.java:147)
</failure>
    <system-err>Jul 06, 2014 12:56:58 PM net.bigpoint.assessment.gasstation.implementation.StationImplTest testBuyGasDepleted
SEVERE: Not enough gas
</system-err>
  </testcase>
  <testcase time="5.481" classname="net.bigpoint.assessment.gasstation.implementation.StationImplTest" name="testBuyGasDepleted">
    <failure message="expected [true] but found [false]" type="java.lang.AssertionError">java.lang.AssertionError: expected [true] but found [false]
	at org.testng.Assert.fail(Assert.java:94)
	at org.testng.Assert.failNotEquals(Assert.java:494)
	at org.testng.Assert.assertTrue(Assert.java:42)
	at org.testng.Assert.assertTrue(Assert.java:52)
	at net.bigpoint.assessment.gasstation.implementation.StationImplTest.testBuyGasDepleted(StationImplTest.java:147)
</failure>
    <system-err>Jul 06, 2014 12:56:58 PM net.bigpoint.assessment.gasstation.implementation.StationImplTest testBuyGasDepleted
SEVERE: Not enough gas
</system-err>
  </testcase>
  <testcase time="5.481" classname="net.bigpoint.assessment.gasstation.implementation.StationImplTest" name="testBuyGasDepleted">
    <failure message="expected [true] but found [false]" type="java.lang.AssertionError">java.lang.AssertionError: expected [true] but found [false]
	at org.testng.Assert.fail(Assert.java:94)
	at org.testng.Assert.failNotEquals(Assert.java:494)
	at org.testng.Assert.assertTrue(Assert.java:42)
	at org.testng.Assert.assertTrue(Assert.java:52)
	at net.bigpoint.assessment.gasstation.implementation.StationImplTest.testBuyGasDepleted(StationImplTest.java:147)
</failure>
    <system-err>Jul 06, 2014 12:56:58 PM net.bigpoint.assessment.gasstation.implementation.StationImplTest testBuyGasDepleted
SEVERE: Not enough gas
</system-err>
  </testcase>
  <testcase time="5.482" classname="net.bigpoint.assessment.gasstation.implementation.StationImplTest" name="testBuyGasDepleted">
    <failure message="expected [true] but found [false]" type="java.lang.AssertionError">java.lang.AssertionError: expected [true] but found [false]
	at org.testng.Assert.fail(Assert.java:94)
	at org.testng.Assert.failNotEquals(Assert.java:494)
	at org.testng.Assert.assertTrue(Assert.java:42)
	at org.testng.Assert.assertTrue(Assert.java:52)
	at net.bigpoint.assessment.gasstation.implementation.StationImplTest.testBuyGasDepleted(StationImplTest.java:147)
</failure>
  </testcase>
  <testcase time="5.482" classname="net.bigpoint.assessment.gasstation.implementation.StationImplTest" name="testBuyGasDepleted">
    <failure message="expected [true] but found [false]" type="java.lang.AssertionError">java.lang.AssertionError: expected [true] but found [false]
	at org.testng.Assert.fail(Assert.java:94)
	at org.testng.Assert.failNotEquals(Assert.java:494)
	at org.testng.Assert.assertTrue(Assert.java:42)
	at org.testng.Assert.assertTrue(Assert.java:52)
	at net.bigpoint.assessment.gasstation.implementation.StationImplTest.testBuyGasDepleted(StationImplTest.java:147)
</failure>
    <system-err>Jul 06, 2014 12:56:58 PM net.bigpoint.assessment.gasstation.implementation.StationImplTest testBuyGasDepleted
SEVERE: Not enough gas
</system-err>
  </testcase>
  <testcase time="5.482" classname="net.bigpoint.assessment.gasstation.implementation.StationImplTest" name="testBuyGasDepleted">
    <failure message="expected [true] but found [false]" type="java.lang.AssertionError">java.lang.AssertionError: expected [true] but found [false]
	at org.testng.Assert.fail(Assert.java:94)
	at org.testng.Assert.failNotEquals(Assert.java:494)
	at org.testng.Assert.assertTrue(Assert.java:42)
	at org.testng.Assert.assertTrue(Assert.java:52)
	at net.bigpoint.assessment.gasstation.implementation.StationImplTest.testBuyGasDepleted(StationImplTest.java:147)
</failure>
    <system-err>Jul 06, 2014 12:56:58 PM net.bigpoint.assessment.gasstation.implementation.StationImplTest testBuyGasDepleted
SEVERE: Not enough gas
</system-err>
  </testcase>
  <testcase time="5.482" classname="net.bigpoint.assessment.gasstation.implementation.StationImplTest" name="testBuyGasDepleted">
    <failure message="expected [true] but found [false]" type="java.lang.AssertionError">java.lang.AssertionError: expected [true] but found [false]
	at org.testng.Assert.fail(Assert.java:94)
	at org.testng.Assert.failNotEquals(Assert.java:494)
	at org.testng.Assert.assertTrue(Assert.java:42)
	at org.testng.Assert.assertTrue(Assert.java:52)
	at net.bigpoint.assessment.gasstation.implementation.StationImplTest.testBuyGasDepleted(StationImplTest.java:147)
</failure>
  </testcase>
  <testcase time="5.483" classname="net.bigpoint.assessment.gasstation.implementation.StationImplTest" name="testBuyGasDepleted">
    <failure message="expected [true] but found [false]" type="java.lang.AssertionError">java.lang.AssertionError: expected [true] but found [false]
	at org.testng.Assert.fail(Assert.java:94)
	at org.testng.Assert.failNotEquals(Assert.java:494)
	at org.testng.Assert.assertTrue(Assert.java:42)
	at org.testng.Assert.assertTrue(Assert.java:52)
	at net.bigpoint.assessment.gasstation.implementation.StationImplTest.testBuyGasDepleted(StationImplTest.java:147)
</failure>
    <system-err>Jul 06, 2014 12:56:58 PM net.bigpoint.assessment.gasstation.implementation.StationImplTest testBuyGasDepleted
SEVERE: Not enough gas
Jul 06, 2014 12:56:58 PM net.bigpoint.assessment.gasstation.implementation.StationImplTest testBuyGasDepleted
SEVERE: Not enough gas
</system-err>
  </testcase>
  <testcase time="5.483" classname="net.bigpoint.assessment.gasstation.implementation.StationImplTest" name="testBuyGasDepleted">
    <failure message="expected [true] but found [false]" type="java.lang.AssertionError">java.lang.AssertionError: expected [true] but found [false]
	at org.testng.Assert.fail(Assert.java:94)
	at org.testng.Assert.failNotEquals(Assert.java:494)
	at org.testng.Assert.assertTrue(Assert.java:42)
	at org.testng.Assert.assertTrue(Assert.java:52)
	at net.bigpoint.assessment.gasstation.implementation.StationImplTest.testBuyGasDepleted(StationImplTest.java:147)
</failure>
  </testcase>
  <testcase time="5.485" classname="net.bigpoint.assessment.gasstation.implementation.StationImplTest" name="testBuyGasDepleted">
    <failure message="expected [true] but found [false]" type="java.lang.AssertionError">java.lang.AssertionError: expected [true] but found [false]
	at org.testng.Assert.fail(Assert.java:94)
	at org.testng.Assert.failNotEquals(Assert.java:494)
	at org.testng.Assert.assertTrue(Assert.java:42)
	at org.testng.Assert.assertTrue(Assert.java:52)
	at net.bigpoint.assessment.gasstation.implementation.StationImplTest.testBuyGasDepleted(StationImplTest.java:147)
</failure>
    <system-err>Jul 06, 2014 12:56:58 PM net.bigpoint.assessment.gasstation.implementation.StationImplTest testBuyGasDepleted
SEVERE: Not enough gas
Jul 06, 2014 12:56:58 PM net.bigpoint.assessment.gasstation.implementation.StationImplTest testBuyGasDepleted
SEVERE: Not enough gas
Jul 06, 2014 12:56:58 PM net.bigpoint.assessment.gasstation.implementation.StationImplTest testBuyGasDepleted
SEVERE: Not enough gas
</system-err>
  </testcase>
  <testcase time="5.486" classname="net.bigpoint.assessment.gasstation.implementation.StationImplTest" name="testBuyGasDepleted">
    <failure message="expected [true] but found [false]" type="java.lang.AssertionError">java.lang.AssertionError: expected [true] but found [false]
	at org.testng.Assert.fail(Assert.java:94)
	at org.testng.Assert.failNotEquals(Assert.java:494)
	at org.testng.Assert.assertTrue(Assert.java:42)
	at org.testng.Assert.assertTrue(Assert.java:52)
	at net.bigpoint.assessment.gasstation.implementation.StationImplTest.testBuyGasDepleted(StationImplTest.java:147)
</failure>
    <system-err>Jul 06, 2014 12:56:58 PM net.bigpoint.assessment.gasstation.implementation.StationImplTest testBuyGasDepleted
SEVERE: Not enough gas
</system-err>
  </testcase>
  <testcase time="5.486" classname="net.bigpoint.assessment.gasstation.implementation.StationImplTest" name="testBuyGasDepleted">
    <failure message="expected [true] but found [false]" type="java.lang.AssertionError">java.lang.AssertionError: expected [true] but found [false]
	at org.testng.Assert.fail(Assert.java:94)
	at org.testng.Assert.failNotEquals(Assert.java:494)
	at org.testng.Assert.assertTrue(Assert.java:42)
	at org.testng.Assert.assertTrue(Assert.java:52)
	at net.bigpoint.assessment.gasstation.implementation.StationImplTest.testBuyGasDepleted(StationImplTest.java:147)
</failure>
  </testcase>
  <testcase time="5.487" classname="net.bigpoint.assessment.gasstation.implementation.StationImplTest" name="testBuyGasDepleted">
    <failure message="expected [true] but found [false]" type="java.lang.AssertionError">java.lang.AssertionError: expected [true] but found [false]
	at org.testng.Assert.fail(Assert.java:94)
	at org.testng.Assert.failNotEquals(Assert.java:494)
	at org.testng.Assert.assertTrue(Assert.java:42)
	at org.testng.Assert.assertTrue(Assert.java:52)
	at net.bigpoint.assessment.gasstation.implementation.StationImplTest.testBuyGasDepleted(StationImplTest.java:147)
</failure>
    <system-err>Jul 06, 2014 12:56:58 PM net.bigpoint.assessment.gasstation.implementation.StationImplTest testBuyGasDepleted
SEVERE: Not enough gas
</system-err>
  </testcase>
  <testcase time="5.487" classname="net.bigpoint.assessment.gasstation.implementation.StationImplTest" name="testBuyGasDepleted">
    <failure message="expected [true] but found [false]" type="java.lang.AssertionError">java.lang.AssertionError: expected [true] but found [false]
	at org.testng.Assert.fail(Assert.java:94)
	at org.testng.Assert.failNotEquals(Assert.java:494)
	at org.testng.Assert.assertTrue(Assert.java:42)
	at org.testng.Assert.assertTrue(Assert.java:52)
	at net.bigpoint.assessment.gasstation.implementation.StationImplTest.testBuyGasDepleted(StationImplTest.java:147)
</failure>
  </testcase>
  <testcase time="5.487" classname="net.bigpoint.assessment.gasstation.implementation.StationImplTest" name="testBuyGasDepleted">
    <failure message="expected [true] but found [false]" type="java.lang.AssertionError">java.lang.AssertionError: expected [true] but found [false]
	at org.testng.Assert.fail(Assert.java:94)
	at org.testng.Assert.failNotEquals(Assert.java:494)
	at org.testng.Assert.assertTrue(Assert.java:42)
	at org.testng.Assert.assertTrue(Assert.java:52)
	at net.bigpoint.assessment.gasstation.implementation.StationImplTest.testBuyGasDepleted(StationImplTest.java:147)
</failure>
  </testcase>
  <testcase time="5.488" classname="net.bigpoint.assessment.gasstation.implementation.StationImplTest" name="testBuyGasDepleted">
    <failure message="expected [true] but found [false]" type="java.lang.AssertionError">java.lang.AssertionError: expected [true] but found [false]
	at org.testng.Assert.fail(Assert.java:94)
	at org.testng.Assert.failNotEquals(Assert.java:494)
	at org.testng.Assert.assertTrue(Assert.java:42)
	at org.testng.Assert.assertTrue(Assert.java:52)
	at net.bigpoint.assessment.gasstation.implementation.StationImplTest.testBuyGasDepleted(StationImplTest.java:147)
</failure>
    <system-err>Jul 06, 2014 12:56:58 PM net.bigpoint.assessment.gasstation.implementation.StationImplTest testBuyGasDepleted
SEVERE: Not enough gas
</system-err>
  </testcase>
  <testcase time="5.49" classname="net.bigpoint.assessment.gasstation.implementation.StationImplTest" name="testBuyGasDepleted">
    <failure message="expected [true] but found [false]" type="java.lang.AssertionError">java.lang.AssertionError: expected [true] but found [false]
	at org.testng.Assert.fail(Assert.java:94)
	at org.testng.Assert.failNotEquals(Assert.java:494)
	at org.testng.Assert.assertTrue(Assert.java:42)
	at org.testng.Assert.assertTrue(Assert.java:52)
	at net.bigpoint.assessment.gasstation.implementation.StationImplTest.testBuyGasDepleted(StationImplTest.java:147)
</failure>
    <system-err>Jul 06, 2014 12:56:58 PM net.bigpoint.assessment.gasstation.implementation.StationImplTest testBuyGasDepleted
SEVERE: Not enough gas
Jul 06, 2014 12:56:58 PM net.bigpoint.assessment.gasstation.implementation.StationImplTest testBuyGasDepleted
SEVERE: Not enough gas
</system-err>
  </testcase>
  <testcase time="5.49" classname="net.bigpoint.assessment.gasstation.implementation.StationImplTest" name="testBuyGasDepleted">
    <failure message="expected [true] but found [false]" type="java.lang.AssertionError">java.lang.AssertionError: expected [true] but found [false]
	at org.testng.Assert.fail(Assert.java:94)
	at org.testng.Assert.failNotEquals(Assert.java:494)
	at org.testng.Assert.assertTrue(Assert.java:42)
	at org.testng.Assert.assertTrue(Assert.java:52)
	at net.bigpoint.assessment.gasstation.implementation.StationImplTest.testBuyGasDepleted(StationImplTest.java:147)
</failure>
  </testcase>
  <testcase time="5.49" classname="net.bigpoint.assessment.gasstation.implementation.StationImplTest" name="testBuyGasDepleted">
    <failure message="expected [true] but found [false]" type="java.lang.AssertionError">java.lang.AssertionError: expected [true] but found [false]
	at org.testng.Assert.fail(Assert.java:94)
	at org.testng.Assert.failNotEquals(Assert.java:494)
	at org.testng.Assert.assertTrue(Assert.java:42)
	at org.testng.Assert.assertTrue(Assert.java:52)
	at net.bigpoint.assessment.gasstation.implementation.StationImplTest.testBuyGasDepleted(StationImplTest.java:147)
</failure>
  </testcase>
  <testcase time="5.492" classname="net.bigpoint.assessment.gasstation.implementation.StationImplTest" name="testBuyGasDepleted">
    <failure message="expected [true] but found [false]" type="java.lang.AssertionError">java.lang.AssertionError: expected [true] but found [false]
	at org.testng.Assert.fail(Assert.java:94)
	at org.testng.Assert.failNotEquals(Assert.java:494)
	at org.testng.Assert.assertTrue(Assert.java:42)
	at org.testng.Assert.assertTrue(Assert.java:52)
	at net.bigpoint.assessment.gasstation.implementation.StationImplTest.testBuyGasDepleted(StationImplTest.java:147)
</failure>
    <system-err>Jul 06, 2014 12:56:58 PM net.bigpoint.assessment.gasstation.implementation.StationImplTest testBuyGasDepleted
SEVERE: Not enough gas
</system-err>
  </testcase>
  <testcase time="5.493" classname="net.bigpoint.assessment.gasstation.implementation.StationImplTest" name="testBuyGasDepleted">
    <failure message="expected [true] but found [false]" type="java.lang.AssertionError">java.lang.AssertionError: expected [true] but found [false]
	at org.testng.Assert.fail(Assert.java:94)
	at org.testng.Assert.failNotEquals(Assert.java:494)
	at org.testng.Assert.assertTrue(Assert.java:42)
	at org.testng.Assert.assertTrue(Assert.java:52)
	at net.bigpoint.assessment.gasstation.implementation.StationImplTest.testBuyGasDepleted(StationImplTest.java:147)
</failure>
    <system-err>Jul 06, 2014 12:56:58 PM net.bigpoint.assessment.gasstation.implementation.StationImplTest testBuyGasDepleted
SEVERE: Not enough gas
</system-err>
  </testcase>
  <testcase time="5.493" classname="net.bigpoint.assessment.gasstation.implementation.StationImplTest" name="testBuyGasDepleted">
    <failure message="expected [true] but found [false]" type="java.lang.AssertionError">java.lang.AssertionError: expected [true] but found [false]
	at org.testng.Assert.fail(Assert.java:94)
	at org.testng.Assert.failNotEquals(Assert.java:494)
	at org.testng.Assert.assertTrue(Assert.java:42)
	at org.testng.Assert.assertTrue(Assert.java:52)
	at net.bigpoint.assessment.gasstation.implementation.StationImplTest.testBuyGasDepleted(StationImplTest.java:147)
</failure>
    <system-err>Jul 06, 2014 12:56:58 PM net.bigpoint.assessment.gasstation.implementation.StationImplTest testBuyGasDepleted
SEVERE: Not enough gas
</system-err>
  </testcase>
  <testcase time="5.495" classname="net.bigpoint.assessment.gasstation.implementation.StationImplTest" name="testBuyGasDepleted">
    <failure message="expected [true] but found [false]" type="java.lang.AssertionError">java.lang.AssertionError: expected [true] but found [false]
	at org.testng.Assert.fail(Assert.java:94)
	at org.testng.Assert.failNotEquals(Assert.java:494)
	at org.testng.Assert.assertTrue(Assert.java:42)
	at org.testng.Assert.assertTrue(Assert.java:52)
	at net.bigpoint.assessment.gasstation.implementation.StationImplTest.testBuyGasDepleted(StationImplTest.java:147)
</failure>
    <system-err>Jul 06, 2014 12:56:58 PM net.bigpoint.assessment.gasstation.implementation.StationImplTest testBuyGasDepleted
SEVERE: Not enough gas
Jul 06, 2014 12:56:58 PM net.bigpoint.assessment.gasstation.implementation.StationImplTest testBuyGasDepleted
SEVERE: Not enough gas
Jul 06, 2014 12:56:58 PM net.bigpoint.assessment.gasstation.implementation.StationImplTest testBuyGasDepleted
SEVERE: Not enough gas
</system-err>
  </testcase>
  <testcase time="5.495" classname="net.bigpoint.assessment.gasstation.implementation.StationImplTest" name="testBuyGasDepleted">
    <failure message="expected [true] but found [false]" type="java.lang.AssertionError">java.lang.AssertionError: expected [true] but found [false]
	at org.testng.Assert.fail(Assert.java:94)
	at org.testng.Assert.failNotEquals(Assert.java:494)
	at org.testng.Assert.assertTrue(Assert.java:42)
	at org.testng.Assert.assertTrue(Assert.java:52)
	at net.bigpoint.assessment.gasstation.implementation.StationImplTest.testBuyGasDepleted(StationImplTest.java:147)
</failure>
  </testcase>
  <testcase time="5.496" classname="net.bigpoint.assessment.gasstation.implementation.StationImplTest" name="testBuyGasDepleted">
    <failure message="expected [true] but found [false]" type="java.lang.AssertionError">java.lang.AssertionError: expected [true] but found [false]
	at org.testng.Assert.fail(Assert.java:94)
	at org.testng.Assert.failNotEquals(Assert.java:494)
	at org.testng.Assert.assertTrue(Assert.java:42)
	at org.testng.Assert.assertTrue(Assert.java:52)
	at net.bigpoint.assessment.gasstation.implementation.StationImplTest.testBuyGasDepleted(StationImplTest.java:147)
</failure>
  </testcase>
  <testcase time="5.496" classname="net.bigpoint.assessment.gasstation.implementation.StationImplTest" name="testBuyGasDepleted">
    <failure message="expected [true] but found [false]" type="java.lang.AssertionError">java.lang.AssertionError: expected [true] but found [false]
	at org.testng.Assert.fail(Assert.java:94)
	at org.testng.Assert.failNotEquals(Assert.java:494)
	at org.testng.Assert.assertTrue(Assert.java:42)
	at org.testng.Assert.assertTrue(Assert.java:52)
	at net.bigpoint.assessment.gasstation.implementation.StationImplTest.testBuyGasDepleted(StationImplTest.java:147)
</failure>
    <system-err>Jul 06, 2014 12:56:58 PM net.bigpoint.assessment.gasstation.implementation.StationImplTest testBuyGasDepleted
SEVERE: Not enough gas
</system-err>
  </testcase>
  <testcase time="5.497" classname="net.bigpoint.assessment.gasstation.implementation.StationImplTest" name="testBuyGasDepleted">
    <failure message="expected [true] but found [false]" type="java.lang.AssertionError">java.lang.AssertionError: expected [true] but found [false]
	at org.testng.Assert.fail(Assert.java:94)
	at org.testng.Assert.failNotEquals(Assert.java:494)
	at org.testng.Assert.assertTrue(Assert.java:42)
	at org.testng.Assert.assertTrue(Assert.java:52)
	at net.bigpoint.assessment.gasstation.implementation.StationImplTest.testBuyGasDepleted(StationImplTest.java:147)
</failure>
    <system-err>Jul 06, 2014 12:56:58 PM net.bigpoint.assessment.gasstation.implementation.StationImplTest testBuyGasDepleted
SEVERE: Not enough gas
</system-err>
  </testcase>
  <testcase time="5.498" classname="net.bigpoint.assessment.gasstation.implementation.StationImplTest" name="testBuyGasDepleted">
    <failure message="expected [true] but found [false]" type="java.lang.AssertionError">java.lang.AssertionError: expected [true] but found [false]
	at org.testng.Assert.fail(Assert.java:94)
	at org.testng.Assert.failNotEquals(Assert.java:494)
	at org.testng.Assert.assertTrue(Assert.java:42)
	at org.testng.Assert.assertTrue(Assert.java:52)
	at net.bigpoint.assessment.gasstation.implementation.StationImplTest.testBuyGasDepleted(StationImplTest.java:147)
</failure>
    <system-err>Jul 06, 2014 12:56:58 PM net.bigpoint.assessment.gasstation.implementation.StationImplTest testBuyGasDepleted
SEVERE: Not enough gas
</system-err>
  </testcase>
  <testcase time="5.498" classname="net.bigpoint.assessment.gasstation.implementation.StationImplTest" name="testBuyGasDepleted">
    <failure message="expected [true] but found [false]" type="java.lang.AssertionError">java.lang.AssertionError: expected [true] but found [false]
	at org.testng.Assert.fail(Assert.java:94)
	at org.testng.Assert.failNotEquals(Assert.java:494)
	at org.testng.Assert.assertTrue(Assert.java:42)
	at org.testng.Assert.assertTrue(Assert.java:52)
	at net.bigpoint.assessment.gasstation.implementation.StationImplTest.testBuyGasDepleted(StationImplTest.java:147)
</failure>
  </testcase>
  <testcase time="5.499" classname="net.bigpoint.assessment.gasstation.implementation.StationImplTest" name="testBuyGasDepleted">
    <failure message="expected [true] but found [false]" type="java.lang.AssertionError">java.lang.AssertionError: expected [true] but found [false]
	at org.testng.Assert.fail(Assert.java:94)
	at org.testng.Assert.failNotEquals(Assert.java:494)
	at org.testng.Assert.assertTrue(Assert.java:42)
	at org.testng.Assert.assertTrue(Assert.java:52)
	at net.bigpoint.assessment.gasstation.implementation.StationImplTest.testBuyGasDepleted(StationImplTest.java:147)
</failure>
    <system-err>Jul 06, 2014 12:56:58 PM net.bigpoint.assessment.gasstation.implementation.StationImplTest testBuyGasDepleted
SEVERE: Not enough gas
Jul 06, 2014 12:56:58 PM net.bigpoint.assessment.gasstation.implementation.StationImplTest testBuyGasDepleted
SEVERE: Not enough gas
</system-err>
  </testcase>
  <testcase time="5.499" classname="net.bigpoint.assessment.gasstation.implementation.StationImplTest" name="testBuyGasDepleted">
    <failure message="expected [true] but found [false]" type="java.lang.AssertionError">java.lang.AssertionError: expected [true] but found [false]
	at org.testng.Assert.fail(Assert.java:94)
	at org.testng.Assert.failNotEquals(Assert.java:494)
	at org.testng.Assert.assertTrue(Assert.java:42)
	at org.testng.Assert.assertTrue(Assert.java:52)
	at net.bigpoint.assessment.gasstation.implementation.StationImplTest.testBuyGasDepleted(StationImplTest.java:147)
</failure>
  </testcase>
  <testcase time="5.5" classname="net.bigpoint.assessment.gasstation.implementation.StationImplTest" name="testBuyGasDepleted">
    <failure message="expected [true] but found [false]" type="java.lang.AssertionError">java.lang.AssertionError: expected [true] but found [false]
	at org.testng.Assert.fail(Assert.java:94)
	at org.testng.Assert.failNotEquals(Assert.java:494)
	at org.testng.Assert.assertTrue(Assert.java:42)
	at org.testng.Assert.assertTrue(Assert.java:52)
	at net.bigpoint.assessment.gasstation.implementation.StationImplTest.testBuyGasDepleted(StationImplTest.java:147)
</failure>
    <system-err>Jul 06, 2014 12:56:58 PM net.bigpoint.assessment.gasstation.implementation.StationImplTest testBuyGasDepleted
SEVERE: Not enough gas
</system-err>
  </testcase>
  <testcase time="5.501" classname="net.bigpoint.assessment.gasstation.implementation.StationImplTest" name="testBuyGasDepleted">
    <failure message="expected [true] but found [false]" type="java.lang.AssertionError">java.lang.AssertionError: expected [true] but found [false]
	at org.testng.Assert.fail(Assert.java:94)
	at org.testng.Assert.failNotEquals(Assert.java:494)
	at org.testng.Assert.assertTrue(Assert.java:42)
	at org.testng.Assert.assertTrue(Assert.java:52)
	at net.bigpoint.assessment.gasstation.implementation.StationImplTest.testBuyGasDepleted(StationImplTest.java:147)
</failure>
    <system-err>Jul 06, 2014 12:56:58 PM net.bigpoint.assessment.gasstation.implementation.StationImplTest testBuyGasDepleted
SEVERE: Not enough gas
</system-err>
  </testcase>
  <testcase time="5.503" classname="net.bigpoint.assessment.gasstation.implementation.StationImplTest" name="testBuyGasDepleted">
    <failure message="expected [true] but found [false]" type="java.lang.AssertionError">java.lang.AssertionError: expected [true] but found [false]
	at org.testng.Assert.fail(Assert.java:94)
	at org.testng.Assert.failNotEquals(Assert.java:494)
	at org.testng.Assert.assertTrue(Assert.java:42)
	at org.testng.Assert.assertTrue(Assert.java:52)
	at net.bigpoint.assessment.gasstation.implementation.StationImplTest.testBuyGasDepleted(StationImplTest.java:147)
</failure>
    <system-err>Jul 06, 2014 12:56:58 PM net.bigpoint.assessment.gasstation.implementation.StationImplTest testBuyGasDepleted
SEVERE: Not enough gas
Jul 06, 2014 12:56:58 PM net.bigpoint.assessment.gasstation.implementation.StationImplTest testBuyGasDepleted
SEVERE: Not enough gas
</system-err>
  </testcase>
  <testcase time="5.504" classname="net.bigpoint.assessment.gasstation.implementation.StationImplTest" name="testBuyGasDepleted">
    <failure message="expected [true] but found [false]" type="java.lang.AssertionError">java.lang.AssertionError: expected [true] but found [false]
	at org.testng.Assert.fail(Assert.java:94)
	at org.testng.Assert.failNotEquals(Assert.java:494)
	at org.testng.Assert.assertTrue(Assert.java:42)
	at org.testng.Assert.assertTrue(Assert.java:52)
	at net.bigpoint.assessment.gasstation.implementation.StationImplTest.testBuyGasDepleted(StationImplTest.java:147)
</failure>
  </testcase>
  <testcase time="5.504" classname="net.bigpoint.assessment.gasstation.implementation.StationImplTest" name="testBuyGasDepleted">
    <failure message="expected [true] but found [false]" type="java.lang.AssertionError">java.lang.AssertionError: expected [true] but found [false]
	at org.testng.Assert.fail(Assert.java:94)
	at org.testng.Assert.failNotEquals(Assert.java:494)
	at org.testng.Assert.assertTrue(Assert.java:42)
	at org.testng.Assert.assertTrue(Assert.java:52)
	at net.bigpoint.assessment.gasstation.implementation.StationImplTest.testBuyGasDepleted(StationImplTest.java:147)
</failure>
    <system-err>Jul 06, 2014 12:56:58 PM net.bigpoint.assessment.gasstation.implementation.StationImplTest testBuyGasDepleted
SEVERE: Not enough gas
</system-err>
  </testcase>
  <testcase time="5.504" classname="net.bigpoint.assessment.gasstation.implementation.StationImplTest" name="testBuyGasDepleted">
    <failure message="expected [true] but found [false]" type="java.lang.AssertionError">java.lang.AssertionError: expected [true] but found [false]
	at org.testng.Assert.fail(Assert.java:94)
	at org.testng.Assert.failNotEquals(Assert.java:494)
	at org.testng.Assert.assertTrue(Assert.java:42)
	at org.testng.Assert.assertTrue(Assert.java:52)
	at net.bigpoint.assessment.gasstation.implementation.StationImplTest.testBuyGasDepleted(StationImplTest.java:147)
</failure>
  </testcase>
  <testcase time="5.505" classname="net.bigpoint.assessment.gasstation.implementation.StationImplTest" name="testBuyGasDepleted">
    <failure message="expected [true] but found [false]" type="java.lang.AssertionError">java.lang.AssertionError: expected [true] but found [false]
	at org.testng.Assert.fail(Assert.java:94)
	at org.testng.Assert.failNotEquals(Assert.java:494)
	at org.testng.Assert.assertTrue(Assert.java:42)
	at org.testng.Assert.assertTrue(Assert.java:52)
	at net.bigpoint.assessment.gasstation.implementation.StationImplTest.testBuyGasDepleted(StationImplTest.java:147)
</failure>
    <system-err>Jul 06, 2014 12:56:58 PM net.bigpoint.assessment.gasstation.implementation.StationImplTest testBuyGasDepleted
SEVERE: Not enough gas
</system-err>
  </testcase>
  <testcase time="5.506" classname="net.bigpoint.assessment.gasstation.implementation.StationImplTest" name="testBuyGasDepleted">
    <failure message="expected [true] but found [false]" type="java.lang.AssertionError">java.lang.AssertionError: expected [true] but found [false]
	at org.testng.Assert.fail(Assert.java:94)
	at org.testng.Assert.failNotEquals(Assert.java:494)
	at org.testng.Assert.assertTrue(Assert.java:42)
	at org.testng.Assert.assertTrue(Assert.java:52)
	at net.bigpoint.assessment.gasstation.implementation.StationImplTest.testBuyGasDepleted(StationImplTest.java:147)
</failure>
    <system-err>Jul 06, 2014 12:56:58 PM net.bigpoint.assessment.gasstation.implementation.StationImplTest testBuyGasDepleted
SEVERE: Not enough gas
</system-err>
  </testcase>
  <testcase time="5.512" classname="net.bigpoint.assessment.gasstation.implementation.StationImplTest" name="testBuyGasDepleted">
    <failure message="expected [true] but found [false]" type="java.lang.AssertionError">java.lang.AssertionError: expected [true] but found [false]
	at org.testng.Assert.fail(Assert.java:94)
	at org.testng.Assert.failNotEquals(Assert.java:494)
	at org.testng.Assert.assertTrue(Assert.java:42)
	at org.testng.Assert.assertTrue(Assert.java:52)
	at net.bigpoint.assessment.gasstation.implementation.StationImplTest.testBuyGasDepleted(StationImplTest.java:147)
</failure>
    <system-err>Jul 06, 2014 12:56:58 PM net.bigpoint.assessment.gasstation.implementation.StationImplTest testBuyGasDepleted
SEVERE: Not enough gas
Jul 06, 2014 12:56:58 PM net.bigpoint.assessment.gasstation.implementation.StationImplTest testBuyGasDepleted
SEVERE: Not enough gas
</system-err>
  </testcase>
  <testcase time="5.512" classname="net.bigpoint.assessment.gasstation.implementation.StationImplTest" name="testBuyGasDepleted">
    <failure message="expected [true] but found [false]" type="java.lang.AssertionError">java.lang.AssertionError: expected [true] but found [false]
	at org.testng.Assert.fail(Assert.java:94)
	at org.testng.Assert.failNotEquals(Assert.java:494)
	at org.testng.Assert.assertTrue(Assert.java:42)
	at org.testng.Assert.assertTrue(Assert.java:52)
	at net.bigpoint.assessment.gasstation.implementation.StationImplTest.testBuyGasDepleted(StationImplTest.java:147)
</failure>
    <system-err>Jul 06, 2014 12:56:58 PM net.bigpoint.assessment.gasstation.implementation.StationImplTest testBuyGasDepleted
SEVERE: Not enough gas
</system-err>
  </testcase>
  <testcase time="5.513" classname="net.bigpoint.assessment.gasstation.implementation.StationImplTest" name="testBuyGasDepleted">
    <failure message="expected [true] but found [false]" type="java.lang.AssertionError">java.lang.AssertionError: expected [true] but found [false]
	at org.testng.Assert.fail(Assert.java:94)
	at org.testng.Assert.failNotEquals(Assert.java:494)
	at org.testng.Assert.assertTrue(Assert.java:42)
	at org.testng.Assert.assertTrue(Assert.java:52)
	at net.bigpoint.assessment.gasstation.implementation.StationImplTest.testBuyGasDepleted(StationImplTest.java:147)
</failure>
    <system-err>Jul 06, 2014 12:56:58 PM net.bigpoint.assessment.gasstation.implementation.StationImplTest testBuyGasDepleted
SEVERE: Not enough gas
</system-err>
  </testcase>
  <testcase time="5.518" classname="net.bigpoint.assessment.gasstation.implementation.StationImplTest" name="testBuyGasDepleted">
    <failure message="expected [true] but found [false]" type="java.lang.AssertionError">java.lang.AssertionError: expected [true] but found [false]
	at org.testng.Assert.fail(Assert.java:94)
	at org.testng.Assert.failNotEquals(Assert.java:494)
	at org.testng.Assert.assertTrue(Assert.java:42)
	at org.testng.Assert.assertTrue(Assert.java:52)
	at net.bigpoint.assessment.gasstation.implementation.StationImplTest.testBuyGasDepleted(StationImplTest.java:147)
</failure>
  </testcase>
  <testcase time="5.518" classname="net.bigpoint.assessment.gasstation.implementation.StationImplTest" name="testBuyGasDepleted">
    <failure message="expected [true] but found [false]" type="java.lang.AssertionError">java.lang.AssertionError: expected [true] but found [false]
	at org.testng.Assert.fail(Assert.java:94)
	at org.testng.Assert.failNotEquals(Assert.java:494)
	at org.testng.Assert.assertTrue(Assert.java:42)
	at org.testng.Assert.assertTrue(Assert.java:52)
	at net.bigpoint.assessment.gasstation.implementation.StationImplTest.testBuyGasDepleted(StationImplTest.java:147)
</failure>
  </testcase>
  <testcase time="5.523" classname="net.bigpoint.assessment.gasstation.implementation.StationImplTest" name="testBuyGasDepleted">
    <failure message="expected [true] but found [false]" type="java.lang.AssertionError">java.lang.AssertionError: expected [true] but found [false]
	at org.testng.Assert.fail(Assert.java:94)
	at org.testng.Assert.failNotEquals(Assert.java:494)
	at org.testng.Assert.assertTrue(Assert.java:42)
	at org.testng.Assert.assertTrue(Assert.java:52)
	at net.bigpoint.assessment.gasstation.implementation.StationImplTest.testBuyGasDepleted(StationImplTest.java:147)
</failure>
    <system-err>Jul 06, 2014 12:56:58 PM net.bigpoint.assessment.gasstation.implementation.StationImplTest testBuyGasDepleted
SEVERE: Not enough gas
</system-err>
  </testcase>
  <testcase time="5.525" classname="net.bigpoint.assessment.gasstation.implementation.StationImplTest" name="testBuyGasDepleted">
    <failure message="expected [true] but found [false]" type="java.lang.AssertionError">java.lang.AssertionError: expected [true] but found [false]
	at org.testng.Assert.fail(Assert.java:94)
	at org.testng.Assert.failNotEquals(Assert.java:494)
	at org.testng.Assert.assertTrue(Assert.java:42)
	at org.testng.Assert.assertTrue(Assert.java:52)
	at net.bigpoint.assessment.gasstation.implementation.StationImplTest.testBuyGasDepleted(StationImplTest.java:147)
</failure>
    <system-err>Jul 06, 2014 12:56:58 PM net.bigpoint.assessment.gasstation.implementation.StationImplTest testBuyGasDepleted
SEVERE: Not enough gas
</system-err>
  </testcase>
  <testcase time="5.525" classname="net.bigpoint.assessment.gasstation.implementation.StationImplTest" name="testBuyGasDepleted">
    <failure message="expected [true] but found [false]" type="java.lang.AssertionError">java.lang.AssertionError: expected [true] but found [false]
	at org.testng.Assert.fail(Assert.java:94)
	at org.testng.Assert.failNotEquals(Assert.java:494)
	at org.testng.Assert.assertTrue(Assert.java:42)
	at org.testng.Assert.assertTrue(Assert.java:52)
	at net.bigpoint.assessment.gasstation.implementation.StationImplTest.testBuyGasDepleted(StationImplTest.java:147)
</failure>
    <system-err>Jul 06, 2014 12:56:58 PM net.bigpoint.assessment.gasstation.implementation.StationImplTest testBuyGasDepleted
SEVERE: Not enough gas
</system-err>
  </testcase>
  <testcase time="5.526" classname="net.bigpoint.assessment.gasstation.implementation.StationImplTest" name="testBuyGasDepleted">
    <failure message="expected [true] but found [false]" type="java.lang.AssertionError">java.lang.AssertionError: expected [true] but found [false]
	at org.testng.Assert.fail(Assert.java:94)
	at org.testng.Assert.failNotEquals(Assert.java:494)
	at org.testng.Assert.assertTrue(Assert.java:42)
	at org.testng.Assert.assertTrue(Assert.java:52)
	at net.bigpoint.assessment.gasstation.implementation.StationImplTest.testBuyGasDepleted(StationImplTest.java:147)
</failure>
    <system-err>Jul 06, 2014 12:56:58 PM net.bigpoint.assessment.gasstation.implementation.StationImplTest testBuyGasDepleted
SEVERE: Not enough gas
</system-err>
  </testcase>
  <testcase time="5.528" classname="net.bigpoint.assessment.gasstation.implementation.StationImplTest" name="testBuyGasDepleted">
    <failure message="expected [true] but found [false]" type="java.lang.AssertionError">java.lang.AssertionError: expected [true] but found [false]
	at org.testng.Assert.fail(Assert.java:94)
	at org.testng.Assert.failNotEquals(Assert.java:494)
	at org.testng.Assert.assertTrue(Assert.java:42)
	at org.testng.Assert.assertTrue(Assert.java:52)
	at net.bigpoint.assessment.gasstation.implementation.StationImplTest.testBuyGasDepleted(StationImplTest.java:147)
</failure>
    <system-err>Jul 06, 2014 12:56:58 PM net.bigpoint.assessment.gasstation.implementation.StationImplTest testBuyGasDepleted
SEVERE: Not enough gas
</system-err>
  </testcase>
  <testcase time="5.53" classname="net.bigpoint.assessment.gasstation.implementation.StationImplTest" name="testBuyGasDepleted">
    <failure message="expected [true] but found [false]" type="java.lang.AssertionError">java.lang.AssertionError: expected [true] but found [false]
	at org.testng.Assert.fail(Assert.java:94)
	at org.testng.Assert.failNotEquals(Assert.java:494)
	at org.testng.Assert.assertTrue(Assert.java:42)
	at org.testng.Assert.assertTrue(Assert.java:52)
	at net.bigpoint.assessment.gasstation.implementation.StationImplTest.testBuyGasDepleted(StationImplTest.java:147)
</failure>
    <system-err>Jul 06, 2014 12:56:58 PM net.bigpoint.assessment.gasstation.implementation.StationImplTest testBuyGasDepleted
SEVERE: Not enough gas
</system-err>
  </testcase>
  <testcase time="5.53" classname="net.bigpoint.assessment.gasstation.implementation.StationImplTest" name="testBuyGasDepleted">
    <failure message="expected [true] but found [false]" type="java.lang.AssertionError">java.lang.AssertionError: expected [true] but found [false]
	at org.testng.Assert.fail(Assert.java:94)
	at org.testng.Assert.failNotEquals(Assert.java:494)
	at org.testng.Assert.assertTrue(Assert.java:42)
	at org.testng.Assert.assertTrue(Assert.java:52)
	at net.bigpoint.assessment.gasstation.implementation.StationImplTest.testBuyGasDepleted(StationImplTest.java:147)
</failure>
    <system-err>Jul 06, 2014 12:56:58 PM net.bigpoint.assessment.gasstation.implementation.StationImplTest testBuyGasDepleted
SEVERE: Not enough gas
</system-err>
  </testcase>
  <testcase time="5.53" classname="net.bigpoint.assessment.gasstation.implementation.StationImplTest" name="testBuyGasDepleted">
    <failure message="expected [true] but found [false]" type="java.lang.AssertionError">java.lang.AssertionError: expected [true] but found [false]
	at org.testng.Assert.fail(Assert.java:94)
	at org.testng.Assert.failNotEquals(Assert.java:494)
	at org.testng.Assert.assertTrue(Assert.java:42)
	at org.testng.Assert.assertTrue(Assert.java:52)
	at net.bigpoint.assessment.gasstation.implementation.StationImplTest.testBuyGasDepleted(StationImplTest.java:147)
</failure>
  </testcase>
  <testcase time="5.532" classname="net.bigpoint.assessment.gasstation.implementation.StationImplTest" name="testBuyGasDepleted">
    <failure message="expected [true] but found [false]" type="java.lang.AssertionError">java.lang.AssertionError: expected [true] but found [false]
	at org.testng.Assert.fail(Assert.java:94)
	at org.testng.Assert.failNotEquals(Assert.java:494)
	at org.testng.Assert.assertTrue(Assert.java:42)
	at org.testng.Assert.assertTrue(Assert.java:52)
	at net.bigpoint.assessment.gasstation.implementation.StationImplTest.testBuyGasDepleted(StationImplTest.java:147)
</failure>
    <system-err>Jul 06, 2014 12:56:58 PM net.bigpoint.assessment.gasstation.implementation.StationImplTest testBuyGasDepleted
SEVERE: Not enough gas
</system-err>
  </testcase>
  <testcase time="5.533" classname="net.bigpoint.assessment.gasstation.implementation.StationImplTest" name="testBuyGasDepleted">
    <failure message="expected [true] but found [false]" type="java.lang.AssertionError">java.lang.AssertionError: expected [true] but found [false]
	at org.testng.Assert.fail(Assert.java:94)
	at org.testng.Assert.failNotEquals(Assert.java:494)
	at org.testng.Assert.assertTrue(Assert.java:42)
	at org.testng.Assert.assertTrue(Assert.java:52)
	at net.bigpoint.assessment.gasstation.implementation.StationImplTest.testBuyGasDepleted(StationImplTest.java:147)
</failure>
    <system-err>Jul 06, 2014 12:56:58 PM net.bigpoint.assessment.gasstation.implementation.StationImplTest testBuyGasDepleted
SEVERE: Not enough gas
</system-err>
  </testcase>
  <testcase time="5.534" classname="net.bigpoint.assessment.gasstation.implementation.StationImplTest" name="testBuyGasDepleted">
    <failure message="expected [true] but found [false]" type="java.lang.AssertionError">java.lang.AssertionError: expected [true] but found [false]
	at org.testng.Assert.fail(Assert.java:94)
	at org.testng.Assert.failNotEquals(Assert.java:494)
	at org.testng.Assert.assertTrue(Assert.java:42)
	at org.testng.Assert.assertTrue(Assert.java:52)
	at net.bigpoint.assessment.gasstation.implementation.StationImplTest.testBuyGasDepleted(StationImplTest.java:147)
</failure>
    <system-err>Jul 06, 2014 12:56:58 PM net.bigpoint.assessment.gasstation.implementation.StationImplTest testBuyGasDepleted
SEVERE: Not enough gas
</system-err>
  </testcase>
  <testcase time="5.535" classname="net.bigpoint.assessment.gasstation.implementation.StationImplTest" name="testBuyGasDepleted">
    <failure message="expected [true] but found [false]" type="java.lang.AssertionError">java.lang.AssertionError: expected [true] but found [false]
	at org.testng.Assert.fail(Assert.java:94)
	at org.testng.Assert.failNotEquals(Assert.java:494)
	at org.testng.Assert.assertTrue(Assert.java:42)
	at org.testng.Assert.assertTrue(Assert.java:52)
	at net.bigpoint.assessment.gasstation.implementation.StationImplTest.testBuyGasDepleted(StationImplTest.java:147)
</failure>
    <system-err>Jul 06, 2014 12:56:58 PM net.bigpoint.assessment.gasstation.implementation.StationImplTest testBuyGasDepleted
SEVERE: Not enough gas
</system-err>
  </testcase>
  <testcase time="5.535" classname="net.bigpoint.assessment.gasstation.implementation.StationImplTest" name="testBuyGasDepleted">
    <failure message="expected [true] but found [false]" type="java.lang.AssertionError">java.lang.AssertionError: expected [true] but found [false]
	at org.testng.Assert.fail(Assert.java:94)
	at org.testng.Assert.failNotEquals(Assert.java:494)
	at org.testng.Assert.assertTrue(Assert.java:42)
	at org.testng.Assert.assertTrue(Assert.java:52)
	at net.bigpoint.assessment.gasstation.implementation.StationImplTest.testBuyGasDepleted(StationImplTest.java:147)
</failure>
  </testcase>
  <testcase time="5.536" classname="net.bigpoint.assessment.gasstation.implementation.StationImplTest" name="testBuyGasDepleted">
    <failure message="expected [true] but found [false]" type="java.lang.AssertionError">java.lang.AssertionError: expected [true] but found [false]
	at org.testng.Assert.fail(Assert.java:94)
	at org.testng.Assert.failNotEquals(Assert.java:494)
	at org.testng.Assert.assertTrue(Assert.java:42)
	at org.testng.Assert.assertTrue(Assert.java:52)
	at net.bigpoint.assessment.gasstation.implementation.StationImplTest.testBuyGasDepleted(StationImplTest.java:147)
</failure>
    <system-err>Jul 06, 2014 12:56:58 PM net.bigpoint.assessment.gasstation.implementation.StationImplTest testBuyGasDepleted
SEVERE: Not enough gas
</system-err>
  </testcase>
  <testcase time="5.537" classname="net.bigpoint.assessment.gasstation.implementation.StationImplTest" name="testBuyGasDepleted">
    <failure message="expected [true] but found [false]" type="java.lang.AssertionError">java.lang.AssertionError: expected [true] but found [false]
	at org.testng.Assert.fail(Assert.java:94)
	at org.testng.Assert.failNotEquals(Assert.java:494)
	at org.testng.Assert.assertTrue(Assert.java:42)
	at org.testng.Assert.assertTrue(Assert.java:52)
	at net.bigpoint.assessment.gasstation.implementation.StationImplTest.testBuyGasDepleted(StationImplTest.java:147)
</failure>
    <system-err>Jul 06, 2014 12:56:58 PM net.bigpoint.assessment.gasstation.implementation.StationImplTest testBuyGasDepleted
SEVERE: Not enough gas
</system-err>
  </testcase>
  <testcase time="5.538" classname="net.bigpoint.assessment.gasstation.implementation.StationImplTest" name="testBuyGasDepleted">
    <failure message="expected [true] but found [false]" type="java.lang.AssertionError">java.lang.AssertionError: expected [true] but found [false]
	at org.testng.Assert.fail(Assert.java:94)
	at org.testng.Assert.failNotEquals(Assert.java:494)
	at org.testng.Assert.assertTrue(Assert.java:42)
	at org.testng.Assert.assertTrue(Assert.java:52)
	at net.bigpoint.assessment.gasstation.implementation.StationImplTest.testBuyGasDepleted(StationImplTest.java:147)
</failure>
    <system-err>Jul 06, 2014 12:56:58 PM net.bigpoint.assessment.gasstation.implementation.StationImplTest testBuyGasDepleted
SEVERE: Not enough gas
</system-err>
  </testcase>
  <testcase time="5.539" classname="net.bigpoint.assessment.gasstation.implementation.StationImplTest" name="testBuyGasDepleted">
    <failure message="expected [true] but found [false]" type="java.lang.AssertionError">java.lang.AssertionError: expected [true] but found [false]
	at org.testng.Assert.fail(Assert.java:94)
	at org.testng.Assert.failNotEquals(Assert.java:494)
	at org.testng.Assert.assertTrue(Assert.java:42)
	at org.testng.Assert.assertTrue(Assert.java:52)
	at net.bigpoint.assessment.gasstation.implementation.StationImplTest.testBuyGasDepleted(StationImplTest.java:147)
</failure>
  </testcase>
  <testcase time="5.539" classname="net.bigpoint.assessment.gasstation.implementation.StationImplTest" name="testBuyGasDepleted">
    <failure message="expected [true] but found [false]" type="java.lang.AssertionError">java.lang.AssertionError: expected [true] but found [false]
	at org.testng.Assert.fail(Assert.java:94)
	at org.testng.Assert.failNotEquals(Assert.java:494)
	at org.testng.Assert.assertTrue(Assert.java:42)
	at org.testng.Assert.assertTrue(Assert.java:52)
	at net.bigpoint.assessment.gasstation.implementation.StationImplTest.testBuyGasDepleted(StationImplTest.java:147)
</failure>
    <system-err>Jul 06, 2014 12:56:58 PM net.bigpoint.assessment.gasstation.implementation.StationImplTest testBuyGasDepleted
SEVERE: Not enough gas
</system-err>
  </testcase>
  <testcase time="5.54" classname="net.bigpoint.assessment.gasstation.implementation.StationImplTest" name="testBuyGasDepleted">
    <failure message="expected [true] but found [false]" type="java.lang.AssertionError">java.lang.AssertionError: expected [true] but found [false]
	at org.testng.Assert.fail(Assert.java:94)
	at org.testng.Assert.failNotEquals(Assert.java:494)
	at org.testng.Assert.assertTrue(Assert.java:42)
	at org.testng.Assert.assertTrue(Assert.java:52)
	at net.bigpoint.assessment.gasstation.implementation.StationImplTest.testBuyGasDepleted(StationImplTest.java:147)
</failure>
  </testcase>
  <testcase time="5.541" classname="net.bigpoint.assessment.gasstation.implementation.StationImplTest" name="testBuyGasDepleted">
    <failure message="expected [true] but found [false]" type="java.lang.AssertionError">java.lang.AssertionError: expected [true] but found [false]
	at org.testng.Assert.fail(Assert.java:94)
	at org.testng.Assert.failNotEquals(Assert.java:494)
	at org.testng.Assert.assertTrue(Assert.java:42)
	at org.testng.Assert.assertTrue(Assert.java:52)
	at net.bigpoint.assessment.gasstation.implementation.StationImplTest.testBuyGasDepleted(StationImplTest.java:147)
</failure>
    <system-err>Jul 06, 2014 12:56:58 PM net.bigpoint.assessment.gasstation.implementation.StationImplTest testBuyGasDepleted
SEVERE: Not enough gas
</system-err>
  </testcase>
  <testcase time="5.542" classname="net.bigpoint.assessment.gasstation.implementation.StationImplTest" name="testBuyGasDepleted">
    <failure message="expected [true] but found [false]" type="java.lang.AssertionError">java.lang.AssertionError: expected [true] but found [false]
	at org.testng.Assert.fail(Assert.java:94)
	at org.testng.Assert.failNotEquals(Assert.java:494)
	at org.testng.Assert.assertTrue(Assert.java:42)
	at org.testng.Assert.assertTrue(Assert.java:52)
	at net.bigpoint.assessment.gasstation.implementation.StationImplTest.testBuyGasDepleted(StationImplTest.java:147)
</failure>
    <system-err>Jul 06, 2014 12:56:58 PM net.bigpoint.assessment.gasstation.implementation.StationImplTest testBuyGasDepleted
SEVERE: Not enough gas
</system-err>
  </testcase>
  <testcase time="5.542" classname="net.bigpoint.assessment.gasstation.implementation.StationImplTest" name="testBuyGasDepleted">
    <failure message="expected [true] but found [false]" type="java.lang.AssertionError">java.lang.AssertionError: expected [true] but found [false]
	at org.testng.Assert.fail(Assert.java:94)
	at org.testng.Assert.failNotEquals(Assert.java:494)
	at org.testng.Assert.assertTrue(Assert.java:42)
	at org.testng.Assert.assertTrue(Assert.java:52)
	at net.bigpoint.assessment.gasstation.implementation.StationImplTest.testBuyGasDepleted(StationImplTest.java:147)
</failure>
    <system-err>Jul 06, 2014 12:56:58 PM net.bigpoint.assessment.gasstation.implementation.StationImplTest testBuyGasDepleted
SEVERE: Not enough gas
</system-err>
  </testcase>
  <testcase time="5.543" classname="net.bigpoint.assessment.gasstation.implementation.StationImplTest" name="testBuyGasDepleted">
    <failure message="expected [true] but found [false]" type="java.lang.AssertionError">java.lang.AssertionError: expected [true] but found [false]
	at org.testng.Assert.fail(Assert.java:94)
	at org.testng.Assert.failNotEquals(Assert.java:494)
	at org.testng.Assert.assertTrue(Assert.java:42)
	at org.testng.Assert.assertTrue(Assert.java:52)
	at net.bigpoint.assessment.gasstation.implementation.StationImplTest.testBuyGasDepleted(StationImplTest.java:147)
</failure>
  </testcase>
  <testcase time="5.544" classname="net.bigpoint.assessment.gasstation.implementation.StationImplTest" name="testBuyGasDepleted">
    <failure message="expected [true] but found [false]" type="java.lang.AssertionError">java.lang.AssertionError: expected [true] but found [false]
	at org.testng.Assert.fail(Assert.java:94)
	at org.testng.Assert.failNotEquals(Assert.java:494)
	at org.testng.Assert.assertTrue(Assert.java:42)
	at org.testng.Assert.assertTrue(Assert.java:52)
	at net.bigpoint.assessment.gasstation.implementation.StationImplTest.testBuyGasDepleted(StationImplTest.java:147)
</failure>
    <system-err>Jul 06, 2014 12:56:58 PM net.bigpoint.assessment.gasstation.implementation.StationImplTest testBuyGasDepleted
SEVERE: Not enough gas
</system-err>
  </testcase>
  <testcase time="5.545" classname="net.bigpoint.assessment.gasstation.implementation.StationImplTest" name="testBuyGasDepleted">
    <failure message="expected [true] but found [false]" type="java.lang.AssertionError">java.lang.AssertionError: expected [true] but found [false]
	at org.testng.Assert.fail(Assert.java:94)
	at org.testng.Assert.failNotEquals(Assert.java:494)
	at org.testng.Assert.assertTrue(Assert.java:42)
	at org.testng.Assert.assertTrue(Assert.java:52)
	at net.bigpoint.assessment.gasstation.implementation.StationImplTest.testBuyGasDepleted(StationImplTest.java:147)
</failure>
    <system-err>Jul 06, 2014 12:56:58 PM net.bigpoint.assessment.gasstation.implementation.StationImplTest testBuyGasDepleted
SEVERE: Not enough gas
</system-err>
  </testcase>
  <testcase time="5.546" classname="net.bigpoint.assessment.gasstation.implementation.StationImplTest" name="testBuyGasDepleted">
    <failure message="expected [true] but found [false]" type="java.lang.AssertionError">java.lang.AssertionError: expected [true] but found [false]
	at org.testng.Assert.fail(Assert.java:94)
	at org.testng.Assert.failNotEquals(Assert.java:494)
	at org.testng.Assert.assertTrue(Assert.java:42)
	at org.testng.Assert.assertTrue(Assert.java:52)
	at net.bigpoint.assessment.gasstation.implementation.StationImplTest.testBuyGasDepleted(StationImplTest.java:147)
</failure>
    <system-err>Jul 06, 2014 12:56:58 PM net.bigpoint.assessment.gasstation.implementation.StationImplTest testBuyGasDepleted
SEVERE: Not enough gas
</system-err>
  </testcase>
  <testcase time="5.547" classname="net.bigpoint.assessment.gasstation.implementation.StationImplTest" name="testBuyGasDepleted">
    <failure message="expected [true] but found [false]" type="java.lang.AssertionError">java.lang.AssertionError: expected [true] but found [false]
	at org.testng.Assert.fail(Assert.java:94)
	at org.testng.Assert.failNotEquals(Assert.java:494)
	at org.testng.Assert.assertTrue(Assert.java:42)
	at org.testng.Assert.assertTrue(Assert.java:52)
	at net.bigpoint.assessment.gasstation.implementation.StationImplTest.testBuyGasDepleted(StationImplTest.java:147)
</failure>
    <system-err>Jul 06, 2014 12:56:58 PM net.bigpoint.assessment.gasstation.implementation.StationImplTest testBuyGasDepleted
SEVERE: Not enough gas
</system-err>
  </testcase>
  <testcase time="5.547" classname="net.bigpoint.assessment.gasstation.implementation.StationImplTest" name="testBuyGasDepleted">
    <failure message="expected [true] but found [false]" type="java.lang.AssertionError">java.lang.AssertionError: expected [true] but found [false]
	at org.testng.Assert.fail(Assert.java:94)
	at org.testng.Assert.failNotEquals(Assert.java:494)
	at org.testng.Assert.assertTrue(Assert.java:42)
	at org.testng.Assert.assertTrue(Assert.java:52)
	at net.bigpoint.assessment.gasstation.implementation.StationImplTest.testBuyGasDepleted(StationImplTest.java:147)
</failure>
  </testcase>
  <testcase time="5.548" classname="net.bigpoint.assessment.gasstation.implementation.StationImplTest" name="testBuyGasDepleted">
    <failure message="expected [true] but found [false]" type="java.lang.AssertionError">java.lang.AssertionError: expected [true] but found [false]
	at org.testng.Assert.fail(Assert.java:94)
	at org.testng.Assert.failNotEquals(Assert.java:494)
	at org.testng.Assert.assertTrue(Assert.java:42)
	at org.testng.Assert.assertTrue(Assert.java:52)
	at net.bigpoint.assessment.gasstation.implementation.StationImplTest.testBuyGasDepleted(StationImplTest.java:147)
</failure>
    <system-err>Jul 06, 2014 12:56:58 PM net.bigpoint.assessment.gasstation.implementation.StationImplTest testBuyGasDepleted
SEVERE: Not enough gas
Jul 06, 2014 12:56:58 PM net.bigpoint.assessment.gasstation.implementation.StationImplTest testBuyGasDepleted
SEVERE: Not enough gas
</system-err>
  </testcase>
  <testcase time="5.548" classname="net.bigpoint.assessment.gasstation.implementation.StationImplTest" name="testBuyGasDepleted">
    <failure message="expected [true] but found [false]" type="java.lang.AssertionError">java.lang.AssertionError: expected [true] but found [false]
	at org.testng.Assert.fail(Assert.java:94)
	at org.testng.Assert.failNotEquals(Assert.java:494)
	at org.testng.Assert.assertTrue(Assert.java:42)
	at org.testng.Assert.assertTrue(Assert.java:52)
	at net.bigpoint.assessment.gasstation.implementation.StationImplTest.testBuyGasDepleted(StationImplTest.java:147)
</failure>
  </testcase>
  <testcase time="5.549" classname="net.bigpoint.assessment.gasstation.implementation.StationImplTest" name="testBuyGasDepleted">
    <failure message="expected [true] but found [false]" type="java.lang.AssertionError">java.lang.AssertionError: expected [true] but found [false]
	at org.testng.Assert.fail(Assert.java:94)
	at org.testng.Assert.failNotEquals(Assert.java:494)
	at org.testng.Assert.assertTrue(Assert.java:42)
	at org.testng.Assert.assertTrue(Assert.java:52)
	at net.bigpoint.assessment.gasstation.implementation.StationImplTest.testBuyGasDepleted(StationImplTest.java:147)
</failure>
    <system-err>Jul 06, 2014 12:56:58 PM net.bigpoint.assessment.gasstation.implementation.StationImplTest testBuyGasDepleted
SEVERE: Not enough gas
</system-err>
  </testcase>
  <testcase time="5.549" classname="net.bigpoint.assessment.gasstation.implementation.StationImplTest" name="testBuyGasDepleted">
    <failure message="expected [true] but found [false]" type="java.lang.AssertionError">java.lang.AssertionError: expected [true] but found [false]
	at org.testng.Assert.fail(Assert.java:94)
	at org.testng.Assert.failNotEquals(Assert.java:494)
	at org.testng.Assert.assertTrue(Assert.java:42)
	at org.testng.Assert.assertTrue(Assert.java:52)
	at net.bigpoint.assessment.gasstation.implementation.StationImplTest.testBuyGasDepleted(StationImplTest.java:147)
</failure>
  </testcase>
  <testcase time="5.55" classname="net.bigpoint.assessment.gasstation.implementation.StationImplTest" name="testBuyGasDepleted">
    <failure message="expected [true] but found [false]" type="java.lang.AssertionError">java.lang.AssertionError: expected [true] but found [false]
	at org.testng.Assert.fail(Assert.java:94)
	at org.testng.Assert.failNotEquals(Assert.java:494)
	at org.testng.Assert.assertTrue(Assert.java:42)
	at org.testng.Assert.assertTrue(Assert.java:52)
	at net.bigpoint.assessment.gasstation.implementation.StationImplTest.testBuyGasDepleted(StationImplTest.java:147)
</failure>
  </testcase>
  <testcase time="5.55" classname="net.bigpoint.assessment.gasstation.implementation.StationImplTest" name="testBuyGasDepleted">
    <failure message="expected [true] but found [false]" type="java.lang.AssertionError">java.lang.AssertionError: expected [true] but found [false]
	at org.testng.Assert.fail(Assert.java:94)
	at org.testng.Assert.failNotEquals(Assert.java:494)
	at org.testng.Assert.assertTrue(Assert.java:42)
	at org.testng.Assert.assertTrue(Assert.java:52)
	at net.bigpoint.assessment.gasstation.implementation.StationImplTest.testBuyGasDepleted(StationImplTest.java:147)
</failure>
    <system-err>Jul 06, 2014 12:56:58 PM net.bigpoint.assessment.gasstation.implementation.StationImplTest testBuyGasDepleted
SEVERE: Not enough gas
Jul 06, 2014 12:56:58 PM net.bigpoint.assessment.gasstation.implementation.StationImplTest testBuyGasDepleted
SEVERE: Not enough gas
</system-err>
  </testcase>
  <testcase time="5.55" classname="net.bigpoint.assessment.gasstation.implementation.StationImplTest" name="testBuyGasDepleted">
    <failure message="expected [true] but found [false]" type="java.lang.AssertionError">java.lang.AssertionError: expected [true] but found [false]
	at org.testng.Assert.fail(Assert.java:94)
	at org.testng.Assert.failNotEquals(Assert.java:494)
	at org.testng.Assert.assertTrue(Assert.java:42)
	at org.testng.Assert.assertTrue(Assert.java:52)
	at net.bigpoint.assessment.gasstation.implementation.StationImplTest.testBuyGasDepleted(StationImplTest.java:147)
</failure>
  </testcase>
  <testcase time="5.551" classname="net.bigpoint.assessment.gasstation.implementation.StationImplTest" name="testBuyGasDepleted">
    <failure message="expected [true] but found [false]" type="java.lang.AssertionError">java.lang.AssertionError: expected [true] but found [false]
	at org.testng.Assert.fail(Assert.java:94)
	at org.testng.Assert.failNotEquals(Assert.java:494)
	at org.testng.Assert.assertTrue(Assert.java:42)
	at org.testng.Assert.assertTrue(Assert.java:52)
	at net.bigpoint.assessment.gasstation.implementation.StationImplTest.testBuyGasDepleted(StationImplTest.java:147)
</failure>
  </testcase>
  <testcase time="5.551" classname="net.bigpoint.assessment.gasstation.implementation.StationImplTest" name="testBuyGasDepleted">
    <failure message="expected [true] but found [false]" type="java.lang.AssertionError">java.lang.AssertionError: expected [true] but found [false]
	at org.testng.Assert.fail(Assert.java:94)
	at org.testng.Assert.failNotEquals(Assert.java:494)
	at org.testng.Assert.assertTrue(Assert.java:42)
	at org.testng.Assert.assertTrue(Assert.java:52)
	at net.bigpoint.assessment.gasstation.implementation.StationImplTest.testBuyGasDepleted(StationImplTest.java:147)
</failure>
    <system-err>Jul 06, 2014 12:56:58 PM net.bigpoint.assessment.gasstation.implementation.StationImplTest testBuyGasDepleted
SEVERE: Not enough gas
</system-err>
  </testcase>
  <testcase time="5.552" classname="net.bigpoint.assessment.gasstation.implementation.StationImplTest" name="testBuyGasDepleted">
    <failure message="expected [true] but found [false]" type="java.lang.AssertionError">java.lang.AssertionError: expected [true] but found [false]
	at org.testng.Assert.fail(Assert.java:94)
	at org.testng.Assert.failNotEquals(Assert.java:494)
	at org.testng.Assert.assertTrue(Assert.java:42)
	at org.testng.Assert.assertTrue(Assert.java:52)
	at net.bigpoint.assessment.gasstation.implementation.StationImplTest.testBuyGasDepleted(StationImplTest.java:147)
</failure>
    <system-err>Jul 06, 2014 12:56:58 PM net.bigpoint.assessment.gasstation.implementation.StationImplTest testBuyGasDepleted
SEVERE: Not enough gas
</system-err>
  </testcase>
  <testcase time="5.552" classname="net.bigpoint.assessment.gasstation.implementation.StationImplTest" name="testBuyGasDepleted">
    <failure message="expected [true] but found [false]" type="java.lang.AssertionError">java.lang.AssertionError: expected [true] but found [false]
	at org.testng.Assert.fail(Assert.java:94)
	at org.testng.Assert.failNotEquals(Assert.java:494)
	at org.testng.Assert.assertTrue(Assert.java:42)
	at org.testng.Assert.assertTrue(Assert.java:52)
	at net.bigpoint.assessment.gasstation.implementation.StationImplTest.testBuyGasDepleted(StationImplTest.java:147)
</failure>
    <system-err>Jul 06, 2014 12:56:58 PM net.bigpoint.assessment.gasstation.implementation.StationImplTest testBuyGasDepleted
SEVERE: Not enough gas
</system-err>
  </testcase>
  <testcase time="5.552" classname="net.bigpoint.assessment.gasstation.implementation.StationImplTest" name="testBuyGasDepleted">
    <failure message="expected [true] but found [false]" type="java.lang.AssertionError">java.lang.AssertionError: expected [true] but found [false]
	at org.testng.Assert.fail(Assert.java:94)
	at org.testng.Assert.failNotEquals(Assert.java:494)
	at org.testng.Assert.assertTrue(Assert.java:42)
	at org.testng.Assert.assertTrue(Assert.java:52)
	at net.bigpoint.assessment.gasstation.implementation.StationImplTest.testBuyGasDepleted(StationImplTest.java:147)
</failure>
  </testcase>
  <testcase time="5.553" classname="net.bigpoint.assessment.gasstation.implementation.StationImplTest" name="testBuyGasDepleted">
    <failure message="expected [true] but found [false]" type="java.lang.AssertionError">java.lang.AssertionError: expected [true] but found [false]
	at org.testng.Assert.fail(Assert.java:94)
	at org.testng.Assert.failNotEquals(Assert.java:494)
	at org.testng.Assert.assertTrue(Assert.java:42)
	at org.testng.Assert.assertTrue(Assert.java:52)
	at net.bigpoint.assessment.gasstation.implementation.StationImplTest.testBuyGasDepleted(StationImplTest.java:147)
</failure>
    <system-err>Jul 06, 2014 12:56:58 PM net.bigpoint.assessment.gasstation.implementation.StationImplTest testBuyGasDepleted
SEVERE: Not enough gas
</system-err>
  </testcase>
  <testcase time="5.554" classname="net.bigpoint.assessment.gasstation.implementation.StationImplTest" name="testBuyGasDepleted">
    <failure message="expected [true] but found [false]" type="java.lang.AssertionError">java.lang.AssertionError: expected [true] but found [false]
	at org.testng.Assert.fail(Assert.java:94)
	at org.testng.Assert.failNotEquals(Assert.java:494)
	at org.testng.Assert.assertTrue(Assert.java:42)
	at org.testng.Assert.assertTrue(Assert.java:52)
	at net.bigpoint.assessment.gasstation.implementation.StationImplTest.testBuyGasDepleted(StationImplTest.java:147)
</failure>
  </testcase>
  <testcase time="5.554" classname="net.bigpoint.assessment.gasstation.implementation.StationImplTest" name="testBuyGasDepleted">
    <failure message="expected [true] but found [false]" type="java.lang.AssertionError">java.lang.AssertionError: expected [true] but found [false]
	at org.testng.Assert.fail(Assert.java:94)
	at org.testng.Assert.failNotEquals(Assert.java:494)
	at org.testng.Assert.assertTrue(Assert.java:42)
	at org.testng.Assert.assertTrue(Assert.java:52)
	at net.bigpoint.assessment.gasstation.implementation.StationImplTest.testBuyGasDepleted(StationImplTest.java:147)
</failure>
  </testcase>
  <testcase time="5.554" classname="net.bigpoint.assessment.gasstation.implementation.StationImplTest" name="testBuyGasDepleted">
    <failure message="expected [true] but found [false]" type="java.lang.AssertionError">java.lang.AssertionError: expected [true] but found [false]
	at org.testng.Assert.fail(Assert.java:94)
	at org.testng.Assert.failNotEquals(Assert.java:494)
	at org.testng.Assert.assertTrue(Assert.java:42)
	at org.testng.Assert.assertTrue(Assert.java:52)
	at net.bigpoint.assessment.gasstation.implementation.StationImplTest.testBuyGasDepleted(StationImplTest.java:147)
</failure>
    <system-err>Jul 06, 2014 12:56:58 PM net.bigpoint.assessment.gasstation.implementation.StationImplTest testBuyGasDepleted
SEVERE: Not enough gas
</system-err>
  </testcase>
  <testcase time="5.554" classname="net.bigpoint.assessment.gasstation.implementation.StationImplTest" name="testBuyGasDepleted">
    <failure message="expected [true] but found [false]" type="java.lang.AssertionError">java.lang.AssertionError: expected [true] but found [false]
	at org.testng.Assert.fail(Assert.java:94)
	at org.testng.Assert.failNotEquals(Assert.java:494)
	at org.testng.Assert.assertTrue(Assert.java:42)
	at org.testng.Assert.assertTrue(Assert.java:52)
	at net.bigpoint.assessment.gasstation.implementation.StationImplTest.testBuyGasDepleted(StationImplTest.java:147)
</failure>
  </testcase>
  <testcase time="5.555" classname="net.bigpoint.assessment.gasstation.implementation.StationImplTest" name="testBuyGasDepleted">
    <failure message="expected [true] but found [false]" type="java.lang.AssertionError">java.lang.AssertionError: expected [true] but found [false]
	at org.testng.Assert.fail(Assert.java:94)
	at org.testng.Assert.failNotEquals(Assert.java:494)
	at org.testng.Assert.assertTrue(Assert.java:42)
	at org.testng.Assert.assertTrue(Assert.java:52)
	at net.bigpoint.assessment.gasstation.implementation.StationImplTest.testBuyGasDepleted(StationImplTest.java:147)
</failure>
    <system-err>Jul 06, 2014 12:56:58 PM net.bigpoint.assessment.gasstation.implementation.StationImplTest testBuyGasDepleted
SEVERE: Not enough gas
</system-err>
  </testcase>
  <testcase time="5.555" classname="net.bigpoint.assessment.gasstation.implementation.StationImplTest" name="testBuyGasDepleted">
    <failure message="expected [true] but found [false]" type="java.lang.AssertionError">java.lang.AssertionError: expected [true] but found [false]
	at org.testng.Assert.fail(Assert.java:94)
	at org.testng.Assert.failNotEquals(Assert.java:494)
	at org.testng.Assert.assertTrue(Assert.java:42)
	at org.testng.Assert.assertTrue(Assert.java:52)
	at net.bigpoint.assessment.gasstation.implementation.StationImplTest.testBuyGasDepleted(StationImplTest.java:147)
</failure>
  </testcase>
  <testcase time="5.556" classname="net.bigpoint.assessment.gasstation.implementation.StationImplTest" name="testBuyGasDepleted">
    <failure message="expected [true] but found [false]" type="java.lang.AssertionError">java.lang.AssertionError: expected [true] but found [false]
	at org.testng.Assert.fail(Assert.java:94)
	at org.testng.Assert.failNotEquals(Assert.java:494)
	at org.testng.Assert.assertTrue(Assert.java:42)
	at org.testng.Assert.assertTrue(Assert.java:52)
	at net.bigpoint.assessment.gasstation.implementation.StationImplTest.testBuyGasDepleted(StationImplTest.java:147)
</failure>
    <system-err>Jul 06, 2014 12:56:58 PM net.bigpoint.assessment.gasstation.implementation.StationImplTest testBuyGasDepleted
SEVERE: Not enough gas
</system-err>
  </testcase>
  <testcase time="5.557" classname="net.bigpoint.assessment.gasstation.implementation.StationImplTest" name="testBuyGasDepleted">
    <failure message="expected [true] but found [false]" type="java.lang.AssertionError">java.lang.AssertionError: expected [true] but found [false]
	at org.testng.Assert.fail(Assert.java:94)
	at org.testng.Assert.failNotEquals(Assert.java:494)
	at org.testng.Assert.assertTrue(Assert.java:42)
	at org.testng.Assert.assertTrue(Assert.java:52)
	at net.bigpoint.assessment.gasstation.implementation.StationImplTest.testBuyGasDepleted(StationImplTest.java:147)
</failure>
    <system-err>Jul 06, 2014 12:56:58 PM net.bigpoint.assessment.gasstation.implementation.StationImplTest testBuyGasDepleted
SEVERE: Not enough gas
</system-err>
  </testcase>
  <testcase time="5.557" classname="net.bigpoint.assessment.gasstation.implementation.StationImplTest" name="testBuyGasDepleted">
    <failure message="expected [true] but found [false]" type="java.lang.AssertionError">java.lang.AssertionError: expected [true] but found [false]
	at org.testng.Assert.fail(Assert.java:94)
	at org.testng.Assert.failNotEquals(Assert.java:494)
	at org.testng.Assert.assertTrue(Assert.java:42)
	at org.testng.Assert.assertTrue(Assert.java:52)
	at net.bigpoint.assessment.gasstation.implementation.StationImplTest.testBuyGasDepleted(StationImplTest.java:147)
</failure>
  </testcase>
  <testcase time="5.557" classname="net.bigpoint.assessment.gasstation.implementation.StationImplTest" name="testBuyGasDepleted">
    <failure message="expected [true] but found [false]" type="java.lang.AssertionError">java.lang.AssertionError: expected [true] but found [false]
	at org.testng.Assert.fail(Assert.java:94)
	at org.testng.Assert.failNotEquals(Assert.java:494)
	at org.testng.Assert.assertTrue(Assert.java:42)
	at org.testng.Assert.assertTrue(Assert.java:52)
	at net.bigpoint.assessment.gasstation.implementation.StationImplTest.testBuyGasDepleted(StationImplTest.java:147)
</failure>
  </testcase>
  <testcase time="5.558" classname="net.bigpoint.assessment.gasstation.implementation.StationImplTest" name="testBuyGasDepleted">
    <failure message="expected [true] but found [false]" type="java.lang.AssertionError">java.lang.AssertionError: expected [true] but found [false]
	at org.testng.Assert.fail(Assert.java:94)
	at org.testng.Assert.failNotEquals(Assert.java:494)
	at org.testng.Assert.assertTrue(Assert.java:42)
	at org.testng.Assert.assertTrue(Assert.java:52)
	at net.bigpoint.assessment.gasstation.implementation.StationImplTest.testBuyGasDepleted(StationImplTest.java:147)
</failure>
    <system-err>Jul 06, 2014 12:56:58 PM net.bigpoint.assessment.gasstation.implementation.StationImplTest testBuyGasDepleted
SEVERE: Not enough gas
</system-err>
  </testcase>
  <testcase time="5.559" classname="net.bigpoint.assessment.gasstation.implementation.StationImplTest" name="testBuyGasDepleted">
    <failure message="expected [true] but found [false]" type="java.lang.AssertionError">java.lang.AssertionError: expected [true] but found [false]
	at org.testng.Assert.fail(Assert.java:94)
	at org.testng.Assert.failNotEquals(Assert.java:494)
	at org.testng.Assert.assertTrue(Assert.java:42)
	at org.testng.Assert.assertTrue(Assert.java:52)
	at net.bigpoint.assessment.gasstation.implementation.StationImplTest.testBuyGasDepleted(StationImplTest.java:147)
</failure>
  </testcase>
  <testcase time="5.56" classname="net.bigpoint.assessment.gasstation.implementation.StationImplTest" name="testBuyGasDepleted">
    <failure message="expected [true] but found [false]" type="java.lang.AssertionError">java.lang.AssertionError: expected [true] but found [false]
	at org.testng.Assert.fail(Assert.java:94)
	at org.testng.Assert.failNotEquals(Assert.java:494)
	at org.testng.Assert.assertTrue(Assert.java:42)
	at org.testng.Assert.assertTrue(Assert.java:52)
	at net.bigpoint.assessment.gasstation.implementation.StationImplTest.testBuyGasDepleted(StationImplTest.java:147)
</failure>
    <system-err>Jul 06, 2014 12:56:58 PM net.bigpoint.assessment.gasstation.implementation.StationImplTest testBuyGasDepleted
SEVERE: Not enough gas
Jul 06, 2014 12:56:58 PM net.bigpoint.assessment.gasstation.implementation.StationImplTest testBuyGasDepleted
SEVERE: Not enough gas
</system-err>
  </testcase>
  <testcase time="5.56" classname="net.bigpoint.assessment.gasstation.implementation.StationImplTest" name="testBuyGasDepleted">
    <failure message="expected [true] but found [false]" type="java.lang.AssertionError">java.lang.AssertionError: expected [true] but found [false]
	at org.testng.Assert.fail(Assert.java:94)
	at org.testng.Assert.failNotEquals(Assert.java:494)
	at org.testng.Assert.assertTrue(Assert.java:42)
	at org.testng.Assert.assertTrue(Assert.java:52)
	at net.bigpoint.assessment.gasstation.implementation.StationImplTest.testBuyGasDepleted(StationImplTest.java:147)
</failure>
  </testcase>
  <testcase time="5.561" classname="net.bigpoint.assessment.gasstation.implementation.StationImplTest" name="testBuyGasDepleted">
    <failure message="expected [true] but found [false]" type="java.lang.AssertionError">java.lang.AssertionError: expected [true] but found [false]
	at org.testng.Assert.fail(Assert.java:94)
	at org.testng.Assert.failNotEquals(Assert.java:494)
	at org.testng.Assert.assertTrue(Assert.java:42)
	at org.testng.Assert.assertTrue(Assert.java:52)
	at net.bigpoint.assessment.gasstation.implementation.StationImplTest.testBuyGasDepleted(StationImplTest.java:147)
</failure>
    <system-err>Jul 06, 2014 12:56:58 PM net.bigpoint.assessment.gasstation.implementation.StationImplTest testBuyGasDepleted
SEVERE: Not enough gas
Jul 06, 2014 12:56:58 PM net.bigpoint.assessment.gasstation.implementation.StationImplTest testBuyGasDepleted
SEVERE: Not enough gas
</system-err>
  </testcase>
  <testcase time="5.562" classname="net.bigpoint.assessment.gasstation.implementation.StationImplTest" name="testBuyGasDepleted">
    <failure message="expected [true] but found [false]" type="java.lang.AssertionError">java.lang.AssertionError: expected [true] but found [false]
	at org.testng.Assert.fail(Assert.java:94)
	at org.testng.Assert.failNotEquals(Assert.java:494)
	at org.testng.Assert.assertTrue(Assert.java:42)
	at org.testng.Assert.assertTrue(Assert.java:52)
	at net.bigpoint.assessment.gasstation.implementation.StationImplTest.testBuyGasDepleted(StationImplTest.java:147)
</failure>
  </testcase>
  <testcase time="5.562" classname="net.bigpoint.assessment.gasstation.implementation.StationImplTest" name="testBuyGasDepleted">
    <failure message="expected [true] but found [false]" type="java.lang.AssertionError">java.lang.AssertionError: expected [true] but found [false]
	at org.testng.Assert.fail(Assert.java:94)
	at org.testng.Assert.failNotEquals(Assert.java:494)
	at org.testng.Assert.assertTrue(Assert.java:42)
	at org.testng.Assert.assertTrue(Assert.java:52)
	at net.bigpoint.assessment.gasstation.implementation.StationImplTest.testBuyGasDepleted(StationImplTest.java:147)
</failure>
  </testcase>
  <testcase time="5.563" classname="net.bigpoint.assessment.gasstation.implementation.StationImplTest" name="testBuyGasDepleted">
    <failure message="expected [true] but found [false]" type="java.lang.AssertionError">java.lang.AssertionError: expected [true] but found [false]
	at org.testng.Assert.fail(Assert.java:94)
	at org.testng.Assert.failNotEquals(Assert.java:494)
	at org.testng.Assert.assertTrue(Assert.java:42)
	at org.testng.Assert.assertTrue(Assert.java:52)
	at net.bigpoint.assessment.gasstation.implementation.StationImplTest.testBuyGasDepleted(StationImplTest.java:147)
</failure>
    <system-err>Jul 06, 2014 12:56:58 PM net.bigpoint.assessment.gasstation.implementation.StationImplTest testBuyGasDepleted
SEVERE: Not enough gas
Jul 06, 2014 12:56:58 PM net.bigpoint.assessment.gasstation.implementation.StationImplTest testBuyGasDepleted
SEVERE: Not enough gas
</system-err>
  </testcase>
  <testcase time="5.563" classname="net.bigpoint.assessment.gasstation.implementation.StationImplTest" name="testBuyGasDepleted">
    <failure message="expected [true] but found [false]" type="java.lang.AssertionError">java.lang.AssertionError: expected [true] but found [false]
	at org.testng.Assert.fail(Assert.java:94)
	at org.testng.Assert.failNotEquals(Assert.java:494)
	at org.testng.Assert.assertTrue(Assert.java:42)
	at org.testng.Assert.assertTrue(Assert.java:52)
	at net.bigpoint.assessment.gasstation.implementation.StationImplTest.testBuyGasDepleted(StationImplTest.java:147)
</failure>
  </testcase>
  <testcase time="5.564" classname="net.bigpoint.assessment.gasstation.implementation.StationImplTest" name="testBuyGasDepleted">
    <failure message="expected [true] but found [false]" type="java.lang.AssertionError">java.lang.AssertionError: expected [true] but found [false]
	at org.testng.Assert.fail(Assert.java:94)
	at org.testng.Assert.failNotEquals(Assert.java:494)
	at org.testng.Assert.assertTrue(Assert.java:42)
	at org.testng.Assert.assertTrue(Assert.java:52)
	at net.bigpoint.assessment.gasstation.implementation.StationImplTest.testBuyGasDepleted(StationImplTest.java:147)
</failure>
    <system-err>Jul 06, 2014 12:56:58 PM net.bigpoint.assessment.gasstation.implementation.StationImplTest testBuyGasDepleted
SEVERE: Not enough gas
Jul 06, 2014 12:56:58 PM net.bigpoint.assessment.gasstation.implementation.StationImplTest testBuyGasDepleted
SEVERE: Not enough gas
</system-err>
  </testcase>
  <testcase time="5.564" classname="net.bigpoint.assessment.gasstation.implementation.StationImplTest" name="testBuyGasDepleted">
    <failure message="expected [true] but found [false]" type="java.lang.AssertionError">java.lang.AssertionError: expected [true] but found [false]
	at org.testng.Assert.fail(Assert.java:94)
	at org.testng.Assert.failNotEquals(Assert.java:494)
	at org.testng.Assert.assertTrue(Assert.java:42)
	at org.testng.Assert.assertTrue(Assert.java:52)
	at net.bigpoint.assessment.gasstation.implementation.StationImplTest.testBuyGasDepleted(StationImplTest.java:147)
</failure>
  </testcase>
  <testcase time="5.565" classname="net.bigpoint.assessment.gasstation.implementation.StationImplTest" name="testBuyGasDepleted">
    <failure message="expected [true] but found [false]" type="java.lang.AssertionError">java.lang.AssertionError: expected [true] but found [false]
	at org.testng.Assert.fail(Assert.java:94)
	at org.testng.Assert.failNotEquals(Assert.java:494)
	at org.testng.Assert.assertTrue(Assert.java:42)
	at org.testng.Assert.assertTrue(Assert.java:52)
	at net.bigpoint.assessment.gasstation.implementation.StationImplTest.testBuyGasDepleted(StationImplTest.java:147)
</failure>
  </testcase>
  <testcase time="5.565" classname="net.bigpoint.assessment.gasstation.implementation.StationImplTest" name="testBuyGasDepleted">
    <failure message="expected [true] but found [false]" type="java.lang.AssertionError">java.lang.AssertionError: expected [true] but found [false]
	at org.testng.Assert.fail(Assert.java:94)
	at org.testng.Assert.failNotEquals(Assert.java:494)
	at org.testng.Assert.assertTrue(Assert.java:42)
	at org.testng.Assert.assertTrue(Assert.java:52)
	at net.bigpoint.assessment.gasstation.implementation.StationImplTest.testBuyGasDepleted(StationImplTest.java:147)
</failure>
    <system-err>Jul 06, 2014 12:56:58 PM net.bigpoint.assessment.gasstation.implementation.StationImplTest testBuyGasDepleted
SEVERE: Not enough gas
Jul 06, 2014 12:56:58 PM net.bigpoint.assessment.gasstation.implementation.StationImplTest testBuyGasDepleted
SEVERE: Not enough gas
</system-err>
  </testcase>
  <testcase time="5.566" classname="net.bigpoint.assessment.gasstation.implementation.StationImplTest" name="testBuyGasDepleted">
    <failure message="expected [true] but found [false]" type="java.lang.AssertionError">java.lang.AssertionError: expected [true] but found [false]
	at org.testng.Assert.fail(Assert.java:94)
	at org.testng.Assert.failNotEquals(Assert.java:494)
	at org.testng.Assert.assertTrue(Assert.java:42)
	at org.testng.Assert.assertTrue(Assert.java:52)
	at net.bigpoint.assessment.gasstation.implementation.StationImplTest.testBuyGasDepleted(StationImplTest.java:147)
</failure>
    <system-err>Jul 06, 2014 12:56:58 PM net.bigpoint.assessment.gasstation.implementation.StationImplTest testBuyGasDepleted
SEVERE: Not enough gas
</system-err>
  </testcase>
  <testcase time="5.566" classname="net.bigpoint.assessment.gasstation.implementation.StationImplTest" name="testBuyGasDepleted">
    <failure message="expected [true] but found [false]" type="java.lang.AssertionError">java.lang.AssertionError: expected [true] but found [false]
	at org.testng.Assert.fail(Assert.java:94)
	at org.testng.Assert.failNotEquals(Assert.java:494)
	at org.testng.Assert.assertTrue(Assert.java:42)
	at org.testng.Assert.assertTrue(Assert.java:52)
	at net.bigpoint.assessment.gasstation.implementation.StationImplTest.testBuyGasDepleted(StationImplTest.java:147)
</failure>
    <system-err>Jul 06, 2014 12:56:58 PM net.bigpoint.assessment.gasstation.implementation.StationImplTest testBuyGasDepleted
SEVERE: Not enough gas
</system-err>
  </testcase>
  <testcase time="5.566" classname="net.bigpoint.assessment.gasstation.implementation.StationImplTest" name="testBuyGasDepleted">
    <failure message="expected [true] but found [false]" type="java.lang.AssertionError">java.lang.AssertionError: expected [true] but found [false]
	at org.testng.Assert.fail(Assert.java:94)
	at org.testng.Assert.failNotEquals(Assert.java:494)
	at org.testng.Assert.assertTrue(Assert.java:42)
	at org.testng.Assert.assertTrue(Assert.java:52)
	at net.bigpoint.assessment.gasstation.implementation.StationImplTest.testBuyGasDepleted(StationImplTest.java:147)
</failure>
  </testcase>
  <testcase time="5.567" classname="net.bigpoint.assessment.gasstation.implementation.StationImplTest" name="testBuyGasDepleted">
    <failure message="expected [true] but found [false]" type="java.lang.AssertionError">java.lang.AssertionError: expected [true] but found [false]
	at org.testng.Assert.fail(Assert.java:94)
	at org.testng.Assert.failNotEquals(Assert.java:494)
	at org.testng.Assert.assertTrue(Assert.java:42)
	at org.testng.Assert.assertTrue(Assert.java:52)
	at net.bigpoint.assessment.gasstation.implementation.StationImplTest.testBuyGasDepleted(StationImplTest.java:147)
</failure>
  </testcase>
  <testcase time="5.568" classname="net.bigpoint.assessment.gasstation.implementation.StationImplTest" name="testBuyGasDepleted">
    <failure message="expected [true] but found [false]" type="java.lang.AssertionError">java.lang.AssertionError: expected [true] but found [false]
	at org.testng.Assert.fail(Assert.java:94)
	at org.testng.Assert.failNotEquals(Assert.java:494)
	at org.testng.Assert.assertTrue(Assert.java:42)
	at org.testng.Assert.assertTrue(Assert.java:52)
	at net.bigpoint.assessment.gasstation.implementation.StationImplTest.testBuyGasDepleted(StationImplTest.java:147)
</failure>
    <system-err>Jul 06, 2014 12:56:58 PM net.bigpoint.assessment.gasstation.implementation.StationImplTest testBuyGasDepleted
SEVERE: Not enough gas
Jul 06, 2014 12:56:58 PM net.bigpoint.assessment.gasstation.implementation.StationImplTest testBuyGasDepleted
SEVERE: Not enough gas
</system-err>
  </testcase>
  <testcase time="5.568" classname="net.bigpoint.assessment.gasstation.implementation.StationImplTest" name="testBuyGasDepleted">
    <failure message="expected [true] but found [false]" type="java.lang.AssertionError">java.lang.AssertionError: expected [true] but found [false]
	at org.testng.Assert.fail(Assert.java:94)
	at org.testng.Assert.failNotEquals(Assert.java:494)
	at org.testng.Assert.assertTrue(Assert.java:42)
	at org.testng.Assert.assertTrue(Assert.java:52)
	at net.bigpoint.assessment.gasstation.implementation.StationImplTest.testBuyGasDepleted(StationImplTest.java:147)
</failure>
  </testcase>
  <testcase time="5.569" classname="net.bigpoint.assessment.gasstation.implementation.StationImplTest" name="testBuyGasDepleted">
    <failure message="expected [true] but found [false]" type="java.lang.AssertionError">java.lang.AssertionError: expected [true] but found [false]
	at org.testng.Assert.fail(Assert.java:94)
	at org.testng.Assert.failNotEquals(Assert.java:494)
	at org.testng.Assert.assertTrue(Assert.java:42)
	at org.testng.Assert.assertTrue(Assert.java:52)
	at net.bigpoint.assessment.gasstation.implementation.StationImplTest.testBuyGasDepleted(StationImplTest.java:147)
</failure>
    <system-err>Jul 06, 2014 12:56:58 PM net.bigpoint.assessment.gasstation.implementation.StationImplTest testBuyGasDepleted
SEVERE: Not enough gas
Jul 06, 2014 12:56:58 PM net.bigpoint.assessment.gasstation.implementation.StationImplTest testBuyGasDepleted
SEVERE: Not enough gas
</system-err>
  </testcase>
  <testcase time="5.569" classname="net.bigpoint.assessment.gasstation.implementation.StationImplTest" name="testBuyGasDepleted">
    <failure message="expected [true] but found [false]" type="java.lang.AssertionError">java.lang.AssertionError: expected [true] but found [false]
	at org.testng.Assert.fail(Assert.java:94)
	at org.testng.Assert.failNotEquals(Assert.java:494)
	at org.testng.Assert.assertTrue(Assert.java:42)
	at org.testng.Assert.assertTrue(Assert.java:52)
	at net.bigpoint.assessment.gasstation.implementation.StationImplTest.testBuyGasDepleted(StationImplTest.java:147)
</failure>
    <system-err>Jul 06, 2014 12:56:58 PM net.bigpoint.assessment.gasstation.implementation.StationImplTest testBuyGasDepleted
SEVERE: Not enough gas
</system-err>
  </testcase>
  <testcase time="5.57" classname="net.bigpoint.assessment.gasstation.implementation.StationImplTest" name="testBuyGasDepleted">
    <failure message="expected [true] but found [false]" type="java.lang.AssertionError">java.lang.AssertionError: expected [true] but found [false]
	at org.testng.Assert.fail(Assert.java:94)
	at org.testng.Assert.failNotEquals(Assert.java:494)
	at org.testng.Assert.assertTrue(Assert.java:42)
	at org.testng.Assert.assertTrue(Assert.java:52)
	at net.bigpoint.assessment.gasstation.implementation.StationImplTest.testBuyGasDepleted(StationImplTest.java:147)
</failure>
  </testcase>
  <testcase time="5.571" classname="net.bigpoint.assessment.gasstation.implementation.StationImplTest" name="testBuyGasDepleted">
    <failure message="expected [true] but found [false]" type="java.lang.AssertionError">java.lang.AssertionError: expected [true] but found [false]
	at org.testng.Assert.fail(Assert.java:94)
	at org.testng.Assert.failNotEquals(Assert.java:494)
	at org.testng.Assert.assertTrue(Assert.java:42)
	at org.testng.Assert.assertTrue(Assert.java:52)
	at net.bigpoint.assessment.gasstation.implementation.StationImplTest.testBuyGasDepleted(StationImplTest.java:147)
</failure>
    <system-err>Jul 06, 2014 12:56:58 PM net.bigpoint.assessment.gasstation.implementation.StationImplTest testBuyGasDepleted
SEVERE: Not enough gas
Jul 06, 2014 12:56:58 PM net.bigpoint.assessment.gasstation.implementation.StationImplTest testBuyGasDepleted
SEVERE: Not enough gas
</system-err>
  </testcase>
  <testcase time="5.571" classname="net.bigpoint.assessment.gasstation.implementation.StationImplTest" name="testBuyGasDepleted">
    <failure message="expected [true] but found [false]" type="java.lang.AssertionError">java.lang.AssertionError: expected [true] but found [false]
	at org.testng.Assert.fail(Assert.java:94)
	at org.testng.Assert.failNotEquals(Assert.java:494)
	at org.testng.Assert.assertTrue(Assert.java:42)
	at org.testng.Assert.assertTrue(Assert.java:52)
	at net.bigpoint.assessment.gasstation.implementation.StationImplTest.testBuyGasDepleted(StationImplTest.java:147)
</failure>
  </testcase>
  <testcase time="5.571" classname="net.bigpoint.assessment.gasstation.implementation.StationImplTest" name="testBuyGasDepleted">
    <failure message="expected [true] but found [false]" type="java.lang.AssertionError">java.lang.AssertionError: expected [true] but found [false]
	at org.testng.Assert.fail(Assert.java:94)
	at org.testng.Assert.failNotEquals(Assert.java:494)
	at org.testng.Assert.assertTrue(Assert.java:42)
	at org.testng.Assert.assertTrue(Assert.java:52)
	at net.bigpoint.assessment.gasstation.implementation.StationImplTest.testBuyGasDepleted(StationImplTest.java:147)
</failure>
  </testcase>
  <testcase time="5.572" classname="net.bigpoint.assessment.gasstation.implementation.StationImplTest" name="testBuyGasDepleted">
    <failure message="expected [true] but found [false]" type="java.lang.AssertionError">java.lang.AssertionError: expected [true] but found [false]
	at org.testng.Assert.fail(Assert.java:94)
	at org.testng.Assert.failNotEquals(Assert.java:494)
	at org.testng.Assert.assertTrue(Assert.java:42)
	at org.testng.Assert.assertTrue(Assert.java:52)
	at net.bigpoint.assessment.gasstation.implementation.StationImplTest.testBuyGasDepleted(StationImplTest.java:147)
</failure>
    <system-err>Jul 06, 2014 12:56:58 PM net.bigpoint.assessment.gasstation.implementation.StationImplTest testBuyGasDepleted
SEVERE: Not enough gas
Jul 06, 2014 12:56:58 PM net.bigpoint.assessment.gasstation.implementation.StationImplTest testBuyGasDepleted
SEVERE: Not enough gas
</system-err>
  </testcase>
  <testcase time="5.573" classname="net.bigpoint.assessment.gasstation.implementation.StationImplTest" name="testBuyGasDepleted">
    <failure message="expected [true] but found [false]" type="java.lang.AssertionError">java.lang.AssertionError: expected [true] but found [false]
	at org.testng.Assert.fail(Assert.java:94)
	at org.testng.Assert.failNotEquals(Assert.java:494)
	at org.testng.Assert.assertTrue(Assert.java:42)
	at org.testng.Assert.assertTrue(Assert.java:52)
	at net.bigpoint.assessment.gasstation.implementation.StationImplTest.testBuyGasDepleted(StationImplTest.java:147)
</failure>
  </testcase>
  <testcase time="5.573" classname="net.bigpoint.assessment.gasstation.implementation.StationImplTest" name="testBuyGasDepleted">
    <failure message="expected [true] but found [false]" type="java.lang.AssertionError">java.lang.AssertionError: expected [true] but found [false]
	at org.testng.Assert.fail(Assert.java:94)
	at org.testng.Assert.failNotEquals(Assert.java:494)
	at org.testng.Assert.assertTrue(Assert.java:42)
	at org.testng.Assert.assertTrue(Assert.java:52)
	at net.bigpoint.assessment.gasstation.implementation.StationImplTest.testBuyGasDepleted(StationImplTest.java:147)
</failure>
    <system-err>Jul 06, 2014 12:56:58 PM net.bigpoint.assessment.gasstation.implementation.StationImplTest testBuyGasDepleted
SEVERE: Not enough gas
</system-err>
  </testcase>
  <testcase time="5.573" classname="net.bigpoint.assessment.gasstation.implementation.StationImplTest" name="testBuyGasDepleted">
    <failure message="expected [true] but found [false]" type="java.lang.AssertionError">java.lang.AssertionError: expected [true] but found [false]
	at org.testng.Assert.fail(Assert.java:94)
	at org.testng.Assert.failNotEquals(Assert.java:494)
	at org.testng.Assert.assertTrue(Assert.java:42)
	at org.testng.Assert.assertTrue(Assert.java:52)
	at net.bigpoint.assessment.gasstation.implementation.StationImplTest.testBuyGasDepleted(StationImplTest.java:147)
</failure>
    <system-err>Jul 06, 2014 12:56:58 PM net.bigpoint.assessment.gasstation.implementation.StationImplTest testBuyGasDepleted
SEVERE: Not enough gas
</system-err>
  </testcase>
  <testcase time="5.574" classname="net.bigpoint.assessment.gasstation.implementation.StationImplTest" name="testBuyGasDepleted">
    <failure message="expected [true] but found [false]" type="java.lang.AssertionError">java.lang.AssertionError: expected [true] but found [false]
	at org.testng.Assert.fail(Assert.java:94)
	at org.testng.Assert.failNotEquals(Assert.java:494)
	at org.testng.Assert.assertTrue(Assert.java:42)
	at org.testng.Assert.assertTrue(Assert.java:52)
	at net.bigpoint.assessment.gasstation.implementation.StationImplTest.testBuyGasDepleted(StationImplTest.java:147)
</failure>
    <system-err>Jul 06, 2014 12:56:58 PM net.bigpoint.assessment.gasstation.implementation.StationImplTest testBuyGasDepleted
SEVERE: Not enough gas
</system-err>
  </testcase>
  <testcase time="5.574" classname="net.bigpoint.assessment.gasstation.implementation.StationImplTest" name="testBuyGasDepleted">
    <failure message="expected [true] but found [false]" type="java.lang.AssertionError">java.lang.AssertionError: expected [true] but found [false]
	at org.testng.Assert.fail(Assert.java:94)
	at org.testng.Assert.failNotEquals(Assert.java:494)
	at org.testng.Assert.assertTrue(Assert.java:42)
	at org.testng.Assert.assertTrue(Assert.java:52)
	at net.bigpoint.assessment.gasstation.implementation.StationImplTest.testBuyGasDepleted(StationImplTest.java:147)
</failure>
    <system-err>Jul 06, 2014 12:56:58 PM net.bigpoint.assessment.gasstation.implementation.StationImplTest testBuyGasDepleted
SEVERE: Not enough gas
</system-err>
  </testcase>
  <testcase time="5.574" classname="net.bigpoint.assessment.gasstation.implementation.StationImplTest" name="testBuyGasDepleted">
    <failure message="expected [true] but found [false]" type="java.lang.AssertionError">java.lang.AssertionError: expected [true] but found [false]
	at org.testng.Assert.fail(Assert.java:94)
	at org.testng.Assert.failNotEquals(Assert.java:494)
	at org.testng.Assert.assertTrue(Assert.java:42)
	at org.testng.Assert.assertTrue(Assert.java:52)
	at net.bigpoint.assessment.gasstation.implementation.StationImplTest.testBuyGasDepleted(StationImplTest.java:147)
</failure>
    <system-err>Jul 06, 2014 12:56:58 PM net.bigpoint.assessment.gasstation.implementation.StationImplTest testBuyGasDepleted
SEVERE: Not enough gas
</system-err>
  </testcase>
  <testcase time="5.575" classname="net.bigpoint.assessment.gasstation.implementation.StationImplTest" name="testBuyGasDepleted">
    <failure message="expected [true] but found [false]" type="java.lang.AssertionError">java.lang.AssertionError: expected [true] but found [false]
	at org.testng.Assert.fail(Assert.java:94)
	at org.testng.Assert.failNotEquals(Assert.java:494)
	at org.testng.Assert.assertTrue(Assert.java:42)
	at org.testng.Assert.assertTrue(Assert.java:52)
	at net.bigpoint.assessment.gasstation.implementation.StationImplTest.testBuyGasDepleted(StationImplTest.java:147)
</failure>
    <system-err>Jul 06, 2014 12:56:58 PM net.bigpoint.assessment.gasstation.implementation.StationImplTest testBuyGasDepleted
SEVERE: Not enough gas
</system-err>
  </testcase>
  <testcase time="5.575" classname="net.bigpoint.assessment.gasstation.implementation.StationImplTest" name="testBuyGasDepleted">
    <failure message="expected [true] but found [false]" type="java.lang.AssertionError">java.lang.AssertionError: expected [true] but found [false]
	at org.testng.Assert.fail(Assert.java:94)
	at org.testng.Assert.failNotEquals(Assert.java:494)
	at org.testng.Assert.assertTrue(Assert.java:42)
	at org.testng.Assert.assertTrue(Assert.java:52)
	at net.bigpoint.assessment.gasstation.implementation.StationImplTest.testBuyGasDepleted(StationImplTest.java:147)
</failure>
  </testcase>
  <testcase time="5.575" classname="net.bigpoint.assessment.gasstation.implementation.StationImplTest" name="testBuyGasDepleted">
    <failure message="expected [true] but found [false]" type="java.lang.AssertionError">java.lang.AssertionError: expected [true] but found [false]
	at org.testng.Assert.fail(Assert.java:94)
	at org.testng.Assert.failNotEquals(Assert.java:494)
	at org.testng.Assert.assertTrue(Assert.java:42)
	at org.testng.Assert.assertTrue(Assert.java:52)
	at net.bigpoint.assessment.gasstation.implementation.StationImplTest.testBuyGasDepleted(StationImplTest.java:147)
</failure>
    <system-err>Jul 06, 2014 12:56:58 PM net.bigpoint.assessment.gasstation.implementation.StationImplTest testBuyGasDepleted
SEVERE: Not enough gas
</system-err>
  </testcase>
  <testcase time="5.575" classname="net.bigpoint.assessment.gasstation.implementation.StationImplTest" name="testBuyGasDepleted">
    <failure message="expected [true] but found [false]" type="java.lang.AssertionError">java.lang.AssertionError: expected [true] but found [false]
	at org.testng.Assert.fail(Assert.java:94)
	at org.testng.Assert.failNotEquals(Assert.java:494)
	at org.testng.Assert.assertTrue(Assert.java:42)
	at org.testng.Assert.assertTrue(Assert.java:52)
	at net.bigpoint.assessment.gasstation.implementation.StationImplTest.testBuyGasDepleted(StationImplTest.java:147)
</failure>
    <system-err>Jul 06, 2014 12:56:58 PM net.bigpoint.assessment.gasstation.implementation.StationImplTest testBuyGasDepleted
SEVERE: Not enough gas
</system-err>
  </testcase>
  <testcase time="5.576" classname="net.bigpoint.assessment.gasstation.implementation.StationImplTest" name="testBuyGasDepleted">
    <failure message="expected [true] but found [false]" type="java.lang.AssertionError">java.lang.AssertionError: expected [true] but found [false]
	at org.testng.Assert.fail(Assert.java:94)
	at org.testng.Assert.failNotEquals(Assert.java:494)
	at org.testng.Assert.assertTrue(Assert.java:42)
	at org.testng.Assert.assertTrue(Assert.java:52)
	at net.bigpoint.assessment.gasstation.implementation.StationImplTest.testBuyGasDepleted(StationImplTest.java:147)
</failure>
    <system-err>Jul 06, 2014 12:56:58 PM net.bigpoint.assessment.gasstation.implementation.StationImplTest testBuyGasDepleted
SEVERE: Not enough gas
</system-err>
  </testcase>
  <testcase time="5.576" classname="net.bigpoint.assessment.gasstation.implementation.StationImplTest" name="testBuyGasDepleted">
    <failure message="expected [true] but found [false]" type="java.lang.AssertionError">java.lang.AssertionError: expected [true] but found [false]
	at org.testng.Assert.fail(Assert.java:94)
	at org.testng.Assert.failNotEquals(Assert.java:494)
	at org.testng.Assert.assertTrue(Assert.java:42)
	at org.testng.Assert.assertTrue(Assert.java:52)
	at net.bigpoint.assessment.gasstation.implementation.StationImplTest.testBuyGasDepleted(StationImplTest.java:147)
</failure>
    <system-err>Jul 06, 2014 12:56:58 PM net.bigpoint.assessment.gasstation.implementation.StationImplTest testBuyGasDepleted
SEVERE: Not enough gas
</system-err>
  </testcase>
  <testcase time="5.576" classname="net.bigpoint.assessment.gasstation.implementation.StationImplTest" name="testBuyGasDepleted">
    <failure message="expected [true] but found [false]" type="java.lang.AssertionError">java.lang.AssertionError: expected [true] but found [false]
	at org.testng.Assert.fail(Assert.java:94)
	at org.testng.Assert.failNotEquals(Assert.java:494)
	at org.testng.Assert.assertTrue(Assert.java:42)
	at org.testng.Assert.assertTrue(Assert.java:52)
	at net.bigpoint.assessment.gasstation.implementation.StationImplTest.testBuyGasDepleted(StationImplTest.java:147)
</failure>
  </testcase>
  <testcase time="5.577" classname="net.bigpoint.assessment.gasstation.implementation.StationImplTest" name="testBuyGasDepleted">
    <failure message="expected [true] but found [false]" type="java.lang.AssertionError">java.lang.AssertionError: expected [true] but found [false]
	at org.testng.Assert.fail(Assert.java:94)
	at org.testng.Assert.failNotEquals(Assert.java:494)
	at org.testng.Assert.assertTrue(Assert.java:42)
	at org.testng.Assert.assertTrue(Assert.java:52)
	at net.bigpoint.assessment.gasstation.implementation.StationImplTest.testBuyGasDepleted(StationImplTest.java:147)
</failure>
    <system-err>Jul 06, 2014 12:56:58 PM net.bigpoint.assessment.gasstation.implementation.StationImplTest testBuyGasDepleted
SEVERE: Not enough gas
</system-err>
  </testcase>
  <testcase time="5.577" classname="net.bigpoint.assessment.gasstation.implementation.StationImplTest" name="testBuyGasDepleted">
    <failure message="expected [true] but found [false]" type="java.lang.AssertionError">java.lang.AssertionError: expected [true] but found [false]
	at org.testng.Assert.fail(Assert.java:94)
	at org.testng.Assert.failNotEquals(Assert.java:494)
	at org.testng.Assert.assertTrue(Assert.java:42)
	at org.testng.Assert.assertTrue(Assert.java:52)
	at net.bigpoint.assessment.gasstation.implementation.StationImplTest.testBuyGasDepleted(StationImplTest.java:147)
</failure>
  </testcase>
  <testcase time="5.578" classname="net.bigpoint.assessment.gasstation.implementation.StationImplTest" name="testBuyGasDepleted">
    <failure message="expected [true] but found [false]" type="java.lang.AssertionError">java.lang.AssertionError: expected [true] but found [false]
	at org.testng.Assert.fail(Assert.java:94)
	at org.testng.Assert.failNotEquals(Assert.java:494)
	at org.testng.Assert.assertTrue(Assert.java:42)
	at org.testng.Assert.assertTrue(Assert.java:52)
	at net.bigpoint.assessment.gasstation.implementation.StationImplTest.testBuyGasDepleted(StationImplTest.java:147)
</failure>
    <system-err>Jul 06, 2014 12:56:58 PM net.bigpoint.assessment.gasstation.implementation.StationImplTest testBuyGasDepleted
SEVERE: Not enough gas
Jul 06, 2014 12:56:58 PM net.bigpoint.assessment.gasstation.implementation.StationImplTest testBuyGasDepleted
SEVERE: Not enough gas
</system-err>
  </testcase>
  <testcase time="5.578" classname="net.bigpoint.assessment.gasstation.implementation.StationImplTest" name="testBuyGasDepleted">
    <failure message="expected [true] but found [false]" type="java.lang.AssertionError">java.lang.AssertionError: expected [true] but found [false]
	at org.testng.Assert.fail(Assert.java:94)
	at org.testng.Assert.failNotEquals(Assert.java:494)
	at org.testng.Assert.assertTrue(Assert.java:42)
	at org.testng.Assert.assertTrue(Assert.java:52)
	at net.bigpoint.assessment.gasstation.implementation.StationImplTest.testBuyGasDepleted(StationImplTest.java:147)
</failure>
  </testcase>
  <testcase time="5.578" classname="net.bigpoint.assessment.gasstation.implementation.StationImplTest" name="testBuyGasDepleted">
    <failure message="expected [true] but found [false]" type="java.lang.AssertionError">java.lang.AssertionError: expected [true] but found [false]
	at org.testng.Assert.fail(Assert.java:94)
	at org.testng.Assert.failNotEquals(Assert.java:494)
	at org.testng.Assert.assertTrue(Assert.java:42)
	at org.testng.Assert.assertTrue(Assert.java:52)
	at net.bigpoint.assessment.gasstation.implementation.StationImplTest.testBuyGasDepleted(StationImplTest.java:147)
</failure>
  </testcase>
  <testcase time="5.579" classname="net.bigpoint.assessment.gasstation.implementation.StationImplTest" name="testBuyGasDepleted">
    <failure message="expected [true] but found [false]" type="java.lang.AssertionError">java.lang.AssertionError: expected [true] but found [false]
	at org.testng.Assert.fail(Assert.java:94)
	at org.testng.Assert.failNotEquals(Assert.java:494)
	at org.testng.Assert.assertTrue(Assert.java:42)
	at org.testng.Assert.assertTrue(Assert.java:52)
	at net.bigpoint.assessment.gasstation.implementation.StationImplTest.testBuyGasDepleted(StationImplTest.java:147)
</failure>
    <system-err>Jul 06, 2014 12:56:58 PM net.bigpoint.assessment.gasstation.implementation.StationImplTest testBuyGasDepleted
SEVERE: Not enough gas
Jul 06, 2014 12:56:58 PM net.bigpoint.assessment.gasstation.implementation.StationImplTest testBuyGasDepleted
SEVERE: Not enough gas
</system-err>
  </testcase>
  <testcase time="5.579" classname="net.bigpoint.assessment.gasstation.implementation.StationImplTest" name="testBuyGasDepleted">
    <failure message="expected [true] but found [false]" type="java.lang.AssertionError">java.lang.AssertionError: expected [true] but found [false]
	at org.testng.Assert.fail(Assert.java:94)
	at org.testng.Assert.failNotEquals(Assert.java:494)
	at org.testng.Assert.assertTrue(Assert.java:42)
	at org.testng.Assert.assertTrue(Assert.java:52)
	at net.bigpoint.assessment.gasstation.implementation.StationImplTest.testBuyGasDepleted(StationImplTest.java:147)
</failure>
    <system-err>Jul 06, 2014 12:56:58 PM net.bigpoint.assessment.gasstation.implementation.StationImplTest testBuyGasDepleted
SEVERE: Not enough gas
</system-err>
  </testcase>
  <testcase time="5.579" classname="net.bigpoint.assessment.gasstation.implementation.StationImplTest" name="testBuyGasDepleted">
    <failure message="expected [true] but found [false]" type="java.lang.AssertionError">java.lang.AssertionError: expected [true] but found [false]
	at org.testng.Assert.fail(Assert.java:94)
	at org.testng.Assert.failNotEquals(Assert.java:494)
	at org.testng.Assert.assertTrue(Assert.java:42)
	at org.testng.Assert.assertTrue(Assert.java:52)
	at net.bigpoint.assessment.gasstation.implementation.StationImplTest.testBuyGasDepleted(StationImplTest.java:147)
</failure>
  </testcase>
  <testcase time="5.58" classname="net.bigpoint.assessment.gasstation.implementation.StationImplTest" name="testBuyGasDepleted">
    <failure message="expected [true] but found [false]" type="java.lang.AssertionError">java.lang.AssertionError: expected [true] but found [false]
	at org.testng.Assert.fail(Assert.java:94)
	at org.testng.Assert.failNotEquals(Assert.java:494)
	at org.testng.Assert.assertTrue(Assert.java:42)
	at org.testng.Assert.assertTrue(Assert.java:52)
	at net.bigpoint.assessment.gasstation.implementation.StationImplTest.testBuyGasDepleted(StationImplTest.java:147)
</failure>
  </testcase>
  <testcase time="5.58" classname="net.bigpoint.assessment.gasstation.implementation.StationImplTest" name="testBuyGasDepleted">
    <failure message="expected [true] but found [false]" type="java.lang.AssertionError">java.lang.AssertionError: expected [true] but found [false]
	at org.testng.Assert.fail(Assert.java:94)
	at org.testng.Assert.failNotEquals(Assert.java:494)
	at org.testng.Assert.assertTrue(Assert.java:42)
	at org.testng.Assert.assertTrue(Assert.java:52)
	at net.bigpoint.assessment.gasstation.implementation.StationImplTest.testBuyGasDepleted(StationImplTest.java:147)
</failure>
    <system-err>Jul 06, 2014 12:56:58 PM net.bigpoint.assessment.gasstation.implementation.StationImplTest testBuyGasDepleted
SEVERE: Not enough gas
Jul 06, 2014 12:56:58 PM net.bigpoint.assessment.gasstation.implementation.StationImplTest testBuyGasDepleted
SEVERE: Not enough gas
</system-err>
  </testcase>
  <testcase time="5.581" classname="net.bigpoint.assessment.gasstation.implementation.StationImplTest" name="testBuyGasDepleted">
    <failure message="expected [true] but found [false]" type="java.lang.AssertionError">java.lang.AssertionError: expected [true] but found [false]
	at org.testng.Assert.fail(Assert.java:94)
	at org.testng.Assert.failNotEquals(Assert.java:494)
	at org.testng.Assert.assertTrue(Assert.java:42)
	at org.testng.Assert.assertTrue(Assert.java:52)
	at net.bigpoint.assessment.gasstation.implementation.StationImplTest.testBuyGasDepleted(StationImplTest.java:147)
</failure>
    <system-err>Jul 06, 2014 12:56:58 PM net.bigpoint.assessment.gasstation.implementation.StationImplTest testBuyGasDepleted
SEVERE: Not enough gas
</system-err>
  </testcase>
  <testcase time="5.581" classname="net.bigpoint.assessment.gasstation.implementation.StationImplTest" name="testBuyGasDepleted">
    <failure message="expected [true] but found [false]" type="java.lang.AssertionError">java.lang.AssertionError: expected [true] but found [false]
	at org.testng.Assert.fail(Assert.java:94)
	at org.testng.Assert.failNotEquals(Assert.java:494)
	at org.testng.Assert.assertTrue(Assert.java:42)
	at org.testng.Assert.assertTrue(Assert.java:52)
	at net.bigpoint.assessment.gasstation.implementation.StationImplTest.testBuyGasDepleted(StationImplTest.java:147)
</failure>
    <system-err>Jul 06, 2014 12:56:58 PM net.bigpoint.assessment.gasstation.implementation.StationImplTest testBuyGasDepleted
SEVERE: Not enough gas
</system-err>
  </testcase>
  <testcase time="5.581" classname="net.bigpoint.assessment.gasstation.implementation.StationImplTest" name="testBuyGasDepleted">
    <failure message="expected [true] but found [false]" type="java.lang.AssertionError">java.lang.AssertionError: expected [true] but found [false]
	at org.testng.Assert.fail(Assert.java:94)
	at org.testng.Assert.failNotEquals(Assert.java:494)
	at org.testng.Assert.assertTrue(Assert.java:42)
	at org.testng.Assert.assertTrue(Assert.java:52)
	at net.bigpoint.assessment.gasstation.implementation.StationImplTest.testBuyGasDepleted(StationImplTest.java:147)
</failure>
  </testcase>
  <testcase time="5.582" classname="net.bigpoint.assessment.gasstation.implementation.StationImplTest" name="testBuyGasDepleted">
    <failure message="expected [true] but found [false]" type="java.lang.AssertionError">java.lang.AssertionError: expected [true] but found [false]
	at org.testng.Assert.fail(Assert.java:94)
	at org.testng.Assert.failNotEquals(Assert.java:494)
	at org.testng.Assert.assertTrue(Assert.java:42)
	at org.testng.Assert.assertTrue(Assert.java:52)
	at net.bigpoint.assessment.gasstation.implementation.StationImplTest.testBuyGasDepleted(StationImplTest.java:147)
</failure>
  </testcase>
  <testcase time="5.582" classname="net.bigpoint.assessment.gasstation.implementation.StationImplTest" name="testBuyGasDepleted">
    <failure message="expected [true] but found [false]" type="java.lang.AssertionError">java.lang.AssertionError: expected [true] but found [false]
	at org.testng.Assert.fail(Assert.java:94)
	at org.testng.Assert.failNotEquals(Assert.java:494)
	at org.testng.Assert.assertTrue(Assert.java:42)
	at org.testng.Assert.assertTrue(Assert.java:52)
	at net.bigpoint.assessment.gasstation.implementation.StationImplTest.testBuyGasDepleted(StationImplTest.java:147)
</failure>
    <system-err>Jul 06, 2014 12:56:58 PM net.bigpoint.assessment.gasstation.implementation.StationImplTest testBuyGasDepleted
SEVERE: Not enough gas
Jul 06, 2014 12:56:58 PM net.bigpoint.assessment.gasstation.implementation.StationImplTest testBuyGasDepleted
SEVERE: Not enough gas
</system-err>
  </testcase>
  <testcase time="5.583" classname="net.bigpoint.assessment.gasstation.implementation.StationImplTest" name="testBuyGasDepleted">
    <failure message="expected [true] but found [false]" type="java.lang.AssertionError">java.lang.AssertionError: expected [true] but found [false]
	at org.testng.Assert.fail(Assert.java:94)
	at org.testng.Assert.failNotEquals(Assert.java:494)
	at org.testng.Assert.assertTrue(Assert.java:42)
	at org.testng.Assert.assertTrue(Assert.java:52)
	at net.bigpoint.assessment.gasstation.implementation.StationImplTest.testBuyGasDepleted(StationImplTest.java:147)
</failure>
  </testcase>
  <testcase time="5.583" classname="net.bigpoint.assessment.gasstation.implementation.StationImplTest" name="testBuyGasDepleted">
    <failure message="expected [true] but found [false]" type="java.lang.AssertionError">java.lang.AssertionError: expected [true] but found [false]
	at org.testng.Assert.fail(Assert.java:94)
	at org.testng.Assert.failNotEquals(Assert.java:494)
	at org.testng.Assert.assertTrue(Assert.java:42)
	at org.testng.Assert.assertTrue(Assert.java:52)
	at net.bigpoint.assessment.gasstation.implementation.StationImplTest.testBuyGasDepleted(StationImplTest.java:147)
</failure>
    <system-err>Jul 06, 2014 12:56:58 PM net.bigpoint.assessment.gasstation.implementation.StationImplTest testBuyGasDepleted
SEVERE: Not enough gas
</system-err>
  </testcase>
  <testcase time="5.583" classname="net.bigpoint.assessment.gasstation.implementation.StationImplTest" name="testBuyGasDepleted">
    <failure message="expected [true] but found [false]" type="java.lang.AssertionError">java.lang.AssertionError: expected [true] but found [false]
	at org.testng.Assert.fail(Assert.java:94)
	at org.testng.Assert.failNotEquals(Assert.java:494)
	at org.testng.Assert.assertTrue(Assert.java:42)
	at org.testng.Assert.assertTrue(Assert.java:52)
	at net.bigpoint.assessment.gasstation.implementation.StationImplTest.testBuyGasDepleted(StationImplTest.java:147)
</failure>
  </testcase>
  <testcase time="5.584" classname="net.bigpoint.assessment.gasstation.implementation.StationImplTest" name="testBuyGasDepleted">
    <failure message="expected [true] but found [false]" type="java.lang.AssertionError">java.lang.AssertionError: expected [true] but found [false]
	at org.testng.Assert.fail(Assert.java:94)
	at org.testng.Assert.failNotEquals(Assert.java:494)
	at org.testng.Assert.assertTrue(Assert.java:42)
	at org.testng.Assert.assertTrue(Assert.java:52)
	at net.bigpoint.assessment.gasstation.implementation.StationImplTest.testBuyGasDepleted(StationImplTest.java:147)
</failure>
    <system-err>Jul 06, 2014 12:56:58 PM net.bigpoint.assessment.gasstation.implementation.StationImplTest testBuyGasDepleted
SEVERE: Not enough gas
Jul 06, 2014 12:56:58 PM net.bigpoint.assessment.gasstation.implementation.StationImplTest testBuyGasDepleted
SEVERE: Not enough gas
</system-err>
  </testcase>
  <testcase time="5.585" classname="net.bigpoint.assessment.gasstation.implementation.StationImplTest" name="testBuyGasDepleted">
    <failure message="expected [true] but found [false]" type="java.lang.AssertionError">java.lang.AssertionError: expected [true] but found [false]
	at org.testng.Assert.fail(Assert.java:94)
	at org.testng.Assert.failNotEquals(Assert.java:494)
	at org.testng.Assert.assertTrue(Assert.java:42)
	at org.testng.Assert.assertTrue(Assert.java:52)
	at net.bigpoint.assessment.gasstation.implementation.StationImplTest.testBuyGasDepleted(StationImplTest.java:147)
</failure>
  </testcase>
  <testcase time="5.585" classname="net.bigpoint.assessment.gasstation.implementation.StationImplTest" name="testBuyGasDepleted">
    <failure message="expected [true] but found [false]" type="java.lang.AssertionError">java.lang.AssertionError: expected [true] but found [false]
	at org.testng.Assert.fail(Assert.java:94)
	at org.testng.Assert.failNotEquals(Assert.java:494)
	at org.testng.Assert.assertTrue(Assert.java:42)
	at org.testng.Assert.assertTrue(Assert.java:52)
	at net.bigpoint.assessment.gasstation.implementation.StationImplTest.testBuyGasDepleted(StationImplTest.java:147)
</failure>
    <system-err>Jul 06, 2014 12:56:58 PM net.bigpoint.assessment.gasstation.implementation.StationImplTest testBuyGasDepleted
SEVERE: Not enough gas
Jul 06, 2014 12:56:58 PM net.bigpoint.assessment.gasstation.implementation.StationImplTest testBuyGasDepleted
SEVERE: Not enough gas
</system-err>
  </testcase>
  <testcase time="5.586" classname="net.bigpoint.assessment.gasstation.implementation.StationImplTest" name="testBuyGasDepleted">
    <failure message="expected [true] but found [false]" type="java.lang.AssertionError">java.lang.AssertionError: expected [true] but found [false]
	at org.testng.Assert.fail(Assert.java:94)
	at org.testng.Assert.failNotEquals(Assert.java:494)
	at org.testng.Assert.assertTrue(Assert.java:42)
	at org.testng.Assert.assertTrue(Assert.java:52)
	at net.bigpoint.assessment.gasstation.implementation.StationImplTest.testBuyGasDepleted(StationImplTest.java:147)
</failure>
  </testcase>
  <testcase time="5.586" classname="net.bigpoint.assessment.gasstation.implementation.StationImplTest" name="testBuyGasDepleted">
    <failure message="expected [true] but found [false]" type="java.lang.AssertionError">java.lang.AssertionError: expected [true] but found [false]
	at org.testng.Assert.fail(Assert.java:94)
	at org.testng.Assert.failNotEquals(Assert.java:494)
	at org.testng.Assert.assertTrue(Assert.java:42)
	at org.testng.Assert.assertTrue(Assert.java:52)
	at net.bigpoint.assessment.gasstation.implementation.StationImplTest.testBuyGasDepleted(StationImplTest.java:147)
</failure>
  </testcase>
  <testcase time="5.587" classname="net.bigpoint.assessment.gasstation.implementation.StationImplTest" name="testBuyGasDepleted">
    <failure message="expected [true] but found [false]" type="java.lang.AssertionError">java.lang.AssertionError: expected [true] but found [false]
	at org.testng.Assert.fail(Assert.java:94)
	at org.testng.Assert.failNotEquals(Assert.java:494)
	at org.testng.Assert.assertTrue(Assert.java:42)
	at org.testng.Assert.assertTrue(Assert.java:52)
	at net.bigpoint.assessment.gasstation.implementation.StationImplTest.testBuyGasDepleted(StationImplTest.java:147)
</failure>
    <system-err>Jul 06, 2014 12:56:58 PM net.bigpoint.assessment.gasstation.implementation.StationImplTest testBuyGasDepleted
SEVERE: Not enough gas
Jul 06, 2014 12:56:58 PM net.bigpoint.assessment.gasstation.implementation.StationImplTest testBuyGasDepleted
SEVERE: Not enough gas
</system-err>
  </testcase>
  <testcase time="5.588" classname="net.bigpoint.assessment.gasstation.implementation.StationImplTest" name="testBuyGasDepleted">
    <failure message="expected [true] but found [false]" type="java.lang.AssertionError">java.lang.AssertionError: expected [true] but found [false]
	at org.testng.Assert.fail(Assert.java:94)
	at org.testng.Assert.failNotEquals(Assert.java:494)
	at org.testng.Assert.assertTrue(Assert.java:42)
	at org.testng.Assert.assertTrue(Assert.java:52)
	at net.bigpoint.assessment.gasstation.implementation.StationImplTest.testBuyGasDepleted(StationImplTest.java:147)
</failure>
    <system-err>Jul 06, 2014 12:56:58 PM net.bigpoint.assessment.gasstation.implementation.StationImplTest testBuyGasDepleted
SEVERE: Not enough gas
</system-err>
  </testcase>
  <testcase time="5.588" classname="net.bigpoint.assessment.gasstation.implementation.StationImplTest" name="testBuyGasDepleted">
    <failure message="expected [true] but found [false]" type="java.lang.AssertionError">java.lang.AssertionError: expected [true] but found [false]
	at org.testng.Assert.fail(Assert.java:94)
	at org.testng.Assert.failNotEquals(Assert.java:494)
	at org.testng.Assert.assertTrue(Assert.java:42)
	at org.testng.Assert.assertTrue(Assert.java:52)
	at net.bigpoint.assessment.gasstation.implementation.StationImplTest.testBuyGasDepleted(StationImplTest.java:147)
</failure>
  </testcase>
  <testcase time="5.588" classname="net.bigpoint.assessment.gasstation.implementation.StationImplTest" name="testBuyGasDepleted">
    <failure message="expected [true] but found [false]" type="java.lang.AssertionError">java.lang.AssertionError: expected [true] but found [false]
	at org.testng.Assert.fail(Assert.java:94)
	at org.testng.Assert.failNotEquals(Assert.java:494)
	at org.testng.Assert.assertTrue(Assert.java:42)
	at org.testng.Assert.assertTrue(Assert.java:52)
	at net.bigpoint.assessment.gasstation.implementation.StationImplTest.testBuyGasDepleted(StationImplTest.java:147)
</failure>
    <system-err>Jul 06, 2014 12:56:58 PM net.bigpoint.assessment.gasstation.implementation.StationImplTest testBuyGasDepleted
SEVERE: Not enough gas
</system-err>
  </testcase>
  <testcase time="5.588" classname="net.bigpoint.assessment.gasstation.implementation.StationImplTest" name="testBuyGasDepleted">
    <failure message="expected [true] but found [false]" type="java.lang.AssertionError">java.lang.AssertionError: expected [true] but found [false]
	at org.testng.Assert.fail(Assert.java:94)
	at org.testng.Assert.failNotEquals(Assert.java:494)
	at org.testng.Assert.assertTrue(Assert.java:42)
	at org.testng.Assert.assertTrue(Assert.java:52)
	at net.bigpoint.assessment.gasstation.implementation.StationImplTest.testBuyGasDepleted(StationImplTest.java:147)
</failure>
  </testcase>
  <testcase time="5.589" classname="net.bigpoint.assessment.gasstation.implementation.StationImplTest" name="testBuyGasDepleted">
    <failure message="expected [true] but found [false]" type="java.lang.AssertionError">java.lang.AssertionError: expected [true] but found [false]
	at org.testng.Assert.fail(Assert.java:94)
	at org.testng.Assert.failNotEquals(Assert.java:494)
	at org.testng.Assert.assertTrue(Assert.java:42)
	at org.testng.Assert.assertTrue(Assert.java:52)
	at net.bigpoint.assessment.gasstation.implementation.StationImplTest.testBuyGasDepleted(StationImplTest.java:147)
</failure>
    <system-err>Jul 06, 2014 12:56:58 PM net.bigpoint.assessment.gasstation.implementation.StationImplTest testBuyGasDepleted
SEVERE: Not enough gas
Jul 06, 2014 12:56:58 PM net.bigpoint.assessment.gasstation.implementation.StationImplTest testBuyGasDepleted
SEVERE: Not enough gas
</system-err>
  </testcase>
  <testcase time="5.589" classname="net.bigpoint.assessment.gasstation.implementation.StationImplTest" name="testBuyGasDepleted">
    <failure message="expected [true] but found [false]" type="java.lang.AssertionError">java.lang.AssertionError: expected [true] but found [false]
	at org.testng.Assert.fail(Assert.java:94)
	at org.testng.Assert.failNotEquals(Assert.java:494)
	at org.testng.Assert.assertTrue(Assert.java:42)
	at org.testng.Assert.assertTrue(Assert.java:52)
	at net.bigpoint.assessment.gasstation.implementation.StationImplTest.testBuyGasDepleted(StationImplTest.java:147)
</failure>
  </testcase>
  <testcase time="5.589" classname="net.bigpoint.assessment.gasstation.implementation.StationImplTest" name="testBuyGasDepleted">
    <failure message="expected [true] but found [false]" type="java.lang.AssertionError">java.lang.AssertionError: expected [true] but found [false]
	at org.testng.Assert.fail(Assert.java:94)
	at org.testng.Assert.failNotEquals(Assert.java:494)
	at org.testng.Assert.assertTrue(Assert.java:42)
	at org.testng.Assert.assertTrue(Assert.java:52)
	at net.bigpoint.assessment.gasstation.implementation.StationImplTest.testBuyGasDepleted(StationImplTest.java:147)
</failure>
    <system-err>Jul 06, 2014 12:56:58 PM net.bigpoint.assessment.gasstation.implementation.StationImplTest testBuyGasDepleted
SEVERE: Not enough gas
Jul 06, 2014 12:56:58 PM net.bigpoint.assessment.gasstation.implementation.StationImplTest testBuyGasDepleted
SEVERE: Not enough gas
</system-err>
  </testcase>
  <testcase time="5.59" classname="net.bigpoint.assessment.gasstation.implementation.StationImplTest" name="testBuyGasDepleted">
    <failure message="expected [true] but found [false]" type="java.lang.AssertionError">java.lang.AssertionError: expected [true] but found [false]
	at org.testng.Assert.fail(Assert.java:94)
	at org.testng.Assert.failNotEquals(Assert.java:494)
	at org.testng.Assert.assertTrue(Assert.java:42)
	at org.testng.Assert.assertTrue(Assert.java:52)
	at net.bigpoint.assessment.gasstation.implementation.StationImplTest.testBuyGasDepleted(StationImplTest.java:147)
</failure>
    <system-err>Jul 06, 2014 12:56:58 PM net.bigpoint.assessment.gasstation.implementation.StationImplTest testBuyGasDepleted
SEVERE: Not enough gas
</system-err>
  </testcase>
  <testcase time="5.59" classname="net.bigpoint.assessment.gasstation.implementation.StationImplTest" name="testBuyGasDepleted">
    <failure message="expected [true] but found [false]" type="java.lang.AssertionError">java.lang.AssertionError: expected [true] but found [false]
	at org.testng.Assert.fail(Assert.java:94)
	at org.testng.Assert.failNotEquals(Assert.java:494)
	at org.testng.Assert.assertTrue(Assert.java:42)
	at org.testng.Assert.assertTrue(Assert.java:52)
	at net.bigpoint.assessment.gasstation.implementation.StationImplTest.testBuyGasDepleted(StationImplTest.java:147)
</failure>
    <system-err>Jul 06, 2014 12:56:58 PM net.bigpoint.assessment.gasstation.implementation.StationImplTest testBuyGasDepleted
SEVERE: Not enough gas
</system-err>
  </testcase>
  <testcase time="5.591" classname="net.bigpoint.assessment.gasstation.implementation.StationImplTest" name="testBuyGasDepleted">
    <failure message="expected [true] but found [false]" type="java.lang.AssertionError">java.lang.AssertionError: expected [true] but found [false]
	at org.testng.Assert.fail(Assert.java:94)
	at org.testng.Assert.failNotEquals(Assert.java:494)
	at org.testng.Assert.assertTrue(Assert.java:42)
	at org.testng.Assert.assertTrue(Assert.java:52)
	at net.bigpoint.assessment.gasstation.implementation.StationImplTest.testBuyGasDepleted(StationImplTest.java:147)
</failure>
  </testcase>
  <testcase time="5.591" classname="net.bigpoint.assessment.gasstation.implementation.StationImplTest" name="testBuyGasDepleted">
    <failure message="expected [true] but found [false]" type="java.lang.AssertionError">java.lang.AssertionError: expected [true] but found [false]
	at org.testng.Assert.fail(Assert.java:94)
	at org.testng.Assert.failNotEquals(Assert.java:494)
	at org.testng.Assert.assertTrue(Assert.java:42)
	at org.testng.Assert.assertTrue(Assert.java:52)
	at net.bigpoint.assessment.gasstation.implementation.StationImplTest.testBuyGasDepleted(StationImplTest.java:147)
</failure>
    <system-err>Jul 06, 2014 12:56:58 PM net.bigpoint.assessment.gasstation.implementation.StationImplTest testBuyGasDepleted
SEVERE: Not enough gas
</system-err>
  </testcase>
  <testcase time="5.591" classname="net.bigpoint.assessment.gasstation.implementation.StationImplTest" name="testBuyGasDepleted">
    <failure message="expected [true] but found [false]" type="java.lang.AssertionError">java.lang.AssertionError: expected [true] but found [false]
	at org.testng.Assert.fail(Assert.java:94)
	at org.testng.Assert.failNotEquals(Assert.java:494)
	at org.testng.Assert.assertTrue(Assert.java:42)
	at org.testng.Assert.assertTrue(Assert.java:52)
	at net.bigpoint.assessment.gasstation.implementation.StationImplTest.testBuyGasDepleted(StationImplTest.java:147)
</failure>
  </testcase>
  <testcase time="5.592" classname="net.bigpoint.assessment.gasstation.implementation.StationImplTest" name="testBuyGasDepleted">
    <failure message="expected [true] but found [false]" type="java.lang.AssertionError">java.lang.AssertionError: expected [true] but found [false]
	at org.testng.Assert.fail(Assert.java:94)
	at org.testng.Assert.failNotEquals(Assert.java:494)
	at org.testng.Assert.assertTrue(Assert.java:42)
	at org.testng.Assert.assertTrue(Assert.java:52)
	at net.bigpoint.assessment.gasstation.implementation.StationImplTest.testBuyGasDepleted(StationImplTest.java:147)
</failure>
    <system-err>Jul 06, 2014 12:56:58 PM net.bigpoint.assessment.gasstation.implementation.StationImplTest testBuyGasDepleted
SEVERE: Not enough gas
Jul 06, 2014 12:56:58 PM net.bigpoint.assessment.gasstation.implementation.StationImplTest testBuyGasDepleted
SEVERE: Not enough gas
</system-err>
  </testcase>
  <testcase time="5.592" classname="net.bigpoint.assessment.gasstation.implementation.StationImplTest" name="testBuyGasDepleted">
    <failure message="expected [true] but found [false]" type="java.lang.AssertionError">java.lang.AssertionError: expected [true] but found [false]
	at org.testng.Assert.fail(Assert.java:94)
	at org.testng.Assert.failNotEquals(Assert.java:494)
	at org.testng.Assert.assertTrue(Assert.java:42)
	at org.testng.Assert.assertTrue(Assert.java:52)
	at net.bigpoint.assessment.gasstation.implementation.StationImplTest.testBuyGasDepleted(StationImplTest.java:147)
</failure>
    <system-err>Jul 06, 2014 12:56:58 PM net.bigpoint.assessment.gasstation.implementation.StationImplTest testBuyGasDepleted
SEVERE: Not enough gas
</system-err>
  </testcase>
  <testcase time="5.592" classname="net.bigpoint.assessment.gasstation.implementation.StationImplTest" name="testBuyGasDepleted">
    <failure message="expected [true] but found [false]" type="java.lang.AssertionError">java.lang.AssertionError: expected [true] but found [false]
	at org.testng.Assert.fail(Assert.java:94)
	at org.testng.Assert.failNotEquals(Assert.java:494)
	at org.testng.Assert.assertTrue(Assert.java:42)
	at org.testng.Assert.assertTrue(Assert.java:52)
	at net.bigpoint.assessment.gasstation.implementation.StationImplTest.testBuyGasDepleted(StationImplTest.java:147)
</failure>
  </testcase>
  <testcase time="5.593" classname="net.bigpoint.assessment.gasstation.implementation.StationImplTest" name="testBuyGasDepleted">
    <failure message="expected [true] but found [false]" type="java.lang.AssertionError">java.lang.AssertionError: expected [true] but found [false]
	at org.testng.Assert.fail(Assert.java:94)
	at org.testng.Assert.failNotEquals(Assert.java:494)
	at org.testng.Assert.assertTrue(Assert.java:42)
	at org.testng.Assert.assertTrue(Assert.java:52)
	at net.bigpoint.assessment.gasstation.implementation.StationImplTest.testBuyGasDepleted(StationImplTest.java:147)
</failure>
    <system-err>Jul 06, 2014 12:56:58 PM net.bigpoint.assessment.gasstation.implementation.StationImplTest testBuyGasDepleted
SEVERE: Not enough gas
</system-err>
  </testcase>
  <testcase time="5.594" classname="net.bigpoint.assessment.gasstation.implementation.StationImplTest" name="testBuyGasDepleted">
    <failure message="expected [true] but found [false]" type="java.lang.AssertionError">java.lang.AssertionError: expected [true] but found [false]
	at org.testng.Assert.fail(Assert.java:94)
	at org.testng.Assert.failNotEquals(Assert.java:494)
	at org.testng.Assert.assertTrue(Assert.java:42)
	at org.testng.Assert.assertTrue(Assert.java:52)
	at net.bigpoint.assessment.gasstation.implementation.StationImplTest.testBuyGasDepleted(StationImplTest.java:147)
</failure>
  </testcase>
  <testcase time="5.594" classname="net.bigpoint.assessment.gasstation.implementation.StationImplTest" name="testBuyGasDepleted">
    <failure message="expected [true] but found [false]" type="java.lang.AssertionError">java.lang.AssertionError: expected [true] but found [false]
	at org.testng.Assert.fail(Assert.java:94)
	at org.testng.Assert.failNotEquals(Assert.java:494)
	at org.testng.Assert.assertTrue(Assert.java:42)
	at org.testng.Assert.assertTrue(Assert.java:52)
	at net.bigpoint.assessment.gasstation.implementation.StationImplTest.testBuyGasDepleted(StationImplTest.java:147)
</failure>
    <system-err>Jul 06, 2014 12:56:58 PM net.bigpoint.assessment.gasstation.implementation.StationImplTest testBuyGasDepleted
SEVERE: Not enough gas
</system-err>
  </testcase>
  <testcase time="5.595" classname="net.bigpoint.assessment.gasstation.implementation.StationImplTest" name="testBuyGasDepleted">
    <failure message="expected [true] but found [false]" type="java.lang.AssertionError">java.lang.AssertionError: expected [true] but found [false]
	at org.testng.Assert.fail(Assert.java:94)
	at org.testng.Assert.failNotEquals(Assert.java:494)
	at org.testng.Assert.assertTrue(Assert.java:42)
	at org.testng.Assert.assertTrue(Assert.java:52)
	at net.bigpoint.assessment.gasstation.implementation.StationImplTest.testBuyGasDepleted(StationImplTest.java:147)
</failure>
    <system-err>Jul 06, 2014 12:56:58 PM net.bigpoint.assessment.gasstation.implementation.StationImplTest testBuyGasDepleted
SEVERE: Not enough gas
</system-err>
  </testcase>
  <testcase time="5.597" classname="net.bigpoint.assessment.gasstation.implementation.StationImplTest" name="testBuyGasDepleted">
    <failure message="expected [true] but found [false]" type="java.lang.AssertionError">java.lang.AssertionError: expected [true] but found [false]
	at org.testng.Assert.fail(Assert.java:94)
	at org.testng.Assert.failNotEquals(Assert.java:494)
	at org.testng.Assert.assertTrue(Assert.java:42)
	at org.testng.Assert.assertTrue(Assert.java:52)
	at net.bigpoint.assessment.gasstation.implementation.StationImplTest.testBuyGasDepleted(StationImplTest.java:147)
</failure>
    <system-err>Jul 06, 2014 12:56:58 PM net.bigpoint.assessment.gasstation.implementation.StationImplTest testBuyGasDepleted
SEVERE: Not enough gas
</system-err>
  </testcase>
  <testcase time="5.598" classname="net.bigpoint.assessment.gasstation.implementation.StationImplTest" name="testBuyGasDepleted">
    <failure message="expected [true] but found [false]" type="java.lang.AssertionError">java.lang.AssertionError: expected [true] but found [false]
	at org.testng.Assert.fail(Assert.java:94)
	at org.testng.Assert.failNotEquals(Assert.java:494)
	at org.testng.Assert.assertTrue(Assert.java:42)
	at org.testng.Assert.assertTrue(Assert.java:52)
	at net.bigpoint.assessment.gasstation.implementation.StationImplTest.testBuyGasDepleted(StationImplTest.java:147)
</failure>
    <system-err>Jul 06, 2014 12:56:58 PM net.bigpoint.assessment.gasstation.implementation.StationImplTest testBuyGasDepleted
SEVERE: Not enough gas
</system-err>
  </testcase>
  <testcase time="5.599" classname="net.bigpoint.assessment.gasstation.implementation.StationImplTest" name="testBuyGasDepleted">
    <failure message="expected [true] but found [false]" type="java.lang.AssertionError">java.lang.AssertionError: expected [true] but found [false]
	at org.testng.Assert.fail(Assert.java:94)
	at org.testng.Assert.failNotEquals(Assert.java:494)
	at org.testng.Assert.assertTrue(Assert.java:42)
	at org.testng.Assert.assertTrue(Assert.java:52)
	at net.bigpoint.assessment.gasstation.implementation.StationImplTest.testBuyGasDepleted(StationImplTest.java:147)
</failure>
    <system-err>Jul 06, 2014 12:56:58 PM net.bigpoint.assessment.gasstation.implementation.StationImplTest testBuyGasDepleted
SEVERE: Not enough gas
</system-err>
  </testcase>
  <testcase time="5.601" classname="net.bigpoint.assessment.gasstation.implementation.StationImplTest" name="testBuyGasDepleted">
    <failure message="expected [true] but found [false]" type="java.lang.AssertionError">java.lang.AssertionError: expected [true] but found [false]
	at org.testng.Assert.fail(Assert.java:94)
	at org.testng.Assert.failNotEquals(Assert.java:494)
	at org.testng.Assert.assertTrue(Assert.java:42)
	at org.testng.Assert.assertTrue(Assert.java:52)
	at net.bigpoint.assessment.gasstation.implementation.StationImplTest.testBuyGasDepleted(StationImplTest.java:147)
</failure>
    <system-err>Jul 06, 2014 12:56:58 PM net.bigpoint.assessment.gasstation.implementation.StationImplTest testBuyGasDepleted
SEVERE: Not enough gas
Jul 06, 2014 12:56:58 PM net.bigpoint.assessment.gasstation.implementation.StationImplTest testBuyGasDepleted
SEVERE: Not enough gas
</system-err>
  </testcase>
  <testcase time="5.601" classname="net.bigpoint.assessment.gasstation.implementation.StationImplTest" name="testBuyGasDepleted">
    <failure message="expected [true] but found [false]" type="java.lang.AssertionError">java.lang.AssertionError: expected [true] but found [false]
	at org.testng.Assert.fail(Assert.java:94)
	at org.testng.Assert.failNotEquals(Assert.java:494)
	at org.testng.Assert.assertTrue(Assert.java:42)
	at org.testng.Assert.assertTrue(Assert.java:52)
	at net.bigpoint.assessment.gasstation.implementation.StationImplTest.testBuyGasDepleted(StationImplTest.java:147)
</failure>
  </testcase>
  <testcase time="5.601" classname="net.bigpoint.assessment.gasstation.implementation.StationImplTest" name="testBuyGasDepleted">
    <failure message="expected [true] but found [false]" type="java.lang.AssertionError">java.lang.AssertionError: expected [true] but found [false]
	at org.testng.Assert.fail(Assert.java:94)
	at org.testng.Assert.failNotEquals(Assert.java:494)
	at org.testng.Assert.assertTrue(Assert.java:42)
	at org.testng.Assert.assertTrue(Assert.java:52)
	at net.bigpoint.assessment.gasstation.implementation.StationImplTest.testBuyGasDepleted(StationImplTest.java:147)
</failure>
    <system-err>Jul 06, 2014 12:56:58 PM net.bigpoint.assessment.gasstation.implementation.StationImplTest testBuyGasDepleted
SEVERE: Not enough gas
</system-err>
  </testcase>
  <testcase time="5.602" classname="net.bigpoint.assessment.gasstation.implementation.StationImplTest" name="testBuyGasDepleted">
    <failure message="expected [true] but found [false]" type="java.lang.AssertionError">java.lang.AssertionError: expected [true] but found [false]
	at org.testng.Assert.fail(Assert.java:94)
	at org.testng.Assert.failNotEquals(Assert.java:494)
	at org.testng.Assert.assertTrue(Assert.java:42)
	at org.testng.Assert.assertTrue(Assert.java:52)
	at net.bigpoint.assessment.gasstation.implementation.StationImplTest.testBuyGasDepleted(StationImplTest.java:147)
</failure>
  </testcase>
  <testcase time="5.602" classname="net.bigpoint.assessment.gasstation.implementation.StationImplTest" name="testBuyGasDepleted">
    <failure message="expected [true] but found [false]" type="java.lang.AssertionError">java.lang.AssertionError: expected [true] but found [false]
	at org.testng.Assert.fail(Assert.java:94)
	at org.testng.Assert.failNotEquals(Assert.java:494)
	at org.testng.Assert.assertTrue(Assert.java:42)
	at org.testng.Assert.assertTrue(Assert.java:52)
	at net.bigpoint.assessment.gasstation.implementation.StationImplTest.testBuyGasDepleted(StationImplTest.java:147)
</failure>
    <system-err>Jul 06, 2014 12:56:58 PM net.bigpoint.assessment.gasstation.implementation.StationImplTest testBuyGasDepleted
SEVERE: Not enough gas
Jul 06, 2014 12:56:58 PM net.bigpoint.assessment.gasstation.implementation.StationImplTest testBuyGasDepleted
SEVERE: Not enough gas
</system-err>
  </testcase>
  <testcase time="5.603" classname="net.bigpoint.assessment.gasstation.implementation.StationImplTest" name="testBuyGasDepleted">
    <failure message="expected [true] but found [false]" type="java.lang.AssertionError">java.lang.AssertionError: expected [true] but found [false]
	at org.testng.Assert.fail(Assert.java:94)
	at org.testng.Assert.failNotEquals(Assert.java:494)
	at org.testng.Assert.assertTrue(Assert.java:42)
	at org.testng.Assert.assertTrue(Assert.java:52)
	at net.bigpoint.assessment.gasstation.implementation.StationImplTest.testBuyGasDepleted(StationImplTest.java:147)
</failure>
    <system-err>Jul 06, 2014 12:56:58 PM net.bigpoint.assessment.gasstation.implementation.StationImplTest testBuyGasDepleted
SEVERE: Not enough gas
</system-err>
  </testcase>
  <testcase time="5.604" classname="net.bigpoint.assessment.gasstation.implementation.StationImplTest" name="testBuyGasDepleted">
    <failure message="expected [true] but found [false]" type="java.lang.AssertionError">java.lang.AssertionError: expected [true] but found [false]
	at org.testng.Assert.fail(Assert.java:94)
	at org.testng.Assert.failNotEquals(Assert.java:494)
	at org.testng.Assert.assertTrue(Assert.java:42)
	at org.testng.Assert.assertTrue(Assert.java:52)
	at net.bigpoint.assessment.gasstation.implementation.StationImplTest.testBuyGasDepleted(StationImplTest.java:147)
</failure>
    <system-err>Jul 06, 2014 12:56:58 PM net.bigpoint.assessment.gasstation.implementation.StationImplTest testBuyGasDepleted
SEVERE: Not enough gas
</system-err>
  </testcase>
  <testcase time="5.604" classname="net.bigpoint.assessment.gasstation.implementation.StationImplTest" name="testBuyGasDepleted">
    <failure message="expected [true] but found [false]" type="java.lang.AssertionError">java.lang.AssertionError: expected [true] but found [false]
	at org.testng.Assert.fail(Assert.java:94)
	at org.testng.Assert.failNotEquals(Assert.java:494)
	at org.testng.Assert.assertTrue(Assert.java:42)
	at org.testng.Assert.assertTrue(Assert.java:52)
	at net.bigpoint.assessment.gasstation.implementation.StationImplTest.testBuyGasDepleted(StationImplTest.java:147)
</failure>
  </testcase>
  <testcase time="5.604" classname="net.bigpoint.assessment.gasstation.implementation.StationImplTest" name="testBuyGasDepleted">
    <failure message="expected [true] but found [false]" type="java.lang.AssertionError">java.lang.AssertionError: expected [true] but found [false]
	at org.testng.Assert.fail(Assert.java:94)
	at org.testng.Assert.failNotEquals(Assert.java:494)
	at org.testng.Assert.assertTrue(Assert.java:42)
	at org.testng.Assert.assertTrue(Assert.java:52)
	at net.bigpoint.assessment.gasstation.implementation.StationImplTest.testBuyGasDepleted(StationImplTest.java:147)
</failure>
  </testcase>
  <testcase time="5.605" classname="net.bigpoint.assessment.gasstation.implementation.StationImplTest" name="testBuyGasDepleted">
    <failure message="expected [true] but found [false]" type="java.lang.AssertionError">java.lang.AssertionError: expected [true] but found [false]
	at org.testng.Assert.fail(Assert.java:94)
	at org.testng.Assert.failNotEquals(Assert.java:494)
	at org.testng.Assert.assertTrue(Assert.java:42)
	at org.testng.Assert.assertTrue(Assert.java:52)
	at net.bigpoint.assessment.gasstation.implementation.StationImplTest.testBuyGasDepleted(StationImplTest.java:147)
</failure>
    <system-err>Jul 06, 2014 12:56:58 PM net.bigpoint.assessment.gasstation.implementation.StationImplTest testBuyGasDepleted
SEVERE: Not enough gas
Jul 06, 2014 12:56:58 PM net.bigpoint.assessment.gasstation.implementation.StationImplTest testBuyGasDepleted
SEVERE: Not enough gas
</system-err>
  </testcase>
  <testcase time="5.605" classname="net.bigpoint.assessment.gasstation.implementation.StationImplTest" name="testBuyGasDepleted">
    <failure message="expected [true] but found [false]" type="java.lang.AssertionError">java.lang.AssertionError: expected [true] but found [false]
	at org.testng.Assert.fail(Assert.java:94)
	at org.testng.Assert.failNotEquals(Assert.java:494)
	at org.testng.Assert.assertTrue(Assert.java:42)
	at org.testng.Assert.assertTrue(Assert.java:52)
	at net.bigpoint.assessment.gasstation.implementation.StationImplTest.testBuyGasDepleted(StationImplTest.java:147)
</failure>
  </testcase>
  <testcase time="5.605" classname="net.bigpoint.assessment.gasstation.implementation.StationImplTest" name="testBuyGasDepleted">
    <failure message="expected [true] but found [false]" type="java.lang.AssertionError">java.lang.AssertionError: expected [true] but found [false]
	at org.testng.Assert.fail(Assert.java:94)
	at org.testng.Assert.failNotEquals(Assert.java:494)
	at org.testng.Assert.assertTrue(Assert.java:42)
	at org.testng.Assert.assertTrue(Assert.java:52)
	at net.bigpoint.assessment.gasstation.implementation.StationImplTest.testBuyGasDepleted(StationImplTest.java:147)
</failure>
    <system-err>Jul 06, 2014 12:56:58 PM net.bigpoint.assessment.gasstation.implementation.StationImplTest testBuyGasDepleted
SEVERE: Not enough gas
Jul 06, 2014 12:56:58 PM net.bigpoint.assessment.gasstation.implementation.StationImplTest testBuyGasDepleted
SEVERE: Not enough gas
</system-err>
  </testcase>
  <testcase time="5.606" classname="net.bigpoint.assessment.gasstation.implementation.StationImplTest" name="testBuyGasDepleted">
    <failure message="expected [true] but found [false]" type="java.lang.AssertionError">java.lang.AssertionError: expected [true] but found [false]
	at org.testng.Assert.fail(Assert.java:94)
	at org.testng.Assert.failNotEquals(Assert.java:494)
	at org.testng.Assert.assertTrue(Assert.java:42)
	at org.testng.Assert.assertTrue(Assert.java:52)
	at net.bigpoint.assessment.gasstation.implementation.StationImplTest.testBuyGasDepleted(StationImplTest.java:147)
</failure>
    <system-err>Jul 06, 2014 12:56:58 PM net.bigpoint.assessment.gasstation.implementation.StationImplTest testBuyGasDepleted
SEVERE: Not enough gas
</system-err>
  </testcase>
  <testcase time="5.606" classname="net.bigpoint.assessment.gasstation.implementation.StationImplTest" name="testBuyGasDepleted">
    <failure message="expected [true] but found [false]" type="java.lang.AssertionError">java.lang.AssertionError: expected [true] but found [false]
	at org.testng.Assert.fail(Assert.java:94)
	at org.testng.Assert.failNotEquals(Assert.java:494)
	at org.testng.Assert.assertTrue(Assert.java:42)
	at org.testng.Assert.assertTrue(Assert.java:52)
	at net.bigpoint.assessment.gasstation.implementation.StationImplTest.testBuyGasDepleted(StationImplTest.java:147)
</failure>
  </testcase>
  <testcase time="5.607" classname="net.bigpoint.assessment.gasstation.implementation.StationImplTest" name="testBuyGasDepleted">
    <failure message="expected [true] but found [false]" type="java.lang.AssertionError">java.lang.AssertionError: expected [true] but found [false]
	at org.testng.Assert.fail(Assert.java:94)
	at org.testng.Assert.failNotEquals(Assert.java:494)
	at org.testng.Assert.assertTrue(Assert.java:42)
	at org.testng.Assert.assertTrue(Assert.java:52)
	at net.bigpoint.assessment.gasstation.implementation.StationImplTest.testBuyGasDepleted(StationImplTest.java:147)
</failure>
    <system-err>Jul 06, 2014 12:56:58 PM net.bigpoint.assessment.gasstation.implementation.StationImplTest testBuyGasDepleted
SEVERE: Not enough gas
</system-err>
  </testcase>
  <testcase time="5.607" classname="net.bigpoint.assessment.gasstation.implementation.StationImplTest" name="testBuyGasDepleted">
    <failure message="expected [true] but found [false]" type="java.lang.AssertionError">java.lang.AssertionError: expected [true] but found [false]
	at org.testng.Assert.fail(Assert.java:94)
	at org.testng.Assert.failNotEquals(Assert.java:494)
	at org.testng.Assert.assertTrue(Assert.java:42)
	at org.testng.Assert.assertTrue(Assert.java:52)
	at net.bigpoint.assessment.gasstation.implementation.StationImplTest.testBuyGasDepleted(StationImplTest.java:147)
</failure>
  </testcase>
  <testcase time="5.608" classname="net.bigpoint.assessment.gasstation.implementation.StationImplTest" name="testBuyGasDepleted">
    <failure message="expected [true] but found [false]" type="java.lang.AssertionError">java.lang.AssertionError: expected [true] but found [false]
	at org.testng.Assert.fail(Assert.java:94)
	at org.testng.Assert.failNotEquals(Assert.java:494)
	at org.testng.Assert.assertTrue(Assert.java:42)
	at org.testng.Assert.assertTrue(Assert.java:52)
	at net.bigpoint.assessment.gasstation.implementation.StationImplTest.testBuyGasDepleted(StationImplTest.java:147)
</failure>
    <system-err>Jul 06, 2014 12:56:58 PM net.bigpoint.assessment.gasstation.implementation.StationImplTest testBuyGasDepleted
SEVERE: Not enough gas
</system-err>
  </testcase>
  <testcase time="5.608" classname="net.bigpoint.assessment.gasstation.implementation.StationImplTest" name="testBuyGasDepleted">
    <failure message="expected [true] but found [false]" type="java.lang.AssertionError">java.lang.AssertionError: expected [true] but found [false]
	at org.testng.Assert.fail(Assert.java:94)
	at org.testng.Assert.failNotEquals(Assert.java:494)
	at org.testng.Assert.assertTrue(Assert.java:42)
	at org.testng.Assert.assertTrue(Assert.java:52)
	at net.bigpoint.assessment.gasstation.implementation.StationImplTest.testBuyGasDepleted(StationImplTest.java:147)
</failure>
    <system-err>Jul 06, 2014 12:56:58 PM net.bigpoint.assessment.gasstation.implementation.StationImplTest testBuyGasDepleted
SEVERE: Not enough gas
</system-err>
  </testcase>
  <testcase time="5.609" classname="net.bigpoint.assessment.gasstation.implementation.StationImplTest" name="testBuyGasDepleted">
    <failure message="expected [true] but found [false]" type="java.lang.AssertionError">java.lang.AssertionError: expected [true] but found [false]
	at org.testng.Assert.fail(Assert.java:94)
	at org.testng.Assert.failNotEquals(Assert.java:494)
	at org.testng.Assert.assertTrue(Assert.java:42)
	at org.testng.Assert.assertTrue(Assert.java:52)
	at net.bigpoint.assessment.gasstation.implementation.StationImplTest.testBuyGasDepleted(StationImplTest.java:147)
</failure>
    <system-err>Jul 06, 2014 12:56:58 PM net.bigpoint.assessment.gasstation.implementation.StationImplTest testBuyGasDepleted
SEVERE: Not enough gas
Jul 06, 2014 12:56:58 PM net.bigpoint.assessment.gasstation.implementation.StationImplTest testBuyGasDepleted
SEVERE: Not enough gas
</system-err>
  </testcase>
  <testcase time="5.609" classname="net.bigpoint.assessment.gasstation.implementation.StationImplTest" name="testBuyGasDepleted">
    <failure message="expected [true] but found [false]" type="java.lang.AssertionError">java.lang.AssertionError: expected [true] but found [false]
	at org.testng.Assert.fail(Assert.java:94)
	at org.testng.Assert.failNotEquals(Assert.java:494)
	at org.testng.Assert.assertTrue(Assert.java:42)
	at org.testng.Assert.assertTrue(Assert.java:52)
	at net.bigpoint.assessment.gasstation.implementation.StationImplTest.testBuyGasDepleted(StationImplTest.java:147)
</failure>
  </testcase>
  <testcase time="5.611" classname="net.bigpoint.assessment.gasstation.implementation.StationImplTest" name="testBuyGasDepleted">
    <failure message="expected [true] but found [false]" type="java.lang.AssertionError">java.lang.AssertionError: expected [true] but found [false]
	at org.testng.Assert.fail(Assert.java:94)
	at org.testng.Assert.failNotEquals(Assert.java:494)
	at org.testng.Assert.assertTrue(Assert.java:42)
	at org.testng.Assert.assertTrue(Assert.java:52)
	at net.bigpoint.assessment.gasstation.implementation.StationImplTest.testBuyGasDepleted(StationImplTest.java:147)
</failure>
    <system-err>Jul 06, 2014 12:56:58 PM net.bigpoint.assessment.gasstation.implementation.StationImplTest testBuyGasDepleted
SEVERE: Not enough gas
Jul 06, 2014 12:56:58 PM net.bigpoint.assessment.gasstation.implementation.StationImplTest testBuyGasDepleted
SEVERE: Not enough gas
</system-err>
  </testcase>
  <testcase time="5.611" classname="net.bigpoint.assessment.gasstation.implementation.StationImplTest" name="testBuyGasDepleted">
    <failure message="expected [true] but found [false]" type="java.lang.AssertionError">java.lang.AssertionError: expected [true] but found [false]
	at org.testng.Assert.fail(Assert.java:94)
	at org.testng.Assert.failNotEquals(Assert.java:494)
	at org.testng.Assert.assertTrue(Assert.java:42)
	at org.testng.Assert.assertTrue(Assert.java:52)
	at net.bigpoint.assessment.gasstation.implementation.StationImplTest.testBuyGasDepleted(StationImplTest.java:147)
</failure>
  </testcase>
  <testcase time="5.612" classname="net.bigpoint.assessment.gasstation.implementation.StationImplTest" name="testBuyGasDepleted">
    <failure message="expected [true] but found [false]" type="java.lang.AssertionError">java.lang.AssertionError: expected [true] but found [false]
	at org.testng.Assert.fail(Assert.java:94)
	at org.testng.Assert.failNotEquals(Assert.java:494)
	at org.testng.Assert.assertTrue(Assert.java:42)
	at org.testng.Assert.assertTrue(Assert.java:52)
	at net.bigpoint.assessment.gasstation.implementation.StationImplTest.testBuyGasDepleted(StationImplTest.java:147)
</failure>
    <system-err>Jul 06, 2014 12:56:58 PM net.bigpoint.assessment.gasstation.implementation.StationImplTest testBuyGasDepleted
SEVERE: Not enough gas
</system-err>
  </testcase>
  <testcase time="5.613" classname="net.bigpoint.assessment.gasstation.implementation.StationImplTest" name="testBuyGasDepleted">
    <failure message="expected [true] but found [false]" type="java.lang.AssertionError">java.lang.AssertionError: expected [true] but found [false]
	at org.testng.Assert.fail(Assert.java:94)
	at org.testng.Assert.failNotEquals(Assert.java:494)
	at org.testng.Assert.assertTrue(Assert.java:42)
	at org.testng.Assert.assertTrue(Assert.java:52)
	at net.bigpoint.assessment.gasstation.implementation.StationImplTest.testBuyGasDepleted(StationImplTest.java:147)
</failure>
  </testcase>
  <testcase time="5.613" classname="net.bigpoint.assessment.gasstation.implementation.StationImplTest" name="testBuyGasDepleted">
    <failure message="expected [true] but found [false]" type="java.lang.AssertionError">java.lang.AssertionError: expected [true] but found [false]
	at org.testng.Assert.fail(Assert.java:94)
	at org.testng.Assert.failNotEquals(Assert.java:494)
	at org.testng.Assert.assertTrue(Assert.java:42)
	at org.testng.Assert.assertTrue(Assert.java:52)
	at net.bigpoint.assessment.gasstation.implementation.StationImplTest.testBuyGasDepleted(StationImplTest.java:147)
</failure>
    <system-err>Jul 06, 2014 12:56:58 PM net.bigpoint.assessment.gasstation.implementation.StationImplTest testBuyGasDepleted
SEVERE: Not enough gas
</system-err>
  </testcase>
  <testcase time="5.614" classname="net.bigpoint.assessment.gasstation.implementation.StationImplTest" name="testBuyGasDepleted">
    <failure message="expected [true] but found [false]" type="java.lang.AssertionError">java.lang.AssertionError: expected [true] but found [false]
	at org.testng.Assert.fail(Assert.java:94)
	at org.testng.Assert.failNotEquals(Assert.java:494)
	at org.testng.Assert.assertTrue(Assert.java:42)
	at org.testng.Assert.assertTrue(Assert.java:52)
	at net.bigpoint.assessment.gasstation.implementation.StationImplTest.testBuyGasDepleted(StationImplTest.java:147)
</failure>
    <system-err>Jul 06, 2014 12:56:58 PM net.bigpoint.assessment.gasstation.implementation.StationImplTest testBuyGasDepleted
SEVERE: Not enough gas
</system-err>
  </testcase>
  <testcase time="5.615" classname="net.bigpoint.assessment.gasstation.implementation.StationImplTest" name="testBuyGasDepleted">
    <failure message="expected [true] but found [false]" type="java.lang.AssertionError">java.lang.AssertionError: expected [true] but found [false]
	at org.testng.Assert.fail(Assert.java:94)
	at org.testng.Assert.failNotEquals(Assert.java:494)
	at org.testng.Assert.assertTrue(Assert.java:42)
	at org.testng.Assert.assertTrue(Assert.java:52)
	at net.bigpoint.assessment.gasstation.implementation.StationImplTest.testBuyGasDepleted(StationImplTest.java:147)
</failure>
    <system-err>Jul 06, 2014 12:56:58 PM net.bigpoint.assessment.gasstation.implementation.StationImplTest testBuyGasDepleted
SEVERE: Not enough gas
</system-err>
  </testcase>
  <testcase time="5.616" classname="net.bigpoint.assessment.gasstation.implementation.StationImplTest" name="testBuyGasDepleted">
    <failure message="expected [true] but found [false]" type="java.lang.AssertionError">java.lang.AssertionError: expected [true] but found [false]
	at org.testng.Assert.fail(Assert.java:94)
	at org.testng.Assert.failNotEquals(Assert.java:494)
	at org.testng.Assert.assertTrue(Assert.java:42)
	at org.testng.Assert.assertTrue(Assert.java:52)
	at net.bigpoint.assessment.gasstation.implementation.StationImplTest.testBuyGasDepleted(StationImplTest.java:147)
</failure>
    <system-err>Jul 06, 2014 12:56:58 PM net.bigpoint.assessment.gasstation.implementation.StationImplTest testBuyGasDepleted
SEVERE: Not enough gas
Jul 06, 2014 12:56:58 PM net.bigpoint.assessment.gasstation.implementation.StationImplTest testBuyGasDepleted
SEVERE: Not enough gas
</system-err>
  </testcase>
  <testcase time="5.616" classname="net.bigpoint.assessment.gasstation.implementation.StationImplTest" name="testBuyGasDepleted">
    <failure message="expected [true] but found [false]" type="java.lang.AssertionError">java.lang.AssertionError: expected [true] but found [false]
	at org.testng.Assert.fail(Assert.java:94)
	at org.testng.Assert.failNotEquals(Assert.java:494)
	at org.testng.Assert.assertTrue(Assert.java:42)
	at org.testng.Assert.assertTrue(Assert.java:52)
	at net.bigpoint.assessment.gasstation.implementation.StationImplTest.testBuyGasDepleted(StationImplTest.java:147)
</failure>
  </testcase>
  <testcase time="5.616" classname="net.bigpoint.assessment.gasstation.implementation.StationImplTest" name="testBuyGasDepleted">
    <failure message="expected [true] but found [false]" type="java.lang.AssertionError">java.lang.AssertionError: expected [true] but found [false]
	at org.testng.Assert.fail(Assert.java:94)
	at org.testng.Assert.failNotEquals(Assert.java:494)
	at org.testng.Assert.assertTrue(Assert.java:42)
	at org.testng.Assert.assertTrue(Assert.java:52)
	at net.bigpoint.assessment.gasstation.implementation.StationImplTest.testBuyGasDepleted(StationImplTest.java:147)
</failure>
  </testcase>
  <testcase time="5.617" classname="net.bigpoint.assessment.gasstation.implementation.StationImplTest" name="testBuyGasDepleted">
    <failure message="expected [true] but found [false]" type="java.lang.AssertionError">java.lang.AssertionError: expected [true] but found [false]
	at org.testng.Assert.fail(Assert.java:94)
	at org.testng.Assert.failNotEquals(Assert.java:494)
	at org.testng.Assert.assertTrue(Assert.java:42)
	at org.testng.Assert.assertTrue(Assert.java:52)
	at net.bigpoint.assessment.gasstation.implementation.StationImplTest.testBuyGasDepleted(StationImplTest.java:147)
</failure>
    <system-err>Jul 06, 2014 12:56:58 PM net.bigpoint.assessment.gasstation.implementation.StationImplTest testBuyGasDepleted
SEVERE: Not enough gas
Jul 06, 2014 12:56:58 PM net.bigpoint.assessment.gasstation.implementation.StationImplTest testBuyGasDepleted
SEVERE: Not enough gas
</system-err>
  </testcase>
  <testcase time="5.617" classname="net.bigpoint.assessment.gasstation.implementation.StationImplTest" name="testBuyGasDepleted">
    <failure message="expected [true] but found [false]" type="java.lang.AssertionError">java.lang.AssertionError: expected [true] but found [false]
	at org.testng.Assert.fail(Assert.java:94)
	at org.testng.Assert.failNotEquals(Assert.java:494)
	at org.testng.Assert.assertTrue(Assert.java:42)
	at org.testng.Assert.assertTrue(Assert.java:52)
	at net.bigpoint.assessment.gasstation.implementation.StationImplTest.testBuyGasDepleted(StationImplTest.java:147)
</failure>
    <system-err>Jul 06, 2014 12:56:58 PM net.bigpoint.assessment.gasstation.implementation.StationImplTest testBuyGasDepleted
SEVERE: Not enough gas
</system-err>
  </testcase>
  <testcase time="5.618" classname="net.bigpoint.assessment.gasstation.implementation.StationImplTest" name="testBuyGasDepleted">
    <failure message="expected [true] but found [false]" type="java.lang.AssertionError">java.lang.AssertionError: expected [true] but found [false]
	at org.testng.Assert.fail(Assert.java:94)
	at org.testng.Assert.failNotEquals(Assert.java:494)
	at org.testng.Assert.assertTrue(Assert.java:42)
	at org.testng.Assert.assertTrue(Assert.java:52)
	at net.bigpoint.assessment.gasstation.implementation.StationImplTest.testBuyGasDepleted(StationImplTest.java:147)
</failure>
    <system-err>Jul 06, 2014 12:56:58 PM net.bigpoint.assessment.gasstation.implementation.StationImplTest testBuyGasDepleted
SEVERE: Not enough gas
</system-err>
  </testcase>
  <testcase time="5.618" classname="net.bigpoint.assessment.gasstation.implementation.StationImplTest" name="testBuyGasDepleted">
    <failure message="expected [true] but found [false]" type="java.lang.AssertionError">java.lang.AssertionError: expected [true] but found [false]
	at org.testng.Assert.fail(Assert.java:94)
	at org.testng.Assert.failNotEquals(Assert.java:494)
	at org.testng.Assert.assertTrue(Assert.java:42)
	at org.testng.Assert.assertTrue(Assert.java:52)
	at net.bigpoint.assessment.gasstation.implementation.StationImplTest.testBuyGasDepleted(StationImplTest.java:147)
</failure>
  </testcase>
  <testcase time="5.619" classname="net.bigpoint.assessment.gasstation.implementation.StationImplTest" name="testBuyGasDepleted">
    <failure message="expected [true] but found [false]" type="java.lang.AssertionError">java.lang.AssertionError: expected [true] but found [false]
	at org.testng.Assert.fail(Assert.java:94)
	at org.testng.Assert.failNotEquals(Assert.java:494)
	at org.testng.Assert.assertTrue(Assert.java:42)
	at org.testng.Assert.assertTrue(Assert.java:52)
	at net.bigpoint.assessment.gasstation.implementation.StationImplTest.testBuyGasDepleted(StationImplTest.java:147)
</failure>
    <system-err>Jul 06, 2014 12:56:58 PM net.bigpoint.assessment.gasstation.implementation.StationImplTest testBuyGasDepleted
SEVERE: Not enough gas
</system-err>
  </testcase>
  <testcase time="5.62" classname="net.bigpoint.assessment.gasstation.implementation.StationImplTest" name="testBuyGasDepleted">
    <failure message="expected [true] but found [false]" type="java.lang.AssertionError">java.lang.AssertionError: expected [true] but found [false]
	at org.testng.Assert.fail(Assert.java:94)
	at org.testng.Assert.failNotEquals(Assert.java:494)
	at org.testng.Assert.assertTrue(Assert.java:42)
	at org.testng.Assert.assertTrue(Assert.java:52)
	at net.bigpoint.assessment.gasstation.implementation.StationImplTest.testBuyGasDepleted(StationImplTest.java:147)
</failure>
    <system-err>Jul 06, 2014 12:56:58 PM net.bigpoint.assessment.gasstation.implementation.StationImplTest testBuyGasDepleted
SEVERE: Not enough gas
</system-err>
  </testcase>
  <testcase time="5.62" classname="net.bigpoint.assessment.gasstation.implementation.StationImplTest" name="testBuyGasDepleted">
    <failure message="expected [true] but found [false]" type="java.lang.AssertionError">java.lang.AssertionError: expected [true] but found [false]
	at org.testng.Assert.fail(Assert.java:94)
	at org.testng.Assert.failNotEquals(Assert.java:494)
	at org.testng.Assert.assertTrue(Assert.java:42)
	at org.testng.Assert.assertTrue(Assert.java:52)
	at net.bigpoint.assessment.gasstation.implementation.StationImplTest.testBuyGasDepleted(StationImplTest.java:147)
</failure>
    <system-err>Jul 06, 2014 12:56:58 PM net.bigpoint.assessment.gasstation.implementation.StationImplTest testBuyGasDepleted
SEVERE: Not enough gas
</system-err>
  </testcase>
  <testcase time="5.622" classname="net.bigpoint.assessment.gasstation.implementation.StationImplTest" name="testBuyGasDepleted">
    <failure message="expected [true] but found [false]" type="java.lang.AssertionError">java.lang.AssertionError: expected [true] but found [false]
	at org.testng.Assert.fail(Assert.java:94)
	at org.testng.Assert.failNotEquals(Assert.java:494)
	at org.testng.Assert.assertTrue(Assert.java:42)
	at org.testng.Assert.assertTrue(Assert.java:52)
	at net.bigpoint.assessment.gasstation.implementation.StationImplTest.testBuyGasDepleted(StationImplTest.java:147)
</failure>
    <system-err>Jul 06, 2014 12:56:58 PM net.bigpoint.assessment.gasstation.implementation.StationImplTest testBuyGasDepleted
SEVERE: Not enough gas
</system-err>
  </testcase>
  <testcase time="5.622" classname="net.bigpoint.assessment.gasstation.implementation.StationImplTest" name="testBuyGasDepleted">
    <failure message="expected [true] but found [false]" type="java.lang.AssertionError">java.lang.AssertionError: expected [true] but found [false]
	at org.testng.Assert.fail(Assert.java:94)
	at org.testng.Assert.failNotEquals(Assert.java:494)
	at org.testng.Assert.assertTrue(Assert.java:42)
	at org.testng.Assert.assertTrue(Assert.java:52)
	at net.bigpoint.assessment.gasstation.implementation.StationImplTest.testBuyGasDepleted(StationImplTest.java:147)
</failure>
  </testcase>
  <testcase time="5.623" classname="net.bigpoint.assessment.gasstation.implementation.StationImplTest" name="testBuyGasDepleted">
    <failure message="expected [true] but found [false]" type="java.lang.AssertionError">java.lang.AssertionError: expected [true] but found [false]
	at org.testng.Assert.fail(Assert.java:94)
	at org.testng.Assert.failNotEquals(Assert.java:494)
	at org.testng.Assert.assertTrue(Assert.java:42)
	at org.testng.Assert.assertTrue(Assert.java:52)
	at net.bigpoint.assessment.gasstation.implementation.StationImplTest.testBuyGasDepleted(StationImplTest.java:147)
</failure>
    <system-err>Jul 06, 2014 12:56:58 PM net.bigpoint.assessment.gasstation.implementation.StationImplTest testBuyGasDepleted
SEVERE: Not enough gas
</system-err>
  </testcase>
  <testcase time="5.624" classname="net.bigpoint.assessment.gasstation.implementation.StationImplTest" name="testBuyGasDepleted">
    <failure message="expected [true] but found [false]" type="java.lang.AssertionError">java.lang.AssertionError: expected [true] but found [false]
	at org.testng.Assert.fail(Assert.java:94)
	at org.testng.Assert.failNotEquals(Assert.java:494)
	at org.testng.Assert.assertTrue(Assert.java:42)
	at org.testng.Assert.assertTrue(Assert.java:52)
	at net.bigpoint.assessment.gasstation.implementation.StationImplTest.testBuyGasDepleted(StationImplTest.java:147)
</failure>
    <system-err>Jul 06, 2014 12:56:58 PM net.bigpoint.assessment.gasstation.implementation.StationImplTest testBuyGasDepleted
SEVERE: Not enough gas
</system-err>
  </testcase>
  <testcase time="5.625" classname="net.bigpoint.assessment.gasstation.implementation.StationImplTest" name="testBuyGasDepleted">
    <failure message="expected [true] but found [false]" type="java.lang.AssertionError">java.lang.AssertionError: expected [true] but found [false]
	at org.testng.Assert.fail(Assert.java:94)
	at org.testng.Assert.failNotEquals(Assert.java:494)
	at org.testng.Assert.assertTrue(Assert.java:42)
	at org.testng.Assert.assertTrue(Assert.java:52)
	at net.bigpoint.assessment.gasstation.implementation.StationImplTest.testBuyGasDepleted(StationImplTest.java:147)
</failure>
    <system-err>Jul 06, 2014 12:56:58 PM net.bigpoint.assessment.gasstation.implementation.StationImplTest testBuyGasDepleted
SEVERE: Not enough gas
</system-err>
  </testcase>
  <testcase time="5.626" classname="net.bigpoint.assessment.gasstation.implementation.StationImplTest" name="testBuyGasDepleted">
    <failure message="expected [true] but found [false]" type="java.lang.AssertionError">java.lang.AssertionError: expected [true] but found [false]
	at org.testng.Assert.fail(Assert.java:94)
	at org.testng.Assert.failNotEquals(Assert.java:494)
	at org.testng.Assert.assertTrue(Assert.java:42)
	at org.testng.Assert.assertTrue(Assert.java:52)
	at net.bigpoint.assessment.gasstation.implementation.StationImplTest.testBuyGasDepleted(StationImplTest.java:147)
</failure>
    <system-err>Jul 06, 2014 12:56:58 PM net.bigpoint.assessment.gasstation.implementation.StationImplTest testBuyGasDepleted
SEVERE: Not enough gas
</system-err>
  </testcase>
  <testcase time="5.629" classname="net.bigpoint.assessment.gasstation.implementation.StationImplTest" name="testBuyGasDepleted">
    <failure message="expected [true] but found [false]" type="java.lang.AssertionError">java.lang.AssertionError: expected [true] but found [false]
	at org.testng.Assert.fail(Assert.java:94)
	at org.testng.Assert.failNotEquals(Assert.java:494)
	at org.testng.Assert.assertTrue(Assert.java:42)
	at org.testng.Assert.assertTrue(Assert.java:52)
	at net.bigpoint.assessment.gasstation.implementation.StationImplTest.testBuyGasDepleted(StationImplTest.java:147)
</failure>
    <system-err>Jul 06, 2014 12:56:58 PM net.bigpoint.assessment.gasstation.implementation.StationImplTest testBuyGasDepleted
SEVERE: Not enough gas
</system-err>
  </testcase>
  <testcase time="5.63" classname="net.bigpoint.assessment.gasstation.implementation.StationImplTest" name="testBuyGasDepleted">
    <failure message="expected [true] but found [false]" type="java.lang.AssertionError">java.lang.AssertionError: expected [true] but found [false]
	at org.testng.Assert.fail(Assert.java:94)
	at org.testng.Assert.failNotEquals(Assert.java:494)
	at org.testng.Assert.assertTrue(Assert.java:42)
	at org.testng.Assert.assertTrue(Assert.java:52)
	at net.bigpoint.assessment.gasstation.implementation.StationImplTest.testBuyGasDepleted(StationImplTest.java:147)
</failure>
    <system-err>Jul 06, 2014 12:56:58 PM net.bigpoint.assessment.gasstation.implementation.StationImplTest testBuyGasDepleted
SEVERE: Not enough gas
</system-err>
  </testcase>
  <testcase time="5.63" classname="net.bigpoint.assessment.gasstation.implementation.StationImplTest" name="testBuyGasDepleted">
    <failure message="expected [true] but found [false]" type="java.lang.AssertionError">java.lang.AssertionError: expected [true] but found [false]
	at org.testng.Assert.fail(Assert.java:94)
	at org.testng.Assert.failNotEquals(Assert.java:494)
	at org.testng.Assert.assertTrue(Assert.java:42)
	at org.testng.Assert.assertTrue(Assert.java:52)
	at net.bigpoint.assessment.gasstation.implementation.StationImplTest.testBuyGasDepleted(StationImplTest.java:147)
</failure>
  </testcase>
  <testcase time="5.631" classname="net.bigpoint.assessment.gasstation.implementation.StationImplTest" name="testBuyGasDepleted">
    <failure message="expected [true] but found [false]" type="java.lang.AssertionError">java.lang.AssertionError: expected [true] but found [false]
	at org.testng.Assert.fail(Assert.java:94)
	at org.testng.Assert.failNotEquals(Assert.java:494)
	at org.testng.Assert.assertTrue(Assert.java:42)
	at org.testng.Assert.assertTrue(Assert.java:52)
	at net.bigpoint.assessment.gasstation.implementation.StationImplTest.testBuyGasDepleted(StationImplTest.java:147)
</failure>
    <system-err>Jul 06, 2014 12:56:58 PM net.bigpoint.assessment.gasstation.implementation.StationImplTest testBuyGasDepleted
SEVERE: Not enough gas
</system-err>
  </testcase>
  <testcase time="5.631" classname="net.bigpoint.assessment.gasstation.implementation.StationImplTest" name="testBuyGasDepleted">
    <failure message="expected [true] but found [false]" type="java.lang.AssertionError">java.lang.AssertionError: expected [true] but found [false]
	at org.testng.Assert.fail(Assert.java:94)
	at org.testng.Assert.failNotEquals(Assert.java:494)
	at org.testng.Assert.assertTrue(Assert.java:42)
	at org.testng.Assert.assertTrue(Assert.java:52)
	at net.bigpoint.assessment.gasstation.implementation.StationImplTest.testBuyGasDepleted(StationImplTest.java:147)
</failure>
    <system-err>Jul 06, 2014 12:56:58 PM net.bigpoint.assessment.gasstation.implementation.StationImplTest testBuyGasDepleted
SEVERE: Not enough gas
</system-err>
  </testcase>
  <testcase time="5.632" classname="net.bigpoint.assessment.gasstation.implementation.StationImplTest" name="testBuyGasDepleted">
    <failure message="expected [true] but found [false]" type="java.lang.AssertionError">java.lang.AssertionError: expected [true] but found [false]
	at org.testng.Assert.fail(Assert.java:94)
	at org.testng.Assert.failNotEquals(Assert.java:494)
	at org.testng.Assert.assertTrue(Assert.java:42)
	at org.testng.Assert.assertTrue(Assert.java:52)
	at net.bigpoint.assessment.gasstation.implementation.StationImplTest.testBuyGasDepleted(StationImplTest.java:147)
</failure>
    <system-err>Jul 06, 2014 12:56:58 PM net.bigpoint.assessment.gasstation.implementation.StationImplTest testBuyGasDepleted
SEVERE: Not enough gas
Jul 06, 2014 12:56:58 PM net.bigpoint.assessment.gasstation.implementation.StationImplTest testBuyGasDepleted
SEVERE: Not enough gas
Jul 06, 2014 12:56:58 PM net.bigpoint.assessment.gasstation.implementation.StationImplTest testBuyGasDepleted
SEVERE: Not enough gas
</system-err>
  </testcase>
  <testcase time="5.633" classname="net.bigpoint.assessment.gasstation.implementation.StationImplTest" name="testBuyGasDepleted">
    <failure message="expected [true] but found [false]" type="java.lang.AssertionError">java.lang.AssertionError: expected [true] but found [false]
	at org.testng.Assert.fail(Assert.java:94)
	at org.testng.Assert.failNotEquals(Assert.java:494)
	at org.testng.Assert.assertTrue(Assert.java:42)
	at org.testng.Assert.assertTrue(Assert.java:52)
	at net.bigpoint.assessment.gasstation.implementation.StationImplTest.testBuyGasDepleted(StationImplTest.java:147)
</failure>
  </testcase>
  <testcase time="5.633" classname="net.bigpoint.assessment.gasstation.implementation.StationImplTest" name="testBuyGasDepleted">
    <failure message="expected [true] but found [false]" type="java.lang.AssertionError">java.lang.AssertionError: expected [true] but found [false]
	at org.testng.Assert.fail(Assert.java:94)
	at org.testng.Assert.failNotEquals(Assert.java:494)
	at org.testng.Assert.assertTrue(Assert.java:42)
	at org.testng.Assert.assertTrue(Assert.java:52)
	at net.bigpoint.assessment.gasstation.implementation.StationImplTest.testBuyGasDepleted(StationImplTest.java:147)
</failure>
  </testcase>
  <testcase time="5.634" classname="net.bigpoint.assessment.gasstation.implementation.StationImplTest" name="testBuyGasDepleted">
    <failure message="expected [true] but found [false]" type="java.lang.AssertionError">java.lang.AssertionError: expected [true] but found [false]
	at org.testng.Assert.fail(Assert.java:94)
	at org.testng.Assert.failNotEquals(Assert.java:494)
	at org.testng.Assert.assertTrue(Assert.java:42)
	at org.testng.Assert.assertTrue(Assert.java:52)
	at net.bigpoint.assessment.gasstation.implementation.StationImplTest.testBuyGasDepleted(StationImplTest.java:147)
</failure>
  </testcase>
  <testcase time="5.635" classname="net.bigpoint.assessment.gasstation.implementation.StationImplTest" name="testBuyGasDepleted">
    <failure message="expected [true] but found [false]" type="java.lang.AssertionError">java.lang.AssertionError: expected [true] but found [false]
	at org.testng.Assert.fail(Assert.java:94)
	at org.testng.Assert.failNotEquals(Assert.java:494)
	at org.testng.Assert.assertTrue(Assert.java:42)
	at org.testng.Assert.assertTrue(Assert.java:52)
	at net.bigpoint.assessment.gasstation.implementation.StationImplTest.testBuyGasDepleted(StationImplTest.java:147)
</failure>
    <system-err>Jul 06, 2014 12:56:58 PM net.bigpoint.assessment.gasstation.implementation.StationImplTest testBuyGasDepleted
SEVERE: Not enough gas
Jul 06, 2014 12:56:58 PM net.bigpoint.assessment.gasstation.implementation.StationImplTest testBuyGasDepleted
SEVERE: Not enough gas
</system-err>
  </testcase>
  <testcase time="5.635" classname="net.bigpoint.assessment.gasstation.implementation.StationImplTest" name="testBuyGasDepleted">
    <failure message="expected [true] but found [false]" type="java.lang.AssertionError">java.lang.AssertionError: expected [true] but found [false]
	at org.testng.Assert.fail(Assert.java:94)
	at org.testng.Assert.failNotEquals(Assert.java:494)
	at org.testng.Assert.assertTrue(Assert.java:42)
	at org.testng.Assert.assertTrue(Assert.java:52)
	at net.bigpoint.assessment.gasstation.implementation.StationImplTest.testBuyGasDepleted(StationImplTest.java:147)
</failure>
  </testcase>
  <testcase time="5.636" classname="net.bigpoint.assessment.gasstation.implementation.StationImplTest" name="testBuyGasDepleted">
    <failure message="expected [true] but found [false]" type="java.lang.AssertionError">java.lang.AssertionError: expected [true] but found [false]
	at org.testng.Assert.fail(Assert.java:94)
	at org.testng.Assert.failNotEquals(Assert.java:494)
	at org.testng.Assert.assertTrue(Assert.java:42)
	at org.testng.Assert.assertTrue(Assert.java:52)
	at net.bigpoint.assessment.gasstation.implementation.StationImplTest.testBuyGasDepleted(StationImplTest.java:147)
</failure>
    <system-err>Jul 06, 2014 12:56:58 PM net.bigpoint.assessment.gasstation.implementation.StationImplTest testBuyGasDepleted
SEVERE: Not enough gas
</system-err>
  </testcase>
  <testcase time="5.636" classname="net.bigpoint.assessment.gasstation.implementation.StationImplTest" name="testBuyGasDepleted">
    <failure message="expected [true] but found [false]" type="java.lang.AssertionError">java.lang.AssertionError: expected [true] but found [false]
	at org.testng.Assert.fail(Assert.java:94)
	at org.testng.Assert.failNotEquals(Assert.java:494)
	at org.testng.Assert.assertTrue(Assert.java:42)
	at org.testng.Assert.assertTrue(Assert.java:52)
	at net.bigpoint.assessment.gasstation.implementation.StationImplTest.testBuyGasDepleted(StationImplTest.java:147)
</failure>
    <system-err>Jul 06, 2014 12:56:58 PM net.bigpoint.assessment.gasstation.implementation.StationImplTest testBuyGasDepleted
SEVERE: Not enough gas
</system-err>
  </testcase>
  <testcase time="5.637" classname="net.bigpoint.assessment.gasstation.implementation.StationImplTest" name="testBuyGasDepleted">
    <failure message="expected [true] but found [false]" type="java.lang.AssertionError">java.lang.AssertionError: expected [true] but found [false]
	at org.testng.Assert.fail(Assert.java:94)
	at org.testng.Assert.failNotEquals(Assert.java:494)
	at org.testng.Assert.assertTrue(Assert.java:42)
	at org.testng.Assert.assertTrue(Assert.java:52)
	at net.bigpoint.assessment.gasstation.implementation.StationImplTest.testBuyGasDepleted(StationImplTest.java:147)
</failure>
    <system-err>Jul 06, 2014 12:56:58 PM net.bigpoint.assessment.gasstation.implementation.StationImplTest testBuyGasDepleted
SEVERE: Not enough gas
</system-err>
  </testcase>
  <testcase time="5.637" classname="net.bigpoint.assessment.gasstation.implementation.StationImplTest" name="testBuyGasDepleted">
    <failure message="expected [true] but found [false]" type="java.lang.AssertionError">java.lang.AssertionError: expected [true] but found [false]
	at org.testng.Assert.fail(Assert.java:94)
	at org.testng.Assert.failNotEquals(Assert.java:494)
	at org.testng.Assert.assertTrue(Assert.java:42)
	at org.testng.Assert.assertTrue(Assert.java:52)
	at net.bigpoint.assessment.gasstation.implementation.StationImplTest.testBuyGasDepleted(StationImplTest.java:147)
</failure>
  </testcase>
  <testcase time="5.638" classname="net.bigpoint.assessment.gasstation.implementation.StationImplTest" name="testBuyGasDepleted">
    <failure message="expected [true] but found [false]" type="java.lang.AssertionError">java.lang.AssertionError: expected [true] but found [false]
	at org.testng.Assert.fail(Assert.java:94)
	at org.testng.Assert.failNotEquals(Assert.java:494)
	at org.testng.Assert.assertTrue(Assert.java:42)
	at org.testng.Assert.assertTrue(Assert.java:52)
	at net.bigpoint.assessment.gasstation.implementation.StationImplTest.testBuyGasDepleted(StationImplTest.java:147)
</failure>
    <system-err>Jul 06, 2014 12:56:58 PM net.bigpoint.assessment.gasstation.implementation.StationImplTest testBuyGasDepleted
SEVERE: Not enough gas
</system-err>
  </testcase>
  <testcase time="5.638" classname="net.bigpoint.assessment.gasstation.implementation.StationImplTest" name="testBuyGasDepleted">
    <failure message="expected [true] but found [false]" type="java.lang.AssertionError">java.lang.AssertionError: expected [true] but found [false]
	at org.testng.Assert.fail(Assert.java:94)
	at org.testng.Assert.failNotEquals(Assert.java:494)
	at org.testng.Assert.assertTrue(Assert.java:42)
	at org.testng.Assert.assertTrue(Assert.java:52)
	at net.bigpoint.assessment.gasstation.implementation.StationImplTest.testBuyGasDepleted(StationImplTest.java:147)
</failure>
    <system-err>Jul 06, 2014 12:56:58 PM net.bigpoint.assessment.gasstation.implementation.StationImplTest testBuyGasDepleted
SEVERE: Not enough gas
</system-err>
  </testcase>
  <testcase time="5.639" classname="net.bigpoint.assessment.gasstation.implementation.StationImplTest" name="testBuyGasDepleted">
    <failure message="expected [true] but found [false]" type="java.lang.AssertionError">java.lang.AssertionError: expected [true] but found [false]
	at org.testng.Assert.fail(Assert.java:94)
	at org.testng.Assert.failNotEquals(Assert.java:494)
	at org.testng.Assert.assertTrue(Assert.java:42)
	at org.testng.Assert.assertTrue(Assert.java:52)
	at net.bigpoint.assessment.gasstation.implementation.StationImplTest.testBuyGasDepleted(StationImplTest.java:147)
</failure>
    <system-err>Jul 06, 2014 12:56:58 PM net.bigpoint.assessment.gasstation.implementation.StationImplTest testBuyGasDepleted
SEVERE: Not enough gas
</system-err>
  </testcase>
  <testcase time="5.64" classname="net.bigpoint.assessment.gasstation.implementation.StationImplTest" name="testBuyGasDepleted">
    <failure message="expected [true] but found [false]" type="java.lang.AssertionError">java.lang.AssertionError: expected [true] but found [false]
	at org.testng.Assert.fail(Assert.java:94)
	at org.testng.Assert.failNotEquals(Assert.java:494)
	at org.testng.Assert.assertTrue(Assert.java:42)
	at org.testng.Assert.assertTrue(Assert.java:52)
	at net.bigpoint.assessment.gasstation.implementation.StationImplTest.testBuyGasDepleted(StationImplTest.java:147)
</failure>
    <system-err>Jul 06, 2014 12:56:58 PM net.bigpoint.assessment.gasstation.implementation.StationImplTest testBuyGasDepleted
SEVERE: Not enough gas
Jul 06, 2014 12:56:58 PM net.bigpoint.assessment.gasstation.implementation.StationImplTest testBuyGasDepleted
SEVERE: Not enough gas
</system-err>
  </testcase>
  <testcase time="5.64" classname="net.bigpoint.assessment.gasstation.implementation.StationImplTest" name="testBuyGasDepleted">
    <failure message="expected [true] but found [false]" type="java.lang.AssertionError">java.lang.AssertionError: expected [true] but found [false]
	at org.testng.Assert.fail(Assert.java:94)
	at org.testng.Assert.failNotEquals(Assert.java:494)
	at org.testng.Assert.assertTrue(Assert.java:42)
	at org.testng.Assert.assertTrue(Assert.java:52)
	at net.bigpoint.assessment.gasstation.implementation.StationImplTest.testBuyGasDepleted(StationImplTest.java:147)
</failure>
  </testcase>
  <testcase time="5.64" classname="net.bigpoint.assessment.gasstation.implementation.StationImplTest" name="testBuyGasDepleted">
    <failure message="expected [true] but found [false]" type="java.lang.AssertionError">java.lang.AssertionError: expected [true] but found [false]
	at org.testng.Assert.fail(Assert.java:94)
	at org.testng.Assert.failNotEquals(Assert.java:494)
	at org.testng.Assert.assertTrue(Assert.java:42)
	at org.testng.Assert.assertTrue(Assert.java:52)
	at net.bigpoint.assessment.gasstation.implementation.StationImplTest.testBuyGasDepleted(StationImplTest.java:147)
</failure>
  </testcase>
  <testcase time="5.641" classname="net.bigpoint.assessment.gasstation.implementation.StationImplTest" name="testBuyGasDepleted">
    <failure message="expected [true] but found [false]" type="java.lang.AssertionError">java.lang.AssertionError: expected [true] but found [false]
	at org.testng.Assert.fail(Assert.java:94)
	at org.testng.Assert.failNotEquals(Assert.java:494)
	at org.testng.Assert.assertTrue(Assert.java:42)
	at org.testng.Assert.assertTrue(Assert.java:52)
	at net.bigpoint.assessment.gasstation.implementation.StationImplTest.testBuyGasDepleted(StationImplTest.java:147)
</failure>
    <system-err>Jul 06, 2014 12:56:58 PM net.bigpoint.assessment.gasstation.implementation.StationImplTest testBuyGasDepleted
SEVERE: Not enough gas
Jul 06, 2014 12:56:58 PM net.bigpoint.assessment.gasstation.implementation.StationImplTest testBuyGasDepleted
SEVERE: Not enough gas
</system-err>
  </testcase>
  <testcase time="5.641" classname="net.bigpoint.assessment.gasstation.implementation.StationImplTest" name="testBuyGasDepleted">
    <failure message="expected [true] but found [false]" type="java.lang.AssertionError">java.lang.AssertionError: expected [true] but found [false]
	at org.testng.Assert.fail(Assert.java:94)
	at org.testng.Assert.failNotEquals(Assert.java:494)
	at org.testng.Assert.assertTrue(Assert.java:42)
	at org.testng.Assert.assertTrue(Assert.java:52)
	at net.bigpoint.assessment.gasstation.implementation.StationImplTest.testBuyGasDepleted(StationImplTest.java:147)
</failure>
    <system-err>Jul 06, 2014 12:56:58 PM net.bigpoint.assessment.gasstation.implementation.StationImplTest testBuyGasDepleted
SEVERE: Not enough gas
</system-err>
  </testcase>
  <testcase time="5.642" classname="net.bigpoint.assessment.gasstation.implementation.StationImplTest" name="testBuyGasDepleted">
    <failure message="expected [true] but found [false]" type="java.lang.AssertionError">java.lang.AssertionError: expected [true] but found [false]
	at org.testng.Assert.fail(Assert.java:94)
	at org.testng.Assert.failNotEquals(Assert.java:494)
	at org.testng.Assert.assertTrue(Assert.java:42)
	at org.testng.Assert.assertTrue(Assert.java:52)
	at net.bigpoint.assessment.gasstation.implementation.StationImplTest.testBuyGasDepleted(StationImplTest.java:147)
</failure>
  </testcase>
  <testcase time="5.642" classname="net.bigpoint.assessment.gasstation.implementation.StationImplTest" name="testBuyGasDepleted">
    <failure message="expected [true] but found [false]" type="java.lang.AssertionError">java.lang.AssertionError: expected [true] but found [false]
	at org.testng.Assert.fail(Assert.java:94)
	at org.testng.Assert.failNotEquals(Assert.java:494)
	at org.testng.Assert.assertTrue(Assert.java:42)
	at org.testng.Assert.assertTrue(Assert.java:52)
	at net.bigpoint.assessment.gasstation.implementation.StationImplTest.testBuyGasDepleted(StationImplTest.java:147)
</failure>
    <system-err>Jul 06, 2014 12:56:58 PM net.bigpoint.assessment.gasstation.implementation.StationImplTest testBuyGasDepleted
SEVERE: Not enough gas
Jul 06, 2014 12:56:58 PM net.bigpoint.assessment.gasstation.implementation.StationImplTest testBuyGasDepleted
SEVERE: Not enough gas
</system-err>
  </testcase>
  <testcase time="5.642" classname="net.bigpoint.assessment.gasstation.implementation.StationImplTest" name="testBuyGasDepleted">
    <failure message="expected [true] but found [false]" type="java.lang.AssertionError">java.lang.AssertionError: expected [true] but found [false]
	at org.testng.Assert.fail(Assert.java:94)
	at org.testng.Assert.failNotEquals(Assert.java:494)
	at org.testng.Assert.assertTrue(Assert.java:42)
	at org.testng.Assert.assertTrue(Assert.java:52)
	at net.bigpoint.assessment.gasstation.implementation.StationImplTest.testBuyGasDepleted(StationImplTest.java:147)
</failure>
  </testcase>
  <testcase time="5.642" classname="net.bigpoint.assessment.gasstation.implementation.StationImplTest" name="testBuyGasDepleted">
    <failure message="expected [true] but found [false]" type="java.lang.AssertionError">java.lang.AssertionError: expected [true] but found [false]
	at org.testng.Assert.fail(Assert.java:94)
	at org.testng.Assert.failNotEquals(Assert.java:494)
	at org.testng.Assert.assertTrue(Assert.java:42)
	at org.testng.Assert.assertTrue(Assert.java:52)
	at net.bigpoint.assessment.gasstation.implementation.StationImplTest.testBuyGasDepleted(StationImplTest.java:147)
</failure>
  </testcase>
  <testcase time="5.643" classname="net.bigpoint.assessment.gasstation.implementation.StationImplTest" name="testBuyGasDepleted">
    <failure message="expected [true] but found [false]" type="java.lang.AssertionError">java.lang.AssertionError: expected [true] but found [false]
	at org.testng.Assert.fail(Assert.java:94)
	at org.testng.Assert.failNotEquals(Assert.java:494)
	at org.testng.Assert.assertTrue(Assert.java:42)
	at org.testng.Assert.assertTrue(Assert.java:52)
	at net.bigpoint.assessment.gasstation.implementation.StationImplTest.testBuyGasDepleted(StationImplTest.java:147)
</failure>
    <system-err>Jul 06, 2014 12:56:58 PM net.bigpoint.assessment.gasstation.implementation.StationImplTest testBuyGasDepleted
SEVERE: Not enough gas
Jul 06, 2014 12:56:58 PM net.bigpoint.assessment.gasstation.implementation.StationImplTest testBuyGasDepleted
SEVERE: Not enough gas
</system-err>
  </testcase>
  <testcase time="5.643" classname="net.bigpoint.assessment.gasstation.implementation.StationImplTest" name="testBuyGasDepleted">
    <failure message="expected [true] but found [false]" type="java.lang.AssertionError">java.lang.AssertionError: expected [true] but found [false]
	at org.testng.Assert.fail(Assert.java:94)
	at org.testng.Assert.failNotEquals(Assert.java:494)
	at org.testng.Assert.assertTrue(Assert.java:42)
	at org.testng.Assert.assertTrue(Assert.java:52)
	at net.bigpoint.assessment.gasstation.implementation.StationImplTest.testBuyGasDepleted(StationImplTest.java:147)
</failure>
    <system-err>Jul 06, 2014 12:56:58 PM net.bigpoint.assessment.gasstation.implementation.StationImplTest testBuyGasDepleted
SEVERE: Not enough gas
</system-err>
  </testcase>
  <testcase time="5.644" classname="net.bigpoint.assessment.gasstation.implementation.StationImplTest" name="testBuyGasDepleted">
    <failure message="expected [true] but found [false]" type="java.lang.AssertionError">java.lang.AssertionError: expected [true] but found [false]
	at org.testng.Assert.fail(Assert.java:94)
	at org.testng.Assert.failNotEquals(Assert.java:494)
	at org.testng.Assert.assertTrue(Assert.java:42)
	at org.testng.Assert.assertTrue(Assert.java:52)
	at net.bigpoint.assessment.gasstation.implementation.StationImplTest.testBuyGasDepleted(StationImplTest.java:147)
</failure>
    <system-err>Jul 06, 2014 12:56:58 PM net.bigpoint.assessment.gasstation.implementation.StationImplTest testBuyGasDepleted
SEVERE: Not enough gas
</system-err>
  </testcase>
  <testcase time="5.644" classname="net.bigpoint.assessment.gasstation.implementation.StationImplTest" name="testBuyGasDepleted">
    <failure message="expected [true] but found [false]" type="java.lang.AssertionError">java.lang.AssertionError: expected [true] but found [false]
	at org.testng.Assert.fail(Assert.java:94)
	at org.testng.Assert.failNotEquals(Assert.java:494)
	at org.testng.Assert.assertTrue(Assert.java:42)
	at org.testng.Assert.assertTrue(Assert.java:52)
	at net.bigpoint.assessment.gasstation.implementation.StationImplTest.testBuyGasDepleted(StationImplTest.java:147)
</failure>
    <system-err>Jul 06, 2014 12:56:58 PM net.bigpoint.assessment.gasstation.implementation.StationImplTest testBuyGasDepleted
SEVERE: Not enough gas
</system-err>
  </testcase>
  <testcase time="5.644" classname="net.bigpoint.assessment.gasstation.implementation.StationImplTest" name="testBuyGasDepleted">
    <failure message="expected [true] but found [false]" type="java.lang.AssertionError">java.lang.AssertionError: expected [true] but found [false]
	at org.testng.Assert.fail(Assert.java:94)
	at org.testng.Assert.failNotEquals(Assert.java:494)
	at org.testng.Assert.assertTrue(Assert.java:42)
	at org.testng.Assert.assertTrue(Assert.java:52)
	at net.bigpoint.assessment.gasstation.implementation.StationImplTest.testBuyGasDepleted(StationImplTest.java:147)
</failure>
  </testcase>
  <testcase time="5.645" classname="net.bigpoint.assessment.gasstation.implementation.StationImplTest" name="testBuyGasDepleted">
    <failure message="expected [true] but found [false]" type="java.lang.AssertionError">java.lang.AssertionError: expected [true] but found [false]
	at org.testng.Assert.fail(Assert.java:94)
	at org.testng.Assert.failNotEquals(Assert.java:494)
	at org.testng.Assert.assertTrue(Assert.java:42)
	at org.testng.Assert.assertTrue(Assert.java:52)
	at net.bigpoint.assessment.gasstation.implementation.StationImplTest.testBuyGasDepleted(StationImplTest.java:147)
</failure>
    <system-err>Jul 06, 2014 12:56:58 PM net.bigpoint.assessment.gasstation.implementation.StationImplTest testBuyGasDepleted
SEVERE: Not enough gas
</system-err>
  </testcase>
  <testcase time="5.645" classname="net.bigpoint.assessment.gasstation.implementation.StationImplTest" name="testBuyGasDepleted">
    <failure message="expected [true] but found [false]" type="java.lang.AssertionError">java.lang.AssertionError: expected [true] but found [false]
	at org.testng.Assert.fail(Assert.java:94)
	at org.testng.Assert.failNotEquals(Assert.java:494)
	at org.testng.Assert.assertTrue(Assert.java:42)
	at org.testng.Assert.assertTrue(Assert.java:52)
	at net.bigpoint.assessment.gasstation.implementation.StationImplTest.testBuyGasDepleted(StationImplTest.java:147)
</failure>
    <system-err>Jul 06, 2014 12:56:58 PM net.bigpoint.assessment.gasstation.implementation.StationImplTest testBuyGasDepleted
SEVERE: Not enough gas
</system-err>
  </testcase>
  <testcase time="5.645" classname="net.bigpoint.assessment.gasstation.implementation.StationImplTest" name="testBuyGasDepleted">
    <failure message="expected [true] but found [false]" type="java.lang.AssertionError">java.lang.AssertionError: expected [true] but found [false]
	at org.testng.Assert.fail(Assert.java:94)
	at org.testng.Assert.failNotEquals(Assert.java:494)
	at org.testng.Assert.assertTrue(Assert.java:42)
	at org.testng.Assert.assertTrue(Assert.java:52)
	at net.bigpoint.assessment.gasstation.implementation.StationImplTest.testBuyGasDepleted(StationImplTest.java:147)
</failure>
    <system-err>Jul 06, 2014 12:56:58 PM net.bigpoint.assessment.gasstation.implementation.StationImplTest testBuyGasDepleted
SEVERE: Not enough gas
</system-err>
  </testcase>
  <testcase time="5.645" classname="net.bigpoint.assessment.gasstation.implementation.StationImplTest" name="testBuyGasDepleted">
    <failure message="expected [true] but found [false]" type="java.lang.AssertionError">java.lang.AssertionError: expected [true] but found [false]
	at org.testng.Assert.fail(Assert.java:94)
	at org.testng.Assert.failNotEquals(Assert.java:494)
	at org.testng.Assert.assertTrue(Assert.java:42)
	at org.testng.Assert.assertTrue(Assert.java:52)
	at net.bigpoint.assessment.gasstation.implementation.StationImplTest.testBuyGasDepleted(StationImplTest.java:147)
</failure>
  </testcase>
  <testcase time="5.646" classname="net.bigpoint.assessment.gasstation.implementation.StationImplTest" name="testBuyGasDepleted">
    <failure message="expected [true] but found [false]" type="java.lang.AssertionError">java.lang.AssertionError: expected [true] but found [false]
	at org.testng.Assert.fail(Assert.java:94)
	at org.testng.Assert.failNotEquals(Assert.java:494)
	at org.testng.Assert.assertTrue(Assert.java:42)
	at org.testng.Assert.assertTrue(Assert.java:52)
	at net.bigpoint.assessment.gasstation.implementation.StationImplTest.testBuyGasDepleted(StationImplTest.java:147)
</failure>
    <system-err>Jul 06, 2014 12:56:58 PM net.bigpoint.assessment.gasstation.implementation.StationImplTest testBuyGasDepleted
SEVERE: Not enough gas
Jul 06, 2014 12:56:58 PM net.bigpoint.assessment.gasstation.implementation.StationImplTest testBuyGasDepleted
SEVERE: Not enough gas
Jul 06, 2014 12:56:58 PM net.bigpoint.assessment.gasstation.implementation.StationImplTest testBuyGasDepleted
SEVERE: Not enough gas
</system-err>
  </testcase>
  <testcase time="5.646" classname="net.bigpoint.assessment.gasstation.implementation.StationImplTest" name="testBuyGasDepleted">
    <failure message="expected [true] but found [false]" type="java.lang.AssertionError">java.lang.AssertionError: expected [true] but found [false]
	at org.testng.Assert.fail(Assert.java:94)
	at org.testng.Assert.failNotEquals(Assert.java:494)
	at org.testng.Assert.assertTrue(Assert.java:42)
	at org.testng.Assert.assertTrue(Assert.java:52)
	at net.bigpoint.assessment.gasstation.implementation.StationImplTest.testBuyGasDepleted(StationImplTest.java:147)
</failure>
    <system-err>Jul 06, 2014 12:56:58 PM net.bigpoint.assessment.gasstation.implementation.StationImplTest testBuyGasDepleted
SEVERE: Not enough gas
</system-err>
  </testcase>
  <testcase time="5.646" classname="net.bigpoint.assessment.gasstation.implementation.StationImplTest" name="testBuyGasDepleted">
    <failure message="expected [true] but found [false]" type="java.lang.AssertionError">java.lang.AssertionError: expected [true] but found [false]
	at org.testng.Assert.fail(Assert.java:94)
	at org.testng.Assert.failNotEquals(Assert.java:494)
	at org.testng.Assert.assertTrue(Assert.java:42)
	at org.testng.Assert.assertTrue(Assert.java:52)
	at net.bigpoint.assessment.gasstation.implementation.StationImplTest.testBuyGasDepleted(StationImplTest.java:147)
</failure>
  </testcase>
  <testcase time="5.647" classname="net.bigpoint.assessment.gasstation.implementation.StationImplTest" name="testBuyGasDepleted">
    <failure message="expected [true] but found [false]" type="java.lang.AssertionError">java.lang.AssertionError: expected [true] but found [false]
	at org.testng.Assert.fail(Assert.java:94)
	at org.testng.Assert.failNotEquals(Assert.java:494)
	at org.testng.Assert.assertTrue(Assert.java:42)
	at org.testng.Assert.assertTrue(Assert.java:52)
	at net.bigpoint.assessment.gasstation.implementation.StationImplTest.testBuyGasDepleted(StationImplTest.java:147)
</failure>
    <system-err>Jul 06, 2014 12:56:58 PM net.bigpoint.assessment.gasstation.implementation.StationImplTest testBuyGasDepleted
SEVERE: Not enough gas
</system-err>
  </testcase>
  <testcase time="5.647" classname="net.bigpoint.assessment.gasstation.implementation.StationImplTest" name="testBuyGasDepleted">
    <failure message="expected [true] but found [false]" type="java.lang.AssertionError">java.lang.AssertionError: expected [true] but found [false]
	at org.testng.Assert.fail(Assert.java:94)
	at org.testng.Assert.failNotEquals(Assert.java:494)
	at org.testng.Assert.assertTrue(Assert.java:42)
	at org.testng.Assert.assertTrue(Assert.java:52)
	at net.bigpoint.assessment.gasstation.implementation.StationImplTest.testBuyGasDepleted(StationImplTest.java:147)
</failure>
  </testcase>
  <testcase time="5.647" classname="net.bigpoint.assessment.gasstation.implementation.StationImplTest" name="testBuyGasDepleted">
    <failure message="expected [true] but found [false]" type="java.lang.AssertionError">java.lang.AssertionError: expected [true] but found [false]
	at org.testng.Assert.fail(Assert.java:94)
	at org.testng.Assert.failNotEquals(Assert.java:494)
	at org.testng.Assert.assertTrue(Assert.java:42)
	at org.testng.Assert.assertTrue(Assert.java:52)
	at net.bigpoint.assessment.gasstation.implementation.StationImplTest.testBuyGasDepleted(StationImplTest.java:147)
</failure>
  </testcase>
  <testcase time="5.648" classname="net.bigpoint.assessment.gasstation.implementation.StationImplTest" name="testBuyGasDepleted">
    <failure message="expected [true] but found [false]" type="java.lang.AssertionError">java.lang.AssertionError: expected [true] but found [false]
	at org.testng.Assert.fail(Assert.java:94)
	at org.testng.Assert.failNotEquals(Assert.java:494)
	at org.testng.Assert.assertTrue(Assert.java:42)
	at org.testng.Assert.assertTrue(Assert.java:52)
	at net.bigpoint.assessment.gasstation.implementation.StationImplTest.testBuyGasDepleted(StationImplTest.java:147)
</failure>
    <system-err>Jul 06, 2014 12:56:58 PM net.bigpoint.assessment.gasstation.implementation.StationImplTest testBuyGasDepleted
SEVERE: Not enough gas
Jul 06, 2014 12:56:58 PM net.bigpoint.assessment.gasstation.implementation.StationImplTest testBuyGasDepleted
SEVERE: Not enough gas
</system-err>
  </testcase>
  <testcase time="5.648" classname="net.bigpoint.assessment.gasstation.implementation.StationImplTest" name="testBuyGasDepleted">
    <failure message="expected [true] but found [false]" type="java.lang.AssertionError">java.lang.AssertionError: expected [true] but found [false]
	at org.testng.Assert.fail(Assert.java:94)
	at org.testng.Assert.failNotEquals(Assert.java:494)
	at org.testng.Assert.assertTrue(Assert.java:42)
	at org.testng.Assert.assertTrue(Assert.java:52)
	at net.bigpoint.assessment.gasstation.implementation.StationImplTest.testBuyGasDepleted(StationImplTest.java:147)
</failure>
  </testcase>
  <testcase time="5.648" classname="net.bigpoint.assessment.gasstation.implementation.StationImplTest" name="testBuyGasDepleted">
    <failure message="expected [true] but found [false]" type="java.lang.AssertionError">java.lang.AssertionError: expected [true] but found [false]
	at org.testng.Assert.fail(Assert.java:94)
	at org.testng.Assert.failNotEquals(Assert.java:494)
	at org.testng.Assert.assertTrue(Assert.java:42)
	at org.testng.Assert.assertTrue(Assert.java:52)
	at net.bigpoint.assessment.gasstation.implementation.StationImplTest.testBuyGasDepleted(StationImplTest.java:147)
</failure>
    <system-err>Jul 06, 2014 12:56:58 PM net.bigpoint.assessment.gasstation.implementation.StationImplTest testBuyGasDepleted
SEVERE: Not enough gas
Jul 06, 2014 12:56:58 PM net.bigpoint.assessment.gasstation.implementation.StationImplTest testBuyGasDepleted
SEVERE: Not enough gas
</system-err>
  </testcase>
  <testcase time="5.649" classname="net.bigpoint.assessment.gasstation.implementation.StationImplTest" name="testBuyGasDepleted">
    <failure message="expected [true] but found [false]" type="java.lang.AssertionError">java.lang.AssertionError: expected [true] but found [false]
	at org.testng.Assert.fail(Assert.java:94)
	at org.testng.Assert.failNotEquals(Assert.java:494)
	at org.testng.Assert.assertTrue(Assert.java:42)
	at org.testng.Assert.assertTrue(Assert.java:52)
	at net.bigpoint.assessment.gasstation.implementation.StationImplTest.testBuyGasDepleted(StationImplTest.java:147)
</failure>
    <system-err>Jul 06, 2014 12:56:58 PM net.bigpoint.assessment.gasstation.implementation.StationImplTest testBuyGasDepleted
SEVERE: Not enough gas
</system-err>
  </testcase>
  <testcase time="5.649" classname="net.bigpoint.assessment.gasstation.implementation.StationImplTest" name="testBuyGasDepleted">
    <failure message="expected [true] but found [false]" type="java.lang.AssertionError">java.lang.AssertionError: expected [true] but found [false]
	at org.testng.Assert.fail(Assert.java:94)
	at org.testng.Assert.failNotEquals(Assert.java:494)
	at org.testng.Assert.assertTrue(Assert.java:42)
	at org.testng.Assert.assertTrue(Assert.java:52)
	at net.bigpoint.assessment.gasstation.implementation.StationImplTest.testBuyGasDepleted(StationImplTest.java:147)
</failure>
  </testcase>
  <testcase time="5.649" classname="net.bigpoint.assessment.gasstation.implementation.StationImplTest" name="testBuyGasDepleted">
    <failure message="expected [true] but found [false]" type="java.lang.AssertionError">java.lang.AssertionError: expected [true] but found [false]
	at org.testng.Assert.fail(Assert.java:94)
	at org.testng.Assert.failNotEquals(Assert.java:494)
	at org.testng.Assert.assertTrue(Assert.java:42)
	at org.testng.Assert.assertTrue(Assert.java:52)
	at net.bigpoint.assessment.gasstation.implementation.StationImplTest.testBuyGasDepleted(StationImplTest.java:147)
</failure>
  </testcase>
  <testcase time="5.649" classname="net.bigpoint.assessment.gasstation.implementation.StationImplTest" name="testBuyGasDepleted">
    <failure message="expected [true] but found [false]" type="java.lang.AssertionError">java.lang.AssertionError: expected [true] but found [false]
	at org.testng.Assert.fail(Assert.java:94)
	at org.testng.Assert.failNotEquals(Assert.java:494)
	at org.testng.Assert.assertTrue(Assert.java:42)
	at org.testng.Assert.assertTrue(Assert.java:52)
	at net.bigpoint.assessment.gasstation.implementation.StationImplTest.testBuyGasDepleted(StationImplTest.java:147)
</failure>
  </testcase>
  <testcase time="5.65" classname="net.bigpoint.assessment.gasstation.implementation.StationImplTest" name="testBuyGasDepleted">
    <failure message="expected [true] but found [false]" type="java.lang.AssertionError">java.lang.AssertionError: expected [true] but found [false]
	at org.testng.Assert.fail(Assert.java:94)
	at org.testng.Assert.failNotEquals(Assert.java:494)
	at org.testng.Assert.assertTrue(Assert.java:42)
	at org.testng.Assert.assertTrue(Assert.java:52)
	at net.bigpoint.assessment.gasstation.implementation.StationImplTest.testBuyGasDepleted(StationImplTest.java:147)
</failure>
    <system-err>Jul 06, 2014 12:56:58 PM net.bigpoint.assessment.gasstation.implementation.StationImplTest testBuyGasDepleted
SEVERE: Not enough gas
</system-err>
  </testcase>
  <testcase time="5.65" classname="net.bigpoint.assessment.gasstation.implementation.StationImplTest" name="testBuyGasDepleted">
    <failure message="expected [true] but found [false]" type="java.lang.AssertionError">java.lang.AssertionError: expected [true] but found [false]
	at org.testng.Assert.fail(Assert.java:94)
	at org.testng.Assert.failNotEquals(Assert.java:494)
	at org.testng.Assert.assertTrue(Assert.java:42)
	at org.testng.Assert.assertTrue(Assert.java:52)
	at net.bigpoint.assessment.gasstation.implementation.StationImplTest.testBuyGasDepleted(StationImplTest.java:147)
</failure>
  </testcase>
  <testcase time="5.651" classname="net.bigpoint.assessment.gasstation.implementation.StationImplTest" name="testBuyGasDepleted">
    <failure message="expected [true] but found [false]" type="java.lang.AssertionError">java.lang.AssertionError: expected [true] but found [false]
	at org.testng.Assert.fail(Assert.java:94)
	at org.testng.Assert.failNotEquals(Assert.java:494)
	at org.testng.Assert.assertTrue(Assert.java:42)
	at org.testng.Assert.assertTrue(Assert.java:52)
	at net.bigpoint.assessment.gasstation.implementation.StationImplTest.testBuyGasDepleted(StationImplTest.java:147)
</failure>
    <system-err>Jul 06, 2014 12:56:58 PM net.bigpoint.assessment.gasstation.implementation.StationImplTest testBuyGasDepleted
SEVERE: Not enough gas
Jul 06, 2014 12:56:58 PM net.bigpoint.assessment.gasstation.implementation.StationImplTest testBuyGasDepleted
SEVERE: Not enough gas
</system-err>
  </testcase>
  <testcase time="5.651" classname="net.bigpoint.assessment.gasstation.implementation.StationImplTest" name="testBuyGasDepleted">
    <failure message="expected [true] but found [false]" type="java.lang.AssertionError">java.lang.AssertionError: expected [true] but found [false]
	at org.testng.Assert.fail(Assert.java:94)
	at org.testng.Assert.failNotEquals(Assert.java:494)
	at org.testng.Assert.assertTrue(Assert.java:42)
	at org.testng.Assert.assertTrue(Assert.java:52)
	at net.bigpoint.assessment.gasstation.implementation.StationImplTest.testBuyGasDepleted(StationImplTest.java:147)
</failure>
  </testcase>
  <testcase time="5.652" classname="net.bigpoint.assessment.gasstation.implementation.StationImplTest" name="testBuyGasDepleted">
    <failure message="expected [true] but found [false]" type="java.lang.AssertionError">java.lang.AssertionError: expected [true] but found [false]
	at org.testng.Assert.fail(Assert.java:94)
	at org.testng.Assert.failNotEquals(Assert.java:494)
	at org.testng.Assert.assertTrue(Assert.java:42)
	at org.testng.Assert.assertTrue(Assert.java:52)
	at net.bigpoint.assessment.gasstation.implementation.StationImplTest.testBuyGasDepleted(StationImplTest.java:147)
</failure>
    <system-err>Jul 06, 2014 12:56:58 PM net.bigpoint.assessment.gasstation.implementation.StationImplTest testBuyGasDepleted
SEVERE: Not enough gas
Jul 06, 2014 12:56:58 PM net.bigpoint.assessment.gasstation.implementation.StationImplTest testBuyGasDepleted
SEVERE: Not enough gas
</system-err>
  </testcase>
  <testcase time="5.652" classname="net.bigpoint.assessment.gasstation.implementation.StationImplTest" name="testBuyGasDepleted">
    <failure message="expected [true] but found [false]" type="java.lang.AssertionError">java.lang.AssertionError: expected [true] but found [false]
	at org.testng.Assert.fail(Assert.java:94)
	at org.testng.Assert.failNotEquals(Assert.java:494)
	at org.testng.Assert.assertTrue(Assert.java:42)
	at org.testng.Assert.assertTrue(Assert.java:52)
	at net.bigpoint.assessment.gasstation.implementation.StationImplTest.testBuyGasDepleted(StationImplTest.java:147)
</failure>
    <system-err>Jul 06, 2014 12:56:58 PM net.bigpoint.assessment.gasstation.implementation.StationImplTest testBuyGasDepleted
SEVERE: Not enough gas
</system-err>
  </testcase>
  <testcase time="5.653" classname="net.bigpoint.assessment.gasstation.implementation.StationImplTest" name="testBuyGasDepleted">
    <failure message="expected [true] but found [false]" type="java.lang.AssertionError">java.lang.AssertionError: expected [true] but found [false]
	at org.testng.Assert.fail(Assert.java:94)
	at org.testng.Assert.failNotEquals(Assert.java:494)
	at org.testng.Assert.assertTrue(Assert.java:42)
	at org.testng.Assert.assertTrue(Assert.java:52)
	at net.bigpoint.assessment.gasstation.implementation.StationImplTest.testBuyGasDepleted(StationImplTest.java:147)
</failure>
  </testcase>
  <testcase time="5.653" classname="net.bigpoint.assessment.gasstation.implementation.StationImplTest" name="testBuyGasDepleted">
    <failure message="expected [true] but found [false]" type="java.lang.AssertionError">java.lang.AssertionError: expected [true] but found [false]
	at org.testng.Assert.fail(Assert.java:94)
	at org.testng.Assert.failNotEquals(Assert.java:494)
	at org.testng.Assert.assertTrue(Assert.java:42)
	at org.testng.Assert.assertTrue(Assert.java:52)
	at net.bigpoint.assessment.gasstation.implementation.StationImplTest.testBuyGasDepleted(StationImplTest.java:147)
</failure>
  </testcase>
  <testcase time="5.654" classname="net.bigpoint.assessment.gasstation.implementation.StationImplTest" name="testBuyGasDepleted">
    <failure message="expected [true] but found [false]" type="java.lang.AssertionError">java.lang.AssertionError: expected [true] but found [false]
	at org.testng.Assert.fail(Assert.java:94)
	at org.testng.Assert.failNotEquals(Assert.java:494)
	at org.testng.Assert.assertTrue(Assert.java:42)
	at org.testng.Assert.assertTrue(Assert.java:52)
	at net.bigpoint.assessment.gasstation.implementation.StationImplTest.testBuyGasDepleted(StationImplTest.java:147)
</failure>
    <system-err>Jul 06, 2014 12:56:58 PM net.bigpoint.assessment.gasstation.implementation.StationImplTest testBuyGasDepleted
SEVERE: Not enough gas
Jul 06, 2014 12:56:58 PM net.bigpoint.assessment.gasstation.implementation.StationImplTest testBuyGasDepleted
SEVERE: Not enough gas
</system-err>
  </testcase>
  <testcase time="5.654" classname="net.bigpoint.assessment.gasstation.implementation.StationImplTest" name="testBuyGasDepleted">
    <failure message="expected [true] but found [false]" type="java.lang.AssertionError">java.lang.AssertionError: expected [true] but found [false]
	at org.testng.Assert.fail(Assert.java:94)
	at org.testng.Assert.failNotEquals(Assert.java:494)
	at org.testng.Assert.assertTrue(Assert.java:42)
	at org.testng.Assert.assertTrue(Assert.java:52)
	at net.bigpoint.assessment.gasstation.implementation.StationImplTest.testBuyGasDepleted(StationImplTest.java:147)
</failure>
  </testcase>
  <testcase time="5.655" classname="net.bigpoint.assessment.gasstation.implementation.StationImplTest" name="testBuyGasDepleted">
    <failure message="expected [true] but found [false]" type="java.lang.AssertionError">java.lang.AssertionError: expected [true] but found [false]
	at org.testng.Assert.fail(Assert.java:94)
	at org.testng.Assert.failNotEquals(Assert.java:494)
	at org.testng.Assert.assertTrue(Assert.java:42)
	at org.testng.Assert.assertTrue(Assert.java:52)
	at net.bigpoint.assessment.gasstation.implementation.StationImplTest.testBuyGasDepleted(StationImplTest.java:147)
</failure>
    <system-err>Jul 06, 2014 12:56:58 PM net.bigpoint.assessment.gasstation.implementation.StationImplTest testBuyGasDepleted
SEVERE: Not enough gas
Jul 06, 2014 12:56:58 PM net.bigpoint.assessment.gasstation.implementation.StationImplTest testBuyGasDepleted
SEVERE: Not enough gas
</system-err>
  </testcase>
  <testcase time="5.655" classname="net.bigpoint.assessment.gasstation.implementation.StationImplTest" name="testBuyGasDepleted">
    <failure message="expected [true] but found [false]" type="java.lang.AssertionError">java.lang.AssertionError: expected [true] but found [false]
	at org.testng.Assert.fail(Assert.java:94)
	at org.testng.Assert.failNotEquals(Assert.java:494)
	at org.testng.Assert.assertTrue(Assert.java:42)
	at org.testng.Assert.assertTrue(Assert.java:52)
	at net.bigpoint.assessment.gasstation.implementation.StationImplTest.testBuyGasDepleted(StationImplTest.java:147)
</failure>
    <system-err>Jul 06, 2014 12:56:58 PM net.bigpoint.assessment.gasstation.implementation.StationImplTest testBuyGasDepleted
SEVERE: Not enough gas
</system-err>
  </testcase>
  <testcase time="5.655" classname="net.bigpoint.assessment.gasstation.implementation.StationImplTest" name="testBuyGasDepleted">
    <failure message="expected [true] but found [false]" type="java.lang.AssertionError">java.lang.AssertionError: expected [true] but found [false]
	at org.testng.Assert.fail(Assert.java:94)
	at org.testng.Assert.failNotEquals(Assert.java:494)
	at org.testng.Assert.assertTrue(Assert.java:42)
	at org.testng.Assert.assertTrue(Assert.java:52)
	at net.bigpoint.assessment.gasstation.implementation.StationImplTest.testBuyGasDepleted(StationImplTest.java:147)
</failure>
  </testcase>
  <testcase time="5.655" classname="net.bigpoint.assessment.gasstation.implementation.StationImplTest" name="testBuyGasDepleted">
    <failure message="expected [true] but found [false]" type="java.lang.AssertionError">java.lang.AssertionError: expected [true] but found [false]
	at org.testng.Assert.fail(Assert.java:94)
	at org.testng.Assert.failNotEquals(Assert.java:494)
	at org.testng.Assert.assertTrue(Assert.java:42)
	at org.testng.Assert.assertTrue(Assert.java:52)
	at net.bigpoint.assessment.gasstation.implementation.StationImplTest.testBuyGasDepleted(StationImplTest.java:147)
</failure>
    <system-err>Jul 06, 2014 12:56:58 PM net.bigpoint.assessment.gasstation.implementation.StationImplTest testBuyGasDepleted
SEVERE: Not enough gas
Jul 06, 2014 12:56:58 PM net.bigpoint.assessment.gasstation.implementation.StationImplTest testBuyGasDepleted
SEVERE: Not enough gas
</system-err>
  </testcase>
  <testcase time="5.656" classname="net.bigpoint.assessment.gasstation.implementation.StationImplTest" name="testBuyGasDepleted">
    <failure message="expected [true] but found [false]" type="java.lang.AssertionError">java.lang.AssertionError: expected [true] but found [false]
	at org.testng.Assert.fail(Assert.java:94)
	at org.testng.Assert.failNotEquals(Assert.java:494)
	at org.testng.Assert.assertTrue(Assert.java:42)
	at org.testng.Assert.assertTrue(Assert.java:52)
	at net.bigpoint.assessment.gasstation.implementation.StationImplTest.testBuyGasDepleted(StationImplTest.java:147)
</failure>
    <system-err>Jul 06, 2014 12:56:58 PM net.bigpoint.assessment.gasstation.implementation.StationImplTest testBuyGasDepleted
SEVERE: Not enough gas
</system-err>
  </testcase>
  <testcase time="5.656" classname="net.bigpoint.assessment.gasstation.implementation.StationImplTest" name="testBuyGasDepleted">
    <failure message="expected [true] but found [false]" type="java.lang.AssertionError">java.lang.AssertionError: expected [true] but found [false]
	at org.testng.Assert.fail(Assert.java:94)
	at org.testng.Assert.failNotEquals(Assert.java:494)
	at org.testng.Assert.assertTrue(Assert.java:42)
	at org.testng.Assert.assertTrue(Assert.java:52)
	at net.bigpoint.assessment.gasstation.implementation.StationImplTest.testBuyGasDepleted(StationImplTest.java:147)
</failure>
  </testcase>
  <testcase time="5.656" classname="net.bigpoint.assessment.gasstation.implementation.StationImplTest" name="testBuyGasDepleted">
    <failure message="expected [true] but found [false]" type="java.lang.AssertionError">java.lang.AssertionError: expected [true] but found [false]
	at org.testng.Assert.fail(Assert.java:94)
	at org.testng.Assert.failNotEquals(Assert.java:494)
	at org.testng.Assert.assertTrue(Assert.java:42)
	at org.testng.Assert.assertTrue(Assert.java:52)
	at net.bigpoint.assessment.gasstation.implementation.StationImplTest.testBuyGasDepleted(StationImplTest.java:147)
</failure>
    <system-err>Jul 06, 2014 12:56:58 PM net.bigpoint.assessment.gasstation.implementation.StationImplTest testBuyGasDepleted
SEVERE: Not enough gas
</system-err>
  </testcase>
  <testcase time="5.657" classname="net.bigpoint.assessment.gasstation.implementation.StationImplTest" name="testBuyGasDepleted">
    <failure message="expected [true] but found [false]" type="java.lang.AssertionError">java.lang.AssertionError: expected [true] but found [false]
	at org.testng.Assert.fail(Assert.java:94)
	at org.testng.Assert.failNotEquals(Assert.java:494)
	at org.testng.Assert.assertTrue(Assert.java:42)
	at org.testng.Assert.assertTrue(Assert.java:52)
	at net.bigpoint.assessment.gasstation.implementation.StationImplTest.testBuyGasDepleted(StationImplTest.java:147)
</failure>
    <system-err>Jul 06, 2014 12:56:58 PM net.bigpoint.assessment.gasstation.implementation.StationImplTest testBuyGasDepleted
SEVERE: Not enough gas
</system-err>
  </testcase>
  <testcase time="5.657" classname="net.bigpoint.assessment.gasstation.implementation.StationImplTest" name="testBuyGasDepleted">
    <failure message="expected [true] but found [false]" type="java.lang.AssertionError">java.lang.AssertionError: expected [true] but found [false]
	at org.testng.Assert.fail(Assert.java:94)
	at org.testng.Assert.failNotEquals(Assert.java:494)
	at org.testng.Assert.assertTrue(Assert.java:42)
	at org.testng.Assert.assertTrue(Assert.java:52)
	at net.bigpoint.assessment.gasstation.implementation.StationImplTest.testBuyGasDepleted(StationImplTest.java:147)
</failure>
    <system-err>Jul 06, 2014 12:56:58 PM net.bigpoint.assessment.gasstation.implementation.StationImplTest testBuyGasDepleted
SEVERE: Not enough gas
Jul 06, 2014 12:56:58 PM net.bigpoint.assessment.gasstation.implementation.StationImplTest testBuyGasDepleted
SEVERE: Not enough gas
Jul 06, 2014 12:56:58 PM net.bigpoint.assessment.gasstation.implementation.StationImplTest testBuyGasDepleted
SEVERE: Not enough gas
</system-err>
  </testcase>
  <testcase time="5.658" classname="net.bigpoint.assessment.gasstation.implementation.StationImplTest" name="testBuyGasDepleted">
    <failure message="expected [true] but found [false]" type="java.lang.AssertionError">java.lang.AssertionError: expected [true] but found [false]
	at org.testng.Assert.fail(Assert.java:94)
	at org.testng.Assert.failNotEquals(Assert.java:494)
	at org.testng.Assert.assertTrue(Assert.java:42)
	at org.testng.Assert.assertTrue(Assert.java:52)
	at net.bigpoint.assessment.gasstation.implementation.StationImplTest.testBuyGasDepleted(StationImplTest.java:147)
</failure>
  </testcase>
  <testcase time="5.658" classname="net.bigpoint.assessment.gasstation.implementation.StationImplTest" name="testBuyGasDepleted">
    <failure message="expected [true] but found [false]" type="java.lang.AssertionError">java.lang.AssertionError: expected [true] but found [false]
	at org.testng.Assert.fail(Assert.java:94)
	at org.testng.Assert.failNotEquals(Assert.java:494)
	at org.testng.Assert.assertTrue(Assert.java:42)
	at org.testng.Assert.assertTrue(Assert.java:52)
	at net.bigpoint.assessment.gasstation.implementation.StationImplTest.testBuyGasDepleted(StationImplTest.java:147)
</failure>
    <system-err>Jul 06, 2014 12:56:58 PM net.bigpoint.assessment.gasstation.implementation.StationImplTest testBuyGasDepleted
SEVERE: Not enough gas
</system-err>
  </testcase>
  <testcase time="5.658" classname="net.bigpoint.assessment.gasstation.implementation.StationImplTest" name="testBuyGasDepleted">
    <failure message="expected [true] but found [false]" type="java.lang.AssertionError">java.lang.AssertionError: expected [true] but found [false]
	at org.testng.Assert.fail(Assert.java:94)
	at org.testng.Assert.failNotEquals(Assert.java:494)
	at org.testng.Assert.assertTrue(Assert.java:42)
	at org.testng.Assert.assertTrue(Assert.java:52)
	at net.bigpoint.assessment.gasstation.implementation.StationImplTest.testBuyGasDepleted(StationImplTest.java:147)
</failure>
    <system-err>Jul 06, 2014 12:56:58 PM net.bigpoint.assessment.gasstation.implementation.StationImplTest testBuyGasDepleted
SEVERE: Not enough gas
</system-err>
  </testcase>
  <testcase time="5.658" classname="net.bigpoint.assessment.gasstation.implementation.StationImplTest" name="testBuyGasDepleted">
    <failure message="expected [true] but found [false]" type="java.lang.AssertionError">java.lang.AssertionError: expected [true] but found [false]
	at org.testng.Assert.fail(Assert.java:94)
	at org.testng.Assert.failNotEquals(Assert.java:494)
	at org.testng.Assert.assertTrue(Assert.java:42)
	at org.testng.Assert.assertTrue(Assert.java:52)
	at net.bigpoint.assessment.gasstation.implementation.StationImplTest.testBuyGasDepleted(StationImplTest.java:147)
</failure>
  </testcase>
  <testcase time="5.659" classname="net.bigpoint.assessment.gasstation.implementation.StationImplTest" name="testBuyGasDepleted">
    <failure message="expected [true] but found [false]" type="java.lang.AssertionError">java.lang.AssertionError: expected [true] but found [false]
	at org.testng.Assert.fail(Assert.java:94)
	at org.testng.Assert.failNotEquals(Assert.java:494)
	at org.testng.Assert.assertTrue(Assert.java:42)
	at org.testng.Assert.assertTrue(Assert.java:52)
	at net.bigpoint.assessment.gasstation.implementation.StationImplTest.testBuyGasDepleted(StationImplTest.java:147)
</failure>
    <system-err>Jul 06, 2014 12:56:58 PM net.bigpoint.assessment.gasstation.implementation.StationImplTest testBuyGasDepleted
SEVERE: Not enough gas
Jul 06, 2014 12:56:58 PM net.bigpoint.assessment.gasstation.implementation.StationImplTest testBuyGasDepleted
SEVERE: Not enough gas
</system-err>
  </testcase>
  <testcase time="5.659" classname="net.bigpoint.assessment.gasstation.implementation.StationImplTest" name="testBuyGasDepleted">
    <failure message="expected [true] but found [false]" type="java.lang.AssertionError">java.lang.AssertionError: expected [true] but found [false]
	at org.testng.Assert.fail(Assert.java:94)
	at org.testng.Assert.failNotEquals(Assert.java:494)
	at org.testng.Assert.assertTrue(Assert.java:42)
	at org.testng.Assert.assertTrue(Assert.java:52)
	at net.bigpoint.assessment.gasstation.implementation.StationImplTest.testBuyGasDepleted(StationImplTest.java:147)
</failure>
    <system-err>Jul 06, 2014 12:56:58 PM net.bigpoint.assessment.gasstation.implementation.StationImplTest testBuyGasDepleted
SEVERE: Not enough gas
</system-err>
  </testcase>
  <testcase time="5.66" classname="net.bigpoint.assessment.gasstation.implementation.StationImplTest" name="testBuyGasDepleted">
    <failure message="expected [true] but found [false]" type="java.lang.AssertionError">java.lang.AssertionError: expected [true] but found [false]
	at org.testng.Assert.fail(Assert.java:94)
	at org.testng.Assert.failNotEquals(Assert.java:494)
	at org.testng.Assert.assertTrue(Assert.java:42)
	at org.testng.Assert.assertTrue(Assert.java:52)
	at net.bigpoint.assessment.gasstation.implementation.StationImplTest.testBuyGasDepleted(StationImplTest.java:147)
</failure>
    <system-err>Jul 06, 2014 12:56:58 PM net.bigpoint.assessment.gasstation.implementation.StationImplTest testBuyGasDepleted
SEVERE: Not enough gas
</system-err>
  </testcase>
  <testcase time="5.66" classname="net.bigpoint.assessment.gasstation.implementation.StationImplTest" name="testBuyGasDepleted">
    <failure message="expected [true] but found [false]" type="java.lang.AssertionError">java.lang.AssertionError: expected [true] but found [false]
	at org.testng.Assert.fail(Assert.java:94)
	at org.testng.Assert.failNotEquals(Assert.java:494)
	at org.testng.Assert.assertTrue(Assert.java:42)
	at org.testng.Assert.assertTrue(Assert.java:52)
	at net.bigpoint.assessment.gasstation.implementation.StationImplTest.testBuyGasDepleted(StationImplTest.java:147)
</failure>
  </testcase>
  <testcase time="5.66" classname="net.bigpoint.assessment.gasstation.implementation.StationImplTest" name="testBuyGasDepleted">
    <failure message="expected [true] but found [false]" type="java.lang.AssertionError">java.lang.AssertionError: expected [true] but found [false]
	at org.testng.Assert.fail(Assert.java:94)
	at org.testng.Assert.failNotEquals(Assert.java:494)
	at org.testng.Assert.assertTrue(Assert.java:42)
	at org.testng.Assert.assertTrue(Assert.java:52)
	at net.bigpoint.assessment.gasstation.implementation.StationImplTest.testBuyGasDepleted(StationImplTest.java:147)
</failure>
  </testcase>
  <testcase time="5.66" classname="net.bigpoint.assessment.gasstation.implementation.StationImplTest" name="testBuyGasDepleted">
    <failure message="expected [true] but found [false]" type="java.lang.AssertionError">java.lang.AssertionError: expected [true] but found [false]
	at org.testng.Assert.fail(Assert.java:94)
	at org.testng.Assert.failNotEquals(Assert.java:494)
	at org.testng.Assert.assertTrue(Assert.java:42)
	at org.testng.Assert.assertTrue(Assert.java:52)
	at net.bigpoint.assessment.gasstation.implementation.StationImplTest.testBuyGasDepleted(StationImplTest.java:147)
</failure>
    <system-err>Jul 06, 2014 12:56:58 PM net.bigpoint.assessment.gasstation.implementation.StationImplTest testBuyGasDepleted
SEVERE: Not enough gas
Jul 06, 2014 12:56:58 PM net.bigpoint.assessment.gasstation.implementation.StationImplTest testBuyGasDepleted
SEVERE: Not enough gas
</system-err>
  </testcase>
  <testcase time="5.661" classname="net.bigpoint.assessment.gasstation.implementation.StationImplTest" name="testBuyGasDepleted">
    <failure message="expected [true] but found [false]" type="java.lang.AssertionError">java.lang.AssertionError: expected [true] but found [false]
	at org.testng.Assert.fail(Assert.java:94)
	at org.testng.Assert.failNotEquals(Assert.java:494)
	at org.testng.Assert.assertTrue(Assert.java:42)
	at org.testng.Assert.assertTrue(Assert.java:52)
	at net.bigpoint.assessment.gasstation.implementation.StationImplTest.testBuyGasDepleted(StationImplTest.java:147)
</failure>
    <system-err>Jul 06, 2014 12:56:58 PM net.bigpoint.assessment.gasstation.implementation.StationImplTest testBuyGasDepleted
SEVERE: Not enough gas
</system-err>
  </testcase>
  <testcase time="5.661" classname="net.bigpoint.assessment.gasstation.implementation.StationImplTest" name="testBuyGasDepleted">
    <failure message="expected [true] but found [false]" type="java.lang.AssertionError">java.lang.AssertionError: expected [true] but found [false]
	at org.testng.Assert.fail(Assert.java:94)
	at org.testng.Assert.failNotEquals(Assert.java:494)
	at org.testng.Assert.assertTrue(Assert.java:42)
	at org.testng.Assert.assertTrue(Assert.java:52)
	at net.bigpoint.assessment.gasstation.implementation.StationImplTest.testBuyGasDepleted(StationImplTest.java:147)
</failure>
    <system-err>Jul 06, 2014 12:56:58 PM net.bigpoint.assessment.gasstation.implementation.StationImplTest testBuyGasDepleted
SEVERE: Not enough gas
</system-err>
  </testcase>
  <testcase time="5.661" classname="net.bigpoint.assessment.gasstation.implementation.StationImplTest" name="testBuyGasDepleted">
    <failure message="expected [true] but found [false]" type="java.lang.AssertionError">java.lang.AssertionError: expected [true] but found [false]
	at org.testng.Assert.fail(Assert.java:94)
	at org.testng.Assert.failNotEquals(Assert.java:494)
	at org.testng.Assert.assertTrue(Assert.java:42)
	at org.testng.Assert.assertTrue(Assert.java:52)
	at net.bigpoint.assessment.gasstation.implementation.StationImplTest.testBuyGasDepleted(StationImplTest.java:147)
</failure>
    <system-err>Jul 06, 2014 12:56:58 PM net.bigpoint.assessment.gasstation.implementation.StationImplTest testBuyGasDepleted
SEVERE: Not enough gas
</system-err>
  </testcase>
  <testcase time="5.662" classname="net.bigpoint.assessment.gasstation.implementation.StationImplTest" name="testBuyGasDepleted">
    <failure message="expected [true] but found [false]" type="java.lang.AssertionError">java.lang.AssertionError: expected [true] but found [false]
	at org.testng.Assert.fail(Assert.java:94)
	at org.testng.Assert.failNotEquals(Assert.java:494)
	at org.testng.Assert.assertTrue(Assert.java:42)
	at org.testng.Assert.assertTrue(Assert.java:52)
	at net.bigpoint.assessment.gasstation.implementation.StationImplTest.testBuyGasDepleted(StationImplTest.java:147)
</failure>
    <system-err>Jul 06, 2014 12:56:58 PM net.bigpoint.assessment.gasstation.implementation.StationImplTest testBuyGasDepleted
SEVERE: Not enough gas
</system-err>
  </testcase>
  <testcase time="5.662" classname="net.bigpoint.assessment.gasstation.implementation.StationImplTest" name="testBuyGasDepleted">
    <failure message="expected [true] but found [false]" type="java.lang.AssertionError">java.lang.AssertionError: expected [true] but found [false]
	at org.testng.Assert.fail(Assert.java:94)
	at org.testng.Assert.failNotEquals(Assert.java:494)
	at org.testng.Assert.assertTrue(Assert.java:42)
	at org.testng.Assert.assertTrue(Assert.java:52)
	at net.bigpoint.assessment.gasstation.implementation.StationImplTest.testBuyGasDepleted(StationImplTest.java:147)
</failure>
    <system-err>Jul 06, 2014 12:56:58 PM net.bigpoint.assessment.gasstation.implementation.StationImplTest testBuyGasDepleted
SEVERE: Not enough gas
</system-err>
  </testcase>
  <testcase time="5.662" classname="net.bigpoint.assessment.gasstation.implementation.StationImplTest" name="testBuyGasDepleted">
    <failure message="expected [true] but found [false]" type="java.lang.AssertionError">java.lang.AssertionError: expected [true] but found [false]
	at org.testng.Assert.fail(Assert.java:94)
	at org.testng.Assert.failNotEquals(Assert.java:494)
	at org.testng.Assert.assertTrue(Assert.java:42)
	at org.testng.Assert.assertTrue(Assert.java:52)
	at net.bigpoint.assessment.gasstation.implementation.StationImplTest.testBuyGasDepleted(StationImplTest.java:147)
</failure>
  </testcase>
  <testcase time="5.662" classname="net.bigpoint.assessment.gasstation.implementation.StationImplTest" name="testBuyGasDepleted">
    <failure message="expected [true] but found [false]" type="java.lang.AssertionError">java.lang.AssertionError: expected [true] but found [false]
	at org.testng.Assert.fail(Assert.java:94)
	at org.testng.Assert.failNotEquals(Assert.java:494)
	at org.testng.Assert.assertTrue(Assert.java:42)
	at org.testng.Assert.assertTrue(Assert.java:52)
	at net.bigpoint.assessment.gasstation.implementation.StationImplTest.testBuyGasDepleted(StationImplTest.java:147)
</failure>
  </testcase>
  <testcase time="5.663" classname="net.bigpoint.assessment.gasstation.implementation.StationImplTest" name="testBuyGasDepleted">
    <failure message="expected [true] but found [false]" type="java.lang.AssertionError">java.lang.AssertionError: expected [true] but found [false]
	at org.testng.Assert.fail(Assert.java:94)
	at org.testng.Assert.failNotEquals(Assert.java:494)
	at org.testng.Assert.assertTrue(Assert.java:42)
	at org.testng.Assert.assertTrue(Assert.java:52)
	at net.bigpoint.assessment.gasstation.implementation.StationImplTest.testBuyGasDepleted(StationImplTest.java:147)
</failure>
    <system-err>Jul 06, 2014 12:56:58 PM net.bigpoint.assessment.gasstation.implementation.StationImplTest testBuyGasDepleted
SEVERE: Not enough gas
Jul 06, 2014 12:56:58 PM net.bigpoint.assessment.gasstation.implementation.StationImplTest testBuyGasDepleted
SEVERE: Not enough gas
</system-err>
  </testcase>
  <testcase time="5.663" classname="net.bigpoint.assessment.gasstation.implementation.StationImplTest" name="testBuyGasDepleted">
    <failure message="expected [true] but found [false]" type="java.lang.AssertionError">java.lang.AssertionError: expected [true] but found [false]
	at org.testng.Assert.fail(Assert.java:94)
	at org.testng.Assert.failNotEquals(Assert.java:494)
	at org.testng.Assert.assertTrue(Assert.java:42)
	at org.testng.Assert.assertTrue(Assert.java:52)
	at net.bigpoint.assessment.gasstation.implementation.StationImplTest.testBuyGasDepleted(StationImplTest.java:147)
</failure>
  </testcase>
  <testcase time="5.664" classname="net.bigpoint.assessment.gasstation.implementation.StationImplTest" name="testBuyGasDepleted">
    <failure message="expected [true] but found [false]" type="java.lang.AssertionError">java.lang.AssertionError: expected [true] but found [false]
	at org.testng.Assert.fail(Assert.java:94)
	at org.testng.Assert.failNotEquals(Assert.java:494)
	at org.testng.Assert.assertTrue(Assert.java:42)
	at org.testng.Assert.assertTrue(Assert.java:52)
	at net.bigpoint.assessment.gasstation.implementation.StationImplTest.testBuyGasDepleted(StationImplTest.java:147)
</failure>
    <system-err>Jul 06, 2014 12:56:58 PM net.bigpoint.assessment.gasstation.implementation.StationImplTest testBuyGasDepleted
SEVERE: Not enough gas
</system-err>
  </testcase>
  <testcase time="5.664" classname="net.bigpoint.assessment.gasstation.implementation.StationImplTest" name="testBuyGasDepleted">
    <failure message="expected [true] but found [false]" type="java.lang.AssertionError">java.lang.AssertionError: expected [true] but found [false]
	at org.testng.Assert.fail(Assert.java:94)
	at org.testng.Assert.failNotEquals(Assert.java:494)
	at org.testng.Assert.assertTrue(Assert.java:42)
	at org.testng.Assert.assertTrue(Assert.java:52)
	at net.bigpoint.assessment.gasstation.implementation.StationImplTest.testBuyGasDepleted(StationImplTest.java:147)
</failure>
    <system-err>Jul 06, 2014 12:56:58 PM net.bigpoint.assessment.gasstation.implementation.StationImplTest testBuyGasDepleted
SEVERE: Not enough gas
Jul 06, 2014 12:56:58 PM net.bigpoint.assessment.gasstation.implementation.StationImplTest testBuyGasDepleted
SEVERE: Not enough gas
</system-err>
  </testcase>
  <testcase time="5.665" classname="net.bigpoint.assessment.gasstation.implementation.StationImplTest" name="testBuyGasDepleted">
    <failure message="expected [true] but found [false]" type="java.lang.AssertionError">java.lang.AssertionError: expected [true] but found [false]
	at org.testng.Assert.fail(Assert.java:94)
	at org.testng.Assert.failNotEquals(Assert.java:494)
	at org.testng.Assert.assertTrue(Assert.java:42)
	at org.testng.Assert.assertTrue(Assert.java:52)
	at net.bigpoint.assessment.gasstation.implementation.StationImplTest.testBuyGasDepleted(StationImplTest.java:147)
</failure>
  </testcase>
  <testcase time="5.665" classname="net.bigpoint.assessment.gasstation.implementation.StationImplTest" name="testBuyGasDepleted">
    <failure message="expected [true] but found [false]" type="java.lang.AssertionError">java.lang.AssertionError: expected [true] but found [false]
	at org.testng.Assert.fail(Assert.java:94)
	at org.testng.Assert.failNotEquals(Assert.java:494)
	at org.testng.Assert.assertTrue(Assert.java:42)
	at org.testng.Assert.assertTrue(Assert.java:52)
	at net.bigpoint.assessment.gasstation.implementation.StationImplTest.testBuyGasDepleted(StationImplTest.java:147)
</failure>
  </testcase>
  <testcase time="5.665" classname="net.bigpoint.assessment.gasstation.implementation.StationImplTest" name="testBuyGasDepleted">
    <failure message="expected [true] but found [false]" type="java.lang.AssertionError">java.lang.AssertionError: expected [true] but found [false]
	at org.testng.Assert.fail(Assert.java:94)
	at org.testng.Assert.failNotEquals(Assert.java:494)
	at org.testng.Assert.assertTrue(Assert.java:42)
	at org.testng.Assert.assertTrue(Assert.java:52)
	at net.bigpoint.assessment.gasstation.implementation.StationImplTest.testBuyGasDepleted(StationImplTest.java:147)
</failure>
    <system-err>Jul 06, 2014 12:56:58 PM net.bigpoint.assessment.gasstation.implementation.StationImplTest testBuyGasDepleted
SEVERE: Not enough gas
Jul 06, 2014 12:56:58 PM net.bigpoint.assessment.gasstation.implementation.StationImplTest testBuyGasDepleted
SEVERE: Not enough gas
</system-err>
  </testcase>
  <testcase time="5.666" classname="net.bigpoint.assessment.gasstation.implementation.StationImplTest" name="testBuyGasDepleted">
    <failure message="expected [true] but found [false]" type="java.lang.AssertionError">java.lang.AssertionError: expected [true] but found [false]
	at org.testng.Assert.fail(Assert.java:94)
	at org.testng.Assert.failNotEquals(Assert.java:494)
	at org.testng.Assert.assertTrue(Assert.java:42)
	at org.testng.Assert.assertTrue(Assert.java:52)
	at net.bigpoint.assessment.gasstation.implementation.StationImplTest.testBuyGasDepleted(StationImplTest.java:147)
</failure>
    <system-err>Jul 06, 2014 12:56:58 PM net.bigpoint.assessment.gasstation.implementation.StationImplTest testBuyGasDepleted
SEVERE: Not enough gas
</system-err>
  </testcase>
  <testcase time="5.666" classname="net.bigpoint.assessment.gasstation.implementation.StationImplTest" name="testBuyGasDepleted">
    <failure message="expected [true] but found [false]" type="java.lang.AssertionError">java.lang.AssertionError: expected [true] but found [false]
	at org.testng.Assert.fail(Assert.java:94)
	at org.testng.Assert.failNotEquals(Assert.java:494)
	at org.testng.Assert.assertTrue(Assert.java:42)
	at org.testng.Assert.assertTrue(Assert.java:52)
	at net.bigpoint.assessment.gasstation.implementation.StationImplTest.testBuyGasDepleted(StationImplTest.java:147)
</failure>
  </testcase>
  <testcase time="5.667" classname="net.bigpoint.assessment.gasstation.implementation.StationImplTest" name="testBuyGasDepleted">
    <failure message="expected [true] but found [false]" type="java.lang.AssertionError">java.lang.AssertionError: expected [true] but found [false]
	at org.testng.Assert.fail(Assert.java:94)
	at org.testng.Assert.failNotEquals(Assert.java:494)
	at org.testng.Assert.assertTrue(Assert.java:42)
	at org.testng.Assert.assertTrue(Assert.java:52)
	at net.bigpoint.assessment.gasstation.implementation.StationImplTest.testBuyGasDepleted(StationImplTest.java:147)
</failure>
    <system-err>Jul 06, 2014 12:56:58 PM net.bigpoint.assessment.gasstation.implementation.StationImplTest testBuyGasDepleted
SEVERE: Not enough gas
Jul 06, 2014 12:56:58 PM net.bigpoint.assessment.gasstation.implementation.StationImplTest testBuyGasDepleted
SEVERE: Not enough gas
</system-err>
  </testcase>
  <testcase time="5.667" classname="net.bigpoint.assessment.gasstation.implementation.StationImplTest" name="testBuyGasDepleted">
    <failure message="expected [true] but found [false]" type="java.lang.AssertionError">java.lang.AssertionError: expected [true] but found [false]
	at org.testng.Assert.fail(Assert.java:94)
	at org.testng.Assert.failNotEquals(Assert.java:494)
	at org.testng.Assert.assertTrue(Assert.java:42)
	at org.testng.Assert.assertTrue(Assert.java:52)
	at net.bigpoint.assessment.gasstation.implementation.StationImplTest.testBuyGasDepleted(StationImplTest.java:147)
</failure>
  </testcase>
  <testcase time="5.667" classname="net.bigpoint.assessment.gasstation.implementation.StationImplTest" name="testBuyGasDepleted">
    <failure message="expected [true] but found [false]" type="java.lang.AssertionError">java.lang.AssertionError: expected [true] but found [false]
	at org.testng.Assert.fail(Assert.java:94)
	at org.testng.Assert.failNotEquals(Assert.java:494)
	at org.testng.Assert.assertTrue(Assert.java:42)
	at org.testng.Assert.assertTrue(Assert.java:52)
	at net.bigpoint.assessment.gasstation.implementation.StationImplTest.testBuyGasDepleted(StationImplTest.java:147)
</failure>
    <system-err>Jul 06, 2014 12:56:58 PM net.bigpoint.assessment.gasstation.implementation.StationImplTest testBuyGasDepleted
SEVERE: Not enough gas
</system-err>
  </testcase>
  <testcase time="5.667" classname="net.bigpoint.assessment.gasstation.implementation.StationImplTest" name="testBuyGasDepleted">
    <failure message="expected [true] but found [false]" type="java.lang.AssertionError">java.lang.AssertionError: expected [true] but found [false]
	at org.testng.Assert.fail(Assert.java:94)
	at org.testng.Assert.failNotEquals(Assert.java:494)
	at org.testng.Assert.assertTrue(Assert.java:42)
	at org.testng.Assert.assertTrue(Assert.java:52)
	at net.bigpoint.assessment.gasstation.implementation.StationImplTest.testBuyGasDepleted(StationImplTest.java:147)
</failure>
  </testcase>
  <testcase time="5.668" classname="net.bigpoint.assessment.gasstation.implementation.StationImplTest" name="testBuyGasDepleted">
    <failure message="expected [true] but found [false]" type="java.lang.AssertionError">java.lang.AssertionError: expected [true] but found [false]
	at org.testng.Assert.fail(Assert.java:94)
	at org.testng.Assert.failNotEquals(Assert.java:494)
	at org.testng.Assert.assertTrue(Assert.java:42)
	at org.testng.Assert.assertTrue(Assert.java:52)
	at net.bigpoint.assessment.gasstation.implementation.StationImplTest.testBuyGasDepleted(StationImplTest.java:147)
</failure>
    <system-err>Jul 06, 2014 12:56:58 PM net.bigpoint.assessment.gasstation.implementation.StationImplTest testBuyGasDepleted
SEVERE: Not enough gas
Jul 06, 2014 12:56:58 PM net.bigpoint.assessment.gasstation.implementation.StationImplTest testBuyGasDepleted
SEVERE: Not enough gas
</system-err>
  </testcase>
  <testcase time="5.668" classname="net.bigpoint.assessment.gasstation.implementation.StationImplTest" name="testBuyGasDepleted">
    <failure message="expected [true] but found [false]" type="java.lang.AssertionError">java.lang.AssertionError: expected [true] but found [false]
	at org.testng.Assert.fail(Assert.java:94)
	at org.testng.Assert.failNotEquals(Assert.java:494)
	at org.testng.Assert.assertTrue(Assert.java:42)
	at org.testng.Assert.assertTrue(Assert.java:52)
	at net.bigpoint.assessment.gasstation.implementation.StationImplTest.testBuyGasDepleted(StationImplTest.java:147)
</failure>
    <system-err>Jul 06, 2014 12:56:58 PM net.bigpoint.assessment.gasstation.implementation.StationImplTest testBuyGasDepleted
SEVERE: Not enough gas
</system-err>
  </testcase>
  <testcase time="5.668" classname="net.bigpoint.assessment.gasstation.implementation.StationImplTest" name="testBuyGasDepleted">
    <failure message="expected [true] but found [false]" type="java.lang.AssertionError">java.lang.AssertionError: expected [true] but found [false]
	at org.testng.Assert.fail(Assert.java:94)
	at org.testng.Assert.failNotEquals(Assert.java:494)
	at org.testng.Assert.assertTrue(Assert.java:42)
	at org.testng.Assert.assertTrue(Assert.java:52)
	at net.bigpoint.assessment.gasstation.implementation.StationImplTest.testBuyGasDepleted(StationImplTest.java:147)
</failure>
  </testcase>
  <testcase time="5.669" classname="net.bigpoint.assessment.gasstation.implementation.StationImplTest" name="testBuyGasDepleted">
    <failure message="expected [true] but found [false]" type="java.lang.AssertionError">java.lang.AssertionError: expected [true] but found [false]
	at org.testng.Assert.fail(Assert.java:94)
	at org.testng.Assert.failNotEquals(Assert.java:494)
	at org.testng.Assert.assertTrue(Assert.java:42)
	at org.testng.Assert.assertTrue(Assert.java:52)
	at net.bigpoint.assessment.gasstation.implementation.StationImplTest.testBuyGasDepleted(StationImplTest.java:147)
</failure>
    <system-err>Jul 06, 2014 12:56:58 PM net.bigpoint.assessment.gasstation.implementation.StationImplTest testBuyGasDepleted
SEVERE: Not enough gas
Jul 06, 2014 12:56:58 PM net.bigpoint.assessment.gasstation.implementation.StationImplTest testBuyGasDepleted
SEVERE: Not enough gas
</system-err>
  </testcase>
  <testcase time="5.669" classname="net.bigpoint.assessment.gasstation.implementation.StationImplTest" name="testBuyGasDepleted">
    <failure message="expected [true] but found [false]" type="java.lang.AssertionError">java.lang.AssertionError: expected [true] but found [false]
	at org.testng.Assert.fail(Assert.java:94)
	at org.testng.Assert.failNotEquals(Assert.java:494)
	at org.testng.Assert.assertTrue(Assert.java:42)
	at org.testng.Assert.assertTrue(Assert.java:52)
	at net.bigpoint.assessment.gasstation.implementation.StationImplTest.testBuyGasDepleted(StationImplTest.java:147)
</failure>
    <system-err>Jul 06, 2014 12:56:58 PM net.bigpoint.assessment.gasstation.implementation.StationImplTest testBuyGasDepleted
SEVERE: Not enough gas
</system-err>
  </testcase>
  <testcase time="5.67" classname="net.bigpoint.assessment.gasstation.implementation.StationImplTest" name="testBuyGasDepleted">
    <failure message="expected [true] but found [false]" type="java.lang.AssertionError">java.lang.AssertionError: expected [true] but found [false]
	at org.testng.Assert.fail(Assert.java:94)
	at org.testng.Assert.failNotEquals(Assert.java:494)
	at org.testng.Assert.assertTrue(Assert.java:42)
	at org.testng.Assert.assertTrue(Assert.java:52)
	at net.bigpoint.assessment.gasstation.implementation.StationImplTest.testBuyGasDepleted(StationImplTest.java:147)
</failure>
    <system-err>Jul 06, 2014 12:56:58 PM net.bigpoint.assessment.gasstation.implementation.StationImplTest testBuyGasDepleted
SEVERE: Not enough gas
</system-err>
  </testcase>
  <testcase time="5.67" classname="net.bigpoint.assessment.gasstation.implementation.StationImplTest" name="testBuyGasDepleted">
    <failure message="expected [true] but found [false]" type="java.lang.AssertionError">java.lang.AssertionError: expected [true] but found [false]
	at org.testng.Assert.fail(Assert.java:94)
	at org.testng.Assert.failNotEquals(Assert.java:494)
	at org.testng.Assert.assertTrue(Assert.java:42)
	at org.testng.Assert.assertTrue(Assert.java:52)
	at net.bigpoint.assessment.gasstation.implementation.StationImplTest.testBuyGasDepleted(StationImplTest.java:147)
</failure>
  </testcase>
  <testcase time="5.671" classname="net.bigpoint.assessment.gasstation.implementation.StationImplTest" name="testBuyGasDepleted">
    <failure message="expected [true] but found [false]" type="java.lang.AssertionError">java.lang.AssertionError: expected [true] but found [false]
	at org.testng.Assert.fail(Assert.java:94)
	at org.testng.Assert.failNotEquals(Assert.java:494)
	at org.testng.Assert.assertTrue(Assert.java:42)
	at org.testng.Assert.assertTrue(Assert.java:52)
	at net.bigpoint.assessment.gasstation.implementation.StationImplTest.testBuyGasDepleted(StationImplTest.java:147)
</failure>
    <system-err>Jul 06, 2014 12:56:58 PM net.bigpoint.assessment.gasstation.implementation.StationImplTest testBuyGasDepleted
SEVERE: Not enough gas
</system-err>
  </testcase>
  <testcase time="5.671" classname="net.bigpoint.assessment.gasstation.implementation.StationImplTest" name="testBuyGasDepleted">
    <failure message="expected [true] but found [false]" type="java.lang.AssertionError">java.lang.AssertionError: expected [true] but found [false]
	at org.testng.Assert.fail(Assert.java:94)
	at org.testng.Assert.failNotEquals(Assert.java:494)
	at org.testng.Assert.assertTrue(Assert.java:42)
	at org.testng.Assert.assertTrue(Assert.java:52)
	at net.bigpoint.assessment.gasstation.implementation.StationImplTest.testBuyGasDepleted(StationImplTest.java:147)
</failure>
  </testcase>
  <testcase time="5.672" classname="net.bigpoint.assessment.gasstation.implementation.StationImplTest" name="testBuyGasDepleted">
    <failure message="expected [true] but found [false]" type="java.lang.AssertionError">java.lang.AssertionError: expected [true] but found [false]
	at org.testng.Assert.fail(Assert.java:94)
	at org.testng.Assert.failNotEquals(Assert.java:494)
	at org.testng.Assert.assertTrue(Assert.java:42)
	at org.testng.Assert.assertTrue(Assert.java:52)
	at net.bigpoint.assessment.gasstation.implementation.StationImplTest.testBuyGasDepleted(StationImplTest.java:147)
</failure>
    <system-err>Jul 06, 2014 12:56:58 PM net.bigpoint.assessment.gasstation.implementation.StationImplTest testBuyGasDepleted
SEVERE: Not enough gas
Jul 06, 2014 12:56:58 PM net.bigpoint.assessment.gasstation.implementation.StationImplTest testBuyGasDepleted
SEVERE: Not enough gas
Jul 06, 2014 12:56:58 PM net.bigpoint.assessment.gasstation.implementation.StationImplTest testBuyGasDepleted
SEVERE: Not enough gas
</system-err>
  </testcase>
  <testcase time="5.672" classname="net.bigpoint.assessment.gasstation.implementation.StationImplTest" name="testBuyGasDepleted">
    <failure message="expected [true] but found [false]" type="java.lang.AssertionError">java.lang.AssertionError: expected [true] but found [false]
	at org.testng.Assert.fail(Assert.java:94)
	at org.testng.Assert.failNotEquals(Assert.java:494)
	at org.testng.Assert.assertTrue(Assert.java:42)
	at org.testng.Assert.assertTrue(Assert.java:52)
	at net.bigpoint.assessment.gasstation.implementation.StationImplTest.testBuyGasDepleted(StationImplTest.java:147)
</failure>
  </testcase>
  <testcase time="5.672" classname="net.bigpoint.assessment.gasstation.implementation.StationImplTest" name="testBuyGasDepleted">
    <failure message="expected [true] but found [false]" type="java.lang.AssertionError">java.lang.AssertionError: expected [true] but found [false]
	at org.testng.Assert.fail(Assert.java:94)
	at org.testng.Assert.failNotEquals(Assert.java:494)
	at org.testng.Assert.assertTrue(Assert.java:42)
	at org.testng.Assert.assertTrue(Assert.java:52)
	at net.bigpoint.assessment.gasstation.implementation.StationImplTest.testBuyGasDepleted(StationImplTest.java:147)
</failure>
  </testcase>
  <testcase time="5.673" classname="net.bigpoint.assessment.gasstation.implementation.StationImplTest" name="testBuyGasDepleted">
    <failure message="expected [true] but found [false]" type="java.lang.AssertionError">java.lang.AssertionError: expected [true] but found [false]
	at org.testng.Assert.fail(Assert.java:94)
	at org.testng.Assert.failNotEquals(Assert.java:494)
	at org.testng.Assert.assertTrue(Assert.java:42)
	at org.testng.Assert.assertTrue(Assert.java:52)
	at net.bigpoint.assessment.gasstation.implementation.StationImplTest.testBuyGasDepleted(StationImplTest.java:147)
</failure>
  </testcase>
  <testcase time="5.679" classname="net.bigpoint.assessment.gasstation.implementation.StationImplTest" name="testBuyGasDepleted">
    <failure message="expected [true] but found [false]" type="java.lang.AssertionError">java.lang.AssertionError: expected [true] but found [false]
	at org.testng.Assert.fail(Assert.java:94)
	at org.testng.Assert.failNotEquals(Assert.java:494)
	at org.testng.Assert.assertTrue(Assert.java:42)
	at org.testng.Assert.assertTrue(Assert.java:52)
	at net.bigpoint.assessment.gasstation.implementation.StationImplTest.testBuyGasDepleted(StationImplTest.java:147)
</failure>
    <system-err>Jul 06, 2014 12:56:58 PM net.bigpoint.assessment.gasstation.implementation.StationImplTest testBuyGasDepleted
SEVERE: Not enough gas
Jul 06, 2014 12:56:58 PM net.bigpoint.assessment.gasstation.implementation.StationImplTest testBuyGasDepleted
SEVERE: Not enough gas
</system-err>
  </testcase>
  <testcase time="5.679" classname="net.bigpoint.assessment.gasstation.implementation.StationImplTest" name="testBuyGasDepleted">
    <failure message="expected [true] but found [false]" type="java.lang.AssertionError">java.lang.AssertionError: expected [true] but found [false]
	at org.testng.Assert.fail(Assert.java:94)
	at org.testng.Assert.failNotEquals(Assert.java:494)
	at org.testng.Assert.assertTrue(Assert.java:42)
	at org.testng.Assert.assertTrue(Assert.java:52)
	at net.bigpoint.assessment.gasstation.implementation.StationImplTest.testBuyGasDepleted(StationImplTest.java:147)
</failure>
    <system-err>Jul 06, 2014 12:56:58 PM net.bigpoint.assessment.gasstation.implementation.StationImplTest testBuyGasDepleted
SEVERE: Not enough gas
</system-err>
  </testcase>
  <testcase time="5.679" classname="net.bigpoint.assessment.gasstation.implementation.StationImplTest" name="testBuyGasDepleted">
    <failure message="expected [true] but found [false]" type="java.lang.AssertionError">java.lang.AssertionError: expected [true] but found [false]
	at org.testng.Assert.fail(Assert.java:94)
	at org.testng.Assert.failNotEquals(Assert.java:494)
	at org.testng.Assert.assertTrue(Assert.java:42)
	at org.testng.Assert.assertTrue(Assert.java:52)
	at net.bigpoint.assessment.gasstation.implementation.StationImplTest.testBuyGasDepleted(StationImplTest.java:147)
</failure>
    <system-err>Jul 06, 2014 12:56:58 PM net.bigpoint.assessment.gasstation.implementation.StationImplTest testBuyGasDepleted
SEVERE: Not enough gas
</system-err>
  </testcase>
  <testcase time="5.679" classname="net.bigpoint.assessment.gasstation.implementation.StationImplTest" name="testBuyGasDepleted">
    <failure message="expected [true] but found [false]" type="java.lang.AssertionError">java.lang.AssertionError: expected [true] but found [false]
	at org.testng.Assert.fail(Assert.java:94)
	at org.testng.Assert.failNotEquals(Assert.java:494)
	at org.testng.Assert.assertTrue(Assert.java:42)
	at org.testng.Assert.assertTrue(Assert.java:52)
	at net.bigpoint.assessment.gasstation.implementation.StationImplTest.testBuyGasDepleted(StationImplTest.java:147)
</failure>
    <system-err>Jul 06, 2014 12:56:58 PM net.bigpoint.assessment.gasstation.implementation.StationImplTest testBuyGasDepleted
SEVERE: Not enough gas
</system-err>
  </testcase>
  <testcase time="5.68" classname="net.bigpoint.assessment.gasstation.implementation.StationImplTest" name="testBuyGasDepleted">
    <failure message="expected [true] but found [false]" type="java.lang.AssertionError">java.lang.AssertionError: expected [true] but found [false]
	at org.testng.Assert.fail(Assert.java:94)
	at org.testng.Assert.failNotEquals(Assert.java:494)
	at org.testng.Assert.assertTrue(Assert.java:42)
	at org.testng.Assert.assertTrue(Assert.java:52)
	at net.bigpoint.assessment.gasstation.implementation.StationImplTest.testBuyGasDepleted(StationImplTest.java:147)
</failure>
  </testcase>
  <testcase time="5.682" classname="net.bigpoint.assessment.gasstation.implementation.StationImplTest" name="testBuyGasDepleted">
    <failure message="expected [true] but found [false]" type="java.lang.AssertionError">java.lang.AssertionError: expected [true] but found [false]
	at org.testng.Assert.fail(Assert.java:94)
	at org.testng.Assert.failNotEquals(Assert.java:494)
	at org.testng.Assert.assertTrue(Assert.java:42)
	at org.testng.Assert.assertTrue(Assert.java:52)
	at net.bigpoint.assessment.gasstation.implementation.StationImplTest.testBuyGasDepleted(StationImplTest.java:147)
</failure>
    <system-err>Jul 06, 2014 12:56:58 PM net.bigpoint.assessment.gasstation.implementation.StationImplTest testBuyGasDepleted
SEVERE: Not enough gas
</system-err>
  </testcase>
  <testcase time="5.682" classname="net.bigpoint.assessment.gasstation.implementation.StationImplTest" name="testBuyGasDepleted">
    <failure message="expected [true] but found [false]" type="java.lang.AssertionError">java.lang.AssertionError: expected [true] but found [false]
	at org.testng.Assert.fail(Assert.java:94)
	at org.testng.Assert.failNotEquals(Assert.java:494)
	at org.testng.Assert.assertTrue(Assert.java:42)
	at org.testng.Assert.assertTrue(Assert.java:52)
	at net.bigpoint.assessment.gasstation.implementation.StationImplTest.testBuyGasDepleted(StationImplTest.java:147)
</failure>
    <system-err>Jul 06, 2014 12:56:58 PM net.bigpoint.assessment.gasstation.implementation.StationImplTest testBuyGasDepleted
SEVERE: Not enough gas
</system-err>
  </testcase>
  <testcase time="5.682" classname="net.bigpoint.assessment.gasstation.implementation.StationImplTest" name="testBuyGasDepleted">
    <failure message="expected [true] but found [false]" type="java.lang.AssertionError">java.lang.AssertionError: expected [true] but found [false]
	at org.testng.Assert.fail(Assert.java:94)
	at org.testng.Assert.failNotEquals(Assert.java:494)
	at org.testng.Assert.assertTrue(Assert.java:42)
	at org.testng.Assert.assertTrue(Assert.java:52)
	at net.bigpoint.assessment.gasstation.implementation.StationImplTest.testBuyGasDepleted(StationImplTest.java:147)
</failure>
  </testcase>
  <testcase time="5.682" classname="net.bigpoint.assessment.gasstation.implementation.StationImplTest" name="testBuyGasDepleted">
    <failure message="expected [true] but found [false]" type="java.lang.AssertionError">java.lang.AssertionError: expected [true] but found [false]
	at org.testng.Assert.fail(Assert.java:94)
	at org.testng.Assert.failNotEquals(Assert.java:494)
	at org.testng.Assert.assertTrue(Assert.java:42)
	at org.testng.Assert.assertTrue(Assert.java:52)
	at net.bigpoint.assessment.gasstation.implementation.StationImplTest.testBuyGasDepleted(StationImplTest.java:147)
</failure>
    <system-err>Jul 06, 2014 12:56:58 PM net.bigpoint.assessment.gasstation.implementation.StationImplTest testBuyGasDepleted
SEVERE: Not enough gas
</system-err>
  </testcase>
  <testcase time="5.683" classname="net.bigpoint.assessment.gasstation.implementation.StationImplTest" name="testBuyGasDepleted">
    <failure message="expected [true] but found [false]" type="java.lang.AssertionError">java.lang.AssertionError: expected [true] but found [false]
	at org.testng.Assert.fail(Assert.java:94)
	at org.testng.Assert.failNotEquals(Assert.java:494)
	at org.testng.Assert.assertTrue(Assert.java:42)
	at org.testng.Assert.assertTrue(Assert.java:52)
	at net.bigpoint.assessment.gasstation.implementation.StationImplTest.testBuyGasDepleted(StationImplTest.java:147)
</failure>
    <system-err>Jul 06, 2014 12:56:58 PM net.bigpoint.assessment.gasstation.implementation.StationImplTest testBuyGasDepleted
SEVERE: Not enough gas
</system-err>
  </testcase>
  <testcase time="5.685" classname="net.bigpoint.assessment.gasstation.implementation.StationImplTest" name="testBuyGasDepleted">
    <failure message="expected [true] but found [false]" type="java.lang.AssertionError">java.lang.AssertionError: expected [true] but found [false]
	at org.testng.Assert.fail(Assert.java:94)
	at org.testng.Assert.failNotEquals(Assert.java:494)
	at org.testng.Assert.assertTrue(Assert.java:42)
	at org.testng.Assert.assertTrue(Assert.java:52)
	at net.bigpoint.assessment.gasstation.implementation.StationImplTest.testBuyGasDepleted(StationImplTest.java:147)
</failure>
    <system-err>Jul 06, 2014 12:56:58 PM net.bigpoint.assessment.gasstation.implementation.StationImplTest testBuyGasDepleted
SEVERE: Not enough gas
</system-err>
  </testcase>
  <testcase time="5.685" classname="net.bigpoint.assessment.gasstation.implementation.StationImplTest" name="testBuyGasDepleted">
    <failure message="expected [true] but found [false]" type="java.lang.AssertionError">java.lang.AssertionError: expected [true] but found [false]
	at org.testng.Assert.fail(Assert.java:94)
	at org.testng.Assert.failNotEquals(Assert.java:494)
	at org.testng.Assert.assertTrue(Assert.java:42)
	at org.testng.Assert.assertTrue(Assert.java:52)
	at net.bigpoint.assessment.gasstation.implementation.StationImplTest.testBuyGasDepleted(StationImplTest.java:147)
</failure>
    <system-err>Jul 06, 2014 12:56:58 PM net.bigpoint.assessment.gasstation.implementation.StationImplTest testBuyGasDepleted
SEVERE: Not enough gas
Jul 06, 2014 12:56:58 PM net.bigpoint.assessment.gasstation.implementation.StationImplTest testBuyGasDepleted
SEVERE: Not enough gas
</system-err>
  </testcase>
  <testcase time="5.686" classname="net.bigpoint.assessment.gasstation.implementation.StationImplTest" name="testBuyGasDepleted">
    <failure message="expected [true] but found [false]" type="java.lang.AssertionError">java.lang.AssertionError: expected [true] but found [false]
	at org.testng.Assert.fail(Assert.java:94)
	at org.testng.Assert.failNotEquals(Assert.java:494)
	at org.testng.Assert.assertTrue(Assert.java:42)
	at org.testng.Assert.assertTrue(Assert.java:52)
	at net.bigpoint.assessment.gasstation.implementation.StationImplTest.testBuyGasDepleted(StationImplTest.java:147)
</failure>
  </testcase>
  <testcase time="5.686" classname="net.bigpoint.assessment.gasstation.implementation.StationImplTest" name="testBuyGasDepleted">
    <failure message="expected [true] but found [false]" type="java.lang.AssertionError">java.lang.AssertionError: expected [true] but found [false]
	at org.testng.Assert.fail(Assert.java:94)
	at org.testng.Assert.failNotEquals(Assert.java:494)
	at org.testng.Assert.assertTrue(Assert.java:42)
	at org.testng.Assert.assertTrue(Assert.java:52)
	at net.bigpoint.assessment.gasstation.implementation.StationImplTest.testBuyGasDepleted(StationImplTest.java:147)
</failure>
    <system-err>Jul 06, 2014 12:56:58 PM net.bigpoint.assessment.gasstation.implementation.StationImplTest testBuyGasDepleted
SEVERE: Not enough gas
</system-err>
  </testcase>
  <testcase time="5.686" classname="net.bigpoint.assessment.gasstation.implementation.StationImplTest" name="testBuyGasDepleted">
    <failure message="expected [true] but found [false]" type="java.lang.AssertionError">java.lang.AssertionError: expected [true] but found [false]
	at org.testng.Assert.fail(Assert.java:94)
	at org.testng.Assert.failNotEquals(Assert.java:494)
	at org.testng.Assert.assertTrue(Assert.java:42)
	at org.testng.Assert.assertTrue(Assert.java:52)
	at net.bigpoint.assessment.gasstation.implementation.StationImplTest.testBuyGasDepleted(StationImplTest.java:147)
</failure>
  </testcase>
  <testcase time="5.686" classname="net.bigpoint.assessment.gasstation.implementation.StationImplTest" name="testBuyGasDepleted">
    <failure message="expected [true] but found [false]" type="java.lang.AssertionError">java.lang.AssertionError: expected [true] but found [false]
	at org.testng.Assert.fail(Assert.java:94)
	at org.testng.Assert.failNotEquals(Assert.java:494)
	at org.testng.Assert.assertTrue(Assert.java:42)
	at org.testng.Assert.assertTrue(Assert.java:52)
	at net.bigpoint.assessment.gasstation.implementation.StationImplTest.testBuyGasDepleted(StationImplTest.java:147)
</failure>
    <system-err>Jul 06, 2014 12:56:58 PM net.bigpoint.assessment.gasstation.implementation.StationImplTest testBuyGasDepleted
SEVERE: Not enough gas
</system-err>
  </testcase>
  <testcase time="5.686" classname="net.bigpoint.assessment.gasstation.implementation.StationImplTest" name="testBuyGasDepleted">
    <failure message="expected [true] but found [false]" type="java.lang.AssertionError">java.lang.AssertionError: expected [true] but found [false]
	at org.testng.Assert.fail(Assert.java:94)
	at org.testng.Assert.failNotEquals(Assert.java:494)
	at org.testng.Assert.assertTrue(Assert.java:42)
	at org.testng.Assert.assertTrue(Assert.java:52)
	at net.bigpoint.assessment.gasstation.implementation.StationImplTest.testBuyGasDepleted(StationImplTest.java:147)
</failure>
    <system-err>Jul 06, 2014 12:56:58 PM net.bigpoint.assessment.gasstation.implementation.StationImplTest testBuyGasDepleted
SEVERE: Not enough gas
Jul 06, 2014 12:56:58 PM net.bigpoint.assessment.gasstation.implementation.StationImplTest testBuyGasDepleted
SEVERE: Not enough gas
</system-err>
  </testcase>
  <testcase time="5.687" classname="net.bigpoint.assessment.gasstation.implementation.StationImplTest" name="testBuyGasDepleted">
    <failure message="expected [true] but found [false]" type="java.lang.AssertionError">java.lang.AssertionError: expected [true] but found [false]
	at org.testng.Assert.fail(Assert.java:94)
	at org.testng.Assert.failNotEquals(Assert.java:494)
	at org.testng.Assert.assertTrue(Assert.java:42)
	at org.testng.Assert.assertTrue(Assert.java:52)
	at net.bigpoint.assessment.gasstation.implementation.StationImplTest.testBuyGasDepleted(StationImplTest.java:147)
</failure>
  </testcase>
  <testcase time="5.687" classname="net.bigpoint.assessment.gasstation.implementation.StationImplTest" name="testBuyGasDepleted">
    <failure message="expected [true] but found [false]" type="java.lang.AssertionError">java.lang.AssertionError: expected [true] but found [false]
	at org.testng.Assert.fail(Assert.java:94)
	at org.testng.Assert.failNotEquals(Assert.java:494)
	at org.testng.Assert.assertTrue(Assert.java:42)
	at org.testng.Assert.assertTrue(Assert.java:52)
	at net.bigpoint.assessment.gasstation.implementation.StationImplTest.testBuyGasDepleted(StationImplTest.java:147)
</failure>
    <system-err>Jul 06, 2014 12:56:58 PM net.bigpoint.assessment.gasstation.implementation.StationImplTest testBuyGasDepleted
SEVERE: Not enough gas
</system-err>
  </testcase>
  <testcase time="5.688" classname="net.bigpoint.assessment.gasstation.implementation.StationImplTest" name="testBuyGasDepleted">
    <failure message="expected [true] but found [false]" type="java.lang.AssertionError">java.lang.AssertionError: expected [true] but found [false]
	at org.testng.Assert.fail(Assert.java:94)
	at org.testng.Assert.failNotEquals(Assert.java:494)
	at org.testng.Assert.assertTrue(Assert.java:42)
	at org.testng.Assert.assertTrue(Assert.java:52)
	at net.bigpoint.assessment.gasstation.implementation.StationImplTest.testBuyGasDepleted(StationImplTest.java:147)
</failure>
    <system-err>Jul 06, 2014 12:56:58 PM net.bigpoint.assessment.gasstation.implementation.StationImplTest testBuyGasDepleted
SEVERE: Not enough gas
</system-err>
  </testcase>
  <testcase time="5.688" classname="net.bigpoint.assessment.gasstation.implementation.StationImplTest" name="testBuyGasDepleted">
    <failure message="expected [true] but found [false]" type="java.lang.AssertionError">java.lang.AssertionError: expected [true] but found [false]
	at org.testng.Assert.fail(Assert.java:94)
	at org.testng.Assert.failNotEquals(Assert.java:494)
	at org.testng.Assert.assertTrue(Assert.java:42)
	at org.testng.Assert.assertTrue(Assert.java:52)
	at net.bigpoint.assessment.gasstation.implementation.StationImplTest.testBuyGasDepleted(StationImplTest.java:147)
</failure>
  </testcase>
  <testcase time="5.689" classname="net.bigpoint.assessment.gasstation.implementation.StationImplTest" name="testBuyGasDepleted">
    <failure message="expected [true] but found [false]" type="java.lang.AssertionError">java.lang.AssertionError: expected [true] but found [false]
	at org.testng.Assert.fail(Assert.java:94)
	at org.testng.Assert.failNotEquals(Assert.java:494)
	at org.testng.Assert.assertTrue(Assert.java:42)
	at org.testng.Assert.assertTrue(Assert.java:52)
	at net.bigpoint.assessment.gasstation.implementation.StationImplTest.testBuyGasDepleted(StationImplTest.java:147)
</failure>
    <system-err>Jul 06, 2014 12:56:58 PM net.bigpoint.assessment.gasstation.implementation.StationImplTest testBuyGasDepleted
SEVERE: Not enough gas
Jul 06, 2014 12:56:58 PM net.bigpoint.assessment.gasstation.implementation.StationImplTest testBuyGasDepleted
SEVERE: Not enough gas
</system-err>
  </testcase>
  <testcase time="5.689" classname="net.bigpoint.assessment.gasstation.implementation.StationImplTest" name="testBuyGasDepleted">
    <failure message="expected [true] but found [false]" type="java.lang.AssertionError">java.lang.AssertionError: expected [true] but found [false]
	at org.testng.Assert.fail(Assert.java:94)
	at org.testng.Assert.failNotEquals(Assert.java:494)
	at org.testng.Assert.assertTrue(Assert.java:42)
	at org.testng.Assert.assertTrue(Assert.java:52)
	at net.bigpoint.assessment.gasstation.implementation.StationImplTest.testBuyGasDepleted(StationImplTest.java:147)
</failure>
  </testcase>
  <testcase time="5.69" classname="net.bigpoint.assessment.gasstation.implementation.StationImplTest" name="testBuyGasDepleted">
    <failure message="expected [true] but found [false]" type="java.lang.AssertionError">java.lang.AssertionError: expected [true] but found [false]
	at org.testng.Assert.fail(Assert.java:94)
	at org.testng.Assert.failNotEquals(Assert.java:494)
	at org.testng.Assert.assertTrue(Assert.java:42)
	at org.testng.Assert.assertTrue(Assert.java:52)
	at net.bigpoint.assessment.gasstation.implementation.StationImplTest.testBuyGasDepleted(StationImplTest.java:147)
</failure>
    <system-err>Jul 06, 2014 12:56:58 PM net.bigpoint.assessment.gasstation.implementation.StationImplTest testBuyGasDepleted
SEVERE: Not enough gas
Jul 06, 2014 12:56:58 PM net.bigpoint.assessment.gasstation.implementation.StationImplTest testBuyGasDepleted
SEVERE: Not enough gas
Jul 06, 2014 12:56:58 PM net.bigpoint.assessment.gasstation.implementation.StationImplTest testBuyGasDepleted
SEVERE: Not enough gas
</system-err>
  </testcase>
  <testcase time="5.69" classname="net.bigpoint.assessment.gasstation.implementation.StationImplTest" name="testBuyGasDepleted">
    <failure message="expected [true] but found [false]" type="java.lang.AssertionError">java.lang.AssertionError: expected [true] but found [false]
	at org.testng.Assert.fail(Assert.java:94)
	at org.testng.Assert.failNotEquals(Assert.java:494)
	at org.testng.Assert.assertTrue(Assert.java:42)
	at org.testng.Assert.assertTrue(Assert.java:52)
	at net.bigpoint.assessment.gasstation.implementation.StationImplTest.testBuyGasDepleted(StationImplTest.java:147)
</failure>
  </testcase>
  <testcase time="5.691" classname="net.bigpoint.assessment.gasstation.implementation.StationImplTest" name="testBuyGasDepleted">
    <failure message="expected [true] but found [false]" type="java.lang.AssertionError">java.lang.AssertionError: expected [true] but found [false]
	at org.testng.Assert.fail(Assert.java:94)
	at org.testng.Assert.failNotEquals(Assert.java:494)
	at org.testng.Assert.assertTrue(Assert.java:42)
	at org.testng.Assert.assertTrue(Assert.java:52)
	at net.bigpoint.assessment.gasstation.implementation.StationImplTest.testBuyGasDepleted(StationImplTest.java:147)
</failure>
    <system-err>Jul 06, 2014 12:56:58 PM net.bigpoint.assessment.gasstation.implementation.StationImplTest testBuyGasDepleted
SEVERE: Not enough gas
</system-err>
  </testcase>
  <testcase time="5.691" classname="net.bigpoint.assessment.gasstation.implementation.StationImplTest" name="testBuyGasDepleted">
    <failure message="expected [true] but found [false]" type="java.lang.AssertionError">java.lang.AssertionError: expected [true] but found [false]
	at org.testng.Assert.fail(Assert.java:94)
	at org.testng.Assert.failNotEquals(Assert.java:494)
	at org.testng.Assert.assertTrue(Assert.java:42)
	at org.testng.Assert.assertTrue(Assert.java:52)
	at net.bigpoint.assessment.gasstation.implementation.StationImplTest.testBuyGasDepleted(StationImplTest.java:147)
</failure>
  </testcase>
  <testcase time="5.691" classname="net.bigpoint.assessment.gasstation.implementation.StationImplTest" name="testBuyGasDepleted">
    <failure message="expected [true] but found [false]" type="java.lang.AssertionError">java.lang.AssertionError: expected [true] but found [false]
	at org.testng.Assert.fail(Assert.java:94)
	at org.testng.Assert.failNotEquals(Assert.java:494)
	at org.testng.Assert.assertTrue(Assert.java:42)
	at org.testng.Assert.assertTrue(Assert.java:52)
	at net.bigpoint.assessment.gasstation.implementation.StationImplTest.testBuyGasDepleted(StationImplTest.java:147)
</failure>
    <system-err>Jul 06, 2014 12:56:58 PM net.bigpoint.assessment.gasstation.implementation.StationImplTest testBuyGasDepleted
SEVERE: Not enough gas
</system-err>
  </testcase>
  <testcase time="5.692" classname="net.bigpoint.assessment.gasstation.implementation.StationImplTest" name="testBuyGasDepleted">
    <failure message="expected [true] but found [false]" type="java.lang.AssertionError">java.lang.AssertionError: expected [true] but found [false]
	at org.testng.Assert.fail(Assert.java:94)
	at org.testng.Assert.failNotEquals(Assert.java:494)
	at org.testng.Assert.assertTrue(Assert.java:42)
	at org.testng.Assert.assertTrue(Assert.java:52)
	at net.bigpoint.assessment.gasstation.implementation.StationImplTest.testBuyGasDepleted(StationImplTest.java:147)
</failure>
  </testcase>
  <testcase time="5.692" classname="net.bigpoint.assessment.gasstation.implementation.StationImplTest" name="testBuyGasDepleted">
    <failure message="expected [true] but found [false]" type="java.lang.AssertionError">java.lang.AssertionError: expected [true] but found [false]
	at org.testng.Assert.fail(Assert.java:94)
	at org.testng.Assert.failNotEquals(Assert.java:494)
	at org.testng.Assert.assertTrue(Assert.java:42)
	at org.testng.Assert.assertTrue(Assert.java:52)
	at net.bigpoint.assessment.gasstation.implementation.StationImplTest.testBuyGasDepleted(StationImplTest.java:147)
</failure>
    <system-err>Jul 06, 2014 12:56:58 PM net.bigpoint.assessment.gasstation.implementation.StationImplTest testBuyGasDepleted
SEVERE: Not enough gas
Jul 06, 2014 12:56:58 PM net.bigpoint.assessment.gasstation.implementation.StationImplTest testBuyGasDepleted
SEVERE: Not enough gas
</system-err>
  </testcase>
  <testcase time="5.693" classname="net.bigpoint.assessment.gasstation.implementation.StationImplTest" name="testBuyGasDepleted">
    <failure message="expected [true] but found [false]" type="java.lang.AssertionError">java.lang.AssertionError: expected [true] but found [false]
	at org.testng.Assert.fail(Assert.java:94)
	at org.testng.Assert.failNotEquals(Assert.java:494)
	at org.testng.Assert.assertTrue(Assert.java:42)
	at org.testng.Assert.assertTrue(Assert.java:52)
	at net.bigpoint.assessment.gasstation.implementation.StationImplTest.testBuyGasDepleted(StationImplTest.java:147)
</failure>
    <system-err>Jul 06, 2014 12:56:58 PM net.bigpoint.assessment.gasstation.implementation.StationImplTest testBuyGasDepleted
SEVERE: Not enough gas
</system-err>
  </testcase>
  <testcase time="5.693" classname="net.bigpoint.assessment.gasstation.implementation.StationImplTest" name="testBuyGasDepleted">
    <failure message="expected [true] but found [false]" type="java.lang.AssertionError">java.lang.AssertionError: expected [true] but found [false]
	at org.testng.Assert.fail(Assert.java:94)
	at org.testng.Assert.failNotEquals(Assert.java:494)
	at org.testng.Assert.assertTrue(Assert.java:42)
	at org.testng.Assert.assertTrue(Assert.java:52)
	at net.bigpoint.assessment.gasstation.implementation.StationImplTest.testBuyGasDepleted(StationImplTest.java:147)
</failure>
    <system-err>Jul 06, 2014 12:56:58 PM net.bigpoint.assessment.gasstation.implementation.StationImplTest testBuyGasDepleted
SEVERE: Not enough gas
</system-err>
  </testcase>
  <testcase time="5.694" classname="net.bigpoint.assessment.gasstation.implementation.StationImplTest" name="testBuyGasDepleted">
    <failure message="expected [true] but found [false]" type="java.lang.AssertionError">java.lang.AssertionError: expected [true] but found [false]
	at org.testng.Assert.fail(Assert.java:94)
	at org.testng.Assert.failNotEquals(Assert.java:494)
	at org.testng.Assert.assertTrue(Assert.java:42)
	at org.testng.Assert.assertTrue(Assert.java:52)
	at net.bigpoint.assessment.gasstation.implementation.StationImplTest.testBuyGasDepleted(StationImplTest.java:147)
</failure>
  </testcase>
  <testcase time="5.694" classname="net.bigpoint.assessment.gasstation.implementation.StationImplTest" name="testBuyGasDepleted">
    <failure message="expected [true] but found [false]" type="java.lang.AssertionError">java.lang.AssertionError: expected [true] but found [false]
	at org.testng.Assert.fail(Assert.java:94)
	at org.testng.Assert.failNotEquals(Assert.java:494)
	at org.testng.Assert.assertTrue(Assert.java:42)
	at org.testng.Assert.assertTrue(Assert.java:52)
	at net.bigpoint.assessment.gasstation.implementation.StationImplTest.testBuyGasDepleted(StationImplTest.java:147)
</failure>
    <system-err>Jul 06, 2014 12:56:58 PM net.bigpoint.assessment.gasstation.implementation.StationImplTest testBuyGasDepleted
SEVERE: Not enough gas
</system-err>
  </testcase>
  <testcase time="5.694" classname="net.bigpoint.assessment.gasstation.implementation.StationImplTest" name="testBuyGasDepleted">
    <failure message="expected [true] but found [false]" type="java.lang.AssertionError">java.lang.AssertionError: expected [true] but found [false]
	at org.testng.Assert.fail(Assert.java:94)
	at org.testng.Assert.failNotEquals(Assert.java:494)
	at org.testng.Assert.assertTrue(Assert.java:42)
	at org.testng.Assert.assertTrue(Assert.java:52)
	at net.bigpoint.assessment.gasstation.implementation.StationImplTest.testBuyGasDepleted(StationImplTest.java:147)
</failure>
  </testcase>
  <testcase time="5.695" classname="net.bigpoint.assessment.gasstation.implementation.StationImplTest" name="testBuyGasDepleted">
    <failure message="expected [true] but found [false]" type="java.lang.AssertionError">java.lang.AssertionError: expected [true] but found [false]
	at org.testng.Assert.fail(Assert.java:94)
	at org.testng.Assert.failNotEquals(Assert.java:494)
	at org.testng.Assert.assertTrue(Assert.java:42)
	at org.testng.Assert.assertTrue(Assert.java:52)
	at net.bigpoint.assessment.gasstation.implementation.StationImplTest.testBuyGasDepleted(StationImplTest.java:147)
</failure>
    <system-err>Jul 06, 2014 12:56:58 PM net.bigpoint.assessment.gasstation.implementation.StationImplTest testBuyGasDepleted
SEVERE: Not enough gas
</system-err>
  </testcase>
  <testcase time="5.695" classname="net.bigpoint.assessment.gasstation.implementation.StationImplTest" name="testBuyGasDepleted">
    <failure message="expected [true] but found [false]" type="java.lang.AssertionError">java.lang.AssertionError: expected [true] but found [false]
	at org.testng.Assert.fail(Assert.java:94)
	at org.testng.Assert.failNotEquals(Assert.java:494)
	at org.testng.Assert.assertTrue(Assert.java:42)
	at org.testng.Assert.assertTrue(Assert.java:52)
	at net.bigpoint.assessment.gasstation.implementation.StationImplTest.testBuyGasDepleted(StationImplTest.java:147)
</failure>
    <system-err>Jul 06, 2014 12:56:58 PM net.bigpoint.assessment.gasstation.implementation.StationImplTest testBuyGasDepleted
SEVERE: Not enough gas
</system-err>
  </testcase>
  <testcase time="5.696" classname="net.bigpoint.assessment.gasstation.implementation.StationImplTest" name="testBuyGasDepleted">
    <failure message="expected [true] but found [false]" type="java.lang.AssertionError">java.lang.AssertionError: expected [true] but found [false]
	at org.testng.Assert.fail(Assert.java:94)
	at org.testng.Assert.failNotEquals(Assert.java:494)
	at org.testng.Assert.assertTrue(Assert.java:42)
	at org.testng.Assert.assertTrue(Assert.java:52)
	at net.bigpoint.assessment.gasstation.implementation.StationImplTest.testBuyGasDepleted(StationImplTest.java:147)
</failure>
    <system-err>Jul 06, 2014 12:56:58 PM net.bigpoint.assessment.gasstation.implementation.StationImplTest testBuyGasDepleted
SEVERE: Not enough gas
Jul 06, 2014 12:56:58 PM net.bigpoint.assessment.gasstation.implementation.StationImplTest testBuyGasDepleted
SEVERE: Not enough gas
</system-err>
  </testcase>
  <testcase time="5.697" classname="net.bigpoint.assessment.gasstation.implementation.StationImplTest" name="testBuyGasDepleted">
    <failure message="expected [true] but found [false]" type="java.lang.AssertionError">java.lang.AssertionError: expected [true] but found [false]
	at org.testng.Assert.fail(Assert.java:94)
	at org.testng.Assert.failNotEquals(Assert.java:494)
	at org.testng.Assert.assertTrue(Assert.java:42)
	at org.testng.Assert.assertTrue(Assert.java:52)
	at net.bigpoint.assessment.gasstation.implementation.StationImplTest.testBuyGasDepleted(StationImplTest.java:147)
</failure>
    <system-err>Jul 06, 2014 12:56:58 PM net.bigpoint.assessment.gasstation.implementation.StationImplTest testBuyGasDepleted
SEVERE: Not enough gas
</system-err>
  </testcase>
  <testcase time="5.697" classname="net.bigpoint.assessment.gasstation.implementation.StationImplTest" name="testBuyGasDepleted">
    <failure message="expected [true] but found [false]" type="java.lang.AssertionError">java.lang.AssertionError: expected [true] but found [false]
	at org.testng.Assert.fail(Assert.java:94)
	at org.testng.Assert.failNotEquals(Assert.java:494)
	at org.testng.Assert.assertTrue(Assert.java:42)
	at org.testng.Assert.assertTrue(Assert.java:52)
	at net.bigpoint.assessment.gasstation.implementation.StationImplTest.testBuyGasDepleted(StationImplTest.java:147)
</failure>
    <system-err>Jul 06, 2014 12:56:58 PM net.bigpoint.assessment.gasstation.implementation.StationImplTest testBuyGasDepleted
SEVERE: Not enough gas
</system-err>
  </testcase>
  <testcase time="5.697" classname="net.bigpoint.assessment.gasstation.implementation.StationImplTest" name="testBuyGasDepleted">
    <failure message="expected [true] but found [false]" type="java.lang.AssertionError">java.lang.AssertionError: expected [true] but found [false]
	at org.testng.Assert.fail(Assert.java:94)
	at org.testng.Assert.failNotEquals(Assert.java:494)
	at org.testng.Assert.assertTrue(Assert.java:42)
	at org.testng.Assert.assertTrue(Assert.java:52)
	at net.bigpoint.assessment.gasstation.implementation.StationImplTest.testBuyGasDepleted(StationImplTest.java:147)
</failure>
  </testcase>
  <testcase time="5.697" classname="net.bigpoint.assessment.gasstation.implementation.StationImplTest" name="testBuyGasDepleted">
    <failure message="expected [true] but found [false]" type="java.lang.AssertionError">java.lang.AssertionError: expected [true] but found [false]
	at org.testng.Assert.fail(Assert.java:94)
	at org.testng.Assert.failNotEquals(Assert.java:494)
	at org.testng.Assert.assertTrue(Assert.java:42)
	at org.testng.Assert.assertTrue(Assert.java:52)
	at net.bigpoint.assessment.gasstation.implementation.StationImplTest.testBuyGasDepleted(StationImplTest.java:147)
</failure>
    <system-err>Jul 06, 2014 12:56:58 PM net.bigpoint.assessment.gasstation.implementation.StationImplTest testBuyGasDepleted
SEVERE: Not enough gas
</system-err>
  </testcase>
  <testcase time="5.698" classname="net.bigpoint.assessment.gasstation.implementation.StationImplTest" name="testBuyGasDepleted">
    <failure message="expected [true] but found [false]" type="java.lang.AssertionError">java.lang.AssertionError: expected [true] but found [false]
	at org.testng.Assert.fail(Assert.java:94)
	at org.testng.Assert.failNotEquals(Assert.java:494)
	at org.testng.Assert.assertTrue(Assert.java:42)
	at org.testng.Assert.assertTrue(Assert.java:52)
	at net.bigpoint.assessment.gasstation.implementation.StationImplTest.testBuyGasDepleted(StationImplTest.java:147)
</failure>
  </testcase>
  <testcase time="5.698" classname="net.bigpoint.assessment.gasstation.implementation.StationImplTest" name="testBuyGasDepleted">
    <failure message="expected [true] but found [false]" type="java.lang.AssertionError">java.lang.AssertionError: expected [true] but found [false]
	at org.testng.Assert.fail(Assert.java:94)
	at org.testng.Assert.failNotEquals(Assert.java:494)
	at org.testng.Assert.assertTrue(Assert.java:42)
	at org.testng.Assert.assertTrue(Assert.java:52)
	at net.bigpoint.assessment.gasstation.implementation.StationImplTest.testBuyGasDepleted(StationImplTest.java:147)
</failure>
    <system-err>Jul 06, 2014 12:56:58 PM net.bigpoint.assessment.gasstation.implementation.StationImplTest testBuyGasDepleted
SEVERE: Not enough gas
Jul 06, 2014 12:56:58 PM net.bigpoint.assessment.gasstation.implementation.StationImplTest testBuyGasDepleted
SEVERE: Not enough gas
</system-err>
  </testcase>
  <testcase time="5.699" classname="net.bigpoint.assessment.gasstation.implementation.StationImplTest" name="testBuyGasDepleted">
    <failure message="expected [true] but found [false]" type="java.lang.AssertionError">java.lang.AssertionError: expected [true] but found [false]
	at org.testng.Assert.fail(Assert.java:94)
	at org.testng.Assert.failNotEquals(Assert.java:494)
	at org.testng.Assert.assertTrue(Assert.java:42)
	at org.testng.Assert.assertTrue(Assert.java:52)
	at net.bigpoint.assessment.gasstation.implementation.StationImplTest.testBuyGasDepleted(StationImplTest.java:147)
</failure>
    <system-err>Jul 06, 2014 12:56:58 PM net.bigpoint.assessment.gasstation.implementation.StationImplTest testBuyGasDepleted
SEVERE: Not enough gas
</system-err>
  </testcase>
  <testcase time="5.699" classname="net.bigpoint.assessment.gasstation.implementation.StationImplTest" name="testBuyGasDepleted">
    <failure message="expected [true] but found [false]" type="java.lang.AssertionError">java.lang.AssertionError: expected [true] but found [false]
	at org.testng.Assert.fail(Assert.java:94)
	at org.testng.Assert.failNotEquals(Assert.java:494)
	at org.testng.Assert.assertTrue(Assert.java:42)
	at org.testng.Assert.assertTrue(Assert.java:52)
	at net.bigpoint.assessment.gasstation.implementation.StationImplTest.testBuyGasDepleted(StationImplTest.java:147)
</failure>
  </testcase>
  <testcase time="5.699" classname="net.bigpoint.assessment.gasstation.implementation.StationImplTest" name="testBuyGasDepleted">
    <failure message="expected [true] but found [false]" type="java.lang.AssertionError">java.lang.AssertionError: expected [true] but found [false]
	at org.testng.Assert.fail(Assert.java:94)
	at org.testng.Assert.failNotEquals(Assert.java:494)
	at org.testng.Assert.assertTrue(Assert.java:42)
	at org.testng.Assert.assertTrue(Assert.java:52)
	at net.bigpoint.assessment.gasstation.implementation.StationImplTest.testBuyGasDepleted(StationImplTest.java:147)
</failure>
  </testcase>
  <testcase time="5.7" classname="net.bigpoint.assessment.gasstation.implementation.StationImplTest" name="testBuyGasDepleted">
    <failure message="expected [true] but found [false]" type="java.lang.AssertionError">java.lang.AssertionError: expected [true] but found [false]
	at org.testng.Assert.fail(Assert.java:94)
	at org.testng.Assert.failNotEquals(Assert.java:494)
	at org.testng.Assert.assertTrue(Assert.java:42)
	at org.testng.Assert.assertTrue(Assert.java:52)
	at net.bigpoint.assessment.gasstation.implementation.StationImplTest.testBuyGasDepleted(StationImplTest.java:147)
</failure>
    <system-err>Jul 06, 2014 12:56:58 PM net.bigpoint.assessment.gasstation.implementation.StationImplTest testBuyGasDepleted
SEVERE: Not enough gas
Jul 06, 2014 12:56:58 PM net.bigpoint.assessment.gasstation.implementation.StationImplTest testBuyGasDepleted
SEVERE: Not enough gas
</system-err>
  </testcase>
  <testcase time="5.7" classname="net.bigpoint.assessment.gasstation.implementation.StationImplTest" name="testBuyGasDepleted">
    <failure message="expected [true] but found [false]" type="java.lang.AssertionError">java.lang.AssertionError: expected [true] but found [false]
	at org.testng.Assert.fail(Assert.java:94)
	at org.testng.Assert.failNotEquals(Assert.java:494)
	at org.testng.Assert.assertTrue(Assert.java:42)
	at org.testng.Assert.assertTrue(Assert.java:52)
	at net.bigpoint.assessment.gasstation.implementation.StationImplTest.testBuyGasDepleted(StationImplTest.java:147)
</failure>
    <system-err>Jul 06, 2014 12:56:58 PM net.bigpoint.assessment.gasstation.implementation.StationImplTest testBuyGasDepleted
SEVERE: Not enough gas
</system-err>
  </testcase>
  <testcase time="5.701" classname="net.bigpoint.assessment.gasstation.implementation.StationImplTest" name="testBuyGasDepleted">
    <failure message="expected [true] but found [false]" type="java.lang.AssertionError">java.lang.AssertionError: expected [true] but found [false]
	at org.testng.Assert.fail(Assert.java:94)
	at org.testng.Assert.failNotEquals(Assert.java:494)
	at org.testng.Assert.assertTrue(Assert.java:42)
	at org.testng.Assert.assertTrue(Assert.java:52)
	at net.bigpoint.assessment.gasstation.implementation.StationImplTest.testBuyGasDepleted(StationImplTest.java:147)
</failure>
    <system-err>Jul 06, 2014 12:56:58 PM net.bigpoint.assessment.gasstation.implementation.StationImplTest testBuyGasDepleted
SEVERE: Not enough gas
</system-err>
  </testcase>
  <testcase time="5.701" classname="net.bigpoint.assessment.gasstation.implementation.StationImplTest" name="testBuyGasDepleted">
    <failure message="expected [true] but found [false]" type="java.lang.AssertionError">java.lang.AssertionError: expected [true] but found [false]
	at org.testng.Assert.fail(Assert.java:94)
	at org.testng.Assert.failNotEquals(Assert.java:494)
	at org.testng.Assert.assertTrue(Assert.java:42)
	at org.testng.Assert.assertTrue(Assert.java:52)
	at net.bigpoint.assessment.gasstation.implementation.StationImplTest.testBuyGasDepleted(StationImplTest.java:147)
</failure>
  </testcase>
  <testcase time="5.701" classname="net.bigpoint.assessment.gasstation.implementation.StationImplTest" name="testBuyGasDepleted">
    <failure message="expected [true] but found [false]" type="java.lang.AssertionError">java.lang.AssertionError: expected [true] but found [false]
	at org.testng.Assert.fail(Assert.java:94)
	at org.testng.Assert.failNotEquals(Assert.java:494)
	at org.testng.Assert.assertTrue(Assert.java:42)
	at org.testng.Assert.assertTrue(Assert.java:52)
	at net.bigpoint.assessment.gasstation.implementation.StationImplTest.testBuyGasDepleted(StationImplTest.java:147)
</failure>
  </testcase>
  <testcase time="5.703" classname="net.bigpoint.assessment.gasstation.implementation.StationImplTest" name="testBuyGasDepleted">
    <failure message="expected [true] but found [false]" type="java.lang.AssertionError">java.lang.AssertionError: expected [true] but found [false]
	at org.testng.Assert.fail(Assert.java:94)
	at org.testng.Assert.failNotEquals(Assert.java:494)
	at org.testng.Assert.assertTrue(Assert.java:42)
	at org.testng.Assert.assertTrue(Assert.java:52)
	at net.bigpoint.assessment.gasstation.implementation.StationImplTest.testBuyGasDepleted(StationImplTest.java:147)
</failure>
    <system-err>Jul 06, 2014 12:56:58 PM net.bigpoint.assessment.gasstation.implementation.StationImplTest testBuyGasDepleted
SEVERE: Not enough gas
Jul 06, 2014 12:56:58 PM net.bigpoint.assessment.gasstation.implementation.StationImplTest testBuyGasDepleted
SEVERE: Not enough gas
</system-err>
  </testcase>
  <testcase time="5.703" classname="net.bigpoint.assessment.gasstation.implementation.StationImplTest" name="testBuyGasDepleted">
    <failure message="expected [true] but found [false]" type="java.lang.AssertionError">java.lang.AssertionError: expected [true] but found [false]
	at org.testng.Assert.fail(Assert.java:94)
	at org.testng.Assert.failNotEquals(Assert.java:494)
	at org.testng.Assert.assertTrue(Assert.java:42)
	at org.testng.Assert.assertTrue(Assert.java:52)
	at net.bigpoint.assessment.gasstation.implementation.StationImplTest.testBuyGasDepleted(StationImplTest.java:147)
</failure>
  </testcase>
  <testcase time="5.703" classname="net.bigpoint.assessment.gasstation.implementation.StationImplTest" name="testBuyGasDepleted">
    <failure message="expected [true] but found [false]" type="java.lang.AssertionError">java.lang.AssertionError: expected [true] but found [false]
	at org.testng.Assert.fail(Assert.java:94)
	at org.testng.Assert.failNotEquals(Assert.java:494)
	at org.testng.Assert.assertTrue(Assert.java:42)
	at org.testng.Assert.assertTrue(Assert.java:52)
	at net.bigpoint.assessment.gasstation.implementation.StationImplTest.testBuyGasDepleted(StationImplTest.java:147)
</failure>
  </testcase>
  <testcase time="5.704" classname="net.bigpoint.assessment.gasstation.implementation.StationImplTest" name="testBuyGasDepleted">
    <failure message="expected [true] but found [false]" type="java.lang.AssertionError">java.lang.AssertionError: expected [true] but found [false]
	at org.testng.Assert.fail(Assert.java:94)
	at org.testng.Assert.failNotEquals(Assert.java:494)
	at org.testng.Assert.assertTrue(Assert.java:42)
	at org.testng.Assert.assertTrue(Assert.java:52)
	at net.bigpoint.assessment.gasstation.implementation.StationImplTest.testBuyGasDepleted(StationImplTest.java:147)
</failure>
    <system-err>Jul 06, 2014 12:56:58 PM net.bigpoint.assessment.gasstation.implementation.StationImplTest testBuyGasDepleted
SEVERE: Not enough gas
</system-err>
  </testcase>
  <testcase time="5.704" classname="net.bigpoint.assessment.gasstation.implementation.StationImplTest" name="testBuyGasDepleted">
    <failure message="expected [true] but found [false]" type="java.lang.AssertionError">java.lang.AssertionError: expected [true] but found [false]
	at org.testng.Assert.fail(Assert.java:94)
	at org.testng.Assert.failNotEquals(Assert.java:494)
	at org.testng.Assert.assertTrue(Assert.java:42)
	at org.testng.Assert.assertTrue(Assert.java:52)
	at net.bigpoint.assessment.gasstation.implementation.StationImplTest.testBuyGasDepleted(StationImplTest.java:147)
</failure>
    <system-err>Jul 06, 2014 12:56:58 PM net.bigpoint.assessment.gasstation.implementation.StationImplTest testBuyGasDepleted
SEVERE: Not enough gas
</system-err>
  </testcase>
  <testcase time="5.706" classname="net.bigpoint.assessment.gasstation.implementation.StationImplTest" name="testBuyGasDepleted">
    <failure message="expected [true] but found [false]" type="java.lang.AssertionError">java.lang.AssertionError: expected [true] but found [false]
	at org.testng.Assert.fail(Assert.java:94)
	at org.testng.Assert.failNotEquals(Assert.java:494)
	at org.testng.Assert.assertTrue(Assert.java:42)
	at org.testng.Assert.assertTrue(Assert.java:52)
	at net.bigpoint.assessment.gasstation.implementation.StationImplTest.testBuyGasDepleted(StationImplTest.java:147)
</failure>
    <system-err>Jul 06, 2014 12:56:58 PM net.bigpoint.assessment.gasstation.implementation.StationImplTest testBuyGasDepleted
SEVERE: Not enough gas
</system-err>
  </testcase>
  <testcase time="5.706" classname="net.bigpoint.assessment.gasstation.implementation.StationImplTest" name="testBuyGasDepleted">
    <failure message="expected [true] but found [false]" type="java.lang.AssertionError">java.lang.AssertionError: expected [true] but found [false]
	at org.testng.Assert.fail(Assert.java:94)
	at org.testng.Assert.failNotEquals(Assert.java:494)
	at org.testng.Assert.assertTrue(Assert.java:42)
	at org.testng.Assert.assertTrue(Assert.java:52)
	at net.bigpoint.assessment.gasstation.implementation.StationImplTest.testBuyGasDepleted(StationImplTest.java:147)
</failure>
  </testcase>
  <testcase time="5.706" classname="net.bigpoint.assessment.gasstation.implementation.StationImplTest" name="testBuyGasDepleted">
    <failure message="expected [true] but found [false]" type="java.lang.AssertionError">java.lang.AssertionError: expected [true] but found [false]
	at org.testng.Assert.fail(Assert.java:94)
	at org.testng.Assert.failNotEquals(Assert.java:494)
	at org.testng.Assert.assertTrue(Assert.java:42)
	at org.testng.Assert.assertTrue(Assert.java:52)
	at net.bigpoint.assessment.gasstation.implementation.StationImplTest.testBuyGasDepleted(StationImplTest.java:147)
</failure>
  </testcase>
  <testcase time="5.707" classname="net.bigpoint.assessment.gasstation.implementation.StationImplTest" name="testBuyGasDepleted">
    <failure message="expected [true] but found [false]" type="java.lang.AssertionError">java.lang.AssertionError: expected [true] but found [false]
	at org.testng.Assert.fail(Assert.java:94)
	at org.testng.Assert.failNotEquals(Assert.java:494)
	at org.testng.Assert.assertTrue(Assert.java:42)
	at org.testng.Assert.assertTrue(Assert.java:52)
	at net.bigpoint.assessment.gasstation.implementation.StationImplTest.testBuyGasDepleted(StationImplTest.java:147)
</failure>
    <system-err>Jul 06, 2014 12:56:58 PM net.bigpoint.assessment.gasstation.implementation.StationImplTest testBuyGasDepleted
SEVERE: Not enough gas
Jul 06, 2014 12:56:58 PM net.bigpoint.assessment.gasstation.implementation.StationImplTest testBuyGasDepleted
SEVERE: Not enough gas
</system-err>
  </testcase>
  <testcase time="5.707" classname="net.bigpoint.assessment.gasstation.implementation.StationImplTest" name="testBuyGasDepleted">
    <failure message="expected [true] but found [false]" type="java.lang.AssertionError">java.lang.AssertionError: expected [true] but found [false]
	at org.testng.Assert.fail(Assert.java:94)
	at org.testng.Assert.failNotEquals(Assert.java:494)
	at org.testng.Assert.assertTrue(Assert.java:42)
	at org.testng.Assert.assertTrue(Assert.java:52)
	at net.bigpoint.assessment.gasstation.implementation.StationImplTest.testBuyGasDepleted(StationImplTest.java:147)
</failure>
  </testcase>
  <testcase time="5.707" classname="net.bigpoint.assessment.gasstation.implementation.StationImplTest" name="testBuyGasDepleted">
    <failure message="expected [true] but found [false]" type="java.lang.AssertionError">java.lang.AssertionError: expected [true] but found [false]
	at org.testng.Assert.fail(Assert.java:94)
	at org.testng.Assert.failNotEquals(Assert.java:494)
	at org.testng.Assert.assertTrue(Assert.java:42)
	at org.testng.Assert.assertTrue(Assert.java:52)
	at net.bigpoint.assessment.gasstation.implementation.StationImplTest.testBuyGasDepleted(StationImplTest.java:147)
</failure>
  </testcase>
  <testcase time="5.707" classname="net.bigpoint.assessment.gasstation.implementation.StationImplTest" name="testBuyGasDepleted">
    <failure message="expected [true] but found [false]" type="java.lang.AssertionError">java.lang.AssertionError: expected [true] but found [false]
	at org.testng.Assert.fail(Assert.java:94)
	at org.testng.Assert.failNotEquals(Assert.java:494)
	at org.testng.Assert.assertTrue(Assert.java:42)
	at org.testng.Assert.assertTrue(Assert.java:52)
	at net.bigpoint.assessment.gasstation.implementation.StationImplTest.testBuyGasDepleted(StationImplTest.java:147)
</failure>
    <system-err>Jul 06, 2014 12:56:58 PM net.bigpoint.assessment.gasstation.implementation.StationImplTest testBuyGasDepleted
SEVERE: Not enough gas
</system-err>
  </testcase>
  <testcase time="5.707" classname="net.bigpoint.assessment.gasstation.implementation.StationImplTest" name="testBuyGasDepleted">
    <failure message="expected [true] but found [false]" type="java.lang.AssertionError">java.lang.AssertionError: expected [true] but found [false]
	at org.testng.Assert.fail(Assert.java:94)
	at org.testng.Assert.failNotEquals(Assert.java:494)
	at org.testng.Assert.assertTrue(Assert.java:42)
	at org.testng.Assert.assertTrue(Assert.java:52)
	at net.bigpoint.assessment.gasstation.implementation.StationImplTest.testBuyGasDepleted(StationImplTest.java:147)
</failure>
  </testcase>
  <testcase time="5.71" classname="net.bigpoint.assessment.gasstation.implementation.StationImplTest" name="testBuyGasDepleted">
    <failure message="expected [true] but found [false]" type="java.lang.AssertionError">java.lang.AssertionError: expected [true] but found [false]
	at org.testng.Assert.fail(Assert.java:94)
	at org.testng.Assert.failNotEquals(Assert.java:494)
	at org.testng.Assert.assertTrue(Assert.java:42)
	at org.testng.Assert.assertTrue(Assert.java:52)
	at net.bigpoint.assessment.gasstation.implementation.StationImplTest.testBuyGasDepleted(StationImplTest.java:147)
</failure>
    <system-err>Jul 06, 2014 12:56:58 PM net.bigpoint.assessment.gasstation.implementation.StationImplTest testBuyGasDepleted
SEVERE: Not enough gas
Jul 06, 2014 12:56:58 PM net.bigpoint.assessment.gasstation.implementation.StationImplTest testBuyGasDepleted
SEVERE: Not enough gas
</system-err>
  </testcase>
  <testcase time="5.71" classname="net.bigpoint.assessment.gasstation.implementation.StationImplTest" name="testBuyGasDepleted">
    <failure message="expected [true] but found [false]" type="java.lang.AssertionError">java.lang.AssertionError: expected [true] but found [false]
	at org.testng.Assert.fail(Assert.java:94)
	at org.testng.Assert.failNotEquals(Assert.java:494)
	at org.testng.Assert.assertTrue(Assert.java:42)
	at org.testng.Assert.assertTrue(Assert.java:52)
	at net.bigpoint.assessment.gasstation.implementation.StationImplTest.testBuyGasDepleted(StationImplTest.java:147)
</failure>
  </testcase>
  <testcase time="5.71" classname="net.bigpoint.assessment.gasstation.implementation.StationImplTest" name="testBuyGasDepleted">
    <failure message="expected [true] but found [false]" type="java.lang.AssertionError">java.lang.AssertionError: expected [true] but found [false]
	at org.testng.Assert.fail(Assert.java:94)
	at org.testng.Assert.failNotEquals(Assert.java:494)
	at org.testng.Assert.assertTrue(Assert.java:42)
	at org.testng.Assert.assertTrue(Assert.java:52)
	at net.bigpoint.assessment.gasstation.implementation.StationImplTest.testBuyGasDepleted(StationImplTest.java:147)
</failure>
  </testcase>
  <testcase time="5.71" classname="net.bigpoint.assessment.gasstation.implementation.StationImplTest" name="testBuyGasDepleted">
    <failure message="expected [true] but found [false]" type="java.lang.AssertionError">java.lang.AssertionError: expected [true] but found [false]
	at org.testng.Assert.fail(Assert.java:94)
	at org.testng.Assert.failNotEquals(Assert.java:494)
	at org.testng.Assert.assertTrue(Assert.java:42)
	at org.testng.Assert.assertTrue(Assert.java:52)
	at net.bigpoint.assessment.gasstation.implementation.StationImplTest.testBuyGasDepleted(StationImplTest.java:147)
</failure>
    <system-err>Jul 06, 2014 12:56:58 PM net.bigpoint.assessment.gasstation.implementation.StationImplTest testBuyGasDepleted
SEVERE: Not enough gas
Jul 06, 2014 12:56:58 PM net.bigpoint.assessment.gasstation.implementation.StationImplTest testBuyGasDepleted
SEVERE: Not enough gas
</system-err>
  </testcase>
  <testcase time="5.71" classname="net.bigpoint.assessment.gasstation.implementation.StationImplTest" name="testBuyGasDepleted">
    <failure message="expected [true] but found [false]" type="java.lang.AssertionError">java.lang.AssertionError: expected [true] but found [false]
	at org.testng.Assert.fail(Assert.java:94)
	at org.testng.Assert.failNotEquals(Assert.java:494)
	at org.testng.Assert.assertTrue(Assert.java:42)
	at org.testng.Assert.assertTrue(Assert.java:52)
	at net.bigpoint.assessment.gasstation.implementation.StationImplTest.testBuyGasDepleted(StationImplTest.java:147)
</failure>
  </testcase>
  <testcase time="5.71" classname="net.bigpoint.assessment.gasstation.implementation.StationImplTest" name="testBuyGasDepleted">
    <failure message="expected [true] but found [false]" type="java.lang.AssertionError">java.lang.AssertionError: expected [true] but found [false]
	at org.testng.Assert.fail(Assert.java:94)
	at org.testng.Assert.failNotEquals(Assert.java:494)
	at org.testng.Assert.assertTrue(Assert.java:42)
	at org.testng.Assert.assertTrue(Assert.java:52)
	at net.bigpoint.assessment.gasstation.implementation.StationImplTest.testBuyGasDepleted(StationImplTest.java:147)
</failure>
  </testcase>
  <testcase time="5.711" classname="net.bigpoint.assessment.gasstation.implementation.StationImplTest" name="testBuyGasDepleted">
    <failure message="expected [true] but found [false]" type="java.lang.AssertionError">java.lang.AssertionError: expected [true] but found [false]
	at org.testng.Assert.fail(Assert.java:94)
	at org.testng.Assert.failNotEquals(Assert.java:494)
	at org.testng.Assert.assertTrue(Assert.java:42)
	at org.testng.Assert.assertTrue(Assert.java:52)
	at net.bigpoint.assessment.gasstation.implementation.StationImplTest.testBuyGasDepleted(StationImplTest.java:147)
</failure>
    <system-err>Jul 06, 2014 12:56:58 PM net.bigpoint.assessment.gasstation.implementation.StationImplTest testBuyGasDepleted
SEVERE: Not enough gas
</system-err>
  </testcase>
  <testcase time="5.712" classname="net.bigpoint.assessment.gasstation.implementation.StationImplTest" name="testBuyGasDepleted">
    <failure message="expected [true] but found [false]" type="java.lang.AssertionError">java.lang.AssertionError: expected [true] but found [false]
	at org.testng.Assert.fail(Assert.java:94)
	at org.testng.Assert.failNotEquals(Assert.java:494)
	at org.testng.Assert.assertTrue(Assert.java:42)
	at org.testng.Assert.assertTrue(Assert.java:52)
	at net.bigpoint.assessment.gasstation.implementation.StationImplTest.testBuyGasDepleted(StationImplTest.java:147)
</failure>
    <system-err>Jul 06, 2014 12:56:58 PM net.bigpoint.assessment.gasstation.implementation.StationImplTest testBuyGasDepleted
SEVERE: Not enough gas
Jul 06, 2014 12:56:58 PM net.bigpoint.assessment.gasstation.implementation.StationImplTest testBuyGasDepleted
SEVERE: Not enough gas
</system-err>
  </testcase>
  <testcase time="5.712" classname="net.bigpoint.assessment.gasstation.implementation.StationImplTest" name="testBuyGasDepleted">
    <failure message="expected [true] but found [false]" type="java.lang.AssertionError">java.lang.AssertionError: expected [true] but found [false]
	at org.testng.Assert.fail(Assert.java:94)
	at org.testng.Assert.failNotEquals(Assert.java:494)
	at org.testng.Assert.assertTrue(Assert.java:42)
	at org.testng.Assert.assertTrue(Assert.java:52)
	at net.bigpoint.assessment.gasstation.implementation.StationImplTest.testBuyGasDepleted(StationImplTest.java:147)
</failure>
  </testcase>
  <testcase time="5.714" classname="net.bigpoint.assessment.gasstation.implementation.StationImplTest" name="testBuyGasDepleted">
    <failure message="expected [true] but found [false]" type="java.lang.AssertionError">java.lang.AssertionError: expected [true] but found [false]
	at org.testng.Assert.fail(Assert.java:94)
	at org.testng.Assert.failNotEquals(Assert.java:494)
	at org.testng.Assert.assertTrue(Assert.java:42)
	at org.testng.Assert.assertTrue(Assert.java:52)
	at net.bigpoint.assessment.gasstation.implementation.StationImplTest.testBuyGasDepleted(StationImplTest.java:147)
</failure>
    <system-err>Jul 06, 2014 12:56:58 PM net.bigpoint.assessment.gasstation.implementation.StationImplTest testBuyGasDepleted
SEVERE: Not enough gas
</system-err>
  </testcase>
  <testcase time="5.714" classname="net.bigpoint.assessment.gasstation.implementation.StationImplTest" name="testBuyGasDepleted">
    <failure message="expected [true] but found [false]" type="java.lang.AssertionError">java.lang.AssertionError: expected [true] but found [false]
	at org.testng.Assert.fail(Assert.java:94)
	at org.testng.Assert.failNotEquals(Assert.java:494)
	at org.testng.Assert.assertTrue(Assert.java:42)
	at org.testng.Assert.assertTrue(Assert.java:52)
	at net.bigpoint.assessment.gasstation.implementation.StationImplTest.testBuyGasDepleted(StationImplTest.java:147)
</failure>
    <system-err>Jul 06, 2014 12:56:58 PM net.bigpoint.assessment.gasstation.implementation.StationImplTest testBuyGasDepleted
SEVERE: Not enough gas
</system-err>
  </testcase>
  <testcase time="5.714" classname="net.bigpoint.assessment.gasstation.implementation.StationImplTest" name="testBuyGasDepleted">
    <failure message="expected [true] but found [false]" type="java.lang.AssertionError">java.lang.AssertionError: expected [true] but found [false]
	at org.testng.Assert.fail(Assert.java:94)
	at org.testng.Assert.failNotEquals(Assert.java:494)
	at org.testng.Assert.assertTrue(Assert.java:42)
	at org.testng.Assert.assertTrue(Assert.java:52)
	at net.bigpoint.assessment.gasstation.implementation.StationImplTest.testBuyGasDepleted(StationImplTest.java:147)
</failure>
    <system-err>Jul 06, 2014 12:56:58 PM net.bigpoint.assessment.gasstation.implementation.StationImplTest testBuyGasDepleted
SEVERE: Not enough gas
</system-err>
  </testcase>
  <testcase time="5.714" classname="net.bigpoint.assessment.gasstation.implementation.StationImplTest" name="testBuyGasDepleted">
    <failure message="expected [true] but found [false]" type="java.lang.AssertionError">java.lang.AssertionError: expected [true] but found [false]
	at org.testng.Assert.fail(Assert.java:94)
	at org.testng.Assert.failNotEquals(Assert.java:494)
	at org.testng.Assert.assertTrue(Assert.java:42)
	at org.testng.Assert.assertTrue(Assert.java:52)
	at net.bigpoint.assessment.gasstation.implementation.StationImplTest.testBuyGasDepleted(StationImplTest.java:147)
</failure>
    <system-err>Jul 06, 2014 12:56:58 PM net.bigpoint.assessment.gasstation.implementation.StationImplTest testBuyGasDepleted
SEVERE: Not enough gas
</system-err>
  </testcase>
  <testcase time="5.715" classname="net.bigpoint.assessment.gasstation.implementation.StationImplTest" name="testBuyGasDepleted">
    <failure message="expected [true] but found [false]" type="java.lang.AssertionError">java.lang.AssertionError: expected [true] but found [false]
	at org.testng.Assert.fail(Assert.java:94)
	at org.testng.Assert.failNotEquals(Assert.java:494)
	at org.testng.Assert.assertTrue(Assert.java:42)
	at org.testng.Assert.assertTrue(Assert.java:52)
	at net.bigpoint.assessment.gasstation.implementation.StationImplTest.testBuyGasDepleted(StationImplTest.java:147)
</failure>
    <system-err>Jul 06, 2014 12:56:58 PM net.bigpoint.assessment.gasstation.implementation.StationImplTest testBuyGasDepleted
SEVERE: Not enough gas
</system-err>
  </testcase>
  <testcase time="5.715" classname="net.bigpoint.assessment.gasstation.implementation.StationImplTest" name="testBuyGasDepleted">
    <failure message="expected [true] but found [false]" type="java.lang.AssertionError">java.lang.AssertionError: expected [true] but found [false]
	at org.testng.Assert.fail(Assert.java:94)
	at org.testng.Assert.failNotEquals(Assert.java:494)
	at org.testng.Assert.assertTrue(Assert.java:42)
	at org.testng.Assert.assertTrue(Assert.java:52)
	at net.bigpoint.assessment.gasstation.implementation.StationImplTest.testBuyGasDepleted(StationImplTest.java:147)
</failure>
  </testcase>
  <testcase time="5.716" classname="net.bigpoint.assessment.gasstation.implementation.StationImplTest" name="testBuyGasDepleted">
    <failure message="expected [true] but found [false]" type="java.lang.AssertionError">java.lang.AssertionError: expected [true] but found [false]
	at org.testng.Assert.fail(Assert.java:94)
	at org.testng.Assert.failNotEquals(Assert.java:494)
	at org.testng.Assert.assertTrue(Assert.java:42)
	at org.testng.Assert.assertTrue(Assert.java:52)
	at net.bigpoint.assessment.gasstation.implementation.StationImplTest.testBuyGasDepleted(StationImplTest.java:147)
</failure>
    <system-err>Jul 06, 2014 12:56:58 PM net.bigpoint.assessment.gasstation.implementation.StationImplTest testBuyGasDepleted
SEVERE: Not enough gas
Jul 06, 2014 12:56:58 PM net.bigpoint.assessment.gasstation.implementation.StationImplTest testBuyGasDepleted
SEVERE: Not enough gas
</system-err>
  </testcase>
  <testcase time="5.716" classname="net.bigpoint.assessment.gasstation.implementation.StationImplTest" name="testBuyGasDepleted">
    <failure message="expected [true] but found [false]" type="java.lang.AssertionError">java.lang.AssertionError: expected [true] but found [false]
	at org.testng.Assert.fail(Assert.java:94)
	at org.testng.Assert.failNotEquals(Assert.java:494)
	at org.testng.Assert.assertTrue(Assert.java:42)
	at org.testng.Assert.assertTrue(Assert.java:52)
	at net.bigpoint.assessment.gasstation.implementation.StationImplTest.testBuyGasDepleted(StationImplTest.java:147)
</failure>
    <system-err>Jul 06, 2014 12:56:58 PM net.bigpoint.assessment.gasstation.implementation.StationImplTest testBuyGasDepleted
SEVERE: Not enough gas
</system-err>
  </testcase>
  <testcase time="5.717" classname="net.bigpoint.assessment.gasstation.implementation.StationImplTest" name="testBuyGasDepleted">
    <failure message="expected [true] but found [false]" type="java.lang.AssertionError">java.lang.AssertionError: expected [true] but found [false]
	at org.testng.Assert.fail(Assert.java:94)
	at org.testng.Assert.failNotEquals(Assert.java:494)
	at org.testng.Assert.assertTrue(Assert.java:42)
	at org.testng.Assert.assertTrue(Assert.java:52)
	at net.bigpoint.assessment.gasstation.implementation.StationImplTest.testBuyGasDepleted(StationImplTest.java:147)
</failure>
  </testcase>
  <testcase time="5.717" classname="net.bigpoint.assessment.gasstation.implementation.StationImplTest" name="testBuyGasDepleted">
    <failure message="expected [true] but found [false]" type="java.lang.AssertionError">java.lang.AssertionError: expected [true] but found [false]
	at org.testng.Assert.fail(Assert.java:94)
	at org.testng.Assert.failNotEquals(Assert.java:494)
	at org.testng.Assert.assertTrue(Assert.java:42)
	at org.testng.Assert.assertTrue(Assert.java:52)
	at net.bigpoint.assessment.gasstation.implementation.StationImplTest.testBuyGasDepleted(StationImplTest.java:147)
</failure>
  </testcase>
  <testcase time="5.717" classname="net.bigpoint.assessment.gasstation.implementation.StationImplTest" name="testBuyGasDepleted">
    <failure message="expected [true] but found [false]" type="java.lang.AssertionError">java.lang.AssertionError: expected [true] but found [false]
	at org.testng.Assert.fail(Assert.java:94)
	at org.testng.Assert.failNotEquals(Assert.java:494)
	at org.testng.Assert.assertTrue(Assert.java:42)
	at org.testng.Assert.assertTrue(Assert.java:52)
	at net.bigpoint.assessment.gasstation.implementation.StationImplTest.testBuyGasDepleted(StationImplTest.java:147)
</failure>
    <system-err>Jul 06, 2014 12:56:58 PM net.bigpoint.assessment.gasstation.implementation.StationImplTest testBuyGasDepleted
SEVERE: Not enough gas
Jul 06, 2014 12:56:58 PM net.bigpoint.assessment.gasstation.implementation.StationImplTest testBuyGasDepleted
SEVERE: Not enough gas
</system-err>
  </testcase>
  <testcase time="5.718" classname="net.bigpoint.assessment.gasstation.implementation.StationImplTest" name="testBuyGasDepleted">
    <failure message="expected [true] but found [false]" type="java.lang.AssertionError">java.lang.AssertionError: expected [true] but found [false]
	at org.testng.Assert.fail(Assert.java:94)
	at org.testng.Assert.failNotEquals(Assert.java:494)
	at org.testng.Assert.assertTrue(Assert.java:42)
	at org.testng.Assert.assertTrue(Assert.java:52)
	at net.bigpoint.assessment.gasstation.implementation.StationImplTest.testBuyGasDepleted(StationImplTest.java:147)
</failure>
  </testcase>
  <testcase time="5.718" classname="net.bigpoint.assessment.gasstation.implementation.StationImplTest" name="testBuyGasDepleted">
    <failure message="expected [true] but found [false]" type="java.lang.AssertionError">java.lang.AssertionError: expected [true] but found [false]
	at org.testng.Assert.fail(Assert.java:94)
	at org.testng.Assert.failNotEquals(Assert.java:494)
	at org.testng.Assert.assertTrue(Assert.java:42)
	at org.testng.Assert.assertTrue(Assert.java:52)
	at net.bigpoint.assessment.gasstation.implementation.StationImplTest.testBuyGasDepleted(StationImplTest.java:147)
</failure>
    <system-err>Jul 06, 2014 12:56:58 PM net.bigpoint.assessment.gasstation.implementation.StationImplTest testBuyGasDepleted
SEVERE: Not enough gas
</system-err>
  </testcase>
  <testcase time="5.719" classname="net.bigpoint.assessment.gasstation.implementation.StationImplTest" name="testBuyGasDepleted">
    <failure message="expected [true] but found [false]" type="java.lang.AssertionError">java.lang.AssertionError: expected [true] but found [false]
	at org.testng.Assert.fail(Assert.java:94)
	at org.testng.Assert.failNotEquals(Assert.java:494)
	at org.testng.Assert.assertTrue(Assert.java:42)
	at org.testng.Assert.assertTrue(Assert.java:52)
	at net.bigpoint.assessment.gasstation.implementation.StationImplTest.testBuyGasDepleted(StationImplTest.java:147)
</failure>
    <system-err>Jul 06, 2014 12:56:58 PM net.bigpoint.assessment.gasstation.implementation.StationImplTest testBuyGasDepleted
SEVERE: Not enough gas
Jul 06, 2014 12:56:58 PM net.bigpoint.assessment.gasstation.implementation.StationImplTest testBuyGasDepleted
SEVERE: Not enough gas
</system-err>
  </testcase>
  <testcase time="5.719" classname="net.bigpoint.assessment.gasstation.implementation.StationImplTest" name="testBuyGasDepleted">
    <failure message="expected [true] but found [false]" type="java.lang.AssertionError">java.lang.AssertionError: expected [true] but found [false]
	at org.testng.Assert.fail(Assert.java:94)
	at org.testng.Assert.failNotEquals(Assert.java:494)
	at org.testng.Assert.assertTrue(Assert.java:42)
	at org.testng.Assert.assertTrue(Assert.java:52)
	at net.bigpoint.assessment.gasstation.implementation.StationImplTest.testBuyGasDepleted(StationImplTest.java:147)
</failure>
  </testcase>
  <testcase time="5.719" classname="net.bigpoint.assessment.gasstation.implementation.StationImplTest" name="testBuyGasDepleted">
    <failure message="expected [true] but found [false]" type="java.lang.AssertionError">java.lang.AssertionError: expected [true] but found [false]
	at org.testng.Assert.fail(Assert.java:94)
	at org.testng.Assert.failNotEquals(Assert.java:494)
	at org.testng.Assert.assertTrue(Assert.java:42)
	at org.testng.Assert.assertTrue(Assert.java:52)
	at net.bigpoint.assessment.gasstation.implementation.StationImplTest.testBuyGasDepleted(StationImplTest.java:147)
</failure>
    <system-err>Jul 06, 2014 12:56:58 PM net.bigpoint.assessment.gasstation.implementation.StationImplTest testBuyGasDepleted
SEVERE: Not enough gas
Jul 06, 2014 12:56:58 PM net.bigpoint.assessment.gasstation.implementation.StationImplTest testBuyGasDepleted
SEVERE: Not enough gas
</system-err>
  </testcase>
  <testcase time="5.719" classname="net.bigpoint.assessment.gasstation.implementation.StationImplTest" name="testBuyGasDepleted">
    <failure message="expected [true] but found [false]" type="java.lang.AssertionError">java.lang.AssertionError: expected [true] but found [false]
	at org.testng.Assert.fail(Assert.java:94)
	at org.testng.Assert.failNotEquals(Assert.java:494)
	at org.testng.Assert.assertTrue(Assert.java:42)
	at org.testng.Assert.assertTrue(Assert.java:52)
	at net.bigpoint.assessment.gasstation.implementation.StationImplTest.testBuyGasDepleted(StationImplTest.java:147)
</failure>
  </testcase>
  <testcase time="5.72" classname="net.bigpoint.assessment.gasstation.implementation.StationImplTest" name="testBuyGasDepleted">
    <failure message="expected [true] but found [false]" type="java.lang.AssertionError">java.lang.AssertionError: expected [true] but found [false]
	at org.testng.Assert.fail(Assert.java:94)
	at org.testng.Assert.failNotEquals(Assert.java:494)
	at org.testng.Assert.assertTrue(Assert.java:42)
	at org.testng.Assert.assertTrue(Assert.java:52)
	at net.bigpoint.assessment.gasstation.implementation.StationImplTest.testBuyGasDepleted(StationImplTest.java:147)
</failure>
    <system-err>Jul 06, 2014 12:56:58 PM net.bigpoint.assessment.gasstation.implementation.StationImplTest testBuyGasDepleted
SEVERE: Not enough gas
</system-err>
  </testcase>
  <testcase time="5.72" classname="net.bigpoint.assessment.gasstation.implementation.StationImplTest" name="testBuyGasDepleted">
    <failure message="expected [true] but found [false]" type="java.lang.AssertionError">java.lang.AssertionError: expected [true] but found [false]
	at org.testng.Assert.fail(Assert.java:94)
	at org.testng.Assert.failNotEquals(Assert.java:494)
	at org.testng.Assert.assertTrue(Assert.java:42)
	at org.testng.Assert.assertTrue(Assert.java:52)
	at net.bigpoint.assessment.gasstation.implementation.StationImplTest.testBuyGasDepleted(StationImplTest.java:147)
</failure>
  </testcase>
  <testcase time="5.721" classname="net.bigpoint.assessment.gasstation.implementation.StationImplTest" name="testBuyGasDepleted">
    <failure message="expected [true] but found [false]" type="java.lang.AssertionError">java.lang.AssertionError: expected [true] but found [false]
	at org.testng.Assert.fail(Assert.java:94)
	at org.testng.Assert.failNotEquals(Assert.java:494)
	at org.testng.Assert.assertTrue(Assert.java:42)
	at org.testng.Assert.assertTrue(Assert.java:52)
	at net.bigpoint.assessment.gasstation.implementation.StationImplTest.testBuyGasDepleted(StationImplTest.java:147)
</failure>
    <system-err>Jul 06, 2014 12:56:58 PM net.bigpoint.assessment.gasstation.implementation.StationImplTest testBuyGasDepleted
SEVERE: Not enough gas
Jul 06, 2014 12:56:58 PM net.bigpoint.assessment.gasstation.implementation.StationImplTest testBuyGasDepleted
SEVERE: Not enough gas
</system-err>
  </testcase>
  <testcase time="5.721" classname="net.bigpoint.assessment.gasstation.implementation.StationImplTest" name="testBuyGasDepleted">
    <failure message="expected [true] but found [false]" type="java.lang.AssertionError">java.lang.AssertionError: expected [true] but found [false]
	at org.testng.Assert.fail(Assert.java:94)
	at org.testng.Assert.failNotEquals(Assert.java:494)
	at org.testng.Assert.assertTrue(Assert.java:42)
	at org.testng.Assert.assertTrue(Assert.java:52)
	at net.bigpoint.assessment.gasstation.implementation.StationImplTest.testBuyGasDepleted(StationImplTest.java:147)
</failure>
    <system-err>Jul 06, 2014 12:56:58 PM net.bigpoint.assessment.gasstation.implementation.StationImplTest testBuyGasDepleted
SEVERE: Not enough gas
</system-err>
  </testcase>
  <testcase time="5.721" classname="net.bigpoint.assessment.gasstation.implementation.StationImplTest" name="testBuyGasDepleted">
    <failure message="expected [true] but found [false]" type="java.lang.AssertionError">java.lang.AssertionError: expected [true] but found [false]
	at org.testng.Assert.fail(Assert.java:94)
	at org.testng.Assert.failNotEquals(Assert.java:494)
	at org.testng.Assert.assertTrue(Assert.java:42)
	at org.testng.Assert.assertTrue(Assert.java:52)
	at net.bigpoint.assessment.gasstation.implementation.StationImplTest.testBuyGasDepleted(StationImplTest.java:147)
</failure>
  </testcase>
  <testcase time="5.722" classname="net.bigpoint.assessment.gasstation.implementation.StationImplTest" name="testBuyGasDepleted">
    <failure message="expected [true] but found [false]" type="java.lang.AssertionError">java.lang.AssertionError: expected [true] but found [false]
	at org.testng.Assert.fail(Assert.java:94)
	at org.testng.Assert.failNotEquals(Assert.java:494)
	at org.testng.Assert.assertTrue(Assert.java:42)
	at org.testng.Assert.assertTrue(Assert.java:52)
	at net.bigpoint.assessment.gasstation.implementation.StationImplTest.testBuyGasDepleted(StationImplTest.java:147)
</failure>
    <system-err>Jul 06, 2014 12:56:58 PM net.bigpoint.assessment.gasstation.implementation.StationImplTest testBuyGasDepleted
SEVERE: Not enough gas
Jul 06, 2014 12:56:58 PM net.bigpoint.assessment.gasstation.implementation.StationImplTest testBuyGasDepleted
SEVERE: Not enough gas
</system-err>
  </testcase>
  <testcase time="5.722" classname="net.bigpoint.assessment.gasstation.implementation.StationImplTest" name="testBuyGasDepleted">
    <failure message="expected [true] but found [false]" type="java.lang.AssertionError">java.lang.AssertionError: expected [true] but found [false]
	at org.testng.Assert.fail(Assert.java:94)
	at org.testng.Assert.failNotEquals(Assert.java:494)
	at org.testng.Assert.assertTrue(Assert.java:42)
	at org.testng.Assert.assertTrue(Assert.java:52)
	at net.bigpoint.assessment.gasstation.implementation.StationImplTest.testBuyGasDepleted(StationImplTest.java:147)
</failure>
  </testcase>
  <testcase time="5.722" classname="net.bigpoint.assessment.gasstation.implementation.StationImplTest" name="testBuyGasDepleted">
    <failure message="expected [true] but found [false]" type="java.lang.AssertionError">java.lang.AssertionError: expected [true] but found [false]
	at org.testng.Assert.fail(Assert.java:94)
	at org.testng.Assert.failNotEquals(Assert.java:494)
	at org.testng.Assert.assertTrue(Assert.java:42)
	at org.testng.Assert.assertTrue(Assert.java:52)
	at net.bigpoint.assessment.gasstation.implementation.StationImplTest.testBuyGasDepleted(StationImplTest.java:147)
</failure>
  </testcase>
  <testcase time="5.722" classname="net.bigpoint.assessment.gasstation.implementation.StationImplTest" name="testBuyGasDepleted">
    <failure message="expected [true] but found [false]" type="java.lang.AssertionError">java.lang.AssertionError: expected [true] but found [false]
	at org.testng.Assert.fail(Assert.java:94)
	at org.testng.Assert.failNotEquals(Assert.java:494)
	at org.testng.Assert.assertTrue(Assert.java:42)
	at org.testng.Assert.assertTrue(Assert.java:52)
	at net.bigpoint.assessment.gasstation.implementation.StationImplTest.testBuyGasDepleted(StationImplTest.java:147)
</failure>
    <system-err>Jul 06, 2014 12:56:58 PM net.bigpoint.assessment.gasstation.implementation.StationImplTest testBuyGasDepleted
SEVERE: Not enough gas
Jul 06, 2014 12:56:58 PM net.bigpoint.assessment.gasstation.implementation.StationImplTest testBuyGasDepleted
SEVERE: Not enough gas
</system-err>
  </testcase>
  <testcase time="5.723" classname="net.bigpoint.assessment.gasstation.implementation.StationImplTest" name="testBuyGasDepleted">
    <failure message="expected [true] but found [false]" type="java.lang.AssertionError">java.lang.AssertionError: expected [true] but found [false]
	at org.testng.Assert.fail(Assert.java:94)
	at org.testng.Assert.failNotEquals(Assert.java:494)
	at org.testng.Assert.assertTrue(Assert.java:42)
	at org.testng.Assert.assertTrue(Assert.java:52)
	at net.bigpoint.assessment.gasstation.implementation.StationImplTest.testBuyGasDepleted(StationImplTest.java:147)
</failure>
  </testcase>
  <testcase time="5.723" classname="net.bigpoint.assessment.gasstation.implementation.StationImplTest" name="testBuyGasDepleted">
    <failure message="expected [true] but found [false]" type="java.lang.AssertionError">java.lang.AssertionError: expected [true] but found [false]
	at org.testng.Assert.fail(Assert.java:94)
	at org.testng.Assert.failNotEquals(Assert.java:494)
	at org.testng.Assert.assertTrue(Assert.java:42)
	at org.testng.Assert.assertTrue(Assert.java:52)
	at net.bigpoint.assessment.gasstation.implementation.StationImplTest.testBuyGasDepleted(StationImplTest.java:147)
</failure>
    <system-err>Jul 06, 2014 12:56:58 PM net.bigpoint.assessment.gasstation.implementation.StationImplTest testBuyGasDepleted
SEVERE: Not enough gas
</system-err>
  </testcase>
  <testcase time="5.724" classname="net.bigpoint.assessment.gasstation.implementation.StationImplTest" name="testBuyGasDepleted">
    <failure message="expected [true] but found [false]" type="java.lang.AssertionError">java.lang.AssertionError: expected [true] but found [false]
	at org.testng.Assert.fail(Assert.java:94)
	at org.testng.Assert.failNotEquals(Assert.java:494)
	at org.testng.Assert.assertTrue(Assert.java:42)
	at org.testng.Assert.assertTrue(Assert.java:52)
	at net.bigpoint.assessment.gasstation.implementation.StationImplTest.testBuyGasDepleted(StationImplTest.java:147)
</failure>
    <system-err>Jul 06, 2014 12:56:58 PM net.bigpoint.assessment.gasstation.implementation.StationImplTest testBuyGasDepleted
SEVERE: Not enough gas
Jul 06, 2014 12:56:58 PM net.bigpoint.assessment.gasstation.implementation.StationImplTest testBuyGasDepleted
SEVERE: Not enough gas
</system-err>
  </testcase>
  <testcase time="5.724" classname="net.bigpoint.assessment.gasstation.implementation.StationImplTest" name="testBuyGasDepleted">
    <failure message="expected [true] but found [false]" type="java.lang.AssertionError">java.lang.AssertionError: expected [true] but found [false]
	at org.testng.Assert.fail(Assert.java:94)
	at org.testng.Assert.failNotEquals(Assert.java:494)
	at org.testng.Assert.assertTrue(Assert.java:42)
	at org.testng.Assert.assertTrue(Assert.java:52)
	at net.bigpoint.assessment.gasstation.implementation.StationImplTest.testBuyGasDepleted(StationImplTest.java:147)
</failure>
    <system-err>Jul 06, 2014 12:56:58 PM net.bigpoint.assessment.gasstation.implementation.StationImplTest testBuyGasDepleted
SEVERE: Not enough gas
</system-err>
  </testcase>
  <testcase time="5.724" classname="net.bigpoint.assessment.gasstation.implementation.StationImplTest" name="testBuyGasDepleted">
    <failure message="expected [true] but found [false]" type="java.lang.AssertionError">java.lang.AssertionError: expected [true] but found [false]
	at org.testng.Assert.fail(Assert.java:94)
	at org.testng.Assert.failNotEquals(Assert.java:494)
	at org.testng.Assert.assertTrue(Assert.java:42)
	at org.testng.Assert.assertTrue(Assert.java:52)
	at net.bigpoint.assessment.gasstation.implementation.StationImplTest.testBuyGasDepleted(StationImplTest.java:147)
</failure>
    <system-err>Jul 06, 2014 12:56:58 PM net.bigpoint.assessment.gasstation.implementation.StationImplTest testBuyGasDepleted
SEVERE: Not enough gas
</system-err>
  </testcase>
  <testcase time="5.724" classname="net.bigpoint.assessment.gasstation.implementation.StationImplTest" name="testBuyGasDepleted">
    <failure message="expected [true] but found [false]" type="java.lang.AssertionError">java.lang.AssertionError: expected [true] but found [false]
	at org.testng.Assert.fail(Assert.java:94)
	at org.testng.Assert.failNotEquals(Assert.java:494)
	at org.testng.Assert.assertTrue(Assert.java:42)
	at org.testng.Assert.assertTrue(Assert.java:52)
	at net.bigpoint.assessment.gasstation.implementation.StationImplTest.testBuyGasDepleted(StationImplTest.java:147)
</failure>
  </testcase>
  <testcase time="5.725" classname="net.bigpoint.assessment.gasstation.implementation.StationImplTest" name="testBuyGasDepleted">
    <failure message="expected [true] but found [false]" type="java.lang.AssertionError">java.lang.AssertionError: expected [true] but found [false]
	at org.testng.Assert.fail(Assert.java:94)
	at org.testng.Assert.failNotEquals(Assert.java:494)
	at org.testng.Assert.assertTrue(Assert.java:42)
	at org.testng.Assert.assertTrue(Assert.java:52)
	at net.bigpoint.assessment.gasstation.implementation.StationImplTest.testBuyGasDepleted(StationImplTest.java:147)
</failure>
  </testcase>
  <testcase time="5.725" classname="net.bigpoint.assessment.gasstation.implementation.StationImplTest" name="testBuyGasDepleted">
    <failure message="expected [true] but found [false]" type="java.lang.AssertionError">java.lang.AssertionError: expected [true] but found [false]
	at org.testng.Assert.fail(Assert.java:94)
	at org.testng.Assert.failNotEquals(Assert.java:494)
	at org.testng.Assert.assertTrue(Assert.java:42)
	at org.testng.Assert.assertTrue(Assert.java:52)
	at net.bigpoint.assessment.gasstation.implementation.StationImplTest.testBuyGasDepleted(StationImplTest.java:147)
</failure>
    <system-err>Jul 06, 2014 12:56:58 PM net.bigpoint.assessment.gasstation.implementation.StationImplTest testBuyGasDepleted
SEVERE: Not enough gas
Jul 06, 2014 12:56:58 PM net.bigpoint.assessment.gasstation.implementation.StationImplTest testBuyGasDepleted
SEVERE: Not enough gas
</system-err>
  </testcase>
  <testcase time="5.726" classname="net.bigpoint.assessment.gasstation.implementation.StationImplTest" name="testBuyGasDepleted">
    <failure message="expected [true] but found [false]" type="java.lang.AssertionError">java.lang.AssertionError: expected [true] but found [false]
	at org.testng.Assert.fail(Assert.java:94)
	at org.testng.Assert.failNotEquals(Assert.java:494)
	at org.testng.Assert.assertTrue(Assert.java:42)
	at org.testng.Assert.assertTrue(Assert.java:52)
	at net.bigpoint.assessment.gasstation.implementation.StationImplTest.testBuyGasDepleted(StationImplTest.java:147)
</failure>
    <system-err>Jul 06, 2014 12:56:58 PM net.bigpoint.assessment.gasstation.implementation.StationImplTest testBuyGasDepleted
SEVERE: Not enough gas
</system-err>
  </testcase>
  <testcase time="5.726" classname="net.bigpoint.assessment.gasstation.implementation.StationImplTest" name="testBuyGasDepleted">
    <failure message="expected [true] but found [false]" type="java.lang.AssertionError">java.lang.AssertionError: expected [true] but found [false]
	at org.testng.Assert.fail(Assert.java:94)
	at org.testng.Assert.failNotEquals(Assert.java:494)
	at org.testng.Assert.assertTrue(Assert.java:42)
	at org.testng.Assert.assertTrue(Assert.java:52)
	at net.bigpoint.assessment.gasstation.implementation.StationImplTest.testBuyGasDepleted(StationImplTest.java:147)
</failure>
    <system-err>Jul 06, 2014 12:56:58 PM net.bigpoint.assessment.gasstation.implementation.StationImplTest testBuyGasDepleted
SEVERE: Not enough gas
</system-err>
  </testcase>
  <testcase time="5.726" classname="net.bigpoint.assessment.gasstation.implementation.StationImplTest" name="testBuyGasDepleted">
    <failure message="expected [true] but found [false]" type="java.lang.AssertionError">java.lang.AssertionError: expected [true] but found [false]
	at org.testng.Assert.fail(Assert.java:94)
	at org.testng.Assert.failNotEquals(Assert.java:494)
	at org.testng.Assert.assertTrue(Assert.java:42)
	at org.testng.Assert.assertTrue(Assert.java:52)
	at net.bigpoint.assessment.gasstation.implementation.StationImplTest.testBuyGasDepleted(StationImplTest.java:147)
</failure>
  </testcase>
  <testcase time="5.726" classname="net.bigpoint.assessment.gasstation.implementation.StationImplTest" name="testBuyGasDepleted">
    <failure message="expected [true] but found [false]" type="java.lang.AssertionError">java.lang.AssertionError: expected [true] but found [false]
	at org.testng.Assert.fail(Assert.java:94)
	at org.testng.Assert.failNotEquals(Assert.java:494)
	at org.testng.Assert.assertTrue(Assert.java:42)
	at org.testng.Assert.assertTrue(Assert.java:52)
	at net.bigpoint.assessment.gasstation.implementation.StationImplTest.testBuyGasDepleted(StationImplTest.java:147)
</failure>
  </testcase>
  <testcase time="5.726" classname="net.bigpoint.assessment.gasstation.implementation.StationImplTest" name="testBuyGasDepleted">
    <failure message="expected [true] but found [false]" type="java.lang.AssertionError">java.lang.AssertionError: expected [true] but found [false]
	at org.testng.Assert.fail(Assert.java:94)
	at org.testng.Assert.failNotEquals(Assert.java:494)
	at org.testng.Assert.assertTrue(Assert.java:42)
	at org.testng.Assert.assertTrue(Assert.java:52)
	at net.bigpoint.assessment.gasstation.implementation.StationImplTest.testBuyGasDepleted(StationImplTest.java:147)
</failure>
    <system-err>Jul 06, 2014 12:56:58 PM net.bigpoint.assessment.gasstation.implementation.StationImplTest testBuyGasDepleted
SEVERE: Not enough gas
Jul 06, 2014 12:56:58 PM net.bigpoint.assessment.gasstation.implementation.StationImplTest testBuyGasDepleted
SEVERE: Not enough gas
</system-err>
  </testcase>
  <testcase time="5.726" classname="net.bigpoint.assessment.gasstation.implementation.StationImplTest" name="testBuyGasDepleted">
    <failure message="expected [true] but found [false]" type="java.lang.AssertionError">java.lang.AssertionError: expected [true] but found [false]
	at org.testng.Assert.fail(Assert.java:94)
	at org.testng.Assert.failNotEquals(Assert.java:494)
	at org.testng.Assert.assertTrue(Assert.java:42)
	at org.testng.Assert.assertTrue(Assert.java:52)
	at net.bigpoint.assessment.gasstation.implementation.StationImplTest.testBuyGasDepleted(StationImplTest.java:147)
</failure>
  </testcase>
  <testcase time="5.727" classname="net.bigpoint.assessment.gasstation.implementation.StationImplTest" name="testBuyGasDepleted">
    <failure message="expected [true] but found [false]" type="java.lang.AssertionError">java.lang.AssertionError: expected [true] but found [false]
	at org.testng.Assert.fail(Assert.java:94)
	at org.testng.Assert.failNotEquals(Assert.java:494)
	at org.testng.Assert.assertTrue(Assert.java:42)
	at org.testng.Assert.assertTrue(Assert.java:52)
	at net.bigpoint.assessment.gasstation.implementation.StationImplTest.testBuyGasDepleted(StationImplTest.java:147)
</failure>
    <system-err>Jul 06, 2014 12:56:58 PM net.bigpoint.assessment.gasstation.implementation.StationImplTest testBuyGasDepleted
SEVERE: Not enough gas
Jul 06, 2014 12:56:58 PM net.bigpoint.assessment.gasstation.implementation.StationImplTest testBuyGasDepleted
SEVERE: Not enough gas
</system-err>
  </testcase>
  <testcase time="5.727" classname="net.bigpoint.assessment.gasstation.implementation.StationImplTest" name="testBuyGasDepleted">
    <failure message="expected [true] but found [false]" type="java.lang.AssertionError">java.lang.AssertionError: expected [true] but found [false]
	at org.testng.Assert.fail(Assert.java:94)
	at org.testng.Assert.failNotEquals(Assert.java:494)
	at org.testng.Assert.assertTrue(Assert.java:42)
	at org.testng.Assert.assertTrue(Assert.java:52)
	at net.bigpoint.assessment.gasstation.implementation.StationImplTest.testBuyGasDepleted(StationImplTest.java:147)
</failure>
  </testcase>
  <testcase time="5.728" classname="net.bigpoint.assessment.gasstation.implementation.StationImplTest" name="testBuyGasDepleted">
    <failure message="expected [true] but found [false]" type="java.lang.AssertionError">java.lang.AssertionError: expected [true] but found [false]
	at org.testng.Assert.fail(Assert.java:94)
	at org.testng.Assert.failNotEquals(Assert.java:494)
	at org.testng.Assert.assertTrue(Assert.java:42)
	at org.testng.Assert.assertTrue(Assert.java:52)
	at net.bigpoint.assessment.gasstation.implementation.StationImplTest.testBuyGasDepleted(StationImplTest.java:147)
</failure>
  </testcase>
  <testcase time="5.728" classname="net.bigpoint.assessment.gasstation.implementation.StationImplTest" name="testBuyGasDepleted">
    <failure message="expected [true] but found [false]" type="java.lang.AssertionError">java.lang.AssertionError: expected [true] but found [false]
	at org.testng.Assert.fail(Assert.java:94)
	at org.testng.Assert.failNotEquals(Assert.java:494)
	at org.testng.Assert.assertTrue(Assert.java:42)
	at org.testng.Assert.assertTrue(Assert.java:52)
	at net.bigpoint.assessment.gasstation.implementation.StationImplTest.testBuyGasDepleted(StationImplTest.java:147)
</failure>
    <system-err>Jul 06, 2014 12:56:58 PM net.bigpoint.assessment.gasstation.implementation.StationImplTest testBuyGasDepleted
SEVERE: Not enough gas
Jul 06, 2014 12:56:58 PM net.bigpoint.assessment.gasstation.implementation.StationImplTest testBuyGasDepleted
SEVERE: Not enough gas
</system-err>
  </testcase>
  <testcase time="5.728" classname="net.bigpoint.assessment.gasstation.implementation.StationImplTest" name="testBuyGasDepleted">
    <failure message="expected [true] but found [false]" type="java.lang.AssertionError">java.lang.AssertionError: expected [true] but found [false]
	at org.testng.Assert.fail(Assert.java:94)
	at org.testng.Assert.failNotEquals(Assert.java:494)
	at org.testng.Assert.assertTrue(Assert.java:42)
	at org.testng.Assert.assertTrue(Assert.java:52)
	at net.bigpoint.assessment.gasstation.implementation.StationImplTest.testBuyGasDepleted(StationImplTest.java:147)
</failure>
  </testcase>
  <testcase time="5.729" classname="net.bigpoint.assessment.gasstation.implementation.StationImplTest" name="testBuyGasDepleted">
    <failure message="expected [true] but found [false]" type="java.lang.AssertionError">java.lang.AssertionError: expected [true] but found [false]
	at org.testng.Assert.fail(Assert.java:94)
	at org.testng.Assert.failNotEquals(Assert.java:494)
	at org.testng.Assert.assertTrue(Assert.java:42)
	at org.testng.Assert.assertTrue(Assert.java:52)
	at net.bigpoint.assessment.gasstation.implementation.StationImplTest.testBuyGasDepleted(StationImplTest.java:147)
</failure>
    <system-err>Jul 06, 2014 12:56:58 PM net.bigpoint.assessment.gasstation.implementation.StationImplTest testBuyGasDepleted
SEVERE: Not enough gas
Jul 06, 2014 12:56:58 PM net.bigpoint.assessment.gasstation.implementation.StationImplTest testBuyGasDepleted
SEVERE: Not enough gas
</system-err>
  </testcase>
  <testcase time="5.729" classname="net.bigpoint.assessment.gasstation.implementation.StationImplTest" name="testBuyGasDepleted">
    <failure message="expected [true] but found [false]" type="java.lang.AssertionError">java.lang.AssertionError: expected [true] but found [false]
	at org.testng.Assert.fail(Assert.java:94)
	at org.testng.Assert.failNotEquals(Assert.java:494)
	at org.testng.Assert.assertTrue(Assert.java:42)
	at org.testng.Assert.assertTrue(Assert.java:52)
	at net.bigpoint.assessment.gasstation.implementation.StationImplTest.testBuyGasDepleted(StationImplTest.java:147)
</failure>
  </testcase>
  <testcase time="5.73" classname="net.bigpoint.assessment.gasstation.implementation.StationImplTest" name="testBuyGasDepleted">
    <failure message="expected [true] but found [false]" type="java.lang.AssertionError">java.lang.AssertionError: expected [true] but found [false]
	at org.testng.Assert.fail(Assert.java:94)
	at org.testng.Assert.failNotEquals(Assert.java:494)
	at org.testng.Assert.assertTrue(Assert.java:42)
	at org.testng.Assert.assertTrue(Assert.java:52)
	at net.bigpoint.assessment.gasstation.implementation.StationImplTest.testBuyGasDepleted(StationImplTest.java:147)
</failure>
    <system-err>Jul 06, 2014 12:56:58 PM net.bigpoint.assessment.gasstation.implementation.StationImplTest testBuyGasDepleted
SEVERE: Not enough gas
Jul 06, 2014 12:56:58 PM net.bigpoint.assessment.gasstation.implementation.StationImplTest testBuyGasDepleted
SEVERE: Not enough gas
</system-err>
  </testcase>
  <testcase time="5.73" classname="net.bigpoint.assessment.gasstation.implementation.StationImplTest" name="testBuyGasDepleted">
    <failure message="expected [true] but found [false]" type="java.lang.AssertionError">java.lang.AssertionError: expected [true] but found [false]
	at org.testng.Assert.fail(Assert.java:94)
	at org.testng.Assert.failNotEquals(Assert.java:494)
	at org.testng.Assert.assertTrue(Assert.java:42)
	at org.testng.Assert.assertTrue(Assert.java:52)
	at net.bigpoint.assessment.gasstation.implementation.StationImplTest.testBuyGasDepleted(StationImplTest.java:147)
</failure>
    <system-err>Jul 06, 2014 12:56:58 PM net.bigpoint.assessment.gasstation.implementation.StationImplTest testBuyGasDepleted
SEVERE: Not enough gas
</system-err>
  </testcase>
  <testcase time="5.73" classname="net.bigpoint.assessment.gasstation.implementation.StationImplTest" name="testBuyGasDepleted">
    <failure message="expected [true] but found [false]" type="java.lang.AssertionError">java.lang.AssertionError: expected [true] but found [false]
	at org.testng.Assert.fail(Assert.java:94)
	at org.testng.Assert.failNotEquals(Assert.java:494)
	at org.testng.Assert.assertTrue(Assert.java:42)
	at org.testng.Assert.assertTrue(Assert.java:52)
	at net.bigpoint.assessment.gasstation.implementation.StationImplTest.testBuyGasDepleted(StationImplTest.java:147)
</failure>
  </testcase>
  <testcase time="5.73" classname="net.bigpoint.assessment.gasstation.implementation.StationImplTest" name="testBuyGasDepleted">
    <failure message="expected [true] but found [false]" type="java.lang.AssertionError">java.lang.AssertionError: expected [true] but found [false]
	at org.testng.Assert.fail(Assert.java:94)
	at org.testng.Assert.failNotEquals(Assert.java:494)
	at org.testng.Assert.assertTrue(Assert.java:42)
	at org.testng.Assert.assertTrue(Assert.java:52)
	at net.bigpoint.assessment.gasstation.implementation.StationImplTest.testBuyGasDepleted(StationImplTest.java:147)
</failure>
  </testcase>
  <testcase time="5.731" classname="net.bigpoint.assessment.gasstation.implementation.StationImplTest" name="testBuyGasDepleted">
    <failure message="expected [true] but found [false]" type="java.lang.AssertionError">java.lang.AssertionError: expected [true] but found [false]
	at org.testng.Assert.fail(Assert.java:94)
	at org.testng.Assert.failNotEquals(Assert.java:494)
	at org.testng.Assert.assertTrue(Assert.java:42)
	at org.testng.Assert.assertTrue(Assert.java:52)
	at net.bigpoint.assessment.gasstation.implementation.StationImplTest.testBuyGasDepleted(StationImplTest.java:147)
</failure>
    <system-err>Jul 06, 2014 12:56:58 PM net.bigpoint.assessment.gasstation.implementation.StationImplTest testBuyGasDepleted
SEVERE: Not enough gas
</system-err>
  </testcase>
  <testcase time="5.731" classname="net.bigpoint.assessment.gasstation.implementation.StationImplTest" name="testBuyGasDepleted">
    <failure message="expected [true] but found [false]" type="java.lang.AssertionError">java.lang.AssertionError: expected [true] but found [false]
	at org.testng.Assert.fail(Assert.java:94)
	at org.testng.Assert.failNotEquals(Assert.java:494)
	at org.testng.Assert.assertTrue(Assert.java:42)
	at org.testng.Assert.assertTrue(Assert.java:52)
	at net.bigpoint.assessment.gasstation.implementation.StationImplTest.testBuyGasDepleted(StationImplTest.java:147)
</failure>
    <system-err>Jul 06, 2014 12:56:58 PM net.bigpoint.assessment.gasstation.implementation.StationImplTest testBuyGasDepleted
SEVERE: Not enough gas
</system-err>
  </testcase>
  <testcase time="5.732" classname="net.bigpoint.assessment.gasstation.implementation.StationImplTest" name="testBuyGasDepleted">
    <failure message="expected [true] but found [false]" type="java.lang.AssertionError">java.lang.AssertionError: expected [true] but found [false]
	at org.testng.Assert.fail(Assert.java:94)
	at org.testng.Assert.failNotEquals(Assert.java:494)
	at org.testng.Assert.assertTrue(Assert.java:42)
	at org.testng.Assert.assertTrue(Assert.java:52)
	at net.bigpoint.assessment.gasstation.implementation.StationImplTest.testBuyGasDepleted(StationImplTest.java:147)
</failure>
    <system-err>Jul 06, 2014 12:56:58 PM net.bigpoint.assessment.gasstation.implementation.StationImplTest testBuyGasDepleted
SEVERE: Not enough gas
</system-err>
  </testcase>
  <testcase time="5.733" classname="net.bigpoint.assessment.gasstation.implementation.StationImplTest" name="testBuyGasDepleted">
    <failure message="expected [true] but found [false]" type="java.lang.AssertionError">java.lang.AssertionError: expected [true] but found [false]
	at org.testng.Assert.fail(Assert.java:94)
	at org.testng.Assert.failNotEquals(Assert.java:494)
	at org.testng.Assert.assertTrue(Assert.java:42)
	at org.testng.Assert.assertTrue(Assert.java:52)
	at net.bigpoint.assessment.gasstation.implementation.StationImplTest.testBuyGasDepleted(StationImplTest.java:147)
</failure>
    <system-err>Jul 06, 2014 12:56:58 PM net.bigpoint.assessment.gasstation.implementation.StationImplTest testBuyGasDepleted
SEVERE: Not enough gas
</system-err>
  </testcase>
  <testcase time="5.733" classname="net.bigpoint.assessment.gasstation.implementation.StationImplTest" name="testBuyGasDepleted">
    <failure message="expected [true] but found [false]" type="java.lang.AssertionError">java.lang.AssertionError: expected [true] but found [false]
	at org.testng.Assert.fail(Assert.java:94)
	at org.testng.Assert.failNotEquals(Assert.java:494)
	at org.testng.Assert.assertTrue(Assert.java:42)
	at org.testng.Assert.assertTrue(Assert.java:52)
	at net.bigpoint.assessment.gasstation.implementation.StationImplTest.testBuyGasDepleted(StationImplTest.java:147)
</failure>
    <system-err>Jul 06, 2014 12:56:58 PM net.bigpoint.assessment.gasstation.implementation.StationImplTest testBuyGasDepleted
SEVERE: Not enough gas
</system-err>
  </testcase>
  <testcase time="5.733" classname="net.bigpoint.assessment.gasstation.implementation.StationImplTest" name="testBuyGasDepleted">
    <failure message="expected [true] but found [false]" type="java.lang.AssertionError">java.lang.AssertionError: expected [true] but found [false]
	at org.testng.Assert.fail(Assert.java:94)
	at org.testng.Assert.failNotEquals(Assert.java:494)
	at org.testng.Assert.assertTrue(Assert.java:42)
	at org.testng.Assert.assertTrue(Assert.java:52)
	at net.bigpoint.assessment.gasstation.implementation.StationImplTest.testBuyGasDepleted(StationImplTest.java:147)
</failure>
  </testcase>
  <testcase time="5.734" classname="net.bigpoint.assessment.gasstation.implementation.StationImplTest" name="testBuyGasDepleted">
    <failure message="expected [true] but found [false]" type="java.lang.AssertionError">java.lang.AssertionError: expected [true] but found [false]
	at org.testng.Assert.fail(Assert.java:94)
	at org.testng.Assert.failNotEquals(Assert.java:494)
	at org.testng.Assert.assertTrue(Assert.java:42)
	at org.testng.Assert.assertTrue(Assert.java:52)
	at net.bigpoint.assessment.gasstation.implementation.StationImplTest.testBuyGasDepleted(StationImplTest.java:147)
</failure>
    <system-err>Jul 06, 2014 12:56:58 PM net.bigpoint.assessment.gasstation.implementation.StationImplTest testBuyGasDepleted
SEVERE: Not enough gas
</system-err>
  </testcase>
  <testcase time="5.735" classname="net.bigpoint.assessment.gasstation.implementation.StationImplTest" name="testBuyGasDepleted">
    <failure message="expected [true] but found [false]" type="java.lang.AssertionError">java.lang.AssertionError: expected [true] but found [false]
	at org.testng.Assert.fail(Assert.java:94)
	at org.testng.Assert.failNotEquals(Assert.java:494)
	at org.testng.Assert.assertTrue(Assert.java:42)
	at org.testng.Assert.assertTrue(Assert.java:52)
	at net.bigpoint.assessment.gasstation.implementation.StationImplTest.testBuyGasDepleted(StationImplTest.java:147)
</failure>
    <system-err>Jul 06, 2014 12:56:58 PM net.bigpoint.assessment.gasstation.implementation.StationImplTest testBuyGasDepleted
SEVERE: Not enough gas
Jul 06, 2014 12:56:58 PM net.bigpoint.assessment.gasstation.implementation.StationImplTest testBuyGasDepleted
SEVERE: Not enough gas
</system-err>
  </testcase>
  <testcase time="5.735" classname="net.bigpoint.assessment.gasstation.implementation.StationImplTest" name="testBuyGasDepleted">
    <failure message="expected [true] but found [false]" type="java.lang.AssertionError">java.lang.AssertionError: expected [true] but found [false]
	at org.testng.Assert.fail(Assert.java:94)
	at org.testng.Assert.failNotEquals(Assert.java:494)
	at org.testng.Assert.assertTrue(Assert.java:42)
	at org.testng.Assert.assertTrue(Assert.java:52)
	at net.bigpoint.assessment.gasstation.implementation.StationImplTest.testBuyGasDepleted(StationImplTest.java:147)
</failure>
    <system-err>Jul 06, 2014 12:56:58 PM net.bigpoint.assessment.gasstation.implementation.StationImplTest testBuyGasDepleted
SEVERE: Not enough gas
</system-err>
  </testcase>
  <testcase time="5.735" classname="net.bigpoint.assessment.gasstation.implementation.StationImplTest" name="testBuyGasDepleted">
    <failure message="expected [true] but found [false]" type="java.lang.AssertionError">java.lang.AssertionError: expected [true] but found [false]
	at org.testng.Assert.fail(Assert.java:94)
	at org.testng.Assert.failNotEquals(Assert.java:494)
	at org.testng.Assert.assertTrue(Assert.java:42)
	at org.testng.Assert.assertTrue(Assert.java:52)
	at net.bigpoint.assessment.gasstation.implementation.StationImplTest.testBuyGasDepleted(StationImplTest.java:147)
</failure>
    <system-err>Jul 06, 2014 12:56:58 PM net.bigpoint.assessment.gasstation.implementation.StationImplTest testBuyGasDepleted
SEVERE: Not enough gas
</system-err>
  </testcase>
  <testcase time="5.735" classname="net.bigpoint.assessment.gasstation.implementation.StationImplTest" name="testBuyGasDepleted">
    <failure message="expected [true] but found [false]" type="java.lang.AssertionError">java.lang.AssertionError: expected [true] but found [false]
	at org.testng.Assert.fail(Assert.java:94)
	at org.testng.Assert.failNotEquals(Assert.java:494)
	at org.testng.Assert.assertTrue(Assert.java:42)
	at org.testng.Assert.assertTrue(Assert.java:52)
	at net.bigpoint.assessment.gasstation.implementation.StationImplTest.testBuyGasDepleted(StationImplTest.java:147)
</failure>
  </testcase>
  <testcase time="5.736" classname="net.bigpoint.assessment.gasstation.implementation.StationImplTest" name="testBuyGasDepleted">
    <failure message="expected [true] but found [false]" type="java.lang.AssertionError">java.lang.AssertionError: expected [true] but found [false]
	at org.testng.Assert.fail(Assert.java:94)
	at org.testng.Assert.failNotEquals(Assert.java:494)
	at org.testng.Assert.assertTrue(Assert.java:42)
	at org.testng.Assert.assertTrue(Assert.java:52)
	at net.bigpoint.assessment.gasstation.implementation.StationImplTest.testBuyGasDepleted(StationImplTest.java:147)
</failure>
    <system-err>Jul 06, 2014 12:56:58 PM net.bigpoint.assessment.gasstation.implementation.StationImplTest testBuyGasDepleted
SEVERE: Not enough gas
</system-err>
  </testcase>
  <testcase time="5.736" classname="net.bigpoint.assessment.gasstation.implementation.StationImplTest" name="testBuyGasDepleted">
    <failure message="expected [true] but found [false]" type="java.lang.AssertionError">java.lang.AssertionError: expected [true] but found [false]
	at org.testng.Assert.fail(Assert.java:94)
	at org.testng.Assert.failNotEquals(Assert.java:494)
	at org.testng.Assert.assertTrue(Assert.java:42)
	at org.testng.Assert.assertTrue(Assert.java:52)
	at net.bigpoint.assessment.gasstation.implementation.StationImplTest.testBuyGasDepleted(StationImplTest.java:147)
</failure>
  </testcase>
  <testcase time="5.736" classname="net.bigpoint.assessment.gasstation.implementation.StationImplTest" name="testBuyGasDepleted">
    <failure message="expected [true] but found [false]" type="java.lang.AssertionError">java.lang.AssertionError: expected [true] but found [false]
	at org.testng.Assert.fail(Assert.java:94)
	at org.testng.Assert.failNotEquals(Assert.java:494)
	at org.testng.Assert.assertTrue(Assert.java:42)
	at org.testng.Assert.assertTrue(Assert.java:52)
	at net.bigpoint.assessment.gasstation.implementation.StationImplTest.testBuyGasDepleted(StationImplTest.java:147)
</failure>
    <system-err>Jul 06, 2014 12:56:58 PM net.bigpoint.assessment.gasstation.implementation.StationImplTest testBuyGasDepleted
SEVERE: Not enough gas
Jul 06, 2014 12:56:58 PM net.bigpoint.assessment.gasstation.implementation.StationImplTest testBuyGasDepleted
SEVERE: Not enough gas
</system-err>
  </testcase>
  <testcase time="5.736" classname="net.bigpoint.assessment.gasstation.implementation.StationImplTest" name="testBuyGasDepleted">
    <failure message="expected [true] but found [false]" type="java.lang.AssertionError">java.lang.AssertionError: expected [true] but found [false]
	at org.testng.Assert.fail(Assert.java:94)
	at org.testng.Assert.failNotEquals(Assert.java:494)
	at org.testng.Assert.assertTrue(Assert.java:42)
	at org.testng.Assert.assertTrue(Assert.java:52)
	at net.bigpoint.assessment.gasstation.implementation.StationImplTest.testBuyGasDepleted(StationImplTest.java:147)
</failure>
    <system-err>Jul 06, 2014 12:56:58 PM net.bigpoint.assessment.gasstation.implementation.StationImplTest testBuyGasDepleted
SEVERE: Not enough gas
</system-err>
  </testcase>
  <testcase time="5.737" classname="net.bigpoint.assessment.gasstation.implementation.StationImplTest" name="testBuyGasDepleted">
    <failure message="expected [true] but found [false]" type="java.lang.AssertionError">java.lang.AssertionError: expected [true] but found [false]
	at org.testng.Assert.fail(Assert.java:94)
	at org.testng.Assert.failNotEquals(Assert.java:494)
	at org.testng.Assert.assertTrue(Assert.java:42)
	at org.testng.Assert.assertTrue(Assert.java:52)
	at net.bigpoint.assessment.gasstation.implementation.StationImplTest.testBuyGasDepleted(StationImplTest.java:147)
</failure>
  </testcase>
  <testcase time="5.737" classname="net.bigpoint.assessment.gasstation.implementation.StationImplTest" name="testBuyGasDepleted">
    <failure message="expected [true] but found [false]" type="java.lang.AssertionError">java.lang.AssertionError: expected [true] but found [false]
	at org.testng.Assert.fail(Assert.java:94)
	at org.testng.Assert.failNotEquals(Assert.java:494)
	at org.testng.Assert.assertTrue(Assert.java:42)
	at org.testng.Assert.assertTrue(Assert.java:52)
	at net.bigpoint.assessment.gasstation.implementation.StationImplTest.testBuyGasDepleted(StationImplTest.java:147)
</failure>
    <system-err>Jul 06, 2014 12:56:58 PM net.bigpoint.assessment.gasstation.implementation.StationImplTest testBuyGasDepleted
SEVERE: Not enough gas
Jul 06, 2014 12:56:58 PM net.bigpoint.assessment.gasstation.implementation.StationImplTest testBuyGasDepleted
SEVERE: Not enough gas
</system-err>
  </testcase>
  <testcase time="5.738" classname="net.bigpoint.assessment.gasstation.implementation.StationImplTest" name="testBuyGasDepleted">
    <failure message="expected [true] but found [false]" type="java.lang.AssertionError">java.lang.AssertionError: expected [true] but found [false]
	at org.testng.Assert.fail(Assert.java:94)
	at org.testng.Assert.failNotEquals(Assert.java:494)
	at org.testng.Assert.assertTrue(Assert.java:42)
	at org.testng.Assert.assertTrue(Assert.java:52)
	at net.bigpoint.assessment.gasstation.implementation.StationImplTest.testBuyGasDepleted(StationImplTest.java:147)
</failure>
    <system-err>Jul 06, 2014 12:56:58 PM net.bigpoint.assessment.gasstation.implementation.StationImplTest testBuyGasDepleted
SEVERE: Not enough gas
</system-err>
  </testcase>
  <testcase time="5.738" classname="net.bigpoint.assessment.gasstation.implementation.StationImplTest" name="testBuyGasDepleted">
    <failure message="expected [true] but found [false]" type="java.lang.AssertionError">java.lang.AssertionError: expected [true] but found [false]
	at org.testng.Assert.fail(Assert.java:94)
	at org.testng.Assert.failNotEquals(Assert.java:494)
	at org.testng.Assert.assertTrue(Assert.java:42)
	at org.testng.Assert.assertTrue(Assert.java:52)
	at net.bigpoint.assessment.gasstation.implementation.StationImplTest.testBuyGasDepleted(StationImplTest.java:147)
</failure>
  </testcase>
  <testcase time="5.738" classname="net.bigpoint.assessment.gasstation.implementation.StationImplTest" name="testBuyGasDepleted">
    <failure message="expected [true] but found [false]" type="java.lang.AssertionError">java.lang.AssertionError: expected [true] but found [false]
	at org.testng.Assert.fail(Assert.java:94)
	at org.testng.Assert.failNotEquals(Assert.java:494)
	at org.testng.Assert.assertTrue(Assert.java:42)
	at org.testng.Assert.assertTrue(Assert.java:52)
	at net.bigpoint.assessment.gasstation.implementation.StationImplTest.testBuyGasDepleted(StationImplTest.java:147)
</failure>
    <system-err>Jul 06, 2014 12:56:58 PM net.bigpoint.assessment.gasstation.implementation.StationImplTest testBuyGasDepleted
SEVERE: Not enough gas
</system-err>
  </testcase>
  <testcase time="5.739" classname="net.bigpoint.assessment.gasstation.implementation.StationImplTest" name="testBuyGasDepleted">
    <failure message="expected [true] but found [false]" type="java.lang.AssertionError">java.lang.AssertionError: expected [true] but found [false]
	at org.testng.Assert.fail(Assert.java:94)
	at org.testng.Assert.failNotEquals(Assert.java:494)
	at org.testng.Assert.assertTrue(Assert.java:42)
	at org.testng.Assert.assertTrue(Assert.java:52)
	at net.bigpoint.assessment.gasstation.implementation.StationImplTest.testBuyGasDepleted(StationImplTest.java:147)
</failure>
    <system-err>Jul 06, 2014 12:56:58 PM net.bigpoint.assessment.gasstation.implementation.StationImplTest testBuyGasDepleted
SEVERE: Not enough gas
</system-err>
  </testcase>
  <testcase time="5.739" classname="net.bigpoint.assessment.gasstation.implementation.StationImplTest" name="testBuyGasDepleted">
    <failure message="expected [true] but found [false]" type="java.lang.AssertionError">java.lang.AssertionError: expected [true] but found [false]
	at org.testng.Assert.fail(Assert.java:94)
	at org.testng.Assert.failNotEquals(Assert.java:494)
	at org.testng.Assert.assertTrue(Assert.java:42)
	at org.testng.Assert.assertTrue(Assert.java:52)
	at net.bigpoint.assessment.gasstation.implementation.StationImplTest.testBuyGasDepleted(StationImplTest.java:147)
</failure>
    <system-err>Jul 06, 2014 12:56:58 PM net.bigpoint.assessment.gasstation.implementation.StationImplTest testBuyGasDepleted
SEVERE: Not enough gas
</system-err>
  </testcase>
  <testcase time="5.739" classname="net.bigpoint.assessment.gasstation.implementation.StationImplTest" name="testBuyGasDepleted">
    <failure message="expected [true] but found [false]" type="java.lang.AssertionError">java.lang.AssertionError: expected [true] but found [false]
	at org.testng.Assert.fail(Assert.java:94)
	at org.testng.Assert.failNotEquals(Assert.java:494)
	at org.testng.Assert.assertTrue(Assert.java:42)
	at org.testng.Assert.assertTrue(Assert.java:52)
	at net.bigpoint.assessment.gasstation.implementation.StationImplTest.testBuyGasDepleted(StationImplTest.java:147)
</failure>
    <system-err>Jul 06, 2014 12:56:58 PM net.bigpoint.assessment.gasstation.implementation.StationImplTest testBuyGasDepleted
SEVERE: Not enough gas
</system-err>
  </testcase>
  <testcase time="5.74" classname="net.bigpoint.assessment.gasstation.implementation.StationImplTest" name="testBuyGasDepleted">
    <failure message="expected [true] but found [false]" type="java.lang.AssertionError">java.lang.AssertionError: expected [true] but found [false]
	at org.testng.Assert.fail(Assert.java:94)
	at org.testng.Assert.failNotEquals(Assert.java:494)
	at org.testng.Assert.assertTrue(Assert.java:42)
	at org.testng.Assert.assertTrue(Assert.java:52)
	at net.bigpoint.assessment.gasstation.implementation.StationImplTest.testBuyGasDepleted(StationImplTest.java:147)
</failure>
  </testcase>
  <testcase time="5.74" classname="net.bigpoint.assessment.gasstation.implementation.StationImplTest" name="testBuyGasDepleted">
    <failure message="expected [true] but found [false]" type="java.lang.AssertionError">java.lang.AssertionError: expected [true] but found [false]
	at org.testng.Assert.fail(Assert.java:94)
	at org.testng.Assert.failNotEquals(Assert.java:494)
	at org.testng.Assert.assertTrue(Assert.java:42)
	at org.testng.Assert.assertTrue(Assert.java:52)
	at net.bigpoint.assessment.gasstation.implementation.StationImplTest.testBuyGasDepleted(StationImplTest.java:147)
</failure>
  </testcase>
  <testcase time="5.741" classname="net.bigpoint.assessment.gasstation.implementation.StationImplTest" name="testBuyGasDepleted">
    <failure message="expected [true] but found [false]" type="java.lang.AssertionError">java.lang.AssertionError: expected [true] but found [false]
	at org.testng.Assert.fail(Assert.java:94)
	at org.testng.Assert.failNotEquals(Assert.java:494)
	at org.testng.Assert.assertTrue(Assert.java:42)
	at org.testng.Assert.assertTrue(Assert.java:52)
	at net.bigpoint.assessment.gasstation.implementation.StationImplTest.testBuyGasDepleted(StationImplTest.java:147)
</failure>
    <system-err>Jul 06, 2014 12:56:58 PM net.bigpoint.assessment.gasstation.implementation.StationImplTest testBuyGasDepleted
SEVERE: Not enough gas
Jul 06, 2014 12:56:58 PM net.bigpoint.assessment.gasstation.implementation.StationImplTest testBuyGasDepleted
SEVERE: Not enough gas
</system-err>
  </testcase>
  <testcase time="5.741" classname="net.bigpoint.assessment.gasstation.implementation.StationImplTest" name="testBuyGasDepleted">
    <failure message="expected [true] but found [false]" type="java.lang.AssertionError">java.lang.AssertionError: expected [true] but found [false]
	at org.testng.Assert.fail(Assert.java:94)
	at org.testng.Assert.failNotEquals(Assert.java:494)
	at org.testng.Assert.assertTrue(Assert.java:42)
	at org.testng.Assert.assertTrue(Assert.java:52)
	at net.bigpoint.assessment.gasstation.implementation.StationImplTest.testBuyGasDepleted(StationImplTest.java:147)
</failure>
    <system-err>Jul 06, 2014 12:56:58 PM net.bigpoint.assessment.gasstation.implementation.StationImplTest testBuyGasDepleted
SEVERE: Not enough gas
</system-err>
  </testcase>
  <testcase time="5.741" classname="net.bigpoint.assessment.gasstation.implementation.StationImplTest" name="testBuyGasDepleted">
    <failure message="expected [true] but found [false]" type="java.lang.AssertionError">java.lang.AssertionError: expected [true] but found [false]
	at org.testng.Assert.fail(Assert.java:94)
	at org.testng.Assert.failNotEquals(Assert.java:494)
	at org.testng.Assert.assertTrue(Assert.java:42)
	at org.testng.Assert.assertTrue(Assert.java:52)
	at net.bigpoint.assessment.gasstation.implementation.StationImplTest.testBuyGasDepleted(StationImplTest.java:147)
</failure>
  </testcase>
  <testcase time="5.742" classname="net.bigpoint.assessment.gasstation.implementation.StationImplTest" name="testBuyGasDepleted">
    <failure message="expected [true] but found [false]" type="java.lang.AssertionError">java.lang.AssertionError: expected [true] but found [false]
	at org.testng.Assert.fail(Assert.java:94)
	at org.testng.Assert.failNotEquals(Assert.java:494)
	at org.testng.Assert.assertTrue(Assert.java:42)
	at org.testng.Assert.assertTrue(Assert.java:52)
	at net.bigpoint.assessment.gasstation.implementation.StationImplTest.testBuyGasDepleted(StationImplTest.java:147)
</failure>
    <system-err>Jul 06, 2014 12:56:58 PM net.bigpoint.assessment.gasstation.implementation.StationImplTest testBuyGasDepleted
SEVERE: Not enough gas
</system-err>
  </testcase>
  <testcase time="5.742" classname="net.bigpoint.assessment.gasstation.implementation.StationImplTest" name="testBuyGasDepleted">
    <failure message="expected [true] but found [false]" type="java.lang.AssertionError">java.lang.AssertionError: expected [true] but found [false]
	at org.testng.Assert.fail(Assert.java:94)
	at org.testng.Assert.failNotEquals(Assert.java:494)
	at org.testng.Assert.assertTrue(Assert.java:42)
	at org.testng.Assert.assertTrue(Assert.java:52)
	at net.bigpoint.assessment.gasstation.implementation.StationImplTest.testBuyGasDepleted(StationImplTest.java:147)
</failure>
    <system-err>Jul 06, 2014 12:56:58 PM net.bigpoint.assessment.gasstation.implementation.StationImplTest testBuyGasDepleted
SEVERE: Not enough gas
</system-err>
  </testcase>
  <testcase time="5.742" classname="net.bigpoint.assessment.gasstation.implementation.StationImplTest" name="testBuyGasDepleted">
    <failure message="expected [true] but found [false]" type="java.lang.AssertionError">java.lang.AssertionError: expected [true] but found [false]
	at org.testng.Assert.fail(Assert.java:94)
	at org.testng.Assert.failNotEquals(Assert.java:494)
	at org.testng.Assert.assertTrue(Assert.java:42)
	at org.testng.Assert.assertTrue(Assert.java:52)
	at net.bigpoint.assessment.gasstation.implementation.StationImplTest.testBuyGasDepleted(StationImplTest.java:147)
</failure>
  </testcase>
  <testcase time="5.743" classname="net.bigpoint.assessment.gasstation.implementation.StationImplTest" name="testBuyGasDepleted">
    <failure message="expected [true] but found [false]" type="java.lang.AssertionError">java.lang.AssertionError: expected [true] but found [false]
	at org.testng.Assert.fail(Assert.java:94)
	at org.testng.Assert.failNotEquals(Assert.java:494)
	at org.testng.Assert.assertTrue(Assert.java:42)
	at org.testng.Assert.assertTrue(Assert.java:52)
	at net.bigpoint.assessment.gasstation.implementation.StationImplTest.testBuyGasDepleted(StationImplTest.java:147)
</failure>
    <system-err>Jul 06, 2014 12:56:58 PM net.bigpoint.assessment.gasstation.implementation.StationImplTest testBuyGasDepleted
SEVERE: Not enough gas
Jul 06, 2014 12:56:58 PM net.bigpoint.assessment.gasstation.implementation.StationImplTest testBuyGasDepleted
SEVERE: Not enough gas
</system-err>
  </testcase>
  <testcase time="5.743" classname="net.bigpoint.assessment.gasstation.implementation.StationImplTest" name="testBuyGasDepleted">
    <failure message="expected [true] but found [false]" type="java.lang.AssertionError">java.lang.AssertionError: expected [true] but found [false]
	at org.testng.Assert.fail(Assert.java:94)
	at org.testng.Assert.failNotEquals(Assert.java:494)
	at org.testng.Assert.assertTrue(Assert.java:42)
	at org.testng.Assert.assertTrue(Assert.java:52)
	at net.bigpoint.assessment.gasstation.implementation.StationImplTest.testBuyGasDepleted(StationImplTest.java:147)
</failure>
  </testcase>
  <testcase time="5.744" classname="net.bigpoint.assessment.gasstation.implementation.StationImplTest" name="testBuyGasDepleted">
    <failure message="expected [true] but found [false]" type="java.lang.AssertionError">java.lang.AssertionError: expected [true] but found [false]
	at org.testng.Assert.fail(Assert.java:94)
	at org.testng.Assert.failNotEquals(Assert.java:494)
	at org.testng.Assert.assertTrue(Assert.java:42)
	at org.testng.Assert.assertTrue(Assert.java:52)
	at net.bigpoint.assessment.gasstation.implementation.StationImplTest.testBuyGasDepleted(StationImplTest.java:147)
</failure>
    <system-err>Jul 06, 2014 12:56:58 PM net.bigpoint.assessment.gasstation.implementation.StationImplTest testBuyGasDepleted
SEVERE: Not enough gas
Jul 06, 2014 12:56:58 PM net.bigpoint.assessment.gasstation.implementation.StationImplTest testBuyGasDepleted
SEVERE: Not enough gas
</system-err>
  </testcase>
  <testcase time="5.744" classname="net.bigpoint.assessment.gasstation.implementation.StationImplTest" name="testBuyGasDepleted">
    <failure message="expected [true] but found [false]" type="java.lang.AssertionError">java.lang.AssertionError: expected [true] but found [false]
	at org.testng.Assert.fail(Assert.java:94)
	at org.testng.Assert.failNotEquals(Assert.java:494)
	at org.testng.Assert.assertTrue(Assert.java:42)
	at org.testng.Assert.assertTrue(Assert.java:52)
	at net.bigpoint.assessment.gasstation.implementation.StationImplTest.testBuyGasDepleted(StationImplTest.java:147)
</failure>
  </testcase>
  <testcase time="5.744" classname="net.bigpoint.assessment.gasstation.implementation.StationImplTest" name="testBuyGasDepleted">
    <failure message="expected [true] but found [false]" type="java.lang.AssertionError">java.lang.AssertionError: expected [true] but found [false]
	at org.testng.Assert.fail(Assert.java:94)
	at org.testng.Assert.failNotEquals(Assert.java:494)
	at org.testng.Assert.assertTrue(Assert.java:42)
	at org.testng.Assert.assertTrue(Assert.java:52)
	at net.bigpoint.assessment.gasstation.implementation.StationImplTest.testBuyGasDepleted(StationImplTest.java:147)
</failure>
    <system-err>Jul 06, 2014 12:56:58 PM net.bigpoint.assessment.gasstation.implementation.StationImplTest testBuyGasDepleted
SEVERE: Not enough gas
</system-err>
  </testcase>
  <testcase time="5.745" classname="net.bigpoint.assessment.gasstation.implementation.StationImplTest" name="testBuyGasDepleted">
    <failure message="expected [true] but found [false]" type="java.lang.AssertionError">java.lang.AssertionError: expected [true] but found [false]
	at org.testng.Assert.fail(Assert.java:94)
	at org.testng.Assert.failNotEquals(Assert.java:494)
	at org.testng.Assert.assertTrue(Assert.java:42)
	at org.testng.Assert.assertTrue(Assert.java:52)
	at net.bigpoint.assessment.gasstation.implementation.StationImplTest.testBuyGasDepleted(StationImplTest.java:147)
</failure>
    <system-err>Jul 06, 2014 12:56:58 PM net.bigpoint.assessment.gasstation.implementation.StationImplTest testBuyGasDepleted
SEVERE: Not enough gas
</system-err>
  </testcase>
  <testcase time="5.745" classname="net.bigpoint.assessment.gasstation.implementation.StationImplTest" name="testBuyGasDepleted">
    <failure message="expected [true] but found [false]" type="java.lang.AssertionError">java.lang.AssertionError: expected [true] but found [false]
	at org.testng.Assert.fail(Assert.java:94)
	at org.testng.Assert.failNotEquals(Assert.java:494)
	at org.testng.Assert.assertTrue(Assert.java:42)
	at org.testng.Assert.assertTrue(Assert.java:52)
	at net.bigpoint.assessment.gasstation.implementation.StationImplTest.testBuyGasDepleted(StationImplTest.java:147)
</failure>
  </testcase>
  <testcase time="5.745" classname="net.bigpoint.assessment.gasstation.implementation.StationImplTest" name="testBuyGasDepleted">
    <failure message="expected [true] but found [false]" type="java.lang.AssertionError">java.lang.AssertionError: expected [true] but found [false]
	at org.testng.Assert.fail(Assert.java:94)
	at org.testng.Assert.failNotEquals(Assert.java:494)
	at org.testng.Assert.assertTrue(Assert.java:42)
	at org.testng.Assert.assertTrue(Assert.java:52)
	at net.bigpoint.assessment.gasstation.implementation.StationImplTest.testBuyGasDepleted(StationImplTest.java:147)
</failure>
    <system-err>Jul 06, 2014 12:56:58 PM net.bigpoint.assessment.gasstation.implementation.StationImplTest testBuyGasDepleted
SEVERE: Not enough gas
Jul 06, 2014 12:56:58 PM net.bigpoint.assessment.gasstation.implementation.StationImplTest testBuyGasDepleted
SEVERE: Not enough gas
</system-err>
  </testcase>
  <testcase time="5.746" classname="net.bigpoint.assessment.gasstation.implementation.StationImplTest" name="testBuyGasDepleted">
    <failure message="expected [true] but found [false]" type="java.lang.AssertionError">java.lang.AssertionError: expected [true] but found [false]
	at org.testng.Assert.fail(Assert.java:94)
	at org.testng.Assert.failNotEquals(Assert.java:494)
	at org.testng.Assert.assertTrue(Assert.java:42)
	at org.testng.Assert.assertTrue(Assert.java:52)
	at net.bigpoint.assessment.gasstation.implementation.StationImplTest.testBuyGasDepleted(StationImplTest.java:147)
</failure>
  </testcase>
  <testcase time="5.746" classname="net.bigpoint.assessment.gasstation.implementation.StationImplTest" name="testBuyGasDepleted">
    <failure message="expected [true] but found [false]" type="java.lang.AssertionError">java.lang.AssertionError: expected [true] but found [false]
	at org.testng.Assert.fail(Assert.java:94)
	at org.testng.Assert.failNotEquals(Assert.java:494)
	at org.testng.Assert.assertTrue(Assert.java:42)
	at org.testng.Assert.assertTrue(Assert.java:52)
	at net.bigpoint.assessment.gasstation.implementation.StationImplTest.testBuyGasDepleted(StationImplTest.java:147)
</failure>
  </testcase>
  <testcase time="5.747" classname="net.bigpoint.assessment.gasstation.implementation.StationImplTest" name="testBuyGasDepleted">
    <failure message="expected [true] but found [false]" type="java.lang.AssertionError">java.lang.AssertionError: expected [true] but found [false]
	at org.testng.Assert.fail(Assert.java:94)
	at org.testng.Assert.failNotEquals(Assert.java:494)
	at org.testng.Assert.assertTrue(Assert.java:42)
	at org.testng.Assert.assertTrue(Assert.java:52)
	at net.bigpoint.assessment.gasstation.implementation.StationImplTest.testBuyGasDepleted(StationImplTest.java:147)
</failure>
    <system-err>Jul 06, 2014 12:56:58 PM net.bigpoint.assessment.gasstation.implementation.StationImplTest testBuyGasDepleted
SEVERE: Not enough gas
Jul 06, 2014 12:56:58 PM net.bigpoint.assessment.gasstation.implementation.StationImplTest testBuyGasDepleted
SEVERE: Not enough gas
</system-err>
  </testcase>
  <testcase time="5.747" classname="net.bigpoint.assessment.gasstation.implementation.StationImplTest" name="testBuyGasDepleted">
    <failure message="expected [true] but found [false]" type="java.lang.AssertionError">java.lang.AssertionError: expected [true] but found [false]
	at org.testng.Assert.fail(Assert.java:94)
	at org.testng.Assert.failNotEquals(Assert.java:494)
	at org.testng.Assert.assertTrue(Assert.java:42)
	at org.testng.Assert.assertTrue(Assert.java:52)
	at net.bigpoint.assessment.gasstation.implementation.StationImplTest.testBuyGasDepleted(StationImplTest.java:147)
</failure>
  </testcase>
  <testcase time="5.748" classname="net.bigpoint.assessment.gasstation.implementation.StationImplTest" name="testBuyGasDepleted">
    <failure message="expected [true] but found [false]" type="java.lang.AssertionError">java.lang.AssertionError: expected [true] but found [false]
	at org.testng.Assert.fail(Assert.java:94)
	at org.testng.Assert.failNotEquals(Assert.java:494)
	at org.testng.Assert.assertTrue(Assert.java:42)
	at org.testng.Assert.assertTrue(Assert.java:52)
	at net.bigpoint.assessment.gasstation.implementation.StationImplTest.testBuyGasDepleted(StationImplTest.java:147)
</failure>
  </testcase>
  <testcase time="5.748" classname="net.bigpoint.assessment.gasstation.implementation.StationImplTest" name="testBuyGasDepleted">
    <failure message="expected [true] but found [false]" type="java.lang.AssertionError">java.lang.AssertionError: expected [true] but found [false]
	at org.testng.Assert.fail(Assert.java:94)
	at org.testng.Assert.failNotEquals(Assert.java:494)
	at org.testng.Assert.assertTrue(Assert.java:42)
	at org.testng.Assert.assertTrue(Assert.java:52)
	at net.bigpoint.assessment.gasstation.implementation.StationImplTest.testBuyGasDepleted(StationImplTest.java:147)
</failure>
    <system-err>Jul 06, 2014 12:56:58 PM net.bigpoint.assessment.gasstation.implementation.StationImplTest testBuyGasDepleted
SEVERE: Not enough gas
</system-err>
  </testcase>
  <testcase time="5.749" classname="net.bigpoint.assessment.gasstation.implementation.StationImplTest" name="testBuyGasDepleted">
    <failure message="expected [true] but found [false]" type="java.lang.AssertionError">java.lang.AssertionError: expected [true] but found [false]
	at org.testng.Assert.fail(Assert.java:94)
	at org.testng.Assert.failNotEquals(Assert.java:494)
	at org.testng.Assert.assertTrue(Assert.java:42)
	at org.testng.Assert.assertTrue(Assert.java:52)
	at net.bigpoint.assessment.gasstation.implementation.StationImplTest.testBuyGasDepleted(StationImplTest.java:147)
</failure>
    <system-err>Jul 06, 2014 12:56:58 PM net.bigpoint.assessment.gasstation.implementation.StationImplTest testBuyGasDepleted
SEVERE: Not enough gas
Jul 06, 2014 12:56:58 PM net.bigpoint.assessment.gasstation.implementation.StationImplTest testBuyGasDepleted
SEVERE: Not enough gas
</system-err>
  </testcase>
  <testcase time="5.749" classname="net.bigpoint.assessment.gasstation.implementation.StationImplTest" name="testBuyGasDepleted">
    <failure message="expected [true] but found [false]" type="java.lang.AssertionError">java.lang.AssertionError: expected [true] but found [false]
	at org.testng.Assert.fail(Assert.java:94)
	at org.testng.Assert.failNotEquals(Assert.java:494)
	at org.testng.Assert.assertTrue(Assert.java:42)
	at org.testng.Assert.assertTrue(Assert.java:52)
	at net.bigpoint.assessment.gasstation.implementation.StationImplTest.testBuyGasDepleted(StationImplTest.java:147)
</failure>
  </testcase>
  <testcase time="5.75" classname="net.bigpoint.assessment.gasstation.implementation.StationImplTest" name="testBuyGasDepleted">
    <failure message="expected [true] but found [false]" type="java.lang.AssertionError">java.lang.AssertionError: expected [true] but found [false]
	at org.testng.Assert.fail(Assert.java:94)
	at org.testng.Assert.failNotEquals(Assert.java:494)
	at org.testng.Assert.assertTrue(Assert.java:42)
	at org.testng.Assert.assertTrue(Assert.java:52)
	at net.bigpoint.assessment.gasstation.implementation.StationImplTest.testBuyGasDepleted(StationImplTest.java:147)
</failure>
    <system-err>Jul 06, 2014 12:56:58 PM net.bigpoint.assessment.gasstation.implementation.StationImplTest testBuyGasDepleted
SEVERE: Not enough gas
Jul 06, 2014 12:56:58 PM net.bigpoint.assessment.gasstation.implementation.StationImplTest testBuyGasDepleted
SEVERE: Not enough gas
</system-err>
  </testcase>
  <testcase time="5.75" classname="net.bigpoint.assessment.gasstation.implementation.StationImplTest" name="testBuyGasDepleted">
    <failure message="expected [true] but found [false]" type="java.lang.AssertionError">java.lang.AssertionError: expected [true] but found [false]
	at org.testng.Assert.fail(Assert.java:94)
	at org.testng.Assert.failNotEquals(Assert.java:494)
	at org.testng.Assert.assertTrue(Assert.java:42)
	at org.testng.Assert.assertTrue(Assert.java:52)
	at net.bigpoint.assessment.gasstation.implementation.StationImplTest.testBuyGasDepleted(StationImplTest.java:147)
</failure>
  </testcase>
  <testcase time="5.75" classname="net.bigpoint.assessment.gasstation.implementation.StationImplTest" name="testBuyGasDepleted">
    <failure message="expected [true] but found [false]" type="java.lang.AssertionError">java.lang.AssertionError: expected [true] but found [false]
	at org.testng.Assert.fail(Assert.java:94)
	at org.testng.Assert.failNotEquals(Assert.java:494)
	at org.testng.Assert.assertTrue(Assert.java:42)
	at org.testng.Assert.assertTrue(Assert.java:52)
	at net.bigpoint.assessment.gasstation.implementation.StationImplTest.testBuyGasDepleted(StationImplTest.java:147)
</failure>
    <system-err>Jul 06, 2014 12:56:58 PM net.bigpoint.assessment.gasstation.implementation.StationImplTest testBuyGasDepleted
SEVERE: Not enough gas
</system-err>
  </testcase>
  <testcase time="5.75" classname="net.bigpoint.assessment.gasstation.implementation.StationImplTest" name="testBuyGasDepleted">
    <failure message="expected [true] but found [false]" type="java.lang.AssertionError">java.lang.AssertionError: expected [true] but found [false]
	at org.testng.Assert.fail(Assert.java:94)
	at org.testng.Assert.failNotEquals(Assert.java:494)
	at org.testng.Assert.assertTrue(Assert.java:42)
	at org.testng.Assert.assertTrue(Assert.java:52)
	at net.bigpoint.assessment.gasstation.implementation.StationImplTest.testBuyGasDepleted(StationImplTest.java:147)
</failure>
  </testcase>
  <testcase time="5.751" classname="net.bigpoint.assessment.gasstation.implementation.StationImplTest" name="testBuyGasDepleted">
    <failure message="expected [true] but found [false]" type="java.lang.AssertionError">java.lang.AssertionError: expected [true] but found [false]
	at org.testng.Assert.fail(Assert.java:94)
	at org.testng.Assert.failNotEquals(Assert.java:494)
	at org.testng.Assert.assertTrue(Assert.java:42)
	at org.testng.Assert.assertTrue(Assert.java:52)
	at net.bigpoint.assessment.gasstation.implementation.StationImplTest.testBuyGasDepleted(StationImplTest.java:147)
</failure>
    <system-err>Jul 06, 2014 12:56:58 PM net.bigpoint.assessment.gasstation.implementation.StationImplTest testBuyGasDepleted
SEVERE: Not enough gas
Jul 06, 2014 12:56:58 PM net.bigpoint.assessment.gasstation.implementation.StationImplTest testBuyGasDepleted
SEVERE: Not enough gas
</system-err>
  </testcase>
  <testcase time="5.751" classname="net.bigpoint.assessment.gasstation.implementation.StationImplTest" name="testBuyGasDepleted">
    <failure message="expected [true] but found [false]" type="java.lang.AssertionError">java.lang.AssertionError: expected [true] but found [false]
	at org.testng.Assert.fail(Assert.java:94)
	at org.testng.Assert.failNotEquals(Assert.java:494)
	at org.testng.Assert.assertTrue(Assert.java:42)
	at org.testng.Assert.assertTrue(Assert.java:52)
	at net.bigpoint.assessment.gasstation.implementation.StationImplTest.testBuyGasDepleted(StationImplTest.java:147)
</failure>
  </testcase>
  <testcase time="5.752" classname="net.bigpoint.assessment.gasstation.implementation.StationImplTest" name="testBuyGasDepleted">
    <failure message="expected [true] but found [false]" type="java.lang.AssertionError">java.lang.AssertionError: expected [true] but found [false]
	at org.testng.Assert.fail(Assert.java:94)
	at org.testng.Assert.failNotEquals(Assert.java:494)
	at org.testng.Assert.assertTrue(Assert.java:42)
	at org.testng.Assert.assertTrue(Assert.java:52)
	at net.bigpoint.assessment.gasstation.implementation.StationImplTest.testBuyGasDepleted(StationImplTest.java:147)
</failure>
    <system-err>Jul 06, 2014 12:56:58 PM net.bigpoint.assessment.gasstation.implementation.StationImplTest testBuyGasDepleted
SEVERE: Not enough gas
</system-err>
  </testcase>
  <testcase time="5.752" classname="net.bigpoint.assessment.gasstation.implementation.StationImplTest" name="testBuyGasDepleted">
    <failure message="expected [true] but found [false]" type="java.lang.AssertionError">java.lang.AssertionError: expected [true] but found [false]
	at org.testng.Assert.fail(Assert.java:94)
	at org.testng.Assert.failNotEquals(Assert.java:494)
	at org.testng.Assert.assertTrue(Assert.java:42)
	at org.testng.Assert.assertTrue(Assert.java:52)
	at net.bigpoint.assessment.gasstation.implementation.StationImplTest.testBuyGasDepleted(StationImplTest.java:147)
</failure>
  </testcase>
  <testcase time="5.752" classname="net.bigpoint.assessment.gasstation.implementation.StationImplTest" name="testBuyGasDepleted">
    <failure message="expected [true] but found [false]" type="java.lang.AssertionError">java.lang.AssertionError: expected [true] but found [false]
	at org.testng.Assert.fail(Assert.java:94)
	at org.testng.Assert.failNotEquals(Assert.java:494)
	at org.testng.Assert.assertTrue(Assert.java:42)
	at org.testng.Assert.assertTrue(Assert.java:52)
	at net.bigpoint.assessment.gasstation.implementation.StationImplTest.testBuyGasDepleted(StationImplTest.java:147)
</failure>
    <system-err>Jul 06, 2014 12:56:58 PM net.bigpoint.assessment.gasstation.implementation.StationImplTest testBuyGasDepleted
SEVERE: Not enough gas
Jul 06, 2014 12:56:58 PM net.bigpoint.assessment.gasstation.implementation.StationImplTest testBuyGasDepleted
SEVERE: Not enough gas
</system-err>
  </testcase>
  <testcase time="5.753" classname="net.bigpoint.assessment.gasstation.implementation.StationImplTest" name="testBuyGasDepleted">
    <failure message="expected [true] but found [false]" type="java.lang.AssertionError">java.lang.AssertionError: expected [true] but found [false]
	at org.testng.Assert.fail(Assert.java:94)
	at org.testng.Assert.failNotEquals(Assert.java:494)
	at org.testng.Assert.assertTrue(Assert.java:42)
	at org.testng.Assert.assertTrue(Assert.java:52)
	at net.bigpoint.assessment.gasstation.implementation.StationImplTest.testBuyGasDepleted(StationImplTest.java:147)
</failure>
    <system-err>Jul 06, 2014 12:56:58 PM net.bigpoint.assessment.gasstation.implementation.StationImplTest testBuyGasDepleted
SEVERE: Not enough gas
</system-err>
  </testcase>
  <testcase time="5.753" classname="net.bigpoint.assessment.gasstation.implementation.StationImplTest" name="testBuyGasDepleted">
    <failure message="expected [true] but found [false]" type="java.lang.AssertionError">java.lang.AssertionError: expected [true] but found [false]
	at org.testng.Assert.fail(Assert.java:94)
	at org.testng.Assert.failNotEquals(Assert.java:494)
	at org.testng.Assert.assertTrue(Assert.java:42)
	at org.testng.Assert.assertTrue(Assert.java:52)
	at net.bigpoint.assessment.gasstation.implementation.StationImplTest.testBuyGasDepleted(StationImplTest.java:147)
</failure>
    <system-err>Jul 06, 2014 12:56:58 PM net.bigpoint.assessment.gasstation.implementation.StationImplTest testBuyGasDepleted
SEVERE: Not enough gas
</system-err>
  </testcase>
  <testcase time="5.753" classname="net.bigpoint.assessment.gasstation.implementation.StationImplTest" name="testBuyGasDepleted">
    <failure message="expected [true] but found [false]" type="java.lang.AssertionError">java.lang.AssertionError: expected [true] but found [false]
	at org.testng.Assert.fail(Assert.java:94)
	at org.testng.Assert.failNotEquals(Assert.java:494)
	at org.testng.Assert.assertTrue(Assert.java:42)
	at org.testng.Assert.assertTrue(Assert.java:52)
	at net.bigpoint.assessment.gasstation.implementation.StationImplTest.testBuyGasDepleted(StationImplTest.java:147)
</failure>
  </testcase>
  <testcase time="5.753" classname="net.bigpoint.assessment.gasstation.implementation.StationImplTest" name="testBuyGasDepleted">
    <failure message="expected [true] but found [false]" type="java.lang.AssertionError">java.lang.AssertionError: expected [true] but found [false]
	at org.testng.Assert.fail(Assert.java:94)
	at org.testng.Assert.failNotEquals(Assert.java:494)
	at org.testng.Assert.assertTrue(Assert.java:42)
	at org.testng.Assert.assertTrue(Assert.java:52)
	at net.bigpoint.assessment.gasstation.implementation.StationImplTest.testBuyGasDepleted(StationImplTest.java:147)
</failure>
  </testcase>
  <testcase time="5.754" classname="net.bigpoint.assessment.gasstation.implementation.StationImplTest" name="testBuyGasDepleted">
    <failure message="expected [true] but found [false]" type="java.lang.AssertionError">java.lang.AssertionError: expected [true] but found [false]
	at org.testng.Assert.fail(Assert.java:94)
	at org.testng.Assert.failNotEquals(Assert.java:494)
	at org.testng.Assert.assertTrue(Assert.java:42)
	at org.testng.Assert.assertTrue(Assert.java:52)
	at net.bigpoint.assessment.gasstation.implementation.StationImplTest.testBuyGasDepleted(StationImplTest.java:147)
</failure>
    <system-err>Jul 06, 2014 12:56:58 PM net.bigpoint.assessment.gasstation.implementation.StationImplTest testBuyGasDepleted
SEVERE: Not enough gas
Jul 06, 2014 12:56:58 PM net.bigpoint.assessment.gasstation.implementation.StationImplTest testBuyGasDepleted
SEVERE: Not enough gas
</system-err>
  </testcase>
  <testcase time="5.754" classname="net.bigpoint.assessment.gasstation.implementation.StationImplTest" name="testBuyGasDepleted">
    <failure message="expected [true] but found [false]" type="java.lang.AssertionError">java.lang.AssertionError: expected [true] but found [false]
	at org.testng.Assert.fail(Assert.java:94)
	at org.testng.Assert.failNotEquals(Assert.java:494)
	at org.testng.Assert.assertTrue(Assert.java:42)
	at org.testng.Assert.assertTrue(Assert.java:52)
	at net.bigpoint.assessment.gasstation.implementation.StationImplTest.testBuyGasDepleted(StationImplTest.java:147)
</failure>
    <system-err>Jul 06, 2014 12:56:58 PM net.bigpoint.assessment.gasstation.implementation.StationImplTest testBuyGasDepleted
SEVERE: Not enough gas
</system-err>
  </testcase>
  <testcase time="5.754" classname="net.bigpoint.assessment.gasstation.implementation.StationImplTest" name="testBuyGasDepleted">
    <failure message="expected [true] but found [false]" type="java.lang.AssertionError">java.lang.AssertionError: expected [true] but found [false]
	at org.testng.Assert.fail(Assert.java:94)
	at org.testng.Assert.failNotEquals(Assert.java:494)
	at org.testng.Assert.assertTrue(Assert.java:42)
	at org.testng.Assert.assertTrue(Assert.java:52)
	at net.bigpoint.assessment.gasstation.implementation.StationImplTest.testBuyGasDepleted(StationImplTest.java:147)
</failure>
    <system-err>Jul 06, 2014 12:56:58 PM net.bigpoint.assessment.gasstation.implementation.StationImplTest testBuyGasDepleted
SEVERE: Not enough gas
</system-err>
  </testcase>
  <testcase time="5.754" classname="net.bigpoint.assessment.gasstation.implementation.StationImplTest" name="testBuyGasDepleted">
    <failure message="expected [true] but found [false]" type="java.lang.AssertionError">java.lang.AssertionError: expected [true] but found [false]
	at org.testng.Assert.fail(Assert.java:94)
	at org.testng.Assert.failNotEquals(Assert.java:494)
	at org.testng.Assert.assertTrue(Assert.java:42)
	at org.testng.Assert.assertTrue(Assert.java:52)
	at net.bigpoint.assessment.gasstation.implementation.StationImplTest.testBuyGasDepleted(StationImplTest.java:147)
</failure>
  </testcase>
  <testcase time="5.754" classname="net.bigpoint.assessment.gasstation.implementation.StationImplTest" name="testBuyGasDepleted">
    <failure message="expected [true] but found [false]" type="java.lang.AssertionError">java.lang.AssertionError: expected [true] but found [false]
	at org.testng.Assert.fail(Assert.java:94)
	at org.testng.Assert.failNotEquals(Assert.java:494)
	at org.testng.Assert.assertTrue(Assert.java:42)
	at org.testng.Assert.assertTrue(Assert.java:52)
	at net.bigpoint.assessment.gasstation.implementation.StationImplTest.testBuyGasDepleted(StationImplTest.java:147)
</failure>
    <system-err>Jul 06, 2014 12:56:58 PM net.bigpoint.assessment.gasstation.implementation.StationImplTest testBuyGasDepleted
SEVERE: Not enough gas
</system-err>
  </testcase>
  <testcase time="5.755" classname="net.bigpoint.assessment.gasstation.implementation.StationImplTest" name="testBuyGasDepleted">
    <failure message="expected [true] but found [false]" type="java.lang.AssertionError">java.lang.AssertionError: expected [true] but found [false]
	at org.testng.Assert.fail(Assert.java:94)
	at org.testng.Assert.failNotEquals(Assert.java:494)
	at org.testng.Assert.assertTrue(Assert.java:42)
	at org.testng.Assert.assertTrue(Assert.java:52)
	at net.bigpoint.assessment.gasstation.implementation.StationImplTest.testBuyGasDepleted(StationImplTest.java:147)
</failure>
    <system-err>Jul 06, 2014 12:56:58 PM net.bigpoint.assessment.gasstation.implementation.StationImplTest testBuyGasDepleted
SEVERE: Not enough gas
</system-err>
  </testcase>
  <testcase time="5.755" classname="net.bigpoint.assessment.gasstation.implementation.StationImplTest" name="testBuyGasDepleted">
    <failure message="expected [true] but found [false]" type="java.lang.AssertionError">java.lang.AssertionError: expected [true] but found [false]
	at org.testng.Assert.fail(Assert.java:94)
	at org.testng.Assert.failNotEquals(Assert.java:494)
	at org.testng.Assert.assertTrue(Assert.java:42)
	at org.testng.Assert.assertTrue(Assert.java:52)
	at net.bigpoint.assessment.gasstation.implementation.StationImplTest.testBuyGasDepleted(StationImplTest.java:147)
</failure>
    <system-err>Jul 06, 2014 12:56:58 PM net.bigpoint.assessment.gasstation.implementation.StationImplTest testBuyGasDepleted
SEVERE: Not enough gas
</system-err>
  </testcase>
  <testcase time="5.755" classname="net.bigpoint.assessment.gasstation.implementation.StationImplTest" name="testBuyGasDepleted">
    <failure message="expected [true] but found [false]" type="java.lang.AssertionError">java.lang.AssertionError: expected [true] but found [false]
	at org.testng.Assert.fail(Assert.java:94)
	at org.testng.Assert.failNotEquals(Assert.java:494)
	at org.testng.Assert.assertTrue(Assert.java:42)
	at org.testng.Assert.assertTrue(Assert.java:52)
	at net.bigpoint.assessment.gasstation.implementation.StationImplTest.testBuyGasDepleted(StationImplTest.java:147)
</failure>
  </testcase>
  <testcase time="5.756" classname="net.bigpoint.assessment.gasstation.implementation.StationImplTest" name="testBuyGasDepleted">
    <failure message="expected [true] but found [false]" type="java.lang.AssertionError">java.lang.AssertionError: expected [true] but found [false]
	at org.testng.Assert.fail(Assert.java:94)
	at org.testng.Assert.failNotEquals(Assert.java:494)
	at org.testng.Assert.assertTrue(Assert.java:42)
	at org.testng.Assert.assertTrue(Assert.java:52)
	at net.bigpoint.assessment.gasstation.implementation.StationImplTest.testBuyGasDepleted(StationImplTest.java:147)
</failure>
    <system-err>Jul 06, 2014 12:56:58 PM net.bigpoint.assessment.gasstation.implementation.StationImplTest testBuyGasDepleted
SEVERE: Not enough gas
</system-err>
  </testcase>
  <testcase time="5.756" classname="net.bigpoint.assessment.gasstation.implementation.StationImplTest" name="testBuyGasDepleted">
    <failure message="expected [true] but found [false]" type="java.lang.AssertionError">java.lang.AssertionError: expected [true] but found [false]
	at org.testng.Assert.fail(Assert.java:94)
	at org.testng.Assert.failNotEquals(Assert.java:494)
	at org.testng.Assert.assertTrue(Assert.java:42)
	at org.testng.Assert.assertTrue(Assert.java:52)
	at net.bigpoint.assessment.gasstation.implementation.StationImplTest.testBuyGasDepleted(StationImplTest.java:147)
</failure>
    <system-err>Jul 06, 2014 12:56:58 PM net.bigpoint.assessment.gasstation.implementation.StationImplTest testBuyGasDepleted
SEVERE: Not enough gas
</system-err>
  </testcase>
  <testcase time="5.756" classname="net.bigpoint.assessment.gasstation.implementation.StationImplTest" name="testBuyGasDepleted">
    <failure message="expected [true] but found [false]" type="java.lang.AssertionError">java.lang.AssertionError: expected [true] but found [false]
	at org.testng.Assert.fail(Assert.java:94)
	at org.testng.Assert.failNotEquals(Assert.java:494)
	at org.testng.Assert.assertTrue(Assert.java:42)
	at org.testng.Assert.assertTrue(Assert.java:52)
	at net.bigpoint.assessment.gasstation.implementation.StationImplTest.testBuyGasDepleted(StationImplTest.java:147)
</failure>
    <system-err>Jul 06, 2014 12:56:58 PM net.bigpoint.assessment.gasstation.implementation.StationImplTest testBuyGasDepleted
SEVERE: Not enough gas
</system-err>
  </testcase>
  <testcase time="5.757" classname="net.bigpoint.assessment.gasstation.implementation.StationImplTest" name="testBuyGasDepleted">
    <failure message="expected [true] but found [false]" type="java.lang.AssertionError">java.lang.AssertionError: expected [true] but found [false]
	at org.testng.Assert.fail(Assert.java:94)
	at org.testng.Assert.failNotEquals(Assert.java:494)
	at org.testng.Assert.assertTrue(Assert.java:42)
	at org.testng.Assert.assertTrue(Assert.java:52)
	at net.bigpoint.assessment.gasstation.implementation.StationImplTest.testBuyGasDepleted(StationImplTest.java:147)
</failure>
    <system-err>Jul 06, 2014 12:56:58 PM net.bigpoint.assessment.gasstation.implementation.StationImplTest testBuyGasDepleted
SEVERE: Not enough gas
</system-err>
  </testcase>
  <testcase time="5.757" classname="net.bigpoint.assessment.gasstation.implementation.StationImplTest" name="testBuyGasDepleted">
    <failure message="expected [true] but found [false]" type="java.lang.AssertionError">java.lang.AssertionError: expected [true] but found [false]
	at org.testng.Assert.fail(Assert.java:94)
	at org.testng.Assert.failNotEquals(Assert.java:494)
	at org.testng.Assert.assertTrue(Assert.java:42)
	at org.testng.Assert.assertTrue(Assert.java:52)
	at net.bigpoint.assessment.gasstation.implementation.StationImplTest.testBuyGasDepleted(StationImplTest.java:147)
</failure>
  </testcase>
  <testcase time="5.757" classname="net.bigpoint.assessment.gasstation.implementation.StationImplTest" name="testBuyGasDepleted">
    <failure message="expected [true] but found [false]" type="java.lang.AssertionError">java.lang.AssertionError: expected [true] but found [false]
	at org.testng.Assert.fail(Assert.java:94)
	at org.testng.Assert.failNotEquals(Assert.java:494)
	at org.testng.Assert.assertTrue(Assert.java:42)
	at org.testng.Assert.assertTrue(Assert.java:52)
	at net.bigpoint.assessment.gasstation.implementation.StationImplTest.testBuyGasDepleted(StationImplTest.java:147)
</failure>
    <system-err>Jul 06, 2014 12:56:58 PM net.bigpoint.assessment.gasstation.implementation.StationImplTest testBuyGasDepleted
SEVERE: Not enough gas
</system-err>
  </testcase>
  <testcase time="5.758" classname="net.bigpoint.assessment.gasstation.implementation.StationImplTest" name="testBuyGasDepleted">
    <failure message="expected [true] but found [false]" type="java.lang.AssertionError">java.lang.AssertionError: expected [true] but found [false]
	at org.testng.Assert.fail(Assert.java:94)
	at org.testng.Assert.failNotEquals(Assert.java:494)
	at org.testng.Assert.assertTrue(Assert.java:42)
	at org.testng.Assert.assertTrue(Assert.java:52)
	at net.bigpoint.assessment.gasstation.implementation.StationImplTest.testBuyGasDepleted(StationImplTest.java:147)
</failure>
    <system-err>Jul 06, 2014 12:56:58 PM net.bigpoint.assessment.gasstation.implementation.StationImplTest testBuyGasDepleted
SEVERE: Not enough gas
</system-err>
  </testcase>
  <testcase time="5.758" classname="net.bigpoint.assessment.gasstation.implementation.StationImplTest" name="testBuyGasDepleted">
    <failure message="expected [true] but found [false]" type="java.lang.AssertionError">java.lang.AssertionError: expected [true] but found [false]
	at org.testng.Assert.fail(Assert.java:94)
	at org.testng.Assert.failNotEquals(Assert.java:494)
	at org.testng.Assert.assertTrue(Assert.java:42)
	at org.testng.Assert.assertTrue(Assert.java:52)
	at net.bigpoint.assessment.gasstation.implementation.StationImplTest.testBuyGasDepleted(StationImplTest.java:147)
</failure>
  </testcase>
  <testcase time="5.758" classname="net.bigpoint.assessment.gasstation.implementation.StationImplTest" name="testBuyGasDepleted">
    <failure message="expected [true] but found [false]" type="java.lang.AssertionError">java.lang.AssertionError: expected [true] but found [false]
	at org.testng.Assert.fail(Assert.java:94)
	at org.testng.Assert.failNotEquals(Assert.java:494)
	at org.testng.Assert.assertTrue(Assert.java:42)
	at org.testng.Assert.assertTrue(Assert.java:52)
	at net.bigpoint.assessment.gasstation.implementation.StationImplTest.testBuyGasDepleted(StationImplTest.java:147)
</failure>
  </testcase>
  <testcase time="5.758" classname="net.bigpoint.assessment.gasstation.implementation.StationImplTest" name="testBuyGasDepleted">
    <failure message="expected [true] but found [false]" type="java.lang.AssertionError">java.lang.AssertionError: expected [true] but found [false]
	at org.testng.Assert.fail(Assert.java:94)
	at org.testng.Assert.failNotEquals(Assert.java:494)
	at org.testng.Assert.assertTrue(Assert.java:42)
	at org.testng.Assert.assertTrue(Assert.java:52)
	at net.bigpoint.assessment.gasstation.implementation.StationImplTest.testBuyGasDepleted(StationImplTest.java:147)
</failure>
    <system-err>Jul 06, 2014 12:56:58 PM net.bigpoint.assessment.gasstation.implementation.StationImplTest testBuyGasDepleted
SEVERE: Not enough gas
Jul 06, 2014 12:56:58 PM net.bigpoint.assessment.gasstation.implementation.StationImplTest testBuyGasDepleted
SEVERE: Not enough gas
</system-err>
  </testcase>
  <testcase time="5.759" classname="net.bigpoint.assessment.gasstation.implementation.StationImplTest" name="testBuyGasDepleted">
    <failure message="expected [true] but found [false]" type="java.lang.AssertionError">java.lang.AssertionError: expected [true] but found [false]
	at org.testng.Assert.fail(Assert.java:94)
	at org.testng.Assert.failNotEquals(Assert.java:494)
	at org.testng.Assert.assertTrue(Assert.java:42)
	at org.testng.Assert.assertTrue(Assert.java:52)
	at net.bigpoint.assessment.gasstation.implementation.StationImplTest.testBuyGasDepleted(StationImplTest.java:147)
</failure>
  </testcase>
  <testcase time="5.759" classname="net.bigpoint.assessment.gasstation.implementation.StationImplTest" name="testBuyGasDepleted">
    <failure message="expected [true] but found [false]" type="java.lang.AssertionError">java.lang.AssertionError: expected [true] but found [false]
	at org.testng.Assert.fail(Assert.java:94)
	at org.testng.Assert.failNotEquals(Assert.java:494)
	at org.testng.Assert.assertTrue(Assert.java:42)
	at org.testng.Assert.assertTrue(Assert.java:52)
	at net.bigpoint.assessment.gasstation.implementation.StationImplTest.testBuyGasDepleted(StationImplTest.java:147)
</failure>
  </testcase>
  <testcase time="5.759" classname="net.bigpoint.assessment.gasstation.implementation.StationImplTest" name="testBuyGasDepleted">
    <failure message="expected [true] but found [false]" type="java.lang.AssertionError">java.lang.AssertionError: expected [true] but found [false]
	at org.testng.Assert.fail(Assert.java:94)
	at org.testng.Assert.failNotEquals(Assert.java:494)
	at org.testng.Assert.assertTrue(Assert.java:42)
	at org.testng.Assert.assertTrue(Assert.java:52)
	at net.bigpoint.assessment.gasstation.implementation.StationImplTest.testBuyGasDepleted(StationImplTest.java:147)
</failure>
  </testcase>
  <testcase time="5.759" classname="net.bigpoint.assessment.gasstation.implementation.StationImplTest" name="testBuyGasDepleted">
    <failure message="expected [true] but found [false]" type="java.lang.AssertionError">java.lang.AssertionError: expected [true] but found [false]
	at org.testng.Assert.fail(Assert.java:94)
	at org.testng.Assert.failNotEquals(Assert.java:494)
	at org.testng.Assert.assertTrue(Assert.java:42)
	at org.testng.Assert.assertTrue(Assert.java:52)
	at net.bigpoint.assessment.gasstation.implementation.StationImplTest.testBuyGasDepleted(StationImplTest.java:147)
</failure>
    <system-err>Jul 06, 2014 12:56:58 PM net.bigpoint.assessment.gasstation.implementation.StationImplTest testBuyGasDepleted
SEVERE: Not enough gas
Jul 06, 2014 12:56:58 PM net.bigpoint.assessment.gasstation.implementation.StationImplTest testBuyGasDepleted
SEVERE: Not enough gas
</system-err>
  </testcase>
  <testcase time="5.76" classname="net.bigpoint.assessment.gasstation.implementation.StationImplTest" name="testBuyGasDepleted">
    <failure message="expected [true] but found [false]" type="java.lang.AssertionError">java.lang.AssertionError: expected [true] but found [false]
	at org.testng.Assert.fail(Assert.java:94)
	at org.testng.Assert.failNotEquals(Assert.java:494)
	at org.testng.Assert.assertTrue(Assert.java:42)
	at org.testng.Assert.assertTrue(Assert.java:52)
	at net.bigpoint.assessment.gasstation.implementation.StationImplTest.testBuyGasDepleted(StationImplTest.java:147)
</failure>
  </testcase>
  <testcase time="5.76" classname="net.bigpoint.assessment.gasstation.implementation.StationImplTest" name="testBuyGasDepleted">
    <failure message="expected [true] but found [false]" type="java.lang.AssertionError">java.lang.AssertionError: expected [true] but found [false]
	at org.testng.Assert.fail(Assert.java:94)
	at org.testng.Assert.failNotEquals(Assert.java:494)
	at org.testng.Assert.assertTrue(Assert.java:42)
	at org.testng.Assert.assertTrue(Assert.java:52)
	at net.bigpoint.assessment.gasstation.implementation.StationImplTest.testBuyGasDepleted(StationImplTest.java:147)
</failure>
    <system-err>Jul 06, 2014 12:56:58 PM net.bigpoint.assessment.gasstation.implementation.StationImplTest testBuyGasDepleted
SEVERE: Not enough gas
</system-err>
  </testcase>
  <testcase time="5.76" classname="net.bigpoint.assessment.gasstation.implementation.StationImplTest" name="testBuyGasDepleted">
    <failure message="expected [true] but found [false]" type="java.lang.AssertionError">java.lang.AssertionError: expected [true] but found [false]
	at org.testng.Assert.fail(Assert.java:94)
	at org.testng.Assert.failNotEquals(Assert.java:494)
	at org.testng.Assert.assertTrue(Assert.java:42)
	at org.testng.Assert.assertTrue(Assert.java:52)
	at net.bigpoint.assessment.gasstation.implementation.StationImplTest.testBuyGasDepleted(StationImplTest.java:147)
</failure>
  </testcase>
  <testcase time="5.761" classname="net.bigpoint.assessment.gasstation.implementation.StationImplTest" name="testBuyGasDepleted">
    <failure message="expected [true] but found [false]" type="java.lang.AssertionError">java.lang.AssertionError: expected [true] but found [false]
	at org.testng.Assert.fail(Assert.java:94)
	at org.testng.Assert.failNotEquals(Assert.java:494)
	at org.testng.Assert.assertTrue(Assert.java:42)
	at org.testng.Assert.assertTrue(Assert.java:52)
	at net.bigpoint.assessment.gasstation.implementation.StationImplTest.testBuyGasDepleted(StationImplTest.java:147)
</failure>
    <system-err>Jul 06, 2014 12:56:58 PM net.bigpoint.assessment.gasstation.implementation.StationImplTest testBuyGasDepleted
SEVERE: Not enough gas
</system-err>
  </testcase>
  <testcase time="5.762" classname="net.bigpoint.assessment.gasstation.implementation.StationImplTest" name="testBuyGasDepleted">
    <failure message="expected [true] but found [false]" type="java.lang.AssertionError">java.lang.AssertionError: expected [true] but found [false]
	at org.testng.Assert.fail(Assert.java:94)
	at org.testng.Assert.failNotEquals(Assert.java:494)
	at org.testng.Assert.assertTrue(Assert.java:42)
	at org.testng.Assert.assertTrue(Assert.java:52)
	at net.bigpoint.assessment.gasstation.implementation.StationImplTest.testBuyGasDepleted(StationImplTest.java:147)
</failure>
    <system-err>Jul 06, 2014 12:56:58 PM net.bigpoint.assessment.gasstation.implementation.StationImplTest testBuyGasDepleted
SEVERE: Not enough gas
Jul 06, 2014 12:56:58 PM net.bigpoint.assessment.gasstation.implementation.StationImplTest testBuyGasDepleted
SEVERE: Not enough gas
Jul 06, 2014 12:56:58 PM net.bigpoint.assessment.gasstation.implementation.StationImplTest testBuyGasDepleted
SEVERE: Not enough gas
</system-err>
  </testcase>
  <testcase time="5.762" classname="net.bigpoint.assessment.gasstation.implementation.StationImplTest" name="testBuyGasDepleted">
    <failure message="expected [true] but found [false]" type="java.lang.AssertionError">java.lang.AssertionError: expected [true] but found [false]
	at org.testng.Assert.fail(Assert.java:94)
	at org.testng.Assert.failNotEquals(Assert.java:494)
	at org.testng.Assert.assertTrue(Assert.java:42)
	at org.testng.Assert.assertTrue(Assert.java:52)
	at net.bigpoint.assessment.gasstation.implementation.StationImplTest.testBuyGasDepleted(StationImplTest.java:147)
</failure>
  </testcase>
  <testcase time="5.762" classname="net.bigpoint.assessment.gasstation.implementation.StationImplTest" name="testBuyGasDepleted">
    <failure message="expected [true] but found [false]" type="java.lang.AssertionError">java.lang.AssertionError: expected [true] but found [false]
	at org.testng.Assert.fail(Assert.java:94)
	at org.testng.Assert.failNotEquals(Assert.java:494)
	at org.testng.Assert.assertTrue(Assert.java:42)
	at org.testng.Assert.assertTrue(Assert.java:52)
	at net.bigpoint.assessment.gasstation.implementation.StationImplTest.testBuyGasDepleted(StationImplTest.java:147)
</failure>
  </testcase>
  <testcase time="5.762" classname="net.bigpoint.assessment.gasstation.implementation.StationImplTest" name="testBuyGasDepleted">
    <failure message="expected [true] but found [false]" type="java.lang.AssertionError">java.lang.AssertionError: expected [true] but found [false]
	at org.testng.Assert.fail(Assert.java:94)
	at org.testng.Assert.failNotEquals(Assert.java:494)
	at org.testng.Assert.assertTrue(Assert.java:42)
	at org.testng.Assert.assertTrue(Assert.java:52)
	at net.bigpoint.assessment.gasstation.implementation.StationImplTest.testBuyGasDepleted(StationImplTest.java:147)
</failure>
    <system-err>Jul 06, 2014 12:56:58 PM net.bigpoint.assessment.gasstation.implementation.StationImplTest testBuyGasDepleted
SEVERE: Not enough gas
</system-err>
  </testcase>
  <testcase time="5.762" classname="net.bigpoint.assessment.gasstation.implementation.StationImplTest" name="testBuyGasDepleted">
    <failure message="expected [true] but found [false]" type="java.lang.AssertionError">java.lang.AssertionError: expected [true] but found [false]
	at org.testng.Assert.fail(Assert.java:94)
	at org.testng.Assert.failNotEquals(Assert.java:494)
	at org.testng.Assert.assertTrue(Assert.java:42)
	at org.testng.Assert.assertTrue(Assert.java:52)
	at net.bigpoint.assessment.gasstation.implementation.StationImplTest.testBuyGasDepleted(StationImplTest.java:147)
</failure>
    <system-err>Jul 06, 2014 12:56:58 PM net.bigpoint.assessment.gasstation.implementation.StationImplTest testBuyGasDepleted
SEVERE: Not enough gas
</system-err>
  </testcase>
  <testcase time="5.763" classname="net.bigpoint.assessment.gasstation.implementation.StationImplTest" name="testBuyGasDepleted">
    <failure message="expected [true] but found [false]" type="java.lang.AssertionError">java.lang.AssertionError: expected [true] but found [false]
	at org.testng.Assert.fail(Assert.java:94)
	at org.testng.Assert.failNotEquals(Assert.java:494)
	at org.testng.Assert.assertTrue(Assert.java:42)
	at org.testng.Assert.assertTrue(Assert.java:52)
	at net.bigpoint.assessment.gasstation.implementation.StationImplTest.testBuyGasDepleted(StationImplTest.java:147)
</failure>
    <system-err>Jul 06, 2014 12:56:58 PM net.bigpoint.assessment.gasstation.implementation.StationImplTest testBuyGasDepleted
SEVERE: Not enough gas
</system-err>
  </testcase>
  <testcase time="5.763" classname="net.bigpoint.assessment.gasstation.implementation.StationImplTest" name="testBuyGasDepleted">
    <failure message="expected [true] but found [false]" type="java.lang.AssertionError">java.lang.AssertionError: expected [true] but found [false]
	at org.testng.Assert.fail(Assert.java:94)
	at org.testng.Assert.failNotEquals(Assert.java:494)
	at org.testng.Assert.assertTrue(Assert.java:42)
	at org.testng.Assert.assertTrue(Assert.java:52)
	at net.bigpoint.assessment.gasstation.implementation.StationImplTest.testBuyGasDepleted(StationImplTest.java:147)
</failure>
    <system-err>Jul 06, 2014 12:56:58 PM net.bigpoint.assessment.gasstation.implementation.StationImplTest testBuyGasDepleted
SEVERE: Not enough gas
</system-err>
  </testcase>
  <testcase time="5.763" classname="net.bigpoint.assessment.gasstation.implementation.StationImplTest" name="testBuyGasDepleted">
    <failure message="expected [true] but found [false]" type="java.lang.AssertionError">java.lang.AssertionError: expected [true] but found [false]
	at org.testng.Assert.fail(Assert.java:94)
	at org.testng.Assert.failNotEquals(Assert.java:494)
	at org.testng.Assert.assertTrue(Assert.java:42)
	at org.testng.Assert.assertTrue(Assert.java:52)
	at net.bigpoint.assessment.gasstation.implementation.StationImplTest.testBuyGasDepleted(StationImplTest.java:147)
</failure>
  </testcase>
  <testcase time="5.764" classname="net.bigpoint.assessment.gasstation.implementation.StationImplTest" name="testBuyGasDepleted">
    <failure message="expected [true] but found [false]" type="java.lang.AssertionError">java.lang.AssertionError: expected [true] but found [false]
	at org.testng.Assert.fail(Assert.java:94)
	at org.testng.Assert.failNotEquals(Assert.java:494)
	at org.testng.Assert.assertTrue(Assert.java:42)
	at org.testng.Assert.assertTrue(Assert.java:52)
	at net.bigpoint.assessment.gasstation.implementation.StationImplTest.testBuyGasDepleted(StationImplTest.java:147)
</failure>
    <system-err>Jul 06, 2014 12:56:58 PM net.bigpoint.assessment.gasstation.implementation.StationImplTest testBuyGasDepleted
SEVERE: Not enough gas
</system-err>
  </testcase>
  <testcase time="5.764" classname="net.bigpoint.assessment.gasstation.implementation.StationImplTest" name="testBuyGasDepleted">
    <failure message="expected [true] but found [false]" type="java.lang.AssertionError">java.lang.AssertionError: expected [true] but found [false]
	at org.testng.Assert.fail(Assert.java:94)
	at org.testng.Assert.failNotEquals(Assert.java:494)
	at org.testng.Assert.assertTrue(Assert.java:42)
	at org.testng.Assert.assertTrue(Assert.java:52)
	at net.bigpoint.assessment.gasstation.implementation.StationImplTest.testBuyGasDepleted(StationImplTest.java:147)
</failure>
    <system-err>Jul 06, 2014 12:56:58 PM net.bigpoint.assessment.gasstation.implementation.StationImplTest testBuyGasDepleted
SEVERE: Not enough gas
</system-err>
  </testcase>
  <testcase time="5.764" classname="net.bigpoint.assessment.gasstation.implementation.StationImplTest" name="testBuyGasDepleted">
    <failure message="expected [true] but found [false]" type="java.lang.AssertionError">java.lang.AssertionError: expected [true] but found [false]
	at org.testng.Assert.fail(Assert.java:94)
	at org.testng.Assert.failNotEquals(Assert.java:494)
	at org.testng.Assert.assertTrue(Assert.java:42)
	at org.testng.Assert.assertTrue(Assert.java:52)
	at net.bigpoint.assessment.gasstation.implementation.StationImplTest.testBuyGasDepleted(StationImplTest.java:147)
</failure>
  </testcase>
  <testcase time="5.765" classname="net.bigpoint.assessment.gasstation.implementation.StationImplTest" name="testBuyGasDepleted">
    <failure message="expected [true] but found [false]" type="java.lang.AssertionError">java.lang.AssertionError: expected [true] but found [false]
	at org.testng.Assert.fail(Assert.java:94)
	at org.testng.Assert.failNotEquals(Assert.java:494)
	at org.testng.Assert.assertTrue(Assert.java:42)
	at org.testng.Assert.assertTrue(Assert.java:52)
	at net.bigpoint.assessment.gasstation.implementation.StationImplTest.testBuyGasDepleted(StationImplTest.java:147)
</failure>
    <system-err>Jul 06, 2014 12:56:58 PM net.bigpoint.assessment.gasstation.implementation.StationImplTest testBuyGasDepleted
SEVERE: Not enough gas
Jul 06, 2014 12:56:58 PM net.bigpoint.assessment.gasstation.implementation.StationImplTest testBuyGasDepleted
SEVERE: Not enough gas
</system-err>
  </testcase>
  <testcase time="5.765" classname="net.bigpoint.assessment.gasstation.implementation.StationImplTest" name="testBuyGasDepleted">
    <failure message="expected [true] but found [false]" type="java.lang.AssertionError">java.lang.AssertionError: expected [true] but found [false]
	at org.testng.Assert.fail(Assert.java:94)
	at org.testng.Assert.failNotEquals(Assert.java:494)
	at org.testng.Assert.assertTrue(Assert.java:42)
	at org.testng.Assert.assertTrue(Assert.java:52)
	at net.bigpoint.assessment.gasstation.implementation.StationImplTest.testBuyGasDepleted(StationImplTest.java:147)
</failure>
    <system-err>Jul 06, 2014 12:56:58 PM net.bigpoint.assessment.gasstation.implementation.StationImplTest testBuyGasDepleted
SEVERE: Not enough gas
</system-err>
  </testcase>
  <testcase time="5.765" classname="net.bigpoint.assessment.gasstation.implementation.StationImplTest" name="testBuyGasDepleted">
    <failure message="expected [true] but found [false]" type="java.lang.AssertionError">java.lang.AssertionError: expected [true] but found [false]
	at org.testng.Assert.fail(Assert.java:94)
	at org.testng.Assert.failNotEquals(Assert.java:494)
	at org.testng.Assert.assertTrue(Assert.java:42)
	at org.testng.Assert.assertTrue(Assert.java:52)
	at net.bigpoint.assessment.gasstation.implementation.StationImplTest.testBuyGasDepleted(StationImplTest.java:147)
</failure>
  </testcase>
  <testcase time="5.765" classname="net.bigpoint.assessment.gasstation.implementation.StationImplTest" name="testBuyGasDepleted">
    <failure message="expected [true] but found [false]" type="java.lang.AssertionError">java.lang.AssertionError: expected [true] but found [false]
	at org.testng.Assert.fail(Assert.java:94)
	at org.testng.Assert.failNotEquals(Assert.java:494)
	at org.testng.Assert.assertTrue(Assert.java:42)
	at org.testng.Assert.assertTrue(Assert.java:52)
	at net.bigpoint.assessment.gasstation.implementation.StationImplTest.testBuyGasDepleted(StationImplTest.java:147)
</failure>
    <system-err>Jul 06, 2014 12:56:58 PM net.bigpoint.assessment.gasstation.implementation.StationImplTest testBuyGasDepleted
SEVERE: Not enough gas
</system-err>
  </testcase>
  <testcase time="5.765" classname="net.bigpoint.assessment.gasstation.implementation.StationImplTest" name="testBuyGasDepleted">
    <failure message="expected [true] but found [false]" type="java.lang.AssertionError">java.lang.AssertionError: expected [true] but found [false]
	at org.testng.Assert.fail(Assert.java:94)
	at org.testng.Assert.failNotEquals(Assert.java:494)
	at org.testng.Assert.assertTrue(Assert.java:42)
	at org.testng.Assert.assertTrue(Assert.java:52)
	at net.bigpoint.assessment.gasstation.implementation.StationImplTest.testBuyGasDepleted(StationImplTest.java:147)
</failure>
    <system-err>Jul 06, 2014 12:56:58 PM net.bigpoint.assessment.gasstation.implementation.StationImplTest testBuyGasDepleted
SEVERE: Not enough gas
</system-err>
  </testcase>
  <testcase time="5.766" classname="net.bigpoint.assessment.gasstation.implementation.StationImplTest" name="testBuyGasDepleted">
    <failure message="expected [true] but found [false]" type="java.lang.AssertionError">java.lang.AssertionError: expected [true] but found [false]
	at org.testng.Assert.fail(Assert.java:94)
	at org.testng.Assert.failNotEquals(Assert.java:494)
	at org.testng.Assert.assertTrue(Assert.java:42)
	at org.testng.Assert.assertTrue(Assert.java:52)
	at net.bigpoint.assessment.gasstation.implementation.StationImplTest.testBuyGasDepleted(StationImplTest.java:147)
</failure>
    <system-err>Jul 06, 2014 12:56:58 PM net.bigpoint.assessment.gasstation.implementation.StationImplTest testBuyGasDepleted
SEVERE: Not enough gas
</system-err>
  </testcase>
  <testcase time="5.766" classname="net.bigpoint.assessment.gasstation.implementation.StationImplTest" name="testBuyGasDepleted">
    <failure message="expected [true] but found [false]" type="java.lang.AssertionError">java.lang.AssertionError: expected [true] but found [false]
	at org.testng.Assert.fail(Assert.java:94)
	at org.testng.Assert.failNotEquals(Assert.java:494)
	at org.testng.Assert.assertTrue(Assert.java:42)
	at org.testng.Assert.assertTrue(Assert.java:52)
	at net.bigpoint.assessment.gasstation.implementation.StationImplTest.testBuyGasDepleted(StationImplTest.java:147)
</failure>
  </testcase>
  <testcase time="5.766" classname="net.bigpoint.assessment.gasstation.implementation.StationImplTest" name="testBuyGasDepleted">
    <failure message="expected [true] but found [false]" type="java.lang.AssertionError">java.lang.AssertionError: expected [true] but found [false]
	at org.testng.Assert.fail(Assert.java:94)
	at org.testng.Assert.failNotEquals(Assert.java:494)
	at org.testng.Assert.assertTrue(Assert.java:42)
	at org.testng.Assert.assertTrue(Assert.java:52)
	at net.bigpoint.assessment.gasstation.implementation.StationImplTest.testBuyGasDepleted(StationImplTest.java:147)
</failure>
    <system-err>Jul 06, 2014 12:56:58 PM net.bigpoint.assessment.gasstation.implementation.StationImplTest testBuyGasDepleted
SEVERE: Not enough gas
</system-err>
  </testcase>
  <testcase time="5.766" classname="net.bigpoint.assessment.gasstation.implementation.StationImplTest" name="testBuyGasDepleted">
    <failure message="expected [true] but found [false]" type="java.lang.AssertionError">java.lang.AssertionError: expected [true] but found [false]
	at org.testng.Assert.fail(Assert.java:94)
	at org.testng.Assert.failNotEquals(Assert.java:494)
	at org.testng.Assert.assertTrue(Assert.java:42)
	at org.testng.Assert.assertTrue(Assert.java:52)
	at net.bigpoint.assessment.gasstation.implementation.StationImplTest.testBuyGasDepleted(StationImplTest.java:147)
</failure>
    <system-err>Jul 06, 2014 12:56:58 PM net.bigpoint.assessment.gasstation.implementation.StationImplTest testBuyGasDepleted
SEVERE: Not enough gas
</system-err>
  </testcase>
  <testcase time="5.767" classname="net.bigpoint.assessment.gasstation.implementation.StationImplTest" name="testBuyGasDepleted">
    <failure message="expected [true] but found [false]" type="java.lang.AssertionError">java.lang.AssertionError: expected [true] but found [false]
	at org.testng.Assert.fail(Assert.java:94)
	at org.testng.Assert.failNotEquals(Assert.java:494)
	at org.testng.Assert.assertTrue(Assert.java:42)
	at org.testng.Assert.assertTrue(Assert.java:52)
	at net.bigpoint.assessment.gasstation.implementation.StationImplTest.testBuyGasDepleted(StationImplTest.java:147)
</failure>
    <system-err>Jul 06, 2014 12:56:58 PM net.bigpoint.assessment.gasstation.implementation.StationImplTest testBuyGasDepleted
SEVERE: Not enough gas
</system-err>
  </testcase>
  <testcase time="5.767" classname="net.bigpoint.assessment.gasstation.implementation.StationImplTest" name="testBuyGasDepleted">
    <failure message="expected [true] but found [false]" type="java.lang.AssertionError">java.lang.AssertionError: expected [true] but found [false]
	at org.testng.Assert.fail(Assert.java:94)
	at org.testng.Assert.failNotEquals(Assert.java:494)
	at org.testng.Assert.assertTrue(Assert.java:42)
	at org.testng.Assert.assertTrue(Assert.java:52)
	at net.bigpoint.assessment.gasstation.implementation.StationImplTest.testBuyGasDepleted(StationImplTest.java:147)
</failure>
    <system-err>Jul 06, 2014 12:56:58 PM net.bigpoint.assessment.gasstation.implementation.StationImplTest testBuyGasDepleted
SEVERE: Not enough gas
</system-err>
  </testcase>
  <testcase time="5.767" classname="net.bigpoint.assessment.gasstation.implementation.StationImplTest" name="testBuyGasDepleted">
    <failure message="expected [true] but found [false]" type="java.lang.AssertionError">java.lang.AssertionError: expected [true] but found [false]
	at org.testng.Assert.fail(Assert.java:94)
	at org.testng.Assert.failNotEquals(Assert.java:494)
	at org.testng.Assert.assertTrue(Assert.java:42)
	at org.testng.Assert.assertTrue(Assert.java:52)
	at net.bigpoint.assessment.gasstation.implementation.StationImplTest.testBuyGasDepleted(StationImplTest.java:147)
</failure>
    <system-err>Jul 06, 2014 12:56:58 PM net.bigpoint.assessment.gasstation.implementation.StationImplTest testBuyGasDepleted
SEVERE: Not enough gas
</system-err>
  </testcase>
  <testcase time="5.768" classname="net.bigpoint.assessment.gasstation.implementation.StationImplTest" name="testBuyGasDepleted">
    <failure message="expected [true] but found [false]" type="java.lang.AssertionError">java.lang.AssertionError: expected [true] but found [false]
	at org.testng.Assert.fail(Assert.java:94)
	at org.testng.Assert.failNotEquals(Assert.java:494)
	at org.testng.Assert.assertTrue(Assert.java:42)
	at org.testng.Assert.assertTrue(Assert.java:52)
	at net.bigpoint.assessment.gasstation.implementation.StationImplTest.testBuyGasDepleted(StationImplTest.java:147)
</failure>
  </testcase>
  <testcase time="5.768" classname="net.bigpoint.assessment.gasstation.implementation.StationImplTest" name="testBuyGasDepleted">
    <failure message="expected [true] but found [false]" type="java.lang.AssertionError">java.lang.AssertionError: expected [true] but found [false]
	at org.testng.Assert.fail(Assert.java:94)
	at org.testng.Assert.failNotEquals(Assert.java:494)
	at org.testng.Assert.assertTrue(Assert.java:42)
	at org.testng.Assert.assertTrue(Assert.java:52)
	at net.bigpoint.assessment.gasstation.implementation.StationImplTest.testBuyGasDepleted(StationImplTest.java:147)
</failure>
    <system-err>Jul 06, 2014 12:56:58 PM net.bigpoint.assessment.gasstation.implementation.StationImplTest testBuyGasDepleted
SEVERE: Not enough gas
</system-err>
  </testcase>
  <testcase time="5.768" classname="net.bigpoint.assessment.gasstation.implementation.StationImplTest" name="testBuyGasDepleted">
    <failure message="expected [true] but found [false]" type="java.lang.AssertionError">java.lang.AssertionError: expected [true] but found [false]
	at org.testng.Assert.fail(Assert.java:94)
	at org.testng.Assert.failNotEquals(Assert.java:494)
	at org.testng.Assert.assertTrue(Assert.java:42)
	at org.testng.Assert.assertTrue(Assert.java:52)
	at net.bigpoint.assessment.gasstation.implementation.StationImplTest.testBuyGasDepleted(StationImplTest.java:147)
</failure>
    <system-err>Jul 06, 2014 12:56:58 PM net.bigpoint.assessment.gasstation.implementation.StationImplTest testBuyGasDepleted
SEVERE: Not enough gas
</system-err>
  </testcase>
  <testcase time="5.768" classname="net.bigpoint.assessment.gasstation.implementation.StationImplTest" name="testBuyGasDepleted">
    <failure message="expected [true] but found [false]" type="java.lang.AssertionError">java.lang.AssertionError: expected [true] but found [false]
	at org.testng.Assert.fail(Assert.java:94)
	at org.testng.Assert.failNotEquals(Assert.java:494)
	at org.testng.Assert.assertTrue(Assert.java:42)
	at org.testng.Assert.assertTrue(Assert.java:52)
	at net.bigpoint.assessment.gasstation.implementation.StationImplTest.testBuyGasDepleted(StationImplTest.java:147)
</failure>
  </testcase>
  <testcase time="5.769" classname="net.bigpoint.assessment.gasstation.implementation.StationImplTest" name="testBuyGasDepleted">
    <failure message="expected [true] but found [false]" type="java.lang.AssertionError">java.lang.AssertionError: expected [true] but found [false]
	at org.testng.Assert.fail(Assert.java:94)
	at org.testng.Assert.failNotEquals(Assert.java:494)
	at org.testng.Assert.assertTrue(Assert.java:42)
	at org.testng.Assert.assertTrue(Assert.java:52)
	at net.bigpoint.assessment.gasstation.implementation.StationImplTest.testBuyGasDepleted(StationImplTest.java:147)
</failure>
    <system-err>Jul 06, 2014 12:56:58 PM net.bigpoint.assessment.gasstation.implementation.StationImplTest testBuyGasDepleted
SEVERE: Not enough gas
Jul 06, 2014 12:56:58 PM net.bigpoint.assessment.gasstation.implementation.StationImplTest testBuyGasDepleted
SEVERE: Not enough gas
</system-err>
  </testcase>
  <testcase time="5.769" classname="net.bigpoint.assessment.gasstation.implementation.StationImplTest" name="testBuyGasDepleted">
    <failure message="expected [true] but found [false]" type="java.lang.AssertionError">java.lang.AssertionError: expected [true] but found [false]
	at org.testng.Assert.fail(Assert.java:94)
	at org.testng.Assert.failNotEquals(Assert.java:494)
	at org.testng.Assert.assertTrue(Assert.java:42)
	at org.testng.Assert.assertTrue(Assert.java:52)
	at net.bigpoint.assessment.gasstation.implementation.StationImplTest.testBuyGasDepleted(StationImplTest.java:147)
</failure>
  </testcase>
  <testcase time="5.769" classname="net.bigpoint.assessment.gasstation.implementation.StationImplTest" name="testBuyGasDepleted">
    <failure message="expected [true] but found [false]" type="java.lang.AssertionError">java.lang.AssertionError: expected [true] but found [false]
	at org.testng.Assert.fail(Assert.java:94)
	at org.testng.Assert.failNotEquals(Assert.java:494)
	at org.testng.Assert.assertTrue(Assert.java:42)
	at org.testng.Assert.assertTrue(Assert.java:52)
	at net.bigpoint.assessment.gasstation.implementation.StationImplTest.testBuyGasDepleted(StationImplTest.java:147)
</failure>
    <system-err>Jul 06, 2014 12:56:58 PM net.bigpoint.assessment.gasstation.implementation.StationImplTest testBuyGasDepleted
SEVERE: Not enough gas
Jul 06, 2014 12:56:58 PM net.bigpoint.assessment.gasstation.implementation.StationImplTest testBuyGasDepleted
SEVERE: Not enough gas
</system-err>
  </testcase>
  <testcase time="5.77" classname="net.bigpoint.assessment.gasstation.implementation.StationImplTest" name="testBuyGasDepleted">
    <failure message="expected [true] but found [false]" type="java.lang.AssertionError">java.lang.AssertionError: expected [true] but found [false]
	at org.testng.Assert.fail(Assert.java:94)
	at org.testng.Assert.failNotEquals(Assert.java:494)
	at org.testng.Assert.assertTrue(Assert.java:42)
	at org.testng.Assert.assertTrue(Assert.java:52)
	at net.bigpoint.assessment.gasstation.implementation.StationImplTest.testBuyGasDepleted(StationImplTest.java:147)
</failure>
    <system-err>Jul 06, 2014 12:56:58 PM net.bigpoint.assessment.gasstation.implementation.StationImplTest testBuyGasDepleted
SEVERE: Not enough gas
</system-err>
  </testcase>
  <testcase time="5.77" classname="net.bigpoint.assessment.gasstation.implementation.StationImplTest" name="testBuyGasDepleted">
    <failure message="expected [true] but found [false]" type="java.lang.AssertionError">java.lang.AssertionError: expected [true] but found [false]
	at org.testng.Assert.fail(Assert.java:94)
	at org.testng.Assert.failNotEquals(Assert.java:494)
	at org.testng.Assert.assertTrue(Assert.java:42)
	at org.testng.Assert.assertTrue(Assert.java:52)
	at net.bigpoint.assessment.gasstation.implementation.StationImplTest.testBuyGasDepleted(StationImplTest.java:147)
</failure>
  </testcase>
  <testcase time="5.77" classname="net.bigpoint.assessment.gasstation.implementation.StationImplTest" name="testBuyGasDepleted">
    <failure message="expected [true] but found [false]" type="java.lang.AssertionError">java.lang.AssertionError: expected [true] but found [false]
	at org.testng.Assert.fail(Assert.java:94)
	at org.testng.Assert.failNotEquals(Assert.java:494)
	at org.testng.Assert.assertTrue(Assert.java:42)
	at org.testng.Assert.assertTrue(Assert.java:52)
	at net.bigpoint.assessment.gasstation.implementation.StationImplTest.testBuyGasDepleted(StationImplTest.java:147)
</failure>
  </testcase>
  <testcase time="5.771" classname="net.bigpoint.assessment.gasstation.implementation.StationImplTest" name="testBuyGasDepleted">
    <failure message="expected [true] but found [false]" type="java.lang.AssertionError">java.lang.AssertionError: expected [true] but found [false]
	at org.testng.Assert.fail(Assert.java:94)
	at org.testng.Assert.failNotEquals(Assert.java:494)
	at org.testng.Assert.assertTrue(Assert.java:42)
	at org.testng.Assert.assertTrue(Assert.java:52)
	at net.bigpoint.assessment.gasstation.implementation.StationImplTest.testBuyGasDepleted(StationImplTest.java:147)
</failure>
    <system-err>Jul 06, 2014 12:56:58 PM net.bigpoint.assessment.gasstation.implementation.StationImplTest testBuyGasDepleted
SEVERE: Not enough gas
Jul 06, 2014 12:56:58 PM net.bigpoint.assessment.gasstation.implementation.StationImplTest testBuyGasDepleted
SEVERE: Not enough gas
</system-err>
  </testcase>
  <testcase time="5.771" classname="net.bigpoint.assessment.gasstation.implementation.StationImplTest" name="testBuyGasDepleted">
    <failure message="expected [true] but found [false]" type="java.lang.AssertionError">java.lang.AssertionError: expected [true] but found [false]
	at org.testng.Assert.fail(Assert.java:94)
	at org.testng.Assert.failNotEquals(Assert.java:494)
	at org.testng.Assert.assertTrue(Assert.java:42)
	at org.testng.Assert.assertTrue(Assert.java:52)
	at net.bigpoint.assessment.gasstation.implementation.StationImplTest.testBuyGasDepleted(StationImplTest.java:147)
</failure>
    <system-err>Jul 06, 2014 12:56:58 PM net.bigpoint.assessment.gasstation.implementation.StationImplTest testBuyGasDepleted
SEVERE: Not enough gas
</system-err>
  </testcase>
  <testcase time="5.771" classname="net.bigpoint.assessment.gasstation.implementation.StationImplTest" name="testBuyGasDepleted">
    <failure message="expected [true] but found [false]" type="java.lang.AssertionError">java.lang.AssertionError: expected [true] but found [false]
	at org.testng.Assert.fail(Assert.java:94)
	at org.testng.Assert.failNotEquals(Assert.java:494)
	at org.testng.Assert.assertTrue(Assert.java:42)
	at org.testng.Assert.assertTrue(Assert.java:52)
	at net.bigpoint.assessment.gasstation.implementation.StationImplTest.testBuyGasDepleted(StationImplTest.java:147)
</failure>
    <system-err>Jul 06, 2014 12:56:58 PM net.bigpoint.assessment.gasstation.implementation.StationImplTest testBuyGasDepleted
SEVERE: Not enough gas
</system-err>
  </testcase>
  <testcase time="5.772" classname="net.bigpoint.assessment.gasstation.implementation.StationImplTest" name="testBuyGasDepleted">
    <failure message="expected [true] but found [false]" type="java.lang.AssertionError">java.lang.AssertionError: expected [true] but found [false]
	at org.testng.Assert.fail(Assert.java:94)
	at org.testng.Assert.failNotEquals(Assert.java:494)
	at org.testng.Assert.assertTrue(Assert.java:42)
	at org.testng.Assert.assertTrue(Assert.java:52)
	at net.bigpoint.assessment.gasstation.implementation.StationImplTest.testBuyGasDepleted(StationImplTest.java:147)
</failure>
    <system-err>Jul 06, 2014 12:56:58 PM net.bigpoint.assessment.gasstation.implementation.StationImplTest testBuyGasDepleted
SEVERE: Not enough gas
</system-err>
  </testcase>
  <testcase time="5.772" classname="net.bigpoint.assessment.gasstation.implementation.StationImplTest" name="testBuyGasDepleted">
    <failure message="expected [true] but found [false]" type="java.lang.AssertionError">java.lang.AssertionError: expected [true] but found [false]
	at org.testng.Assert.fail(Assert.java:94)
	at org.testng.Assert.failNotEquals(Assert.java:494)
	at org.testng.Assert.assertTrue(Assert.java:42)
	at org.testng.Assert.assertTrue(Assert.java:52)
	at net.bigpoint.assessment.gasstation.implementation.StationImplTest.testBuyGasDepleted(StationImplTest.java:147)
</failure>
    <system-err>Jul 06, 2014 12:56:58 PM net.bigpoint.assessment.gasstation.implementation.StationImplTest testBuyGasDepleted
SEVERE: Not enough gas
</system-err>
  </testcase>
  <testcase time="5.773" classname="net.bigpoint.assessment.gasstation.implementation.StationImplTest" name="testBuyGasDepleted">
    <failure message="expected [true] but found [false]" type="java.lang.AssertionError">java.lang.AssertionError: expected [true] but found [false]
	at org.testng.Assert.fail(Assert.java:94)
	at org.testng.Assert.failNotEquals(Assert.java:494)
	at org.testng.Assert.assertTrue(Assert.java:42)
	at org.testng.Assert.assertTrue(Assert.java:52)
	at net.bigpoint.assessment.gasstation.implementation.StationImplTest.testBuyGasDepleted(StationImplTest.java:147)
</failure>
    <system-err>Jul 06, 2014 12:56:58 PM net.bigpoint.assessment.gasstation.implementation.StationImplTest testBuyGasDepleted
SEVERE: Not enough gas
</system-err>
  </testcase>
  <testcase time="5.773" classname="net.bigpoint.assessment.gasstation.implementation.StationImplTest" name="testBuyGasDepleted">
    <failure message="expected [true] but found [false]" type="java.lang.AssertionError">java.lang.AssertionError: expected [true] but found [false]
	at org.testng.Assert.fail(Assert.java:94)
	at org.testng.Assert.failNotEquals(Assert.java:494)
	at org.testng.Assert.assertTrue(Assert.java:42)
	at org.testng.Assert.assertTrue(Assert.java:52)
	at net.bigpoint.assessment.gasstation.implementation.StationImplTest.testBuyGasDepleted(StationImplTest.java:147)
</failure>
  </testcase>
  <testcase time="5.773" classname="net.bigpoint.assessment.gasstation.implementation.StationImplTest" name="testBuyGasDepleted">
    <failure message="expected [true] but found [false]" type="java.lang.AssertionError">java.lang.AssertionError: expected [true] but found [false]
	at org.testng.Assert.fail(Assert.java:94)
	at org.testng.Assert.failNotEquals(Assert.java:494)
	at org.testng.Assert.assertTrue(Assert.java:42)
	at org.testng.Assert.assertTrue(Assert.java:52)
	at net.bigpoint.assessment.gasstation.implementation.StationImplTest.testBuyGasDepleted(StationImplTest.java:147)
</failure>
  </testcase>
  <testcase time="5.774" classname="net.bigpoint.assessment.gasstation.implementation.StationImplTest" name="testBuyGasDepleted">
    <failure message="expected [true] but found [false]" type="java.lang.AssertionError">java.lang.AssertionError: expected [true] but found [false]
	at org.testng.Assert.fail(Assert.java:94)
	at org.testng.Assert.failNotEquals(Assert.java:494)
	at org.testng.Assert.assertTrue(Assert.java:42)
	at org.testng.Assert.assertTrue(Assert.java:52)
	at net.bigpoint.assessment.gasstation.implementation.StationImplTest.testBuyGasDepleted(StationImplTest.java:147)
</failure>
    <system-err>Jul 06, 2014 12:56:58 PM net.bigpoint.assessment.gasstation.implementation.StationImplTest testBuyGasDepleted
SEVERE: Not enough gas
Jul 06, 2014 12:56:58 PM net.bigpoint.assessment.gasstation.implementation.StationImplTest testBuyGasDepleted
SEVERE: Not enough gas
</system-err>
  </testcase>
  <testcase time="5.774" classname="net.bigpoint.assessment.gasstation.implementation.StationImplTest" name="testBuyGasDepleted">
    <failure message="expected [true] but found [false]" type="java.lang.AssertionError">java.lang.AssertionError: expected [true] but found [false]
	at org.testng.Assert.fail(Assert.java:94)
	at org.testng.Assert.failNotEquals(Assert.java:494)
	at org.testng.Assert.assertTrue(Assert.java:42)
	at org.testng.Assert.assertTrue(Assert.java:52)
	at net.bigpoint.assessment.gasstation.implementation.StationImplTest.testBuyGasDepleted(StationImplTest.java:147)
</failure>
    <system-err>Jul 06, 2014 12:56:58 PM net.bigpoint.assessment.gasstation.implementation.StationImplTest testBuyGasDepleted
SEVERE: Not enough gas
</system-err>
  </testcase>
  <testcase time="5.774" classname="net.bigpoint.assessment.gasstation.implementation.StationImplTest" name="testBuyGasDepleted">
    <failure message="expected [true] but found [false]" type="java.lang.AssertionError">java.lang.AssertionError: expected [true] but found [false]
	at org.testng.Assert.fail(Assert.java:94)
	at org.testng.Assert.failNotEquals(Assert.java:494)
	at org.testng.Assert.assertTrue(Assert.java:42)
	at org.testng.Assert.assertTrue(Assert.java:52)
	at net.bigpoint.assessment.gasstation.implementation.StationImplTest.testBuyGasDepleted(StationImplTest.java:147)
</failure>
  </testcase>
  <testcase time="5.774" classname="net.bigpoint.assessment.gasstation.implementation.StationImplTest" name="testBuyGasDepleted">
    <failure message="expected [true] but found [false]" type="java.lang.AssertionError">java.lang.AssertionError: expected [true] but found [false]
	at org.testng.Assert.fail(Assert.java:94)
	at org.testng.Assert.failNotEquals(Assert.java:494)
	at org.testng.Assert.assertTrue(Assert.java:42)
	at org.testng.Assert.assertTrue(Assert.java:52)
	at net.bigpoint.assessment.gasstation.implementation.StationImplTest.testBuyGasDepleted(StationImplTest.java:147)
</failure>
    <system-err>Jul 06, 2014 12:56:58 PM net.bigpoint.assessment.gasstation.implementation.StationImplTest testBuyGasDepleted
SEVERE: Not enough gas
Jul 06, 2014 12:56:58 PM net.bigpoint.assessment.gasstation.implementation.StationImplTest testBuyGasDepleted
SEVERE: Not enough gas
</system-err>
  </testcase>
  <testcase time="5.775" classname="net.bigpoint.assessment.gasstation.implementation.StationImplTest" name="testBuyGasDepleted">
    <failure message="expected [true] but found [false]" type="java.lang.AssertionError">java.lang.AssertionError: expected [true] but found [false]
	at org.testng.Assert.fail(Assert.java:94)
	at org.testng.Assert.failNotEquals(Assert.java:494)
	at org.testng.Assert.assertTrue(Assert.java:42)
	at org.testng.Assert.assertTrue(Assert.java:52)
	at net.bigpoint.assessment.gasstation.implementation.StationImplTest.testBuyGasDepleted(StationImplTest.java:147)
</failure>
  </testcase>
  <testcase time="5.775" classname="net.bigpoint.assessment.gasstation.implementation.StationImplTest" name="testBuyGasDepleted">
    <failure message="expected [true] but found [false]" type="java.lang.AssertionError">java.lang.AssertionError: expected [true] but found [false]
	at org.testng.Assert.fail(Assert.java:94)
	at org.testng.Assert.failNotEquals(Assert.java:494)
	at org.testng.Assert.assertTrue(Assert.java:42)
	at org.testng.Assert.assertTrue(Assert.java:52)
	at net.bigpoint.assessment.gasstation.implementation.StationImplTest.testBuyGasDepleted(StationImplTest.java:147)
</failure>
    <system-err>Jul 06, 2014 12:56:58 PM net.bigpoint.assessment.gasstation.implementation.StationImplTest testBuyGasDepleted
SEVERE: Not enough gas
</system-err>
  </testcase>
  <testcase time="5.775" classname="net.bigpoint.assessment.gasstation.implementation.StationImplTest" name="testBuyGasDepleted">
    <failure message="expected [true] but found [false]" type="java.lang.AssertionError">java.lang.AssertionError: expected [true] but found [false]
	at org.testng.Assert.fail(Assert.java:94)
	at org.testng.Assert.failNotEquals(Assert.java:494)
	at org.testng.Assert.assertTrue(Assert.java:42)
	at org.testng.Assert.assertTrue(Assert.java:52)
	at net.bigpoint.assessment.gasstation.implementation.StationImplTest.testBuyGasDepleted(StationImplTest.java:147)
</failure>
    <system-err>Jul 06, 2014 12:56:58 PM net.bigpoint.assessment.gasstation.implementation.StationImplTest testBuyGasDepleted
SEVERE: Not enough gas
</system-err>
  </testcase>
  <testcase time="5.775" classname="net.bigpoint.assessment.gasstation.implementation.StationImplTest" name="testBuyGasDepleted">
    <failure message="expected [true] but found [false]" type="java.lang.AssertionError">java.lang.AssertionError: expected [true] but found [false]
	at org.testng.Assert.fail(Assert.java:94)
	at org.testng.Assert.failNotEquals(Assert.java:494)
	at org.testng.Assert.assertTrue(Assert.java:42)
	at org.testng.Assert.assertTrue(Assert.java:52)
	at net.bigpoint.assessment.gasstation.implementation.StationImplTest.testBuyGasDepleted(StationImplTest.java:147)
</failure>
    <system-err>Jul 06, 2014 12:56:58 PM net.bigpoint.assessment.gasstation.implementation.StationImplTest testBuyGasDepleted
SEVERE: Not enough gas
</system-err>
  </testcase>
  <testcase time="5.776" classname="net.bigpoint.assessment.gasstation.implementation.StationImplTest" name="testBuyGasDepleted">
    <failure message="expected [true] but found [false]" type="java.lang.AssertionError">java.lang.AssertionError: expected [true] but found [false]
	at org.testng.Assert.fail(Assert.java:94)
	at org.testng.Assert.failNotEquals(Assert.java:494)
	at org.testng.Assert.assertTrue(Assert.java:42)
	at org.testng.Assert.assertTrue(Assert.java:52)
	at net.bigpoint.assessment.gasstation.implementation.StationImplTest.testBuyGasDepleted(StationImplTest.java:147)
</failure>
    <system-err>Jul 06, 2014 12:56:58 PM net.bigpoint.assessment.gasstation.implementation.StationImplTest testBuyGasDepleted
SEVERE: Not enough gas
</system-err>
  </testcase>
  <testcase time="5.776" classname="net.bigpoint.assessment.gasstation.implementation.StationImplTest" name="testBuyGasDepleted">
    <failure message="expected [true] but found [false]" type="java.lang.AssertionError">java.lang.AssertionError: expected [true] but found [false]
	at org.testng.Assert.fail(Assert.java:94)
	at org.testng.Assert.failNotEquals(Assert.java:494)
	at org.testng.Assert.assertTrue(Assert.java:42)
	at org.testng.Assert.assertTrue(Assert.java:52)
	at net.bigpoint.assessment.gasstation.implementation.StationImplTest.testBuyGasDepleted(StationImplTest.java:147)
</failure>
    <system-err>Jul 06, 2014 12:56:58 PM net.bigpoint.assessment.gasstation.implementation.StationImplTest testBuyGasDepleted
SEVERE: Not enough gas
</system-err>
  </testcase>
  <testcase time="5.776" classname="net.bigpoint.assessment.gasstation.implementation.StationImplTest" name="testBuyGasDepleted">
    <failure message="expected [true] but found [false]" type="java.lang.AssertionError">java.lang.AssertionError: expected [true] but found [false]
	at org.testng.Assert.fail(Assert.java:94)
	at org.testng.Assert.failNotEquals(Assert.java:494)
	at org.testng.Assert.assertTrue(Assert.java:42)
	at org.testng.Assert.assertTrue(Assert.java:52)
	at net.bigpoint.assessment.gasstation.implementation.StationImplTest.testBuyGasDepleted(StationImplTest.java:147)
</failure>
    <system-err>Jul 06, 2014 12:56:58 PM net.bigpoint.assessment.gasstation.implementation.StationImplTest testBuyGasDepleted
SEVERE: Not enough gas
</system-err>
  </testcase>
  <testcase time="5.776" classname="net.bigpoint.assessment.gasstation.implementation.StationImplTest" name="testBuyGasDepleted">
    <failure message="expected [true] but found [false]" type="java.lang.AssertionError">java.lang.AssertionError: expected [true] but found [false]
	at org.testng.Assert.fail(Assert.java:94)
	at org.testng.Assert.failNotEquals(Assert.java:494)
	at org.testng.Assert.assertTrue(Assert.java:42)
	at org.testng.Assert.assertTrue(Assert.java:52)
	at net.bigpoint.assessment.gasstation.implementation.StationImplTest.testBuyGasDepleted(StationImplTest.java:147)
</failure>
  </testcase>
  <testcase time="5.777" classname="net.bigpoint.assessment.gasstation.implementation.StationImplTest" name="testBuyGasDepleted">
    <failure message="expected [true] but found [false]" type="java.lang.AssertionError">java.lang.AssertionError: expected [true] but found [false]
	at org.testng.Assert.fail(Assert.java:94)
	at org.testng.Assert.failNotEquals(Assert.java:494)
	at org.testng.Assert.assertTrue(Assert.java:42)
	at org.testng.Assert.assertTrue(Assert.java:52)
	at net.bigpoint.assessment.gasstation.implementation.StationImplTest.testBuyGasDepleted(StationImplTest.java:147)
</failure>
  </testcase>
  <testcase time="5.777" classname="net.bigpoint.assessment.gasstation.implementation.StationImplTest" name="testBuyGasDepleted">
    <failure message="expected [true] but found [false]" type="java.lang.AssertionError">java.lang.AssertionError: expected [true] but found [false]
	at org.testng.Assert.fail(Assert.java:94)
	at org.testng.Assert.failNotEquals(Assert.java:494)
	at org.testng.Assert.assertTrue(Assert.java:42)
	at org.testng.Assert.assertTrue(Assert.java:52)
	at net.bigpoint.assessment.gasstation.implementation.StationImplTest.testBuyGasDepleted(StationImplTest.java:147)
</failure>
    <system-err>Jul 06, 2014 12:56:58 PM net.bigpoint.assessment.gasstation.implementation.StationImplTest testBuyGasDepleted
SEVERE: Not enough gas
Jul 06, 2014 12:56:58 PM net.bigpoint.assessment.gasstation.implementation.StationImplTest testBuyGasDepleted
SEVERE: Not enough gas
</system-err>
  </testcase>
  <testcase time="5.777" classname="net.bigpoint.assessment.gasstation.implementation.StationImplTest" name="testBuyGasDepleted">
    <failure message="expected [true] but found [false]" type="java.lang.AssertionError">java.lang.AssertionError: expected [true] but found [false]
	at org.testng.Assert.fail(Assert.java:94)
	at org.testng.Assert.failNotEquals(Assert.java:494)
	at org.testng.Assert.assertTrue(Assert.java:42)
	at org.testng.Assert.assertTrue(Assert.java:52)
	at net.bigpoint.assessment.gasstation.implementation.StationImplTest.testBuyGasDepleted(StationImplTest.java:147)
</failure>
  </testcase>
  <testcase time="5.778" classname="net.bigpoint.assessment.gasstation.implementation.StationImplTest" name="testBuyGasDepleted">
    <failure message="expected [true] but found [false]" type="java.lang.AssertionError">java.lang.AssertionError: expected [true] but found [false]
	at org.testng.Assert.fail(Assert.java:94)
	at org.testng.Assert.failNotEquals(Assert.java:494)
	at org.testng.Assert.assertTrue(Assert.java:42)
	at org.testng.Assert.assertTrue(Assert.java:52)
	at net.bigpoint.assessment.gasstation.implementation.StationImplTest.testBuyGasDepleted(StationImplTest.java:147)
</failure>
    <system-err>Jul 06, 2014 12:56:58 PM net.bigpoint.assessment.gasstation.implementation.StationImplTest testBuyGasDepleted
SEVERE: Not enough gas
Jul 06, 2014 12:56:58 PM net.bigpoint.assessment.gasstation.implementation.StationImplTest testBuyGasDepleted
SEVERE: Not enough gas
</system-err>
  </testcase>
  <testcase time="5.779" classname="net.bigpoint.assessment.gasstation.implementation.StationImplTest" name="testBuyGasDepleted">
    <failure message="expected [true] but found [false]" type="java.lang.AssertionError">java.lang.AssertionError: expected [true] but found [false]
	at org.testng.Assert.fail(Assert.java:94)
	at org.testng.Assert.failNotEquals(Assert.java:494)
	at org.testng.Assert.assertTrue(Assert.java:42)
	at org.testng.Assert.assertTrue(Assert.java:52)
	at net.bigpoint.assessment.gasstation.implementation.StationImplTest.testBuyGasDepleted(StationImplTest.java:147)
</failure>
    <system-err>Jul 06, 2014 12:56:58 PM net.bigpoint.assessment.gasstation.implementation.StationImplTest testBuyGasDepleted
SEVERE: Not enough gas
</system-err>
  </testcase>
  <testcase time="5.779" classname="net.bigpoint.assessment.gasstation.implementation.StationImplTest" name="testBuyGasDepleted">
    <failure message="expected [true] but found [false]" type="java.lang.AssertionError">java.lang.AssertionError: expected [true] but found [false]
	at org.testng.Assert.fail(Assert.java:94)
	at org.testng.Assert.failNotEquals(Assert.java:494)
	at org.testng.Assert.assertTrue(Assert.java:42)
	at org.testng.Assert.assertTrue(Assert.java:52)
	at net.bigpoint.assessment.gasstation.implementation.StationImplTest.testBuyGasDepleted(StationImplTest.java:147)
</failure>
  </testcase>
  <testcase time="5.779" classname="net.bigpoint.assessment.gasstation.implementation.StationImplTest" name="testBuyGasDepleted">
    <failure message="expected [true] but found [false]" type="java.lang.AssertionError">java.lang.AssertionError: expected [true] but found [false]
	at org.testng.Assert.fail(Assert.java:94)
	at org.testng.Assert.failNotEquals(Assert.java:494)
	at org.testng.Assert.assertTrue(Assert.java:42)
	at org.testng.Assert.assertTrue(Assert.java:52)
	at net.bigpoint.assessment.gasstation.implementation.StationImplTest.testBuyGasDepleted(StationImplTest.java:147)
</failure>
    <system-err>Jul 06, 2014 12:56:58 PM net.bigpoint.assessment.gasstation.implementation.StationImplTest testBuyGasDepleted
SEVERE: Not enough gas
</system-err>
  </testcase>
  <testcase time="5.78" classname="net.bigpoint.assessment.gasstation.implementation.StationImplTest" name="testBuyGasDepleted">
    <failure message="expected [true] but found [false]" type="java.lang.AssertionError">java.lang.AssertionError: expected [true] but found [false]
	at org.testng.Assert.fail(Assert.java:94)
	at org.testng.Assert.failNotEquals(Assert.java:494)
	at org.testng.Assert.assertTrue(Assert.java:42)
	at org.testng.Assert.assertTrue(Assert.java:52)
	at net.bigpoint.assessment.gasstation.implementation.StationImplTest.testBuyGasDepleted(StationImplTest.java:147)
</failure>
    <system-err>Jul 06, 2014 12:56:58 PM net.bigpoint.assessment.gasstation.implementation.StationImplTest testBuyGasDepleted
SEVERE: Not enough gas
</system-err>
  </testcase>
  <testcase time="5.78" classname="net.bigpoint.assessment.gasstation.implementation.StationImplTest" name="testBuyGasDepleted">
    <failure message="expected [true] but found [false]" type="java.lang.AssertionError">java.lang.AssertionError: expected [true] but found [false]
	at org.testng.Assert.fail(Assert.java:94)
	at org.testng.Assert.failNotEquals(Assert.java:494)
	at org.testng.Assert.assertTrue(Assert.java:42)
	at org.testng.Assert.assertTrue(Assert.java:52)
	at net.bigpoint.assessment.gasstation.implementation.StationImplTest.testBuyGasDepleted(StationImplTest.java:147)
</failure>
    <system-err>Jul 06, 2014 12:56:58 PM net.bigpoint.assessment.gasstation.implementation.StationImplTest testBuyGasDepleted
SEVERE: Not enough gas
</system-err>
  </testcase>
  <testcase time="5.78" classname="net.bigpoint.assessment.gasstation.implementation.StationImplTest" name="testBuyGasDepleted">
    <failure message="expected [true] but found [false]" type="java.lang.AssertionError">java.lang.AssertionError: expected [true] but found [false]
	at org.testng.Assert.fail(Assert.java:94)
	at org.testng.Assert.failNotEquals(Assert.java:494)
	at org.testng.Assert.assertTrue(Assert.java:42)
	at org.testng.Assert.assertTrue(Assert.java:52)
	at net.bigpoint.assessment.gasstation.implementation.StationImplTest.testBuyGasDepleted(StationImplTest.java:147)
</failure>
  </testcase>
  <testcase time="5.78" classname="net.bigpoint.assessment.gasstation.implementation.StationImplTest" name="testBuyGasDepleted">
    <failure message="expected [true] but found [false]" type="java.lang.AssertionError">java.lang.AssertionError: expected [true] but found [false]
	at org.testng.Assert.fail(Assert.java:94)
	at org.testng.Assert.failNotEquals(Assert.java:494)
	at org.testng.Assert.assertTrue(Assert.java:42)
	at org.testng.Assert.assertTrue(Assert.java:52)
	at net.bigpoint.assessment.gasstation.implementation.StationImplTest.testBuyGasDepleted(StationImplTest.java:147)
</failure>
    <system-err>Jul 06, 2014 12:56:58 PM net.bigpoint.assessment.gasstation.implementation.StationImplTest testBuyGasDepleted
SEVERE: Not enough gas
Jul 06, 2014 12:56:58 PM net.bigpoint.assessment.gasstation.implementation.StationImplTest testBuyGasDepleted
SEVERE: Not enough gas
</system-err>
  </testcase>
  <testcase time="5.781" classname="net.bigpoint.assessment.gasstation.implementation.StationImplTest" name="testBuyGasDepleted">
    <failure message="expected [true] but found [false]" type="java.lang.AssertionError">java.lang.AssertionError: expected [true] but found [false]
	at org.testng.Assert.fail(Assert.java:94)
	at org.testng.Assert.failNotEquals(Assert.java:494)
	at org.testng.Assert.assertTrue(Assert.java:42)
	at org.testng.Assert.assertTrue(Assert.java:52)
	at net.bigpoint.assessment.gasstation.implementation.StationImplTest.testBuyGasDepleted(StationImplTest.java:147)
</failure>
  </testcase>
  <testcase time="5.781" classname="net.bigpoint.assessment.gasstation.implementation.StationImplTest" name="testBuyGasDepleted">
    <failure message="expected [true] but found [false]" type="java.lang.AssertionError">java.lang.AssertionError: expected [true] but found [false]
	at org.testng.Assert.fail(Assert.java:94)
	at org.testng.Assert.failNotEquals(Assert.java:494)
	at org.testng.Assert.assertTrue(Assert.java:42)
	at org.testng.Assert.assertTrue(Assert.java:52)
	at net.bigpoint.assessment.gasstation.implementation.StationImplTest.testBuyGasDepleted(StationImplTest.java:147)
</failure>
    <system-err>Jul 06, 2014 12:56:58 PM net.bigpoint.assessment.gasstation.implementation.StationImplTest testBuyGasDepleted
SEVERE: Not enough gas
</system-err>
  </testcase>
  <testcase time="5.781" classname="net.bigpoint.assessment.gasstation.implementation.StationImplTest" name="testBuyGasDepleted">
    <failure message="expected [true] but found [false]" type="java.lang.AssertionError">java.lang.AssertionError: expected [true] but found [false]
	at org.testng.Assert.fail(Assert.java:94)
	at org.testng.Assert.failNotEquals(Assert.java:494)
	at org.testng.Assert.assertTrue(Assert.java:42)
	at org.testng.Assert.assertTrue(Assert.java:52)
	at net.bigpoint.assessment.gasstation.implementation.StationImplTest.testBuyGasDepleted(StationImplTest.java:147)
</failure>
  </testcase>
  <testcase time="5.782" classname="net.bigpoint.assessment.gasstation.implementation.StationImplTest" name="testBuyGasDepleted">
    <failure message="expected [true] but found [false]" type="java.lang.AssertionError">java.lang.AssertionError: expected [true] but found [false]
	at org.testng.Assert.fail(Assert.java:94)
	at org.testng.Assert.failNotEquals(Assert.java:494)
	at org.testng.Assert.assertTrue(Assert.java:42)
	at org.testng.Assert.assertTrue(Assert.java:52)
	at net.bigpoint.assessment.gasstation.implementation.StationImplTest.testBuyGasDepleted(StationImplTest.java:147)
</failure>
    <system-err>Jul 06, 2014 12:56:58 PM net.bigpoint.assessment.gasstation.implementation.StationImplTest testBuyGasDepleted
SEVERE: Not enough gas
</system-err>
  </testcase>
  <testcase time="5.782" classname="net.bigpoint.assessment.gasstation.implementation.StationImplTest" name="testBuyGasDepleted">
    <failure message="expected [true] but found [false]" type="java.lang.AssertionError">java.lang.AssertionError: expected [true] but found [false]
	at org.testng.Assert.fail(Assert.java:94)
	at org.testng.Assert.failNotEquals(Assert.java:494)
	at org.testng.Assert.assertTrue(Assert.java:42)
	at org.testng.Assert.assertTrue(Assert.java:52)
	at net.bigpoint.assessment.gasstation.implementation.StationImplTest.testBuyGasDepleted(StationImplTest.java:147)
</failure>
  </testcase>
  <testcase time="5.783" classname="net.bigpoint.assessment.gasstation.implementation.StationImplTest" name="testBuyGasDepleted">
    <failure message="expected [true] but found [false]" type="java.lang.AssertionError">java.lang.AssertionError: expected [true] but found [false]
	at org.testng.Assert.fail(Assert.java:94)
	at org.testng.Assert.failNotEquals(Assert.java:494)
	at org.testng.Assert.assertTrue(Assert.java:42)
	at org.testng.Assert.assertTrue(Assert.java:52)
	at net.bigpoint.assessment.gasstation.implementation.StationImplTest.testBuyGasDepleted(StationImplTest.java:147)
</failure>
    <system-err>Jul 06, 2014 12:56:58 PM net.bigpoint.assessment.gasstation.implementation.StationImplTest testBuyGasDepleted
SEVERE: Not enough gas
Jul 06, 2014 12:56:58 PM net.bigpoint.assessment.gasstation.implementation.StationImplTest testBuyGasDepleted
SEVERE: Not enough gas
</system-err>
  </testcase>
  <testcase time="5.783" classname="net.bigpoint.assessment.gasstation.implementation.StationImplTest" name="testBuyGasDepleted">
    <failure message="expected [true] but found [false]" type="java.lang.AssertionError">java.lang.AssertionError: expected [true] but found [false]
	at org.testng.Assert.fail(Assert.java:94)
	at org.testng.Assert.failNotEquals(Assert.java:494)
	at org.testng.Assert.assertTrue(Assert.java:42)
	at org.testng.Assert.assertTrue(Assert.java:52)
	at net.bigpoint.assessment.gasstation.implementation.StationImplTest.testBuyGasDepleted(StationImplTest.java:147)
</failure>
    <system-err>Jul 06, 2014 12:56:58 PM net.bigpoint.assessment.gasstation.implementation.StationImplTest testBuyGasDepleted
SEVERE: Not enough gas
</system-err>
  </testcase>
  <testcase time="5.784" classname="net.bigpoint.assessment.gasstation.implementation.StationImplTest" name="testBuyGasDepleted">
    <failure message="expected [true] but found [false]" type="java.lang.AssertionError">java.lang.AssertionError: expected [true] but found [false]
	at org.testng.Assert.fail(Assert.java:94)
	at org.testng.Assert.failNotEquals(Assert.java:494)
	at org.testng.Assert.assertTrue(Assert.java:42)
	at org.testng.Assert.assertTrue(Assert.java:52)
	at net.bigpoint.assessment.gasstation.implementation.StationImplTest.testBuyGasDepleted(StationImplTest.java:147)
</failure>
  </testcase>
  <testcase time="5.784" classname="net.bigpoint.assessment.gasstation.implementation.StationImplTest" name="testBuyGasDepleted">
    <failure message="expected [true] but found [false]" type="java.lang.AssertionError">java.lang.AssertionError: expected [true] but found [false]
	at org.testng.Assert.fail(Assert.java:94)
	at org.testng.Assert.failNotEquals(Assert.java:494)
	at org.testng.Assert.assertTrue(Assert.java:42)
	at org.testng.Assert.assertTrue(Assert.java:52)
	at net.bigpoint.assessment.gasstation.implementation.StationImplTest.testBuyGasDepleted(StationImplTest.java:147)
</failure>
    <system-err>Jul 06, 2014 12:56:58 PM net.bigpoint.assessment.gasstation.implementation.StationImplTest testBuyGasDepleted
SEVERE: Not enough gas
Jul 06, 2014 12:56:58 PM net.bigpoint.assessment.gasstation.implementation.StationImplTest testBuyGasDepleted
SEVERE: Not enough gas
</system-err>
  </testcase>
  <testcase time="5.784" classname="net.bigpoint.assessment.gasstation.implementation.StationImplTest" name="testBuyGasDepleted">
    <failure message="expected [true] but found [false]" type="java.lang.AssertionError">java.lang.AssertionError: expected [true] but found [false]
	at org.testng.Assert.fail(Assert.java:94)
	at org.testng.Assert.failNotEquals(Assert.java:494)
	at org.testng.Assert.assertTrue(Assert.java:42)
	at org.testng.Assert.assertTrue(Assert.java:52)
	at net.bigpoint.assessment.gasstation.implementation.StationImplTest.testBuyGasDepleted(StationImplTest.java:147)
</failure>
  </testcase>
  <testcase time="5.785" classname="net.bigpoint.assessment.gasstation.implementation.StationImplTest" name="testBuyGasDepleted">
    <failure message="expected [true] but found [false]" type="java.lang.AssertionError">java.lang.AssertionError: expected [true] but found [false]
	at org.testng.Assert.fail(Assert.java:94)
	at org.testng.Assert.failNotEquals(Assert.java:494)
	at org.testng.Assert.assertTrue(Assert.java:42)
	at org.testng.Assert.assertTrue(Assert.java:52)
	at net.bigpoint.assessment.gasstation.implementation.StationImplTest.testBuyGasDepleted(StationImplTest.java:147)
</failure>
    <system-err>Jul 06, 2014 12:56:58 PM net.bigpoint.assessment.gasstation.implementation.StationImplTest testBuyGasDepleted
SEVERE: Not enough gas
Jul 06, 2014 12:56:58 PM net.bigpoint.assessment.gasstation.implementation.StationImplTest testBuyGasDepleted
SEVERE: Not enough gas
</system-err>
  </testcase>
  <testcase time="5.786" classname="net.bigpoint.assessment.gasstation.implementation.StationImplTest" name="testBuyGasDepleted">
    <failure message="expected [true] but found [false]" type="java.lang.AssertionError">java.lang.AssertionError: expected [true] but found [false]
	at org.testng.Assert.fail(Assert.java:94)
	at org.testng.Assert.failNotEquals(Assert.java:494)
	at org.testng.Assert.assertTrue(Assert.java:42)
	at org.testng.Assert.assertTrue(Assert.java:52)
	at net.bigpoint.assessment.gasstation.implementation.StationImplTest.testBuyGasDepleted(StationImplTest.java:147)
</failure>
  </testcase>
  <testcase time="5.786" classname="net.bigpoint.assessment.gasstation.implementation.StationImplTest" name="testBuyGasDepleted">
    <failure message="expected [true] but found [false]" type="java.lang.AssertionError">java.lang.AssertionError: expected [true] but found [false]
	at org.testng.Assert.fail(Assert.java:94)
	at org.testng.Assert.failNotEquals(Assert.java:494)
	at org.testng.Assert.assertTrue(Assert.java:42)
	at org.testng.Assert.assertTrue(Assert.java:52)
	at net.bigpoint.assessment.gasstation.implementation.StationImplTest.testBuyGasDepleted(StationImplTest.java:147)
</failure>
    <system-err>Jul 06, 2014 12:56:58 PM net.bigpoint.assessment.gasstation.implementation.StationImplTest testBuyGasDepleted
SEVERE: Not enough gas
</system-err>
  </testcase>
  <testcase time="5.786" classname="net.bigpoint.assessment.gasstation.implementation.StationImplTest" name="testBuyGasDepleted">
    <failure message="expected [true] but found [false]" type="java.lang.AssertionError">java.lang.AssertionError: expected [true] but found [false]
	at org.testng.Assert.fail(Assert.java:94)
	at org.testng.Assert.failNotEquals(Assert.java:494)
	at org.testng.Assert.assertTrue(Assert.java:42)
	at org.testng.Assert.assertTrue(Assert.java:52)
	at net.bigpoint.assessment.gasstation.implementation.StationImplTest.testBuyGasDepleted(StationImplTest.java:147)
</failure>
  </testcase>
  <testcase time="5.787" classname="net.bigpoint.assessment.gasstation.implementation.StationImplTest" name="testBuyGasDepleted">
    <failure message="expected [true] but found [false]" type="java.lang.AssertionError">java.lang.AssertionError: expected [true] but found [false]
	at org.testng.Assert.fail(Assert.java:94)
	at org.testng.Assert.failNotEquals(Assert.java:494)
	at org.testng.Assert.assertTrue(Assert.java:42)
	at org.testng.Assert.assertTrue(Assert.java:52)
	at net.bigpoint.assessment.gasstation.implementation.StationImplTest.testBuyGasDepleted(StationImplTest.java:147)
</failure>
    <system-err>Jul 06, 2014 12:56:58 PM net.bigpoint.assessment.gasstation.implementation.StationImplTest testBuyGasDepleted
SEVERE: Not enough gas
</system-err>
  </testcase>
  <testcase time="5.787" classname="net.bigpoint.assessment.gasstation.implementation.StationImplTest" name="testBuyGasDepleted">
    <failure message="expected [true] but found [false]" type="java.lang.AssertionError">java.lang.AssertionError: expected [true] but found [false]
	at org.testng.Assert.fail(Assert.java:94)
	at org.testng.Assert.failNotEquals(Assert.java:494)
	at org.testng.Assert.assertTrue(Assert.java:42)
	at org.testng.Assert.assertTrue(Assert.java:52)
	at net.bigpoint.assessment.gasstation.implementation.StationImplTest.testBuyGasDepleted(StationImplTest.java:147)
</failure>
    <system-err>Jul 06, 2014 12:56:58 PM net.bigpoint.assessment.gasstation.implementation.StationImplTest testBuyGasDepleted
SEVERE: Not enough gas
</system-err>
  </testcase>
  <testcase time="5.788" classname="net.bigpoint.assessment.gasstation.implementation.StationImplTest" name="testBuyGasDepleted">
    <failure message="expected [true] but found [false]" type="java.lang.AssertionError">java.lang.AssertionError: expected [true] but found [false]
	at org.testng.Assert.fail(Assert.java:94)
	at org.testng.Assert.failNotEquals(Assert.java:494)
	at org.testng.Assert.assertTrue(Assert.java:42)
	at org.testng.Assert.assertTrue(Assert.java:52)
	at net.bigpoint.assessment.gasstation.implementation.StationImplTest.testBuyGasDepleted(StationImplTest.java:147)
</failure>
    <system-err>Jul 06, 2014 12:56:58 PM net.bigpoint.assessment.gasstation.implementation.StationImplTest testBuyGasDepleted
SEVERE: Not enough gas
Jul 06, 2014 12:56:58 PM net.bigpoint.assessment.gasstation.implementation.StationImplTest testBuyGasDepleted
SEVERE: Not enough gas
</system-err>
  </testcase>
  <testcase time="5.789" classname="net.bigpoint.assessment.gasstation.implementation.StationImplTest" name="testBuyGasDepleted">
    <failure message="expected [true] but found [false]" type="java.lang.AssertionError">java.lang.AssertionError: expected [true] but found [false]
	at org.testng.Assert.fail(Assert.java:94)
	at org.testng.Assert.failNotEquals(Assert.java:494)
	at org.testng.Assert.assertTrue(Assert.java:42)
	at org.testng.Assert.assertTrue(Assert.java:52)
	at net.bigpoint.assessment.gasstation.implementation.StationImplTest.testBuyGasDepleted(StationImplTest.java:147)
</failure>
    <system-err>Jul 06, 2014 12:56:58 PM net.bigpoint.assessment.gasstation.implementation.StationImplTest testBuyGasDepleted
SEVERE: Not enough gas
Jul 06, 2014 12:56:58 PM net.bigpoint.assessment.gasstation.implementation.StationImplTest testBuyGasDepleted
SEVERE: Not enough gas
</system-err>
  </testcase>
  <testcase time="5.789" classname="net.bigpoint.assessment.gasstation.implementation.StationImplTest" name="testBuyGasDepleted">
    <failure message="expected [true] but found [false]" type="java.lang.AssertionError">java.lang.AssertionError: expected [true] but found [false]
	at org.testng.Assert.fail(Assert.java:94)
	at org.testng.Assert.failNotEquals(Assert.java:494)
	at org.testng.Assert.assertTrue(Assert.java:42)
	at org.testng.Assert.assertTrue(Assert.java:52)
	at net.bigpoint.assessment.gasstation.implementation.StationImplTest.testBuyGasDepleted(StationImplTest.java:147)
</failure>
  </testcase>
  <testcase time="5.789" classname="net.bigpoint.assessment.gasstation.implementation.StationImplTest" name="testBuyGasDepleted">
    <failure message="expected [true] but found [false]" type="java.lang.AssertionError">java.lang.AssertionError: expected [true] but found [false]
	at org.testng.Assert.fail(Assert.java:94)
	at org.testng.Assert.failNotEquals(Assert.java:494)
	at org.testng.Assert.assertTrue(Assert.java:42)
	at org.testng.Assert.assertTrue(Assert.java:52)
	at net.bigpoint.assessment.gasstation.implementation.StationImplTest.testBuyGasDepleted(StationImplTest.java:147)
</failure>
  </testcase>
  <testcase time="5.79" classname="net.bigpoint.assessment.gasstation.implementation.StationImplTest" name="testBuyGasDepleted">
    <failure message="expected [true] but found [false]" type="java.lang.AssertionError">java.lang.AssertionError: expected [true] but found [false]
	at org.testng.Assert.fail(Assert.java:94)
	at org.testng.Assert.failNotEquals(Assert.java:494)
	at org.testng.Assert.assertTrue(Assert.java:42)
	at org.testng.Assert.assertTrue(Assert.java:52)
	at net.bigpoint.assessment.gasstation.implementation.StationImplTest.testBuyGasDepleted(StationImplTest.java:147)
</failure>
    <system-err>Jul 06, 2014 12:56:58 PM net.bigpoint.assessment.gasstation.implementation.StationImplTest testBuyGasDepleted
SEVERE: Not enough gas
</system-err>
  </testcase>
  <testcase time="5.79" classname="net.bigpoint.assessment.gasstation.implementation.StationImplTest" name="testBuyGasDepleted">
    <failure message="expected [true] but found [false]" type="java.lang.AssertionError">java.lang.AssertionError: expected [true] but found [false]
	at org.testng.Assert.fail(Assert.java:94)
	at org.testng.Assert.failNotEquals(Assert.java:494)
	at org.testng.Assert.assertTrue(Assert.java:42)
	at org.testng.Assert.assertTrue(Assert.java:52)
	at net.bigpoint.assessment.gasstation.implementation.StationImplTest.testBuyGasDepleted(StationImplTest.java:147)
</failure>
  </testcase>
  <testcase time="5.79" classname="net.bigpoint.assessment.gasstation.implementation.StationImplTest" name="testBuyGasDepleted">
    <failure message="expected [true] but found [false]" type="java.lang.AssertionError">java.lang.AssertionError: expected [true] but found [false]
	at org.testng.Assert.fail(Assert.java:94)
	at org.testng.Assert.failNotEquals(Assert.java:494)
	at org.testng.Assert.assertTrue(Assert.java:42)
	at org.testng.Assert.assertTrue(Assert.java:52)
	at net.bigpoint.assessment.gasstation.implementation.StationImplTest.testBuyGasDepleted(StationImplTest.java:147)
</failure>
    <system-err>Jul 06, 2014 12:56:58 PM net.bigpoint.assessment.gasstation.implementation.StationImplTest testBuyGasDepleted
SEVERE: Not enough gas
Jul 06, 2014 12:56:58 PM net.bigpoint.assessment.gasstation.implementation.StationImplTest testBuyGasDepleted
SEVERE: Not enough gas
</system-err>
  </testcase>
  <testcase time="5.791" classname="net.bigpoint.assessment.gasstation.implementation.StationImplTest" name="testBuyGasDepleted">
    <failure message="expected [true] but found [false]" type="java.lang.AssertionError">java.lang.AssertionError: expected [true] but found [false]
	at org.testng.Assert.fail(Assert.java:94)
	at org.testng.Assert.failNotEquals(Assert.java:494)
	at org.testng.Assert.assertTrue(Assert.java:42)
	at org.testng.Assert.assertTrue(Assert.java:52)
	at net.bigpoint.assessment.gasstation.implementation.StationImplTest.testBuyGasDepleted(StationImplTest.java:147)
</failure>
    <system-err>Jul 06, 2014 12:56:58 PM net.bigpoint.assessment.gasstation.implementation.StationImplTest testBuyGasDepleted
SEVERE: Not enough gas
</system-err>
  </testcase>
  <testcase time="5.792" classname="net.bigpoint.assessment.gasstation.implementation.StationImplTest" name="testBuyGasDepleted">
    <failure message="expected [true] but found [false]" type="java.lang.AssertionError">java.lang.AssertionError: expected [true] but found [false]
	at org.testng.Assert.fail(Assert.java:94)
	at org.testng.Assert.failNotEquals(Assert.java:494)
	at org.testng.Assert.assertTrue(Assert.java:42)
	at org.testng.Assert.assertTrue(Assert.java:52)
	at net.bigpoint.assessment.gasstation.implementation.StationImplTest.testBuyGasDepleted(StationImplTest.java:147)
</failure>
    <system-err>Jul 06, 2014 12:56:58 PM net.bigpoint.assessment.gasstation.implementation.StationImplTest testBuyGasDepleted
SEVERE: Not enough gas
</system-err>
  </testcase>
  <testcase time="5.792" classname="net.bigpoint.assessment.gasstation.implementation.StationImplTest" name="testBuyGasDepleted">
    <failure message="expected [true] but found [false]" type="java.lang.AssertionError">java.lang.AssertionError: expected [true] but found [false]
	at org.testng.Assert.fail(Assert.java:94)
	at org.testng.Assert.failNotEquals(Assert.java:494)
	at org.testng.Assert.assertTrue(Assert.java:42)
	at org.testng.Assert.assertTrue(Assert.java:52)
	at net.bigpoint.assessment.gasstation.implementation.StationImplTest.testBuyGasDepleted(StationImplTest.java:147)
</failure>
  </testcase>
  <testcase time="5.792" classname="net.bigpoint.assessment.gasstation.implementation.StationImplTest" name="testBuyGasDepleted">
    <failure message="expected [true] but found [false]" type="java.lang.AssertionError">java.lang.AssertionError: expected [true] but found [false]
	at org.testng.Assert.fail(Assert.java:94)
	at org.testng.Assert.failNotEquals(Assert.java:494)
	at org.testng.Assert.assertTrue(Assert.java:42)
	at org.testng.Assert.assertTrue(Assert.java:52)
	at net.bigpoint.assessment.gasstation.implementation.StationImplTest.testBuyGasDepleted(StationImplTest.java:147)
</failure>
    <system-err>Jul 06, 2014 12:56:58 PM net.bigpoint.assessment.gasstation.implementation.StationImplTest testBuyGasDepleted
SEVERE: Not enough gas
</system-err>
  </testcase>
  <testcase time="5.793" classname="net.bigpoint.assessment.gasstation.implementation.StationImplTest" name="testBuyGasDepleted">
    <failure message="expected [true] but found [false]" type="java.lang.AssertionError">java.lang.AssertionError: expected [true] but found [false]
	at org.testng.Assert.fail(Assert.java:94)
	at org.testng.Assert.failNotEquals(Assert.java:494)
	at org.testng.Assert.assertTrue(Assert.java:42)
	at org.testng.Assert.assertTrue(Assert.java:52)
	at net.bigpoint.assessment.gasstation.implementation.StationImplTest.testBuyGasDepleted(StationImplTest.java:147)
</failure>
  </testcase>
  <testcase time="5.793" classname="net.bigpoint.assessment.gasstation.implementation.StationImplTest" name="testBuyGasDepleted">
    <failure message="expected [true] but found [false]" type="java.lang.AssertionError">java.lang.AssertionError: expected [true] but found [false]
	at org.testng.Assert.fail(Assert.java:94)
	at org.testng.Assert.failNotEquals(Assert.java:494)
	at org.testng.Assert.assertTrue(Assert.java:42)
	at org.testng.Assert.assertTrue(Assert.java:52)
	at net.bigpoint.assessment.gasstation.implementation.StationImplTest.testBuyGasDepleted(StationImplTest.java:147)
</failure>
    <system-err>Jul 06, 2014 12:56:58 PM net.bigpoint.assessment.gasstation.implementation.StationImplTest testBuyGasDepleted
SEVERE: Not enough gas
</system-err>
  </testcase>
  <testcase time="5.794" classname="net.bigpoint.assessment.gasstation.implementation.StationImplTest" name="testBuyGasDepleted">
    <failure message="expected [true] but found [false]" type="java.lang.AssertionError">java.lang.AssertionError: expected [true] but found [false]
	at org.testng.Assert.fail(Assert.java:94)
	at org.testng.Assert.failNotEquals(Assert.java:494)
	at org.testng.Assert.assertTrue(Assert.java:42)
	at org.testng.Assert.assertTrue(Assert.java:52)
	at net.bigpoint.assessment.gasstation.implementation.StationImplTest.testBuyGasDepleted(StationImplTest.java:147)
</failure>
    <system-err>Jul 06, 2014 12:56:58 PM net.bigpoint.assessment.gasstation.implementation.StationImplTest testBuyGasDepleted
SEVERE: Not enough gas
Jul 06, 2014 12:56:58 PM net.bigpoint.assessment.gasstation.implementation.StationImplTest testBuyGasDepleted
SEVERE: Not enough gas
</system-err>
  </testcase>
  <testcase time="5.795" classname="net.bigpoint.assessment.gasstation.implementation.StationImplTest" name="testBuyGasDepleted">
    <failure message="expected [true] but found [false]" type="java.lang.AssertionError">java.lang.AssertionError: expected [true] but found [false]
	at org.testng.Assert.fail(Assert.java:94)
	at org.testng.Assert.failNotEquals(Assert.java:494)
	at org.testng.Assert.assertTrue(Assert.java:42)
	at org.testng.Assert.assertTrue(Assert.java:52)
	at net.bigpoint.assessment.gasstation.implementation.StationImplTest.testBuyGasDepleted(StationImplTest.java:147)
</failure>
    <system-err>Jul 06, 2014 12:56:58 PM net.bigpoint.assessment.gasstation.implementation.StationImplTest testBuyGasDepleted
SEVERE: Not enough gas
</system-err>
  </testcase>
  <testcase time="5.795" classname="net.bigpoint.assessment.gasstation.implementation.StationImplTest" name="testBuyGasDepleted">
    <failure message="expected [true] but found [false]" type="java.lang.AssertionError">java.lang.AssertionError: expected [true] but found [false]
	at org.testng.Assert.fail(Assert.java:94)
	at org.testng.Assert.failNotEquals(Assert.java:494)
	at org.testng.Assert.assertTrue(Assert.java:42)
	at org.testng.Assert.assertTrue(Assert.java:52)
	at net.bigpoint.assessment.gasstation.implementation.StationImplTest.testBuyGasDepleted(StationImplTest.java:147)
</failure>
  </testcase>
  <testcase time="5.796" classname="net.bigpoint.assessment.gasstation.implementation.StationImplTest" name="testBuyGasDepleted">
    <failure message="expected [true] but found [false]" type="java.lang.AssertionError">java.lang.AssertionError: expected [true] but found [false]
	at org.testng.Assert.fail(Assert.java:94)
	at org.testng.Assert.failNotEquals(Assert.java:494)
	at org.testng.Assert.assertTrue(Assert.java:42)
	at org.testng.Assert.assertTrue(Assert.java:52)
	at net.bigpoint.assessment.gasstation.implementation.StationImplTest.testBuyGasDepleted(StationImplTest.java:147)
</failure>
    <system-err>Jul 06, 2014 12:56:58 PM net.bigpoint.assessment.gasstation.implementation.StationImplTest testBuyGasDepleted
SEVERE: Not enough gas
Jul 06, 2014 12:56:58 PM net.bigpoint.assessment.gasstation.implementation.StationImplTest testBuyGasDepleted
SEVERE: Not enough gas
</system-err>
  </testcase>
  <testcase time="5.796" classname="net.bigpoint.assessment.gasstation.implementation.StationImplTest" name="testBuyGasDepleted">
    <failure message="expected [true] but found [false]" type="java.lang.AssertionError">java.lang.AssertionError: expected [true] but found [false]
	at org.testng.Assert.fail(Assert.java:94)
	at org.testng.Assert.failNotEquals(Assert.java:494)
	at org.testng.Assert.assertTrue(Assert.java:42)
	at org.testng.Assert.assertTrue(Assert.java:52)
	at net.bigpoint.assessment.gasstation.implementation.StationImplTest.testBuyGasDepleted(StationImplTest.java:147)
</failure>
    <system-err>Jul 06, 2014 12:56:58 PM net.bigpoint.assessment.gasstation.implementation.StationImplTest testBuyGasDepleted
SEVERE: Not enough gas
</system-err>
  </testcase>
  <testcase time="5.797" classname="net.bigpoint.assessment.gasstation.implementation.StationImplTest" name="testBuyGasDepleted">
    <failure message="expected [true] but found [false]" type="java.lang.AssertionError">java.lang.AssertionError: expected [true] but found [false]
	at org.testng.Assert.fail(Assert.java:94)
	at org.testng.Assert.failNotEquals(Assert.java:494)
	at org.testng.Assert.assertTrue(Assert.java:42)
	at org.testng.Assert.assertTrue(Assert.java:52)
	at net.bigpoint.assessment.gasstation.implementation.StationImplTest.testBuyGasDepleted(StationImplTest.java:147)
</failure>
  </testcase>
  <testcase time="5.797" classname="net.bigpoint.assessment.gasstation.implementation.StationImplTest" name="testBuyGasDepleted">
    <failure message="expected [true] but found [false]" type="java.lang.AssertionError">java.lang.AssertionError: expected [true] but found [false]
	at org.testng.Assert.fail(Assert.java:94)
	at org.testng.Assert.failNotEquals(Assert.java:494)
	at org.testng.Assert.assertTrue(Assert.java:42)
	at org.testng.Assert.assertTrue(Assert.java:52)
	at net.bigpoint.assessment.gasstation.implementation.StationImplTest.testBuyGasDepleted(StationImplTest.java:147)
</failure>
    <system-err>Jul 06, 2014 12:56:58 PM net.bigpoint.assessment.gasstation.implementation.StationImplTest testBuyGasDepleted
SEVERE: Not enough gas
Jul 06, 2014 12:56:58 PM net.bigpoint.assessment.gasstation.implementation.StationImplTest testBuyGasDepleted
SEVERE: Not enough gas
</system-err>
  </testcase>
  <testcase time="5.798" classname="net.bigpoint.assessment.gasstation.implementation.StationImplTest" name="testBuyGasDepleted">
    <failure message="expected [true] but found [false]" type="java.lang.AssertionError">java.lang.AssertionError: expected [true] but found [false]
	at org.testng.Assert.fail(Assert.java:94)
	at org.testng.Assert.failNotEquals(Assert.java:494)
	at org.testng.Assert.assertTrue(Assert.java:42)
	at org.testng.Assert.assertTrue(Assert.java:52)
	at net.bigpoint.assessment.gasstation.implementation.StationImplTest.testBuyGasDepleted(StationImplTest.java:147)
</failure>
  </testcase>
  <testcase time="5.798" classname="net.bigpoint.assessment.gasstation.implementation.StationImplTest" name="testBuyGasDepleted">
    <failure message="expected [true] but found [false]" type="java.lang.AssertionError">java.lang.AssertionError: expected [true] but found [false]
	at org.testng.Assert.fail(Assert.java:94)
	at org.testng.Assert.failNotEquals(Assert.java:494)
	at org.testng.Assert.assertTrue(Assert.java:42)
	at org.testng.Assert.assertTrue(Assert.java:52)
	at net.bigpoint.assessment.gasstation.implementation.StationImplTest.testBuyGasDepleted(StationImplTest.java:147)
</failure>
  </testcase>
  <testcase time="5.799" classname="net.bigpoint.assessment.gasstation.implementation.StationImplTest" name="testBuyGasDepleted">
    <failure message="expected [true] but found [false]" type="java.lang.AssertionError">java.lang.AssertionError: expected [true] but found [false]
	at org.testng.Assert.fail(Assert.java:94)
	at org.testng.Assert.failNotEquals(Assert.java:494)
	at org.testng.Assert.assertTrue(Assert.java:42)
	at org.testng.Assert.assertTrue(Assert.java:52)
	at net.bigpoint.assessment.gasstation.implementation.StationImplTest.testBuyGasDepleted(StationImplTest.java:147)
</failure>
    <system-err>Jul 06, 2014 12:56:58 PM net.bigpoint.assessment.gasstation.implementation.StationImplTest testBuyGasDepleted
SEVERE: Not enough gas
Jul 06, 2014 12:56:58 PM net.bigpoint.assessment.gasstation.implementation.StationImplTest testBuyGasDepleted
SEVERE: Not enough gas
</system-err>
  </testcase>
  <testcase time="5.799" classname="net.bigpoint.assessment.gasstation.implementation.StationImplTest" name="testBuyGasDepleted">
    <failure message="expected [true] but found [false]" type="java.lang.AssertionError">java.lang.AssertionError: expected [true] but found [false]
	at org.testng.Assert.fail(Assert.java:94)
	at org.testng.Assert.failNotEquals(Assert.java:494)
	at org.testng.Assert.assertTrue(Assert.java:42)
	at org.testng.Assert.assertTrue(Assert.java:52)
	at net.bigpoint.assessment.gasstation.implementation.StationImplTest.testBuyGasDepleted(StationImplTest.java:147)
</failure>
    <system-err>Jul 06, 2014 12:56:58 PM net.bigpoint.assessment.gasstation.implementation.StationImplTest testBuyGasDepleted
SEVERE: Not enough gas
</system-err>
  </testcase>
  <testcase time="5.8" classname="net.bigpoint.assessment.gasstation.implementation.StationImplTest" name="testBuyGasDepleted">
    <failure message="expected [true] but found [false]" type="java.lang.AssertionError">java.lang.AssertionError: expected [true] but found [false]
	at org.testng.Assert.fail(Assert.java:94)
	at org.testng.Assert.failNotEquals(Assert.java:494)
	at org.testng.Assert.assertTrue(Assert.java:42)
	at org.testng.Assert.assertTrue(Assert.java:52)
	at net.bigpoint.assessment.gasstation.implementation.StationImplTest.testBuyGasDepleted(StationImplTest.java:147)
</failure>
    <system-err>Jul 06, 2014 12:56:58 PM net.bigpoint.assessment.gasstation.implementation.StationImplTest testBuyGasDepleted
SEVERE: Not enough gas
</system-err>
  </testcase>
  <testcase time="5.8" classname="net.bigpoint.assessment.gasstation.implementation.StationImplTest" name="testBuyGasDepleted">
    <failure message="expected [true] but found [false]" type="java.lang.AssertionError">java.lang.AssertionError: expected [true] but found [false]
	at org.testng.Assert.fail(Assert.java:94)
	at org.testng.Assert.failNotEquals(Assert.java:494)
	at org.testng.Assert.assertTrue(Assert.java:42)
	at org.testng.Assert.assertTrue(Assert.java:52)
	at net.bigpoint.assessment.gasstation.implementation.StationImplTest.testBuyGasDepleted(StationImplTest.java:147)
</failure>
  </testcase>
  <testcase time="5.8" classname="net.bigpoint.assessment.gasstation.implementation.StationImplTest" name="testBuyGasDepleted">
    <failure message="expected [true] but found [false]" type="java.lang.AssertionError">java.lang.AssertionError: expected [true] but found [false]
	at org.testng.Assert.fail(Assert.java:94)
	at org.testng.Assert.failNotEquals(Assert.java:494)
	at org.testng.Assert.assertTrue(Assert.java:42)
	at org.testng.Assert.assertTrue(Assert.java:52)
	at net.bigpoint.assessment.gasstation.implementation.StationImplTest.testBuyGasDepleted(StationImplTest.java:147)
</failure>
    <system-err>Jul 06, 2014 12:56:58 PM net.bigpoint.assessment.gasstation.implementation.StationImplTest testBuyGasDepleted
SEVERE: Not enough gas
</system-err>
  </testcase>
  <testcase time="5.8" classname="net.bigpoint.assessment.gasstation.implementation.StationImplTest" name="testBuyGasDepleted">
    <failure message="expected [true] but found [false]" type="java.lang.AssertionError">java.lang.AssertionError: expected [true] but found [false]
	at org.testng.Assert.fail(Assert.java:94)
	at org.testng.Assert.failNotEquals(Assert.java:494)
	at org.testng.Assert.assertTrue(Assert.java:42)
	at org.testng.Assert.assertTrue(Assert.java:52)
	at net.bigpoint.assessment.gasstation.implementation.StationImplTest.testBuyGasDepleted(StationImplTest.java:147)
</failure>
  </testcase>
  <testcase time="5.801" classname="net.bigpoint.assessment.gasstation.implementation.StationImplTest" name="testBuyGasDepleted">
    <failure message="expected [true] but found [false]" type="java.lang.AssertionError">java.lang.AssertionError: expected [true] but found [false]
	at org.testng.Assert.fail(Assert.java:94)
	at org.testng.Assert.failNotEquals(Assert.java:494)
	at org.testng.Assert.assertTrue(Assert.java:42)
	at org.testng.Assert.assertTrue(Assert.java:52)
	at net.bigpoint.assessment.gasstation.implementation.StationImplTest.testBuyGasDepleted(StationImplTest.java:147)
</failure>
  </testcase>
  <testcase time="5.802" classname="net.bigpoint.assessment.gasstation.implementation.StationImplTest" name="testBuyGasDepleted">
    <failure message="expected [true] but found [false]" type="java.lang.AssertionError">java.lang.AssertionError: expected [true] but found [false]
	at org.testng.Assert.fail(Assert.java:94)
	at org.testng.Assert.failNotEquals(Assert.java:494)
	at org.testng.Assert.assertTrue(Assert.java:42)
	at org.testng.Assert.assertTrue(Assert.java:52)
	at net.bigpoint.assessment.gasstation.implementation.StationImplTest.testBuyGasDepleted(StationImplTest.java:147)
</failure>
    <system-err>Jul 06, 2014 12:56:58 PM net.bigpoint.assessment.gasstation.implementation.StationImplTest testBuyGasDepleted
SEVERE: Not enough gas
Jul 06, 2014 12:56:58 PM net.bigpoint.assessment.gasstation.implementation.StationImplTest testBuyGasDepleted
SEVERE: Not enough gas
Jul 06, 2014 12:56:58 PM net.bigpoint.assessment.gasstation.implementation.StationImplTest testBuyGasDepleted
SEVERE: Not enough gas
</system-err>
  </testcase>
  <testcase time="5.802" classname="net.bigpoint.assessment.gasstation.implementation.StationImplTest" name="testBuyGasDepleted">
    <failure message="expected [true] but found [false]" type="java.lang.AssertionError">java.lang.AssertionError: expected [true] but found [false]
	at org.testng.Assert.fail(Assert.java:94)
	at org.testng.Assert.failNotEquals(Assert.java:494)
	at org.testng.Assert.assertTrue(Assert.java:42)
	at org.testng.Assert.assertTrue(Assert.java:52)
	at net.bigpoint.assessment.gasstation.implementation.StationImplTest.testBuyGasDepleted(StationImplTest.java:147)
</failure>
  </testcase>
  <testcase time="5.803" classname="net.bigpoint.assessment.gasstation.implementation.StationImplTest" name="testBuyGasDepleted">
    <failure message="expected [true] but found [false]" type="java.lang.AssertionError">java.lang.AssertionError: expected [true] but found [false]
	at org.testng.Assert.fail(Assert.java:94)
	at org.testng.Assert.failNotEquals(Assert.java:494)
	at org.testng.Assert.assertTrue(Assert.java:42)
	at org.testng.Assert.assertTrue(Assert.java:52)
	at net.bigpoint.assessment.gasstation.implementation.StationImplTest.testBuyGasDepleted(StationImplTest.java:147)
</failure>
    <system-err>Jul 06, 2014 12:56:58 PM net.bigpoint.assessment.gasstation.implementation.StationImplTest testBuyGasDepleted
SEVERE: Not enough gas
</system-err>
  </testcase>
  <testcase time="5.803" classname="net.bigpoint.assessment.gasstation.implementation.StationImplTest" name="testBuyGasDepleted">
    <failure message="expected [true] but found [false]" type="java.lang.AssertionError">java.lang.AssertionError: expected [true] but found [false]
	at org.testng.Assert.fail(Assert.java:94)
	at org.testng.Assert.failNotEquals(Assert.java:494)
	at org.testng.Assert.assertTrue(Assert.java:42)
	at org.testng.Assert.assertTrue(Assert.java:52)
	at net.bigpoint.assessment.gasstation.implementation.StationImplTest.testBuyGasDepleted(StationImplTest.java:147)
</failure>
    <system-err>Jul 06, 2014 12:56:58 PM net.bigpoint.assessment.gasstation.implementation.StationImplTest testBuyGasDepleted
SEVERE: Not enough gas
</system-err>
  </testcase>
  <testcase time="5.803" classname="net.bigpoint.assessment.gasstation.implementation.StationImplTest" name="testBuyGasDepleted">
    <failure message="expected [true] but found [false]" type="java.lang.AssertionError">java.lang.AssertionError: expected [true] but found [false]
	at org.testng.Assert.fail(Assert.java:94)
	at org.testng.Assert.failNotEquals(Assert.java:494)
	at org.testng.Assert.assertTrue(Assert.java:42)
	at org.testng.Assert.assertTrue(Assert.java:52)
	at net.bigpoint.assessment.gasstation.implementation.StationImplTest.testBuyGasDepleted(StationImplTest.java:147)
</failure>
    <system-err>Jul 06, 2014 12:56:58 PM net.bigpoint.assessment.gasstation.implementation.StationImplTest testBuyGasDepleted
SEVERE: Not enough gas
</system-err>
  </testcase>
  <testcase time="5.804" classname="net.bigpoint.assessment.gasstation.implementation.StationImplTest" name="testBuyGasDepleted">
    <failure message="expected [true] but found [false]" type="java.lang.AssertionError">java.lang.AssertionError: expected [true] but found [false]
	at org.testng.Assert.fail(Assert.java:94)
	at org.testng.Assert.failNotEquals(Assert.java:494)
	at org.testng.Assert.assertTrue(Assert.java:42)
	at org.testng.Assert.assertTrue(Assert.java:52)
	at net.bigpoint.assessment.gasstation.implementation.StationImplTest.testBuyGasDepleted(StationImplTest.java:147)
</failure>
  </testcase>
  <testcase time="5.804" classname="net.bigpoint.assessment.gasstation.implementation.StationImplTest" name="testBuyGasDepleted">
    <failure message="expected [true] but found [false]" type="java.lang.AssertionError">java.lang.AssertionError: expected [true] but found [false]
	at org.testng.Assert.fail(Assert.java:94)
	at org.testng.Assert.failNotEquals(Assert.java:494)
	at org.testng.Assert.assertTrue(Assert.java:42)
	at org.testng.Assert.assertTrue(Assert.java:52)
	at net.bigpoint.assessment.gasstation.implementation.StationImplTest.testBuyGasDepleted(StationImplTest.java:147)
</failure>
  </testcase>
  <testcase time="5.804" classname="net.bigpoint.assessment.gasstation.implementation.StationImplTest" name="testBuyGasDepleted">
    <failure message="expected [true] but found [false]" type="java.lang.AssertionError">java.lang.AssertionError: expected [true] but found [false]
	at org.testng.Assert.fail(Assert.java:94)
	at org.testng.Assert.failNotEquals(Assert.java:494)
	at org.testng.Assert.assertTrue(Assert.java:42)
	at org.testng.Assert.assertTrue(Assert.java:52)
	at net.bigpoint.assessment.gasstation.implementation.StationImplTest.testBuyGasDepleted(StationImplTest.java:147)
</failure>
  </testcase>
  <testcase time="5.804" classname="net.bigpoint.assessment.gasstation.implementation.StationImplTest" name="testBuyGasDepleted">
    <failure message="expected [true] but found [false]" type="java.lang.AssertionError">java.lang.AssertionError: expected [true] but found [false]
	at org.testng.Assert.fail(Assert.java:94)
	at org.testng.Assert.failNotEquals(Assert.java:494)
	at org.testng.Assert.assertTrue(Assert.java:42)
	at org.testng.Assert.assertTrue(Assert.java:52)
	at net.bigpoint.assessment.gasstation.implementation.StationImplTest.testBuyGasDepleted(StationImplTest.java:147)
</failure>
  </testcase>
  <testcase time="5.804" classname="net.bigpoint.assessment.gasstation.implementation.StationImplTest" name="testBuyGasDepleted">
    <failure message="expected [true] but found [false]" type="java.lang.AssertionError">java.lang.AssertionError: expected [true] but found [false]
	at org.testng.Assert.fail(Assert.java:94)
	at org.testng.Assert.failNotEquals(Assert.java:494)
	at org.testng.Assert.assertTrue(Assert.java:42)
	at org.testng.Assert.assertTrue(Assert.java:52)
	at net.bigpoint.assessment.gasstation.implementation.StationImplTest.testBuyGasDepleted(StationImplTest.java:147)
</failure>
    <system-err>Jul 06, 2014 12:56:58 PM net.bigpoint.assessment.gasstation.implementation.StationImplTest testBuyGasDepleted
SEVERE: Not enough gas
Jul 06, 2014 12:56:58 PM net.bigpoint.assessment.gasstation.implementation.StationImplTest testBuyGasDepleted
SEVERE: Not enough gas
</system-err>
  </testcase>
  <testcase time="5.804" classname="net.bigpoint.assessment.gasstation.implementation.StationImplTest" name="testBuyGasDepleted">
    <failure message="expected [true] but found [false]" type="java.lang.AssertionError">java.lang.AssertionError: expected [true] but found [false]
	at org.testng.Assert.fail(Assert.java:94)
	at org.testng.Assert.failNotEquals(Assert.java:494)
	at org.testng.Assert.assertTrue(Assert.java:42)
	at org.testng.Assert.assertTrue(Assert.java:52)
	at net.bigpoint.assessment.gasstation.implementation.StationImplTest.testBuyGasDepleted(StationImplTest.java:147)
</failure>
    <system-err>Jul 06, 2014 12:56:58 PM net.bigpoint.assessment.gasstation.implementation.StationImplTest testBuyGasDepleted
SEVERE: Not enough gas
</system-err>
  </testcase>
  <testcase time="5.804" classname="net.bigpoint.assessment.gasstation.implementation.StationImplTest" name="testBuyGasDepleted">
    <failure message="expected [true] but found [false]" type="java.lang.AssertionError">java.lang.AssertionError: expected [true] but found [false]
	at org.testng.Assert.fail(Assert.java:94)
	at org.testng.Assert.failNotEquals(Assert.java:494)
	at org.testng.Assert.assertTrue(Assert.java:42)
	at org.testng.Assert.assertTrue(Assert.java:52)
	at net.bigpoint.assessment.gasstation.implementation.StationImplTest.testBuyGasDepleted(StationImplTest.java:147)
</failure>
  </testcase>
  <testcase time="5.805" classname="net.bigpoint.assessment.gasstation.implementation.StationImplTest" name="testBuyGasDepleted">
    <failure message="expected [true] but found [false]" type="java.lang.AssertionError">java.lang.AssertionError: expected [true] but found [false]
	at org.testng.Assert.fail(Assert.java:94)
	at org.testng.Assert.failNotEquals(Assert.java:494)
	at org.testng.Assert.assertTrue(Assert.java:42)
	at org.testng.Assert.assertTrue(Assert.java:52)
	at net.bigpoint.assessment.gasstation.implementation.StationImplTest.testBuyGasDepleted(StationImplTest.java:147)
</failure>
    <system-err>Jul 06, 2014 12:56:58 PM net.bigpoint.assessment.gasstation.implementation.StationImplTest testBuyGasDepleted
SEVERE: Not enough gas
Jul 06, 2014 12:56:58 PM net.bigpoint.assessment.gasstation.implementation.StationImplTest testBuyGasDepleted
SEVERE: Not enough gas
</system-err>
  </testcase>
  <testcase time="5.805" classname="net.bigpoint.assessment.gasstation.implementation.StationImplTest" name="testBuyGasDepleted">
    <failure message="expected [true] but found [false]" type="java.lang.AssertionError">java.lang.AssertionError: expected [true] but found [false]
	at org.testng.Assert.fail(Assert.java:94)
	at org.testng.Assert.failNotEquals(Assert.java:494)
	at org.testng.Assert.assertTrue(Assert.java:42)
	at org.testng.Assert.assertTrue(Assert.java:52)
	at net.bigpoint.assessment.gasstation.implementation.StationImplTest.testBuyGasDepleted(StationImplTest.java:147)
</failure>
  </testcase>
  <testcase time="5.805" classname="net.bigpoint.assessment.gasstation.implementation.StationImplTest" name="testBuyGasDepleted">
    <failure message="expected [true] but found [false]" type="java.lang.AssertionError">java.lang.AssertionError: expected [true] but found [false]
	at org.testng.Assert.fail(Assert.java:94)
	at org.testng.Assert.failNotEquals(Assert.java:494)
	at org.testng.Assert.assertTrue(Assert.java:42)
	at org.testng.Assert.assertTrue(Assert.java:52)
	at net.bigpoint.assessment.gasstation.implementation.StationImplTest.testBuyGasDepleted(StationImplTest.java:147)
</failure>
    <system-err>Jul 06, 2014 12:56:58 PM net.bigpoint.assessment.gasstation.implementation.StationImplTest testBuyGasDepleted
SEVERE: Not enough gas
Jul 06, 2014 12:56:58 PM net.bigpoint.assessment.gasstation.implementation.StationImplTest testBuyGasDepleted
SEVERE: Not enough gas
</system-err>
  </testcase>
  <testcase time="5.806" classname="net.bigpoint.assessment.gasstation.implementation.StationImplTest" name="testBuyGasDepleted">
    <failure message="expected [true] but found [false]" type="java.lang.AssertionError">java.lang.AssertionError: expected [true] but found [false]
	at org.testng.Assert.fail(Assert.java:94)
	at org.testng.Assert.failNotEquals(Assert.java:494)
	at org.testng.Assert.assertTrue(Assert.java:42)
	at org.testng.Assert.assertTrue(Assert.java:52)
	at net.bigpoint.assessment.gasstation.implementation.StationImplTest.testBuyGasDepleted(StationImplTest.java:147)
</failure>
  </testcase>
  <testcase time="5.806" classname="net.bigpoint.assessment.gasstation.implementation.StationImplTest" name="testBuyGasDepleted">
    <failure message="expected [true] but found [false]" type="java.lang.AssertionError">java.lang.AssertionError: expected [true] but found [false]
	at org.testng.Assert.fail(Assert.java:94)
	at org.testng.Assert.failNotEquals(Assert.java:494)
	at org.testng.Assert.assertTrue(Assert.java:42)
	at org.testng.Assert.assertTrue(Assert.java:52)
	at net.bigpoint.assessment.gasstation.implementation.StationImplTest.testBuyGasDepleted(StationImplTest.java:147)
</failure>
    <system-err>Jul 06, 2014 12:56:58 PM net.bigpoint.assessment.gasstation.implementation.StationImplTest testBuyGasDepleted
SEVERE: Not enough gas
Jul 06, 2014 12:56:58 PM net.bigpoint.assessment.gasstation.implementation.StationImplTest testBuyGasDepleted
SEVERE: Not enough gas
</system-err>
  </testcase>
  <testcase time="5.806" classname="net.bigpoint.assessment.gasstation.implementation.StationImplTest" name="testBuyGasDepleted">
    <failure message="expected [true] but found [false]" type="java.lang.AssertionError">java.lang.AssertionError: expected [true] but found [false]
	at org.testng.Assert.fail(Assert.java:94)
	at org.testng.Assert.failNotEquals(Assert.java:494)
	at org.testng.Assert.assertTrue(Assert.java:42)
	at org.testng.Assert.assertTrue(Assert.java:52)
	at net.bigpoint.assessment.gasstation.implementation.StationImplTest.testBuyGasDepleted(StationImplTest.java:147)
</failure>
  </testcase>
  <testcase time="5.806" classname="net.bigpoint.assessment.gasstation.implementation.StationImplTest" name="testBuyGasDepleted">
    <failure message="expected [true] but found [false]" type="java.lang.AssertionError">java.lang.AssertionError: expected [true] but found [false]
	at org.testng.Assert.fail(Assert.java:94)
	at org.testng.Assert.failNotEquals(Assert.java:494)
	at org.testng.Assert.assertTrue(Assert.java:42)
	at org.testng.Assert.assertTrue(Assert.java:52)
	at net.bigpoint.assessment.gasstation.implementation.StationImplTest.testBuyGasDepleted(StationImplTest.java:147)
</failure>
  </testcase>
  <testcase time="5.806" classname="net.bigpoint.assessment.gasstation.implementation.StationImplTest" name="testBuyGasDepleted">
    <failure message="expected [true] but found [false]" type="java.lang.AssertionError">java.lang.AssertionError: expected [true] but found [false]
	at org.testng.Assert.fail(Assert.java:94)
	at org.testng.Assert.failNotEquals(Assert.java:494)
	at org.testng.Assert.assertTrue(Assert.java:42)
	at org.testng.Assert.assertTrue(Assert.java:52)
	at net.bigpoint.assessment.gasstation.implementation.StationImplTest.testBuyGasDepleted(StationImplTest.java:147)
</failure>
    <system-err>Jul 06, 2014 12:56:58 PM net.bigpoint.assessment.gasstation.implementation.StationImplTest testBuyGasDepleted
SEVERE: Not enough gas
Jul 06, 2014 12:56:58 PM net.bigpoint.assessment.gasstation.implementation.StationImplTest testBuyGasDepleted
SEVERE: Not enough gas
</system-err>
  </testcase>
  <testcase time="5.807" classname="net.bigpoint.assessment.gasstation.implementation.StationImplTest" name="testBuyGasDepleted">
    <failure message="expected [true] but found [false]" type="java.lang.AssertionError">java.lang.AssertionError: expected [true] but found [false]
	at org.testng.Assert.fail(Assert.java:94)
	at org.testng.Assert.failNotEquals(Assert.java:494)
	at org.testng.Assert.assertTrue(Assert.java:42)
	at org.testng.Assert.assertTrue(Assert.java:52)
	at net.bigpoint.assessment.gasstation.implementation.StationImplTest.testBuyGasDepleted(StationImplTest.java:147)
</failure>
    <system-err>Jul 06, 2014 12:56:58 PM net.bigpoint.assessment.gasstation.implementation.StationImplTest testBuyGasDepleted
SEVERE: Not enough gas
</system-err>
  </testcase>
  <testcase time="5.807" classname="net.bigpoint.assessment.gasstation.implementation.StationImplTest" name="testBuyGasDepleted">
    <failure message="expected [true] but found [false]" type="java.lang.AssertionError">java.lang.AssertionError: expected [true] but found [false]
	at org.testng.Assert.fail(Assert.java:94)
	at org.testng.Assert.failNotEquals(Assert.java:494)
	at org.testng.Assert.assertTrue(Assert.java:42)
	at org.testng.Assert.assertTrue(Assert.java:52)
	at net.bigpoint.assessment.gasstation.implementation.StationImplTest.testBuyGasDepleted(StationImplTest.java:147)
</failure>
    <system-err>Jul 06, 2014 12:56:58 PM net.bigpoint.assessment.gasstation.implementation.StationImplTest testBuyGasDepleted
SEVERE: Not enough gas
</system-err>
  </testcase>
  <testcase time="5.808" classname="net.bigpoint.assessment.gasstation.implementation.StationImplTest" name="testBuyGasDepleted">
    <failure message="expected [true] but found [false]" type="java.lang.AssertionError">java.lang.AssertionError: expected [true] but found [false]
	at org.testng.Assert.fail(Assert.java:94)
	at org.testng.Assert.failNotEquals(Assert.java:494)
	at org.testng.Assert.assertTrue(Assert.java:42)
	at org.testng.Assert.assertTrue(Assert.java:52)
	at net.bigpoint.assessment.gasstation.implementation.StationImplTest.testBuyGasDepleted(StationImplTest.java:147)
</failure>
    <system-err>Jul 06, 2014 12:56:58 PM net.bigpoint.assessment.gasstation.implementation.StationImplTest testBuyGasDepleted
SEVERE: Not enough gas
</system-err>
  </testcase>
  <testcase time="5.808" classname="net.bigpoint.assessment.gasstation.implementation.StationImplTest" name="testBuyGasDepleted">
    <failure message="expected [true] but found [false]" type="java.lang.AssertionError">java.lang.AssertionError: expected [true] but found [false]
	at org.testng.Assert.fail(Assert.java:94)
	at org.testng.Assert.failNotEquals(Assert.java:494)
	at org.testng.Assert.assertTrue(Assert.java:42)
	at org.testng.Assert.assertTrue(Assert.java:52)
	at net.bigpoint.assessment.gasstation.implementation.StationImplTest.testBuyGasDepleted(StationImplTest.java:147)
</failure>
    <system-err>Jul 06, 2014 12:56:58 PM net.bigpoint.assessment.gasstation.implementation.StationImplTest testBuyGasDepleted
SEVERE: Not enough gas
</system-err>
  </testcase>
  <testcase time="5.808" classname="net.bigpoint.assessment.gasstation.implementation.StationImplTest" name="testBuyGasDepleted">
    <failure message="expected [true] but found [false]" type="java.lang.AssertionError">java.lang.AssertionError: expected [true] but found [false]
	at org.testng.Assert.fail(Assert.java:94)
	at org.testng.Assert.failNotEquals(Assert.java:494)
	at org.testng.Assert.assertTrue(Assert.java:42)
	at org.testng.Assert.assertTrue(Assert.java:52)
	at net.bigpoint.assessment.gasstation.implementation.StationImplTest.testBuyGasDepleted(StationImplTest.java:147)
</failure>
  </testcase>
  <testcase time="5.809" classname="net.bigpoint.assessment.gasstation.implementation.StationImplTest" name="testBuyGasDepleted">
    <failure message="expected [true] but found [false]" type="java.lang.AssertionError">java.lang.AssertionError: expected [true] but found [false]
	at org.testng.Assert.fail(Assert.java:94)
	at org.testng.Assert.failNotEquals(Assert.java:494)
	at org.testng.Assert.assertTrue(Assert.java:42)
	at org.testng.Assert.assertTrue(Assert.java:52)
	at net.bigpoint.assessment.gasstation.implementation.StationImplTest.testBuyGasDepleted(StationImplTest.java:147)
</failure>
    <system-err>Jul 06, 2014 12:56:58 PM net.bigpoint.assessment.gasstation.implementation.StationImplTest testBuyGasDepleted
SEVERE: Not enough gas
Jul 06, 2014 12:56:58 PM net.bigpoint.assessment.gasstation.implementation.StationImplTest testBuyGasDepleted
SEVERE: Not enough gas
</system-err>
  </testcase>
  <testcase time="5.809" classname="net.bigpoint.assessment.gasstation.implementation.StationImplTest" name="testBuyGasDepleted">
    <failure message="expected [true] but found [false]" type="java.lang.AssertionError">java.lang.AssertionError: expected [true] but found [false]
	at org.testng.Assert.fail(Assert.java:94)
	at org.testng.Assert.failNotEquals(Assert.java:494)
	at org.testng.Assert.assertTrue(Assert.java:42)
	at org.testng.Assert.assertTrue(Assert.java:52)
	at net.bigpoint.assessment.gasstation.implementation.StationImplTest.testBuyGasDepleted(StationImplTest.java:147)
</failure>
  </testcase>
  <testcase time="5.809" classname="net.bigpoint.assessment.gasstation.implementation.StationImplTest" name="testBuyGasDepleted">
    <failure message="expected [true] but found [false]" type="java.lang.AssertionError">java.lang.AssertionError: expected [true] but found [false]
	at org.testng.Assert.fail(Assert.java:94)
	at org.testng.Assert.failNotEquals(Assert.java:494)
	at org.testng.Assert.assertTrue(Assert.java:42)
	at org.testng.Assert.assertTrue(Assert.java:52)
	at net.bigpoint.assessment.gasstation.implementation.StationImplTest.testBuyGasDepleted(StationImplTest.java:147)
</failure>
    <system-err>Jul 06, 2014 12:56:58 PM net.bigpoint.assessment.gasstation.implementation.StationImplTest testBuyGasDepleted
SEVERE: Not enough gas
</system-err>
  </testcase>
  <testcase time="5.809" classname="net.bigpoint.assessment.gasstation.implementation.StationImplTest" name="testBuyGasDepleted">
    <failure message="expected [true] but found [false]" type="java.lang.AssertionError">java.lang.AssertionError: expected [true] but found [false]
	at org.testng.Assert.fail(Assert.java:94)
	at org.testng.Assert.failNotEquals(Assert.java:494)
	at org.testng.Assert.assertTrue(Assert.java:42)
	at org.testng.Assert.assertTrue(Assert.java:52)
	at net.bigpoint.assessment.gasstation.implementation.StationImplTest.testBuyGasDepleted(StationImplTest.java:147)
</failure>
    <system-err>Jul 06, 2014 12:56:58 PM net.bigpoint.assessment.gasstation.implementation.StationImplTest testBuyGasDepleted
SEVERE: Not enough gas
</system-err>
  </testcase>
  <testcase time="5.81" classname="net.bigpoint.assessment.gasstation.implementation.StationImplTest" name="testBuyGasDepleted">
    <failure message="expected [true] but found [false]" type="java.lang.AssertionError">java.lang.AssertionError: expected [true] but found [false]
	at org.testng.Assert.fail(Assert.java:94)
	at org.testng.Assert.failNotEquals(Assert.java:494)
	at org.testng.Assert.assertTrue(Assert.java:42)
	at org.testng.Assert.assertTrue(Assert.java:52)
	at net.bigpoint.assessment.gasstation.implementation.StationImplTest.testBuyGasDepleted(StationImplTest.java:147)
</failure>
  </testcase>
  <testcase time="5.81" classname="net.bigpoint.assessment.gasstation.implementation.StationImplTest" name="testBuyGasDepleted">
    <failure message="expected [true] but found [false]" type="java.lang.AssertionError">java.lang.AssertionError: expected [true] but found [false]
	at org.testng.Assert.fail(Assert.java:94)
	at org.testng.Assert.failNotEquals(Assert.java:494)
	at org.testng.Assert.assertTrue(Assert.java:42)
	at org.testng.Assert.assertTrue(Assert.java:52)
	at net.bigpoint.assessment.gasstation.implementation.StationImplTest.testBuyGasDepleted(StationImplTest.java:147)
</failure>
    <system-err>Jul 06, 2014 12:56:58 PM net.bigpoint.assessment.gasstation.implementation.StationImplTest testBuyGasDepleted
SEVERE: Not enough gas
Jul 06, 2014 12:56:58 PM net.bigpoint.assessment.gasstation.implementation.StationImplTest testBuyGasDepleted
SEVERE: Not enough gas
</system-err>
  </testcase>
  <testcase time="5.81" classname="net.bigpoint.assessment.gasstation.implementation.StationImplTest" name="testBuyGasDepleted">
    <failure message="expected [true] but found [false]" type="java.lang.AssertionError">java.lang.AssertionError: expected [true] but found [false]
	at org.testng.Assert.fail(Assert.java:94)
	at org.testng.Assert.failNotEquals(Assert.java:494)
	at org.testng.Assert.assertTrue(Assert.java:42)
	at org.testng.Assert.assertTrue(Assert.java:52)
	at net.bigpoint.assessment.gasstation.implementation.StationImplTest.testBuyGasDepleted(StationImplTest.java:147)
</failure>
  </testcase>
  <testcase time="5.811" classname="net.bigpoint.assessment.gasstation.implementation.StationImplTest" name="testBuyGasDepleted">
    <failure message="expected [true] but found [false]" type="java.lang.AssertionError">java.lang.AssertionError: expected [true] but found [false]
	at org.testng.Assert.fail(Assert.java:94)
	at org.testng.Assert.failNotEquals(Assert.java:494)
	at org.testng.Assert.assertTrue(Assert.java:42)
	at org.testng.Assert.assertTrue(Assert.java:52)
	at net.bigpoint.assessment.gasstation.implementation.StationImplTest.testBuyGasDepleted(StationImplTest.java:147)
</failure>
    <system-err>Jul 06, 2014 12:56:58 PM net.bigpoint.assessment.gasstation.implementation.StationImplTest testBuyGasDepleted
SEVERE: Not enough gas
</system-err>
  </testcase>
  <testcase time="5.812" classname="net.bigpoint.assessment.gasstation.implementation.StationImplTest" name="testBuyGasDepleted">
    <failure message="expected [true] but found [false]" type="java.lang.AssertionError">java.lang.AssertionError: expected [true] but found [false]
	at org.testng.Assert.fail(Assert.java:94)
	at org.testng.Assert.failNotEquals(Assert.java:494)
	at org.testng.Assert.assertTrue(Assert.java:42)
	at org.testng.Assert.assertTrue(Assert.java:52)
	at net.bigpoint.assessment.gasstation.implementation.StationImplTest.testBuyGasDepleted(StationImplTest.java:147)
</failure>
    <system-err>Jul 06, 2014 12:56:58 PM net.bigpoint.assessment.gasstation.implementation.StationImplTest testBuyGasDepleted
SEVERE: Not enough gas
Jul 06, 2014 12:56:58 PM net.bigpoint.assessment.gasstation.implementation.StationImplTest testBuyGasDepleted
SEVERE: Not enough gas
</system-err>
  </testcase>
  <testcase time="5.812" classname="net.bigpoint.assessment.gasstation.implementation.StationImplTest" name="testBuyGasDepleted">
    <failure message="expected [true] but found [false]" type="java.lang.AssertionError">java.lang.AssertionError: expected [true] but found [false]
	at org.testng.Assert.fail(Assert.java:94)
	at org.testng.Assert.failNotEquals(Assert.java:494)
	at org.testng.Assert.assertTrue(Assert.java:42)
	at org.testng.Assert.assertTrue(Assert.java:52)
	at net.bigpoint.assessment.gasstation.implementation.StationImplTest.testBuyGasDepleted(StationImplTest.java:147)
</failure>
  </testcase>
  <testcase time="5.812" classname="net.bigpoint.assessment.gasstation.implementation.StationImplTest" name="testBuyGasDepleted">
    <failure message="expected [true] but found [false]" type="java.lang.AssertionError">java.lang.AssertionError: expected [true] but found [false]
	at org.testng.Assert.fail(Assert.java:94)
	at org.testng.Assert.failNotEquals(Assert.java:494)
	at org.testng.Assert.assertTrue(Assert.java:42)
	at org.testng.Assert.assertTrue(Assert.java:52)
	at net.bigpoint.assessment.gasstation.implementation.StationImplTest.testBuyGasDepleted(StationImplTest.java:147)
</failure>
    <system-err>Jul 06, 2014 12:56:58 PM net.bigpoint.assessment.gasstation.implementation.StationImplTest testBuyGasDepleted
SEVERE: Not enough gas
</system-err>
  </testcase>
  <testcase time="5.813" classname="net.bigpoint.assessment.gasstation.implementation.StationImplTest" name="testBuyGasDepleted">
    <failure message="expected [true] but found [false]" type="java.lang.AssertionError">java.lang.AssertionError: expected [true] but found [false]
	at org.testng.Assert.fail(Assert.java:94)
	at org.testng.Assert.failNotEquals(Assert.java:494)
	at org.testng.Assert.assertTrue(Assert.java:42)
	at org.testng.Assert.assertTrue(Assert.java:52)
	at net.bigpoint.assessment.gasstation.implementation.StationImplTest.testBuyGasDepleted(StationImplTest.java:147)
</failure>
    <system-err>Jul 06, 2014 12:56:58 PM net.bigpoint.assessment.gasstation.implementation.StationImplTest testBuyGasDepleted
SEVERE: Not enough gas
</system-err>
  </testcase>
  <testcase time="5.813" classname="net.bigpoint.assessment.gasstation.implementation.StationImplTest" name="testBuyGasDepleted">
    <failure message="expected [true] but found [false]" type="java.lang.AssertionError">java.lang.AssertionError: expected [true] but found [false]
	at org.testng.Assert.fail(Assert.java:94)
	at org.testng.Assert.failNotEquals(Assert.java:494)
	at org.testng.Assert.assertTrue(Assert.java:42)
	at org.testng.Assert.assertTrue(Assert.java:52)
	at net.bigpoint.assessment.gasstation.implementation.StationImplTest.testBuyGasDepleted(StationImplTest.java:147)
</failure>
    <system-err>Jul 06, 2014 12:56:58 PM net.bigpoint.assessment.gasstation.implementation.StationImplTest testBuyGasDepleted
SEVERE: Not enough gas
</system-err>
  </testcase>
  <testcase time="5.814" classname="net.bigpoint.assessment.gasstation.implementation.StationImplTest" name="testBuyGasDepleted">
    <failure message="expected [true] but found [false]" type="java.lang.AssertionError">java.lang.AssertionError: expected [true] but found [false]
	at org.testng.Assert.fail(Assert.java:94)
	at org.testng.Assert.failNotEquals(Assert.java:494)
	at org.testng.Assert.assertTrue(Assert.java:42)
	at org.testng.Assert.assertTrue(Assert.java:52)
	at net.bigpoint.assessment.gasstation.implementation.StationImplTest.testBuyGasDepleted(StationImplTest.java:147)
</failure>
    <system-err>Jul 06, 2014 12:56:58 PM net.bigpoint.assessment.gasstation.implementation.StationImplTest testBuyGasDepleted
SEVERE: Not enough gas
</system-err>
  </testcase>
  <testcase time="5.814" classname="net.bigpoint.assessment.gasstation.implementation.StationImplTest" name="testBuyGasDepleted">
    <failure message="expected [true] but found [false]" type="java.lang.AssertionError">java.lang.AssertionError: expected [true] but found [false]
	at org.testng.Assert.fail(Assert.java:94)
	at org.testng.Assert.failNotEquals(Assert.java:494)
	at org.testng.Assert.assertTrue(Assert.java:42)
	at org.testng.Assert.assertTrue(Assert.java:52)
	at net.bigpoint.assessment.gasstation.implementation.StationImplTest.testBuyGasDepleted(StationImplTest.java:147)
</failure>
    <system-err>Jul 06, 2014 12:56:58 PM net.bigpoint.assessment.gasstation.implementation.StationImplTest testBuyGasDepleted
SEVERE: Not enough gas
</system-err>
  </testcase>
  <testcase time="5.814" classname="net.bigpoint.assessment.gasstation.implementation.StationImplTest" name="testBuyGasDepleted">
    <failure message="expected [true] but found [false]" type="java.lang.AssertionError">java.lang.AssertionError: expected [true] but found [false]
	at org.testng.Assert.fail(Assert.java:94)
	at org.testng.Assert.failNotEquals(Assert.java:494)
	at org.testng.Assert.assertTrue(Assert.java:42)
	at org.testng.Assert.assertTrue(Assert.java:52)
	at net.bigpoint.assessment.gasstation.implementation.StationImplTest.testBuyGasDepleted(StationImplTest.java:147)
</failure>
  </testcase>
  <testcase time="5.815" classname="net.bigpoint.assessment.gasstation.implementation.StationImplTest" name="testBuyGasDepleted">
    <failure message="expected [true] but found [false]" type="java.lang.AssertionError">java.lang.AssertionError: expected [true] but found [false]
	at org.testng.Assert.fail(Assert.java:94)
	at org.testng.Assert.failNotEquals(Assert.java:494)
	at org.testng.Assert.assertTrue(Assert.java:42)
	at org.testng.Assert.assertTrue(Assert.java:52)
	at net.bigpoint.assessment.gasstation.implementation.StationImplTest.testBuyGasDepleted(StationImplTest.java:147)
</failure>
  </testcase>
  <testcase time="5.815" classname="net.bigpoint.assessment.gasstation.implementation.StationImplTest" name="testBuyGasDepleted">
    <failure message="expected [true] but found [false]" type="java.lang.AssertionError">java.lang.AssertionError: expected [true] but found [false]
	at org.testng.Assert.fail(Assert.java:94)
	at org.testng.Assert.failNotEquals(Assert.java:494)
	at org.testng.Assert.assertTrue(Assert.java:42)
	at org.testng.Assert.assertTrue(Assert.java:52)
	at net.bigpoint.assessment.gasstation.implementation.StationImplTest.testBuyGasDepleted(StationImplTest.java:147)
</failure>
    <system-err>Jul 06, 2014 12:56:58 PM net.bigpoint.assessment.gasstation.implementation.StationImplTest testBuyGasDepleted
SEVERE: Not enough gas
</system-err>
  </testcase>
  <testcase time="5.816" classname="net.bigpoint.assessment.gasstation.implementation.StationImplTest" name="testBuyGasDepleted">
    <failure message="expected [true] but found [false]" type="java.lang.AssertionError">java.lang.AssertionError: expected [true] but found [false]
	at org.testng.Assert.fail(Assert.java:94)
	at org.testng.Assert.failNotEquals(Assert.java:494)
	at org.testng.Assert.assertTrue(Assert.java:42)
	at org.testng.Assert.assertTrue(Assert.java:52)
	at net.bigpoint.assessment.gasstation.implementation.StationImplTest.testBuyGasDepleted(StationImplTest.java:147)
</failure>
    <system-err>Jul 06, 2014 12:56:58 PM net.bigpoint.assessment.gasstation.implementation.StationImplTest testBuyGasDepleted
SEVERE: Not enough gas
Jul 06, 2014 12:56:58 PM net.bigpoint.assessment.gasstation.implementation.StationImplTest testBuyGasDepleted
SEVERE: Not enough gas
</system-err>
  </testcase>
  <testcase time="5.816" classname="net.bigpoint.assessment.gasstation.implementation.StationImplTest" name="testBuyGasDepleted">
    <failure message="expected [true] but found [false]" type="java.lang.AssertionError">java.lang.AssertionError: expected [true] but found [false]
	at org.testng.Assert.fail(Assert.java:94)
	at org.testng.Assert.failNotEquals(Assert.java:494)
	at org.testng.Assert.assertTrue(Assert.java:42)
	at org.testng.Assert.assertTrue(Assert.java:52)
	at net.bigpoint.assessment.gasstation.implementation.StationImplTest.testBuyGasDepleted(StationImplTest.java:147)
</failure>
    <system-err>Jul 06, 2014 12:56:58 PM net.bigpoint.assessment.gasstation.implementation.StationImplTest testBuyGasDepleted
SEVERE: Not enough gas
</system-err>
  </testcase>
  <testcase time="5.816" classname="net.bigpoint.assessment.gasstation.implementation.StationImplTest" name="testBuyGasDepleted">
    <failure message="expected [true] but found [false]" type="java.lang.AssertionError">java.lang.AssertionError: expected [true] but found [false]
	at org.testng.Assert.fail(Assert.java:94)
	at org.testng.Assert.failNotEquals(Assert.java:494)
	at org.testng.Assert.assertTrue(Assert.java:42)
	at org.testng.Assert.assertTrue(Assert.java:52)
	at net.bigpoint.assessment.gasstation.implementation.StationImplTest.testBuyGasDepleted(StationImplTest.java:147)
</failure>
  </testcase>
  <testcase time="5.817" classname="net.bigpoint.assessment.gasstation.implementation.StationImplTest" name="testBuyGasDepleted">
    <failure message="expected [true] but found [false]" type="java.lang.AssertionError">java.lang.AssertionError: expected [true] but found [false]
	at org.testng.Assert.fail(Assert.java:94)
	at org.testng.Assert.failNotEquals(Assert.java:494)
	at org.testng.Assert.assertTrue(Assert.java:42)
	at org.testng.Assert.assertTrue(Assert.java:52)
	at net.bigpoint.assessment.gasstation.implementation.StationImplTest.testBuyGasDepleted(StationImplTest.java:147)
</failure>
    <system-err>Jul 06, 2014 12:56:58 PM net.bigpoint.assessment.gasstation.implementation.StationImplTest testBuyGasDepleted
SEVERE: Not enough gas
</system-err>
  </testcase>
  <testcase time="5.817" classname="net.bigpoint.assessment.gasstation.implementation.StationImplTest" name="testBuyGasDepleted">
    <failure message="expected [true] but found [false]" type="java.lang.AssertionError">java.lang.AssertionError: expected [true] but found [false]
	at org.testng.Assert.fail(Assert.java:94)
	at org.testng.Assert.failNotEquals(Assert.java:494)
	at org.testng.Assert.assertTrue(Assert.java:42)
	at org.testng.Assert.assertTrue(Assert.java:52)
	at net.bigpoint.assessment.gasstation.implementation.StationImplTest.testBuyGasDepleted(StationImplTest.java:147)
</failure>
    <system-err>Jul 06, 2014 12:56:58 PM net.bigpoint.assessment.gasstation.implementation.StationImplTest testBuyGasDepleted
SEVERE: Not enough gas
</system-err>
  </testcase>
  <testcase time="5.817" classname="net.bigpoint.assessment.gasstation.implementation.StationImplTest" name="testBuyGasDepleted">
    <failure message="expected [true] but found [false]" type="java.lang.AssertionError">java.lang.AssertionError: expected [true] but found [false]
	at org.testng.Assert.fail(Assert.java:94)
	at org.testng.Assert.failNotEquals(Assert.java:494)
	at org.testng.Assert.assertTrue(Assert.java:42)
	at org.testng.Assert.assertTrue(Assert.java:52)
	at net.bigpoint.assessment.gasstation.implementation.StationImplTest.testBuyGasDepleted(StationImplTest.java:147)
</failure>
  </testcase>
  <testcase time="5.818" classname="net.bigpoint.assessment.gasstation.implementation.StationImplTest" name="testBuyGasDepleted">
    <failure message="expected [true] but found [false]" type="java.lang.AssertionError">java.lang.AssertionError: expected [true] but found [false]
	at org.testng.Assert.fail(Assert.java:94)
	at org.testng.Assert.failNotEquals(Assert.java:494)
	at org.testng.Assert.assertTrue(Assert.java:42)
	at org.testng.Assert.assertTrue(Assert.java:52)
	at net.bigpoint.assessment.gasstation.implementation.StationImplTest.testBuyGasDepleted(StationImplTest.java:147)
</failure>
    <system-err>Jul 06, 2014 12:56:58 PM net.bigpoint.assessment.gasstation.implementation.StationImplTest testBuyGasDepleted
SEVERE: Not enough gas
Jul 06, 2014 12:56:58 PM net.bigpoint.assessment.gasstation.implementation.StationImplTest testBuyGasDepleted
SEVERE: Not enough gas
</system-err>
  </testcase>
  <testcase time="5.818" classname="net.bigpoint.assessment.gasstation.implementation.StationImplTest" name="testBuyGasDepleted">
    <failure message="expected [true] but found [false]" type="java.lang.AssertionError">java.lang.AssertionError: expected [true] but found [false]
	at org.testng.Assert.fail(Assert.java:94)
	at org.testng.Assert.failNotEquals(Assert.java:494)
	at org.testng.Assert.assertTrue(Assert.java:42)
	at org.testng.Assert.assertTrue(Assert.java:52)
	at net.bigpoint.assessment.gasstation.implementation.StationImplTest.testBuyGasDepleted(StationImplTest.java:147)
</failure>
  </testcase>
  <testcase time="5.818" classname="net.bigpoint.assessment.gasstation.implementation.StationImplTest" name="testBuyGasDepleted">
    <failure message="expected [true] but found [false]" type="java.lang.AssertionError">java.lang.AssertionError: expected [true] but found [false]
	at org.testng.Assert.fail(Assert.java:94)
	at org.testng.Assert.failNotEquals(Assert.java:494)
	at org.testng.Assert.assertTrue(Assert.java:42)
	at org.testng.Assert.assertTrue(Assert.java:52)
	at net.bigpoint.assessment.gasstation.implementation.StationImplTest.testBuyGasDepleted(StationImplTest.java:147)
</failure>
    <system-err>Jul 06, 2014 12:56:58 PM net.bigpoint.assessment.gasstation.implementation.StationImplTest testBuyGasDepleted
SEVERE: Not enough gas
</system-err>
  </testcase>
  <testcase time="5.818" classname="net.bigpoint.assessment.gasstation.implementation.StationImplTest" name="testBuyGasDepleted">
    <failure message="expected [true] but found [false]" type="java.lang.AssertionError">java.lang.AssertionError: expected [true] but found [false]
	at org.testng.Assert.fail(Assert.java:94)
	at org.testng.Assert.failNotEquals(Assert.java:494)
	at org.testng.Assert.assertTrue(Assert.java:42)
	at org.testng.Assert.assertTrue(Assert.java:52)
	at net.bigpoint.assessment.gasstation.implementation.StationImplTest.testBuyGasDepleted(StationImplTest.java:147)
</failure>
  </testcase>
  <testcase time="5.819" classname="net.bigpoint.assessment.gasstation.implementation.StationImplTest" name="testBuyGasDepleted">
    <failure message="expected [true] but found [false]" type="java.lang.AssertionError">java.lang.AssertionError: expected [true] but found [false]
	at org.testng.Assert.fail(Assert.java:94)
	at org.testng.Assert.failNotEquals(Assert.java:494)
	at org.testng.Assert.assertTrue(Assert.java:42)
	at org.testng.Assert.assertTrue(Assert.java:52)
	at net.bigpoint.assessment.gasstation.implementation.StationImplTest.testBuyGasDepleted(StationImplTest.java:147)
</failure>
    <system-err>Jul 06, 2014 12:56:58 PM net.bigpoint.assessment.gasstation.implementation.StationImplTest testBuyGasDepleted
SEVERE: Not enough gas
Jul 06, 2014 12:56:58 PM net.bigpoint.assessment.gasstation.implementation.StationImplTest testBuyGasDepleted
SEVERE: Not enough gas
Jul 06, 2014 12:56:58 PM net.bigpoint.assessment.gasstation.implementation.StationImplTest testBuyGasDepleted
SEVERE: Not enough gas
</system-err>
  </testcase>
  <testcase time="5.819" classname="net.bigpoint.assessment.gasstation.implementation.StationImplTest" name="testBuyGasDepleted">
    <failure message="expected [true] but found [false]" type="java.lang.AssertionError">java.lang.AssertionError: expected [true] but found [false]
	at org.testng.Assert.fail(Assert.java:94)
	at org.testng.Assert.failNotEquals(Assert.java:494)
	at org.testng.Assert.assertTrue(Assert.java:42)
	at org.testng.Assert.assertTrue(Assert.java:52)
	at net.bigpoint.assessment.gasstation.implementation.StationImplTest.testBuyGasDepleted(StationImplTest.java:147)
</failure>
  </testcase>
  <testcase time="5.82" classname="net.bigpoint.assessment.gasstation.implementation.StationImplTest" name="testBuyGasDepleted">
    <failure message="expected [true] but found [false]" type="java.lang.AssertionError">java.lang.AssertionError: expected [true] but found [false]
	at org.testng.Assert.fail(Assert.java:94)
	at org.testng.Assert.failNotEquals(Assert.java:494)
	at org.testng.Assert.assertTrue(Assert.java:42)
	at org.testng.Assert.assertTrue(Assert.java:52)
	at net.bigpoint.assessment.gasstation.implementation.StationImplTest.testBuyGasDepleted(StationImplTest.java:147)
</failure>
  </testcase>
  <testcase time="5.82" classname="net.bigpoint.assessment.gasstation.implementation.StationImplTest" name="testBuyGasDepleted">
    <failure message="expected [true] but found [false]" type="java.lang.AssertionError">java.lang.AssertionError: expected [true] but found [false]
	at org.testng.Assert.fail(Assert.java:94)
	at org.testng.Assert.failNotEquals(Assert.java:494)
	at org.testng.Assert.assertTrue(Assert.java:42)
	at org.testng.Assert.assertTrue(Assert.java:52)
	at net.bigpoint.assessment.gasstation.implementation.StationImplTest.testBuyGasDepleted(StationImplTest.java:147)
</failure>
    <system-err>Jul 06, 2014 12:56:58 PM net.bigpoint.assessment.gasstation.implementation.StationImplTest testBuyGasDepleted
SEVERE: Not enough gas
Jul 06, 2014 12:56:58 PM net.bigpoint.assessment.gasstation.implementation.StationImplTest testBuyGasDepleted
SEVERE: Not enough gas
</system-err>
  </testcase>
  <testcase time="5.82" classname="net.bigpoint.assessment.gasstation.implementation.StationImplTest" name="testBuyGasDepleted">
    <failure message="expected [true] but found [false]" type="java.lang.AssertionError">java.lang.AssertionError: expected [true] but found [false]
	at org.testng.Assert.fail(Assert.java:94)
	at org.testng.Assert.failNotEquals(Assert.java:494)
	at org.testng.Assert.assertTrue(Assert.java:42)
	at org.testng.Assert.assertTrue(Assert.java:52)
	at net.bigpoint.assessment.gasstation.implementation.StationImplTest.testBuyGasDepleted(StationImplTest.java:147)
</failure>
  </testcase>
  <testcase time="5.821" classname="net.bigpoint.assessment.gasstation.implementation.StationImplTest" name="testBuyGasDepleted">
    <failure message="expected [true] but found [false]" type="java.lang.AssertionError">java.lang.AssertionError: expected [true] but found [false]
	at org.testng.Assert.fail(Assert.java:94)
	at org.testng.Assert.failNotEquals(Assert.java:494)
	at org.testng.Assert.assertTrue(Assert.java:42)
	at org.testng.Assert.assertTrue(Assert.java:52)
	at net.bigpoint.assessment.gasstation.implementation.StationImplTest.testBuyGasDepleted(StationImplTest.java:147)
</failure>
  </testcase>
  <testcase time="5.822" classname="net.bigpoint.assessment.gasstation.implementation.StationImplTest" name="testBuyGasDepleted">
    <failure message="expected [true] but found [false]" type="java.lang.AssertionError">java.lang.AssertionError: expected [true] but found [false]
	at org.testng.Assert.fail(Assert.java:94)
	at org.testng.Assert.failNotEquals(Assert.java:494)
	at org.testng.Assert.assertTrue(Assert.java:42)
	at org.testng.Assert.assertTrue(Assert.java:52)
	at net.bigpoint.assessment.gasstation.implementation.StationImplTest.testBuyGasDepleted(StationImplTest.java:147)
</failure>
    <system-err>Jul 06, 2014 12:56:58 PM net.bigpoint.assessment.gasstation.implementation.StationImplTest testBuyGasDepleted
SEVERE: Not enough gas
Jul 06, 2014 12:56:58 PM net.bigpoint.assessment.gasstation.implementation.StationImplTest testBuyGasDepleted
SEVERE: Not enough gas
</system-err>
  </testcase>
  <testcase time="5.822" classname="net.bigpoint.assessment.gasstation.implementation.StationImplTest" name="testBuyGasDepleted">
    <failure message="expected [true] but found [false]" type="java.lang.AssertionError">java.lang.AssertionError: expected [true] but found [false]
	at org.testng.Assert.fail(Assert.java:94)
	at org.testng.Assert.failNotEquals(Assert.java:494)
	at org.testng.Assert.assertTrue(Assert.java:42)
	at org.testng.Assert.assertTrue(Assert.java:52)
	at net.bigpoint.assessment.gasstation.implementation.StationImplTest.testBuyGasDepleted(StationImplTest.java:147)
</failure>
  </testcase>
  <testcase time="5.823" classname="net.bigpoint.assessment.gasstation.implementation.StationImplTest" name="testBuyGasDepleted">
    <failure message="expected [true] but found [false]" type="java.lang.AssertionError">java.lang.AssertionError: expected [true] but found [false]
	at org.testng.Assert.fail(Assert.java:94)
	at org.testng.Assert.failNotEquals(Assert.java:494)
	at org.testng.Assert.assertTrue(Assert.java:42)
	at org.testng.Assert.assertTrue(Assert.java:52)
	at net.bigpoint.assessment.gasstation.implementation.StationImplTest.testBuyGasDepleted(StationImplTest.java:147)
</failure>
    <system-err>Jul 06, 2014 12:56:58 PM net.bigpoint.assessment.gasstation.implementation.StationImplTest testBuyGasDepleted
SEVERE: Not enough gas
</system-err>
  </testcase>
  <testcase time="5.823" classname="net.bigpoint.assessment.gasstation.implementation.StationImplTest" name="testBuyGasDepleted">
    <failure message="expected [true] but found [false]" type="java.lang.AssertionError">java.lang.AssertionError: expected [true] but found [false]
	at org.testng.Assert.fail(Assert.java:94)
	at org.testng.Assert.failNotEquals(Assert.java:494)
	at org.testng.Assert.assertTrue(Assert.java:42)
	at org.testng.Assert.assertTrue(Assert.java:52)
	at net.bigpoint.assessment.gasstation.implementation.StationImplTest.testBuyGasDepleted(StationImplTest.java:147)
</failure>
    <system-err>Jul 06, 2014 12:56:58 PM net.bigpoint.assessment.gasstation.implementation.StationImplTest testBuyGasDepleted
SEVERE: Not enough gas
</system-err>
  </testcase>
  <testcase time="5.824" classname="net.bigpoint.assessment.gasstation.implementation.StationImplTest" name="testBuyGasDepleted">
    <failure message="expected [true] but found [false]" type="java.lang.AssertionError">java.lang.AssertionError: expected [true] but found [false]
	at org.testng.Assert.fail(Assert.java:94)
	at org.testng.Assert.failNotEquals(Assert.java:494)
	at org.testng.Assert.assertTrue(Assert.java:42)
	at org.testng.Assert.assertTrue(Assert.java:52)
	at net.bigpoint.assessment.gasstation.implementation.StationImplTest.testBuyGasDepleted(StationImplTest.java:147)
</failure>
    <system-err>Jul 06, 2014 12:56:58 PM net.bigpoint.assessment.gasstation.implementation.StationImplTest testBuyGasDepleted
SEVERE: Not enough gas
</system-err>
  </testcase>
  <testcase time="5.824" classname="net.bigpoint.assessment.gasstation.implementation.StationImplTest" name="testBuyGasDepleted">
    <failure message="expected [true] but found [false]" type="java.lang.AssertionError">java.lang.AssertionError: expected [true] but found [false]
	at org.testng.Assert.fail(Assert.java:94)
	at org.testng.Assert.failNotEquals(Assert.java:494)
	at org.testng.Assert.assertTrue(Assert.java:42)
	at org.testng.Assert.assertTrue(Assert.java:52)
	at net.bigpoint.assessment.gasstation.implementation.StationImplTest.testBuyGasDepleted(StationImplTest.java:147)
</failure>
  </testcase>
  <testcase time="5.825" classname="net.bigpoint.assessment.gasstation.implementation.StationImplTest" name="testBuyGasDepleted">
    <failure message="expected [true] but found [false]" type="java.lang.AssertionError">java.lang.AssertionError: expected [true] but found [false]
	at org.testng.Assert.fail(Assert.java:94)
	at org.testng.Assert.failNotEquals(Assert.java:494)
	at org.testng.Assert.assertTrue(Assert.java:42)
	at org.testng.Assert.assertTrue(Assert.java:52)
	at net.bigpoint.assessment.gasstation.implementation.StationImplTest.testBuyGasDepleted(StationImplTest.java:147)
</failure>
    <system-err>Jul 06, 2014 12:56:58 PM net.bigpoint.assessment.gasstation.implementation.StationImplTest testBuyGasDepleted
SEVERE: Not enough gas
</system-err>
  </testcase>
  <testcase time="5.825" classname="net.bigpoint.assessment.gasstation.implementation.StationImplTest" name="testBuyGasDepleted">
    <failure message="expected [true] but found [false]" type="java.lang.AssertionError">java.lang.AssertionError: expected [true] but found [false]
	at org.testng.Assert.fail(Assert.java:94)
	at org.testng.Assert.failNotEquals(Assert.java:494)
	at org.testng.Assert.assertTrue(Assert.java:42)
	at org.testng.Assert.assertTrue(Assert.java:52)
	at net.bigpoint.assessment.gasstation.implementation.StationImplTest.testBuyGasDepleted(StationImplTest.java:147)
</failure>
    <system-err>Jul 06, 2014 12:56:58 PM net.bigpoint.assessment.gasstation.implementation.StationImplTest testBuyGasDepleted
SEVERE: Not enough gas
</system-err>
  </testcase>
  <testcase time="5.826" classname="net.bigpoint.assessment.gasstation.implementation.StationImplTest" name="testBuyGasDepleted">
    <failure message="expected [true] but found [false]" type="java.lang.AssertionError">java.lang.AssertionError: expected [true] but found [false]
	at org.testng.Assert.fail(Assert.java:94)
	at org.testng.Assert.failNotEquals(Assert.java:494)
	at org.testng.Assert.assertTrue(Assert.java:42)
	at org.testng.Assert.assertTrue(Assert.java:52)
	at net.bigpoint.assessment.gasstation.implementation.StationImplTest.testBuyGasDepleted(StationImplTest.java:147)
</failure>
    <system-err>Jul 06, 2014 12:56:58 PM net.bigpoint.assessment.gasstation.implementation.StationImplTest testBuyGasDepleted
SEVERE: Not enough gas
Jul 06, 2014 12:56:58 PM net.bigpoint.assessment.gasstation.implementation.StationImplTest testBuyGasDepleted
SEVERE: Not enough gas
</system-err>
  </testcase>
  <testcase time="5.827" classname="net.bigpoint.assessment.gasstation.implementation.StationImplTest" name="testBuyGasDepleted">
    <failure message="expected [true] but found [false]" type="java.lang.AssertionError">java.lang.AssertionError: expected [true] but found [false]
	at org.testng.Assert.fail(Assert.java:94)
	at org.testng.Assert.failNotEquals(Assert.java:494)
	at org.testng.Assert.assertTrue(Assert.java:42)
	at org.testng.Assert.assertTrue(Assert.java:52)
	at net.bigpoint.assessment.gasstation.implementation.StationImplTest.testBuyGasDepleted(StationImplTest.java:147)
</failure>
    <system-err>Jul 06, 2014 12:56:58 PM net.bigpoint.assessment.gasstation.implementation.StationImplTest testBuyGasDepleted
SEVERE: Not enough gas
</system-err>
  </testcase>
  <testcase time="5.827" classname="net.bigpoint.assessment.gasstation.implementation.StationImplTest" name="testBuyGasDepleted">
    <failure message="expected [true] but found [false]" type="java.lang.AssertionError">java.lang.AssertionError: expected [true] but found [false]
	at org.testng.Assert.fail(Assert.java:94)
	at org.testng.Assert.failNotEquals(Assert.java:494)
	at org.testng.Assert.assertTrue(Assert.java:42)
	at org.testng.Assert.assertTrue(Assert.java:52)
	at net.bigpoint.assessment.gasstation.implementation.StationImplTest.testBuyGasDepleted(StationImplTest.java:147)
</failure>
  </testcase>
  <testcase time="5.827" classname="net.bigpoint.assessment.gasstation.implementation.StationImplTest" name="testBuyGasDepleted">
    <failure message="expected [true] but found [false]" type="java.lang.AssertionError">java.lang.AssertionError: expected [true] but found [false]
	at org.testng.Assert.fail(Assert.java:94)
	at org.testng.Assert.failNotEquals(Assert.java:494)
	at org.testng.Assert.assertTrue(Assert.java:42)
	at org.testng.Assert.assertTrue(Assert.java:52)
	at net.bigpoint.assessment.gasstation.implementation.StationImplTest.testBuyGasDepleted(StationImplTest.java:147)
</failure>
  </testcase>
  <testcase time="5.828" classname="net.bigpoint.assessment.gasstation.implementation.StationImplTest" name="testBuyGasDepleted">
    <failure message="expected [true] but found [false]" type="java.lang.AssertionError">java.lang.AssertionError: expected [true] but found [false]
	at org.testng.Assert.fail(Assert.java:94)
	at org.testng.Assert.failNotEquals(Assert.java:494)
	at org.testng.Assert.assertTrue(Assert.java:42)
	at org.testng.Assert.assertTrue(Assert.java:52)
	at net.bigpoint.assessment.gasstation.implementation.StationImplTest.testBuyGasDepleted(StationImplTest.java:147)
</failure>
    <system-err>Jul 06, 2014 12:56:58 PM net.bigpoint.assessment.gasstation.implementation.StationImplTest testBuyGasDepleted
SEVERE: Not enough gas
</system-err>
  </testcase>
  <testcase time="5.828" classname="net.bigpoint.assessment.gasstation.implementation.StationImplTest" name="testBuyGasDepleted">
    <failure message="expected [true] but found [false]" type="java.lang.AssertionError">java.lang.AssertionError: expected [true] but found [false]
	at org.testng.Assert.fail(Assert.java:94)
	at org.testng.Assert.failNotEquals(Assert.java:494)
	at org.testng.Assert.assertTrue(Assert.java:42)
	at org.testng.Assert.assertTrue(Assert.java:52)
	at net.bigpoint.assessment.gasstation.implementation.StationImplTest.testBuyGasDepleted(StationImplTest.java:147)
</failure>
    <system-err>Jul 06, 2014 12:56:58 PM net.bigpoint.assessment.gasstation.implementation.StationImplTest testBuyGasDepleted
SEVERE: Not enough gas
Jul 06, 2014 12:56:58 PM net.bigpoint.assessment.gasstation.implementation.StationImplTest testBuyGasDepleted
SEVERE: Not enough gas
</system-err>
  </testcase>
  <testcase time="5.829" classname="net.bigpoint.assessment.gasstation.implementation.StationImplTest" name="testBuyGasDepleted">
    <failure message="expected [true] but found [false]" type="java.lang.AssertionError">java.lang.AssertionError: expected [true] but found [false]
	at org.testng.Assert.fail(Assert.java:94)
	at org.testng.Assert.failNotEquals(Assert.java:494)
	at org.testng.Assert.assertTrue(Assert.java:42)
	at org.testng.Assert.assertTrue(Assert.java:52)
	at net.bigpoint.assessment.gasstation.implementation.StationImplTest.testBuyGasDepleted(StationImplTest.java:147)
</failure>
    <system-err>Jul 06, 2014 12:56:58 PM net.bigpoint.assessment.gasstation.implementation.StationImplTest testBuyGasDepleted
SEVERE: Not enough gas
</system-err>
  </testcase>
  <testcase time="5.829" classname="net.bigpoint.assessment.gasstation.implementation.StationImplTest" name="testBuyGasDepleted">
    <failure message="expected [true] but found [false]" type="java.lang.AssertionError">java.lang.AssertionError: expected [true] but found [false]
	at org.testng.Assert.fail(Assert.java:94)
	at org.testng.Assert.failNotEquals(Assert.java:494)
	at org.testng.Assert.assertTrue(Assert.java:42)
	at org.testng.Assert.assertTrue(Assert.java:52)
	at net.bigpoint.assessment.gasstation.implementation.StationImplTest.testBuyGasDepleted(StationImplTest.java:147)
</failure>
    <system-err>Jul 06, 2014 12:56:58 PM net.bigpoint.assessment.gasstation.implementation.StationImplTest testBuyGasDepleted
SEVERE: Not enough gas
</system-err>
  </testcase>
  <testcase time="5.83" classname="net.bigpoint.assessment.gasstation.implementation.StationImplTest" name="testBuyGasDepleted">
    <failure message="expected [true] but found [false]" type="java.lang.AssertionError">java.lang.AssertionError: expected [true] but found [false]
	at org.testng.Assert.fail(Assert.java:94)
	at org.testng.Assert.failNotEquals(Assert.java:494)
	at org.testng.Assert.assertTrue(Assert.java:42)
	at org.testng.Assert.assertTrue(Assert.java:52)
	at net.bigpoint.assessment.gasstation.implementation.StationImplTest.testBuyGasDepleted(StationImplTest.java:147)
</failure>
    <system-err>Jul 06, 2014 12:56:58 PM net.bigpoint.assessment.gasstation.implementation.StationImplTest testBuyGasDepleted
SEVERE: Not enough gas
</system-err>
  </testcase>
  <testcase time="5.83" classname="net.bigpoint.assessment.gasstation.implementation.StationImplTest" name="testBuyGasDepleted">
    <failure message="expected [true] but found [false]" type="java.lang.AssertionError">java.lang.AssertionError: expected [true] but found [false]
	at org.testng.Assert.fail(Assert.java:94)
	at org.testng.Assert.failNotEquals(Assert.java:494)
	at org.testng.Assert.assertTrue(Assert.java:42)
	at org.testng.Assert.assertTrue(Assert.java:52)
	at net.bigpoint.assessment.gasstation.implementation.StationImplTest.testBuyGasDepleted(StationImplTest.java:147)
</failure>
    <system-err>Jul 06, 2014 12:56:58 PM net.bigpoint.assessment.gasstation.implementation.StationImplTest testBuyGasDepleted
SEVERE: Not enough gas
</system-err>
  </testcase>
  <testcase time="5.83" classname="net.bigpoint.assessment.gasstation.implementation.StationImplTest" name="testBuyGasDepleted">
    <failure message="expected [true] but found [false]" type="java.lang.AssertionError">java.lang.AssertionError: expected [true] but found [false]
	at org.testng.Assert.fail(Assert.java:94)
	at org.testng.Assert.failNotEquals(Assert.java:494)
	at org.testng.Assert.assertTrue(Assert.java:42)
	at org.testng.Assert.assertTrue(Assert.java:52)
	at net.bigpoint.assessment.gasstation.implementation.StationImplTest.testBuyGasDepleted(StationImplTest.java:147)
</failure>
  </testcase>
  <testcase time="5.831" classname="net.bigpoint.assessment.gasstation.implementation.StationImplTest" name="testBuyGasDepleted">
    <failure message="expected [true] but found [false]" type="java.lang.AssertionError">java.lang.AssertionError: expected [true] but found [false]
	at org.testng.Assert.fail(Assert.java:94)
	at org.testng.Assert.failNotEquals(Assert.java:494)
	at org.testng.Assert.assertTrue(Assert.java:42)
	at org.testng.Assert.assertTrue(Assert.java:52)
	at net.bigpoint.assessment.gasstation.implementation.StationImplTest.testBuyGasDepleted(StationImplTest.java:147)
</failure>
    <system-err>Jul 06, 2014 12:56:58 PM net.bigpoint.assessment.gasstation.implementation.StationImplTest testBuyGasDepleted
SEVERE: Not enough gas
</system-err>
  </testcase>
  <testcase time="5.831" classname="net.bigpoint.assessment.gasstation.implementation.StationImplTest" name="testBuyGasDepleted">
    <failure message="expected [true] but found [false]" type="java.lang.AssertionError">java.lang.AssertionError: expected [true] but found [false]
	at org.testng.Assert.fail(Assert.java:94)
	at org.testng.Assert.failNotEquals(Assert.java:494)
	at org.testng.Assert.assertTrue(Assert.java:42)
	at org.testng.Assert.assertTrue(Assert.java:52)
	at net.bigpoint.assessment.gasstation.implementation.StationImplTest.testBuyGasDepleted(StationImplTest.java:147)
</failure>
  </testcase>
  <testcase time="5.831" classname="net.bigpoint.assessment.gasstation.implementation.StationImplTest" name="testBuyGasDepleted">
    <failure message="expected [true] but found [false]" type="java.lang.AssertionError">java.lang.AssertionError: expected [true] but found [false]
	at org.testng.Assert.fail(Assert.java:94)
	at org.testng.Assert.failNotEquals(Assert.java:494)
	at org.testng.Assert.assertTrue(Assert.java:42)
	at org.testng.Assert.assertTrue(Assert.java:52)
	at net.bigpoint.assessment.gasstation.implementation.StationImplTest.testBuyGasDepleted(StationImplTest.java:147)
</failure>
    <system-err>Jul 06, 2014 12:56:58 PM net.bigpoint.assessment.gasstation.implementation.StationImplTest testBuyGasDepleted
SEVERE: Not enough gas
Jul 06, 2014 12:56:58 PM net.bigpoint.assessment.gasstation.implementation.StationImplTest testBuyGasDepleted
SEVERE: Not enough gas
</system-err>
  </testcase>
  <testcase time="5.832" classname="net.bigpoint.assessment.gasstation.implementation.StationImplTest" name="testBuyGasDepleted">
    <failure message="expected [true] but found [false]" type="java.lang.AssertionError">java.lang.AssertionError: expected [true] but found [false]
	at org.testng.Assert.fail(Assert.java:94)
	at org.testng.Assert.failNotEquals(Assert.java:494)
	at org.testng.Assert.assertTrue(Assert.java:42)
	at org.testng.Assert.assertTrue(Assert.java:52)
	at net.bigpoint.assessment.gasstation.implementation.StationImplTest.testBuyGasDepleted(StationImplTest.java:147)
</failure>
    <system-err>Jul 06, 2014 12:56:58 PM net.bigpoint.assessment.gasstation.implementation.StationImplTest testBuyGasDepleted
SEVERE: Not enough gas
</system-err>
  </testcase>
  <testcase time="5.832" classname="net.bigpoint.assessment.gasstation.implementation.StationImplTest" name="testBuyGasDepleted">
    <failure message="expected [true] but found [false]" type="java.lang.AssertionError">java.lang.AssertionError: expected [true] but found [false]
	at org.testng.Assert.fail(Assert.java:94)
	at org.testng.Assert.failNotEquals(Assert.java:494)
	at org.testng.Assert.assertTrue(Assert.java:42)
	at org.testng.Assert.assertTrue(Assert.java:52)
	at net.bigpoint.assessment.gasstation.implementation.StationImplTest.testBuyGasDepleted(StationImplTest.java:147)
</failure>
    <system-err>Jul 06, 2014 12:56:58 PM net.bigpoint.assessment.gasstation.implementation.StationImplTest testBuyGasDepleted
SEVERE: Not enough gas
</system-err>
  </testcase>
  <testcase time="5.832" classname="net.bigpoint.assessment.gasstation.implementation.StationImplTest" name="testBuyGasDepleted">
    <failure message="expected [true] but found [false]" type="java.lang.AssertionError">java.lang.AssertionError: expected [true] but found [false]
	at org.testng.Assert.fail(Assert.java:94)
	at org.testng.Assert.failNotEquals(Assert.java:494)
	at org.testng.Assert.assertTrue(Assert.java:42)
	at org.testng.Assert.assertTrue(Assert.java:52)
	at net.bigpoint.assessment.gasstation.implementation.StationImplTest.testBuyGasDepleted(StationImplTest.java:147)
</failure>
    <system-err>Jul 06, 2014 12:56:58 PM net.bigpoint.assessment.gasstation.implementation.StationImplTest testBuyGasDepleted
SEVERE: Not enough gas
</system-err>
  </testcase>
  <testcase time="5.833" classname="net.bigpoint.assessment.gasstation.implementation.StationImplTest" name="testBuyGasDepleted">
    <failure message="expected [true] but found [false]" type="java.lang.AssertionError">java.lang.AssertionError: expected [true] but found [false]
	at org.testng.Assert.fail(Assert.java:94)
	at org.testng.Assert.failNotEquals(Assert.java:494)
	at org.testng.Assert.assertTrue(Assert.java:42)
	at org.testng.Assert.assertTrue(Assert.java:52)
	at net.bigpoint.assessment.gasstation.implementation.StationImplTest.testBuyGasDepleted(StationImplTest.java:147)
</failure>
  </testcase>
  <testcase time="5.833" classname="net.bigpoint.assessment.gasstation.implementation.StationImplTest" name="testBuyGasDepleted">
    <failure message="expected [true] but found [false]" type="java.lang.AssertionError">java.lang.AssertionError: expected [true] but found [false]
	at org.testng.Assert.fail(Assert.java:94)
	at org.testng.Assert.failNotEquals(Assert.java:494)
	at org.testng.Assert.assertTrue(Assert.java:42)
	at org.testng.Assert.assertTrue(Assert.java:52)
	at net.bigpoint.assessment.gasstation.implementation.StationImplTest.testBuyGasDepleted(StationImplTest.java:147)
</failure>
    <system-err>Jul 06, 2014 12:56:58 PM net.bigpoint.assessment.gasstation.implementation.StationImplTest testBuyGasDepleted
SEVERE: Not enough gas
</system-err>
  </testcase>
  <testcase time="5.833" classname="net.bigpoint.assessment.gasstation.implementation.StationImplTest" name="testBuyGasDepleted">
    <failure message="expected [true] but found [false]" type="java.lang.AssertionError">java.lang.AssertionError: expected [true] but found [false]
	at org.testng.Assert.fail(Assert.java:94)
	at org.testng.Assert.failNotEquals(Assert.java:494)
	at org.testng.Assert.assertTrue(Assert.java:42)
	at org.testng.Assert.assertTrue(Assert.java:52)
	at net.bigpoint.assessment.gasstation.implementation.StationImplTest.testBuyGasDepleted(StationImplTest.java:147)
</failure>
    <system-err>Jul 06, 2014 12:56:58 PM net.bigpoint.assessment.gasstation.implementation.StationImplTest testBuyGasDepleted
SEVERE: Not enough gas
</system-err>
  </testcase>
  <testcase time="5.833" classname="net.bigpoint.assessment.gasstation.implementation.StationImplTest" name="testBuyGasDepleted">
    <failure message="expected [true] but found [false]" type="java.lang.AssertionError">java.lang.AssertionError: expected [true] but found [false]
	at org.testng.Assert.fail(Assert.java:94)
	at org.testng.Assert.failNotEquals(Assert.java:494)
	at org.testng.Assert.assertTrue(Assert.java:42)
	at org.testng.Assert.assertTrue(Assert.java:52)
	at net.bigpoint.assessment.gasstation.implementation.StationImplTest.testBuyGasDepleted(StationImplTest.java:147)
</failure>
    <system-err>Jul 06, 2014 12:56:58 PM net.bigpoint.assessment.gasstation.implementation.StationImplTest testBuyGasDepleted
SEVERE: Not enough gas
</system-err>
  </testcase>
  <testcase time="5.834" classname="net.bigpoint.assessment.gasstation.implementation.StationImplTest" name="testBuyGasDepleted">
    <failure message="expected [true] but found [false]" type="java.lang.AssertionError">java.lang.AssertionError: expected [true] but found [false]
	at org.testng.Assert.fail(Assert.java:94)
	at org.testng.Assert.failNotEquals(Assert.java:494)
	at org.testng.Assert.assertTrue(Assert.java:42)
	at org.testng.Assert.assertTrue(Assert.java:52)
	at net.bigpoint.assessment.gasstation.implementation.StationImplTest.testBuyGasDepleted(StationImplTest.java:147)
</failure>
    <system-err>Jul 06, 2014 12:56:58 PM net.bigpoint.assessment.gasstation.implementation.StationImplTest testBuyGasDepleted
SEVERE: Not enough gas
</system-err>
  </testcase>
  <testcase time="5.834" classname="net.bigpoint.assessment.gasstation.implementation.StationImplTest" name="testBuyGasDepleted">
    <failure message="expected [true] but found [false]" type="java.lang.AssertionError">java.lang.AssertionError: expected [true] but found [false]
	at org.testng.Assert.fail(Assert.java:94)
	at org.testng.Assert.failNotEquals(Assert.java:494)
	at org.testng.Assert.assertTrue(Assert.java:42)
	at org.testng.Assert.assertTrue(Assert.java:52)
	at net.bigpoint.assessment.gasstation.implementation.StationImplTest.testBuyGasDepleted(StationImplTest.java:147)
</failure>
  </testcase>
  <testcase time="5.834" classname="net.bigpoint.assessment.gasstation.implementation.StationImplTest" name="testBuyGasDepleted">
    <failure message="expected [true] but found [false]" type="java.lang.AssertionError">java.lang.AssertionError: expected [true] but found [false]
	at org.testng.Assert.fail(Assert.java:94)
	at org.testng.Assert.failNotEquals(Assert.java:494)
	at org.testng.Assert.assertTrue(Assert.java:42)
	at org.testng.Assert.assertTrue(Assert.java:52)
	at net.bigpoint.assessment.gasstation.implementation.StationImplTest.testBuyGasDepleted(StationImplTest.java:147)
</failure>
    <system-err>Jul 06, 2014 12:56:58 PM net.bigpoint.assessment.gasstation.implementation.StationImplTest testBuyGasDepleted
SEVERE: Not enough gas
</system-err>
  </testcase>
  <testcase time="5.835" classname="net.bigpoint.assessment.gasstation.implementation.StationImplTest" name="testBuyGasDepleted">
    <failure message="expected [true] but found [false]" type="java.lang.AssertionError">java.lang.AssertionError: expected [true] but found [false]
	at org.testng.Assert.fail(Assert.java:94)
	at org.testng.Assert.failNotEquals(Assert.java:494)
	at org.testng.Assert.assertTrue(Assert.java:42)
	at org.testng.Assert.assertTrue(Assert.java:52)
	at net.bigpoint.assessment.gasstation.implementation.StationImplTest.testBuyGasDepleted(StationImplTest.java:147)
</failure>
    <system-err>Jul 06, 2014 12:56:58 PM net.bigpoint.assessment.gasstation.implementation.StationImplTest testBuyGasDepleted
SEVERE: Not enough gas
</system-err>
  </testcase>
  <testcase time="5.835" classname="net.bigpoint.assessment.gasstation.implementation.StationImplTest" name="testBuyGasDepleted">
    <failure message="expected [true] but found [false]" type="java.lang.AssertionError">java.lang.AssertionError: expected [true] but found [false]
	at org.testng.Assert.fail(Assert.java:94)
	at org.testng.Assert.failNotEquals(Assert.java:494)
	at org.testng.Assert.assertTrue(Assert.java:42)
	at org.testng.Assert.assertTrue(Assert.java:52)
	at net.bigpoint.assessment.gasstation.implementation.StationImplTest.testBuyGasDepleted(StationImplTest.java:147)
</failure>
    <system-err>Jul 06, 2014 12:56:58 PM net.bigpoint.assessment.gasstation.implementation.StationImplTest testBuyGasDepleted
SEVERE: Not enough gas
</system-err>
  </testcase>
  <testcase time="5.835" classname="net.bigpoint.assessment.gasstation.implementation.StationImplTest" name="testBuyGasDepleted">
    <failure message="expected [true] but found [false]" type="java.lang.AssertionError">java.lang.AssertionError: expected [true] but found [false]
	at org.testng.Assert.fail(Assert.java:94)
	at org.testng.Assert.failNotEquals(Assert.java:494)
	at org.testng.Assert.assertTrue(Assert.java:42)
	at org.testng.Assert.assertTrue(Assert.java:52)
	at net.bigpoint.assessment.gasstation.implementation.StationImplTest.testBuyGasDepleted(StationImplTest.java:147)
</failure>
    <system-err>Jul 06, 2014 12:56:58 PM net.bigpoint.assessment.gasstation.implementation.StationImplTest testBuyGasDepleted
SEVERE: Not enough gas
</system-err>
  </testcase>
  <testcase time="5.836" classname="net.bigpoint.assessment.gasstation.implementation.StationImplTest" name="testBuyGasDepleted">
    <failure message="expected [true] but found [false]" type="java.lang.AssertionError">java.lang.AssertionError: expected [true] but found [false]
	at org.testng.Assert.fail(Assert.java:94)
	at org.testng.Assert.failNotEquals(Assert.java:494)
	at org.testng.Assert.assertTrue(Assert.java:42)
	at org.testng.Assert.assertTrue(Assert.java:52)
	at net.bigpoint.assessment.gasstation.implementation.StationImplTest.testBuyGasDepleted(StationImplTest.java:147)
</failure>
    <system-err>Jul 06, 2014 12:56:58 PM net.bigpoint.assessment.gasstation.implementation.StationImplTest testBuyGasDepleted
SEVERE: Not enough gas
</system-err>
  </testcase>
  <testcase time="5.836" classname="net.bigpoint.assessment.gasstation.implementation.StationImplTest" name="testBuyGasDepleted">
    <failure message="expected [true] but found [false]" type="java.lang.AssertionError">java.lang.AssertionError: expected [true] but found [false]
	at org.testng.Assert.fail(Assert.java:94)
	at org.testng.Assert.failNotEquals(Assert.java:494)
	at org.testng.Assert.assertTrue(Assert.java:42)
	at org.testng.Assert.assertTrue(Assert.java:52)
	at net.bigpoint.assessment.gasstation.implementation.StationImplTest.testBuyGasDepleted(StationImplTest.java:147)
</failure>
    <system-err>Jul 06, 2014 12:56:58 PM net.bigpoint.assessment.gasstation.implementation.StationImplTest testBuyGasDepleted
SEVERE: Not enough gas
</system-err>
  </testcase>
  <testcase time="5.836" classname="net.bigpoint.assessment.gasstation.implementation.StationImplTest" name="testBuyGasDepleted">
    <failure message="expected [true] but found [false]" type="java.lang.AssertionError">java.lang.AssertionError: expected [true] but found [false]
	at org.testng.Assert.fail(Assert.java:94)
	at org.testng.Assert.failNotEquals(Assert.java:494)
	at org.testng.Assert.assertTrue(Assert.java:42)
	at org.testng.Assert.assertTrue(Assert.java:52)
	at net.bigpoint.assessment.gasstation.implementation.StationImplTest.testBuyGasDepleted(StationImplTest.java:147)
</failure>
  </testcase>
  <testcase time="5.837" classname="net.bigpoint.assessment.gasstation.implementation.StationImplTest" name="testBuyGasDepleted">
    <failure message="expected [true] but found [false]" type="java.lang.AssertionError">java.lang.AssertionError: expected [true] but found [false]
	at org.testng.Assert.fail(Assert.java:94)
	at org.testng.Assert.failNotEquals(Assert.java:494)
	at org.testng.Assert.assertTrue(Assert.java:42)
	at org.testng.Assert.assertTrue(Assert.java:52)
	at net.bigpoint.assessment.gasstation.implementation.StationImplTest.testBuyGasDepleted(StationImplTest.java:147)
</failure>
    <system-err>Jul 06, 2014 12:56:58 PM net.bigpoint.assessment.gasstation.implementation.StationImplTest testBuyGasDepleted
SEVERE: Not enough gas
</system-err>
  </testcase>
  <testcase time="5.837" classname="net.bigpoint.assessment.gasstation.implementation.StationImplTest" name="testBuyGasDepleted">
    <failure message="expected [true] but found [false]" type="java.lang.AssertionError">java.lang.AssertionError: expected [true] but found [false]
	at org.testng.Assert.fail(Assert.java:94)
	at org.testng.Assert.failNotEquals(Assert.java:494)
	at org.testng.Assert.assertTrue(Assert.java:42)
	at org.testng.Assert.assertTrue(Assert.java:52)
	at net.bigpoint.assessment.gasstation.implementation.StationImplTest.testBuyGasDepleted(StationImplTest.java:147)
</failure>
    <system-err>Jul 06, 2014 12:56:58 PM net.bigpoint.assessment.gasstation.implementation.StationImplTest testBuyGasDepleted
SEVERE: Not enough gas
</system-err>
  </testcase>
  <testcase time="5.837" classname="net.bigpoint.assessment.gasstation.implementation.StationImplTest" name="testBuyGasDepleted">
    <failure message="expected [true] but found [false]" type="java.lang.AssertionError">java.lang.AssertionError: expected [true] but found [false]
	at org.testng.Assert.fail(Assert.java:94)
	at org.testng.Assert.failNotEquals(Assert.java:494)
	at org.testng.Assert.assertTrue(Assert.java:42)
	at org.testng.Assert.assertTrue(Assert.java:52)
	at net.bigpoint.assessment.gasstation.implementation.StationImplTest.testBuyGasDepleted(StationImplTest.java:147)
</failure>
    <system-err>Jul 06, 2014 12:56:58 PM net.bigpoint.assessment.gasstation.implementation.StationImplTest testBuyGasDepleted
SEVERE: Not enough gas
</system-err>
  </testcase>
  <testcase time="5.838" classname="net.bigpoint.assessment.gasstation.implementation.StationImplTest" name="testBuyGasDepleted">
    <failure message="expected [true] but found [false]" type="java.lang.AssertionError">java.lang.AssertionError: expected [true] but found [false]
	at org.testng.Assert.fail(Assert.java:94)
	at org.testng.Assert.failNotEquals(Assert.java:494)
	at org.testng.Assert.assertTrue(Assert.java:42)
	at org.testng.Assert.assertTrue(Assert.java:52)
	at net.bigpoint.assessment.gasstation.implementation.StationImplTest.testBuyGasDepleted(StationImplTest.java:147)
</failure>
    <system-err>Jul 06, 2014 12:56:58 PM net.bigpoint.assessment.gasstation.implementation.StationImplTest testBuyGasDepleted
SEVERE: Not enough gas
</system-err>
  </testcase>
  <testcase time="5.838" classname="net.bigpoint.assessment.gasstation.implementation.StationImplTest" name="testBuyGasDepleted">
    <failure message="expected [true] but found [false]" type="java.lang.AssertionError">java.lang.AssertionError: expected [true] but found [false]
	at org.testng.Assert.fail(Assert.java:94)
	at org.testng.Assert.failNotEquals(Assert.java:494)
	at org.testng.Assert.assertTrue(Assert.java:42)
	at org.testng.Assert.assertTrue(Assert.java:52)
	at net.bigpoint.assessment.gasstation.implementation.StationImplTest.testBuyGasDepleted(StationImplTest.java:147)
</failure>
    <system-err>Jul 06, 2014 12:56:58 PM net.bigpoint.assessment.gasstation.implementation.StationImplTest testBuyGasDepleted
SEVERE: Not enough gas
</system-err>
  </testcase>
  <testcase time="5.838" classname="net.bigpoint.assessment.gasstation.implementation.StationImplTest" name="testBuyGasDepleted">
    <failure message="expected [true] but found [false]" type="java.lang.AssertionError">java.lang.AssertionError: expected [true] but found [false]
	at org.testng.Assert.fail(Assert.java:94)
	at org.testng.Assert.failNotEquals(Assert.java:494)
	at org.testng.Assert.assertTrue(Assert.java:42)
	at org.testng.Assert.assertTrue(Assert.java:52)
	at net.bigpoint.assessment.gasstation.implementation.StationImplTest.testBuyGasDepleted(StationImplTest.java:147)
</failure>
  </testcase>
  <testcase time="5.839" classname="net.bigpoint.assessment.gasstation.implementation.StationImplTest" name="testBuyGasDepleted">
    <failure message="expected [true] but found [false]" type="java.lang.AssertionError">java.lang.AssertionError: expected [true] but found [false]
	at org.testng.Assert.fail(Assert.java:94)
	at org.testng.Assert.failNotEquals(Assert.java:494)
	at org.testng.Assert.assertTrue(Assert.java:42)
	at org.testng.Assert.assertTrue(Assert.java:52)
	at net.bigpoint.assessment.gasstation.implementation.StationImplTest.testBuyGasDepleted(StationImplTest.java:147)
</failure>
    <system-err>Jul 06, 2014 12:56:58 PM net.bigpoint.assessment.gasstation.implementation.StationImplTest testBuyGasDepleted
SEVERE: Not enough gas
</system-err>
  </testcase>
  <testcase time="5.839" classname="net.bigpoint.assessment.gasstation.implementation.StationImplTest" name="testBuyGasDepleted">
    <failure message="expected [true] but found [false]" type="java.lang.AssertionError">java.lang.AssertionError: expected [true] but found [false]
	at org.testng.Assert.fail(Assert.java:94)
	at org.testng.Assert.failNotEquals(Assert.java:494)
	at org.testng.Assert.assertTrue(Assert.java:42)
	at org.testng.Assert.assertTrue(Assert.java:52)
	at net.bigpoint.assessment.gasstation.implementation.StationImplTest.testBuyGasDepleted(StationImplTest.java:147)
</failure>
    <system-err>Jul 06, 2014 12:56:58 PM net.bigpoint.assessment.gasstation.implementation.StationImplTest testBuyGasDepleted
SEVERE: Not enough gas
</system-err>
  </testcase>
  <testcase time="5.839" classname="net.bigpoint.assessment.gasstation.implementation.StationImplTest" name="testBuyGasDepleted">
    <failure message="expected [true] but found [false]" type="java.lang.AssertionError">java.lang.AssertionError: expected [true] but found [false]
	at org.testng.Assert.fail(Assert.java:94)
	at org.testng.Assert.failNotEquals(Assert.java:494)
	at org.testng.Assert.assertTrue(Assert.java:42)
	at org.testng.Assert.assertTrue(Assert.java:52)
	at net.bigpoint.assessment.gasstation.implementation.StationImplTest.testBuyGasDepleted(StationImplTest.java:147)
</failure>
    <system-err>Jul 06, 2014 12:56:58 PM net.bigpoint.assessment.gasstation.implementation.StationImplTest testBuyGasDepleted
SEVERE: Not enough gas
</system-err>
  </testcase>
  <testcase time="5.839" classname="net.bigpoint.assessment.gasstation.implementation.StationImplTest" name="testBuyGasDepleted">
    <failure message="expected [true] but found [false]" type="java.lang.AssertionError">java.lang.AssertionError: expected [true] but found [false]
	at org.testng.Assert.fail(Assert.java:94)
	at org.testng.Assert.failNotEquals(Assert.java:494)
	at org.testng.Assert.assertTrue(Assert.java:42)
	at org.testng.Assert.assertTrue(Assert.java:52)
	at net.bigpoint.assessment.gasstation.implementation.StationImplTest.testBuyGasDepleted(StationImplTest.java:147)
</failure>
  </testcase>
  <testcase time="5.84" classname="net.bigpoint.assessment.gasstation.implementation.StationImplTest" name="testBuyGasDepleted">
    <failure message="expected [true] but found [false]" type="java.lang.AssertionError">java.lang.AssertionError: expected [true] but found [false]
	at org.testng.Assert.fail(Assert.java:94)
	at org.testng.Assert.failNotEquals(Assert.java:494)
	at org.testng.Assert.assertTrue(Assert.java:42)
	at org.testng.Assert.assertTrue(Assert.java:52)
	at net.bigpoint.assessment.gasstation.implementation.StationImplTest.testBuyGasDepleted(StationImplTest.java:147)
</failure>
    <system-err>Jul 06, 2014 12:56:58 PM net.bigpoint.assessment.gasstation.implementation.StationImplTest testBuyGasDepleted
SEVERE: Not enough gas
Jul 06, 2014 12:56:58 PM net.bigpoint.assessment.gasstation.implementation.StationImplTest testBuyGasDepleted
SEVERE: Not enough gas
</system-err>
  </testcase>
  <testcase time="5.84" classname="net.bigpoint.assessment.gasstation.implementation.StationImplTest" name="testBuyGasDepleted">
    <failure message="expected [true] but found [false]" type="java.lang.AssertionError">java.lang.AssertionError: expected [true] but found [false]
	at org.testng.Assert.fail(Assert.java:94)
	at org.testng.Assert.failNotEquals(Assert.java:494)
	at org.testng.Assert.assertTrue(Assert.java:42)
	at org.testng.Assert.assertTrue(Assert.java:52)
	at net.bigpoint.assessment.gasstation.implementation.StationImplTest.testBuyGasDepleted(StationImplTest.java:147)
</failure>
  </testcase>
  <testcase time="5.84" classname="net.bigpoint.assessment.gasstation.implementation.StationImplTest" name="testBuyGasDepleted">
    <failure message="expected [true] but found [false]" type="java.lang.AssertionError">java.lang.AssertionError: expected [true] but found [false]
	at org.testng.Assert.fail(Assert.java:94)
	at org.testng.Assert.failNotEquals(Assert.java:494)
	at org.testng.Assert.assertTrue(Assert.java:42)
	at org.testng.Assert.assertTrue(Assert.java:52)
	at net.bigpoint.assessment.gasstation.implementation.StationImplTest.testBuyGasDepleted(StationImplTest.java:147)
</failure>
    <system-err>Jul 06, 2014 12:56:58 PM net.bigpoint.assessment.gasstation.implementation.StationImplTest testBuyGasDepleted
SEVERE: Not enough gas
</system-err>
  </testcase>
  <testcase time="5.841" classname="net.bigpoint.assessment.gasstation.implementation.StationImplTest" name="testBuyGasDepleted">
    <failure message="expected [true] but found [false]" type="java.lang.AssertionError">java.lang.AssertionError: expected [true] but found [false]
	at org.testng.Assert.fail(Assert.java:94)
	at org.testng.Assert.failNotEquals(Assert.java:494)
	at org.testng.Assert.assertTrue(Assert.java:42)
	at org.testng.Assert.assertTrue(Assert.java:52)
	at net.bigpoint.assessment.gasstation.implementation.StationImplTest.testBuyGasDepleted(StationImplTest.java:147)
</failure>
    <system-err>Jul 06, 2014 12:56:58 PM net.bigpoint.assessment.gasstation.implementation.StationImplTest testBuyGasDepleted
SEVERE: Not enough gas
</system-err>
  </testcase>
  <testcase time="5.841" classname="net.bigpoint.assessment.gasstation.implementation.StationImplTest" name="testBuyGasDepleted">
    <failure message="expected [true] but found [false]" type="java.lang.AssertionError">java.lang.AssertionError: expected [true] but found [false]
	at org.testng.Assert.fail(Assert.java:94)
	at org.testng.Assert.failNotEquals(Assert.java:494)
	at org.testng.Assert.assertTrue(Assert.java:42)
	at org.testng.Assert.assertTrue(Assert.java:52)
	at net.bigpoint.assessment.gasstation.implementation.StationImplTest.testBuyGasDepleted(StationImplTest.java:147)
</failure>
    <system-err>Jul 06, 2014 12:56:58 PM net.bigpoint.assessment.gasstation.implementation.StationImplTest testBuyGasDepleted
SEVERE: Not enough gas
</system-err>
  </testcase>
  <testcase time="5.841" classname="net.bigpoint.assessment.gasstation.implementation.StationImplTest" name="testBuyGasDepleted">
    <failure message="expected [true] but found [false]" type="java.lang.AssertionError">java.lang.AssertionError: expected [true] but found [false]
	at org.testng.Assert.fail(Assert.java:94)
	at org.testng.Assert.failNotEquals(Assert.java:494)
	at org.testng.Assert.assertTrue(Assert.java:42)
	at org.testng.Assert.assertTrue(Assert.java:52)
	at net.bigpoint.assessment.gasstation.implementation.StationImplTest.testBuyGasDepleted(StationImplTest.java:147)
</failure>
    <system-err>Jul 06, 2014 12:56:58 PM net.bigpoint.assessment.gasstation.implementation.StationImplTest testBuyGasDepleted
SEVERE: Not enough gas
</system-err>
  </testcase>
  <testcase time="5.842" classname="net.bigpoint.assessment.gasstation.implementation.StationImplTest" name="testBuyGasDepleted">
    <failure message="expected [true] but found [false]" type="java.lang.AssertionError">java.lang.AssertionError: expected [true] but found [false]
	at org.testng.Assert.fail(Assert.java:94)
	at org.testng.Assert.failNotEquals(Assert.java:494)
	at org.testng.Assert.assertTrue(Assert.java:42)
	at org.testng.Assert.assertTrue(Assert.java:52)
	at net.bigpoint.assessment.gasstation.implementation.StationImplTest.testBuyGasDepleted(StationImplTest.java:147)
</failure>
    <system-err>Jul 06, 2014 12:56:58 PM net.bigpoint.assessment.gasstation.implementation.StationImplTest testBuyGasDepleted
SEVERE: Not enough gas
</system-err>
  </testcase>
  <testcase time="5.842" classname="net.bigpoint.assessment.gasstation.implementation.StationImplTest" name="testBuyGasDepleted">
    <failure message="expected [true] but found [false]" type="java.lang.AssertionError">java.lang.AssertionError: expected [true] but found [false]
	at org.testng.Assert.fail(Assert.java:94)
	at org.testng.Assert.failNotEquals(Assert.java:494)
	at org.testng.Assert.assertTrue(Assert.java:42)
	at org.testng.Assert.assertTrue(Assert.java:52)
	at net.bigpoint.assessment.gasstation.implementation.StationImplTest.testBuyGasDepleted(StationImplTest.java:147)
</failure>
    <system-err>Jul 06, 2014 12:56:58 PM net.bigpoint.assessment.gasstation.implementation.StationImplTest testBuyGasDepleted
SEVERE: Not enough gas
</system-err>
  </testcase>
  <testcase time="5.842" classname="net.bigpoint.assessment.gasstation.implementation.StationImplTest" name="testBuyGasDepleted">
    <failure message="expected [true] but found [false]" type="java.lang.AssertionError">java.lang.AssertionError: expected [true] but found [false]
	at org.testng.Assert.fail(Assert.java:94)
	at org.testng.Assert.failNotEquals(Assert.java:494)
	at org.testng.Assert.assertTrue(Assert.java:42)
	at org.testng.Assert.assertTrue(Assert.java:52)
	at net.bigpoint.assessment.gasstation.implementation.StationImplTest.testBuyGasDepleted(StationImplTest.java:147)
</failure>
  </testcase>
  <testcase time="5.842" classname="net.bigpoint.assessment.gasstation.implementation.StationImplTest" name="testBuyGasDepleted">
    <failure message="expected [true] but found [false]" type="java.lang.AssertionError">java.lang.AssertionError: expected [true] but found [false]
	at org.testng.Assert.fail(Assert.java:94)
	at org.testng.Assert.failNotEquals(Assert.java:494)
	at org.testng.Assert.assertTrue(Assert.java:42)
	at org.testng.Assert.assertTrue(Assert.java:52)
	at net.bigpoint.assessment.gasstation.implementation.StationImplTest.testBuyGasDepleted(StationImplTest.java:147)
</failure>
    <system-err>Jul 06, 2014 12:56:58 PM net.bigpoint.assessment.gasstation.implementation.StationImplTest testBuyGasDepleted
SEVERE: Not enough gas
</system-err>
  </testcase>
  <testcase time="5.843" classname="net.bigpoint.assessment.gasstation.implementation.StationImplTest" name="testBuyGasDepleted">
    <failure message="expected [true] but found [false]" type="java.lang.AssertionError">java.lang.AssertionError: expected [true] but found [false]
	at org.testng.Assert.fail(Assert.java:94)
	at org.testng.Assert.failNotEquals(Assert.java:494)
	at org.testng.Assert.assertTrue(Assert.java:42)
	at org.testng.Assert.assertTrue(Assert.java:52)
	at net.bigpoint.assessment.gasstation.implementation.StationImplTest.testBuyGasDepleted(StationImplTest.java:147)
</failure>
    <system-err>Jul 06, 2014 12:56:58 PM net.bigpoint.assessment.gasstation.implementation.StationImplTest testBuyGasDepleted
SEVERE: Not enough gas
</system-err>
  </testcase>
  <testcase time="5.843" classname="net.bigpoint.assessment.gasstation.implementation.StationImplTest" name="testBuyGasDepleted">
    <failure message="expected [true] but found [false]" type="java.lang.AssertionError">java.lang.AssertionError: expected [true] but found [false]
	at org.testng.Assert.fail(Assert.java:94)
	at org.testng.Assert.failNotEquals(Assert.java:494)
	at org.testng.Assert.assertTrue(Assert.java:42)
	at org.testng.Assert.assertTrue(Assert.java:52)
	at net.bigpoint.assessment.gasstation.implementation.StationImplTest.testBuyGasDepleted(StationImplTest.java:147)
</failure>
    <system-err>Jul 06, 2014 12:56:58 PM net.bigpoint.assessment.gasstation.implementation.StationImplTest testBuyGasDepleted
SEVERE: Not enough gas
</system-err>
  </testcase>
  <testcase time="5.843" classname="net.bigpoint.assessment.gasstation.implementation.StationImplTest" name="testBuyGasDepleted">
    <failure message="expected [true] but found [false]" type="java.lang.AssertionError">java.lang.AssertionError: expected [true] but found [false]
	at org.testng.Assert.fail(Assert.java:94)
	at org.testng.Assert.failNotEquals(Assert.java:494)
	at org.testng.Assert.assertTrue(Assert.java:42)
	at org.testng.Assert.assertTrue(Assert.java:52)
	at net.bigpoint.assessment.gasstation.implementation.StationImplTest.testBuyGasDepleted(StationImplTest.java:147)
</failure>
    <system-err>Jul 06, 2014 12:56:58 PM net.bigpoint.assessment.gasstation.implementation.StationImplTest testBuyGasDepleted
SEVERE: Not enough gas
</system-err>
  </testcase>
  <testcase time="5.843" classname="net.bigpoint.assessment.gasstation.implementation.StationImplTest" name="testBuyGasDepleted">
    <failure message="expected [true] but found [false]" type="java.lang.AssertionError">java.lang.AssertionError: expected [true] but found [false]
	at org.testng.Assert.fail(Assert.java:94)
	at org.testng.Assert.failNotEquals(Assert.java:494)
	at org.testng.Assert.assertTrue(Assert.java:42)
	at org.testng.Assert.assertTrue(Assert.java:52)
	at net.bigpoint.assessment.gasstation.implementation.StationImplTest.testBuyGasDepleted(StationImplTest.java:147)
</failure>
    <system-err>Jul 06, 2014 12:56:58 PM net.bigpoint.assessment.gasstation.implementation.StationImplTest testBuyGasDepleted
SEVERE: Not enough gas
</system-err>
  </testcase>
  <testcase time="5.844" classname="net.bigpoint.assessment.gasstation.implementation.StationImplTest" name="testBuyGasDepleted">
    <failure message="expected [true] but found [false]" type="java.lang.AssertionError">java.lang.AssertionError: expected [true] but found [false]
	at org.testng.Assert.fail(Assert.java:94)
	at org.testng.Assert.failNotEquals(Assert.java:494)
	at org.testng.Assert.assertTrue(Assert.java:42)
	at org.testng.Assert.assertTrue(Assert.java:52)
	at net.bigpoint.assessment.gasstation.implementation.StationImplTest.testBuyGasDepleted(StationImplTest.java:147)
</failure>
    <system-err>Jul 06, 2014 12:56:58 PM net.bigpoint.assessment.gasstation.implementation.StationImplTest testBuyGasDepleted
SEVERE: Not enough gas
</system-err>
  </testcase>
  <testcase time="5.844" classname="net.bigpoint.assessment.gasstation.implementation.StationImplTest" name="testBuyGasDepleted">
    <failure message="expected [true] but found [false]" type="java.lang.AssertionError">java.lang.AssertionError: expected [true] but found [false]
	at org.testng.Assert.fail(Assert.java:94)
	at org.testng.Assert.failNotEquals(Assert.java:494)
	at org.testng.Assert.assertTrue(Assert.java:42)
	at org.testng.Assert.assertTrue(Assert.java:52)
	at net.bigpoint.assessment.gasstation.implementation.StationImplTest.testBuyGasDepleted(StationImplTest.java:147)
</failure>
  </testcase>
  <testcase time="5.844" classname="net.bigpoint.assessment.gasstation.implementation.StationImplTest" name="testBuyGasDepleted">
    <failure message="expected [true] but found [false]" type="java.lang.AssertionError">java.lang.AssertionError: expected [true] but found [false]
	at org.testng.Assert.fail(Assert.java:94)
	at org.testng.Assert.failNotEquals(Assert.java:494)
	at org.testng.Assert.assertTrue(Assert.java:42)
	at org.testng.Assert.assertTrue(Assert.java:52)
	at net.bigpoint.assessment.gasstation.implementation.StationImplTest.testBuyGasDepleted(StationImplTest.java:147)
</failure>
    <system-err>Jul 06, 2014 12:56:58 PM net.bigpoint.assessment.gasstation.implementation.StationImplTest testBuyGasDepleted
SEVERE: Not enough gas
</system-err>
  </testcase>
  <testcase time="5.844" classname="net.bigpoint.assessment.gasstation.implementation.StationImplTest" name="testBuyGasDepleted">
    <failure message="expected [true] but found [false]" type="java.lang.AssertionError">java.lang.AssertionError: expected [true] but found [false]
	at org.testng.Assert.fail(Assert.java:94)
	at org.testng.Assert.failNotEquals(Assert.java:494)
	at org.testng.Assert.assertTrue(Assert.java:42)
	at org.testng.Assert.assertTrue(Assert.java:52)
	at net.bigpoint.assessment.gasstation.implementation.StationImplTest.testBuyGasDepleted(StationImplTest.java:147)
</failure>
    <system-err>Jul 06, 2014 12:56:58 PM net.bigpoint.assessment.gasstation.implementation.StationImplTest testBuyGasDepleted
SEVERE: Not enough gas
</system-err>
  </testcase>
  <testcase time="5.845" classname="net.bigpoint.assessment.gasstation.implementation.StationImplTest" name="testBuyGasDepleted">
    <failure message="expected [true] but found [false]" type="java.lang.AssertionError">java.lang.AssertionError: expected [true] but found [false]
	at org.testng.Assert.fail(Assert.java:94)
	at org.testng.Assert.failNotEquals(Assert.java:494)
	at org.testng.Assert.assertTrue(Assert.java:42)
	at org.testng.Assert.assertTrue(Assert.java:52)
	at net.bigpoint.assessment.gasstation.implementation.StationImplTest.testBuyGasDepleted(StationImplTest.java:147)
</failure>
    <system-err>Jul 06, 2014 12:56:58 PM net.bigpoint.assessment.gasstation.implementation.StationImplTest testBuyGasDepleted
SEVERE: Not enough gas
</system-err>
  </testcase>
  <testcase time="5.845" classname="net.bigpoint.assessment.gasstation.implementation.StationImplTest" name="testBuyGasDepleted">
    <failure message="expected [true] but found [false]" type="java.lang.AssertionError">java.lang.AssertionError: expected [true] but found [false]
	at org.testng.Assert.fail(Assert.java:94)
	at org.testng.Assert.failNotEquals(Assert.java:494)
	at org.testng.Assert.assertTrue(Assert.java:42)
	at org.testng.Assert.assertTrue(Assert.java:52)
	at net.bigpoint.assessment.gasstation.implementation.StationImplTest.testBuyGasDepleted(StationImplTest.java:147)
</failure>
    <system-err>Jul 06, 2014 12:56:58 PM net.bigpoint.assessment.gasstation.implementation.StationImplTest testBuyGasDepleted
SEVERE: Not enough gas
</system-err>
  </testcase>
  <testcase time="5.846" classname="net.bigpoint.assessment.gasstation.implementation.StationImplTest" name="testBuyGasDepleted">
    <failure message="expected [true] but found [false]" type="java.lang.AssertionError">java.lang.AssertionError: expected [true] but found [false]
	at org.testng.Assert.fail(Assert.java:94)
	at org.testng.Assert.failNotEquals(Assert.java:494)
	at org.testng.Assert.assertTrue(Assert.java:42)
	at org.testng.Assert.assertTrue(Assert.java:52)
	at net.bigpoint.assessment.gasstation.implementation.StationImplTest.testBuyGasDepleted(StationImplTest.java:147)
</failure>
    <system-err>Jul 06, 2014 12:56:58 PM net.bigpoint.assessment.gasstation.implementation.StationImplTest testBuyGasDepleted
SEVERE: Not enough gas
</system-err>
  </testcase>
  <testcase time="5.846" classname="net.bigpoint.assessment.gasstation.implementation.StationImplTest" name="testBuyGasDepleted">
    <failure message="expected [true] but found [false]" type="java.lang.AssertionError">java.lang.AssertionError: expected [true] but found [false]
	at org.testng.Assert.fail(Assert.java:94)
	at org.testng.Assert.failNotEquals(Assert.java:494)
	at org.testng.Assert.assertTrue(Assert.java:42)
	at org.testng.Assert.assertTrue(Assert.java:52)
	at net.bigpoint.assessment.gasstation.implementation.StationImplTest.testBuyGasDepleted(StationImplTest.java:147)
</failure>
  </testcase>
  <testcase time="5.846" classname="net.bigpoint.assessment.gasstation.implementation.StationImplTest" name="testBuyGasDepleted">
    <failure message="expected [true] but found [false]" type="java.lang.AssertionError">java.lang.AssertionError: expected [true] but found [false]
	at org.testng.Assert.fail(Assert.java:94)
	at org.testng.Assert.failNotEquals(Assert.java:494)
	at org.testng.Assert.assertTrue(Assert.java:42)
	at org.testng.Assert.assertTrue(Assert.java:52)
	at net.bigpoint.assessment.gasstation.implementation.StationImplTest.testBuyGasDepleted(StationImplTest.java:147)
</failure>
  </testcase>
  <testcase time="5.846" classname="net.bigpoint.assessment.gasstation.implementation.StationImplTest" name="testBuyGasDepleted">
    <failure message="expected [true] but found [false]" type="java.lang.AssertionError">java.lang.AssertionError: expected [true] but found [false]
	at org.testng.Assert.fail(Assert.java:94)
	at org.testng.Assert.failNotEquals(Assert.java:494)
	at org.testng.Assert.assertTrue(Assert.java:42)
	at org.testng.Assert.assertTrue(Assert.java:52)
	at net.bigpoint.assessment.gasstation.implementation.StationImplTest.testBuyGasDepleted(StationImplTest.java:147)
</failure>
    <system-err>Jul 06, 2014 12:56:58 PM net.bigpoint.assessment.gasstation.implementation.StationImplTest testBuyGasDepleted
SEVERE: Not enough gas
Jul 06, 2014 12:56:58 PM net.bigpoint.assessment.gasstation.implementation.StationImplTest testBuyGasDepleted
SEVERE: Not enough gas
</system-err>
  </testcase>
  <testcase time="5.846" classname="net.bigpoint.assessment.gasstation.implementation.StationImplTest" name="testBuyGasDepleted">
    <failure message="expected [true] but found [false]" type="java.lang.AssertionError">java.lang.AssertionError: expected [true] but found [false]
	at org.testng.Assert.fail(Assert.java:94)
	at org.testng.Assert.failNotEquals(Assert.java:494)
	at org.testng.Assert.assertTrue(Assert.java:42)
	at org.testng.Assert.assertTrue(Assert.java:52)
	at net.bigpoint.assessment.gasstation.implementation.StationImplTest.testBuyGasDepleted(StationImplTest.java:147)
</failure>
    <system-err>Jul 06, 2014 12:56:58 PM net.bigpoint.assessment.gasstation.implementation.StationImplTest testBuyGasDepleted
SEVERE: Not enough gas
</system-err>
  </testcase>
  <testcase time="5.847" classname="net.bigpoint.assessment.gasstation.implementation.StationImplTest" name="testBuyGasDepleted">
    <failure message="expected [true] but found [false]" type="java.lang.AssertionError">java.lang.AssertionError: expected [true] but found [false]
	at org.testng.Assert.fail(Assert.java:94)
	at org.testng.Assert.failNotEquals(Assert.java:494)
	at org.testng.Assert.assertTrue(Assert.java:42)
	at org.testng.Assert.assertTrue(Assert.java:52)
	at net.bigpoint.assessment.gasstation.implementation.StationImplTest.testBuyGasDepleted(StationImplTest.java:147)
</failure>
    <system-err>Jul 06, 2014 12:56:58 PM net.bigpoint.assessment.gasstation.implementation.StationImplTest testBuyGasDepleted
SEVERE: Not enough gas
</system-err>
  </testcase>
  <testcase time="5.847" classname="net.bigpoint.assessment.gasstation.implementation.StationImplTest" name="testBuyGasDepleted">
    <failure message="expected [true] but found [false]" type="java.lang.AssertionError">java.lang.AssertionError: expected [true] but found [false]
	at org.testng.Assert.fail(Assert.java:94)
	at org.testng.Assert.failNotEquals(Assert.java:494)
	at org.testng.Assert.assertTrue(Assert.java:42)
	at org.testng.Assert.assertTrue(Assert.java:52)
	at net.bigpoint.assessment.gasstation.implementation.StationImplTest.testBuyGasDepleted(StationImplTest.java:147)
</failure>
    <system-err>Jul 06, 2014 12:56:58 PM net.bigpoint.assessment.gasstation.implementation.StationImplTest testBuyGasDepleted
SEVERE: Not enough gas
</system-err>
  </testcase>
  <testcase time="5.848" classname="net.bigpoint.assessment.gasstation.implementation.StationImplTest" name="testBuyGasDepleted">
    <failure message="expected [true] but found [false]" type="java.lang.AssertionError">java.lang.AssertionError: expected [true] but found [false]
	at org.testng.Assert.fail(Assert.java:94)
	at org.testng.Assert.failNotEquals(Assert.java:494)
	at org.testng.Assert.assertTrue(Assert.java:42)
	at org.testng.Assert.assertTrue(Assert.java:52)
	at net.bigpoint.assessment.gasstation.implementation.StationImplTest.testBuyGasDepleted(StationImplTest.java:147)
</failure>
  </testcase>
  <testcase time="5.848" classname="net.bigpoint.assessment.gasstation.implementation.StationImplTest" name="testBuyGasDepleted">
    <failure message="expected [true] but found [false]" type="java.lang.AssertionError">java.lang.AssertionError: expected [true] but found [false]
	at org.testng.Assert.fail(Assert.java:94)
	at org.testng.Assert.failNotEquals(Assert.java:494)
	at org.testng.Assert.assertTrue(Assert.java:42)
	at org.testng.Assert.assertTrue(Assert.java:52)
	at net.bigpoint.assessment.gasstation.implementation.StationImplTest.testBuyGasDepleted(StationImplTest.java:147)
</failure>
    <system-err>Jul 06, 2014 12:56:58 PM net.bigpoint.assessment.gasstation.implementation.StationImplTest testBuyGasDepleted
SEVERE: Not enough gas
</system-err>
  </testcase>
  <testcase time="5.848" classname="net.bigpoint.assessment.gasstation.implementation.StationImplTest" name="testBuyGasDepleted">
    <failure message="expected [true] but found [false]" type="java.lang.AssertionError">java.lang.AssertionError: expected [true] but found [false]
	at org.testng.Assert.fail(Assert.java:94)
	at org.testng.Assert.failNotEquals(Assert.java:494)
	at org.testng.Assert.assertTrue(Assert.java:42)
	at org.testng.Assert.assertTrue(Assert.java:52)
	at net.bigpoint.assessment.gasstation.implementation.StationImplTest.testBuyGasDepleted(StationImplTest.java:147)
</failure>
    <system-err>Jul 06, 2014 12:56:58 PM net.bigpoint.assessment.gasstation.implementation.StationImplTest testBuyGasDepleted
SEVERE: Not enough gas
</system-err>
  </testcase>
  <testcase time="5.848" classname="net.bigpoint.assessment.gasstation.implementation.StationImplTest" name="testBuyGasDepleted">
    <failure message="expected [true] but found [false]" type="java.lang.AssertionError">java.lang.AssertionError: expected [true] but found [false]
	at org.testng.Assert.fail(Assert.java:94)
	at org.testng.Assert.failNotEquals(Assert.java:494)
	at org.testng.Assert.assertTrue(Assert.java:42)
	at org.testng.Assert.assertTrue(Assert.java:52)
	at net.bigpoint.assessment.gasstation.implementation.StationImplTest.testBuyGasDepleted(StationImplTest.java:147)
</failure>
    <system-err>Jul 06, 2014 12:56:58 PM net.bigpoint.assessment.gasstation.implementation.StationImplTest testBuyGasDepleted
SEVERE: Not enough gas
</system-err>
  </testcase>
  <testcase time="5.849" classname="net.bigpoint.assessment.gasstation.implementation.StationImplTest" name="testBuyGasDepleted">
    <failure message="expected [true] but found [false]" type="java.lang.AssertionError">java.lang.AssertionError: expected [true] but found [false]
	at org.testng.Assert.fail(Assert.java:94)
	at org.testng.Assert.failNotEquals(Assert.java:494)
	at org.testng.Assert.assertTrue(Assert.java:42)
	at org.testng.Assert.assertTrue(Assert.java:52)
	at net.bigpoint.assessment.gasstation.implementation.StationImplTest.testBuyGasDepleted(StationImplTest.java:147)
</failure>
    <system-err>Jul 06, 2014 12:56:58 PM net.bigpoint.assessment.gasstation.implementation.StationImplTest testBuyGasDepleted
SEVERE: Not enough gas
</system-err>
  </testcase>
  <testcase time="5.849" classname="net.bigpoint.assessment.gasstation.implementation.StationImplTest" name="testBuyGasDepleted">
    <failure message="expected [true] but found [false]" type="java.lang.AssertionError">java.lang.AssertionError: expected [true] but found [false]
	at org.testng.Assert.fail(Assert.java:94)
	at org.testng.Assert.failNotEquals(Assert.java:494)
	at org.testng.Assert.assertTrue(Assert.java:42)
	at org.testng.Assert.assertTrue(Assert.java:52)
	at net.bigpoint.assessment.gasstation.implementation.StationImplTest.testBuyGasDepleted(StationImplTest.java:147)
</failure>
    <system-err>Jul 06, 2014 12:56:58 PM net.bigpoint.assessment.gasstation.implementation.StationImplTest testBuyGasDepleted
SEVERE: Not enough gas
</system-err>
  </testcase>
  <testcase time="5.849" classname="net.bigpoint.assessment.gasstation.implementation.StationImplTest" name="testBuyGasDepleted">
    <failure message="expected [true] but found [false]" type="java.lang.AssertionError">java.lang.AssertionError: expected [true] but found [false]
	at org.testng.Assert.fail(Assert.java:94)
	at org.testng.Assert.failNotEquals(Assert.java:494)
	at org.testng.Assert.assertTrue(Assert.java:42)
	at org.testng.Assert.assertTrue(Assert.java:52)
	at net.bigpoint.assessment.gasstation.implementation.StationImplTest.testBuyGasDepleted(StationImplTest.java:147)
</failure>
  </testcase>
  <testcase time="5.85" classname="net.bigpoint.assessment.gasstation.implementation.StationImplTest" name="testBuyGasDepleted">
    <failure message="expected [true] but found [false]" type="java.lang.AssertionError">java.lang.AssertionError: expected [true] but found [false]
	at org.testng.Assert.fail(Assert.java:94)
	at org.testng.Assert.failNotEquals(Assert.java:494)
	at org.testng.Assert.assertTrue(Assert.java:42)
	at org.testng.Assert.assertTrue(Assert.java:52)
	at net.bigpoint.assessment.gasstation.implementation.StationImplTest.testBuyGasDepleted(StationImplTest.java:147)
</failure>
    <system-err>Jul 06, 2014 12:56:58 PM net.bigpoint.assessment.gasstation.implementation.StationImplTest testBuyGasDepleted
SEVERE: Not enough gas
</system-err>
  </testcase>
  <testcase time="5.85" classname="net.bigpoint.assessment.gasstation.implementation.StationImplTest" name="testBuyGasDepleted">
    <failure message="expected [true] but found [false]" type="java.lang.AssertionError">java.lang.AssertionError: expected [true] but found [false]
	at org.testng.Assert.fail(Assert.java:94)
	at org.testng.Assert.failNotEquals(Assert.java:494)
	at org.testng.Assert.assertTrue(Assert.java:42)
	at org.testng.Assert.assertTrue(Assert.java:52)
	at net.bigpoint.assessment.gasstation.implementation.StationImplTest.testBuyGasDepleted(StationImplTest.java:147)
</failure>
    <system-err>Jul 06, 2014 12:56:58 PM net.bigpoint.assessment.gasstation.implementation.StationImplTest testBuyGasDepleted
SEVERE: Not enough gas
</system-err>
  </testcase>
  <testcase time="5.85" classname="net.bigpoint.assessment.gasstation.implementation.StationImplTest" name="testBuyGasDepleted">
    <failure message="expected [true] but found [false]" type="java.lang.AssertionError">java.lang.AssertionError: expected [true] but found [false]
	at org.testng.Assert.fail(Assert.java:94)
	at org.testng.Assert.failNotEquals(Assert.java:494)
	at org.testng.Assert.assertTrue(Assert.java:42)
	at org.testng.Assert.assertTrue(Assert.java:52)
	at net.bigpoint.assessment.gasstation.implementation.StationImplTest.testBuyGasDepleted(StationImplTest.java:147)
</failure>
    <system-err>Jul 06, 2014 12:56:58 PM net.bigpoint.assessment.gasstation.implementation.StationImplTest testBuyGasDepleted
SEVERE: Not enough gas
</system-err>
  </testcase>
  <testcase time="5.851" classname="net.bigpoint.assessment.gasstation.implementation.StationImplTest" name="testBuyGasDepleted">
    <failure message="expected [true] but found [false]" type="java.lang.AssertionError">java.lang.AssertionError: expected [true] but found [false]
	at org.testng.Assert.fail(Assert.java:94)
	at org.testng.Assert.failNotEquals(Assert.java:494)
	at org.testng.Assert.assertTrue(Assert.java:42)
	at org.testng.Assert.assertTrue(Assert.java:52)
	at net.bigpoint.assessment.gasstation.implementation.StationImplTest.testBuyGasDepleted(StationImplTest.java:147)
</failure>
    <system-err>Jul 06, 2014 12:56:58 PM net.bigpoint.assessment.gasstation.implementation.StationImplTest testBuyGasDepleted
SEVERE: Not enough gas
</system-err>
  </testcase>
  <testcase time="5.851" classname="net.bigpoint.assessment.gasstation.implementation.StationImplTest" name="testBuyGasDepleted">
    <failure message="expected [true] but found [false]" type="java.lang.AssertionError">java.lang.AssertionError: expected [true] but found [false]
	at org.testng.Assert.fail(Assert.java:94)
	at org.testng.Assert.failNotEquals(Assert.java:494)
	at org.testng.Assert.assertTrue(Assert.java:42)
	at org.testng.Assert.assertTrue(Assert.java:52)
	at net.bigpoint.assessment.gasstation.implementation.StationImplTest.testBuyGasDepleted(StationImplTest.java:147)
</failure>
    <system-err>Jul 06, 2014 12:56:58 PM net.bigpoint.assessment.gasstation.implementation.StationImplTest testBuyGasDepleted
SEVERE: Not enough gas
</system-err>
  </testcase>
  <testcase time="5.851" classname="net.bigpoint.assessment.gasstation.implementation.StationImplTest" name="testBuyGasDepleted">
    <failure message="expected [true] but found [false]" type="java.lang.AssertionError">java.lang.AssertionError: expected [true] but found [false]
	at org.testng.Assert.fail(Assert.java:94)
	at org.testng.Assert.failNotEquals(Assert.java:494)
	at org.testng.Assert.assertTrue(Assert.java:42)
	at org.testng.Assert.assertTrue(Assert.java:52)
	at net.bigpoint.assessment.gasstation.implementation.StationImplTest.testBuyGasDepleted(StationImplTest.java:147)
</failure>
  </testcase>
  <testcase time="5.851" classname="net.bigpoint.assessment.gasstation.implementation.StationImplTest" name="testBuyGasDepleted">
    <failure message="expected [true] but found [false]" type="java.lang.AssertionError">java.lang.AssertionError: expected [true] but found [false]
	at org.testng.Assert.fail(Assert.java:94)
	at org.testng.Assert.failNotEquals(Assert.java:494)
	at org.testng.Assert.assertTrue(Assert.java:42)
	at org.testng.Assert.assertTrue(Assert.java:52)
	at net.bigpoint.assessment.gasstation.implementation.StationImplTest.testBuyGasDepleted(StationImplTest.java:147)
</failure>
    <system-err>Jul 06, 2014 12:56:58 PM net.bigpoint.assessment.gasstation.implementation.StationImplTest testBuyGasDepleted
SEVERE: Not enough gas
</system-err>
  </testcase>
  <testcase time="5.852" classname="net.bigpoint.assessment.gasstation.implementation.StationImplTest" name="testBuyGasDepleted">
    <failure message="expected [true] but found [false]" type="java.lang.AssertionError">java.lang.AssertionError: expected [true] but found [false]
	at org.testng.Assert.fail(Assert.java:94)
	at org.testng.Assert.failNotEquals(Assert.java:494)
	at org.testng.Assert.assertTrue(Assert.java:42)
	at org.testng.Assert.assertTrue(Assert.java:52)
	at net.bigpoint.assessment.gasstation.implementation.StationImplTest.testBuyGasDepleted(StationImplTest.java:147)
</failure>
    <system-err>Jul 06, 2014 12:56:58 PM net.bigpoint.assessment.gasstation.implementation.StationImplTest testBuyGasDepleted
SEVERE: Not enough gas
</system-err>
  </testcase>
  <testcase time="5.852" classname="net.bigpoint.assessment.gasstation.implementation.StationImplTest" name="testBuyGasDepleted">
    <failure message="expected [true] but found [false]" type="java.lang.AssertionError">java.lang.AssertionError: expected [true] but found [false]
	at org.testng.Assert.fail(Assert.java:94)
	at org.testng.Assert.failNotEquals(Assert.java:494)
	at org.testng.Assert.assertTrue(Assert.java:42)
	at org.testng.Assert.assertTrue(Assert.java:52)
	at net.bigpoint.assessment.gasstation.implementation.StationImplTest.testBuyGasDepleted(StationImplTest.java:147)
</failure>
    <system-err>Jul 06, 2014 12:56:58 PM net.bigpoint.assessment.gasstation.implementation.StationImplTest testBuyGasDepleted
SEVERE: Not enough gas
</system-err>
  </testcase>
  <testcase time="5.852" classname="net.bigpoint.assessment.gasstation.implementation.StationImplTest" name="testBuyGasDepleted">
    <failure message="expected [true] but found [false]" type="java.lang.AssertionError">java.lang.AssertionError: expected [true] but found [false]
	at org.testng.Assert.fail(Assert.java:94)
	at org.testng.Assert.failNotEquals(Assert.java:494)
	at org.testng.Assert.assertTrue(Assert.java:42)
	at org.testng.Assert.assertTrue(Assert.java:52)
	at net.bigpoint.assessment.gasstation.implementation.StationImplTest.testBuyGasDepleted(StationImplTest.java:147)
</failure>
    <system-err>Jul 06, 2014 12:56:58 PM net.bigpoint.assessment.gasstation.implementation.StationImplTest testBuyGasDepleted
SEVERE: Not enough gas
</system-err>
  </testcase>
  <testcase time="5.853" classname="net.bigpoint.assessment.gasstation.implementation.StationImplTest" name="testBuyGasDepleted">
    <failure message="expected [true] but found [false]" type="java.lang.AssertionError">java.lang.AssertionError: expected [true] but found [false]
	at org.testng.Assert.fail(Assert.java:94)
	at org.testng.Assert.failNotEquals(Assert.java:494)
	at org.testng.Assert.assertTrue(Assert.java:42)
	at org.testng.Assert.assertTrue(Assert.java:52)
	at net.bigpoint.assessment.gasstation.implementation.StationImplTest.testBuyGasDepleted(StationImplTest.java:147)
</failure>
  </testcase>
  <testcase time="5.853" classname="net.bigpoint.assessment.gasstation.implementation.StationImplTest" name="testBuyGasDepleted">
    <failure message="expected [true] but found [false]" type="java.lang.AssertionError">java.lang.AssertionError: expected [true] but found [false]
	at org.testng.Assert.fail(Assert.java:94)
	at org.testng.Assert.failNotEquals(Assert.java:494)
	at org.testng.Assert.assertTrue(Assert.java:42)
	at org.testng.Assert.assertTrue(Assert.java:52)
	at net.bigpoint.assessment.gasstation.implementation.StationImplTest.testBuyGasDepleted(StationImplTest.java:147)
</failure>
    <system-err>Jul 06, 2014 12:56:58 PM net.bigpoint.assessment.gasstation.implementation.StationImplTest testBuyGasDepleted
SEVERE: Not enough gas
</system-err>
  </testcase>
  <testcase time="5.854" classname="net.bigpoint.assessment.gasstation.implementation.StationImplTest" name="testBuyGasDepleted">
    <failure message="expected [true] but found [false]" type="java.lang.AssertionError">java.lang.AssertionError: expected [true] but found [false]
	at org.testng.Assert.fail(Assert.java:94)
	at org.testng.Assert.failNotEquals(Assert.java:494)
	at org.testng.Assert.assertTrue(Assert.java:42)
	at org.testng.Assert.assertTrue(Assert.java:52)
	at net.bigpoint.assessment.gasstation.implementation.StationImplTest.testBuyGasDepleted(StationImplTest.java:147)
</failure>
    <system-err>Jul 06, 2014 12:56:58 PM net.bigpoint.assessment.gasstation.implementation.StationImplTest testBuyGasDepleted
SEVERE: Not enough gas
</system-err>
  </testcase>
  <testcase time="5.854" classname="net.bigpoint.assessment.gasstation.implementation.StationImplTest" name="testBuyGasDepleted">
    <failure message="expected [true] but found [false]" type="java.lang.AssertionError">java.lang.AssertionError: expected [true] but found [false]
	at org.testng.Assert.fail(Assert.java:94)
	at org.testng.Assert.failNotEquals(Assert.java:494)
	at org.testng.Assert.assertTrue(Assert.java:42)
	at org.testng.Assert.assertTrue(Assert.java:52)
	at net.bigpoint.assessment.gasstation.implementation.StationImplTest.testBuyGasDepleted(StationImplTest.java:147)
</failure>
  </testcase>
  <testcase time="5.854" classname="net.bigpoint.assessment.gasstation.implementation.StationImplTest" name="testBuyGasDepleted">
    <failure message="expected [true] but found [false]" type="java.lang.AssertionError">java.lang.AssertionError: expected [true] but found [false]
	at org.testng.Assert.fail(Assert.java:94)
	at org.testng.Assert.failNotEquals(Assert.java:494)
	at org.testng.Assert.assertTrue(Assert.java:42)
	at org.testng.Assert.assertTrue(Assert.java:52)
	at net.bigpoint.assessment.gasstation.implementation.StationImplTest.testBuyGasDepleted(StationImplTest.java:147)
</failure>
    <system-err>Jul 06, 2014 12:56:58 PM net.bigpoint.assessment.gasstation.implementation.StationImplTest testBuyGasDepleted
SEVERE: Not enough gas
</system-err>
  </testcase>
  <testcase time="5.855" classname="net.bigpoint.assessment.gasstation.implementation.StationImplTest" name="testBuyGasDepleted">
    <failure message="expected [true] but found [false]" type="java.lang.AssertionError">java.lang.AssertionError: expected [true] but found [false]
	at org.testng.Assert.fail(Assert.java:94)
	at org.testng.Assert.failNotEquals(Assert.java:494)
	at org.testng.Assert.assertTrue(Assert.java:42)
	at org.testng.Assert.assertTrue(Assert.java:52)
	at net.bigpoint.assessment.gasstation.implementation.StationImplTest.testBuyGasDepleted(StationImplTest.java:147)
</failure>
    <system-err>Jul 06, 2014 12:56:58 PM net.bigpoint.assessment.gasstation.implementation.StationImplTest testBuyGasDepleted
SEVERE: Not enough gas
Jul 06, 2014 12:56:58 PM net.bigpoint.assessment.gasstation.implementation.StationImplTest testBuyGasDepleted
SEVERE: Not enough gas
</system-err>
  </testcase>
  <testcase time="5.855" classname="net.bigpoint.assessment.gasstation.implementation.StationImplTest" name="testBuyGasDepleted">
    <failure message="expected [true] but found [false]" type="java.lang.AssertionError">java.lang.AssertionError: expected [true] but found [false]
	at org.testng.Assert.fail(Assert.java:94)
	at org.testng.Assert.failNotEquals(Assert.java:494)
	at org.testng.Assert.assertTrue(Assert.java:42)
	at org.testng.Assert.assertTrue(Assert.java:52)
	at net.bigpoint.assessment.gasstation.implementation.StationImplTest.testBuyGasDepleted(StationImplTest.java:147)
</failure>
    <system-err>Jul 06, 2014 12:56:58 PM net.bigpoint.assessment.gasstation.implementation.StationImplTest testBuyGasDepleted
SEVERE: Not enough gas
</system-err>
  </testcase>
  <testcase time="5.856" classname="net.bigpoint.assessment.gasstation.implementation.StationImplTest" name="testBuyGasDepleted">
    <failure message="expected [true] but found [false]" type="java.lang.AssertionError">java.lang.AssertionError: expected [true] but found [false]
	at org.testng.Assert.fail(Assert.java:94)
	at org.testng.Assert.failNotEquals(Assert.java:494)
	at org.testng.Assert.assertTrue(Assert.java:42)
	at org.testng.Assert.assertTrue(Assert.java:52)
	at net.bigpoint.assessment.gasstation.implementation.StationImplTest.testBuyGasDepleted(StationImplTest.java:147)
</failure>
    <system-err>Jul 06, 2014 12:56:58 PM net.bigpoint.assessment.gasstation.implementation.StationImplTest testBuyGasDepleted
SEVERE: Not enough gas
</system-err>
  </testcase>
  <testcase time="5.856" classname="net.bigpoint.assessment.gasstation.implementation.StationImplTest" name="testBuyGasDepleted">
    <failure message="expected [true] but found [false]" type="java.lang.AssertionError">java.lang.AssertionError: expected [true] but found [false]
	at org.testng.Assert.fail(Assert.java:94)
	at org.testng.Assert.failNotEquals(Assert.java:494)
	at org.testng.Assert.assertTrue(Assert.java:42)
	at org.testng.Assert.assertTrue(Assert.java:52)
	at net.bigpoint.assessment.gasstation.implementation.StationImplTest.testBuyGasDepleted(StationImplTest.java:147)
</failure>
  </testcase>
  <testcase time="5.856" classname="net.bigpoint.assessment.gasstation.implementation.StationImplTest" name="testBuyGasDepleted">
    <failure message="expected [true] but found [false]" type="java.lang.AssertionError">java.lang.AssertionError: expected [true] but found [false]
	at org.testng.Assert.fail(Assert.java:94)
	at org.testng.Assert.failNotEquals(Assert.java:494)
	at org.testng.Assert.assertTrue(Assert.java:42)
	at org.testng.Assert.assertTrue(Assert.java:52)
	at net.bigpoint.assessment.gasstation.implementation.StationImplTest.testBuyGasDepleted(StationImplTest.java:147)
</failure>
    <system-err>Jul 06, 2014 12:56:58 PM net.bigpoint.assessment.gasstation.implementation.StationImplTest testBuyGasDepleted
SEVERE: Not enough gas
</system-err>
  </testcase>
  <testcase time="5.857" classname="net.bigpoint.assessment.gasstation.implementation.StationImplTest" name="testBuyGasDepleted">
    <failure message="expected [true] but found [false]" type="java.lang.AssertionError">java.lang.AssertionError: expected [true] but found [false]
	at org.testng.Assert.fail(Assert.java:94)
	at org.testng.Assert.failNotEquals(Assert.java:494)
	at org.testng.Assert.assertTrue(Assert.java:42)
	at org.testng.Assert.assertTrue(Assert.java:52)
	at net.bigpoint.assessment.gasstation.implementation.StationImplTest.testBuyGasDepleted(StationImplTest.java:147)
</failure>
    <system-err>Jul 06, 2014 12:56:58 PM net.bigpoint.assessment.gasstation.implementation.StationImplTest testBuyGasDepleted
SEVERE: Not enough gas
Jul 06, 2014 12:56:58 PM net.bigpoint.assessment.gasstation.implementation.StationImplTest testBuyGasDepleted
SEVERE: Not enough gas
</system-err>
  </testcase>
  <testcase time="5.857" classname="net.bigpoint.assessment.gasstation.implementation.StationImplTest" name="testBuyGasDepleted">
    <failure message="expected [true] but found [false]" type="java.lang.AssertionError">java.lang.AssertionError: expected [true] but found [false]
	at org.testng.Assert.fail(Assert.java:94)
	at org.testng.Assert.failNotEquals(Assert.java:494)
	at org.testng.Assert.assertTrue(Assert.java:42)
	at org.testng.Assert.assertTrue(Assert.java:52)
	at net.bigpoint.assessment.gasstation.implementation.StationImplTest.testBuyGasDepleted(StationImplTest.java:147)
</failure>
  </testcase>
  <testcase time="5.857" classname="net.bigpoint.assessment.gasstation.implementation.StationImplTest" name="testBuyGasDepleted">
    <failure message="expected [true] but found [false]" type="java.lang.AssertionError">java.lang.AssertionError: expected [true] but found [false]
	at org.testng.Assert.fail(Assert.java:94)
	at org.testng.Assert.failNotEquals(Assert.java:494)
	at org.testng.Assert.assertTrue(Assert.java:42)
	at org.testng.Assert.assertTrue(Assert.java:52)
	at net.bigpoint.assessment.gasstation.implementation.StationImplTest.testBuyGasDepleted(StationImplTest.java:147)
</failure>
    <system-err>Jul 06, 2014 12:56:58 PM net.bigpoint.assessment.gasstation.implementation.StationImplTest testBuyGasDepleted
SEVERE: Not enough gas
</system-err>
  </testcase>
  <testcase time="5.858" classname="net.bigpoint.assessment.gasstation.implementation.StationImplTest" name="testBuyGasDepleted">
    <failure message="expected [true] but found [false]" type="java.lang.AssertionError">java.lang.AssertionError: expected [true] but found [false]
	at org.testng.Assert.fail(Assert.java:94)
	at org.testng.Assert.failNotEquals(Assert.java:494)
	at org.testng.Assert.assertTrue(Assert.java:42)
	at org.testng.Assert.assertTrue(Assert.java:52)
	at net.bigpoint.assessment.gasstation.implementation.StationImplTest.testBuyGasDepleted(StationImplTest.java:147)
</failure>
    <system-err>Jul 06, 2014 12:56:58 PM net.bigpoint.assessment.gasstation.implementation.StationImplTest testBuyGasDepleted
SEVERE: Not enough gas
</system-err>
  </testcase>
  <testcase time="5.858" classname="net.bigpoint.assessment.gasstation.implementation.StationImplTest" name="testBuyGasDepleted">
    <failure message="expected [true] but found [false]" type="java.lang.AssertionError">java.lang.AssertionError: expected [true] but found [false]
	at org.testng.Assert.fail(Assert.java:94)
	at org.testng.Assert.failNotEquals(Assert.java:494)
	at org.testng.Assert.assertTrue(Assert.java:42)
	at org.testng.Assert.assertTrue(Assert.java:52)
	at net.bigpoint.assessment.gasstation.implementation.StationImplTest.testBuyGasDepleted(StationImplTest.java:147)
</failure>
    <system-err>Jul 06, 2014 12:56:58 PM net.bigpoint.assessment.gasstation.implementation.StationImplTest testBuyGasDepleted
SEVERE: Not enough gas
</system-err>
  </testcase>
  <testcase time="5.858" classname="net.bigpoint.assessment.gasstation.implementation.StationImplTest" name="testBuyGasDepleted">
    <failure message="expected [true] but found [false]" type="java.lang.AssertionError">java.lang.AssertionError: expected [true] but found [false]
	at org.testng.Assert.fail(Assert.java:94)
	at org.testng.Assert.failNotEquals(Assert.java:494)
	at org.testng.Assert.assertTrue(Assert.java:42)
	at org.testng.Assert.assertTrue(Assert.java:52)
	at net.bigpoint.assessment.gasstation.implementation.StationImplTest.testBuyGasDepleted(StationImplTest.java:147)
</failure>
  </testcase>
  <testcase time="5.859" classname="net.bigpoint.assessment.gasstation.implementation.StationImplTest" name="testBuyGasDepleted">
    <failure message="expected [true] but found [false]" type="java.lang.AssertionError">java.lang.AssertionError: expected [true] but found [false]
	at org.testng.Assert.fail(Assert.java:94)
	at org.testng.Assert.failNotEquals(Assert.java:494)
	at org.testng.Assert.assertTrue(Assert.java:42)
	at org.testng.Assert.assertTrue(Assert.java:52)
	at net.bigpoint.assessment.gasstation.implementation.StationImplTest.testBuyGasDepleted(StationImplTest.java:147)
</failure>
    <system-err>Jul 06, 2014 12:56:58 PM net.bigpoint.assessment.gasstation.implementation.StationImplTest testBuyGasDepleted
SEVERE: Not enough gas
</system-err>
  </testcase>
  <testcase time="5.859" classname="net.bigpoint.assessment.gasstation.implementation.StationImplTest" name="testBuyGasDepleted">
    <failure message="expected [true] but found [false]" type="java.lang.AssertionError">java.lang.AssertionError: expected [true] but found [false]
	at org.testng.Assert.fail(Assert.java:94)
	at org.testng.Assert.failNotEquals(Assert.java:494)
	at org.testng.Assert.assertTrue(Assert.java:42)
	at org.testng.Assert.assertTrue(Assert.java:52)
	at net.bigpoint.assessment.gasstation.implementation.StationImplTest.testBuyGasDepleted(StationImplTest.java:147)
</failure>
    <system-err>Jul 06, 2014 12:56:58 PM net.bigpoint.assessment.gasstation.implementation.StationImplTest testBuyGasDepleted
SEVERE: Not enough gas
</system-err>
  </testcase>
  <testcase time="5.859" classname="net.bigpoint.assessment.gasstation.implementation.StationImplTest" name="testBuyGasDepleted">
    <failure message="expected [true] but found [false]" type="java.lang.AssertionError">java.lang.AssertionError: expected [true] but found [false]
	at org.testng.Assert.fail(Assert.java:94)
	at org.testng.Assert.failNotEquals(Assert.java:494)
	at org.testng.Assert.assertTrue(Assert.java:42)
	at org.testng.Assert.assertTrue(Assert.java:52)
	at net.bigpoint.assessment.gasstation.implementation.StationImplTest.testBuyGasDepleted(StationImplTest.java:147)
</failure>
    <system-err>Jul 06, 2014 12:56:58 PM net.bigpoint.assessment.gasstation.implementation.StationImplTest testBuyGasDepleted
SEVERE: Not enough gas
</system-err>
  </testcase>
  <testcase time="5.86" classname="net.bigpoint.assessment.gasstation.implementation.StationImplTest" name="testBuyGasDepleted">
    <failure message="expected [true] but found [false]" type="java.lang.AssertionError">java.lang.AssertionError: expected [true] but found [false]
	at org.testng.Assert.fail(Assert.java:94)
	at org.testng.Assert.failNotEquals(Assert.java:494)
	at org.testng.Assert.assertTrue(Assert.java:42)
	at org.testng.Assert.assertTrue(Assert.java:52)
	at net.bigpoint.assessment.gasstation.implementation.StationImplTest.testBuyGasDepleted(StationImplTest.java:147)
</failure>
    <system-err>Jul 06, 2014 12:56:58 PM net.bigpoint.assessment.gasstation.implementation.StationImplTest testBuyGasDepleted
SEVERE: Not enough gas
</system-err>
  </testcase>
  <testcase time="5.86" classname="net.bigpoint.assessment.gasstation.implementation.StationImplTest" name="testBuyGasDepleted">
    <failure message="expected [true] but found [false]" type="java.lang.AssertionError">java.lang.AssertionError: expected [true] but found [false]
	at org.testng.Assert.fail(Assert.java:94)
	at org.testng.Assert.failNotEquals(Assert.java:494)
	at org.testng.Assert.assertTrue(Assert.java:42)
	at org.testng.Assert.assertTrue(Assert.java:52)
	at net.bigpoint.assessment.gasstation.implementation.StationImplTest.testBuyGasDepleted(StationImplTest.java:147)
</failure>
    <system-err>Jul 06, 2014 12:56:58 PM net.bigpoint.assessment.gasstation.implementation.StationImplTest testBuyGasDepleted
SEVERE: Not enough gas
</system-err>
  </testcase>
  <testcase time="5.86" classname="net.bigpoint.assessment.gasstation.implementation.StationImplTest" name="testBuyGasDepleted">
    <failure message="expected [true] but found [false]" type="java.lang.AssertionError">java.lang.AssertionError: expected [true] but found [false]
	at org.testng.Assert.fail(Assert.java:94)
	at org.testng.Assert.failNotEquals(Assert.java:494)
	at org.testng.Assert.assertTrue(Assert.java:42)
	at org.testng.Assert.assertTrue(Assert.java:52)
	at net.bigpoint.assessment.gasstation.implementation.StationImplTest.testBuyGasDepleted(StationImplTest.java:147)
</failure>
    <system-err>Jul 06, 2014 12:56:58 PM net.bigpoint.assessment.gasstation.implementation.StationImplTest testBuyGasDepleted
SEVERE: Not enough gas
</system-err>
  </testcase>
  <testcase time="5.861" classname="net.bigpoint.assessment.gasstation.implementation.StationImplTest" name="testBuyGasDepleted">
    <failure message="expected [true] but found [false]" type="java.lang.AssertionError">java.lang.AssertionError: expected [true] but found [false]
	at org.testng.Assert.fail(Assert.java:94)
	at org.testng.Assert.failNotEquals(Assert.java:494)
	at org.testng.Assert.assertTrue(Assert.java:42)
	at org.testng.Assert.assertTrue(Assert.java:52)
	at net.bigpoint.assessment.gasstation.implementation.StationImplTest.testBuyGasDepleted(StationImplTest.java:147)
</failure>
    <system-err>Jul 06, 2014 12:56:58 PM net.bigpoint.assessment.gasstation.implementation.StationImplTest testBuyGasDepleted
SEVERE: Not enough gas
</system-err>
  </testcase>
  <testcase time="5.861" classname="net.bigpoint.assessment.gasstation.implementation.StationImplTest" name="testBuyGasDepleted">
    <failure message="expected [true] but found [false]" type="java.lang.AssertionError">java.lang.AssertionError: expected [true] but found [false]
	at org.testng.Assert.fail(Assert.java:94)
	at org.testng.Assert.failNotEquals(Assert.java:494)
	at org.testng.Assert.assertTrue(Assert.java:42)
	at org.testng.Assert.assertTrue(Assert.java:52)
	at net.bigpoint.assessment.gasstation.implementation.StationImplTest.testBuyGasDepleted(StationImplTest.java:147)
</failure>
  </testcase>
  <testcase time="5.861" classname="net.bigpoint.assessment.gasstation.implementation.StationImplTest" name="testBuyGasDepleted">
    <failure message="expected [true] but found [false]" type="java.lang.AssertionError">java.lang.AssertionError: expected [true] but found [false]
	at org.testng.Assert.fail(Assert.java:94)
	at org.testng.Assert.failNotEquals(Assert.java:494)
	at org.testng.Assert.assertTrue(Assert.java:42)
	at org.testng.Assert.assertTrue(Assert.java:52)
	at net.bigpoint.assessment.gasstation.implementation.StationImplTest.testBuyGasDepleted(StationImplTest.java:147)
</failure>
  </testcase>
  <testcase time="5.862" classname="net.bigpoint.assessment.gasstation.implementation.StationImplTest" name="testBuyGasDepleted">
    <failure message="expected [true] but found [false]" type="java.lang.AssertionError">java.lang.AssertionError: expected [true] but found [false]
	at org.testng.Assert.fail(Assert.java:94)
	at org.testng.Assert.failNotEquals(Assert.java:494)
	at org.testng.Assert.assertTrue(Assert.java:42)
	at org.testng.Assert.assertTrue(Assert.java:52)
	at net.bigpoint.assessment.gasstation.implementation.StationImplTest.testBuyGasDepleted(StationImplTest.java:147)
</failure>
    <system-err>Jul 06, 2014 12:56:58 PM net.bigpoint.assessment.gasstation.implementation.StationImplTest testBuyGasDepleted
SEVERE: Not enough gas
Jul 06, 2014 12:56:58 PM net.bigpoint.assessment.gasstation.implementation.StationImplTest testBuyGasDepleted
SEVERE: Not enough gas
</system-err>
  </testcase>
  <testcase time="5.862" classname="net.bigpoint.assessment.gasstation.implementation.StationImplTest" name="testBuyGasDepleted">
    <failure message="expected [true] but found [false]" type="java.lang.AssertionError">java.lang.AssertionError: expected [true] but found [false]
	at org.testng.Assert.fail(Assert.java:94)
	at org.testng.Assert.failNotEquals(Assert.java:494)
	at org.testng.Assert.assertTrue(Assert.java:42)
	at org.testng.Assert.assertTrue(Assert.java:52)
	at net.bigpoint.assessment.gasstation.implementation.StationImplTest.testBuyGasDepleted(StationImplTest.java:147)
</failure>
  </testcase>
  <testcase time="5.862" classname="net.bigpoint.assessment.gasstation.implementation.StationImplTest" name="testBuyGasDepleted">
    <failure message="expected [true] but found [false]" type="java.lang.AssertionError">java.lang.AssertionError: expected [true] but found [false]
	at org.testng.Assert.fail(Assert.java:94)
	at org.testng.Assert.failNotEquals(Assert.java:494)
	at org.testng.Assert.assertTrue(Assert.java:42)
	at org.testng.Assert.assertTrue(Assert.java:52)
	at net.bigpoint.assessment.gasstation.implementation.StationImplTest.testBuyGasDepleted(StationImplTest.java:147)
</failure>
    <system-err>Jul 06, 2014 12:56:58 PM net.bigpoint.assessment.gasstation.implementation.StationImplTest testBuyGasDepleted
SEVERE: Not enough gas
Jul 06, 2014 12:56:58 PM net.bigpoint.assessment.gasstation.implementation.StationImplTest testBuyGasDepleted
SEVERE: Not enough gas
</system-err>
  </testcase>
  <testcase time="5.863" classname="net.bigpoint.assessment.gasstation.implementation.StationImplTest" name="testBuyGasDepleted">
    <failure message="expected [true] but found [false]" type="java.lang.AssertionError">java.lang.AssertionError: expected [true] but found [false]
	at org.testng.Assert.fail(Assert.java:94)
	at org.testng.Assert.failNotEquals(Assert.java:494)
	at org.testng.Assert.assertTrue(Assert.java:42)
	at org.testng.Assert.assertTrue(Assert.java:52)
	at net.bigpoint.assessment.gasstation.implementation.StationImplTest.testBuyGasDepleted(StationImplTest.java:147)
</failure>
    <system-err>Jul 06, 2014 12:56:58 PM net.bigpoint.assessment.gasstation.implementation.StationImplTest testBuyGasDepleted
SEVERE: Not enough gas
</system-err>
  </testcase>
  <testcase time="5.863" classname="net.bigpoint.assessment.gasstation.implementation.StationImplTest" name="testBuyGasDepleted">
    <failure message="expected [true] but found [false]" type="java.lang.AssertionError">java.lang.AssertionError: expected [true] but found [false]
	at org.testng.Assert.fail(Assert.java:94)
	at org.testng.Assert.failNotEquals(Assert.java:494)
	at org.testng.Assert.assertTrue(Assert.java:42)
	at org.testng.Assert.assertTrue(Assert.java:52)
	at net.bigpoint.assessment.gasstation.implementation.StationImplTest.testBuyGasDepleted(StationImplTest.java:147)
</failure>
  </testcase>
  <testcase time="5.863" classname="net.bigpoint.assessment.gasstation.implementation.StationImplTest" name="testBuyGasDepleted">
    <failure message="expected [true] but found [false]" type="java.lang.AssertionError">java.lang.AssertionError: expected [true] but found [false]
	at org.testng.Assert.fail(Assert.java:94)
	at org.testng.Assert.failNotEquals(Assert.java:494)
	at org.testng.Assert.assertTrue(Assert.java:42)
	at org.testng.Assert.assertTrue(Assert.java:52)
	at net.bigpoint.assessment.gasstation.implementation.StationImplTest.testBuyGasDepleted(StationImplTest.java:147)
</failure>
    <system-err>Jul 06, 2014 12:56:58 PM net.bigpoint.assessment.gasstation.implementation.StationImplTest testBuyGasDepleted
SEVERE: Not enough gas
</system-err>
  </testcase>
  <testcase time="5.864" classname="net.bigpoint.assessment.gasstation.implementation.StationImplTest" name="testBuyGasDepleted">
    <failure message="expected [true] but found [false]" type="java.lang.AssertionError">java.lang.AssertionError: expected [true] but found [false]
	at org.testng.Assert.fail(Assert.java:94)
	at org.testng.Assert.failNotEquals(Assert.java:494)
	at org.testng.Assert.assertTrue(Assert.java:42)
	at org.testng.Assert.assertTrue(Assert.java:52)
	at net.bigpoint.assessment.gasstation.implementation.StationImplTest.testBuyGasDepleted(StationImplTest.java:147)
</failure>
    <system-err>Jul 06, 2014 12:56:58 PM net.bigpoint.assessment.gasstation.implementation.StationImplTest testBuyGasDepleted
SEVERE: Not enough gas
</system-err>
  </testcase>
  <testcase time="5.864" classname="net.bigpoint.assessment.gasstation.implementation.StationImplTest" name="testBuyGasDepleted">
    <failure message="expected [true] but found [false]" type="java.lang.AssertionError">java.lang.AssertionError: expected [true] but found [false]
	at org.testng.Assert.fail(Assert.java:94)
	at org.testng.Assert.failNotEquals(Assert.java:494)
	at org.testng.Assert.assertTrue(Assert.java:42)
	at org.testng.Assert.assertTrue(Assert.java:52)
	at net.bigpoint.assessment.gasstation.implementation.StationImplTest.testBuyGasDepleted(StationImplTest.java:147)
</failure>
    <system-err>Jul 06, 2014 12:56:58 PM net.bigpoint.assessment.gasstation.implementation.StationImplTest testBuyGasDepleted
SEVERE: Not enough gas
</system-err>
  </testcase>
  <testcase time="5.865" classname="net.bigpoint.assessment.gasstation.implementation.StationImplTest" name="testBuyGasDepleted">
    <failure message="expected [true] but found [false]" type="java.lang.AssertionError">java.lang.AssertionError: expected [true] but found [false]
	at org.testng.Assert.fail(Assert.java:94)
	at org.testng.Assert.failNotEquals(Assert.java:494)
	at org.testng.Assert.assertTrue(Assert.java:42)
	at org.testng.Assert.assertTrue(Assert.java:52)
	at net.bigpoint.assessment.gasstation.implementation.StationImplTest.testBuyGasDepleted(StationImplTest.java:147)
</failure>
    <system-err>Jul 06, 2014 12:56:58 PM net.bigpoint.assessment.gasstation.implementation.StationImplTest testBuyGasDepleted
SEVERE: Not enough gas
</system-err>
  </testcase>
  <testcase time="5.865" classname="net.bigpoint.assessment.gasstation.implementation.StationImplTest" name="testBuyGasDepleted">
    <failure message="expected [true] but found [false]" type="java.lang.AssertionError">java.lang.AssertionError: expected [true] but found [false]
	at org.testng.Assert.fail(Assert.java:94)
	at org.testng.Assert.failNotEquals(Assert.java:494)
	at org.testng.Assert.assertTrue(Assert.java:42)
	at org.testng.Assert.assertTrue(Assert.java:52)
	at net.bigpoint.assessment.gasstation.implementation.StationImplTest.testBuyGasDepleted(StationImplTest.java:147)
</failure>
  </testcase>
  <testcase time="5.865" classname="net.bigpoint.assessment.gasstation.implementation.StationImplTest" name="testBuyGasDepleted">
    <failure message="expected [true] but found [false]" type="java.lang.AssertionError">java.lang.AssertionError: expected [true] but found [false]
	at org.testng.Assert.fail(Assert.java:94)
	at org.testng.Assert.failNotEquals(Assert.java:494)
	at org.testng.Assert.assertTrue(Assert.java:42)
	at org.testng.Assert.assertTrue(Assert.java:52)
	at net.bigpoint.assessment.gasstation.implementation.StationImplTest.testBuyGasDepleted(StationImplTest.java:147)
</failure>
    <system-err>Jul 06, 2014 12:56:58 PM net.bigpoint.assessment.gasstation.implementation.StationImplTest testBuyGasDepleted
SEVERE: Not enough gas
</system-err>
  </testcase>
  <testcase time="5.866" classname="net.bigpoint.assessment.gasstation.implementation.StationImplTest" name="testBuyGasDepleted">
    <failure message="expected [true] but found [false]" type="java.lang.AssertionError">java.lang.AssertionError: expected [true] but found [false]
	at org.testng.Assert.fail(Assert.java:94)
	at org.testng.Assert.failNotEquals(Assert.java:494)
	at org.testng.Assert.assertTrue(Assert.java:42)
	at org.testng.Assert.assertTrue(Assert.java:52)
	at net.bigpoint.assessment.gasstation.implementation.StationImplTest.testBuyGasDepleted(StationImplTest.java:147)
</failure>
    <system-err>Jul 06, 2014 12:56:58 PM net.bigpoint.assessment.gasstation.implementation.StationImplTest testBuyGasDepleted
SEVERE: Not enough gas
</system-err>
  </testcase>
  <testcase time="5.866" classname="net.bigpoint.assessment.gasstation.implementation.StationImplTest" name="testBuyGasDepleted">
    <failure message="expected [true] but found [false]" type="java.lang.AssertionError">java.lang.AssertionError: expected [true] but found [false]
	at org.testng.Assert.fail(Assert.java:94)
	at org.testng.Assert.failNotEquals(Assert.java:494)
	at org.testng.Assert.assertTrue(Assert.java:42)
	at org.testng.Assert.assertTrue(Assert.java:52)
	at net.bigpoint.assessment.gasstation.implementation.StationImplTest.testBuyGasDepleted(StationImplTest.java:147)
</failure>
  </testcase>
  <testcase time="5.866" classname="net.bigpoint.assessment.gasstation.implementation.StationImplTest" name="testBuyGasDepleted">
    <failure message="expected [true] but found [false]" type="java.lang.AssertionError">java.lang.AssertionError: expected [true] but found [false]
	at org.testng.Assert.fail(Assert.java:94)
	at org.testng.Assert.failNotEquals(Assert.java:494)
	at org.testng.Assert.assertTrue(Assert.java:42)
	at org.testng.Assert.assertTrue(Assert.java:52)
	at net.bigpoint.assessment.gasstation.implementation.StationImplTest.testBuyGasDepleted(StationImplTest.java:147)
</failure>
    <system-err>Jul 06, 2014 12:56:58 PM net.bigpoint.assessment.gasstation.implementation.StationImplTest testBuyGasDepleted
SEVERE: Not enough gas
Jul 06, 2014 12:56:58 PM net.bigpoint.assessment.gasstation.implementation.StationImplTest testBuyGasDepleted
SEVERE: Not enough gas
</system-err>
  </testcase>
  <testcase time="5.867" classname="net.bigpoint.assessment.gasstation.implementation.StationImplTest" name="testBuyGasDepleted">
    <failure message="expected [true] but found [false]" type="java.lang.AssertionError">java.lang.AssertionError: expected [true] but found [false]
	at org.testng.Assert.fail(Assert.java:94)
	at org.testng.Assert.failNotEquals(Assert.java:494)
	at org.testng.Assert.assertTrue(Assert.java:42)
	at org.testng.Assert.assertTrue(Assert.java:52)
	at net.bigpoint.assessment.gasstation.implementation.StationImplTest.testBuyGasDepleted(StationImplTest.java:147)
</failure>
    <system-err>Jul 06, 2014 12:56:58 PM net.bigpoint.assessment.gasstation.implementation.StationImplTest testBuyGasDepleted
SEVERE: Not enough gas
</system-err>
  </testcase>
  <testcase time="5.867" classname="net.bigpoint.assessment.gasstation.implementation.StationImplTest" name="testBuyGasDepleted">
    <failure message="expected [true] but found [false]" type="java.lang.AssertionError">java.lang.AssertionError: expected [true] but found [false]
	at org.testng.Assert.fail(Assert.java:94)
	at org.testng.Assert.failNotEquals(Assert.java:494)
	at org.testng.Assert.assertTrue(Assert.java:42)
	at org.testng.Assert.assertTrue(Assert.java:52)
	at net.bigpoint.assessment.gasstation.implementation.StationImplTest.testBuyGasDepleted(StationImplTest.java:147)
</failure>
  </testcase>
  <testcase time="5.867" classname="net.bigpoint.assessment.gasstation.implementation.StationImplTest" name="testBuyGasDepleted">
    <failure message="expected [true] but found [false]" type="java.lang.AssertionError">java.lang.AssertionError: expected [true] but found [false]
	at org.testng.Assert.fail(Assert.java:94)
	at org.testng.Assert.failNotEquals(Assert.java:494)
	at org.testng.Assert.assertTrue(Assert.java:42)
	at org.testng.Assert.assertTrue(Assert.java:52)
	at net.bigpoint.assessment.gasstation.implementation.StationImplTest.testBuyGasDepleted(StationImplTest.java:147)
</failure>
    <system-err>Jul 06, 2014 12:56:58 PM net.bigpoint.assessment.gasstation.implementation.StationImplTest testBuyGasDepleted
SEVERE: Not enough gas
</system-err>
  </testcase>
  <testcase time="5.867" classname="net.bigpoint.assessment.gasstation.implementation.StationImplTest" name="testBuyGasDepleted">
    <failure message="expected [true] but found [false]" type="java.lang.AssertionError">java.lang.AssertionError: expected [true] but found [false]
	at org.testng.Assert.fail(Assert.java:94)
	at org.testng.Assert.failNotEquals(Assert.java:494)
	at org.testng.Assert.assertTrue(Assert.java:42)
	at org.testng.Assert.assertTrue(Assert.java:52)
	at net.bigpoint.assessment.gasstation.implementation.StationImplTest.testBuyGasDepleted(StationImplTest.java:147)
</failure>
  </testcase>
  <testcase time="5.868" classname="net.bigpoint.assessment.gasstation.implementation.StationImplTest" name="testBuyGasDepleted">
    <failure message="expected [true] but found [false]" type="java.lang.AssertionError">java.lang.AssertionError: expected [true] but found [false]
	at org.testng.Assert.fail(Assert.java:94)
	at org.testng.Assert.failNotEquals(Assert.java:494)
	at org.testng.Assert.assertTrue(Assert.java:42)
	at org.testng.Assert.assertTrue(Assert.java:52)
	at net.bigpoint.assessment.gasstation.implementation.StationImplTest.testBuyGasDepleted(StationImplTest.java:147)
</failure>
    <system-err>Jul 06, 2014 12:56:58 PM net.bigpoint.assessment.gasstation.implementation.StationImplTest testBuyGasDepleted
SEVERE: Not enough gas
Jul 06, 2014 12:56:58 PM net.bigpoint.assessment.gasstation.implementation.StationImplTest testBuyGasDepleted
SEVERE: Not enough gas
</system-err>
  </testcase>
  <testcase time="5.868" classname="net.bigpoint.assessment.gasstation.implementation.StationImplTest" name="testBuyGasDepleted">
    <failure message="expected [true] but found [false]" type="java.lang.AssertionError">java.lang.AssertionError: expected [true] but found [false]
	at org.testng.Assert.fail(Assert.java:94)
	at org.testng.Assert.failNotEquals(Assert.java:494)
	at org.testng.Assert.assertTrue(Assert.java:42)
	at org.testng.Assert.assertTrue(Assert.java:52)
	at net.bigpoint.assessment.gasstation.implementation.StationImplTest.testBuyGasDepleted(StationImplTest.java:147)
</failure>
  </testcase>
  <testcase time="5.868" classname="net.bigpoint.assessment.gasstation.implementation.StationImplTest" name="testBuyGasDepleted">
    <failure message="expected [true] but found [false]" type="java.lang.AssertionError">java.lang.AssertionError: expected [true] but found [false]
	at org.testng.Assert.fail(Assert.java:94)
	at org.testng.Assert.failNotEquals(Assert.java:494)
	at org.testng.Assert.assertTrue(Assert.java:42)
	at org.testng.Assert.assertTrue(Assert.java:52)
	at net.bigpoint.assessment.gasstation.implementation.StationImplTest.testBuyGasDepleted(StationImplTest.java:147)
</failure>
    <system-err>Jul 06, 2014 12:56:58 PM net.bigpoint.assessment.gasstation.implementation.StationImplTest testBuyGasDepleted
SEVERE: Not enough gas
</system-err>
  </testcase>
  <testcase time="5.869" classname="net.bigpoint.assessment.gasstation.implementation.StationImplTest" name="testBuyGasDepleted">
    <failure message="expected [true] but found [false]" type="java.lang.AssertionError">java.lang.AssertionError: expected [true] but found [false]
	at org.testng.Assert.fail(Assert.java:94)
	at org.testng.Assert.failNotEquals(Assert.java:494)
	at org.testng.Assert.assertTrue(Assert.java:42)
	at org.testng.Assert.assertTrue(Assert.java:52)
	at net.bigpoint.assessment.gasstation.implementation.StationImplTest.testBuyGasDepleted(StationImplTest.java:147)
</failure>
    <system-err>Jul 06, 2014 12:56:58 PM net.bigpoint.assessment.gasstation.implementation.StationImplTest testBuyGasDepleted
SEVERE: Not enough gas
</system-err>
  </testcase>
  <testcase time="5.869" classname="net.bigpoint.assessment.gasstation.implementation.StationImplTest" name="testBuyGasDepleted">
    <failure message="expected [true] but found [false]" type="java.lang.AssertionError">java.lang.AssertionError: expected [true] but found [false]
	at org.testng.Assert.fail(Assert.java:94)
	at org.testng.Assert.failNotEquals(Assert.java:494)
	at org.testng.Assert.assertTrue(Assert.java:42)
	at org.testng.Assert.assertTrue(Assert.java:52)
	at net.bigpoint.assessment.gasstation.implementation.StationImplTest.testBuyGasDepleted(StationImplTest.java:147)
</failure>
  </testcase>
  <testcase time="5.869" classname="net.bigpoint.assessment.gasstation.implementation.StationImplTest" name="testBuyGasDepleted">
    <failure message="expected [true] but found [false]" type="java.lang.AssertionError">java.lang.AssertionError: expected [true] but found [false]
	at org.testng.Assert.fail(Assert.java:94)
	at org.testng.Assert.failNotEquals(Assert.java:494)
	at org.testng.Assert.assertTrue(Assert.java:42)
	at org.testng.Assert.assertTrue(Assert.java:52)
	at net.bigpoint.assessment.gasstation.implementation.StationImplTest.testBuyGasDepleted(StationImplTest.java:147)
</failure>
    <system-err>Jul 06, 2014 12:56:58 PM net.bigpoint.assessment.gasstation.implementation.StationImplTest testBuyGasDepleted
SEVERE: Not enough gas
</system-err>
  </testcase>
  <testcase time="5.869" classname="net.bigpoint.assessment.gasstation.implementation.StationImplTest" name="testBuyGasDepleted">
    <failure message="expected [true] but found [false]" type="java.lang.AssertionError">java.lang.AssertionError: expected [true] but found [false]
	at org.testng.Assert.fail(Assert.java:94)
	at org.testng.Assert.failNotEquals(Assert.java:494)
	at org.testng.Assert.assertTrue(Assert.java:42)
	at org.testng.Assert.assertTrue(Assert.java:52)
	at net.bigpoint.assessment.gasstation.implementation.StationImplTest.testBuyGasDepleted(StationImplTest.java:147)
</failure>
  </testcase>
  <testcase time="5.87" classname="net.bigpoint.assessment.gasstation.implementation.StationImplTest" name="testBuyGasDepleted">
    <failure message="expected [true] but found [false]" type="java.lang.AssertionError">java.lang.AssertionError: expected [true] but found [false]
	at org.testng.Assert.fail(Assert.java:94)
	at org.testng.Assert.failNotEquals(Assert.java:494)
	at org.testng.Assert.assertTrue(Assert.java:42)
	at org.testng.Assert.assertTrue(Assert.java:52)
	at net.bigpoint.assessment.gasstation.implementation.StationImplTest.testBuyGasDepleted(StationImplTest.java:147)
</failure>
    <system-err>Jul 06, 2014 12:56:58 PM net.bigpoint.assessment.gasstation.implementation.StationImplTest testBuyGasDepleted
SEVERE: Not enough gas
</system-err>
  </testcase>
  <testcase time="5.87" classname="net.bigpoint.assessment.gasstation.implementation.StationImplTest" name="testBuyGasDepleted">
    <failure message="expected [true] but found [false]" type="java.lang.AssertionError">java.lang.AssertionError: expected [true] but found [false]
	at org.testng.Assert.fail(Assert.java:94)
	at org.testng.Assert.failNotEquals(Assert.java:494)
	at org.testng.Assert.assertTrue(Assert.java:42)
	at org.testng.Assert.assertTrue(Assert.java:52)
	at net.bigpoint.assessment.gasstation.implementation.StationImplTest.testBuyGasDepleted(StationImplTest.java:147)
</failure>
  </testcase>
  <testcase time="5.87" classname="net.bigpoint.assessment.gasstation.implementation.StationImplTest" name="testBuyGasDepleted">
    <failure message="expected [true] but found [false]" type="java.lang.AssertionError">java.lang.AssertionError: expected [true] but found [false]
	at org.testng.Assert.fail(Assert.java:94)
	at org.testng.Assert.failNotEquals(Assert.java:494)
	at org.testng.Assert.assertTrue(Assert.java:42)
	at org.testng.Assert.assertTrue(Assert.java:52)
	at net.bigpoint.assessment.gasstation.implementation.StationImplTest.testBuyGasDepleted(StationImplTest.java:147)
</failure>
  </testcase>
  <testcase time="5.87" classname="net.bigpoint.assessment.gasstation.implementation.StationImplTest" name="testBuyGasDepleted">
    <failure message="expected [true] but found [false]" type="java.lang.AssertionError">java.lang.AssertionError: expected [true] but found [false]
	at org.testng.Assert.fail(Assert.java:94)
	at org.testng.Assert.failNotEquals(Assert.java:494)
	at org.testng.Assert.assertTrue(Assert.java:42)
	at org.testng.Assert.assertTrue(Assert.java:52)
	at net.bigpoint.assessment.gasstation.implementation.StationImplTest.testBuyGasDepleted(StationImplTest.java:147)
</failure>
    <system-err>Jul 06, 2014 12:56:58 PM net.bigpoint.assessment.gasstation.implementation.StationImplTest testBuyGasDepleted
SEVERE: Not enough gas
</system-err>
  </testcase>
  <testcase time="5.871" classname="net.bigpoint.assessment.gasstation.implementation.StationImplTest" name="testBuyGasDepleted">
    <failure message="expected [true] but found [false]" type="java.lang.AssertionError">java.lang.AssertionError: expected [true] but found [false]
	at org.testng.Assert.fail(Assert.java:94)
	at org.testng.Assert.failNotEquals(Assert.java:494)
	at org.testng.Assert.assertTrue(Assert.java:42)
	at org.testng.Assert.assertTrue(Assert.java:52)
	at net.bigpoint.assessment.gasstation.implementation.StationImplTest.testBuyGasDepleted(StationImplTest.java:147)
</failure>
    <system-err>Jul 06, 2014 12:56:58 PM net.bigpoint.assessment.gasstation.implementation.StationImplTest testBuyGasDepleted
SEVERE: Not enough gas
</system-err>
  </testcase>
  <testcase time="5.871" classname="net.bigpoint.assessment.gasstation.implementation.StationImplTest" name="testBuyGasDepleted">
    <failure message="expected [true] but found [false]" type="java.lang.AssertionError">java.lang.AssertionError: expected [true] but found [false]
	at org.testng.Assert.fail(Assert.java:94)
	at org.testng.Assert.failNotEquals(Assert.java:494)
	at org.testng.Assert.assertTrue(Assert.java:42)
	at org.testng.Assert.assertTrue(Assert.java:52)
	at net.bigpoint.assessment.gasstation.implementation.StationImplTest.testBuyGasDepleted(StationImplTest.java:147)
</failure>
  </testcase>
  <testcase time="0.002" classname="net.bigpoint.assessment.gasstation.implementation.StationImplTest" name="testNoGasException"/>
  <testcase time="0.049" classname="net.bigpoint.assessment.gasstation.implementation.StationImplTest" name="testTooExpensiveException"/>
</testsuite>